<?xml version="1.0" encoding="utf-8"?>
<report xmlns:xsi="http://www.w3.org/2001/XMLSchema-instance" xmlns:xsd="http://www.w3.org/2001/XMLSchema" xmlns="http://www.gallio.org/">
  <testPackage shadowCopy="false" debug="false">
    <files>
      <file>C:\Git\arcgis-exporter-extension\GPX.Server.Extension.Tests\bin\Debug\GPX.Server.Extension.Tests.dll</file>
    </files>
    <hintDirectories />
    <excludedFrameworkIds />
    <properties />
  </testPackage>
  <testModel>
    <test id="c2722843734a7a54" name="Root" fullName="" isTestCase="false">
      <codeReference />
      <codeLocation />
      <metadata>
        <entry key="TestKind">
          <value>Root</value>
        </entry>
      </metadata>
      <children>
        <test id="6dc504354be92436" name="GPX.Server.Extension.Tests" fullName="GPX.Server.Extension.Tests" isTestCase="false">
          <codeReference assembly="GPX.Server.Extension.Tests, Version=1.0.0.0, Culture=neutral, PublicKeyToken=null" />
          <codeLocation path="C:\Git\arcgis-exporter-extension\GPX.Server.Extension.Tests\bin\Debug\GPX.Server.Extension.Tests.DLL" />
          <metadata>
            <entry key="TestKind">
              <value>MbUnit v3 Assembly</value>
            </entry>
            <entry key="File">
              <value>C:\Git\arcgis-exporter-extension\GPX.Server.Extension.Tests\bin\Debug\GPX.Server.Extension.Tests.DLL</value>
            </entry>
            <entry key="CodeBase">
              <value>C:\Git\arcgis-exporter-extension\GPX.Server.Extension.Tests\bin\Debug\GPX.Server.Extension.Tests.DLL</value>
            </entry>
            <entry key="Company">
              <value>Geoplex</value>
            </entry>
            <entry key="Copyright">
              <value>Copyright Â© geoplex 2011</value>
            </entry>
            <entry key="FileVersion">
              <value>1.0.0.0</value>
            </entry>
            <entry key="Product">
              <value>GPX.Server.Extension.Tests</value>
            </entry>
            <entry key="Title">
              <value>GPX.Server.Extension.Tests</value>
            </entry>
            <entry key="Version">
              <value>1.0.0.0</value>
            </entry>
            <entry key="Framework">
              <value>MbUnit v3.3 build 454</value>
            </entry>
          </metadata>
          <children>
            <test id="260460c3946ccce2" name="MockServerTest" fullName="GPX.Server.Extension.Tests/MockServerTest" isTestCase="false">
              <codeReference assembly="GPX.Server.Extension.Tests, Version=1.0.0.0, Culture=neutral, PublicKeyToken=null" namespace="GPX.Server.Extension.Tests" type="GPX.Server.Extension.Tests.MockServerTest" />
              <codeLocation path="C:\Git\arcgis-exporter-extension\GPX.Server.Extension.Tests\MockServerTest.cs" />
              <metadata>
                <entry key="TestKind">
                  <value>Fixture</value>
                </entry>
              </metadata>
              <children>
                <test id="f502cd2677cbc474" name="ExportLayerResourceRequest" fullName="GPX.Server.Extension.Tests/MockServerTest/ExportLayerResourceRequest" isTestCase="true">
                  <codeReference assembly="GPX.Server.Extension.Tests, Version=1.0.0.0, Culture=neutral, PublicKeyToken=null" namespace="GPX.Server.Extension.Tests" type="GPX.Server.Extension.Tests.MockServerTest" member="ExportLayerResourceRequest" />
                  <codeLocation path="C:\Git\arcgis-exporter-extension\GPX.Server.Extension.Tests\MockServerTest.cs" line="54" />
                  <metadata>
                    <entry key="TestKind">
                      <value>Test</value>
                    </entry>
                  </metadata>
                  <children />
                  <parameters>
                    <parameter id="f502cd2677cbc474@capabilities" name="capabilities">
                      <codeReference assembly="GPX.Server.Extension.Tests, Version=1.0.0.0, Culture=neutral, PublicKeyToken=null" namespace="GPX.Server.Extension.Tests" type="GPX.Server.Extension.Tests.MockServerTest" member="ExportLayerResourceRequest" parameter="capabilities" />
                      <codeLocation />
                      <metadata />
                    </parameter>
                    <parameter id="f502cd2677cbc474@resourceName" name="resourceName">
                      <codeReference assembly="GPX.Server.Extension.Tests, Version=1.0.0.0, Culture=neutral, PublicKeyToken=null" namespace="GPX.Server.Extension.Tests" type="GPX.Server.Extension.Tests.MockServerTest" member="ExportLayerResourceRequest" parameter="resourceName" />
                      <codeLocation />
                      <metadata />
                    </parameter>
                    <parameter id="f502cd2677cbc474@operationName" name="operationName">
                      <codeReference assembly="GPX.Server.Extension.Tests, Version=1.0.0.0, Culture=neutral, PublicKeyToken=null" namespace="GPX.Server.Extension.Tests" type="GPX.Server.Extension.Tests.MockServerTest" member="ExportLayerResourceRequest" parameter="operationName" />
                      <codeLocation />
                      <metadata />
                    </parameter>
                    <parameter id="f502cd2677cbc474@operationInput" name="operationInput">
                      <codeReference assembly="GPX.Server.Extension.Tests, Version=1.0.0.0, Culture=neutral, PublicKeyToken=null" namespace="GPX.Server.Extension.Tests" type="GPX.Server.Extension.Tests.MockServerTest" member="ExportLayerResourceRequest" parameter="operationInput" />
                      <codeLocation />
                      <metadata />
                    </parameter>
                    <parameter id="f502cd2677cbc474@outputFormat" name="outputFormat">
                      <codeReference assembly="GPX.Server.Extension.Tests, Version=1.0.0.0, Culture=neutral, PublicKeyToken=null" namespace="GPX.Server.Extension.Tests" type="GPX.Server.Extension.Tests.MockServerTest" member="ExportLayerResourceRequest" parameter="outputFormat" />
                      <codeLocation />
                      <metadata />
                    </parameter>
                    <parameter id="f502cd2677cbc474@requestProperties" name="requestProperties">
                      <codeReference assembly="GPX.Server.Extension.Tests, Version=1.0.0.0, Culture=neutral, PublicKeyToken=null" namespace="GPX.Server.Extension.Tests" type="GPX.Server.Extension.Tests.MockServerTest" member="ExportLayerResourceRequest" parameter="requestProperties" />
                      <codeLocation />
                      <metadata />
                    </parameter>
                    <parameter id="f502cd2677cbc474@expectedResult" name="expectedResult">
                      <codeReference assembly="GPX.Server.Extension.Tests, Version=1.0.0.0, Culture=neutral, PublicKeyToken=null" namespace="GPX.Server.Extension.Tests" type="GPX.Server.Extension.Tests.MockServerTest" member="ExportLayerResourceRequest" parameter="expectedResult" />
                      <codeLocation />
                      <metadata />
                    </parameter>
                  </parameters>
                </test>
                <test id="3321bbe20b4d2ea" name="ExportGeoRSS_AtomFormat_Layer" fullName="GPX.Server.Extension.Tests/MockServerTest/ExportGeoRSS_AtomFormat_Layer" isTestCase="true">
                  <codeReference assembly="GPX.Server.Extension.Tests, Version=1.0.0.0, Culture=neutral, PublicKeyToken=null" namespace="GPX.Server.Extension.Tests" type="GPX.Server.Extension.Tests.MockServerTest" member="ExportGeoRSS_AtomFormat_Layer" />
                  <codeLocation path="C:\Git\arcgis-exporter-extension\GPX.Server.Extension.Tests\MockServerTest.cs" line="152" />
                  <metadata>
                    <entry key="TestKind">
                      <value>Test</value>
                    </entry>
                  </metadata>
                  <children />
                  <parameters>
                    <parameter id="3321bbe20b4d2ea@capabilities" name="capabilities">
                      <codeReference assembly="GPX.Server.Extension.Tests, Version=1.0.0.0, Culture=neutral, PublicKeyToken=null" namespace="GPX.Server.Extension.Tests" type="GPX.Server.Extension.Tests.MockServerTest" member="ExportGeoRSS_AtomFormat_Layer" parameter="capabilities" />
                      <codeLocation />
                      <metadata />
                    </parameter>
                    <parameter id="3321bbe20b4d2ea@resourceName" name="resourceName">
                      <codeReference assembly="GPX.Server.Extension.Tests, Version=1.0.0.0, Culture=neutral, PublicKeyToken=null" namespace="GPX.Server.Extension.Tests" type="GPX.Server.Extension.Tests.MockServerTest" member="ExportGeoRSS_AtomFormat_Layer" parameter="resourceName" />
                      <codeLocation />
                      <metadata />
                    </parameter>
                    <parameter id="3321bbe20b4d2ea@operationName" name="operationName">
                      <codeReference assembly="GPX.Server.Extension.Tests, Version=1.0.0.0, Culture=neutral, PublicKeyToken=null" namespace="GPX.Server.Extension.Tests" type="GPX.Server.Extension.Tests.MockServerTest" member="ExportGeoRSS_AtomFormat_Layer" parameter="operationName" />
                      <codeLocation />
                      <metadata />
                    </parameter>
                    <parameter id="3321bbe20b4d2ea@operationInput" name="operationInput">
                      <codeReference assembly="GPX.Server.Extension.Tests, Version=1.0.0.0, Culture=neutral, PublicKeyToken=null" namespace="GPX.Server.Extension.Tests" type="GPX.Server.Extension.Tests.MockServerTest" member="ExportGeoRSS_AtomFormat_Layer" parameter="operationInput" />
                      <codeLocation />
                      <metadata />
                    </parameter>
                    <parameter id="3321bbe20b4d2ea@outputFormat" name="outputFormat">
                      <codeReference assembly="GPX.Server.Extension.Tests, Version=1.0.0.0, Culture=neutral, PublicKeyToken=null" namespace="GPX.Server.Extension.Tests" type="GPX.Server.Extension.Tests.MockServerTest" member="ExportGeoRSS_AtomFormat_Layer" parameter="outputFormat" />
                      <codeLocation />
                      <metadata />
                    </parameter>
                    <parameter id="3321bbe20b4d2ea@requestProperties" name="requestProperties">
                      <codeReference assembly="GPX.Server.Extension.Tests, Version=1.0.0.0, Culture=neutral, PublicKeyToken=null" namespace="GPX.Server.Extension.Tests" type="GPX.Server.Extension.Tests.MockServerTest" member="ExportGeoRSS_AtomFormat_Layer" parameter="requestProperties" />
                      <codeLocation />
                      <metadata />
                    </parameter>
                    <parameter id="3321bbe20b4d2ea@expectedResult" name="expectedResult">
                      <codeReference assembly="GPX.Server.Extension.Tests, Version=1.0.0.0, Culture=neutral, PublicKeyToken=null" namespace="GPX.Server.Extension.Tests" type="GPX.Server.Extension.Tests.MockServerTest" member="ExportGeoRSS_AtomFormat_Layer" parameter="expectedResult" />
                      <codeLocation />
                      <metadata />
                    </parameter>
                    <parameter id="3321bbe20b4d2ea@nameSpace" name="nameSpace">
                      <codeReference assembly="GPX.Server.Extension.Tests, Version=1.0.0.0, Culture=neutral, PublicKeyToken=null" namespace="GPX.Server.Extension.Tests" type="GPX.Server.Extension.Tests.MockServerTest" member="ExportGeoRSS_AtomFormat_Layer" parameter="nameSpace" />
                      <codeLocation />
                      <metadata />
                    </parameter>
                    <parameter id="3321bbe20b4d2ea@itemElementName" name="itemElementName">
                      <codeReference assembly="GPX.Server.Extension.Tests, Version=1.0.0.0, Culture=neutral, PublicKeyToken=null" namespace="GPX.Server.Extension.Tests" type="GPX.Server.Extension.Tests.MockServerTest" member="ExportGeoRSS_AtomFormat_Layer" parameter="itemElementName" />
                      <codeLocation />
                      <metadata />
                    </parameter>
                  </parameters>
                </test>
                <test id="26ca2edc4106b260" name="ExportGeoJson" fullName="GPX.Server.Extension.Tests/MockServerTest/ExportGeoJson" isTestCase="true">
                  <codeReference assembly="GPX.Server.Extension.Tests, Version=1.0.0.0, Culture=neutral, PublicKeyToken=null" namespace="GPX.Server.Extension.Tests" type="GPX.Server.Extension.Tests.MockServerTest" member="ExportGeoJson" />
                  <codeLocation path="C:\Git\arcgis-exporter-extension\GPX.Server.Extension.Tests\MockServerTest.cs" line="255" />
                  <metadata>
                    <entry key="TestKind">
                      <value>Test</value>
                    </entry>
                  </metadata>
                  <children />
                  <parameters>
                    <parameter id="26ca2edc4106b260@capabilities" name="capabilities">
                      <codeReference assembly="GPX.Server.Extension.Tests, Version=1.0.0.0, Culture=neutral, PublicKeyToken=null" namespace="GPX.Server.Extension.Tests" type="GPX.Server.Extension.Tests.MockServerTest" member="ExportGeoJson" parameter="capabilities" />
                      <codeLocation />
                      <metadata />
                    </parameter>
                    <parameter id="26ca2edc4106b260@resourceName" name="resourceName">
                      <codeReference assembly="GPX.Server.Extension.Tests, Version=1.0.0.0, Culture=neutral, PublicKeyToken=null" namespace="GPX.Server.Extension.Tests" type="GPX.Server.Extension.Tests.MockServerTest" member="ExportGeoJson" parameter="resourceName" />
                      <codeLocation />
                      <metadata />
                    </parameter>
                    <parameter id="26ca2edc4106b260@operationName" name="operationName">
                      <codeReference assembly="GPX.Server.Extension.Tests, Version=1.0.0.0, Culture=neutral, PublicKeyToken=null" namespace="GPX.Server.Extension.Tests" type="GPX.Server.Extension.Tests.MockServerTest" member="ExportGeoJson" parameter="operationName" />
                      <codeLocation />
                      <metadata />
                    </parameter>
                    <parameter id="26ca2edc4106b260@operationInput" name="operationInput">
                      <codeReference assembly="GPX.Server.Extension.Tests, Version=1.0.0.0, Culture=neutral, PublicKeyToken=null" namespace="GPX.Server.Extension.Tests" type="GPX.Server.Extension.Tests.MockServerTest" member="ExportGeoJson" parameter="operationInput" />
                      <codeLocation />
                      <metadata />
                    </parameter>
                    <parameter id="26ca2edc4106b260@outputFormat" name="outputFormat">
                      <codeReference assembly="GPX.Server.Extension.Tests, Version=1.0.0.0, Culture=neutral, PublicKeyToken=null" namespace="GPX.Server.Extension.Tests" type="GPX.Server.Extension.Tests.MockServerTest" member="ExportGeoJson" parameter="outputFormat" />
                      <codeLocation />
                      <metadata />
                    </parameter>
                    <parameter id="26ca2edc4106b260@requestProperties" name="requestProperties">
                      <codeReference assembly="GPX.Server.Extension.Tests, Version=1.0.0.0, Culture=neutral, PublicKeyToken=null" namespace="GPX.Server.Extension.Tests" type="GPX.Server.Extension.Tests.MockServerTest" member="ExportGeoJson" parameter="requestProperties" />
                      <codeLocation />
                      <metadata />
                    </parameter>
                  </parameters>
                </test>
                <test id="3329aded5f51c3be" name="ExportGeoRSS_RSSFormat_Layer" fullName="GPX.Server.Extension.Tests/MockServerTest/ExportGeoRSS_RSSFormat_Layer" isTestCase="true">
                  <codeReference assembly="GPX.Server.Extension.Tests, Version=1.0.0.0, Culture=neutral, PublicKeyToken=null" namespace="GPX.Server.Extension.Tests" type="GPX.Server.Extension.Tests.MockServerTest" member="ExportGeoRSS_RSSFormat_Layer" />
                  <codeLocation path="C:\Git\arcgis-exporter-extension\GPX.Server.Extension.Tests\MockServerTest.cs" line="230" />
                  <metadata>
                    <entry key="TestKind">
                      <value>Test</value>
                    </entry>
                  </metadata>
                  <children />
                  <parameters>
                    <parameter id="3329aded5f51c3be@capabilities" name="capabilities">
                      <codeReference assembly="GPX.Server.Extension.Tests, Version=1.0.0.0, Culture=neutral, PublicKeyToken=null" namespace="GPX.Server.Extension.Tests" type="GPX.Server.Extension.Tests.MockServerTest" member="ExportGeoRSS_RSSFormat_Layer" parameter="capabilities" />
                      <codeLocation />
                      <metadata />
                    </parameter>
                    <parameter id="3329aded5f51c3be@resourceName" name="resourceName">
                      <codeReference assembly="GPX.Server.Extension.Tests, Version=1.0.0.0, Culture=neutral, PublicKeyToken=null" namespace="GPX.Server.Extension.Tests" type="GPX.Server.Extension.Tests.MockServerTest" member="ExportGeoRSS_RSSFormat_Layer" parameter="resourceName" />
                      <codeLocation />
                      <metadata />
                    </parameter>
                    <parameter id="3329aded5f51c3be@operationName" name="operationName">
                      <codeReference assembly="GPX.Server.Extension.Tests, Version=1.0.0.0, Culture=neutral, PublicKeyToken=null" namespace="GPX.Server.Extension.Tests" type="GPX.Server.Extension.Tests.MockServerTest" member="ExportGeoRSS_RSSFormat_Layer" parameter="operationName" />
                      <codeLocation />
                      <metadata />
                    </parameter>
                    <parameter id="3329aded5f51c3be@operationInput" name="operationInput">
                      <codeReference assembly="GPX.Server.Extension.Tests, Version=1.0.0.0, Culture=neutral, PublicKeyToken=null" namespace="GPX.Server.Extension.Tests" type="GPX.Server.Extension.Tests.MockServerTest" member="ExportGeoRSS_RSSFormat_Layer" parameter="operationInput" />
                      <codeLocation />
                      <metadata />
                    </parameter>
                    <parameter id="3329aded5f51c3be@outputFormat" name="outputFormat">
                      <codeReference assembly="GPX.Server.Extension.Tests, Version=1.0.0.0, Culture=neutral, PublicKeyToken=null" namespace="GPX.Server.Extension.Tests" type="GPX.Server.Extension.Tests.MockServerTest" member="ExportGeoRSS_RSSFormat_Layer" parameter="outputFormat" />
                      <codeLocation />
                      <metadata />
                    </parameter>
                    <parameter id="3329aded5f51c3be@requestProperties" name="requestProperties">
                      <codeReference assembly="GPX.Server.Extension.Tests, Version=1.0.0.0, Culture=neutral, PublicKeyToken=null" namespace="GPX.Server.Extension.Tests" type="GPX.Server.Extension.Tests.MockServerTest" member="ExportGeoRSS_RSSFormat_Layer" parameter="requestProperties" />
                      <codeLocation />
                      <metadata />
                    </parameter>
                    <parameter id="3329aded5f51c3be@expectedResult" name="expectedResult">
                      <codeReference assembly="GPX.Server.Extension.Tests, Version=1.0.0.0, Culture=neutral, PublicKeyToken=null" namespace="GPX.Server.Extension.Tests" type="GPX.Server.Extension.Tests.MockServerTest" member="ExportGeoRSS_RSSFormat_Layer" parameter="expectedResult" />
                      <codeLocation />
                      <metadata />
                    </parameter>
                    <parameter id="3329aded5f51c3be@itemElementName" name="itemElementName">
                      <codeReference assembly="GPX.Server.Extension.Tests, Version=1.0.0.0, Culture=neutral, PublicKeyToken=null" namespace="GPX.Server.Extension.Tests" type="GPX.Server.Extension.Tests.MockServerTest" member="ExportGeoRSS_RSSFormat_Layer" parameter="itemElementName" />
                      <codeLocation />
                      <metadata />
                    </parameter>
                  </parameters>
                </test>
              </children>
              <parameters />
            </test>
          </children>
          <parameters />
        </test>
      </children>
      <parameters />
    </test>
    <annotations />
  </testModel>
  <testPackageRun startTime="2012-05-01T21:56:44.6846032+10:00" endTime="2012-05-01T21:56:49.9922352+10:00">
    <testStepRun startTime="2012-05-01T21:56:46.5172384+10:00" endTime="2012-05-01T21:56:49.9922352+10:00">
      <testStep id="b11f187b6cd0c699" name="Root" fullName="" testId="c2722843734a7a54" isPrimary="true" isTestCase="false" isDynamic="false">
        <codeReference />
        <codeLocation />
        <metadata>
          <entry key="TestKind">
            <value>Root</value>
          </entry>
        </metadata>
      </testStep>
      <children>
        <testStepRun startTime="2012-05-01T21:56:46.5773248+10:00" endTime="2012-05-01T21:56:49.4013856+10:00">
          <testStep id="8111a803fa350374" name="GPX.Server.Extension.Tests" fullName="GPX.Server.Extension.Tests" testId="6dc504354be92436" isPrimary="true" isTestCase="false" isDynamic="false">
            <codeReference assembly="GPX.Server.Extension.Tests, Version=1.0.0.0, Culture=neutral, PublicKeyToken=null" />
            <codeLocation path="C:\Git\arcgis-exporter-extension\GPX.Server.Extension.Tests\bin\Debug\GPX.Server.Extension.Tests.DLL" />
            <metadata>
              <entry key="TestKind">
                <value>MbUnit v3 Assembly</value>
              </entry>
              <entry key="File">
                <value>C:\Git\arcgis-exporter-extension\GPX.Server.Extension.Tests\bin\Debug\GPX.Server.Extension.Tests.DLL</value>
              </entry>
              <entry key="CodeBase">
                <value>C:\Git\arcgis-exporter-extension\GPX.Server.Extension.Tests\bin\Debug\GPX.Server.Extension.Tests.DLL</value>
              </entry>
              <entry key="Company">
                <value>Geoplex</value>
              </entry>
              <entry key="Copyright">
                <value>Copyright Â© geoplex 2011</value>
              </entry>
              <entry key="FileVersion">
                <value>1.0.0.0</value>
              </entry>
              <entry key="Product">
                <value>GPX.Server.Extension.Tests</value>
              </entry>
              <entry key="Title">
                <value>GPX.Server.Extension.Tests</value>
              </entry>
              <entry key="Version">
                <value>1.0.0.0</value>
              </entry>
              <entry key="Framework">
                <value>MbUnit v3.3 build 454</value>
              </entry>
            </metadata>
          </testStep>
          <children>
            <testStepRun startTime="2012-05-01T21:56:46.5773248+10:00" endTime="2012-05-01T21:56:49.3913712+10:00">
              <testStep id="b3126e15b3366067" name="MockServerTest" fullName="GPX.Server.Extension.Tests/MockServerTest" testId="260460c3946ccce2" isPrimary="true" isTestCase="false" isDynamic="false">
                <codeReference assembly="GPX.Server.Extension.Tests, Version=1.0.0.0, Culture=neutral, PublicKeyToken=null" namespace="GPX.Server.Extension.Tests" type="GPX.Server.Extension.Tests.MockServerTest" />
                <codeLocation path="C:\Git\arcgis-exporter-extension\GPX.Server.Extension.Tests\MockServerTest.cs" />
                <metadata>
                  <entry key="TestKind">
                    <value>Fixture</value>
                  </entry>
                </metadata>
              </testStep>
              <children>
                <testStepRun startTime="2012-05-01T21:56:46.5973536+10:00" endTime="2012-05-01T21:56:49.3913712+10:00">
                  <testStep id="4543ed6390774d28" name="ExportGeoJson" fullName="GPX.Server.Extension.Tests/MockServerTest/ExportGeoJson" testId="26ca2edc4106b260" isPrimary="true" isTestCase="false" isDynamic="false">
                    <codeReference assembly="GPX.Server.Extension.Tests, Version=1.0.0.0, Culture=neutral, PublicKeyToken=null" namespace="GPX.Server.Extension.Tests" type="GPX.Server.Extension.Tests.MockServerTest" member="ExportGeoJson" />
                    <codeLocation path="C:\Git\arcgis-exporter-extension\GPX.Server.Extension.Tests\MockServerTest.cs" line="255" />
                    <metadata>
                      <entry key="TestKind">
                        <value>Test</value>
                      </entry>
                    </metadata>
                  </testStep>
                  <children>
                    <testStepRun startTime="2012-05-01T21:56:46.6273968+10:00" endTime="2012-05-01T21:56:49.3813568+10:00">
                      <testStep id="b6e0d8809f688b10" name="ExportGeoJson(&quot;&quot;, &quot;ExportLayers/2&quot;, &quot;ExportLayer&quot;, &quot;{\&quot;filterGeometry\&quot;:null,\&quot;geometryType\&quot;:null,\&quot;where\&quot;:null,\&quot;exportProperties\&quot;:{\&quot;GeometryField\&quot;: \&quot;Shape\&quot;}}&quot;, &quot;geojson&quot;, &quot;{}&quot;)" fullName="GPX.Server.Extension.Tests/MockServerTest/ExportGeoJson/ExportGeoJson(&quot;&quot;, &quot;ExportLayers/2&quot;, &quot;ExportLayer&quot;, &quot;{\&quot;filterGeometry\&quot;:null,\&quot;geometryType\&quot;:null,\&quot;where\&quot;:null,\&quot;exportProperties\&quot;:{\&quot;GeometryField\&quot;: \&quot;Shape\&quot;}}&quot;, &quot;geojson&quot;, &quot;{}&quot;)" testId="26ca2edc4106b260" isPrimary="false" isTestCase="true" isDynamic="false">
                        <codeReference assembly="GPX.Server.Extension.Tests, Version=1.0.0.0, Culture=neutral, PublicKeyToken=null" namespace="GPX.Server.Extension.Tests" type="GPX.Server.Extension.Tests.MockServerTest" member="ExportGeoJson" />
                        <codeLocation path="C:\Git\arcgis-exporter-extension\GPX.Server.Extension.Tests\MockServerTest.cs" line="255" />
                        <metadata>
                          <entry key="TestKind">
                            <value>Test</value>
                          </entry>
                          <entry key="Description">
                            <value>Export Points as GeoJson</value>
                          </entry>
                        </metadata>
                      </testStep>
                      <children />
                      <result assertCount="0" duration="2.7282368999999997">
                        <outcome status="passed" />
                      </result>
                      <testLog>
                        <streams>
                          <stream name="Log">
                            <body>
                              <contents>
                                <text><![CDATA[{
  "features": [
    {
      "id": "1",
      "geometry": {
        "coordinates": [
          -122.48108685999995,
          37.669933160000028
        ],
        "type": "Point",
        "crs": null,
        "bbox": null
      },
      "properties": {
        "OBJECTID": 6.0,
        "STATE": " CA",
        "DEPTH": 20,
        "DEATHS": 3000.0,
        "DAMAGE": 52400000.0,
        "MAG": 7.8,
        "MMI": 11,
        "LOCATION": "  Near San Francisco, California",
        "YEAR": 1906.0,
        "MONTH": 4,
        "DAY": 18,
        "HOUR": 13,
        "MINUTE": 12,
        "SECOND": 21.0
      },
      "type": "Feature",
      "crs": null,
      "bbox": null
    },
    {
      "id": "2",
      "geometry": {
        "coordinates": [
          -119.01793651299994,
          34.999969744000055
        ],
        "type": "Point",
        "crs": null,
        "bbox": null
      },
      "properties": {
        "OBJECTID": 7.0,
        "STATE": " CA",
        "DEPTH": 16,
        "DEATHS": 12.0,
        "DAMAGE": 6000000.0,
        "MAG": 7.48,
        "MMI": 11,
        "LOCATION": "  South of Bakersfield, California",
        "YEAR": 1952.0,
        "MONTH": 7,
        "DAY": 21,
        "HOUR": 11,
        "MINUTE": 52,
        "SECOND": 14.0
      },
      "type": "Feature",
      "crs": null,
      "bbox": null
    },
    {
      "id": "3",
      "geometry": {
        "coordinates": [
          -117.50088520199995,
          34.000015485000063
        ],
        "type": "Point",
        "crs": null,
        "bbox": null
      },
      "properties": {
        "OBJECTID": 69.0,
        "STATE": " CA",
        "DEPTH": 0,
        "DEATHS": 0.0,
        "DAMAGE": 0.0,
        "MAG": 6.0,
        "MMI": 8,
        "LOCATION": "  Near San Bernardino, California",
        "YEAR": 1858.0,
        "MONTH": 12,
        "DAY": 16,
        "HOUR": 10,
        "MINUTE": 0,
        "SECOND": 0.0
      },
      "type": "Feature",
      "crs": null,
      "bbox": null
    },
    {
      "id": "4",
      "geometry": {
        "coordinates": [
          -122.00106837299995,
          37.799926594000056
        ],
        "type": "Point",
        "crs": null,
        "bbox": null
      },
      "properties": {
        "OBJECTID": 70.0,
        "STATE": " CA",
        "DEPTH": 0,
        "DEATHS": 0.0,
        "DAMAGE": 0.0,
        "MAG": 5.59,
        "MMI": 8,
        "LOCATION": "  Near Dublin, California",
        "YEAR": 1861.0,
        "MONTH": 7,
        "DAY": 4,
        "HOUR": 0,
        "MINUTE": 11,
        "SECOND": 0.0
      },
      "type": "Feature",
      "crs": null,
      "bbox": null
    },
    {
      "id": "5",
      "geometry": {
        "coordinates": [
          -121.90106955899995,
          37.199947147000046
        ],
        "type": "Point",
        "crs": null,
        "bbox": null
      },
      "properties": {
        "OBJECTID": 71.0,
        "STATE": " CA",
        "DEPTH": 0,
        "DEATHS": 0.0,
        "DAMAGE": 50000.0,
        "MAG": 6.3,
        "MMI": 8,
        "LOCATION": "  Santa Cruz Mountains, California",
        "YEAR": 1865.0,
        "MONTH": 10,
        "DAY": 8,
        "HOUR": 20,
        "MINUTE": 46,
        "SECOND": 0.0
      },
      "type": "Feature",
      "crs": null,
      "bbox": null
    },
    {
      "id": "6",
      "geometry": {
        "coordinates": [
          -121.60105150599998,
          36.899955963000025
        ],
        "type": "Point",
        "crs": null,
        "bbox": null
      },
      "properties": {
        "OBJECTID": 73.0,
        "STATE": " CA",
        "DEPTH": 0,
        "DEATHS": 0.0,
        "DAMAGE": 0.0,
        "MAG": 6.0,
        "MMI": 8,
        "LOCATION": "  Near Corralitos, California",
        "YEAR": 1890.0,
        "MONTH": 4,
        "DAY": 24,
        "HOUR": 11,
        "MINUTE": 36,
        "SECOND": 0.0
      },
      "type": "Feature",
      "crs": null,
      "bbox": null
    },
    {
      "id": "7",
      "geometry": {
        "coordinates": [
          -122.40109224799994,
          38.299915405000036
        ],
        "type": "Point",
        "crs": null,
        "bbox": null
      },
      "properties": {
        "OBJECTID": 74.0,
        "STATE": " CA",
        "DEPTH": 0,
        "DEATHS": 0.0,
        "DAMAGE": 0.0,
        "MAG": 5.5,
        "MMI": 8,
        "LOCATION": "  Near Napa, California",
        "YEAR": 1891.0,
        "MONTH": 10,
        "DAY": 12,
        "HOUR": 6,
        "MINUTE": 28,
        "SECOND": 0.0
      },
      "type": "Feature",
      "crs": null,
      "bbox": null
    },
    {
      "id": "8",
      "geometry": {
        "coordinates": [
          -118.60092179999998,
          34.299999076000063
        ],
        "type": "Point",
        "crs": null,
        "bbox": null
      },
      "properties": {
        "OBJECTID": 76.0,
        "STATE": " CA",
        "DEPTH": 0,
        "DEATHS": 0.0,
        "DAMAGE": 0.0,
        "MAG": 5.4,
        "MMI": 8,
        "LOCATION": "  Near Newhall, California",
        "YEAR": 1893.0,
        "MONTH": 4,
        "DAY": 4,
        "HOUR": 19,
        "MINUTE": 40,
        "SECOND": 0.0
      },
      "type": "Feature",
      "crs": null,
      "bbox": null
    },
    {
      "id": "9",
      "geometry": {
        "coordinates": [
          -121.50105269299996,
          36.999946599000054
        ],
        "type": "Point",
        "crs": null,
        "bbox": null
      },
      "properties": {
        "OBJECTID": 77.0,
        "STATE": " CA",
        "DEPTH": 0,
        "DEATHS": 0.0,
        "DAMAGE": 0.0,
        "MAG": 6.19,
        "MMI": 8,
        "LOCATION": "  Near Gilroy, California",
        "YEAR": 1897.0,
        "MONTH": 6,
        "DAY": 20,
        "HOUR": 20,
        "MINUTE": 14,
        "SECOND": 0.0
      },
      "type": "Feature",
      "crs": null,
      "bbox": null
    },
    {
      "id": "10",
      "geometry": {
        "coordinates": [
          -122.40109224799994,
          38.199916592000079
        ],
        "type": "Point",
        "crs": null,
        "bbox": null
      },
      "properties": {
        "OBJECTID": 78.0,
        "STATE": " CA",
        "DEPTH": 0,
        "DEATHS": 0.0,
        "DAMAGE": 35000.0,
        "MAG": 6.19,
        "MMI": 8,
        "LOCATION": "  Southern Sonoma County, California",
        "YEAR": 1898.0,
        "MONTH": 3,
        "DAY": 31,
        "HOUR": 7,
        "MINUTE": 43,
        "SECOND": 0.0
      },
      "type": "Feature",
      "crs": null,
      "bbox": null
    },
    {
      "id": "11",
      "geometry": {
        "coordinates": [
          -123.80113229599999,
          39.19990180700006
        ],
        "type": "Point",
        "crs": null,
        "bbox": null
      },
      "properties": {
        "OBJECTID": 79.0,
        "STATE": " CA",
        "DEPTH": 0,
        "DEATHS": 0.0,
        "DAMAGE": 0.0,
        "MAG": 6.9,
        "MMI": 8,
        "LOCATION": "  Near Greenwood, California",
        "YEAR": 1898.0,
        "MONTH": 4,
        "DAY": 15,
        "HOUR": 7,
        "MINUTE": 7,
        "SECOND": 0.0
      },
      "type": "Feature",
      "crs": null,
      "bbox": null
    },
    {
      "id": "12",
      "geometry": {
        "coordinates": [
          -117.50088520199995,
          34.300003164000032
        ],
        "type": "Point",
        "crs": null,
        "bbox": null
      },
      "properties": {
        "OBJECTID": 80.0,
        "STATE": " CA",
        "DEPTH": 0,
        "DEATHS": 0.0,
        "DAMAGE": 0.0,
        "MAG": 6.5,
        "MMI": 8,
        "LOCATION": "  Lytle Creek Canyon, California",
        "YEAR": 1899.0,
        "MONTH": 7,
        "DAY": 22,
        "HOUR": 20,
        "MINUTE": 32,
        "SECOND": 0.0
      },
      "type": "Feature",
      "crs": null,
      "bbox": null
    },
    {
      "id": "13",
      "geometry": {
        "coordinates": [
          -120.50099154499998,
          35.999961968000036
        ],
        "type": "Point",
        "crs": null,
        "bbox": null
      },
      "properties": {
        "OBJECTID": 81.0,
        "STATE": " CA",
        "DEPTH": 0,
        "DEATHS": 0.0,
        "DAMAGE": 0.0,
        "MAG": 6.4,
        "MMI": 8,
        "LOCATION": "  Near Parkfield, California",
        "YEAR": 1901.0,
        "MONTH": 3,
        "DAY": 3,
        "HOUR": 7,
        "MINUTE": 45,
        "SECOND": 0.0
      },
      "type": "Feature",
      "crs": null,
      "bbox": null
    },
    {
      "id": "14",
      "geometry": {
        "coordinates": [
          -120.30099508599994,
          34.699985569000035
        ],
        "type": "Point",
        "crs": null,
        "bbox": null
      },
      "properties": {
        "OBJECTID": 82.0,
        "STATE": " CA",
        "DEPTH": 0,
        "DEATHS": 0.0,
        "DAMAGE": 0.0,
        "MAG": 5.4,
        "MMI": 8,
        "LOCATION": "  Near los Alamos, California",
        "YEAR": 1902.0,
        "MONTH": 7,
        "DAY": 31,
        "HOUR": 9,
        "MINUTE": 20,
        "SECOND": 0.0
      },
      "type": "Feature",
      "crs": null,
      "bbox": null
    },
    {
      "id": "15",
      "geometry": {
        "coordinates": [
          -120.400993315,
          34.599983251000026
        ],
        "type": "Point",
        "crs": null,
        "bbox": null
      },
      "properties": {
        "OBJECTID": 83.0,
        "STATE": " CA",
        "DEPTH": 0,
        "DEATHS": 0.0,
        "DAMAGE": 0.0,
        "MAG": 0.0,
        "MMI": 8,
        "LOCATION": " ",
        "YEAR": 1902.0,
        "MONTH": 8,
        "DAY": 1,
        "HOUR": 3,
        "MINUTE": 30,
        "SECOND": 0.0
      },
      "type": "Feature",
      "crs": null,
      "bbox": null
    },
    {
      "id": "16",
      "geometry": {
        "coordinates": [
          -115.50082423599997,
          32.900051316000031
        ],
        "type": "Point",
        "crs": null,
        "bbox": null
      },
      "properties": {
        "OBJECTID": 84.0,
        "STATE": " CA",
        "DEPTH": 0,
        "DEATHS": 0.0,
        "DAMAGE": 0.0,
        "MAG": 6.26,
        "MMI": 8,
        "LOCATION": "  Near Brawley, California",
        "YEAR": 1906.0,
        "MONTH": 4,
        "DAY": 19,
        "HOUR": 0,
        "MINUTE": 30,
        "SECOND": 0.0
      },
      "type": "Feature",
      "crs": null,
      "bbox": null
    },
    {
      "id": "17",
      "geometry": {
        "coordinates": [
          -124.20115675399995,
          40.499854842000047
        ],
        "type": "Point",
        "crs": null,
        "bbox": null
      },
      "properties": {
        "OBJECTID": 85.0,
        "STATE": " CA",
        "DEPTH": 0,
        "DEATHS": 0.0,
        "DAMAGE": 10000.0,
        "MAG": 6.4,
        "MMI": 8,
        "LOCATION": "  Near Scotia, California",
        "YEAR": 1909.0,
        "MONTH": 10,
        "DAY": 29,
        "HOUR": 6,
        "MINUTE": 45,
        "SECOND": 0.0
      },
      "type": "Feature",
      "crs": null,
      "bbox": null
    },
    {
      "id": "18",
      "geometry": {
        "coordinates": [
          -121.75106024099995,
          37.24994304900008
        ],
        "type": "Point",
        "crs": null,
        "bbox": null
      },
      "properties": {
        "OBJECTID": 86.0,
        "STATE": " CA",
        "DEPTH": 0,
        "DEATHS": 0.0,
        "DAMAGE": 0.0,
        "MAG": 6.59,
        "MMI": 8,
        "LOCATION": "  Near Coyote, California",
        "YEAR": 1911.0,
        "MONTH": 7,
        "DAY": 1,
        "HOUR": 22,
        "MINUTE": 0,
        "SECOND": 3.0
      },
      "type": "Feature",
      "crs": null,
      "bbox": null
    },
    {
      "id": "19",
      "geometry": {
        "coordinates": [
          -120.20098108599996,
          34.599983251000026
        ],
        "type": "Point",
        "crs": null,
        "bbox": null
      },
      "properties": {
        "OBJECTID": 87.0,
        "STATE": " CA",
        "DEPTH": 0,
        "DEATHS": 0.0,
        "DAMAGE": 0.0,
        "MAG": 5.19,
        "MMI": 8,
        "LOCATION": "  Near Los Alamos, California",
        "YEAR": 1915.0,
        "MONTH": 1,
        "DAY": 12,
        "HOUR": 4,
        "MINUTE": 31,
        "SECOND": 0.0
      },
      "type": "Feature",
      "crs": null,
      "bbox": null
    },
    {
      "id": "20",
      "geometry": {
        "coordinates": [
          -115.50082423599997,
          32.800052503000074
        ],
        "type": "Point",
        "crs": null,
        "bbox": null
      },
      "properties": {
        "OBJECTID": 88.0,
        "STATE": " CA",
        "DEPTH": 0,
        "DEATHS": 6.0,
        "DAMAGE": 90000.0,
        "MAG": 6.25,
        "MMI": 8,
        "LOCATION": "  North of Calexico, Imperial Valley, California",
        "YEAR": 1915.0,
        "MONTH": 6,
        "DAY": 23,
        "HOUR": 3,
        "MINUTE": 59,
        "SECOND": 0.0
      },
      "type": "Feature",
      "crs": null,
      "bbox": null
    },
    {
      "id": "21",
      "geometry": {
        "coordinates": [
          -115.50082423599997,
          32.800052503000074
        ],
        "type": "Point",
        "crs": null,
        "bbox": null
      },
      "properties": {
        "OBJECTID": 89.0,
        "STATE": " CA",
        "DEPTH": 0,
        "DEATHS": 0.0,
        "DAMAGE": 0.0,
        "MAG": 6.25,
        "MMI": 8,
        "LOCATION": "  North of Calexico, Imperial Valley, California",
        "YEAR": 1915.0,
        "MONTH": 6,
        "DAY": 23,
        "HOUR": 4,
        "MINUTE": 56,
        "SECOND": 0.0
      },
      "type": "Feature",
      "crs": null,
      "bbox": null
    },
    {
      "id": "22",
      "geometry": {
        "coordinates": [
          -118.50091539199997,
          34.000011397000037
        ],
        "type": "Point",
        "crs": null,
        "bbox": null
      },
      "properties": {
        "OBJECTID": 90.0,
        "STATE": " CA",
        "DEPTH": 0,
        "DEATHS": 0.0,
        "DAMAGE": 10000.0,
        "MAG": 4.9,
        "MMI": 8,
        "LOCATION": "  Near Indlewood, California",
        "YEAR": 1920.0,
        "MONTH": 6,
        "DAY": 22,
        "HOUR": 2,
        "MINUTE": 47,
        "SECOND": 0.0
      },
      "type": "Feature",
      "crs": null,
      "bbox": null
    },
    {
      "id": "23",
      "geometry": {
        "coordinates": [
          -124.50117480699998,
          40.499851337000052
        ],
        "type": "Point",
        "crs": null,
        "bbox": null
      },
      "properties": {
        "OBJECTID": 91.0,
        "STATE": " CA",
        "DEPTH": 0,
        "DEATHS": 0.0,
        "DAMAGE": 0.0,
        "MAG": 7.19,
        "MMI": 8,
        "LOCATION": "  Off the coast of Humboldt County, California",
        "YEAR": 1923.0,
        "MONTH": 1,
        "DAY": 22,
        "HOUR": 9,
        "MINUTE": 4,
        "SECOND": 18.0
      },
      "type": "Feature",
      "crs": null,
      "bbox": null
    },
    {
      "id": "24",
      "geometry": {
        "coordinates": [
          -124.60118880699997,
          40.999843653000028
        ],
        "type": "Point",
        "crs": null,
        "bbox": null
      },
      "properties": {
        "OBJECTID": 94.0,
        "STATE": " CA",
        "DEPTH": 0,
        "DEATHS": 0.0,
        "DAMAGE": 0.0,
        "MAG": 5.3,
        "MMI": 8,
        "LOCATION": "  Off the coast of Humboldt County, California",
        "YEAR": 1927.0,
        "MONTH": 8,
        "DAY": 20,
        "HOUR": 20,
        "MINUTE": 5,
        "SECOND": 44.0
      },
      "type": "Feature",
      "crs": null,
      "bbox": null
    },
    {
      "id": "25",
      "geometry": {
        "coordinates": [
          -120.80101018099998,
          34.699981480000076
        ],
        "type": "Point",
        "crs": null,
        "bbox": null
      },
      "properties": {
        "OBJECTID": 95.0,
        "STATE": " CA",
        "DEPTH": 0,
        "DEATHS": 0.0,
        "DAMAGE": 0.0,
        "MAG": 7.28,
        "MMI": 8,
        "LOCATION": "  Off the coast of Santa Barbara County, west of Lompoc, Calif",
        "YEAR": 1927.0,
        "MONTH": 11,
        "DAY": 4,
        "HOUR": 13,
        "MINUTE": 50,
        "SECOND": 0.0
      },
      "type": "Feature",
      "crs": null,
      "bbox": null
    },
    {
      "id": "26",
      "geometry": {
        "coordinates": [
          -124.50118239999995,
          40.749847203000058
        ],
        "type": "Point",
        "crs": null,
        "bbox": null
      },
      "properties": {
        "OBJECTID": 96.0,
        "STATE": " CA",
        "DEPTH": 0,
        "DEATHS": 1.0,
        "DAMAGE": 9000.0,
        "MAG": 6.4,
        "MMI": 8,
        "LOCATION": "  Off the coast of Humboldt County, west of Eureka, California",
        "YEAR": 1932.0,
        "MONTH": 6,
        "DAY": 6,
        "HOUR": 8,
        "MINUTE": 44,
        "SECOND": 22.0
      },
      "type": "Feature",
      "crs": null,
      "bbox": null
    },
    {
      "id": "27",
      "geometry": {
        "coordinates": [
          -117.96689584099994,
          33.616020439000067
        ],
        "type": "Point",
        "crs": null,
        "bbox": null
      },
      "properties": {
        "OBJECTID": 97.0,
        "STATE": " CA",
        "DEPTH": 16,
        "DEATHS": 115.0,
        "DAMAGE": 4000000.0,
        "MAG": 6.3,
        "MMI": 8,
        "LOCATION": "  Southeast of Long Beach, near Newport Beach, California",
        "YEAR": 1933.0,
        "MONTH": 3,
        "DAY": 11,
        "HOUR": 1,
        "MINUTE": 54,
        "SECOND": 7.8
      },
      "type": "Feature",
      "crs": null,
      "bbox": null
    },
    {
      "id": "28",
      "geometry": {
        "coordinates": [
          -120.33098620299995,
          35.79996492500004
        ],
        "type": "Point",
        "crs": null,
        "bbox": null
      },
      "properties": {
        "OBJECTID": 98.0,
        "STATE": " CA",
        "DEPTH": 16,
        "DEATHS": 0.0,
        "DAMAGE": 0.0,
        "MAG": 6.09,
        "MMI": 8,
        "LOCATION": "  Near Parkfield, California",
        "YEAR": 1934.0,
        "MONTH": 6,
        "DAY": 8,
        "HOUR": 4,
        "MINUTE": 47,
        "SECOND": 0.0
      },
      "type": "Feature",
      "crs": null,
      "bbox": null
    },
    {
      "id": "29",
      "geometry": {
        "coordinates": [
          -119.58396173699998,
          34.366996914000026
        ],
        "type": "Point",
        "crs": null,
        "bbox": null
      },
      "properties": {
        "OBJECTID": 99.0,
        "STATE": " CA",
        "DEPTH": 16,
        "DEATHS": 0.0,
        "DAMAGE": 10000.0,
        "MAG": 5.92,
        "MMI": 8,
        "LOCATION": "  Near Santa Barbara, California",
        "YEAR": 1941.0,
        "MONTH": 7,
        "DAY": 1,
        "HOUR": 7,
        "MINUTE": 50,
        "SECOND": 54.79
      },
      "type": "Feature",
      "crs": null,
      "bbox": null
    },
    {
      "id": "30",
      "geometry": {
        "coordinates": [
          -118.25090784499997,
          33.783020011000076
        ],
        "type": "Point",
        "crs": null,
        "bbox": null
      },
      "properties": {
        "OBJECTID": 100.0,
        "STATE": " CA",
        "DEPTH": 16,
        "DEATHS": 0.0,
        "DAMAGE": 110000.0,
        "MAG": 5.4,
        "MMI": 8,
        "LOCATION": "  Near Gardena, California",
        "YEAR": 1941.0,
        "MONTH": 11,
        "DAY": 14,
        "HOUR": 8,
        "MINUTE": 41,
        "SECOND": 36.29
      },
      "type": "Feature",
      "crs": null,
      "bbox": null
    },
    {
      "id": "31",
      "geometry": {
        "coordinates": [
          -115.56782557899999,
          33.117042702000049
        ],
        "type": "Point",
        "crs": null,
        "bbox": null
      },
      "properties": {
        "OBJECTID": 101.0,
        "STATE": " CA",
        "DEPTH": 16,
        "DEATHS": 0.0,
        "DAMAGE": 300000.0,
        "MAG": 5.5,
        "MMI": 8,
        "LOCATION": "  Near Calipatria, California",
        "YEAR": 1950.0,
        "MONTH": 7,
        "DAY": 29,
        "HOUR": 14,
        "MINUTE": 36,
        "SECOND": 32.0
      },
      "type": "Feature",
      "crs": null,
      "bbox": null
    },
    {
      "id": "32",
      "geometry": {
        "coordinates": [
          -118.91793068999999,
          35.332958398000073
        ],
        "type": "Point",
        "crs": null,
        "bbox": null
      },
      "properties": {
        "OBJECTID": 102.0,
        "STATE": " CA",
        "DEPTH": 16,
        "DEATHS": 2.0,
        "DAMAGE": 1000000.0,
        "MAG": 5.71,
        "MMI": 8,
        "LOCATION": "  East of Bakersfield, California",
        "YEAR": 1952.0,
        "MONTH": 8,
        "DAY": 22,
        "HOUR": 22,
        "MINUTE": 41,
        "SECOND": 24.0
      },
      "type": "Feature",
      "crs": null,
      "bbox": null
    },
    {
      "id": "33",
      "geometry": {
        "coordinates": [
          -121.68405889799999,
          36.932949345000054
        ],
        "type": "Point",
        "crs": null,
        "bbox": null
      },
      "properties": {
        "OBJECTID": 103.0,
        "STATE": " CA",
        "DEPTH": 0,
        "DEATHS": 0.0,
        "DAMAGE": 0.0,
        "MAG": 5.3,
        "MMI": 8,
        "LOCATION": "  East of Watsonville, California",
        "YEAR": 1954.0,
        "MONTH": 4,
        "DAY": 25,
        "HOUR": 20,
        "MINUTE": 33,
        "SECOND": 28.0
      },
      "type": "Feature",
      "crs": null,
      "bbox": null
    },
    {
      "id": "34",
      "geometry": {
        "coordinates": [
          -122.69309997499994,
          38.466911472000049
        ],
        "type": "Point",
        "crs": null,
        "bbox": null
      },
      "properties": {
        "OBJECTID": 104.0,
        "STATE": " CA",
        "DEPTH": 10,
        "DEATHS": 1.0,
        "DAMAGE": 835000.0,
        "MAG": 5.59,
        "MMI": 8,
        "LOCATION": "  Near Santa Rosa, California",
        "YEAR": 1969.0,
        "MONTH": 10,
        "DAY": 2,
        "HOUR": 4,
        "MINUTE": 56,
        "SECOND": 46.5
      },
      "type": "Feature",
      "crs": null,
      "bbox": null
    },
    {
      "id": "35",
      "geometry": {
        "coordinates": [
          -122.69309997499994,
          38.454914092000024
        ],
        "type": "Point",
        "crs": null,
        "bbox": null
      },
      "properties": {
        "OBJECTID": 105.0,
        "STATE": " CA",
        "DEPTH": 10,
        "DEATHS": 1.0,
        "DAMAGE": 835000.0,
        "MAG": 5.69,
        "MMI": 8,
        "LOCATION": "  Near Santa Rosa, California",
        "YEAR": 1969.0,
        "MONTH": 10,
        "DAY": 2,
        "HOUR": 6,
        "MINUTE": 19,
        "SECOND": 57.09
      },
      "type": "Feature",
      "crs": null,
      "bbox": null
    },
    {
      "id": "36",
      "geometry": {
        "coordinates": [
          -121.52908299099994,
          39.438888586000076
        ],
        "type": "Point",
        "crs": null,
        "bbox": null
      },
      "properties": {
        "OBJECTID": 106.0,
        "STATE": " CA",
        "DEPTH": 0,
        "DEATHS": 0.0,
        "DAMAGE": 250000.0,
        "MAG": 5.8,
        "MMI": 8,
        "LOCATION": "  Near Oroville, California",
        "YEAR": 1975.0,
        "MONTH": 8,
        "DAY": 1,
        "HOUR": 20,
        "MINUTE": 20,
        "SECOND": 12.89
      },
      "type": "Feature",
      "crs": null,
      "bbox": null
    },
    {
      "id": "37",
      "geometry": {
        "coordinates": [
          -120.30998202399996,
          36.232955898000057
        ],
        "type": "Point",
        "crs": null,
        "bbox": null
      },
      "properties": {
        "OBJECTID": 107.0,
        "STATE": " CA",
        "DEPTH": 10,
        "DEATHS": 0.0,
        "DAMAGE": 1000000.0,
        "MAG": 6.69,
        "MMI": 8,
        "LOCATION": "  Near Coalinga, California",
        "YEAR": 1983.0,
        "MONTH": 5,
        "DAY": 2,
        "HOUR": 23,
        "MINUTE": 42,
        "SECOND": 38.09
      },
      "type": "Feature",
      "crs": null,
      "bbox": null
    },
    {
      "id": "38",
      "geometry": {
        "coordinates": [
          -121.69905854499996,
          37.319938480000076
        ],
        "type": "Point",
        "crs": null,
        "bbox": null
      },
      "properties": {
        "OBJECTID": 108.0,
        "STATE": " CA",
        "DEPTH": 8,
        "DEATHS": 0.0,
        "DAMAGE": 800000.0,
        "MAG": 6.19,
        "MMI": 8,
        "LOCATION": "  Near Morgan Hill, California",
        "YEAR": 1984.0,
        "MONTH": 4,
        "DAY": 24,
        "HOUR": 21,
        "MINUTE": 15,
        "SECOND": 19.0
      },
      "type": "Feature",
      "crs": null,
      "bbox": null
    },
    {
      "id": "39",
      "geometry": {
        "coordinates": [
          -118.07890313299998,
          34.061012297000048
        ],
        "type": "Point",
        "crs": null,
        "bbox": null
      },
      "properties": {
        "OBJECTID": 109.0,
        "STATE": " CA",
        "DEPTH": 10,
        "DEATHS": 8.0,
        "DAMAGE": 35800000.0,
        "MAG": 5.9,
        "MMI": 8,
        "LOCATION": "  Near Whittier Narrows, California",
        "YEAR": 1987.0,
        "MONTH": 10,
        "DAY": 1,
        "HOUR": 14,
        "MINUTE": 42,
        "SECOND": 20.0
      },
      "type": "Feature",
      "crs": null,
      "bbox": null
    },
    {
      "id": "40",
      "geometry": {
        "coordinates": [
          -124.31716161699995,
          40.367855030000044
        ],
        "type": "Point",
        "crs": null,
        "bbox": null
      },
      "properties": {
        "OBJECTID": 142.0,
        "STATE": " CA",
        "DEPTH": 15,
        "DEATHS": 0.0,
        "DAMAGE": 6600000.0,
        "MAG": 7.09,
        "MMI": 8,
        "LOCATION": "  Near Coast of Northern Calif.",
        "YEAR": 1992.0,
        "MONTH": 4,
        "DAY": 25,
        "HOUR": 18,
        "MINUTE": 6,
        "SECOND": 4.21
      },
      "type": "Feature",
      "crs": null,
      "bbox": null
    },
    {
      "id": "41",
      "geometry": {
        "coordinates": [
          -116.82786541799999,
          34.203006617000028
        ],
        "type": "Point",
        "crs": null,
        "bbox": null
      },
      "properties": {
        "OBJECTID": 143.0,
        "STATE": " CA",
        "DEPTH": 5,
        "DEATHS": 0.0,
        "DAMAGE": 920000000.0,
        "MAG": 6.69,
        "MMI": 8,
        "LOCATION": "  Southern California",
        "YEAR": 1992.0,
        "MONTH": 6,
        "DAY": 28,
        "HOUR": 15,
        "MINUTE": 5,
        "SECOND": 30.7
      },
      "type": "Feature",
      "crs": null,
      "bbox": null
    },
    {
      "id": "42",
      "geometry": {
        "coordinates": [
          -121.60105150599998,
          36.899955963000025
        ],
        "type": "Point",
        "crs": null,
        "bbox": null
      },
      "properties": {
        "OBJECTID": 172.0,
        "STATE": " CA",
        "DEPTH": 0,
        "DEATHS": 0.0,
        "DAMAGE": 0.0,
        "MAG": 0.0,
        "MMI": 7,
        "LOCATION": "  Near San Juan Bautista, California",
        "YEAR": 1800.0,
        "MONTH": 10,
        "DAY": 11,
        "HOUR": 0,
        "MINUTE": 0,
        "SECOND": 0.0
      },
      "type": "Feature",
      "crs": null,
      "bbox": null
    },
    {
      "id": "43",
      "geometry": {
        "coordinates": [
          -117.30087297199998,
          33.000041952000061
        ],
        "type": "Point",
        "crs": null,
        "bbox": null
      },
      "properties": {
        "OBJECTID": 173.0,
        "STATE": " CA",
        "DEPTH": 0,
        "DEATHS": 0.0,
        "DAMAGE": 0.0,
        "MAG": 6.5,
        "MMI": 7,
        "LOCATION": "  San Diego region, California",
        "YEAR": 1800.0,
        "MONTH": 11,
        "DAY": 22,
        "HOUR": 21,
        "MINUTE": 30,
        "SECOND": 0.0
      },
      "type": "Feature",
      "crs": null,
      "bbox": null
    },
    {
      "id": "44",
      "geometry": {
        "coordinates": [
          -122.50109106199994,
          37.499943003000055
        ],
        "type": "Point",
        "crs": null,
        "bbox": null
      },
      "properties": {
        "OBJECTID": 174.0,
        "STATE": " CA",
        "DEPTH": 0,
        "DEATHS": 0.0,
        "DAMAGE": 0.0,
        "MAG": 0.0,
        "MMI": 7,
        "LOCATION": "  San Francisco, California",
        "YEAR": 1829.0,
        "MONTH": 9,
        "DAY": 0,
        "HOUR": 0,
        "MINUTE": 0,
        "SECOND": 0.0
      },
      "type": "Feature",
      "crs": null,
      "bbox": null
    },
    {
      "id": "45",
      "geometry": {
        "coordinates": [
          -120.60099795199994,
          35.499973157000056
        ],
        "type": "Point",
        "crs": null,
        "bbox": null
      },
      "properties": {
        "OBJECTID": 175.0,
        "STATE": " CA",
        "DEPTH": 0,
        "DEATHS": 0.0,
        "DAMAGE": 0.0,
        "MAG": 0.0,
        "MMI": 7,
        "LOCATION": "  San Louis Obispo, California",
        "YEAR": 1830.0,
        "MONTH": 0,
        "DAY": 0,
        "HOUR": 0,
        "MINUTE": 0,
        "SECOND": 0.0
      },
      "type": "Feature",
      "crs": null,
      "bbox": null
    },
    {
      "id": "46",
      "geometry": {
        "coordinates": [
          -122.301086425,
          37.49993891500003
        ],
        "type": "Point",
        "crs": null,
        "bbox": null
      },
      "properties": {
        "OBJECTID": 176.0,
        "STATE": " CA",
        "DEPTH": 0,
        "DEATHS": 0.0,
        "DAMAGE": 0.0,
        "MAG": 5.5,
        "MMI": 7,
        "LOCATION": "  South of San Francisco in San Mateo County, California",
        "YEAR": 1856.0,
        "MONTH": 2,
        "DAY": 15,
        "HOUR": 13,
        "MINUTE": 25,
        "SECOND": 0.0
      },
      "type": "Feature",
      "crs": null,
      "bbox": null
    },
    {
      "id": "47",
      "geometry": {
        "coordinates": [
          -121.90106955899995,
          37.49993891500003
        ],
        "type": "Point",
        "crs": null,
        "bbox": null
      },
      "properties": {
        "OBJECTID": 177.0,
        "STATE": " CA",
        "DEPTH": 0,
        "DEATHS": 0.0,
        "DAMAGE": 0.0,
        "MAG": 6.09,
        "MMI": 7,
        "LOCATION": "  North of San Jose, California",
        "YEAR": 1858.0,
        "MONTH": 11,
        "DAY": 26,
        "HOUR": 8,
        "MINUTE": 35,
        "SECOND": 0.0
      },
      "type": "Feature",
      "crs": null,
      "bbox": null
    },
    {
      "id": "48",
      "geometry": {
        "coordinates": [
          -124.20117194099998,
          40.799846610000031
        ],
        "type": "Point",
        "crs": null,
        "bbox": null
      },
      "properties": {
        "OBJECTID": 178.0,
        "STATE": " CA",
        "DEPTH": 0,
        "DEATHS": 0.0,
        "DAMAGE": 0.0,
        "MAG": 0.0,
        "MMI": 7,
        "LOCATION": "  Near Eureka, California",
        "YEAR": 1860.0,
        "MONTH": 11,
        "DAY": 13,
        "HOUR": 0,
        "MINUTE": 0,
        "SECOND": 0.0
      },
      "type": "Feature",
      "crs": null,
      "bbox": null
    },
    {
      "id": "49",
      "geometry": {
        "coordinates": [
          -117.20086656499996,
          32.700054273000035
        ],
        "type": "Point",
        "crs": null,
        "bbox": null
      },
      "properties": {
        "OBJECTID": 179.0,
        "STATE": " CA",
        "DEPTH": 0,
        "DEATHS": 0.0,
        "DAMAGE": 0.0,
        "MAG": 5.9,
        "MMI": 7,
        "LOCATION": "  Near San Diego, California",
        "YEAR": 1862.0,
        "MONTH": 5,
        "DAY": 27,
        "HOUR": 20,
        "MINUTE": 0,
        "SECOND": 0.0
      },
      "type": "Feature",
      "crs": null,
      "bbox": null
    },
    {
      "id": "50",
      "geometry": {
        "coordinates": [
          -122.60109688399996,
          38.399913634000029
        ],
        "type": "Point",
        "crs": null,
        "bbox": null
      },
      "properties": {
        "OBJECTID": 180.0,
        "STATE": " CA",
        "DEPTH": 0,
        "DEATHS": 0.0,
        "DAMAGE": 0.0,
        "MAG": 4.69,
        "MMI": 7,
        "LOCATION": "  Bennett Valley, California",
        "YEAR": 1865.0,
        "MONTH": 3,
        "DAY": 8,
        "HOUR": 14,
        "MINUTE": 30,
        "SECOND": 0.0
      },
      "type": "Feature",
      "crs": null,
      "bbox": null
    },
    {
      "id": "51",
      "geometry": {
        "coordinates": [
          -124.10116553499995,
          40.799850699000046
        ],
        "type": "Point",
        "crs": null,
        "bbox": null
      },
      "properties": {
        "OBJECTID": 181.0,
        "STATE": " CA",
        "DEPTH": 0,
        "DEATHS": 0.0,
        "DAMAGE": 0.0,
        "MAG": 5.4,
        "MMI": 7,
        "LOCATION": "  Near Eureka, California",
        "YEAR": 1865.0,
        "MONTH": 10,
        "DAY": 1,
        "HOUR": 17,
        "MINUTE": 15,
        "SECOND": 0.0
      },
      "type": "Feature",
      "crs": null,
      "bbox": null
    },
    {
      "id": "52",
      "geometry": {
        "coordinates": [
          -121.60105150599998,
          37.099944829000037
        ],
        "type": "Point",
        "crs": null,
        "bbox": null
      },
      "properties": {
        "OBJECTID": 182.0,
        "STATE": " CA",
        "DEPTH": 0,
        "DEATHS": 0.0,
        "DAMAGE": 0.0,
        "MAG": 5.4,
        "MMI": 7,
        "LOCATION": "  Near Gilroy, California",
        "YEAR": 1866.0,
        "MONTH": 3,
        "DAY": 26,
        "HOUR": 20,
        "MINUTE": 12,
        "SECOND": 0.0
      },
      "type": "Feature",
      "crs": null,
      "bbox": null
    },
    {
      "id": "53",
      "geometry": {
        "coordinates": [
          -123.10111256399995,
          39.099891896000031
        ],
        "type": "Point",
        "crs": null,
        "bbox": null
      },
      "properties": {
        "OBJECTID": 183.0,
        "STATE": " CA",
        "DEPTH": 0,
        "DEATHS": 0.0,
        "DAMAGE": 0.0,
        "MAG": 5.0,
        "MMI": 7,
        "LOCATION": "  Near Ukiah, California",
        "YEAR": 1869.0,
        "MONTH": 10,
        "DAY": 8,
        "HOUR": 9,
        "MINUTE": 30,
        "SECOND": 0.0
      },
      "type": "Feature",
      "crs": null,
      "bbox": null
    },
    {
      "id": "54",
      "geometry": {
        "coordinates": [
          -122.10107419499997,
          37.199947147000046
        ],
        "type": "Point",
        "crs": null,
        "bbox": null
      },
      "properties": {
        "OBJECTID": 184.0,
        "STATE": " CA",
        "DEPTH": 0,
        "DEATHS": 0.0,
        "DAMAGE": 0.0,
        "MAG": 5.8,
        "MMI": 7,
        "LOCATION": "  Near Santa Cruz, California",
        "YEAR": 1870.0,
        "MONTH": 2,
        "DAY": 17,
        "HOUR": 20,
        "MINUTE": 12,
        "SECOND": 0.0
      },
      "type": "Feature",
      "crs": null,
      "bbox": null
    },
    {
      "id": "55",
      "geometry": {
        "coordinates": [
          -124.20115675399995,
          40.39986011700006
        ],
        "type": "Point",
        "crs": null,
        "bbox": null
      },
      "properties": {
        "OBJECTID": 185.0,
        "STATE": " CA",
        "DEPTH": 0,
        "DEATHS": 0.0,
        "DAMAGE": 0.0,
        "MAG": 5.9,
        "MMI": 7,
        "LOCATION": "  Near Mattole, California",
        "YEAR": 1871.0,
        "MONTH": 3,
        "DAY": 2,
        "HOUR": 21,
        "MINUTE": 5,
        "SECOND": 0.0
      },
      "type": "Feature",
      "crs": null,
      "bbox": null
    },
    {
      "id": "56",
      "geometry": {
        "coordinates": [
          -124.00116730499997,
          40.699855973000069
        ],
        "type": "Point",
        "crs": null,
        "bbox": null
      },
      "properties": {
        "OBJECTID": 186.0,
        "STATE": " CA",
        "DEPTH": 0,
        "DEATHS": 0.0,
        "DAMAGE": 0.0,
        "MAG": 5.5,
        "MMI": 7,
        "LOCATION": "  Near Eureka, California",
        "YEAR": 1875.0,
        "MONTH": 9,
        "DAY": 30,
        "HOUR": 12,
        "MINUTE": 30,
        "SECOND": 0.0
      },
      "type": "Feature",
      "crs": null,
      "bbox": null
    },
    {
      "id": "57",
      "geometry": {
        "coordinates": [
          -124.00114452499997,
          40.099864844000081
        ],
        "type": "Point",
        "crs": null,
        "bbox": null
      },
      "properties": {
        "OBJECTID": 187.0,
        "STATE": " CA",
        "DEPTH": 0,
        "DEATHS": 0.0,
        "DAMAGE": 0.0,
        "MAG": 5.8,
        "MMI": 7,
        "LOCATION": "  Near Petrolia, California",
        "YEAR": 1878.0,
        "MONTH": 5,
        "DAY": 9,
        "HOUR": 4,
        "MINUTE": 25,
        "SECOND": 0.0
      },
      "type": "Feature",
      "crs": null,
      "bbox": null
    },
    {
      "id": "58",
      "geometry": {
        "coordinates": [
          -120.50099154499998,
          35.999961968000036
        ],
        "type": "Point",
        "crs": null,
        "bbox": null
      },
      "properties": {
        "OBJECTID": 188.0,
        "STATE": " CA",
        "DEPTH": 0,
        "DEATHS": 0.0,
        "DAMAGE": 0.0,
        "MAG": 5.59,
        "MMI": 7,
        "LOCATION": "  North of Imusdale, California",
        "YEAR": 1881.0,
        "MONTH": 2,
        "DAY": 2,
        "HOUR": 0,
        "MINUTE": 11,
        "SECOND": 0.0
      },
      "type": "Feature",
      "crs": null,
      "bbox": null
    },
    {
      "id": "59",
      "geometry": {
        "coordinates": [
          -122.00106837299995,
          37.199947147000046
        ],
        "type": "Point",
        "crs": null,
        "bbox": null
      },
      "properties": {
        "OBJECTID": 189.0,
        "STATE": " CA",
        "DEPTH": 0,
        "DEATHS": 0.0,
        "DAMAGE": 0.0,
        "MAG": 0.0,
        "MMI": 7,
        "LOCATION": "  Santa Cruz area, California",
        "YEAR": 1882.0,
        "MONTH": 6,
        "DAY": 27,
        "HOUR": 13,
        "MINUTE": 32,
        "SECOND": 0.0
      },
      "type": "Feature",
      "crs": null,
      "bbox": null
    },
    {
      "id": "60",
      "geometry": {
        "coordinates": [
          -121.60105150599998,
          36.899955963000025
        ],
        "type": "Point",
        "crs": null,
        "bbox": null
      },
      "properties": {
        "OBJECTID": 190.0,
        "STATE": " CA",
        "DEPTH": 0,
        "DEATHS": 0.0,
        "DAMAGE": 0.0,
        "MAG": 5.59,
        "MMI": 7,
        "LOCATION": "  Near Gilroy, California",
        "YEAR": 1883.0,
        "MONTH": 3,
        "DAY": 30,
        "HOUR": 15,
        "MINUTE": 45,
        "SECOND": 0.0
      },
      "type": "Feature",
      "crs": null,
      "bbox": null
    },
    {
      "id": "61",
      "geometry": {
        "coordinates": [
          -120.60105869799997,
          40.399898668000048
        ],
        "type": "Point",
        "crs": null,
        "bbox": null
      },
      "properties": {
        "OBJECTID": 191.0,
        "STATE": " CA",
        "DEPTH": 0,
        "DEATHS": 0.0,
        "DAMAGE": 0.0,
        "MAG": 5.69,
        "MMI": 7,
        "LOCATION": "  Near Susanville, California",
        "YEAR": 1885.0,
        "MONTH": 1,
        "DAY": 31,
        "HOUR": 5,
        "MINUTE": 45,
        "SECOND": 0.0
      },
      "type": "Feature",
      "crs": null,
      "bbox": null
    },
    {
      "id": "62",
      "geometry": {
        "coordinates": [
          -121.30104805599996,
          36.699962424000034
        ],
        "type": "Point",
        "crs": null,
        "bbox": null
      },
      "properties": {
        "OBJECTID": 192.0,
        "STATE": " CA",
        "DEPTH": 0,
        "DEATHS": 0.0,
        "DAMAGE": 0.0,
        "MAG": 5.5,
        "MMI": 7,
        "LOCATION": "  South of Hollister",
        "YEAR": 1885.0,
        "MONTH": 3,
        "DAY": 31,
        "HOUR": 7,
        "MINUTE": 56,
        "SECOND": 0.0
      },
      "type": "Feature",
      "crs": null,
      "bbox": null
    },
    {
      "id": "63",
      "geometry": {
        "coordinates": [
          -121.00102241099995,
          36.39996364700005
        ],
        "type": "Point",
        "crs": null,
        "bbox": null
      },
      "properties": {
        "OBJECTID": 193.0,
        "STATE": " CA",
        "DEPTH": 0,
        "DEATHS": 0.0,
        "DAMAGE": 0.0,
        "MAG": 6.19,
        "MMI": 7,
        "LOCATION": "  Southern San Benito County, California",
        "YEAR": 1885.0,
        "MONTH": 4,
        "DAY": 12,
        "HOUR": 4,
        "MINUTE": 5,
        "SECOND": 0.0
      },
      "type": "Feature",
      "crs": null,
      "bbox": null
    },
    {
      "id": "64",
      "geometry": {
        "coordinates": [
          -123.60112006499998,
          39.299892443000033
        ],
        "type": "Point",
        "crs": null,
        "bbox": null
      },
      "properties": {
        "OBJECTID": 194.0,
        "STATE": " CA",
        "DEPTH": 0,
        "DEATHS": 0.0,
        "DAMAGE": 0.0,
        "MAG": 4.9,
        "MMI": 7,
        "LOCATION": "  Near Halfway House, California",
        "YEAR": 1887.0,
        "MONTH": 12,
        "DAY": 3,
        "HOUR": 18,
        "MINUTE": 55,
        "SECOND": 0.0
      },
      "type": "Feature",
      "crs": null,
      "bbox": null
    },
    {
      "id": "65",
      "geometry": {
        "coordinates": [
          -120.70104991899996,
          39.699897627000041
        ],
        "type": "Point",
        "crs": null,
        "bbox": null
      },
      "properties": {
        "OBJECTID": 195.0,
        "STATE": " CA",
        "DEPTH": 0,
        "DEATHS": 0.0,
        "DAMAGE": 0.0,
        "MAG": 5.9,
        "MMI": 7,
        "LOCATION": "  Near Cromberg, California",
        "YEAR": 1888.0,
        "MONTH": 4,
        "DAY": 29,
        "HOUR": 4,
        "MINUTE": 48,
        "SECOND": 0.0
      },
      "type": "Feature",
      "crs": null,
      "bbox": null
    },
    {
      "id": "66",
      "geometry": {
        "coordinates": [
          -122.301086425,
          37.899925408000058
        ],
        "type": "Point",
        "crs": null,
        "bbox": null
      },
      "properties": {
        "OBJECTID": 196.0,
        "STATE": " CA",
        "DEPTH": 0,
        "DEATHS": 0.0,
        "DAMAGE": 0.0,
        "MAG": 4.3,
        "MMI": 7,
        "LOCATION": "  San Francisco Bay area, California",
        "YEAR": 1888.0,
        "MONTH": 11,
        "DAY": 18,
        "HOUR": 22,
        "MINUTE": 28,
        "SECOND": 0.0
      },
      "type": "Feature",
      "crs": null,
      "bbox": null
    },
    {
      "id": "67",
      "geometry": {
        "coordinates": [
          -121.90106955899995,
          37.999920133000046
        ],
        "type": "Point",
        "crs": null,
        "bbox": null
      },
      "properties": {
        "OBJECTID": 197.0,
        "STATE": " CA",
        "DEPTH": 0,
        "DEATHS": 0.0,
        "DAMAGE": 0.0,
        "MAG": 6.0,
        "MMI": 7,
        "LOCATION": "  West of Antioch, California",
        "YEAR": 1889.0,
        "MONTH": 5,
        "DAY": 19,
        "HOUR": 11,
        "MINUTE": 10,
        "SECOND": 0.0
      },
      "type": "Feature",
      "crs": null,
      "bbox": null
    },
    {
      "id": "68",
      "geometry": {
        "coordinates": [
          -120.70106510499994,
          40.499893392000047
        ],
        "type": "Point",
        "crs": null,
        "bbox": null
      },
      "properties": {
        "OBJECTID": 198.0,
        "STATE": " CA",
        "DEPTH": 0,
        "DEATHS": 0.0,
        "DAMAGE": 0.0,
        "MAG": 5.9,
        "MMI": 7,
        "LOCATION": "  North of Susanville, California",
        "YEAR": 1889.0,
        "MONTH": 6,
        "DAY": 20,
        "HOUR": 6,
        "MINUTE": 0,
        "SECOND": 0.0
      },
      "type": "Feature",
      "crs": null,
      "bbox": null
    },
    {
      "id": "69",
      "geometry": {
        "coordinates": [
          -122.20107242499995,
          37.799926594000056
        ],
        "type": "Point",
        "crs": null,
        "bbox": null
      },
      "properties": {
        "OBJECTID": 199.0,
        "STATE": " CA",
        "DEPTH": 0,
        "DEATHS": 0.0,
        "DAMAGE": 0.0,
        "MAG": 5.19,
        "MMI": 7,
        "LOCATION": "  San Francisco Bay area, California",
        "YEAR": 1889.0,
        "MONTH": 7,
        "DAY": 31,
        "HOUR": 12,
        "MINUTE": 47,
        "SECOND": 0.0
      },
      "type": "Feature",
      "crs": null,
      "bbox": null
    },
    {
      "id": "70",
      "geometry": {
        "coordinates": [
          -124.20115675399995,
          40.499854842000047
        ],
        "type": "Point",
        "crs": null,
        "bbox": null
      },
      "properties": {
        "OBJECTID": 200.0,
        "STATE": " CA",
        "DEPTH": 0,
        "DEATHS": 0.0,
        "DAMAGE": 0.0,
        "MAG": 6.0,
        "MMI": 7,
        "LOCATION": "  Near Ferndale, California",
        "YEAR": 1890.0,
        "MONTH": 7,
        "DAY": 26,
        "HOUR": 9,
        "MINUTE": 40,
        "SECOND": 0.0
      },
      "type": "Feature",
      "crs": null,
      "bbox": null
    },
    {
      "id": "71",
      "geometry": {
        "coordinates": [
          -122.60109688399996,
          38.399913634000029
        ],
        "type": "Point",
        "crs": null,
        "bbox": null
      },
      "properties": {
        "OBJECTID": 201.0,
        "STATE": " CA",
        "DEPTH": 0,
        "DEATHS": 0.0,
        "DAMAGE": 0.0,
        "MAG": 5.09,
        "MMI": 7,
        "LOCATION": "  East of Santa Rosa, California",
        "YEAR": 1893.0,
        "MONTH": 8,
        "DAY": 9,
        "HOUR": 9,
        "MINUTE": 15,
        "SECOND": 0.0
      },
      "type": "Feature",
      "crs": null,
      "bbox": null
    },
    {
      "id": "72",
      "geometry": {
        "coordinates": [
          -123.70114107499995,
          40.299865976000035
        ],
        "type": "Point",
        "crs": null,
        "bbox": null
      },
      "properties": {
        "OBJECTID": 202.0,
        "STATE": " CA",
        "DEPTH": 0,
        "DEATHS": 0.0,
        "DAMAGE": 0.0,
        "MAG": 5.8,
        "MMI": 7,
        "LOCATION": "  Southern Humboldt County, California",
        "YEAR": 1894.0,
        "MONTH": 9,
        "DAY": 30,
        "HOUR": 17,
        "MINUTE": 36,
        "SECOND": 0.0
      },
      "type": "Feature",
      "crs": null,
      "bbox": null
    },
    {
      "id": "73",
      "geometry": {
        "coordinates": [
          -121.70105732899998,
          36.899955963000025
        ],
        "type": "Point",
        "crs": null,
        "bbox": null
      },
      "properties": {
        "OBJECTID": 203.0,
        "STATE": " CA",
        "DEPTH": 0,
        "DEATHS": 0.0,
        "DAMAGE": 0.0,
        "MAG": 5.59,
        "MMI": 7,
        "LOCATION": "  Near Watsonville, California",
        "YEAR": 1899.0,
        "MONTH": 4,
        "DAY": 30,
        "HOUR": 22,
        "MINUTE": 41,
        "SECOND": 0.0
      },
      "type": "Feature",
      "crs": null,
      "bbox": null
    },
    {
      "id": "74",
      "geometry": {
        "coordinates": [
          -122.50108346799999,
          37.699931869000068
        ],
        "type": "Point",
        "crs": null,
        "bbox": null
      },
      "properties": {
        "OBJECTID": 204.0,
        "STATE": " CA",
        "DEPTH": 0,
        "DEATHS": 0.0,
        "DAMAGE": 0.0,
        "MAG": 5.4,
        "MMI": 7,
        "LOCATION": "  Near San Francisco, in northern San Mateo County, California",
        "YEAR": 1899.0,
        "MONTH": 6,
        "DAY": 2,
        "HOUR": 7,
        "MINUTE": 19,
        "SECOND": 0.0
      },
      "type": "Feature",
      "crs": null,
      "bbox": null
    },
    {
      "id": "75",
      "geometry": {
        "coordinates": [
          -121.50105269299996,
          37.199943642000051
        ],
        "type": "Point",
        "crs": null,
        "bbox": null
      },
      "properties": {
        "OBJECTID": 205.0,
        "STATE": " CA",
        "DEPTH": 0,
        "DEATHS": 0.0,
        "DAMAGE": 0.0,
        "MAG": 5.8,
        "MMI": 7,
        "LOCATION": "  Northeast of Watsonville, California",
        "YEAR": 1899.0,
        "MONTH": 7,
        "DAY": 6,
        "HOUR": 20,
        "MINUTE": 10,
        "SECOND": 0.0
      },
      "type": "Feature",
      "crs": null,
      "bbox": null
    },
    {
      "id": "76",
      "geometry": {
        "coordinates": [
          -122.70109569799996,
          38.399913634000029
        ],
        "type": "Point",
        "crs": null,
        "bbox": null
      },
      "properties": {
        "OBJECTID": 206.0,
        "STATE": " CA",
        "DEPTH": 0,
        "DEATHS": 0.0,
        "DAMAGE": 0.0,
        "MAG": 0.0,
        "MMI": 7,
        "LOCATION": "  Near Santa Rosa, California",
        "YEAR": 1899.0,
        "MONTH": 10,
        "DAY": 13,
        "HOUR": 5,
        "MINUTE": 0,
        "SECOND": 0.0
      },
      "type": "Feature",
      "crs": null,
      "bbox": null
    },
    {
      "id": "77",
      "geometry": {
        "coordinates": [
          -121.90107715199997,
          38.299911316000077
        ],
        "type": "Point",
        "crs": null,
        "bbox": null
      },
      "properties": {
        "OBJECTID": 207.0,
        "STATE": " CA",
        "DEPTH": 0,
        "DEATHS": 0.0,
        "DAMAGE": 0.0,
        "MAG": 5.4,
        "MMI": 7,
        "LOCATION": "  South of Elmira, California",
        "YEAR": 1902.0,
        "MONTH": 5,
        "DAY": 19,
        "HOUR": 18,
        "MINUTE": 31,
        "SECOND": 0.0
      },
      "type": "Feature",
      "crs": null,
      "bbox": null
    },
    {
      "id": "78",
      "geometry": {
        "coordinates": [
          -120.400993315,
          34.799980293000033
        ],
        "type": "Point",
        "crs": null,
        "bbox": null
      },
      "properties": {
        "OBJECTID": 208.0,
        "STATE": " CA",
        "DEPTH": 0,
        "DEATHS": 0.0,
        "DAMAGE": 0.0,
        "MAG": 5.4,
        "MMI": 7,
        "LOCATION": "  Near Los Alamos, California",
        "YEAR": 1902.0,
        "MONTH": 7,
        "DAY": 28,
        "HOUR": 6,
        "MINUTE": 57,
        "SECOND": 0.0
      },
      "type": "Feature",
      "crs": null,
      "bbox": null
    },
    {
      "id": "79",
      "geometry": {
        "coordinates": [
          -120.400993315,
          34.799980293000033
        ],
        "type": "Point",
        "crs": null,
        "bbox": null
      },
      "properties": {
        "OBJECTID": 209.0,
        "STATE": " CA",
        "DEPTH": 0,
        "DEATHS": 0.0,
        "DAMAGE": 0.0,
        "MAG": 0.0,
        "MMI": 7,
        "LOCATION": "  Near Los Alamos, California",
        "YEAR": 1902.0,
        "MONTH": 12,
        "DAY": 12,
        "HOUR": 0,
        "MINUTE": 0,
        "SECOND": 0.0
      },
      "type": "Feature",
      "crs": null,
      "bbox": null
    },
    {
      "id": "80",
      "geometry": {
        "coordinates": [
          -121.90106955899995,
          37.399940685000047
        ],
        "type": "Point",
        "crs": null,
        "bbox": null
      },
      "properties": {
        "OBJECTID": 210.0,
        "STATE": " CA",
        "DEPTH": 0,
        "DEATHS": 0.0,
        "DAMAGE": 0.0,
        "MAG": 5.8,
        "MMI": 7,
        "LOCATION": "  Near San Jose, California",
        "YEAR": 1903.0,
        "MONTH": 6,
        "DAY": 11,
        "HOUR": 13,
        "MINUTE": 12,
        "SECOND": 0.0
      },
      "type": "Feature",
      "crs": null,
      "bbox": null
    },
    {
      "id": "81",
      "geometry": {
        "coordinates": [
          -122.001083559,
          39.499885397000071
        ],
        "type": "Point",
        "crs": null,
        "bbox": null
      },
      "properties": {
        "OBJECTID": 211.0,
        "STATE": " CA",
        "DEPTH": 0,
        "DEATHS": 0.0,
        "DAMAGE": 0.0,
        "MAG": 4.5,
        "MMI": 7,
        "LOCATION": "  Near Willows, California",
        "YEAR": 1903.0,
        "MONTH": 7,
        "DAY": 24,
        "HOUR": 20,
        "MINUTE": 26,
        "SECOND": 0.0
      },
      "type": "Feature",
      "crs": null,
      "bbox": null
    },
    {
      "id": "82",
      "geometry": {
        "coordinates": [
          -121.80106373699999,
          37.299941871000044
        ],
        "type": "Point",
        "crs": null,
        "bbox": null
      },
      "properties": {
        "OBJECTID": 212.0,
        "STATE": " CA",
        "DEPTH": 0,
        "DEATHS": 0.0,
        "DAMAGE": 0.0,
        "MAG": 5.8,
        "MMI": 7,
        "LOCATION": "  Near San Jose, California",
        "YEAR": 1903.0,
        "MONTH": 8,
        "DAY": 3,
        "HOUR": 6,
        "MINUTE": 49,
        "SECOND": 0.0
      },
      "type": "Feature",
      "crs": null,
      "bbox": null
    },
    {
      "id": "83",
      "geometry": {
        "coordinates": [
          -124.00117489799999,
          40.999847157000033
        ],
        "type": "Point",
        "crs": null,
        "bbox": null
      },
      "properties": {
        "OBJECTID": 213.0,
        "STATE": " CA",
        "DEPTH": 0,
        "DEATHS": 0.0,
        "DAMAGE": 0.0,
        "MAG": 6.4,
        "MMI": 7,
        "LOCATION": "  Near Ferndale, California",
        "YEAR": 1906.0,
        "MONTH": 4,
        "DAY": 23,
        "HOUR": 9,
        "MINUTE": 10,
        "SECOND": 0.0
      },
      "type": "Feature",
      "crs": null,
      "bbox": null
    },
    {
      "id": "84",
      "geometry": {
        "coordinates": [
          -117.10086833499997,
          34.200008440000033
        ],
        "type": "Point",
        "crs": null,
        "bbox": null
      },
      "properties": {
        "OBJECTID": 214.0,
        "STATE": " CA",
        "DEPTH": 0,
        "DEATHS": 0.0,
        "DAMAGE": 0.0,
        "MAG": 5.3,
        "MMI": 7,
        "LOCATION": "  Near San Bernardino, California",
        "YEAR": 1907.0,
        "MONTH": 9,
        "DAY": 20,
        "HOUR": 1,
        "MINUTE": 54,
        "SECOND": 0.0
      },
      "type": "Feature",
      "crs": null,
      "bbox": null
    },
    {
      "id": "85",
      "geometry": {
        "coordinates": [
          -120.30104823899995,
          40.299899854000046
        ],
        "type": "Point",
        "crs": null,
        "bbox": null
      },
      "properties": {
        "OBJECTID": 215.0,
        "STATE": " CA",
        "DEPTH": 0,
        "DEATHS": 0.0,
        "DAMAGE": 0.0,
        "MAG": 0.0,
        "MMI": 7,
        "LOCATION": "  Honey Lake region, California",
        "YEAR": 1908.0,
        "MONTH": 1,
        "DAY": 27,
        "HOUR": 2,
        "MINUTE": 0,
        "SECOND": 0.0
      },
      "type": "Feature",
      "crs": null,
      "bbox": null
    },
    {
      "id": "86",
      "geometry": {
        "coordinates": [
          -124.00116730499997,
          40.799850699000046
        ],
        "type": "Point",
        "crs": null,
        "bbox": null
      },
      "properties": {
        "OBJECTID": 216.0,
        "STATE": " CA",
        "DEPTH": 0,
        "DEATHS": 0.0,
        "DAMAGE": 0.0,
        "MAG": 5.0,
        "MMI": 7,
        "LOCATION": "  Near Eureka, California",
        "YEAR": 1908.0,
        "MONTH": 8,
        "DAY": 18,
        "HOUR": 10,
        "MINUTE": 59,
        "SECOND": 0.0
      },
      "type": "Feature",
      "crs": null,
      "bbox": null
    },
    {
      "id": "87",
      "geometry": {
        "coordinates": [
          -124.00117489799999,
          40.999847157000033
        ],
        "type": "Point",
        "crs": null,
        "bbox": null
      },
      "properties": {
        "OBJECTID": 217.0,
        "STATE": " CA",
        "DEPTH": 0,
        "DEATHS": 0.0,
        "DAMAGE": 0.0,
        "MAG": 0.0,
        "MMI": 7,
        "LOCATION": "  Upper Mattole, California",
        "YEAR": 1909.0,
        "MONTH": 5,
        "DAY": 18,
        "HOUR": 1,
        "MINUTE": 19,
        "SECOND": 0.0
      },
      "type": "Feature",
      "crs": null,
      "bbox": null
    },
    {
      "id": "88",
      "geometry": {
        "coordinates": [
          -120.80105574099997,
          39.399898266000037
        ],
        "type": "Point",
        "crs": null,
        "bbox": null
      },
      "properties": {
        "OBJECTID": 218.0,
        "STATE": " CA",
        "DEPTH": 0,
        "DEATHS": 0.0,
        "DAMAGE": 0.0,
        "MAG": 5.69,
        "MMI": 7,
        "LOCATION": "  South of Downieville, California",
        "YEAR": 1909.0,
        "MONTH": 6,
        "DAY": 23,
        "HOUR": 7,
        "MINUTE": 24,
        "SECOND": 0.0
      },
      "type": "Feature",
      "crs": null,
      "bbox": null
    },
    {
      "id": "89",
      "geometry": {
        "coordinates": [
          -117.40087879499998,
          33.700019629000053
        ],
        "type": "Point",
        "crs": null,
        "bbox": null
      },
      "properties": {
        "OBJECTID": 219.0,
        "STATE": " CA",
        "DEPTH": 0,
        "DEATHS": 0.0,
        "DAMAGE": 0.0,
        "MAG": 6.0,
        "MMI": 7,
        "LOCATION": "  Lake Elsinore region, California",
        "YEAR": 1910.0,
        "MONTH": 5,
        "DAY": 15,
        "HOUR": 15,
        "MINUTE": 47,
        "SECOND": 0.0
      },
      "type": "Feature",
      "crs": null,
      "bbox": null
    },
    {
      "id": "90",
      "geometry": {
        "coordinates": [
          -122.00106837299995,
          37.169944933000068
        ],
        "type": "Point",
        "crs": null,
        "bbox": null
      },
      "properties": {
        "OBJECTID": 220.0,
        "STATE": " CA",
        "DEPTH": 0,
        "DEATHS": 0.0,
        "DAMAGE": 0.0,
        "MAG": 4.69,
        "MMI": 7,
        "LOCATION": "  Santa Clara County, California",
        "YEAR": 1914.0,
        "MONTH": 11,
        "DAY": 9,
        "HOUR": 2,
        "MINUTE": 31,
        "SECOND": 0.0
      },
      "type": "Feature",
      "crs": null,
      "bbox": null
    },
    {
      "id": "91",
      "geometry": {
        "coordinates": [
          -121.83110800499998,
          40.57987982700007
        ],
        "type": "Point",
        "crs": null,
        "bbox": null
      },
      "properties": {
        "OBJECTID": 221.0,
        "STATE": " CA",
        "DEPTH": 0,
        "DEATHS": 0.0,
        "DAMAGE": 0.0,
        "MAG": 0.0,
        "MMI": 7,
        "LOCATION": "  Near Whitmore, California",
        "YEAR": 1915.0,
        "MONTH": 2,
        "DAY": 22,
        "HOUR": 0,
        "MINUTE": 0,
        "SECOND": 0.0
      },
      "type": "Feature",
      "crs": null,
      "bbox": null
    },
    {
      "id": "92",
      "geometry": {
        "coordinates": [
          -121.25103755299995,
          36.669960210000056
        ],
        "type": "Point",
        "crs": null,
        "bbox": null
      },
      "properties": {
        "OBJECTID": 222.0,
        "STATE": " CA",
        "DEPTH": 0,
        "DEATHS": 0.0,
        "DAMAGE": 0.0,
        "MAG": 5.3,
        "MMI": 7,
        "LOCATION": "  Near Paicines, California",
        "YEAR": 1916.0,
        "MONTH": 8,
        "DAY": 6,
        "HOUR": 19,
        "MINUTE": 38,
        "SECOND": 0.0
      },
      "type": "Feature",
      "crs": null,
      "bbox": null
    },
    {
      "id": "93",
      "geometry": {
        "coordinates": [
          -118.90093225899994,
          34.899975019000067
        ],
        "type": "Point",
        "crs": null,
        "bbox": null
      },
      "properties": {
        "OBJECTID": 223.0,
        "STATE": " CA",
        "DEPTH": 0,
        "DEATHS": 0.0,
        "DAMAGE": 0.0,
        "MAG": 6.0,
        "MMI": 7,
        "LOCATION": "  Near Lebec, California",
        "YEAR": 1916.0,
        "MONTH": 10,
        "DAY": 23,
        "HOUR": 2,
        "MINUTE": 44,
        "SECOND": 0.0
      },
      "type": "Feature",
      "crs": null,
      "bbox": null
    },
    {
      "id": "94",
      "geometry": {
        "coordinates": [
          -120.75100726999995,
          35.169971582000073
        ],
        "type": "Point",
        "crs": null,
        "bbox": null
      },
      "properties": {
        "OBJECTID": 224.0,
        "STATE": " CA",
        "DEPTH": 0,
        "DEATHS": 0.0,
        "DAMAGE": 0.0,
        "MAG": 0.0,
        "MMI": 7,
        "LOCATION": "  Near Avila, California",
        "YEAR": 1916.0,
        "MONTH": 12,
        "DAY": 1,
        "HOUR": 22,
        "MINUTE": 53,
        "SECOND": 0.0
      },
      "type": "Feature",
      "crs": null,
      "bbox": null
    },
    {
      "id": "95",
      "geometry": {
        "coordinates": [
          -120.83106204399996,
          39.579898700000058
        ],
        "type": "Point",
        "crs": null,
        "bbox": null
      },
      "properties": {
        "OBJECTID": 225.0,
        "STATE": " CA",
        "DEPTH": 0,
        "DEATHS": 0.0,
        "DAMAGE": 0.0,
        "MAG": 0.0,
        "MMI": 7,
        "LOCATION": "  Downieville, California",
        "YEAR": 1918.0,
        "MONTH": 3,
        "DAY": 12,
        "HOUR": 10,
        "MINUTE": 30,
        "SECOND": 0.0
      },
      "type": "Feature",
      "crs": null,
      "bbox": null
    },
    {
      "id": "96",
      "geometry": {
        "coordinates": [
          -119.00093866499998,
          34.999969744000055
        ],
        "type": "Point",
        "crs": null,
        "bbox": null
      },
      "properties": {
        "OBJECTID": 226.0,
        "STATE": " CA",
        "DEPTH": 0,
        "DEATHS": 0.0,
        "DAMAGE": 0.0,
        "MAG": 5.0,
        "MMI": 7,
        "LOCATION": "  Near Maricopa, California",
        "YEAR": 1919.0,
        "MONTH": 2,
        "DAY": 16,
        "HOUR": 15,
        "MINUTE": 57,
        "SECOND": 0.0
      },
      "type": "Feature",
      "crs": null,
      "bbox": null
    },
    {
      "id": "97",
      "geometry": {
        "coordinates": [
          -124.17117323199994,
          40.82984940800003
        ],
        "type": "Point",
        "crs": null,
        "bbox": null
      },
      "properties": {
        "OBJECTID": 227.0,
        "STATE": " CA",
        "DEPTH": 0,
        "DEATHS": 0.0,
        "DAMAGE": 0.0,
        "MAG": 0.0,
        "MMI": 7,
        "LOCATION": "  Near Eureka, California",
        "YEAR": 1919.0,
        "MONTH": 9,
        "DAY": 15,
        "HOUR": 14,
        "MINUTE": 7,
        "SECOND": 0.0
      },
      "type": "Feature",
      "crs": null,
      "bbox": null
    },
    {
      "id": "98",
      "geometry": {
        "coordinates": [
          -121.83110041299995,
          40.499878206000062
        ],
        "type": "Point",
        "crs": null,
        "bbox": null
      },
      "properties": {
        "OBJECTID": 228.0,
        "STATE": " CA",
        "DEPTH": 0,
        "DEATHS": 0.0,
        "DAMAGE": 0.0,
        "MAG": 0.0,
        "MMI": 7,
        "LOCATION": "  Hot Springs, California",
        "YEAR": 1920.0,
        "MONTH": 7,
        "DAY": 23,
        "HOUR": 3,
        "MINUTE": 55,
        "SECOND": 0.0
      },
      "type": "Feature",
      "crs": null,
      "bbox": null
    },
    {
      "id": "99",
      "geometry": {
        "coordinates": [
          -117.25087765399996,
          34.000015485000063
        ],
        "type": "Point",
        "crs": null,
        "bbox": null
      },
      "properties": {
        "OBJECTID": 229.0,
        "STATE": " CA",
        "DEPTH": 0,
        "DEATHS": 0.0,
        "DAMAGE": 0.0,
        "MAG": 6.25,
        "MMI": 7,
        "LOCATION": "  Near Redlands, California",
        "YEAR": 1923.0,
        "MONTH": 7,
        "DAY": 23,
        "HOUR": 7,
        "MINUTE": 30,
        "SECOND": 26.0
      },
      "type": "Feature",
      "crs": null,
      "bbox": null
    },
    {
      "id": "100",
      "geometry": {
        "coordinates": [
          -119.50095376099995,
          34.499992614000064
        ],
        "type": "Point",
        "crs": null,
        "bbox": null
      },
      "properties": {
        "OBJECTID": 230.0,
        "STATE": " CA",
        "DEPTH": 0,
        "DEATHS": 0.0,
        "DAMAGE": 0.0,
        "MAG": 5.5,
        "MMI": 7,
        "LOCATION": "  Near Santa Barbara, California",
        "YEAR": 1926.0,
        "MONTH": 6,
        "DAY": 29,
        "HOUR": 23,
        "MINUTE": 21,
        "SECOND": 0.0
      },
      "type": "Feature",
      "crs": null,
      "bbox": null
    },
    {
      "id": "101",
      "geometry": {
        "coordinates": [
          -122.35108174299995,
          36.616958538000063
        ],
        "type": "Point",
        "crs": null,
        "bbox": null
      },
      "properties": {
        "OBJECTID": 231.0,
        "STATE": " CA",
        "DEPTH": 0,
        "DEATHS": 0.0,
        "DAMAGE": 0.0,
        "MAG": 6.09,
        "MMI": 7,
        "LOCATION": "  Off the coast of Monterey County, California",
        "YEAR": 1926.0,
        "MONTH": 10,
        "DAY": 22,
        "HOUR": 12,
        "MINUTE": 35,
        "SECOND": 0.0
      },
      "type": "Feature",
      "crs": null,
      "bbox": null
    },
    {
      "id": "102",
      "geometry": {
        "coordinates": [
          -122.18407457699999,
          36.549961283000073
        ],
        "type": "Point",
        "crs": null,
        "bbox": null
      },
      "properties": {
        "OBJECTID": 232.0,
        "STATE": " CA",
        "DEPTH": 0,
        "DEATHS": 0.0,
        "DAMAGE": 0.0,
        "MAG": 6.09,
        "MMI": 7,
        "LOCATION": "  Off the coast of Monterey County, California",
        "YEAR": 1926.0,
        "MONTH": 10,
        "DAY": 22,
        "HOUR": 13,
        "MINUTE": 35,
        "SECOND": 22.0
      },
      "type": "Feature",
      "crs": null,
      "bbox": null
    },
    {
      "id": "103",
      "geometry": {
        "coordinates": [
          -118.04090110699997,
          33.910015268000052
        ],
        "type": "Point",
        "crs": null,
        "bbox": null
      },
      "properties": {
        "OBJECTID": 233.0,
        "STATE": " CA",
        "DEPTH": 13,
        "DEATHS": 0.0,
        "DAMAGE": 0.0,
        "MAG": 4.69,
        "MMI": 7,
        "LOCATION": "  Near Whittier, California",
        "YEAR": 1929.0,
        "MONTH": 7,
        "DAY": 8,
        "HOUR": 16,
        "MINUTE": 46,
        "SECOND": 7.0
      },
      "type": "Feature",
      "crs": null,
      "bbox": null
    },
    {
      "id": "104",
      "geometry": {
        "coordinates": [
          -118.20092771299994,
          36.899932599000067
        ],
        "type": "Point",
        "crs": null,
        "bbox": null
      },
      "properties": {
        "OBJECTID": 234.0,
        "STATE": " CA",
        "DEPTH": 0,
        "DEATHS": 0.0,
        "DAMAGE": 0.0,
        "MAG": 5.5,
        "MMI": 7,
        "LOCATION": "  Southeast of Aberdeen, California",
        "YEAR": 1929.0,
        "MONTH": 11,
        "DAY": 28,
        "HOUR": 19,
        "MINUTE": 49,
        "SECOND": 0.0
      },
      "type": "Feature",
      "crs": null,
      "bbox": null
    },
    {
      "id": "105",
      "geometry": {
        "coordinates": [
          -116.90086369899996,
          34.200008440000033
        ],
        "type": "Point",
        "crs": null,
        "bbox": null
      },
      "properties": {
        "OBJECTID": 235.0,
        "STATE": " CA",
        "DEPTH": 0,
        "DEATHS": 0.0,
        "DAMAGE": 0.0,
        "MAG": 5.25,
        "MMI": 7,
        "LOCATION": "  Near Summit, California",
        "YEAR": 1930.0,
        "MONTH": 1,
        "DAY": 16,
        "HOUR": 0,
        "MINUTE": 24,
        "SECOND": 34.0
      },
      "type": "Feature",
      "crs": null,
      "bbox": null
    },
    {
      "id": "106",
      "geometry": {
        "coordinates": [
          -116.90086369899996,
          34.200008440000033
        ],
        "type": "Point",
        "crs": null,
        "bbox": null
      },
      "properties": {
        "OBJECTID": 236.0,
        "STATE": " CA",
        "DEPTH": 0,
        "DEATHS": 0.0,
        "DAMAGE": 0.0,
        "MAG": 5.09,
        "MMI": 7,
        "LOCATION": "  Near Summit, California",
        "YEAR": 1930.0,
        "MONTH": 1,
        "DAY": 16,
        "HOUR": 0,
        "MINUTE": 34,
        "SECOND": 0.0
      },
      "type": "Feature",
      "crs": null,
      "bbox": null
    },
    {
      "id": "107",
      "geometry": {
        "coordinates": [
          -115.50082423599997,
          33.000041952000061
        ],
        "type": "Point",
        "crs": null,
        "bbox": null
      },
      "properties": {
        "OBJECTID": 237.0,
        "STATE": " CA",
        "DEPTH": 0,
        "DEATHS": 0.0,
        "DAMAGE": 0.0,
        "MAG": 5.0,
        "MMI": 7,
        "LOCATION": "  Near Westmorland, California",
        "YEAR": 1930.0,
        "MONTH": 2,
        "DAY": 26,
        "HOUR": 2,
        "MINUTE": 30,
        "SECOND": 0.0
      },
      "type": "Feature",
      "crs": null,
      "bbox": null
    },
    {
      "id": "108",
      "geometry": {
        "coordinates": [
          -115.50082423599997,
          33.000041952000061
        ],
        "type": "Point",
        "crs": null,
        "bbox": null
      },
      "properties": {
        "OBJECTID": 238.0,
        "STATE": " CA",
        "DEPTH": 0,
        "DEATHS": 0.0,
        "DAMAGE": 0.0,
        "MAG": 4.5,
        "MMI": 7,
        "LOCATION": "  Near Brawley, California",
        "YEAR": 1930.0,
        "MONTH": 3,
        "DAY": 1,
        "HOUR": 23,
        "MINUTE": 44,
        "SECOND": 0.0
      },
      "type": "Feature",
      "crs": null,
      "bbox": null
    },
    {
      "id": "109",
      "geometry": {
        "coordinates": [
          -118.64391319299995,
          34.030006601000025
        ],
        "type": "Point",
        "crs": null,
        "bbox": null
      },
      "properties": {
        "OBJECTID": 239.0,
        "STATE": " CA",
        "DEPTH": 15,
        "DEATHS": 0.0,
        "DAMAGE": 0.0,
        "MAG": 5.25,
        "MMI": 7,
        "LOCATION": "  Santa Monica Bay, west of the Los Angeles Basin, California",
        "YEAR": 1930.0,
        "MONTH": 8,
        "DAY": 31,
        "HOUR": 0,
        "MINUTE": 40,
        "SECOND": 38.0
      },
      "type": "Feature",
      "crs": null,
      "bbox": null
    },
    {
      "id": "110",
      "geometry": {
        "coordinates": [
          -124.17117323199994,
          40.82984940800003
        ],
        "type": "Point",
        "crs": null,
        "bbox": null
      },
      "properties": {
        "OBJECTID": 240.0,
        "STATE": " CA",
        "DEPTH": 0,
        "DEATHS": 0.0,
        "DAMAGE": 0.0,
        "MAG": 5.0,
        "MMI": 7,
        "LOCATION": "  Near Eureka, California",
        "YEAR": 1930.0,
        "MONTH": 9,
        "DAY": 23,
        "HOUR": 2,
        "MINUTE": 56,
        "SECOND": 55.0
      },
      "type": "Feature",
      "crs": null,
      "bbox": null
    },
    {
      "id": "111",
      "geometry": {
        "coordinates": [
          -122.00107596599997,
          37.599933640000074
        ],
        "type": "Point",
        "crs": null,
        "bbox": null
      },
      "properties": {
        "OBJECTID": 241.0,
        "STATE": " CA",
        "DEPTH": 0,
        "DEATHS": 0.0,
        "DAMAGE": 0.0,
        "MAG": 4.5,
        "MMI": 7,
        "LOCATION": "  Near Niles, California",
        "YEAR": 1933.0,
        "MONTH": 5,
        "DAY": 16,
        "HOUR": 11,
        "MINUTE": 45,
        "SECOND": 26.0
      },
      "type": "Feature",
      "crs": null,
      "bbox": null
    },
    {
      "id": "112",
      "geometry": {
        "coordinates": [
          -120.33098620299995,
          35.79996492500004
        ],
        "type": "Point",
        "crs": null,
        "bbox": null
      },
      "properties": {
        "OBJECTID": 242.0,
        "STATE": " CA",
        "DEPTH": 16,
        "DEATHS": 0.0,
        "DAMAGE": 0.0,
        "MAG": 5.0,
        "MMI": 7,
        "LOCATION": "  Near Parkfield, California",
        "YEAR": 1934.0,
        "MONTH": 6,
        "DAY": 8,
        "HOUR": 4,
        "MINUTE": 30,
        "SECOND": 0.0
      },
      "type": "Feature",
      "crs": null,
      "bbox": null
    },
    {
      "id": "113",
      "geometry": {
        "coordinates": [
          -122.20107242499995,
          37.799926594000056
        ],
        "type": "Point",
        "crs": null,
        "bbox": null
      },
      "properties": {
        "OBJECTID": 243.0,
        "STATE": " CA",
        "DEPTH": 0,
        "DEATHS": 0.0,
        "DAMAGE": 0.0,
        "MAG": 4.5,
        "MMI": 7,
        "LOCATION": "  San Francisco Bay region, California",
        "YEAR": 1937.0,
        "MONTH": 3,
        "DAY": 8,
        "HOUR": 10,
        "MINUTE": 31,
        "SECOND": 12.0
      },
      "type": "Feature",
      "crs": null,
      "bbox": null
    },
    {
      "id": "114",
      "geometry": {
        "coordinates": [
          -121.45104978199998,
          36.799957149000079
        ],
        "type": "Point",
        "crs": null,
        "bbox": null
      },
      "properties": {
        "OBJECTID": 244.0,
        "STATE": " CA",
        "DEPTH": 0,
        "DEATHS": 0.0,
        "DAMAGE": 0.0,
        "MAG": 5.5,
        "MMI": 7,
        "LOCATION": "  Southwest of Hollister, California",
        "YEAR": 1939.0,
        "MONTH": 6,
        "DAY": 24,
        "HOUR": 13,
        "MINUTE": 2,
        "SECOND": 6.0
      },
      "type": "Feature",
      "crs": null,
      "bbox": null
    },
    {
      "id": "115",
      "geometry": {
        "coordinates": [
          -121.60108187999998,
          39.999881802000061
        ],
        "type": "Point",
        "crs": null,
        "bbox": null
      },
      "properties": {
        "OBJECTID": 245.0,
        "STATE": " CA",
        "DEPTH": 0,
        "DEATHS": 0.0,
        "DAMAGE": 0.0,
        "MAG": 5.69,
        "MMI": 7,
        "LOCATION": "  North of Paradise, California",
        "YEAR": 1940.0,
        "MONTH": 2,
        "DAY": 8,
        "HOUR": 8,
        "MINUTE": 5,
        "SECOND": 59.0
      },
      "type": "Feature",
      "crs": null,
      "bbox": null
    },
    {
      "id": "116",
      "geometry": {
        "coordinates": [
          -118.21790336499998,
          33.817020378000052
        ],
        "type": "Point",
        "crs": null,
        "bbox": null
      },
      "properties": {
        "OBJECTID": 246.0,
        "STATE": " CA",
        "DEPTH": 16,
        "DEATHS": 0.0,
        "DAMAGE": 0.0,
        "MAG": 4.9,
        "MMI": 7,
        "LOCATION": "  Near Gardena, California",
        "YEAR": 1941.0,
        "MONTH": 10,
        "DAY": 22,
        "HOUR": 6,
        "MINUTE": 57,
        "SECOND": 18.5
      },
      "type": "Feature",
      "crs": null,
      "bbox": null
    },
    {
      "id": "117",
      "geometry": {
        "coordinates": [
          -118.05590834799995,
          35.72494916800008
        ],
        "type": "Point",
        "crs": null,
        "bbox": null
      },
      "properties": {
        "OBJECTID": 247.0,
        "STATE": " CA",
        "DEPTH": 22,
        "DEATHS": 0.0,
        "DAMAGE": 0.0,
        "MAG": 6.05,
        "MMI": 7,
        "LOCATION": "  North of Walker Pass, California",
        "YEAR": 1946.0,
        "MONTH": 3,
        "DAY": 15,
        "HOUR": 13,
        "MINUTE": 49,
        "SECOND": 35.9
      },
      "type": "Feature",
      "crs": null,
      "bbox": null
    },
    {
      "id": "118",
      "geometry": {
        "coordinates": [
          -116.55086493099998,
          34.982986499000049
        ],
        "type": "Point",
        "crs": null,
        "bbox": null
      },
      "properties": {
        "OBJECTID": 248.0,
        "STATE": " CA",
        "DEPTH": 16,
        "DEATHS": 0.0,
        "DAMAGE": 0.0,
        "MAG": 6.51,
        "MMI": 7,
        "LOCATION": "  Near Manix, California",
        "YEAR": 1947.0,
        "MONTH": 4,
        "DAY": 10,
        "HOUR": 15,
        "MINUTE": 58,
        "SECOND": 6.0
      },
      "type": "Feature",
      "crs": null,
      "bbox": null
    },
    {
      "id": "119",
      "geometry": {
        "coordinates": [
          -116.38385017199994,
          33.933010054000079
        ],
        "type": "Point",
        "crs": null,
        "bbox": null
      },
      "properties": {
        "OBJECTID": 249.0,
        "STATE": " CA",
        "DEPTH": 16,
        "DEATHS": 0.0,
        "DAMAGE": 0.0,
        "MAG": 6.5,
        "MMI": 7,
        "LOCATION": "  Near Desert Hot Springs, California",
        "YEAR": 1948.0,
        "MONTH": 12,
        "DAY": 4,
        "HOUR": 23,
        "MINUTE": 43,
        "SECOND": 17.0
      },
      "type": "Feature",
      "crs": null,
      "bbox": null
    },
    {
      "id": "120",
      "geometry": {
        "coordinates": [
          -120.08103940099994,
          39.549907584000039
        ],
        "type": "Point",
        "crs": null,
        "bbox": null
      },
      "properties": {
        "OBJECTID": 250.0,
        "STATE": " CA",
        "DEPTH": 0,
        "DEATHS": 0.0,
        "DAMAGE": 0.0,
        "MAG": 6.0,
        "MMI": 7,
        "LOCATION": "  West of Reno, Nev.",
        "YEAR": 1948.0,
        "MONTH": 12,
        "DAY": 29,
        "HOUR": 12,
        "MINUTE": 53,
        "SECOND": 28.0
      },
      "type": "Feature",
      "crs": null,
      "bbox": null
    },
    {
      "id": "121",
      "geometry": {
        "coordinates": [
          -121.62105570799997,
          36.899955963000025
        ],
        "type": "Point",
        "crs": null,
        "bbox": null
      },
      "properties": {
        "OBJECTID": 251.0,
        "STATE": " CA",
        "DEPTH": 0,
        "DEATHS": 0.0,
        "DAMAGE": 0.0,
        "MAG": 4.5,
        "MMI": 7,
        "LOCATION": "  Near Watsonville, California",
        "YEAR": 1949.0,
        "MONTH": 1,
        "DAY": 1,
        "HOUR": 1,
        "MINUTE": 17,
        "SECOND": 54.0
      },
      "type": "Feature",
      "crs": null,
      "bbox": null
    },
    {
      "id": "122",
      "geometry": {
        "coordinates": [
          -121.48104849099997,
          37.019947296000055
        ],
        "type": "Point",
        "crs": null,
        "bbox": null
      },
      "properties": {
        "OBJECTID": 252.0,
        "STATE": " CA",
        "DEPTH": 0,
        "DEATHS": 0.0,
        "DAMAGE": 0.0,
        "MAG": 5.19,
        "MMI": 7,
        "LOCATION": "  Northwest of Hollister, California",
        "YEAR": 1949.0,
        "MONTH": 3,
        "DAY": 9,
        "HOUR": 12,
        "MINUTE": 28,
        "SECOND": 39.0
      },
      "type": "Feature",
      "crs": null,
      "bbox": null
    },
    {
      "id": "123",
      "geometry": {
        "coordinates": [
          -120.06803912299995,
          40.082904963000033
        ],
        "type": "Point",
        "crs": null,
        "bbox": null
      },
      "properties": {
        "OBJECTID": 253.0,
        "STATE": " CA",
        "DEPTH": 0,
        "DEATHS": 0.0,
        "DAMAGE": 0.0,
        "MAG": 5.59,
        "MMI": 7,
        "LOCATION": "  Near Herlong, California",
        "YEAR": 1950.0,
        "MONTH": 12,
        "DAY": 14,
        "HOUR": 13,
        "MINUTE": 24,
        "SECOND": 19.0
      },
      "type": "Feature",
      "crs": null,
      "bbox": null
    },
    {
      "id": "124",
      "geometry": {
        "coordinates": [
          -115.73383335199998,
          32.983051114000034
        ],
        "type": "Point",
        "crs": null,
        "bbox": null
      },
      "properties": {
        "OBJECTID": 254.0,
        "STATE": " CA",
        "DEPTH": 16,
        "DEATHS": 0.0,
        "DAMAGE": 0.0,
        "MAG": 5.59,
        "MMI": 7,
        "LOCATION": "  Near Westmorland, California",
        "YEAR": 1951.0,
        "MONTH": 1,
        "DAY": 24,
        "HOUR": 7,
        "MINUTE": 17,
        "SECOND": 2.59
      },
      "type": "Feature",
      "crs": null,
      "bbox": null
    },
    {
      "id": "125",
      "geometry": {
        "coordinates": [
          -124.80118584999997,
          40.282859952000081
        ],
        "type": "Point",
        "crs": null,
        "bbox": null
      },
      "properties": {
        "OBJECTID": 255.0,
        "STATE": " CA",
        "DEPTH": 0,
        "DEATHS": 0.0,
        "DAMAGE": 0.0,
        "MAG": 5.8,
        "MMI": 7,
        "LOCATION": "  Off Cape Mendocino, California",
        "YEAR": 1951.0,
        "MONTH": 10,
        "DAY": 8,
        "HOUR": 4,
        "MINUTE": 10,
        "SECOND": 35.0
      },
      "type": "Feature",
      "crs": null,
      "bbox": null
    },
    {
      "id": "126",
      "geometry": {
        "coordinates": [
          -115.40081782899995,
          33.100036677000048
        ],
        "type": "Point",
        "crs": null,
        "bbox": null
      },
      "properties": {
        "OBJECTID": 256.0,
        "STATE": " CA",
        "DEPTH": 16,
        "DEATHS": 0.0,
        "DAMAGE": 0.0,
        "MAG": 4.5,
        "MMI": 7,
        "LOCATION": "  Near Brawley, California",
        "YEAR": 1951.0,
        "MONTH": 12,
        "DAY": 5,
        "HOUR": 15,
        "MINUTE": 53,
        "SECOND": 14.0
      },
      "type": "Feature",
      "crs": null,
      "bbox": null
    },
    {
      "id": "127",
      "geometry": {
        "coordinates": [
          -118.83393091599999,
          34.999969744000055
        ],
        "type": "Point",
        "crs": null,
        "bbox": null
      },
      "properties": {
        "OBJECTID": 257.0,
        "STATE": " CA",
        "DEPTH": 16,
        "DEATHS": 0.0,
        "DAMAGE": 0.0,
        "MAG": 5.4,
        "MMI": 7,
        "LOCATION": "  Kern County, California",
        "YEAR": 1952.0,
        "MONTH": 7,
        "DAY": 23,
        "HOUR": 7,
        "MINUTE": 53,
        "SECOND": 19.0
      },
      "type": "Feature",
      "crs": null,
      "bbox": null
    },
    {
      "id": "128",
      "geometry": {
        "coordinates": [
          -118.81793187599999,
          35.216961129000026
        ],
        "type": "Point",
        "crs": null,
        "bbox": null
      },
      "properties": {
        "OBJECTID": 258.0,
        "STATE": " CA",
        "DEPTH": 16,
        "DEATHS": 0.0,
        "DAMAGE": 0.0,
        "MAG": 5.76,
        "MMI": 7,
        "LOCATION": "  Kern County, California",
        "YEAR": 1952.0,
        "MONTH": 7,
        "DAY": 23,
        "HOUR": 13,
        "MINUTE": 17,
        "SECOND": 5.0
      },
      "type": "Feature",
      "crs": null,
      "bbox": null
    },
    {
      "id": "129",
      "geometry": {
        "coordinates": [
          -118.85092934699998,
          35.382957220000037
        ],
        "type": "Point",
        "crs": null,
        "bbox": null
      },
      "properties": {
        "OBJECTID": 259.0,
        "STATE": " CA",
        "DEPTH": 16,
        "DEATHS": 0.0,
        "DAMAGE": 0.0,
        "MAG": 6.26,
        "MMI": 7,
        "LOCATION": "  Kern County, California",
        "YEAR": 1952.0,
        "MONTH": 7,
        "DAY": 29,
        "HOUR": 7,
        "MINUTE": 3,
        "SECOND": 47.0
      },
      "type": "Feature",
      "crs": null,
      "bbox": null
    },
    {
      "id": "130",
      "geometry": {
        "coordinates": [
          -124.41815923799999,
          40.199859569000068
        ],
        "type": "Point",
        "crs": null,
        "bbox": null
      },
      "properties": {
        "OBJECTID": 260.0,
        "STATE": " CA",
        "DEPTH": 0,
        "DEATHS": 0.0,
        "DAMAGE": 0.0,
        "MAG": 5.19,
        "MMI": 7,
        "LOCATION": "  Southwest of Petrolia, California",
        "YEAR": 1952.0,
        "MONTH": 9,
        "DAY": 22,
        "HOUR": 11,
        "MINUTE": 41,
        "SECOND": 25.0
      },
      "type": "Feature",
      "crs": null,
      "bbox": null
    },
    {
      "id": "131",
      "geometry": {
        "coordinates": [
          -121.14602658999996,
          35.767970935000051
        ],
        "type": "Point",
        "crs": null,
        "bbox": null
      },
      "properties": {
        "OBJECTID": 261.0,
        "STATE": " CA",
        "DEPTH": 10,
        "DEATHS": 0.0,
        "DAMAGE": 0.0,
        "MAG": 6.0,
        "MMI": 7,
        "LOCATION": "  Near Bryson, California",
        "YEAR": 1952.0,
        "MONTH": 11,
        "DAY": 22,
        "HOUR": 7,
        "MINUTE": 46,
        "SECOND": 36.0
      },
      "type": "Feature",
      "crs": null,
      "bbox": null
    },
    {
      "id": "132",
      "geometry": {
        "coordinates": [
          -115.71783431299997,
          32.950050139000041
        ],
        "type": "Point",
        "crs": null,
        "bbox": null
      },
      "properties": {
        "OBJECTID": 262.0,
        "STATE": " CA",
        "DEPTH": 16,
        "DEATHS": 0.0,
        "DAMAGE": 0.0,
        "MAG": 5.5,
        "MMI": 7,
        "LOCATION": "  Brawley area, California",
        "YEAR": 1953.0,
        "MONTH": 6,
        "DAY": 14,
        "HOUR": 4,
        "MINUTE": 17,
        "SECOND": 29.89
      },
      "type": "Feature",
      "crs": null,
      "bbox": null
    },
    {
      "id": "133",
      "geometry": {
        "coordinates": [
          -119.01793651299994,
          34.999969744000055
        ],
        "type": "Point",
        "crs": null,
        "bbox": null
      },
      "properties": {
        "OBJECTID": 263.0,
        "STATE": " CA",
        "DEPTH": 16,
        "DEATHS": 0.0,
        "DAMAGE": 0.0,
        "MAG": 5.9,
        "MMI": 7,
        "LOCATION": "  West of Wheeler Ridge, California",
        "YEAR": 1954.0,
        "MONTH": 1,
        "DAY": 12,
        "HOUR": 23,
        "MINUTE": 33,
        "SECOND": 49.0
      },
      "type": "Feature",
      "crs": null,
      "bbox": null
    },
    {
      "id": "134",
      "geometry": {
        "coordinates": [
          -124.16817447099999,
          40.782848178000052
        ],
        "type": "Point",
        "crs": null,
        "bbox": null
      },
      "properties": {
        "OBJECTID": 264.0,
        "STATE": " CA",
        "DEPTH": 0,
        "DEATHS": 0.0,
        "DAMAGE": 210000.0,
        "MAG": 6.5,
        "MMI": 7,
        "LOCATION": "  Near Eureka-Arcata, California",
        "YEAR": 1954.0,
        "MONTH": 12,
        "DAY": 21,
        "HOUR": 19,
        "MINUTE": 56,
        "SECOND": 24.39
      },
      "type": "Feature",
      "crs": null,
      "bbox": null
    },
    {
      "id": "135",
      "geometry": {
        "coordinates": [
          -121.78405771199999,
          37.366939710000054
        ],
        "type": "Point",
        "crs": null,
        "bbox": null
      },
      "properties": {
        "OBJECTID": 265.0,
        "STATE": " CA",
        "DEPTH": 0,
        "DEATHS": 0.0,
        "DAMAGE": 10000.0,
        "MAG": 5.5,
        "MMI": 7,
        "LOCATION": "  East of San Jose, California",
        "YEAR": 1955.0,
        "MONTH": 9,
        "DAY": 5,
        "HOUR": 2,
        "MINUTE": 1,
        "SECOND": 18.0
      },
      "type": "Feature",
      "crs": null,
      "bbox": null
    },
    {
      "id": "136",
      "geometry": {
        "coordinates": [
          -122.05107887699995,
          37.966922662000059
        ],
        "type": "Point",
        "crs": null,
        "bbox": null
      },
      "properties": {
        "OBJECTID": 266.0,
        "STATE": " CA",
        "DEPTH": 0,
        "DEATHS": 1.0,
        "DAMAGE": 100000.0,
        "MAG": 5.4,
        "MMI": 7,
        "LOCATION": "  Concord-Walnut Creek area, California",
        "YEAR": 1955.0,
        "MONTH": 10,
        "DAY": 24,
        "HOUR": 4,
        "MINUTE": 10,
        "SECOND": 44.0
      },
      "type": "Feature",
      "crs": null,
      "bbox": null
    },
    {
      "id": "137",
      "geometry": {
        "coordinates": [
          -115.50082423599997,
          33.000041952000061
        ],
        "type": "Point",
        "crs": null,
        "bbox": null
      },
      "properties": {
        "OBJECTID": 267.0,
        "STATE": " CA",
        "DEPTH": 16,
        "DEATHS": 0.0,
        "DAMAGE": 0.0,
        "MAG": 5.4,
        "MMI": 7,
        "LOCATION": "  Near Brawley, California",
        "YEAR": 1955.0,
        "MONTH": 12,
        "DAY": 17,
        "HOUR": 6,
        "MINUTE": 7,
        "SECOND": 29.0
      },
      "type": "Feature",
      "crs": null,
      "bbox": null
    },
    {
      "id": "138",
      "geometry": {
        "coordinates": [
          -122.48408503699994,
          37.666934983000033
        ],
        "type": "Point",
        "crs": null,
        "bbox": null
      },
      "properties": {
        "OBJECTID": 268.0,
        "STATE": " CA",
        "DEPTH": 0,
        "DEATHS": 1.0,
        "DAMAGE": 100000.0,
        "MAG": 5.3,
        "MMI": 7,
        "LOCATION": "  West of Daly City, California",
        "YEAR": 1957.0,
        "MONTH": 3,
        "DAY": 22,
        "HOUR": 19,
        "MINUTE": 44,
        "SECOND": 21.0
      },
      "type": "Feature",
      "crs": null,
      "bbox": null
    },
    {
      "id": "139",
      "geometry": {
        "coordinates": [
          -115.80883041799996,
          33.217040931000042
        ],
        "type": "Point",
        "crs": null,
        "bbox": null
      },
      "properties": {
        "OBJECTID": 269.0,
        "STATE": " CA",
        "DEPTH": 0,
        "DEATHS": 0.0,
        "DAMAGE": 0.0,
        "MAG": 5.19,
        "MMI": 7,
        "LOCATION": "  Southwest end of Salton Sea, California",
        "YEAR": 1957.0,
        "MONTH": 4,
        "DAY": 25,
        "HOUR": 21,
        "MINUTE": 57,
        "SECOND": 38.7
      },
      "type": "Feature",
      "crs": null,
      "bbox": null
    },
    {
      "id": "140",
      "geometry": {
        "coordinates": [
          -120.20103482299999,
          39.716903652000042
        ],
        "type": "Point",
        "crs": null,
        "bbox": null
      },
      "properties": {
        "OBJECTID": 270.0,
        "STATE": " CA",
        "DEPTH": 0,
        "DEATHS": 0.0,
        "DAMAGE": 0.0,
        "MAG": 5.59,
        "MMI": 7,
        "LOCATION": "  Northeast of Loyalton, California",
        "YEAR": 1959.0,
        "MONTH": 4,
        "DAY": 1,
        "HOUR": 18,
        "MINUTE": 18,
        "SECOND": 30.0
      },
      "type": "Feature",
      "crs": null,
      "bbox": null
    },
    {
      "id": "141",
      "geometry": {
        "coordinates": [
          -121.30104805599996,
          36.682960488000049
        ],
        "type": "Point",
        "crs": null,
        "bbox": null
      },
      "properties": {
        "OBJECTID": 271.0,
        "STATE": " CA",
        "DEPTH": 0,
        "DEATHS": 0.0,
        "DAMAGE": 2500.0,
        "MAG": 5.59,
        "MMI": 7,
        "LOCATION": "  South of Hollister, California",
        "YEAR": 1961.0,
        "MONTH": 4,
        "DAY": 9,
        "HOUR": 7,
        "MINUTE": 23,
        "SECOND": 16.0
      },
      "type": "Feature",
      "crs": null,
      "bbox": null
    },
    {
      "id": "142",
      "geometry": {
        "coordinates": [
          -121.30104805599996,
          36.682960488000049
        ],
        "type": "Point",
        "crs": null,
        "bbox": null
      },
      "properties": {
        "OBJECTID": 272.0,
        "STATE": " CA",
        "DEPTH": 0,
        "DEATHS": 0.0,
        "DAMAGE": 0.0,
        "MAG": 5.5,
        "MMI": 7,
        "LOCATION": "  South of Hollister, California",
        "YEAR": 1961.0,
        "MONTH": 4,
        "DAY": 9,
        "HOUR": 7,
        "MINUTE": 25,
        "SECOND": 41.0
      },
      "type": "Feature",
      "crs": null,
      "bbox": null
    },
    {
      "id": "143",
      "geometry": {
        "coordinates": [
          -123.09811380199994,
          39.115894439000044
        ],
        "type": "Point",
        "crs": null,
        "bbox": null
      },
      "properties": {
        "OBJECTID": 273.0,
        "STATE": " CA",
        "DEPTH": 10,
        "DEATHS": 0.0,
        "DAMAGE": 0.0,
        "MAG": 5.19,
        "MMI": 7,
        "LOCATION": "  Near Lakeport, California",
        "YEAR": 1962.0,
        "MONTH": 6,
        "DAY": 6,
        "HOUR": 17,
        "MINUTE": 50,
        "SECOND": 7.19
      },
      "type": "Feature",
      "crs": null,
      "bbox": null
    },
    {
      "id": "144",
      "geometry": {
        "coordinates": [
          -121.59805274599995,
          36.889953862000027
        ],
        "type": "Point",
        "crs": null,
        "bbox": null
      },
      "properties": {
        "OBJECTID": 274.0,
        "STATE": " CA",
        "DEPTH": 3,
        "DEATHS": 0.0,
        "DAMAGE": 0.0,
        "MAG": 5.4,
        "MMI": 7,
        "LOCATION": "  Near Watsonville, California",
        "YEAR": 1963.0,
        "MONTH": 9,
        "DAY": 14,
        "HOUR": 19,
        "MINUTE": 46,
        "SECOND": 17.0
      },
      "type": "Feature",
      "crs": null,
      "bbox": null
    },
    {
      "id": "145",
      "geometry": {
        "coordinates": [
          -121.69306160599996,
          37.054947057000049
        ],
        "type": "Point",
        "crs": null,
        "bbox": null
      },
      "properties": {
        "OBJECTID": 275.0,
        "STATE": " CA",
        "DEPTH": 0,
        "DEATHS": 0.0,
        "DAMAGE": 0.0,
        "MAG": 5.0,
        "MMI": 7,
        "LOCATION": "  Near Corralitos, California",
        "YEAR": 1964.0,
        "MONTH": 11,
        "DAY": 16,
        "HOUR": 2,
        "MINUTE": 46,
        "SECOND": 41.7
      },
      "type": "Feature",
      "crs": null,
      "bbox": null
    },
    {
      "id": "146",
      "geometry": {
        "coordinates": [
          -116.503860197,
          34.712993440000048
        ],
        "type": "Point",
        "crs": null,
        "bbox": null
      },
      "properties": {
        "OBJECTID": 276.0,
        "STATE": " CA",
        "DEPTH": 11,
        "DEATHS": 0.0,
        "DAMAGE": 0.0,
        "MAG": 5.19,
        "MMI": 7,
        "LOCATION": "  Southeast of Newberry, California",
        "YEAR": 1965.0,
        "MONTH": 9,
        "DAY": 25,
        "HOUR": 17,
        "MINUTE": 43,
        "SECOND": 44.09
      },
      "type": "Feature",
      "crs": null,
      "bbox": null
    },
    {
      "id": "147",
      "geometry": {
        "coordinates": [
          -120.49899276099995,
          35.954963612000029
        ],
        "type": "Point",
        "crs": null,
        "bbox": null
      },
      "properties": {
        "OBJECTID": 277.0,
        "STATE": " CA",
        "DEPTH": 0,
        "DEATHS": 0.0,
        "DAMAGE": 0.0,
        "MAG": 6.05,
        "MMI": 7,
        "LOCATION": "  Near Parkfield, California",
        "YEAR": 1966.0,
        "MONTH": 6,
        "DAY": 28,
        "HOUR": 4,
        "MINUTE": 26,
        "SECOND": 13.39
      },
      "type": "Feature",
      "crs": null,
      "bbox": null
    },
    {
      "id": "148",
      "geometry": {
        "coordinates": [
          -120.16104102199995,
          39.437907885000072
        ],
        "type": "Point",
        "crs": null,
        "bbox": null
      },
      "properties": {
        "OBJECTID": 278.0,
        "STATE": " CA",
        "DEPTH": 10,
        "DEATHS": 0.0,
        "DAMAGE": 0.0,
        "MAG": 6.0,
        "MMI": 7,
        "LOCATION": "  Near Boca, California",
        "YEAR": 1966.0,
        "MONTH": 9,
        "DAY": 12,
        "HOUR": 16,
        "MINUTE": 41,
        "SECOND": 2.59
      },
      "type": "Feature",
      "crs": null,
      "bbox": null
    },
    {
      "id": "149",
      "geometry": {
        "coordinates": [
          -116.12883748499996,
          33.190040399000054
        ],
        "type": "Point",
        "crs": null,
        "bbox": null
      },
      "properties": {
        "OBJECTID": 279.0,
        "STATE": " CA",
        "DEPTH": 11,
        "DEATHS": 0.0,
        "DAMAGE": 0.0,
        "MAG": 6.46,
        "MMI": 7,
        "LOCATION": "  Borrego Mountain, near Ocotillo Wells, California",
        "YEAR": 1968.0,
        "MONTH": 4,
        "DAY": 9,
        "HOUR": 2,
        "MINUTE": 28,
        "SECOND": 59.09
      },
      "type": "Feature",
      "crs": null,
      "bbox": null
    },
    {
      "id": "150",
      "geometry": {
        "coordinates": [
          -122.72609686099997,
          38.476913574000037
        ],
        "type": "Point",
        "crs": null,
        "bbox": null
      },
      "properties": {
        "OBJECTID": 280.0,
        "STATE": " CA",
        "DEPTH": 8,
        "DEATHS": 0.0,
        "DAMAGE": 0.0,
        "MAG": 4.59,
        "MMI": 7,
        "LOCATION": "  Near Santa Rosa, California",
        "YEAR": 1968.0,
        "MONTH": 4,
        "DAY": 25,
        "HOUR": 19,
        "MINUTE": 49,
        "SECOND": 45.2
      },
      "type": "Feature",
      "crs": null,
      "bbox": null
    },
    {
      "id": "151",
      "geometry": {
        "coordinates": [
          -124.67117314099994,
          40.289855698000054
        ],
        "type": "Point",
        "crs": null,
        "bbox": null
      },
      "properties": {
        "OBJECTID": 281.0,
        "STATE": " CA",
        "DEPTH": 0,
        "DEATHS": 0.0,
        "DAMAGE": 0.0,
        "MAG": 5.9,
        "MMI": 7,
        "LOCATION": "  Near Petrolia, California",
        "YEAR": 1968.0,
        "MONTH": 6,
        "DAY": 26,
        "HOUR": 1,
        "MINUTE": 42,
        "SECOND": 14.6
      },
      "type": "Feature",
      "crs": null,
      "bbox": null
    },
    {
      "id": "152",
      "geometry": {
        "coordinates": [
          -116.34784693099999,
          33.343032707000077
        ],
        "type": "Point",
        "crs": null,
        "bbox": null
      },
      "properties": {
        "OBJECTID": 282.0,
        "STATE": " CA",
        "DEPTH": 20,
        "DEATHS": 0.0,
        "DAMAGE": 0.0,
        "MAG": 5.8,
        "MMI": 7,
        "LOCATION": "  Near Borrego Springs, California",
        "YEAR": 1969.0,
        "MONTH": 4,
        "DAY": 28,
        "HOUR": 23,
        "MINUTE": 20,
        "SECOND": 42.9
      },
      "type": "Feature",
      "crs": null,
      "bbox": null
    },
    {
      "id": "153",
      "geometry": {
        "coordinates": [
          -117.54088601299998,
          34.270004455000048
        ],
        "type": "Point",
        "crs": null,
        "bbox": null
      },
      "properties": {
        "OBJECTID": 283.0,
        "STATE": " CA",
        "DEPTH": 8,
        "DEATHS": 0.0,
        "DAMAGE": 0.0,
        "MAG": 5.4,
        "MMI": 7,
        "LOCATION": "  Lytle Creek area, California",
        "YEAR": 1970.0,
        "MONTH": 9,
        "DAY": 12,
        "HOUR": 14,
        "MINUTE": 30,
        "SECOND": 53.0
      },
      "type": "Feature",
      "crs": null,
      "bbox": null
    },
    {
      "id": "154",
      "geometry": {
        "coordinates": [
          -118.51591503999998,
          34.285000013000058
        ],
        "type": "Point",
        "crs": null,
        "bbox": null
      },
      "properties": {
        "OBJECTID": 284.0,
        "STATE": " CA",
        "DEPTH": 2,
        "DEATHS": 0.0,
        "DAMAGE": 0.0,
        "MAG": 4.59,
        "MMI": 7,
        "LOCATION": "  Near San Fernando, California",
        "YEAR": 1971.0,
        "MONTH": 3,
        "DAY": 31,
        "HOUR": 14,
        "MINUTE": 52,
        "SECOND": 22.5
      },
      "type": "Feature",
      "crs": null,
      "bbox": null
    },
    {
      "id": "155",
      "geometry": {
        "coordinates": [
          -119.03993248999996,
          34.099006729000052
        ],
        "type": "Point",
        "crs": null,
        "bbox": null
      },
      "properties": {
        "OBJECTID": 285.0,
        "STATE": " CA",
        "DEPTH": 17,
        "DEATHS": 0.0,
        "DAMAGE": 100000.0,
        "MAG": 5.9,
        "MMI": 7,
        "LOCATION": "  Off the coast of Ventura County, near Point Mugu, California",
        "YEAR": 1973.0,
        "MONTH": 2,
        "DAY": 21,
        "HOUR": 14,
        "MINUTE": 45,
        "SECOND": 57.2
      },
      "type": "Feature",
      "crs": null,
      "bbox": null
    },
    {
      "id": "156",
      "geometry": {
        "coordinates": [
          -116.49085232599998,
          34.516994551000039
        ],
        "type": "Point",
        "crs": null,
        "bbox": null
      },
      "properties": {
        "OBJECTID": 286.0,
        "STATE": " CA",
        "DEPTH": 1,
        "DEATHS": 0.0,
        "DAMAGE": 0.0,
        "MAG": 5.0,
        "MMI": 7,
        "LOCATION": "  Galway Lake area, California",
        "YEAR": 1975.0,
        "MONTH": 6,
        "DAY": 1,
        "HOUR": 1,
        "MINUTE": 38,
        "SECOND": 48.79
      },
      "type": "Feature",
      "crs": null,
      "bbox": null
    },
    {
      "id": "157",
      "geometry": {
        "coordinates": [
          -124.28816989299997,
          40.537849275000042
        ],
        "type": "Point",
        "crs": null,
        "bbox": null
      },
      "properties": {
        "OBJECTID": 287.0,
        "STATE": " CA",
        "DEPTH": 22,
        "DEATHS": 0.0,
        "DAMAGE": 0.0,
        "MAG": 5.3,
        "MMI": 7,
        "LOCATION": "  Near Fontuna, California",
        "YEAR": 1975.0,
        "MONTH": 6,
        "DAY": 7,
        "HOUR": 8,
        "MINUTE": 46,
        "SECOND": 23.2
      },
      "type": "Feature",
      "crs": null,
      "bbox": null
    },
    {
      "id": "158",
      "geometry": {
        "coordinates": [
          -123.27412426099994,
          39.402885345000072
        ],
        "type": "Point",
        "crs": null,
        "bbox": null
      },
      "properties": {
        "OBJECTID": 288.0,
        "STATE": " CA",
        "DEPTH": 18,
        "DEATHS": 0.0,
        "DAMAGE": 0.0,
        "MAG": 4.82,
        "MMI": 7,
        "LOCATION": "  Near Willits, California",
        "YEAR": 1977.0,
        "MONTH": 11,
        "DAY": 22,
        "HOUR": 21,
        "MINUTE": 15,
        "SECOND": 53.9
      },
      "type": "Feature",
      "crs": null,
      "bbox": null
    },
    {
      "id": "159",
      "geometry": {
        "coordinates": [
          -119.68296816599997,
          34.396995624000056
        ],
        "type": "Point",
        "crs": null,
        "bbox": null
      },
      "properties": {
        "OBJECTID": 289.0,
        "STATE": " CA",
        "DEPTH": 13,
        "DEATHS": 0.0,
        "DAMAGE": 1200000.0,
        "MAG": 5.78,
        "MMI": 7,
        "LOCATION": "  Near Goleta, California",
        "YEAR": 1978.0,
        "MONTH": 8,
        "DAY": 13,
        "HOUR": 22,
        "MINUTE": 54,
        "SECOND": 52.79
      },
      "type": "Feature",
      "crs": null,
      "bbox": null
    },
    {
      "id": "160",
      "geometry": {
        "coordinates": [
          -124.41918199499997,
          40.922843714000066
        ],
        "type": "Point",
        "crs": null,
        "bbox": null
      },
      "properties": {
        "OBJECTID": 290.0,
        "STATE": " CA",
        "DEPTH": 22,
        "DEATHS": 0.0,
        "DAMAGE": 0.0,
        "MAG": 5.19,
        "MMI": 7,
        "LOCATION": "  Off the coast of Humboldt County, California",
        "YEAR": 1979.0,
        "MONTH": 2,
        "DAY": 3,
        "HOUR": 9,
        "MINUTE": 58,
        "SECOND": 16.0
      },
      "type": "Feature",
      "crs": null,
      "bbox": null
    },
    {
      "id": "161",
      "geometry": {
        "coordinates": [
          -116.44484698399998,
          34.325000824000028
        ],
        "type": "Point",
        "crs": null,
        "bbox": null
      },
      "properties": {
        "OBJECTID": 291.0,
        "STATE": " CA",
        "DEPTH": 1,
        "DEATHS": 0.0,
        "DAMAGE": 0.0,
        "MAG": 5.51,
        "MMI": 7,
        "LOCATION": "  Near Landers, California",
        "YEAR": 1979.0,
        "MONTH": 3,
        "DAY": 15,
        "HOUR": 21,
        "MINUTE": 7,
        "SECOND": 16.5
      },
      "type": "Feature",
      "crs": null,
      "bbox": null
    },
    {
      "id": "162",
      "geometry": {
        "coordinates": [
          -121.50405145399998,
          37.10194419700008
        ],
        "type": "Point",
        "crs": null,
        "bbox": null
      },
      "properties": {
        "OBJECTID": 292.0,
        "STATE": " CA",
        "DEPTH": 6,
        "DEATHS": 0.0,
        "DAMAGE": 50000.0,
        "MAG": 5.9,
        "MMI": 7,
        "LOCATION": "  Near Gilroy, California",
        "YEAR": 1979.0,
        "MONTH": 8,
        "DAY": 6,
        "HOUR": 17,
        "MINUTE": 5,
        "SECOND": 22.7
      },
      "type": "Feature",
      "crs": null,
      "bbox": null
    },
    {
      "id": "163",
      "geometry": {
        "coordinates": [
          -121.81706978499994,
          37.854922963000035
        ],
        "type": "Point",
        "crs": null,
        "bbox": null
      },
      "properties": {
        "OBJECTID": 293.0,
        "STATE": " CA",
        "DEPTH": 12,
        "DEATHS": 0.0,
        "DAMAGE": 1150000.0,
        "MAG": 5.8,
        "MMI": 7,
        "LOCATION": "  North of Livermore Valley, California",
        "YEAR": 1980.0,
        "MONTH": 1,
        "DAY": 24,
        "HOUR": 19,
        "MINUTE": 0,
        "SECOND": 9.5
      },
      "type": "Feature",
      "crs": null,
      "bbox": null
    },
    {
      "id": "164",
      "geometry": {
        "coordinates": [
          -121.74105813999995,
          37.736926910000079
        ],
        "type": "Point",
        "crs": null,
        "bbox": null
      },
      "properties": {
        "OBJECTID": 294.0,
        "STATE": " CA",
        "DEPTH": 15,
        "DEATHS": 0.0,
        "DAMAGE": 0.0,
        "MAG": 5.4,
        "MMI": 7,
        "LOCATION": "  Near Livermore, California",
        "YEAR": 1980.0,
        "MONTH": 1,
        "DAY": 27,
        "HOUR": 2,
        "MINUTE": 33,
        "SECOND": 36.0
      },
      "type": "Feature",
      "crs": null,
      "bbox": null
    },
    {
      "id": "165",
      "geometry": {
        "coordinates": [
          -118.84796154299994,
          37.589935043000025
        ],
        "type": "Point",
        "crs": null,
        "bbox": null
      },
      "properties": {
        "OBJECTID": 295.0,
        "STATE": " CA",
        "DEPTH": 8,
        "DEATHS": 0.0,
        "DAMAGE": 150000.0,
        "MAG": 6.21,
        "MMI": 7,
        "LOCATION": "  Mammoth Lakes area, California",
        "YEAR": 1980.0,
        "MONTH": 5,
        "DAY": 25,
        "HOUR": 16,
        "MINUTE": 33,
        "SECOND": 44.2
      },
      "type": "Feature",
      "crs": null,
      "bbox": null
    },
    {
      "id": "166",
      "geometry": {
        "coordinates": [
          -118.84296399699997,
          37.544933182000079
        ],
        "type": "Point",
        "crs": null,
        "bbox": null
      },
      "properties": {
        "OBJECTID": 296.0,
        "STATE": " CA",
        "DEPTH": 13,
        "DEATHS": 0.0,
        "DAMAGE": 150000.0,
        "MAG": 6.09,
        "MMI": 7,
        "LOCATION": "  Mammoth Lakes area, California",
        "YEAR": 1980.0,
        "MONTH": 5,
        "DAY": 25,
        "HOUR": 19,
        "MINUTE": 44,
        "SECOND": 51.0
      },
      "type": "Feature",
      "crs": null,
      "bbox": null
    },
    {
      "id": "167",
      "geometry": {
        "coordinates": [
          -124.25418062299997,
          41.116844403000073
        ],
        "type": "Point",
        "crs": null,
        "bbox": null
      },
      "properties": {
        "OBJECTID": 297.0,
        "STATE": " CA",
        "DEPTH": 19,
        "DEATHS": 0.0,
        "DAMAGE": 200000.0,
        "MAG": 7.23,
        "MMI": 7,
        "LOCATION": "  Off the coast of Humboldt County, California",
        "YEAR": 1980.0,
        "MONTH": 11,
        "DAY": 8,
        "HOUR": 10,
        "MINUTE": 27,
        "SECOND": 34.0
      },
      "type": "Feature",
      "crs": null,
      "bbox": null
    },
    {
      "id": "168",
      "geometry": {
        "coordinates": [
          -115.61882028899998,
          33.098041396000042
        ],
        "type": "Point",
        "crs": null,
        "bbox": null
      },
      "properties": {
        "OBJECTID": 298.0,
        "STATE": " CA",
        "DEPTH": 2,
        "DEATHS": 0.0,
        "DAMAGE": 300000.0,
        "MAG": 5.9,
        "MMI": 7,
        "LOCATION": "  Near Westmorland, California",
        "YEAR": 1981.0,
        "MONTH": 4,
        "DAY": 26,
        "HOUR": 12,
        "MINUTE": 9,
        "SECOND": 28.39
      },
      "type": "Feature",
      "crs": null,
      "bbox": null
    },
    {
      "id": "169",
      "geometry": {
        "coordinates": [
          -121.27603929899999,
          36.809959251000066
        ],
        "type": "Point",
        "crs": null,
        "bbox": null
      },
      "properties": {
        "OBJECTID": 299.0,
        "STATE": " CA",
        "DEPTH": 7,
        "DEATHS": 0.0,
        "DAMAGE": 80000.0,
        "MAG": 5.48,
        "MMI": 7,
        "LOCATION": "  Near Paicines, California",
        "YEAR": 1986.0,
        "MONTH": 1,
        "DAY": 26,
        "HOUR": 19,
        "MINUTE": 20,
        "SECOND": 51.2
      },
      "type": "Feature",
      "crs": null,
      "bbox": null
    },
    {
      "id": "170",
      "geometry": {
        "coordinates": [
          -116.60684959499997,
          33.999012004000065
        ],
        "type": "Point",
        "crs": null,
        "bbox": null
      },
      "properties": {
        "OBJECTID": 300.0,
        "STATE": " CA",
        "DEPTH": 12,
        "DEATHS": 0.0,
        "DAMAGE": 600000.0,
        "MAG": 6.19,
        "MMI": 7,
        "LOCATION": "  Near North Palm Springs, California",
        "YEAR": 1986.0,
        "MONTH": 7,
        "DAY": 8,
        "HOUR": 9,
        "MINUTE": 20,
        "SECOND": 44.5
      },
      "type": "Feature",
      "crs": null,
      "bbox": null
    },
    {
      "id": "171",
      "geometry": {
        "coordinates": [
          -124.44416797199995,
          40.371856688000037
        ],
        "type": "Point",
        "crs": null,
        "bbox": null
      },
      "properties": {
        "OBJECTID": 301.0,
        "STATE": " CA",
        "DEPTH": 15,
        "DEATHS": 0.0,
        "DAMAGE": 0.0,
        "MAG": 5.13,
        "MMI": 7,
        "LOCATION": "  Near Petrolia, California",
        "YEAR": 1986.0,
        "MONTH": 11,
        "DAY": 21,
        "HOUR": 23,
        "MINUTE": 33,
        "SECOND": 1.7
      },
      "type": "Feature",
      "crs": null,
      "bbox": null
    },
    {
      "id": "172",
      "geometry": {
        "coordinates": [
          -118.09889974199996,
          34.07401257500004
        ],
        "type": "Point",
        "crs": null,
        "bbox": null
      },
      "properties": {
        "OBJECTID": 302.0,
        "STATE": " CA",
        "DEPTH": 8,
        "DEATHS": 1.0,
        "DAMAGE": 0.0,
        "MAG": 5.21,
        "MMI": 7,
        "LOCATION": "  Near Whittier Narrows, California",
        "YEAR": 1987.0,
        "MONTH": 10,
        "DAY": 4,
        "HOUR": 10,
        "MINUTE": 59,
        "SECOND": 38.2
      },
      "type": "Feature",
      "crs": null,
      "bbox": null
    },
    {
      "id": "173",
      "geometry": {
        "coordinates": [
          -115.83883671999996,
          33.013049823000074
        ],
        "type": "Point",
        "crs": null,
        "bbox": null
      },
      "properties": {
        "OBJECTID": 303.0,
        "STATE": " CA",
        "DEPTH": 2,
        "DEATHS": 0.0,
        "DAMAGE": 300000.0,
        "MAG": 6.51,
        "MMI": 7,
        "LOCATION": "  West of Westmorland, California",
        "YEAR": 1987.0,
        "MONTH": 11,
        "DAY": 24,
        "HOUR": 13,
        "MINUTE": 15,
        "SECOND": 56.5
      },
      "type": "Feature",
      "crs": null,
      "bbox": null
    },
    {
      "id": "174",
      "geometry": {
        "coordinates": [
          -121.95307183999995,
          37.129947627000035
        ],
        "type": "Point",
        "crs": null,
        "bbox": null
      },
      "properties": {
        "OBJECTID": 304.0,
        "STATE": " CA",
        "DEPTH": 15,
        "DEATHS": 1.0,
        "DAMAGE": 0.0,
        "MAG": 5.4,
        "MMI": 7,
        "LOCATION": "  Near Redwood Estates, California",
        "YEAR": 1989.0,
        "MONTH": 8,
        "DAY": 8,
        "HOUR": 8,
        "MINUTE": 13,
        "SECOND": 27.5
      },
      "type": "Feature",
      "crs": null,
      "bbox": null
    },
    {
      "id": "175",
      "geometry": {
        "coordinates": [
          -124.31117227099998,
          40.740848583000059
        ],
        "type": "Point",
        "crs": null,
        "bbox": null
      },
      "properties": {
        "OBJECTID": 305.0,
        "STATE": " CA",
        "DEPTH": 23,
        "DEATHS": 0.0,
        "DAMAGE": 0.0,
        "MAG": 7.09,
        "MMI": 7,
        "LOCATION": "  Off coast of Northern California",
        "YEAR": 1994.0,
        "MONTH": 12,
        "DAY": 26,
        "HOUR": 14,
        "MINUTE": 10,
        "SECOND": 29.12
      },
      "type": "Feature",
      "crs": null,
      "bbox": null
    },
    {
      "id": "176",
      "geometry": {
        "coordinates": [
          -128.00137334699997,
          43.49982041700008
        ],
        "type": "Point",
        "crs": null,
        "bbox": null
      },
      "properties": {
        "OBJECTID": 393.0,
        "STATE": " OR",
        "DEPTH": 0,
        "DEATHS": 0.0,
        "DAMAGE": 0.0,
        "MAG": 5.5,
        "MMI": 7,
        "LOCATION": " ",
        "YEAR": 1947.0,
        "MONTH": 9,
        "DAY": 22,
        "HOUR": 2,
        "MINUTE": 16,
        "SECOND": 1.0
      },
      "type": "Feature",
      "crs": null,
      "bbox": null
    },
    {
      "id": "177",
      "geometry": {
        "coordinates": [
          -124.31117227099998,
          40.740848583000059
        ],
        "type": "Point",
        "crs": null,
        "bbox": null
      },
      "properties": {
        "OBJECTID": 423.0,
        "STATE": " CA",
        "DEPTH": 23,
        "DEATHS": 0.0,
        "DAMAGE": 210000.0,
        "MAG": 5.5,
        "MMI": 7,
        "LOCATION": "  Eureka, California",
        "YEAR": 1994.0,
        "MONTH": 12,
        "DAY": 26,
        "HOUR": 14,
        "MINUTE": 10,
        "SECOND": 29.1
      },
      "type": "Feature",
      "crs": null,
      "bbox": null
    },
    {
      "id": "178",
      "geometry": {
        "coordinates": [
          -124.13915237399999,
          40.231861152000079
        ],
        "type": "Point",
        "crs": null,
        "bbox": null
      },
      "properties": {
        "OBJECTID": 428.0,
        "STATE": " CA",
        "DEPTH": 2,
        "DEATHS": 0.0,
        "DAMAGE": 0.0,
        "MAG": 5.5,
        "MMI": 7,
        "LOCATION": "  Near Coast Of Northern Calif.",
        "YEAR": 1990.0,
        "MONTH": 1,
        "DAY": 16,
        "HOUR": 20,
        "MINUTE": 8,
        "SECOND": 22.0
      },
      "type": "Feature",
      "crs": null,
      "bbox": null
    },
    {
      "id": "179",
      "geometry": {
        "coordinates": [
          -117.70088983799997,
          34.140006932000063
        ],
        "type": "Point",
        "crs": null,
        "bbox": null
      },
      "properties": {
        "OBJECTID": 429.0,
        "STATE": " CA",
        "DEPTH": 5,
        "DEATHS": 0.0,
        "DAMAGE": 1270000.0,
        "MAG": 5.5,
        "MMI": 7,
        "LOCATION": "  Southern California",
        "YEAR": 1990.0,
        "MONTH": 2,
        "DAY": 28,
        "HOUR": 23,
        "MINUTE": 43,
        "SECOND": 36.59
      },
      "type": "Feature",
      "crs": null,
      "bbox": null
    },
    {
      "id": "180",
      "geometry": {
        "coordinates": [
          -118.00289908199994,
          34.262004643000068
        ],
        "type": "Point",
        "crs": null,
        "bbox": null
      },
      "properties": {
        "OBJECTID": 430.0,
        "STATE": " CA",
        "DEPTH": 11,
        "DEATHS": 2.0,
        "DAMAGE": 3350000.0,
        "MAG": 5.8,
        "MMI": 7,
        "LOCATION": "  Southern California",
        "YEAR": 1991.0,
        "MONTH": 6,
        "DAY": 28,
        "HOUR": 14,
        "MINUTE": 43,
        "SECOND": 54.5
      },
      "type": "Feature",
      "crs": null,
      "bbox": null
    },
    {
      "id": "181",
      "geometry": {
        "coordinates": [
          -124.34915911099995,
          40.234859329000074
        ],
        "type": "Point",
        "crs": null,
        "bbox": null
      },
      "properties": {
        "OBJECTID": 431.0,
        "STATE": " CA",
        "DEPTH": 12,
        "DEATHS": 0.0,
        "DAMAGE": 0.0,
        "MAG": 7.09,
        "MMI": 7,
        "LOCATION": "  Near Coast Northern California",
        "YEAR": 1991.0,
        "MONTH": 8,
        "DAY": 17,
        "HOUR": 19,
        "MINUTE": 29,
        "SECOND": 40.0
      },
      "type": "Feature",
      "crs": null,
      "bbox": null
    },
    {
      "id": "182",
      "geometry": {
        "coordinates": [
          -116.31884002099997,
          33.961009979000039
        ],
        "type": "Point",
        "crs": null,
        "bbox": null
      },
      "properties": {
        "OBJECTID": 432.0,
        "STATE": " CA",
        "DEPTH": 12,
        "DEATHS": 0.0,
        "DAMAGE": 0.0,
        "MAG": 6.3,
        "MMI": 7,
        "LOCATION": "  Southern California",
        "YEAR": 1992.0,
        "MONTH": 4,
        "DAY": 23,
        "HOUR": 4,
        "MINUTE": 50,
        "SECOND": 23.21
      },
      "type": "Feature",
      "crs": null,
      "bbox": null
    },
    {
      "id": "183",
      "geometry": {
        "coordinates": [
          -120.00102259299996,
          39.249908222000045
        ],
        "type": "Point",
        "crs": null,
        "bbox": null
      },
      "properties": {
        "OBJECTID": 699.0,
        "STATE": " NV",
        "DEPTH": 0,
        "DEATHS": 0.0,
        "DAMAGE": 0.0,
        "MAG": 4.3,
        "MMI": 6,
        "LOCATION": "  Near Lake Tahoe, Nevada",
        "YEAR": 1930.0,
        "MONTH": 4,
        "DAY": 9,
        "HOUR": 21,
        "MINUTE": 56,
        "SECOND": 47.0
      },
      "type": "Feature",
      "crs": null,
      "bbox": null
    },
    {
      "id": "184",
      "geometry": {
        "coordinates": [
          -118.93097711099995,
          38.249920087000078
        ],
        "type": "Point",
        "crs": null,
        "bbox": null
      },
      "properties": {
        "OBJECTID": 711.0,
        "STATE": " NV",
        "DEPTH": 0,
        "DEATHS": 0.0,
        "DAMAGE": 0.0,
        "MAG": 5.0,
        "MMI": 6,
        "LOCATION": "  Near Hawthorne, Nevada",
        "YEAR": 1956.0,
        "MONTH": 12,
        "DAY": 31,
        "HOUR": 17,
        "MINUTE": 37,
        "SECOND": 45.0
      },
      "type": "Feature",
      "crs": null,
      "bbox": null
    },
    {
      "id": "185",
      "geometry": {
        "coordinates": [
          -118.97097792199998,
          38.279914708000035
        ],
        "type": "Point",
        "crs": null,
        "bbox": null
      },
      "properties": {
        "OBJECTID": 712.0,
        "STATE": " NV",
        "DEPTH": 0,
        "DEATHS": 0.0,
        "DAMAGE": 0.0,
        "MAG": 5.09,
        "MMI": 6,
        "LOCATION": "  Near Hawthorne, Nevada",
        "YEAR": 1956.0,
        "MONTH": 12,
        "DAY": 31,
        "HOUR": 17,
        "MINUTE": 39,
        "SECOND": 24.0
      },
      "type": "Feature",
      "crs": null,
      "bbox": null
    },
    {
      "id": "186",
      "geometry": {
        "coordinates": [
          -121.32403583299998,
          35.827964850000058
        ],
        "type": "Point",
        "crs": null,
        "bbox": null
      },
      "properties": {
        "OBJECTID": 945.0,
        "STATE": " CA",
        "DEPTH": 8,
        "DEATHS": 0.0,
        "DAMAGE": 0.0,
        "MAG": 0.0,
        "MMI": 6,
        "LOCATION": "  Central California",
        "YEAR": 1991.0,
        "MONTH": 9,
        "DAY": 17,
        "HOUR": 21,
        "MINUTE": 10,
        "SECOND": 29.29
      },
      "type": "Feature",
      "crs": null,
      "bbox": null
    },
    {
      "id": "187",
      "geometry": {
        "coordinates": [
          -124.29116047699995,
          40.227859494000029
        ],
        "type": "Point",
        "crs": null,
        "bbox": null
      },
      "properties": {
        "OBJECTID": 948.0,
        "STATE": " CA",
        "DEPTH": 13,
        "DEATHS": 0.0,
        "DAMAGE": 0.0,
        "MAG": 0.0,
        "MMI": 6,
        "LOCATION": " ",
        "YEAR": 1992.0,
        "MONTH": 3,
        "DAY": 8,
        "HOUR": 3,
        "MINUTE": 43,
        "SECOND": 4.4
      },
      "type": "Feature",
      "crs": null,
      "bbox": null
    },
    {
      "id": "188",
      "geometry": {
        "coordinates": [
          -116.31984700599998,
          34.582992412000067
        ],
        "type": "Point",
        "crs": null,
        "bbox": null
      },
      "properties": {
        "OBJECTID": 949.0,
        "STATE": " CA",
        "DEPTH": 0,
        "DEATHS": 0.0,
        "DAMAGE": 0.0,
        "MAG": 0.0,
        "MMI": 6,
        "LOCATION": " ",
        "YEAR": 1992.0,
        "MONTH": 7,
        "DAY": 5,
        "HOUR": 21,
        "MINUTE": 18,
        "SECOND": 27.13
      },
      "type": "Feature",
      "crs": null,
      "bbox": null
    },
    {
      "id": "189",
      "geometry": {
        "coordinates": [
          -116.83785992599997,
          34.239005769000073
        ],
        "type": "Point",
        "crs": null,
        "bbox": null
      },
      "properties": {
        "OBJECTID": 950.0,
        "STATE": " CA",
        "DEPTH": 0,
        "DEATHS": 0.0,
        "DAMAGE": 0.0,
        "MAG": 0.0,
        "MMI": 6,
        "LOCATION": " ",
        "YEAR": 1992.0,
        "MONTH": 7,
        "DAY": 9,
        "HOUR": 1,
        "MINUTE": 43,
        "SECOND": 57.59
      },
      "type": "Feature",
      "crs": null,
      "bbox": null
    },
    {
      "id": "190",
      "geometry": {
        "coordinates": [
          -116.38784774199996,
          34.054008373000045
        ],
        "type": "Point",
        "crs": null,
        "bbox": null
      },
      "properties": {
        "OBJECTID": 951.0,
        "STATE": " CA",
        "DEPTH": 1,
        "DEATHS": 0.0,
        "DAMAGE": 0.0,
        "MAG": 0.0,
        "MMI": 6,
        "LOCATION": " ",
        "YEAR": 1992.0,
        "MONTH": 9,
        "DAY": 16,
        "HOUR": 12,
        "MINUTE": 27,
        "SECOND": 22.02
      },
      "type": "Feature",
      "crs": null,
      "bbox": null
    },
    {
      "id": "191",
      "geometry": {
        "coordinates": [
          -116.90087129299997,
          34.340003975000059
        ],
        "type": "Point",
        "crs": null,
        "bbox": null
      },
      "properties": {
        "OBJECTID": 952.0,
        "STATE": " CA",
        "DEPTH": 1,
        "DEATHS": 0.0,
        "DAMAGE": 0.0,
        "MAG": 0.0,
        "MMI": 6,
        "LOCATION": " ",
        "YEAR": 1992.0,
        "MONTH": 11,
        "DAY": 27,
        "HOUR": 16,
        "MINUTE": 0,
        "SECOND": 57.47
      },
      "type": "Feature",
      "crs": null,
      "bbox": null
    },
    {
      "id": "192",
      "geometry": {
        "coordinates": [
          -120.00102259299996,
          39.299907630000064
        ],
        "type": "Point",
        "crs": null,
        "bbox": null
      },
      "properties": {
        "OBJECTID": 996.0,
        "STATE": " NV",
        "DEPTH": 0,
        "DEATHS": 0.0,
        "DAMAGE": 0.0,
        "MAG": 6.0,
        "MMI": 5,
        "LOCATION": " ",
        "YEAR": 1857.0,
        "MONTH": 9,
        "DAY": 3,
        "HOUR": 3,
        "MINUTE": 5,
        "SECOND": 0.0
      },
      "type": "Feature",
      "crs": null,
      "bbox": null
    },
    {
      "id": "193",
      "geometry": {
        "coordinates": [
          -120.00101499999994,
          38.99990826800007
        ],
        "type": "Point",
        "crs": null,
        "bbox": null
      },
      "properties": {
        "OBJECTID": 997.0,
        "STATE": " NV",
        "DEPTH": 0,
        "DEATHS": 0.0,
        "DAMAGE": 0.0,
        "MAG": 4.5,
        "MMI": 5,
        "LOCATION": " ",
        "YEAR": 1888.0,
        "MONTH": 1,
        "DAY": 30,
        "HOUR": 6,
        "MINUTE": 35,
        "SECOND": 0.0
      },
      "type": "Feature",
      "crs": null,
      "bbox": null
    },
    {
      "id": "194",
      "geometry": {
        "coordinates": [
          -120.00105296699996,
          41.249896761000059
        ],
        "type": "Point",
        "crs": null,
        "bbox": null
      },
      "properties": {
        "OBJECTID": 1009.0,
        "STATE": " NV",
        "DEPTH": 0,
        "DEATHS": 0.0,
        "DAMAGE": 0.0,
        "MAG": 5.25,
        "MMI": 5,
        "LOCATION": " ",
        "YEAR": 1937.0,
        "MONTH": 6,
        "DAY": 18,
        "HOUR": 9,
        "MINUTE": 7,
        "SECOND": 26.0
      },
      "type": "Feature",
      "crs": null,
      "bbox": null
    },
    {
      "id": "195",
      "geometry": {
        "coordinates": [
          -126.10127264399995,
          42.749832236000032
        ],
        "type": "Point",
        "crs": null,
        "bbox": null
      },
      "properties": {
        "OBJECTID": 1046.0,
        "STATE": " OR",
        "DEPTH": 0,
        "DEATHS": 0.0,
        "DAMAGE": 0.0,
        "MAG": 6.0,
        "MMI": 5,
        "LOCATION": " ",
        "YEAR": 1938.0,
        "MONTH": 5,
        "DAY": 28,
        "HOUR": 10,
        "MINUTE": 14,
        "SECOND": 1.0
      },
      "type": "Feature",
      "crs": null,
      "bbox": null
    },
    {
      "id": "196",
      "geometry": {
        "coordinates": [
          -125.64225015799997,
          42.181839186000047
        ],
        "type": "Point",
        "crs": null,
        "bbox": null
      },
      "properties": {
        "OBJECTID": 1200.0,
        "STATE": " OR",
        "DEPTH": 0,
        "DEATHS": 0.0,
        "DAMAGE": 0.0,
        "MAG": 0.0,
        "MMI": 5,
        "LOCATION": "  Off Coast Of Oregon",
        "YEAR": 1991.0,
        "MONTH": 7,
        "DAY": 13,
        "HOUR": 2,
        "MINUTE": 50,
        "SECOND": 14.6
      },
      "type": "Feature",
      "crs": null,
      "bbox": null
    },
    {
      "id": "197",
      "geometry": {
        "coordinates": [
          -119.82097601499999,
          36.669948528000077
        ],
        "type": "Point",
        "crs": null,
        "bbox": null
      },
      "properties": {
        "OBJECTID": 1205.0,
        "STATE": " NV",
        "DEPTH": 10,
        "DEATHS": 0.0,
        "DAMAGE": 0.0,
        "MAG": 0.0,
        "MMI": 5,
        "LOCATION": "  Nevada",
        "YEAR": 1992.0,
        "MONTH": 4,
        "DAY": 6,
        "HOUR": 4,
        "MINUTE": 1,
        "SECOND": 29.0
      },
      "type": "Feature",
      "crs": null,
      "bbox": null
    },
    {
      "id": "198",
      "geometry": {
        "coordinates": [
          -118.40091716299997,
          34.411994686000071
        ],
        "type": "Point",
        "crs": null,
        "bbox": null
      },
      "properties": {
        "OBJECTID": 8.0,
        "STATE": " CA",
        "DEPTH": 8,
        "DEATHS": 65.0,
        "DAMAGE": 50500000.0,
        "MAG": 6.61,
        "MMI": 11,
        "LOCATION": "  North of San Fernando, California",
        "YEAR": 1971.0,
        "MONTH": 2,
        "DAY": 9,
        "HOUR": 14,
        "MINUTE": 0,
        "SECOND": 41.79
      },
      "type": "Feature",
      "crs": null,
      "bbox": null
    },
    {
      "id": "199",
      "geometry": {
        "coordinates": [
          -118.10092189099998,
          36.699932051000076
        ],
        "type": "Point",
        "crs": null,
        "bbox": null
      },
      "properties": {
        "OBJECTID": 13.0,
        "STATE": " CA",
        "DEPTH": 0,
        "DEATHS": 27.0,
        "DAMAGE": 25000.0,
        "MAG": 7.75,
        "MMI": 10,
        "LOCATION": "  Owens Valley, near Lone Pine, California",
        "YEAR": 1872.0,
        "MONTH": 3,
        "DAY": 26,
        "HOUR": 10,
        "MINUTE": 30,
        "SECOND": 0.0
      },
      "type": "Feature",
      "crs": null,
      "bbox": null
    },
    {
      "id": "200",
      "geometry": {
        "coordinates": [
          -115.50083182899999,
          32.73305875300008
        ],
        "type": "Point",
        "crs": null,
        "bbox": null
      },
      "properties": {
        "OBJECTID": 14.0,
        "STATE": " CA",
        "DEPTH": 16,
        "DEATHS": 9.0,
        "DAMAGE": 600000.0,
        "MAG": 7.09,
        "MMI": 10,
        "LOCATION": "  Imperial Valley, near El Centro, California",
        "YEAR": 1940.0,
        "MONTH": 5,
        "DAY": 19,
        "HOUR": 4,
        "MINUTE": 36,
        "SECOND": 40.9
      },
      "type": "Feature",
      "crs": null,
      "bbox": null
    },
    {
      "id": "201",
      "geometry": {
        "coordinates": [
          -120.30098749199999,
          35.699966695000057
        ],
        "type": "Point",
        "crs": null,
        "bbox": null
      },
      "properties": {
        "OBJECTID": 26.0,
        "STATE": " CA",
        "DEPTH": 0,
        "DEATHS": 1.0,
        "DAMAGE": 0.0,
        "MAG": 7.92,
        "MMI": 9,
        "LOCATION": "  Near Fort Tejon, California",
        "YEAR": 1857.0,
        "MONTH": 1,
        "DAY": 9,
        "HOUR": 16,
        "MINUTE": 24,
        "SECOND": 0.0
      },
      "type": "Feature",
      "crs": null,
      "bbox": null
    },
    {
      "id": "202",
      "geometry": {
        "coordinates": [
          -122.10107419499997,
          37.699931869000068
        ],
        "type": "Point",
        "crs": null,
        "bbox": null
      },
      "properties": {
        "OBJECTID": 27.0,
        "STATE": " CA",
        "DEPTH": 0,
        "DEATHS": 30.0,
        "DAMAGE": 35000.0,
        "MAG": 6.8,
        "MMI": 9,
        "LOCATION": "  Near Hayward, California",
        "YEAR": 1868.0,
        "MONTH": 10,
        "DAY": 21,
        "HOUR": 15,
        "MINUTE": 53,
        "SECOND": 0.0
      },
      "type": "Feature",
      "crs": null,
      "bbox": null
    },
    {
      "id": "203",
      "geometry": {
        "coordinates": [
          -118.50095394299996,
          37.499931322000066
        ],
        "type": "Point",
        "crs": null,
        "bbox": null
      },
      "properties": {
        "OBJECTID": 28.0,
        "STATE": " CA",
        "DEPTH": 0,
        "DEATHS": 0.0,
        "DAMAGE": 0.0,
        "MAG": 6.59,
        "MMI": 9,
        "LOCATION": "  Near Round Valley, California",
        "YEAR": 1872.0,
        "MONTH": 4,
        "DAY": 11,
        "HOUR": 19,
        "MINUTE": 0,
        "SECOND": 0.0
      },
      "type": "Feature",
      "crs": null,
      "bbox": null
    },
    {
      "id": "204",
      "geometry": {
        "coordinates": [
          -122.00107596599997,
          38.399910129000034
        ],
        "type": "Point",
        "crs": null,
        "bbox": null
      },
      "properties": {
        "OBJECTID": 29.0,
        "STATE": " CA",
        "DEPTH": 0,
        "DEATHS": 1.0,
        "DAMAGE": 22500.0,
        "MAG": 6.4,
        "MMI": 9,
        "LOCATION": "  Near Vacaville, California",
        "YEAR": 1892.0,
        "MONTH": 4,
        "DAY": 19,
        "HOUR": 10,
        "MINUTE": 50,
        "SECOND": 0.0
      },
      "type": "Feature",
      "crs": null,
      "bbox": null
    },
    {
      "id": "205",
      "geometry": {
        "coordinates": [
          -121.90107715199997,
          38.499908359000074
        ],
        "type": "Point",
        "crs": null,
        "bbox": null
      },
      "properties": {
        "OBJECTID": 30.0,
        "STATE": " CA",
        "DEPTH": 0,
        "DEATHS": 0.0,
        "DAMAGE": 0.0,
        "MAG": 6.19,
        "MMI": 9,
        "LOCATION": "  Near Winters, California",
        "YEAR": 1892.0,
        "MONTH": 4,
        "DAY": 21,
        "HOUR": 17,
        "MINUTE": 43,
        "SECOND": 0.0
      },
      "type": "Feature",
      "crs": null,
      "bbox": null
    },
    {
      "id": "206",
      "geometry": {
        "coordinates": [
          -117.00086192899994,
          33.800018443000056
        ],
        "type": "Point",
        "crs": null,
        "bbox": null
      },
      "properties": {
        "OBJECTID": 31.0,
        "STATE": " CA",
        "DEPTH": 0,
        "DEATHS": 0.0,
        "DAMAGE": 5000.0,
        "MAG": 6.73,
        "MMI": 9,
        "LOCATION": "  Hemet-San Jacinto, California",
        "YEAR": 1899.0,
        "MONTH": 12,
        "DAY": 25,
        "HOUR": 12,
        "MINUTE": 25,
        "SECOND": 0.0
      },
      "type": "Feature",
      "crs": null,
      "bbox": null
    },
    {
      "id": "207",
      "geometry": {
        "coordinates": [
          -117.00085433599998,
          33.750019035000037
        ],
        "type": "Point",
        "crs": null,
        "bbox": null
      },
      "properties": {
        "OBJECTID": 32.0,
        "STATE": " CA",
        "DEPTH": 0,
        "DEATHS": 1.0,
        "DAMAGE": 20000.0,
        "MAG": 6.73,
        "MMI": 9,
        "LOCATION": "  Near San Jacinto, California",
        "YEAR": 1918.0,
        "MONTH": 4,
        "DAY": 21,
        "HOUR": 22,
        "MINUTE": 32,
        "SECOND": 25.0
      },
      "type": "Feature",
      "crs": null,
      "bbox": null
    },
    {
      "id": "208",
      "geometry": {
        "coordinates": [
          -120.25097640399997,
          35.749965518000067
        ],
        "type": "Point",
        "crs": null,
        "bbox": null
      },
      "properties": {
        "OBJECTID": 33.0,
        "STATE": " CA",
        "DEPTH": 0,
        "DEATHS": 0.0,
        "DAMAGE": 0.0,
        "MAG": 6.5,
        "MMI": 9,
        "LOCATION": "  Cholame Valley area, California",
        "YEAR": 1922.0,
        "MONTH": 3,
        "DAY": 10,
        "HOUR": 11,
        "MINUTE": 21,
        "SECOND": 20.0
      },
      "type": "Feature",
      "crs": null,
      "bbox": null
    },
    {
      "id": "209",
      "geometry": {
        "coordinates": [
          -119.80097181299999,
          34.299999076000063
        ],
        "type": "Point",
        "crs": null,
        "bbox": null
      },
      "properties": {
        "OBJECTID": 34.0,
        "STATE": " CA",
        "DEPTH": 0,
        "DEATHS": 13.0,
        "DAMAGE": 800000.0,
        "MAG": 6.82,
        "MMI": 9,
        "LOCATION": "  Near Santa Barbara, in the Santa Barbara Channel, California",
        "YEAR": 1925.0,
        "MONTH": 6,
        "DAY": 29,
        "HOUR": 14,
        "MINUTE": 42,
        "SECOND": 16.0
      },
      "type": "Feature",
      "crs": null,
      "bbox": null
    },
    {
      "id": "210",
      "geometry": {
        "coordinates": [
          -115.48382580399999,
          32.766056223000078
        ],
        "type": "Point",
        "crs": null,
        "bbox": null
      },
      "properties": {
        "OBJECTID": 35.0,
        "STATE": " CA",
        "DEPTH": 16,
        "DEATHS": 9.0,
        "DAMAGE": 600000.0,
        "MAG": 5.5,
        "MMI": 9,
        "LOCATION": "  Imperial Valley, near El Centro, California",
        "YEAR": 1940.0,
        "MONTH": 5,
        "DAY": 19,
        "HOUR": 5,
        "MINUTE": 51,
        "SECOND": 34.0
      },
      "type": "Feature",
      "crs": null,
      "bbox": null
    },
    {
      "id": "211",
      "geometry": {
        "coordinates": [
          -121.88407112799996,
          37.035949840000058
        ],
        "type": "Point",
        "crs": null,
        "bbox": null
      },
      "properties": {
        "OBJECTID": 37.0,
        "STATE": " CA",
        "DEPTH": 19,
        "DEATHS": 63.0,
        "DAMAGE": 600000000.0,
        "MAG": 7.17,
        "MMI": 9,
        "LOCATION": "  Northeast of Santa Cruz and about 7 km south of Loma Prieta",
        "YEAR": 1989.0,
        "MONTH": 10,
        "DAY": 18,
        "HOUR": 0,
        "MINUTE": 4,
        "SECOND": 15.19
      },
      "type": "Feature",
      "crs": null,
      "bbox": null
    },
    {
      "id": "212",
      "geometry": {
        "coordinates": [
          -116.43684366699995,
          34.201003743000058
        ],
        "type": "Point",
        "crs": null,
        "bbox": null
      },
      "properties": {
        "OBJECTID": 38.0,
        "STATE": " CA",
        "DEPTH": 1,
        "DEATHS": 3.0,
        "DAMAGE": 9200000.0,
        "MAG": 7.59,
        "MMI": 9,
        "LOCATION": "  Landers, California",
        "YEAR": 1992.0,
        "MONTH": 6,
        "DAY": 28,
        "HOUR": 11,
        "MINUTE": 57,
        "SECOND": 34.11
      },
      "type": "Feature",
      "crs": null,
      "bbox": null
    },
    {
      "id": "213",
      "geometry": {
        "coordinates": [
          -118.53791802599994,
          34.213005213000031
        ],
        "type": "Point",
        "crs": null,
        "bbox": null
      },
      "properties": {
        "OBJECTID": 49.0,
        "STATE": " CA",
        "DEPTH": 18,
        "DEATHS": 60.0,
        "DAMAGE": 2000000000.0,
        "MAG": 6.8,
        "MMI": 9,
        "LOCATION": "  Northridge, California",
        "YEAR": 1994.0,
        "MONTH": 1,
        "DAY": 17,
        "HOUR": 12,
        "MINUTE": 30,
        "SECOND": 55.29
      },
      "type": "Feature",
      "crs": null,
      "bbox": null
    },
    {
      "id": "214",
      "geometry": {
        "coordinates": [
          -116.43684366699995,
          34.201003743000058
        ],
        "type": "Point",
        "crs": null,
        "bbox": null
      },
      "properties": {
        "OBJECTID": 51.0,
        "STATE": " CA",
        "DEPTH": 0,
        "DEATHS": 300.0,
        "DAMAGE": 0.0,
        "MAG": 0.0,
        "MMI": 9,
        "LOCATION": "  Southern California",
        "YEAR": 1992.0,
        "MONTH": 6,
        "DAY": 28,
        "HOUR": 11,
        "MINUTE": 57,
        "SECOND": 34.09
      },
      "type": "Feature",
      "crs": null,
      "bbox": null
    },
    {
      "id": "215",
      "geometry": {
        "coordinates": [
          -117.80089565999998,
          33.900016672000049
        ],
        "type": "Point",
        "crs": null,
        "bbox": null
      },
      "properties": {
        "OBJECTID": 62.0,
        "STATE": " CA",
        "DEPTH": 0,
        "DEATHS": 0.0,
        "DAMAGE": 0.0,
        "MAG": 6.0,
        "MMI": 8,
        "LOCATION": "  Los Angeles region, California",
        "YEAR": 1769.0,
        "MONTH": 7,
        "DAY": 28,
        "HOUR": 0,
        "MINUTE": 0,
        "SECOND": 0.0
      },
      "type": "Feature",
      "crs": null,
      "bbox": null
    },
    {
      "id": "216",
      "geometry": {
        "coordinates": [
          -122.50108346799999,
          37.799926594000056
        ],
        "type": "Point",
        "crs": null,
        "bbox": null
      },
      "properties": {
        "OBJECTID": 63.0,
        "STATE": " CA",
        "DEPTH": 0,
        "DEATHS": 0.0,
        "DAMAGE": 0.0,
        "MAG": 6.0,
        "MMI": 8,
        "LOCATION": "  San Francisco, California",
        "YEAR": 1808.0,
        "MONTH": 6,
        "DAY": 21,
        "HOUR": 0,
        "MINUTE": 0,
        "SECOND": 0.0
      },
      "type": "Feature",
      "crs": null,
      "bbox": null
    },
    {
      "id": "217",
      "geometry": {
        "coordinates": [
          -117.65089393599999,
          34.369999180000036
        ],
        "type": "Point",
        "crs": null,
        "bbox": null
      },
      "properties": {
        "OBJECTID": 64.0,
        "STATE": " CA",
        "DEPTH": 0,
        "DEATHS": 40.0,
        "DAMAGE": 0.0,
        "MAG": 6.9,
        "MMI": 8,
        "LOCATION": "  Southwest San Bernardino County, California",
        "YEAR": 1812.0,
        "MONTH": 12,
        "DAY": 8,
        "HOUR": 15,
        "MINUTE": 0,
        "SECOND": 0.0
      },
      "type": "Feature",
      "crs": null,
      "bbox": null
    },
    {
      "id": "218",
      "geometry": {
        "coordinates": [
          -119.90097062699999,
          34.20000084600008
        ],
        "type": "Point",
        "crs": null,
        "bbox": null
      },
      "properties": {
        "OBJECTID": 65.0,
        "STATE": " CA",
        "DEPTH": 0,
        "DEATHS": 1.0,
        "DAMAGE": 0.0,
        "MAG": 7.09,
        "MMI": 8,
        "LOCATION": "  West of Ventura in Santa Barbara Channel, California",
        "YEAR": 1812.0,
        "MONTH": 12,
        "DAY": 21,
        "HOUR": 19,
        "MINUTE": 0,
        "SECOND": 0.0
      },
      "type": "Feature",
      "crs": null,
      "bbox": null
    },
    {
      "id": "219",
      "geometry": {
        "coordinates": [
          -122.20107242499995,
          37.799926594000056
        ],
        "type": "Point",
        "crs": null,
        "bbox": null
      },
      "properties": {
        "OBJECTID": 66.0,
        "STATE": " CA",
        "DEPTH": 0,
        "DEATHS": 0.0,
        "DAMAGE": 0.0,
        "MAG": 6.8,
        "MMI": 8,
        "LOCATION": "  San Francisco Bay area, California",
        "YEAR": 1836.0,
        "MONTH": 6,
        "DAY": 10,
        "HOUR": 15,
        "MINUTE": 30,
        "SECOND": 0.0
      },
      "type": "Feature",
      "crs": null,
      "bbox": null
    },
    {
      "id": "220",
      "geometry": {
        "coordinates": [
          -122.40108465399999,
          37.599933640000074
        ],
        "type": "Point",
        "crs": null,
        "bbox": null
      },
      "properties": {
        "OBJECTID": 67.0,
        "STATE": " CA",
        "DEPTH": 0,
        "DEATHS": 0.0,
        "DAMAGE": 0.0,
        "MAG": 7.0,
        "MMI": 8,
        "LOCATION": "  San Francisco area, California",
        "YEAR": 1838.0,
        "MONTH": 6,
        "DAY": 0,
        "HOUR": 0,
        "MINUTE": 0,
        "SECOND": 0.0
      },
      "type": "Feature",
      "crs": null,
      "bbox": null
    },
    {
      "id": "221",
      "geometry": {
        "coordinates": [
          -118.10089852699997,
          34.100006122000025
        ],
        "type": "Point",
        "crs": null,
        "bbox": null
      },
      "properties": {
        "OBJECTID": 68.0,
        "STATE": " CA",
        "DEPTH": 0,
        "DEATHS": 0.0,
        "DAMAGE": 0.0,
        "MAG": 6.0,
        "MMI": 8,
        "LOCATION": "  Near San Gabriel, California",
        "YEAR": 1855.0,
        "MONTH": 7,
        "DAY": 11,
        "HOUR": 4,
        "MINUTE": 15,
        "SECOND": 0.0
      },
      "type": "Feature",
      "crs": null,
      "bbox": null
    }
  ],
  "type": "FeatureCollection",
  "crs": null,
  "bbox": null
}
]]></text>
                              </contents>
                            </body>
                          </stream>
                        </streams>
                        <attachments />
                      </testLog>
                    </testStepRun>
                  </children>
                  <result assertCount="0" duration="2.7649827">
                    <outcome status="passed" />
                  </result>
                  <testLog>
                    <streams />
                    <attachments />
                  </testLog>
                </testStepRun>
              </children>
              <result assertCount="0" duration="2.7922374999999997">
                <outcome status="passed" />
              </result>
              <testLog>
                <streams />
                <attachments />
              </testLog>
            </testStepRun>
          </children>
          <result assertCount="0" duration="2.842288">
            <outcome status="passed" />
          </result>
          <testLog>
            <streams />
            <attachments />
          </testLog>
        </testStepRun>
      </children>
      <result assertCount="0" duration="5.3031044">
        <outcome status="passed" />
      </result>
      <testLog>
        <streams />
        <attachments />
      </testLog>
    </testStepRun>
    <statistics assertCount="0" duration="5.3038143" runCount="1" passedCount="1" failedCount="0" inconclusiveCount="0" skippedCount="0" testCount="1" stepCount="5">
      <outcomeSummaries>
        <outcomeSummary count="1">
          <outcome status="passed" />
        </outcomeSummary>
      </outcomeSummaries>
    </statistics>
  </testPackageRun>
  <logEntries>
    <logEntry severity="info" message="Host started at 5/1/2012 9:56:44 PM." />
    <logEntry severity="info" message="Running under CLR v2.0.50727 runtime." />
    <logEntry severity="debug" message="Listening for connections on IPC port: 'IsolatedProcessHost.dcb5a61271344768'" />
    <logEntry severity="debug" message="Disabled plugin 'Gallio40': The plugin enable condition was not satisfied.  Please note that this is the intended behavior for plugins that must be hosted inside third party applications in order to work.  Enable condition: '${minFramework:NET40}'." />
    <logEntry severity="debug" message="Disabled plugin 'Gallio.VisualStudio.Shell100': The plugin enable condition was not satisfied.  Please note that this is the intended behavior for plugins that must be hosted inside third party applications in order to work.  Enable condition: '${process:DEVENV.EXE_V10.0} or ${process:VSTESTHOST.EXE_V10.0} or ${process:QTAGENT.EXE_V10.0} or ${process:QTAGENT32.EXE_V10.0} or ${process:QTDCAGENT.EXE_V10.0} or ${process:QTDCAGENT32.EXE_V10.0} or ${process:MSTEST.EXE_V10.0} or ${framework:NET40}'." />
    <logEntry severity="debug" message="Disabled plugin 'MbUnit40': The plugin depends on another disabled plugin: 'Gallio40'." />
    <logEntry severity="debug" message="Disabled plugin 'Gallio.VisualStudio.Tip100': The plugin depends on another disabled plugin: 'Gallio.VisualStudio.Shell100'." />
    <logEntry severity="info" message="Host stopped at 5/1/2012 9:56:49 PM." />
    <logEntry severity="info" message="Host process exited with code: 0" />
  </logEntries>
</report>