<?xml version="1.0" encoding="utf-8"?>
<report xmlns:xsi="http://www.w3.org/2001/XMLSchema-instance" xmlns:xsd="http://www.w3.org/2001/XMLSchema" xmlns="http://www.gallio.org/">
  <testPackage shadowCopy="false" debug="true">
    <files>
      <file>C:\Git\arcgis-exporter-extension\GPX.Server.Extension.Tests\bin\Debug\GPX.Server.Extension.Tests.dll</file>
    </files>
    <hintDirectories />
    <excludedFrameworkIds />
    <properties />
  </testPackage>
  <testModel>
    <test id="c2722843734a7a54" name="Root" fullName="" isTestCase="false">
      <codeReference />
      <codeLocation />
      <metadata>
        <entry key="TestKind">
          <value>Root</value>
        </entry>
      </metadata>
      <children>
        <test id="6dc504354be92436" name="GPX.Server.Extension.Tests" fullName="GPX.Server.Extension.Tests" isTestCase="false">
          <codeReference assembly="GPX.Server.Extension.Tests, Version=1.0.0.0, Culture=neutral, PublicKeyToken=null" />
          <codeLocation path="C:\Git\arcgis-exporter-extension\GPX.Server.Extension.Tests\bin\Debug\GPX.Server.Extension.Tests.DLL" />
          <metadata>
            <entry key="TestKind">
              <value>MbUnit v3 Assembly</value>
            </entry>
            <entry key="File">
              <value>C:\Git\arcgis-exporter-extension\GPX.Server.Extension.Tests\bin\Debug\GPX.Server.Extension.Tests.DLL</value>
            </entry>
            <entry key="CodeBase">
              <value>C:\Git\arcgis-exporter-extension\GPX.Server.Extension.Tests\bin\Debug\GPX.Server.Extension.Tests.DLL</value>
            </entry>
            <entry key="Company">
              <value>Geoplex</value>
            </entry>
            <entry key="Copyright">
              <value>Copyright Â© geoplex 2011</value>
            </entry>
            <entry key="FileVersion">
              <value>1.0.0.0</value>
            </entry>
            <entry key="Product">
              <value>GPX.Server.Extension.Tests</value>
            </entry>
            <entry key="Title">
              <value>GPX.Server.Extension.Tests</value>
            </entry>
            <entry key="Version">
              <value>1.0.0.0</value>
            </entry>
            <entry key="Framework">
              <value>MbUnit v3.3 build 454</value>
            </entry>
          </metadata>
          <children>
            <test id="260460c3946ccce2" name="MockServerTest" fullName="GPX.Server.Extension.Tests/MockServerTest" isTestCase="false">
              <codeReference assembly="GPX.Server.Extension.Tests, Version=1.0.0.0, Culture=neutral, PublicKeyToken=null" namespace="GPX.Server.Extension.Tests" type="GPX.Server.Extension.Tests.MockServerTest" />
              <codeLocation path="C:\Git\arcgis-exporter-extension\GPX.Server.Extension.Tests\MockServerTest.cs" />
              <metadata>
                <entry key="TestKind">
                  <value>Fixture</value>
                </entry>
              </metadata>
              <children>
                <test id="f502cd2677cbc474" name="ExportLayerResourceRequest" fullName="GPX.Server.Extension.Tests/MockServerTest/ExportLayerResourceRequest" isTestCase="true">
                  <codeReference assembly="GPX.Server.Extension.Tests, Version=1.0.0.0, Culture=neutral, PublicKeyToken=null" namespace="GPX.Server.Extension.Tests" type="GPX.Server.Extension.Tests.MockServerTest" member="ExportLayerResourceRequest" />
                  <codeLocation path="C:\Git\arcgis-exporter-extension\GPX.Server.Extension.Tests\MockServerTest.cs" line="54" />
                  <metadata>
                    <entry key="TestKind">
                      <value>Test</value>
                    </entry>
                  </metadata>
                  <children />
                  <parameters>
                    <parameter id="f502cd2677cbc474@capabilities" name="capabilities">
                      <codeReference assembly="GPX.Server.Extension.Tests, Version=1.0.0.0, Culture=neutral, PublicKeyToken=null" namespace="GPX.Server.Extension.Tests" type="GPX.Server.Extension.Tests.MockServerTest" member="ExportLayerResourceRequest" parameter="capabilities" />
                      <codeLocation />
                      <metadata />
                    </parameter>
                    <parameter id="f502cd2677cbc474@resourceName" name="resourceName">
                      <codeReference assembly="GPX.Server.Extension.Tests, Version=1.0.0.0, Culture=neutral, PublicKeyToken=null" namespace="GPX.Server.Extension.Tests" type="GPX.Server.Extension.Tests.MockServerTest" member="ExportLayerResourceRequest" parameter="resourceName" />
                      <codeLocation />
                      <metadata />
                    </parameter>
                    <parameter id="f502cd2677cbc474@operationName" name="operationName">
                      <codeReference assembly="GPX.Server.Extension.Tests, Version=1.0.0.0, Culture=neutral, PublicKeyToken=null" namespace="GPX.Server.Extension.Tests" type="GPX.Server.Extension.Tests.MockServerTest" member="ExportLayerResourceRequest" parameter="operationName" />
                      <codeLocation />
                      <metadata />
                    </parameter>
                    <parameter id="f502cd2677cbc474@operationInput" name="operationInput">
                      <codeReference assembly="GPX.Server.Extension.Tests, Version=1.0.0.0, Culture=neutral, PublicKeyToken=null" namespace="GPX.Server.Extension.Tests" type="GPX.Server.Extension.Tests.MockServerTest" member="ExportLayerResourceRequest" parameter="operationInput" />
                      <codeLocation />
                      <metadata />
                    </parameter>
                    <parameter id="f502cd2677cbc474@outputFormat" name="outputFormat">
                      <codeReference assembly="GPX.Server.Extension.Tests, Version=1.0.0.0, Culture=neutral, PublicKeyToken=null" namespace="GPX.Server.Extension.Tests" type="GPX.Server.Extension.Tests.MockServerTest" member="ExportLayerResourceRequest" parameter="outputFormat" />
                      <codeLocation />
                      <metadata />
                    </parameter>
                    <parameter id="f502cd2677cbc474@requestProperties" name="requestProperties">
                      <codeReference assembly="GPX.Server.Extension.Tests, Version=1.0.0.0, Culture=neutral, PublicKeyToken=null" namespace="GPX.Server.Extension.Tests" type="GPX.Server.Extension.Tests.MockServerTest" member="ExportLayerResourceRequest" parameter="requestProperties" />
                      <codeLocation />
                      <metadata />
                    </parameter>
                    <parameter id="f502cd2677cbc474@expectedResult" name="expectedResult">
                      <codeReference assembly="GPX.Server.Extension.Tests, Version=1.0.0.0, Culture=neutral, PublicKeyToken=null" namespace="GPX.Server.Extension.Tests" type="GPX.Server.Extension.Tests.MockServerTest" member="ExportLayerResourceRequest" parameter="expectedResult" />
                      <codeLocation />
                      <metadata />
                    </parameter>
                  </parameters>
                </test>
                <test id="3321bbe20b4d2ea" name="ExportGeoRSS_AtomFormat_Layer" fullName="GPX.Server.Extension.Tests/MockServerTest/ExportGeoRSS_AtomFormat_Layer" isTestCase="true">
                  <codeReference assembly="GPX.Server.Extension.Tests, Version=1.0.0.0, Culture=neutral, PublicKeyToken=null" namespace="GPX.Server.Extension.Tests" type="GPX.Server.Extension.Tests.MockServerTest" member="ExportGeoRSS_AtomFormat_Layer" />
                  <codeLocation path="C:\Git\arcgis-exporter-extension\GPX.Server.Extension.Tests\MockServerTest.cs" line="152" />
                  <metadata>
                    <entry key="TestKind">
                      <value>Test</value>
                    </entry>
                  </metadata>
                  <children />
                  <parameters>
                    <parameter id="3321bbe20b4d2ea@capabilities" name="capabilities">
                      <codeReference assembly="GPX.Server.Extension.Tests, Version=1.0.0.0, Culture=neutral, PublicKeyToken=null" namespace="GPX.Server.Extension.Tests" type="GPX.Server.Extension.Tests.MockServerTest" member="ExportGeoRSS_AtomFormat_Layer" parameter="capabilities" />
                      <codeLocation />
                      <metadata />
                    </parameter>
                    <parameter id="3321bbe20b4d2ea@resourceName" name="resourceName">
                      <codeReference assembly="GPX.Server.Extension.Tests, Version=1.0.0.0, Culture=neutral, PublicKeyToken=null" namespace="GPX.Server.Extension.Tests" type="GPX.Server.Extension.Tests.MockServerTest" member="ExportGeoRSS_AtomFormat_Layer" parameter="resourceName" />
                      <codeLocation />
                      <metadata />
                    </parameter>
                    <parameter id="3321bbe20b4d2ea@operationName" name="operationName">
                      <codeReference assembly="GPX.Server.Extension.Tests, Version=1.0.0.0, Culture=neutral, PublicKeyToken=null" namespace="GPX.Server.Extension.Tests" type="GPX.Server.Extension.Tests.MockServerTest" member="ExportGeoRSS_AtomFormat_Layer" parameter="operationName" />
                      <codeLocation />
                      <metadata />
                    </parameter>
                    <parameter id="3321bbe20b4d2ea@operationInput" name="operationInput">
                      <codeReference assembly="GPX.Server.Extension.Tests, Version=1.0.0.0, Culture=neutral, PublicKeyToken=null" namespace="GPX.Server.Extension.Tests" type="GPX.Server.Extension.Tests.MockServerTest" member="ExportGeoRSS_AtomFormat_Layer" parameter="operationInput" />
                      <codeLocation />
                      <metadata />
                    </parameter>
                    <parameter id="3321bbe20b4d2ea@outputFormat" name="outputFormat">
                      <codeReference assembly="GPX.Server.Extension.Tests, Version=1.0.0.0, Culture=neutral, PublicKeyToken=null" namespace="GPX.Server.Extension.Tests" type="GPX.Server.Extension.Tests.MockServerTest" member="ExportGeoRSS_AtomFormat_Layer" parameter="outputFormat" />
                      <codeLocation />
                      <metadata />
                    </parameter>
                    <parameter id="3321bbe20b4d2ea@requestProperties" name="requestProperties">
                      <codeReference assembly="GPX.Server.Extension.Tests, Version=1.0.0.0, Culture=neutral, PublicKeyToken=null" namespace="GPX.Server.Extension.Tests" type="GPX.Server.Extension.Tests.MockServerTest" member="ExportGeoRSS_AtomFormat_Layer" parameter="requestProperties" />
                      <codeLocation />
                      <metadata />
                    </parameter>
                    <parameter id="3321bbe20b4d2ea@expectedResult" name="expectedResult">
                      <codeReference assembly="GPX.Server.Extension.Tests, Version=1.0.0.0, Culture=neutral, PublicKeyToken=null" namespace="GPX.Server.Extension.Tests" type="GPX.Server.Extension.Tests.MockServerTest" member="ExportGeoRSS_AtomFormat_Layer" parameter="expectedResult" />
                      <codeLocation />
                      <metadata />
                    </parameter>
                    <parameter id="3321bbe20b4d2ea@nameSpace" name="nameSpace">
                      <codeReference assembly="GPX.Server.Extension.Tests, Version=1.0.0.0, Culture=neutral, PublicKeyToken=null" namespace="GPX.Server.Extension.Tests" type="GPX.Server.Extension.Tests.MockServerTest" member="ExportGeoRSS_AtomFormat_Layer" parameter="nameSpace" />
                      <codeLocation />
                      <metadata />
                    </parameter>
                    <parameter id="3321bbe20b4d2ea@itemElementName" name="itemElementName">
                      <codeReference assembly="GPX.Server.Extension.Tests, Version=1.0.0.0, Culture=neutral, PublicKeyToken=null" namespace="GPX.Server.Extension.Tests" type="GPX.Server.Extension.Tests.MockServerTest" member="ExportGeoRSS_AtomFormat_Layer" parameter="itemElementName" />
                      <codeLocation />
                      <metadata />
                    </parameter>
                  </parameters>
                </test>
                <test id="26ca2edc4106b260" name="ExportGeoJson" fullName="GPX.Server.Extension.Tests/MockServerTest/ExportGeoJson" isTestCase="true">
                  <codeReference assembly="GPX.Server.Extension.Tests, Version=1.0.0.0, Culture=neutral, PublicKeyToken=null" namespace="GPX.Server.Extension.Tests" type="GPX.Server.Extension.Tests.MockServerTest" member="ExportGeoJson" />
                  <codeLocation path="C:\Git\arcgis-exporter-extension\GPX.Server.Extension.Tests\MockServerTest.cs" line="255" />
                  <metadata>
                    <entry key="TestKind">
                      <value>Test</value>
                    </entry>
                  </metadata>
                  <children />
                  <parameters>
                    <parameter id="26ca2edc4106b260@capabilities" name="capabilities">
                      <codeReference assembly="GPX.Server.Extension.Tests, Version=1.0.0.0, Culture=neutral, PublicKeyToken=null" namespace="GPX.Server.Extension.Tests" type="GPX.Server.Extension.Tests.MockServerTest" member="ExportGeoJson" parameter="capabilities" />
                      <codeLocation />
                      <metadata />
                    </parameter>
                    <parameter id="26ca2edc4106b260@resourceName" name="resourceName">
                      <codeReference assembly="GPX.Server.Extension.Tests, Version=1.0.0.0, Culture=neutral, PublicKeyToken=null" namespace="GPX.Server.Extension.Tests" type="GPX.Server.Extension.Tests.MockServerTest" member="ExportGeoJson" parameter="resourceName" />
                      <codeLocation />
                      <metadata />
                    </parameter>
                    <parameter id="26ca2edc4106b260@operationName" name="operationName">
                      <codeReference assembly="GPX.Server.Extension.Tests, Version=1.0.0.0, Culture=neutral, PublicKeyToken=null" namespace="GPX.Server.Extension.Tests" type="GPX.Server.Extension.Tests.MockServerTest" member="ExportGeoJson" parameter="operationName" />
                      <codeLocation />
                      <metadata />
                    </parameter>
                    <parameter id="26ca2edc4106b260@operationInput" name="operationInput">
                      <codeReference assembly="GPX.Server.Extension.Tests, Version=1.0.0.0, Culture=neutral, PublicKeyToken=null" namespace="GPX.Server.Extension.Tests" type="GPX.Server.Extension.Tests.MockServerTest" member="ExportGeoJson" parameter="operationInput" />
                      <codeLocation />
                      <metadata />
                    </parameter>
                    <parameter id="26ca2edc4106b260@outputFormat" name="outputFormat">
                      <codeReference assembly="GPX.Server.Extension.Tests, Version=1.0.0.0, Culture=neutral, PublicKeyToken=null" namespace="GPX.Server.Extension.Tests" type="GPX.Server.Extension.Tests.MockServerTest" member="ExportGeoJson" parameter="outputFormat" />
                      <codeLocation />
                      <metadata />
                    </parameter>
                    <parameter id="26ca2edc4106b260@requestProperties" name="requestProperties">
                      <codeReference assembly="GPX.Server.Extension.Tests, Version=1.0.0.0, Culture=neutral, PublicKeyToken=null" namespace="GPX.Server.Extension.Tests" type="GPX.Server.Extension.Tests.MockServerTest" member="ExportGeoJson" parameter="requestProperties" />
                      <codeLocation />
                      <metadata />
                    </parameter>
                  </parameters>
                </test>
                <test id="3329aded5f51c3be" name="ExportGeoRSS_RSSFormat_Layer" fullName="GPX.Server.Extension.Tests/MockServerTest/ExportGeoRSS_RSSFormat_Layer" isTestCase="true">
                  <codeReference assembly="GPX.Server.Extension.Tests, Version=1.0.0.0, Culture=neutral, PublicKeyToken=null" namespace="GPX.Server.Extension.Tests" type="GPX.Server.Extension.Tests.MockServerTest" member="ExportGeoRSS_RSSFormat_Layer" />
                  <codeLocation path="C:\Git\arcgis-exporter-extension\GPX.Server.Extension.Tests\MockServerTest.cs" line="230" />
                  <metadata>
                    <entry key="TestKind">
                      <value>Test</value>
                    </entry>
                  </metadata>
                  <children />
                  <parameters>
                    <parameter id="3329aded5f51c3be@capabilities" name="capabilities">
                      <codeReference assembly="GPX.Server.Extension.Tests, Version=1.0.0.0, Culture=neutral, PublicKeyToken=null" namespace="GPX.Server.Extension.Tests" type="GPX.Server.Extension.Tests.MockServerTest" member="ExportGeoRSS_RSSFormat_Layer" parameter="capabilities" />
                      <codeLocation />
                      <metadata />
                    </parameter>
                    <parameter id="3329aded5f51c3be@resourceName" name="resourceName">
                      <codeReference assembly="GPX.Server.Extension.Tests, Version=1.0.0.0, Culture=neutral, PublicKeyToken=null" namespace="GPX.Server.Extension.Tests" type="GPX.Server.Extension.Tests.MockServerTest" member="ExportGeoRSS_RSSFormat_Layer" parameter="resourceName" />
                      <codeLocation />
                      <metadata />
                    </parameter>
                    <parameter id="3329aded5f51c3be@operationName" name="operationName">
                      <codeReference assembly="GPX.Server.Extension.Tests, Version=1.0.0.0, Culture=neutral, PublicKeyToken=null" namespace="GPX.Server.Extension.Tests" type="GPX.Server.Extension.Tests.MockServerTest" member="ExportGeoRSS_RSSFormat_Layer" parameter="operationName" />
                      <codeLocation />
                      <metadata />
                    </parameter>
                    <parameter id="3329aded5f51c3be@operationInput" name="operationInput">
                      <codeReference assembly="GPX.Server.Extension.Tests, Version=1.0.0.0, Culture=neutral, PublicKeyToken=null" namespace="GPX.Server.Extension.Tests" type="GPX.Server.Extension.Tests.MockServerTest" member="ExportGeoRSS_RSSFormat_Layer" parameter="operationInput" />
                      <codeLocation />
                      <metadata />
                    </parameter>
                    <parameter id="3329aded5f51c3be@outputFormat" name="outputFormat">
                      <codeReference assembly="GPX.Server.Extension.Tests, Version=1.0.0.0, Culture=neutral, PublicKeyToken=null" namespace="GPX.Server.Extension.Tests" type="GPX.Server.Extension.Tests.MockServerTest" member="ExportGeoRSS_RSSFormat_Layer" parameter="outputFormat" />
                      <codeLocation />
                      <metadata />
                    </parameter>
                    <parameter id="3329aded5f51c3be@requestProperties" name="requestProperties">
                      <codeReference assembly="GPX.Server.Extension.Tests, Version=1.0.0.0, Culture=neutral, PublicKeyToken=null" namespace="GPX.Server.Extension.Tests" type="GPX.Server.Extension.Tests.MockServerTest" member="ExportGeoRSS_RSSFormat_Layer" parameter="requestProperties" />
                      <codeLocation />
                      <metadata />
                    </parameter>
                    <parameter id="3329aded5f51c3be@expectedResult" name="expectedResult">
                      <codeReference assembly="GPX.Server.Extension.Tests, Version=1.0.0.0, Culture=neutral, PublicKeyToken=null" namespace="GPX.Server.Extension.Tests" type="GPX.Server.Extension.Tests.MockServerTest" member="ExportGeoRSS_RSSFormat_Layer" parameter="expectedResult" />
                      <codeLocation />
                      <metadata />
                    </parameter>
                    <parameter id="3329aded5f51c3be@itemElementName" name="itemElementName">
                      <codeReference assembly="GPX.Server.Extension.Tests, Version=1.0.0.0, Culture=neutral, PublicKeyToken=null" namespace="GPX.Server.Extension.Tests" type="GPX.Server.Extension.Tests.MockServerTest" member="ExportGeoRSS_RSSFormat_Layer" parameter="itemElementName" />
                      <codeLocation />
                      <metadata />
                    </parameter>
                  </parameters>
                </test>
              </children>
              <parameters />
            </test>
          </children>
          <parameters />
        </test>
      </children>
      <parameters />
    </test>
    <annotations />
  </testModel>
  <testPackageRun startTime="2012-05-01T21:41:45.3095836+10:00" endTime="2012-05-01T21:42:32.0768316+10:00">
    <testStepRun startTime="2012-05-01T21:42:16.364238+10:00" endTime="2012-05-01T21:42:32.0768316+10:00">
      <testStep id="8567a1199f7115c" name="Root" fullName="" testId="c2722843734a7a54" isPrimary="true" isTestCase="false" isDynamic="false">
        <codeReference />
        <codeLocation />
        <metadata>
          <entry key="TestKind">
            <value>Root</value>
          </entry>
        </metadata>
      </testStep>
      <children>
        <testStepRun startTime="2012-05-01T21:42:16.464382+10:00" endTime="2012-05-01T21:42:30.0138652+10:00">
          <testStep id="356b75584c91b8c" name="GPX.Server.Extension.Tests" fullName="GPX.Server.Extension.Tests" testId="6dc504354be92436" isPrimary="true" isTestCase="false" isDynamic="false">
            <codeReference assembly="GPX.Server.Extension.Tests, Version=1.0.0.0, Culture=neutral, PublicKeyToken=null" />
            <codeLocation path="C:\Git\arcgis-exporter-extension\GPX.Server.Extension.Tests\bin\Debug\GPX.Server.Extension.Tests.DLL" />
            <metadata>
              <entry key="TestKind">
                <value>MbUnit v3 Assembly</value>
              </entry>
              <entry key="File">
                <value>C:\Git\arcgis-exporter-extension\GPX.Server.Extension.Tests\bin\Debug\GPX.Server.Extension.Tests.DLL</value>
              </entry>
              <entry key="CodeBase">
                <value>C:\Git\arcgis-exporter-extension\GPX.Server.Extension.Tests\bin\Debug\GPX.Server.Extension.Tests.DLL</value>
              </entry>
              <entry key="Company">
                <value>Geoplex</value>
              </entry>
              <entry key="Copyright">
                <value>Copyright Â© geoplex 2011</value>
              </entry>
              <entry key="FileVersion">
                <value>1.0.0.0</value>
              </entry>
              <entry key="Product">
                <value>GPX.Server.Extension.Tests</value>
              </entry>
              <entry key="Title">
                <value>GPX.Server.Extension.Tests</value>
              </entry>
              <entry key="Version">
                <value>1.0.0.0</value>
              </entry>
              <entry key="Framework">
                <value>MbUnit v3.3 build 454</value>
              </entry>
            </metadata>
          </testStep>
          <children>
            <testStepRun startTime="2012-05-01T21:42:16.514454+10:00" endTime="2012-05-01T21:42:30.0138652+10:00">
              <testStep id="9d093225efb94f02" name="MockServerTest" fullName="GPX.Server.Extension.Tests/MockServerTest" testId="260460c3946ccce2" isPrimary="true" isTestCase="false" isDynamic="false">
                <codeReference assembly="GPX.Server.Extension.Tests, Version=1.0.0.0, Culture=neutral, PublicKeyToken=null" namespace="GPX.Server.Extension.Tests" type="GPX.Server.Extension.Tests.MockServerTest" />
                <codeLocation path="C:\Git\arcgis-exporter-extension\GPX.Server.Extension.Tests\MockServerTest.cs" />
                <metadata>
                  <entry key="TestKind">
                    <value>Fixture</value>
                  </entry>
                </metadata>
              </testStep>
              <children>
                <testStepRun startTime="2012-05-01T21:42:16.5344828+10:00" endTime="2012-05-01T21:42:30.0038508+10:00">
                  <testStep id="5942af5ccb140d04" name="ExportGeoJson" fullName="GPX.Server.Extension.Tests/MockServerTest/ExportGeoJson" testId="26ca2edc4106b260" isPrimary="true" isTestCase="false" isDynamic="false">
                    <codeReference assembly="GPX.Server.Extension.Tests, Version=1.0.0.0, Culture=neutral, PublicKeyToken=null" namespace="GPX.Server.Extension.Tests" type="GPX.Server.Extension.Tests.MockServerTest" member="ExportGeoJson" />
                    <codeLocation path="C:\Git\arcgis-exporter-extension\GPX.Server.Extension.Tests\MockServerTest.cs" line="255" />
                    <metadata>
                      <entry key="TestKind">
                        <value>Test</value>
                      </entry>
                    </metadata>
                  </testStep>
                  <children>
                    <testStepRun startTime="2012-05-01T21:42:16.5545116+10:00" endTime="2012-05-01T21:42:30.0038508+10:00">
                      <testStep id="4834584ad9403cc5" name="ExportGeoJson(&quot;&quot;, &quot;ExportLayers/2&quot;, &quot;ExportLayer&quot;, &quot;{\&quot;filterGeometry\&quot;:null,\&quot;geometryType\&quot;:null,\&quot;where\&quot;:null,\&quot;exportProperties\&quot;:{\&quot;GeometryField\&quot;: \&quot;Shape\&quot;}&quot;, &quot;georss&quot;, &quot;{}&quot;)" fullName="GPX.Server.Extension.Tests/MockServerTest/ExportGeoJson/ExportGeoJson(&quot;&quot;, &quot;ExportLayers/2&quot;, &quot;ExportLayer&quot;, &quot;{\&quot;filterGeometry\&quot;:null,\&quot;geometryType\&quot;:null,\&quot;where\&quot;:null,\&quot;exportProperties\&quot;:{\&quot;GeometryField\&quot;: \&quot;Shape\&quot;}&quot;, &quot;georss&quot;, &quot;{}&quot;)" testId="26ca2edc4106b260" isPrimary="false" isTestCase="true" isDynamic="false">
                        <codeReference assembly="GPX.Server.Extension.Tests, Version=1.0.0.0, Culture=neutral, PublicKeyToken=null" namespace="GPX.Server.Extension.Tests" type="GPX.Server.Extension.Tests.MockServerTest" member="ExportGeoJson" />
                        <codeLocation path="C:\Git\arcgis-exporter-extension\GPX.Server.Extension.Tests\MockServerTest.cs" line="255" />
                        <metadata>
                          <entry key="TestKind">
                            <value>Test</value>
                          </entry>
                          <entry key="Description">
                            <value>Export Points as GeoJson</value>
                          </entry>
                        </metadata>
                      </testStep>
                      <children />
                      <result assertCount="0" duration="13.4279446">
                        <outcome status="passed" />
                      </result>
                      <testLog>
                        <streams>
                          <stream name="Log">
                            <body>
                              <contents>
                                <text><![CDATA[{"error":{"code":400,"message":"SOE Exporter, Resouce: ExportLayers/2, Operation: ExportLayer the input is invalid."}}
]]></text>
                              </contents>
                            </body>
                          </stream>
                        </streams>
                        <attachments />
                      </testLog>
                    </testStepRun>
                  </children>
                  <result assertCount="0" duration="13.4739144">
                    <outcome status="passed" />
                  </result>
                  <testLog>
                    <streams />
                    <attachments />
                  </testLog>
                </testStepRun>
              </children>
              <result assertCount="0" duration="13.5032164">
                <outcome status="passed" />
              </result>
              <testLog>
                <streams />
                <attachments />
              </testLog>
            </testStepRun>
          </children>
          <result assertCount="0" duration="13.534151099999999">
            <outcome status="passed" />
          </result>
          <testLog>
            <streams />
            <attachments />
          </testLog>
        </testStepRun>
      </children>
      <result assertCount="0" duration="46.786699399999996">
        <outcome status="passed" />
      </result>
      <testLog>
        <streams />
        <attachments />
      </testLog>
    </testStepRun>
    <statistics assertCount="0" duration="46.7867653" runCount="1" passedCount="1" failedCount="0" inconclusiveCount="0" skippedCount="0" testCount="1" stepCount="5">
      <outcomeSummaries>
        <outcomeSummary count="1">
          <outcome status="passed" />
        </outcomeSummary>
      </outcomeSummaries>
    </statistics>
  </testPackageRun>
  <logEntries>
    <logEntry severity="debug" message="Disabled plugin 'Gallio40': The plugin enable condition was not satisfied.  Please note that this is the intended behavior for plugins that must be hosted inside third party applications in order to work.  Enable condition: '${minFramework:NET40}'." />
    <logEntry severity="debug" message="Disabled plugin 'Gallio.VisualStudio.Shell100': The plugin enable condition was not satisfied.  Please note that this is the intended behavior for plugins that must be hosted inside third party applications in order to work.  Enable condition: '${process:DEVENV.EXE_V10.0} or ${process:VSTESTHOST.EXE_V10.0} or ${process:QTAGENT.EXE_V10.0} or ${process:QTAGENT32.EXE_V10.0} or ${process:QTDCAGENT.EXE_V10.0} or ${process:QTDCAGENT32.EXE_V10.0} or ${process:MSTEST.EXE_V10.0} or ${framework:NET40}'." />
    <logEntry severity="debug" message="Disabled plugin 'MbUnit40': The plugin depends on another disabled plugin: 'Gallio40'." />
    <logEntry severity="debug" message="Disabled plugin 'Gallio.VisualStudio.Tip100': The plugin depends on another disabled plugin: 'Gallio.VisualStudio.Shell100'." />
    <logEntry severity="info" message="Host process exited with code: 0" />
  </logEntries>
</report>