<?xml version="1.0" encoding="utf-8"?>
<report xmlns:xsi="http://www.w3.org/2001/XMLSchema-instance" xmlns:xsd="http://www.w3.org/2001/XMLSchema" xmlns="http://www.gallio.org/">
  <testPackage shadowCopy="false" debug="false">
    <files>
      <file>C:\Git\arcgis-exporter-extension\GPX.Server.Extension.Tests\bin\Debug\GPX.Server.Extension.Tests.dll</file>
    </files>
    <hintDirectories />
    <excludedFrameworkIds />
    <properties />
  </testPackage>
  <testModel>
    <test id="c2722843734a7a54" name="Root" fullName="" isTestCase="false">
      <codeReference />
      <codeLocation />
      <metadata>
        <entry key="TestKind">
          <value>Root</value>
        </entry>
      </metadata>
      <children>
        <test id="6dc504354be92436" name="GPX.Server.Extension.Tests" fullName="GPX.Server.Extension.Tests" isTestCase="false">
          <codeReference assembly="GPX.Server.Extension.Tests, Version=1.0.0.0, Culture=neutral, PublicKeyToken=null" />
          <codeLocation path="C:\Git\arcgis-exporter-extension\GPX.Server.Extension.Tests\bin\Debug\GPX.Server.Extension.Tests.DLL" />
          <metadata>
            <entry key="TestKind">
              <value>MbUnit v3 Assembly</value>
            </entry>
            <entry key="File">
              <value>C:\Git\arcgis-exporter-extension\GPX.Server.Extension.Tests\bin\Debug\GPX.Server.Extension.Tests.DLL</value>
            </entry>
            <entry key="CodeBase">
              <value>C:\Git\arcgis-exporter-extension\GPX.Server.Extension.Tests\bin\Debug\GPX.Server.Extension.Tests.DLL</value>
            </entry>
            <entry key="Company">
              <value>Geoplex</value>
            </entry>
            <entry key="Copyright">
              <value>Copyright Â© geoplex 2011</value>
            </entry>
            <entry key="FileVersion">
              <value>1.0.0.0</value>
            </entry>
            <entry key="Product">
              <value>GPX.Server.Extension.Tests</value>
            </entry>
            <entry key="Title">
              <value>GPX.Server.Extension.Tests</value>
            </entry>
            <entry key="Version">
              <value>1.0.0.0</value>
            </entry>
            <entry key="Framework">
              <value>MbUnit v3.3 build 454</value>
            </entry>
          </metadata>
          <children>
            <test id="260460c3946ccce2" name="MockServerTest" fullName="GPX.Server.Extension.Tests/MockServerTest" isTestCase="false">
              <codeReference assembly="GPX.Server.Extension.Tests, Version=1.0.0.0, Culture=neutral, PublicKeyToken=null" namespace="GPX.Server.Extension.Tests" type="GPX.Server.Extension.Tests.MockServerTest" />
              <codeLocation path="C:\Git\arcgis-exporter-extension\GPX.Server.Extension.Tests\MockServerTest.cs" />
              <metadata>
                <entry key="TestKind">
                  <value>Fixture</value>
                </entry>
              </metadata>
              <children>
                <test id="f502cd2677cbc474" name="ExportLayerResourceRequest" fullName="GPX.Server.Extension.Tests/MockServerTest/ExportLayerResourceRequest" isTestCase="true">
                  <codeReference assembly="GPX.Server.Extension.Tests, Version=1.0.0.0, Culture=neutral, PublicKeyToken=null" namespace="GPX.Server.Extension.Tests" type="GPX.Server.Extension.Tests.MockServerTest" member="ExportLayerResourceRequest" />
                  <codeLocation path="C:\Git\arcgis-exporter-extension\GPX.Server.Extension.Tests\MockServerTest.cs" line="58" />
                  <metadata>
                    <entry key="TestKind">
                      <value>Test</value>
                    </entry>
                  </metadata>
                  <children />
                  <parameters>
                    <parameter id="f502cd2677cbc474@capabilities" name="capabilities">
                      <codeReference assembly="GPX.Server.Extension.Tests, Version=1.0.0.0, Culture=neutral, PublicKeyToken=null" namespace="GPX.Server.Extension.Tests" type="GPX.Server.Extension.Tests.MockServerTest" member="ExportLayerResourceRequest" parameter="capabilities" />
                      <codeLocation />
                      <metadata />
                    </parameter>
                    <parameter id="f502cd2677cbc474@resourceName" name="resourceName">
                      <codeReference assembly="GPX.Server.Extension.Tests, Version=1.0.0.0, Culture=neutral, PublicKeyToken=null" namespace="GPX.Server.Extension.Tests" type="GPX.Server.Extension.Tests.MockServerTest" member="ExportLayerResourceRequest" parameter="resourceName" />
                      <codeLocation />
                      <metadata />
                    </parameter>
                    <parameter id="f502cd2677cbc474@operationName" name="operationName">
                      <codeReference assembly="GPX.Server.Extension.Tests, Version=1.0.0.0, Culture=neutral, PublicKeyToken=null" namespace="GPX.Server.Extension.Tests" type="GPX.Server.Extension.Tests.MockServerTest" member="ExportLayerResourceRequest" parameter="operationName" />
                      <codeLocation />
                      <metadata />
                    </parameter>
                    <parameter id="f502cd2677cbc474@operationInput" name="operationInput">
                      <codeReference assembly="GPX.Server.Extension.Tests, Version=1.0.0.0, Culture=neutral, PublicKeyToken=null" namespace="GPX.Server.Extension.Tests" type="GPX.Server.Extension.Tests.MockServerTest" member="ExportLayerResourceRequest" parameter="operationInput" />
                      <codeLocation />
                      <metadata />
                    </parameter>
                    <parameter id="f502cd2677cbc474@outputFormat" name="outputFormat">
                      <codeReference assembly="GPX.Server.Extension.Tests, Version=1.0.0.0, Culture=neutral, PublicKeyToken=null" namespace="GPX.Server.Extension.Tests" type="GPX.Server.Extension.Tests.MockServerTest" member="ExportLayerResourceRequest" parameter="outputFormat" />
                      <codeLocation />
                      <metadata />
                    </parameter>
                    <parameter id="f502cd2677cbc474@requestProperties" name="requestProperties">
                      <codeReference assembly="GPX.Server.Extension.Tests, Version=1.0.0.0, Culture=neutral, PublicKeyToken=null" namespace="GPX.Server.Extension.Tests" type="GPX.Server.Extension.Tests.MockServerTest" member="ExportLayerResourceRequest" parameter="requestProperties" />
                      <codeLocation />
                      <metadata />
                    </parameter>
                    <parameter id="f502cd2677cbc474@expectedResult" name="expectedResult">
                      <codeReference assembly="GPX.Server.Extension.Tests, Version=1.0.0.0, Culture=neutral, PublicKeyToken=null" namespace="GPX.Server.Extension.Tests" type="GPX.Server.Extension.Tests.MockServerTest" member="ExportLayerResourceRequest" parameter="expectedResult" />
                      <codeLocation />
                      <metadata />
                    </parameter>
                  </parameters>
                </test>
                <test id="3329aded5f51c3be" name="ExportGeoRSS_RSSFormat_Layer" fullName="GPX.Server.Extension.Tests/MockServerTest/ExportGeoRSS_RSSFormat_Layer" isTestCase="true">
                  <codeReference assembly="GPX.Server.Extension.Tests, Version=1.0.0.0, Culture=neutral, PublicKeyToken=null" namespace="GPX.Server.Extension.Tests" type="GPX.Server.Extension.Tests.MockServerTest" member="ExportGeoRSS_RSSFormat_Layer" />
                  <codeLocation path="C:\Git\arcgis-exporter-extension\GPX.Server.Extension.Tests\MockServerTest.cs" line="214" />
                  <metadata>
                    <entry key="TestKind">
                      <value>Test</value>
                    </entry>
                  </metadata>
                  <children />
                  <parameters>
                    <parameter id="3329aded5f51c3be@capabilities" name="capabilities">
                      <codeReference assembly="GPX.Server.Extension.Tests, Version=1.0.0.0, Culture=neutral, PublicKeyToken=null" namespace="GPX.Server.Extension.Tests" type="GPX.Server.Extension.Tests.MockServerTest" member="ExportGeoRSS_RSSFormat_Layer" parameter="capabilities" />
                      <codeLocation />
                      <metadata />
                    </parameter>
                    <parameter id="3329aded5f51c3be@resourceName" name="resourceName">
                      <codeReference assembly="GPX.Server.Extension.Tests, Version=1.0.0.0, Culture=neutral, PublicKeyToken=null" namespace="GPX.Server.Extension.Tests" type="GPX.Server.Extension.Tests.MockServerTest" member="ExportGeoRSS_RSSFormat_Layer" parameter="resourceName" />
                      <codeLocation />
                      <metadata />
                    </parameter>
                    <parameter id="3329aded5f51c3be@operationName" name="operationName">
                      <codeReference assembly="GPX.Server.Extension.Tests, Version=1.0.0.0, Culture=neutral, PublicKeyToken=null" namespace="GPX.Server.Extension.Tests" type="GPX.Server.Extension.Tests.MockServerTest" member="ExportGeoRSS_RSSFormat_Layer" parameter="operationName" />
                      <codeLocation />
                      <metadata />
                    </parameter>
                    <parameter id="3329aded5f51c3be@operationInput" name="operationInput">
                      <codeReference assembly="GPX.Server.Extension.Tests, Version=1.0.0.0, Culture=neutral, PublicKeyToken=null" namespace="GPX.Server.Extension.Tests" type="GPX.Server.Extension.Tests.MockServerTest" member="ExportGeoRSS_RSSFormat_Layer" parameter="operationInput" />
                      <codeLocation />
                      <metadata />
                    </parameter>
                    <parameter id="3329aded5f51c3be@outputFormat" name="outputFormat">
                      <codeReference assembly="GPX.Server.Extension.Tests, Version=1.0.0.0, Culture=neutral, PublicKeyToken=null" namespace="GPX.Server.Extension.Tests" type="GPX.Server.Extension.Tests.MockServerTest" member="ExportGeoRSS_RSSFormat_Layer" parameter="outputFormat" />
                      <codeLocation />
                      <metadata />
                    </parameter>
                    <parameter id="3329aded5f51c3be@requestProperties" name="requestProperties">
                      <codeReference assembly="GPX.Server.Extension.Tests, Version=1.0.0.0, Culture=neutral, PublicKeyToken=null" namespace="GPX.Server.Extension.Tests" type="GPX.Server.Extension.Tests.MockServerTest" member="ExportGeoRSS_RSSFormat_Layer" parameter="requestProperties" />
                      <codeLocation />
                      <metadata />
                    </parameter>
                    <parameter id="3329aded5f51c3be@expectedResult" name="expectedResult">
                      <codeReference assembly="GPX.Server.Extension.Tests, Version=1.0.0.0, Culture=neutral, PublicKeyToken=null" namespace="GPX.Server.Extension.Tests" type="GPX.Server.Extension.Tests.MockServerTest" member="ExportGeoRSS_RSSFormat_Layer" parameter="expectedResult" />
                      <codeLocation />
                      <metadata />
                    </parameter>
                    <parameter id="3329aded5f51c3be@itemElementName" name="itemElementName">
                      <codeReference assembly="GPX.Server.Extension.Tests, Version=1.0.0.0, Culture=neutral, PublicKeyToken=null" namespace="GPX.Server.Extension.Tests" type="GPX.Server.Extension.Tests.MockServerTest" member="ExportGeoRSS_RSSFormat_Layer" parameter="itemElementName" />
                      <codeLocation />
                      <metadata />
                    </parameter>
                  </parameters>
                </test>
                <test id="3321bbe20b4d2ea" name="ExportGeoRSS_AtomFormat_Layer" fullName="GPX.Server.Extension.Tests/MockServerTest/ExportGeoRSS_AtomFormat_Layer" isTestCase="true">
                  <codeReference assembly="GPX.Server.Extension.Tests, Version=1.0.0.0, Culture=neutral, PublicKeyToken=null" namespace="GPX.Server.Extension.Tests" type="GPX.Server.Extension.Tests.MockServerTest" member="ExportGeoRSS_AtomFormat_Layer" />
                  <codeLocation path="C:\Git\arcgis-exporter-extension\GPX.Server.Extension.Tests\MockServerTest.cs" line="156" />
                  <metadata>
                    <entry key="TestKind">
                      <value>Test</value>
                    </entry>
                  </metadata>
                  <children />
                  <parameters>
                    <parameter id="3321bbe20b4d2ea@capabilities" name="capabilities">
                      <codeReference assembly="GPX.Server.Extension.Tests, Version=1.0.0.0, Culture=neutral, PublicKeyToken=null" namespace="GPX.Server.Extension.Tests" type="GPX.Server.Extension.Tests.MockServerTest" member="ExportGeoRSS_AtomFormat_Layer" parameter="capabilities" />
                      <codeLocation />
                      <metadata />
                    </parameter>
                    <parameter id="3321bbe20b4d2ea@resourceName" name="resourceName">
                      <codeReference assembly="GPX.Server.Extension.Tests, Version=1.0.0.0, Culture=neutral, PublicKeyToken=null" namespace="GPX.Server.Extension.Tests" type="GPX.Server.Extension.Tests.MockServerTest" member="ExportGeoRSS_AtomFormat_Layer" parameter="resourceName" />
                      <codeLocation />
                      <metadata />
                    </parameter>
                    <parameter id="3321bbe20b4d2ea@operationName" name="operationName">
                      <codeReference assembly="GPX.Server.Extension.Tests, Version=1.0.0.0, Culture=neutral, PublicKeyToken=null" namespace="GPX.Server.Extension.Tests" type="GPX.Server.Extension.Tests.MockServerTest" member="ExportGeoRSS_AtomFormat_Layer" parameter="operationName" />
                      <codeLocation />
                      <metadata />
                    </parameter>
                    <parameter id="3321bbe20b4d2ea@operationInput" name="operationInput">
                      <codeReference assembly="GPX.Server.Extension.Tests, Version=1.0.0.0, Culture=neutral, PublicKeyToken=null" namespace="GPX.Server.Extension.Tests" type="GPX.Server.Extension.Tests.MockServerTest" member="ExportGeoRSS_AtomFormat_Layer" parameter="operationInput" />
                      <codeLocation />
                      <metadata />
                    </parameter>
                    <parameter id="3321bbe20b4d2ea@outputFormat" name="outputFormat">
                      <codeReference assembly="GPX.Server.Extension.Tests, Version=1.0.0.0, Culture=neutral, PublicKeyToken=null" namespace="GPX.Server.Extension.Tests" type="GPX.Server.Extension.Tests.MockServerTest" member="ExportGeoRSS_AtomFormat_Layer" parameter="outputFormat" />
                      <codeLocation />
                      <metadata />
                    </parameter>
                    <parameter id="3321bbe20b4d2ea@requestProperties" name="requestProperties">
                      <codeReference assembly="GPX.Server.Extension.Tests, Version=1.0.0.0, Culture=neutral, PublicKeyToken=null" namespace="GPX.Server.Extension.Tests" type="GPX.Server.Extension.Tests.MockServerTest" member="ExportGeoRSS_AtomFormat_Layer" parameter="requestProperties" />
                      <codeLocation />
                      <metadata />
                    </parameter>
                    <parameter id="3321bbe20b4d2ea@expectedResult" name="expectedResult">
                      <codeReference assembly="GPX.Server.Extension.Tests, Version=1.0.0.0, Culture=neutral, PublicKeyToken=null" namespace="GPX.Server.Extension.Tests" type="GPX.Server.Extension.Tests.MockServerTest" member="ExportGeoRSS_AtomFormat_Layer" parameter="expectedResult" />
                      <codeLocation />
                      <metadata />
                    </parameter>
                    <parameter id="3321bbe20b4d2ea@nameSpace" name="nameSpace">
                      <codeReference assembly="GPX.Server.Extension.Tests, Version=1.0.0.0, Culture=neutral, PublicKeyToken=null" namespace="GPX.Server.Extension.Tests" type="GPX.Server.Extension.Tests.MockServerTest" member="ExportGeoRSS_AtomFormat_Layer" parameter="nameSpace" />
                      <codeLocation />
                      <metadata />
                    </parameter>
                    <parameter id="3321bbe20b4d2ea@itemElementName" name="itemElementName">
                      <codeReference assembly="GPX.Server.Extension.Tests, Version=1.0.0.0, Culture=neutral, PublicKeyToken=null" namespace="GPX.Server.Extension.Tests" type="GPX.Server.Extension.Tests.MockServerTest" member="ExportGeoRSS_AtomFormat_Layer" parameter="itemElementName" />
                      <codeLocation />
                      <metadata />
                    </parameter>
                  </parameters>
                </test>
              </children>
              <parameters />
            </test>
          </children>
          <parameters />
        </test>
      </children>
      <parameters />
    </test>
    <annotations />
  </testModel>
  <testPackageRun startTime="2012-03-28T19:57:04.5778592+11:00" endTime="2012-03-28T19:57:07.9126544+11:00">
    <testStepRun startTime="2012-03-28T19:57:06.350408+11:00" endTime="2012-03-28T19:57:07.9126544+11:00">
      <testStep id="75f78ded23eabec0" name="Root" fullName="" testId="c2722843734a7a54" isPrimary="true" isTestCase="false" isDynamic="false">
        <codeReference />
        <codeLocation />
        <metadata>
          <entry key="TestKind">
            <value>Root</value>
          </entry>
        </metadata>
      </testStep>
      <children>
        <testStepRun startTime="2012-03-28T19:57:06.3904656+11:00" endTime="2012-03-28T19:57:07.7123664+11:00">
          <testStep id="1cc8777c9a552f97" name="GPX.Server.Extension.Tests" fullName="GPX.Server.Extension.Tests" testId="6dc504354be92436" isPrimary="true" isTestCase="false" isDynamic="false">
            <codeReference assembly="GPX.Server.Extension.Tests, Version=1.0.0.0, Culture=neutral, PublicKeyToken=null" />
            <codeLocation path="C:\Git\arcgis-exporter-extension\GPX.Server.Extension.Tests\bin\Debug\GPX.Server.Extension.Tests.DLL" />
            <metadata>
              <entry key="TestKind">
                <value>MbUnit v3 Assembly</value>
              </entry>
              <entry key="File">
                <value>C:\Git\arcgis-exporter-extension\GPX.Server.Extension.Tests\bin\Debug\GPX.Server.Extension.Tests.DLL</value>
              </entry>
              <entry key="CodeBase">
                <value>C:\Git\arcgis-exporter-extension\GPX.Server.Extension.Tests\bin\Debug\GPX.Server.Extension.Tests.DLL</value>
              </entry>
              <entry key="Company">
                <value>Geoplex</value>
              </entry>
              <entry key="Copyright">
                <value>Copyright Â© geoplex 2011</value>
              </entry>
              <entry key="FileVersion">
                <value>1.0.0.0</value>
              </entry>
              <entry key="Product">
                <value>GPX.Server.Extension.Tests</value>
              </entry>
              <entry key="Title">
                <value>GPX.Server.Extension.Tests</value>
              </entry>
              <entry key="Version">
                <value>1.0.0.0</value>
              </entry>
              <entry key="Framework">
                <value>MbUnit v3.3 build 454</value>
              </entry>
            </metadata>
          </testStep>
          <children>
            <testStepRun startTime="2012-03-28T19:57:06.4305232+11:00" endTime="2012-03-28T19:57:07.7123664+11:00">
              <testStep id="40aa0f4e07da23ef" name="MockServerTest" fullName="GPX.Server.Extension.Tests/MockServerTest" testId="260460c3946ccce2" isPrimary="true" isTestCase="false" isDynamic="false">
                <codeReference assembly="GPX.Server.Extension.Tests, Version=1.0.0.0, Culture=neutral, PublicKeyToken=null" namespace="GPX.Server.Extension.Tests" type="GPX.Server.Extension.Tests.MockServerTest" />
                <codeLocation path="C:\Git\arcgis-exporter-extension\GPX.Server.Extension.Tests\MockServerTest.cs" />
                <metadata>
                  <entry key="TestKind">
                    <value>Fixture</value>
                  </entry>
                </metadata>
              </testStep>
              <children>
                <testStepRun startTime="2012-03-28T19:57:06.4305232+11:00" endTime="2012-03-28T19:57:07.5220928+11:00">
                  <testStep id="3f292c2b15d2a536" name="ExportGeoRSS_AtomFormat_Layer" fullName="GPX.Server.Extension.Tests/MockServerTest/ExportGeoRSS_AtomFormat_Layer" testId="3321bbe20b4d2ea" isPrimary="true" isTestCase="false" isDynamic="false">
                    <codeReference assembly="GPX.Server.Extension.Tests, Version=1.0.0.0, Culture=neutral, PublicKeyToken=null" namespace="GPX.Server.Extension.Tests" type="GPX.Server.Extension.Tests.MockServerTest" member="ExportGeoRSS_AtomFormat_Layer" />
                    <codeLocation path="C:\Git\arcgis-exporter-extension\GPX.Server.Extension.Tests\MockServerTest.cs" line="156" />
                    <metadata>
                      <entry key="TestKind">
                        <value>Test</value>
                      </entry>
                    </metadata>
                  </testStep>
                  <children>
                    <testStepRun startTime="2012-03-28T19:57:06.4605664+11:00" endTime="2012-03-28T19:57:07.3618624+11:00">
                      <testStep id="e340cab9bab13860" name="ExportGeoRSS_AtomFormat_Layer(&quot;&quot;, &quot;ExportLayers/7&quot;, &quot;ExportLayer&quot;, &quot;{\&quot;filterGeometry\&quot;:null,\&quot;geometryType\&quot;:null,\&quot;where\&quot;:null,\&quot;exportProperties\&quot;:{\&quot;Title\&quot;:\&quot;Californian Rivers\&quot;,\&quot;ID\&quot;:\&quot;Feed Id\&quot;,\&quot;Language\&quot;:\&quot;en-us\&quot;,\&quot;CopyRight\&quot;:\&quot;Copyright 2011\&quot;,\&quot;Generator\&quot;:\&quot;http://www.mapbutcher.com\&quot;,\&quot;Description\&quot;:\&quot;A GeoRSS format of Californian Rivers\&quot;,\&quot;Link\&quot;:{\&quot;BaseUri\&quot;:null,\&quot;Length\&quot;:0,\&quot;MediaType\&quot;:null,\&quot;RelationshipType\&quot;:null,\&quot;Title\&quot;:\&quot;Mapbutcher\&quot;,\&quot;Uri\&quot;:\&quot;http://www.mapbutcher.com\&quot;},\&quot;Author\&quot;:{\&quot;Email\&quot;:\&quot;mapbutcher@mapbutcher.com\&quot;,\&quot;Name\&quot;:\&quot;Simon\&quot;,\&quot;Uri\&quot;:\&quot;http://www.mapbutcher.com\&quot;},\&quot;GeometryFormat\&quot;:\&quot;GML\&quot;,\&quot;GeometryField\&quot;:\&quot;Shape\&quot;,\&quot;FeedFormat\&quot;:\&quot;Atom\&quot;,\&quot;Items\&quot;:[{\&quot;Key\&quot;:\&quot;Author\&quot;,\&quot;Value\&quot;:{\&quot;PostCondition\&quot;:null,\&quot;PreConditon\&quot;:null,\&quot;MappedContent\&quot;:null,\&quot;MappedContentAlias\&quot;:null,\&quot;FixedContent\&quot;:\&quot;Simon Hope\&quot;,\&quot;MappedContentDelimeter\&quot;:null,\&quot;AutoGenerate\&quot;:false}},{\&quot;Key\&quot;:\&quot;Content\&quot;,\&quot;Value\&quot;:{\&quot;PostCondition\&quot;:null,\&quot;PreConditon\&quot;:null,\&quot;MappedContent\&quot;:null,\&quot;MappedContentAlias\&quot;:null,\&quot;FixedContent\&quot;:null,\&quot;MappedContentDelimeter\&quot;:null,\&quot;AutoGenerate\&quot;:false}},{\&quot;Key\&quot;:\&quot;Contributors\&quot;,\&quot;Value\&quot;:{\&quot;PostCondition\&quot;:null,\&quot;PreConditon\&quot;:null,\&quot;MappedContent\&quot;:null,\&quot;MappedContentAlias\&quot;:null,\&quot;FixedContent\&quot;:\&quot;mapbutcher@mapbutcher.com\&quot;,\&quot;MappedContentDelimeter\&quot;:null,\&quot;AutoGenerate\&quot;:false}},{\&quot;Key\&quot;:\&quot;Copyright\&quot;,\&quot;Value\&quot;:{\&quot;PostCondition\&quot;:null,\&quot;PreConditon\&quot;:null,\&quot;MappedContent\&quot;:null,\&quot;MappedContentAlias\&quot;:null,\&quot;FixedContent\&quot;:\&quot;Copyright 2011\&quot;,\&quot;MappedContentDelimeter\&quot;:null,\&quot;AutoGenerate\&quot;:false}},{\&quot;Key\&quot;:\&quot;Id\&quot;,\&quot;Value\&quot;:{\&quot;PostCondition\&quot;:null,\&quot;PreConditon\&quot;:null,\&quot;MappedContent\&quot;:\&quot;UFI\&quot;,\&quot;MappedContentAlias\&quot;:null,\&quot;FixedContent\&quot;:null,\&quot;MappedContentDelimeter\&quot;:null,\&quot;AutoGenerate\&quot;:true}},{\&quot;Key\&quot;:\&quot;LastUpdatedTime\&quot;,\&quot;Value\&quot;:{\&quot;PostCondition\&quot;:null,\&quot;PreConditon\&quot;:null,\&quot;MappedContent\&quot;:null,\&quot;MappedContentAlias\&quot;:null,\&quot;FixedContent\&quot;:null,\&quot;MappedContentDelimeter\&quot;:null,\&quot;AutoGenerate\&quot;:false}},{\&quot;Key\&quot;:\&quot;Links\&quot;,\&quot;Value\&quot;:{\&quot;PostCondition\&quot;:null,\&quot;PreConditon\&quot;:null,\&quot;MappedContent\&quot;:null,\&quot;MappedContentAlias\&quot;:null,\&quot;FixedContent\&quot;:\&quot;http://www.mapbutcher.com\&quot;,\&quot;MappedContentDelimeter\&quot;:null,\&quot;AutoGenerate\&quot;:false}},{\&quot;Key\&quot;:\&quot;PublishDate\&quot;,\&quot;Value\&quot;:{\&quot;PostCondition\&quot;:null,\&quot;PreConditon\&quot;:null,\&quot;MappedContent\&quot;:null,\&quot;MappedContentAlias\&quot;:null,\&quot;FixedContent\&quot;:null,\&quot;MappedContentDelimeter\&quot;:null,\&quot;AutoGenerate\&quot;:true}},{\&quot;Key\&quot;:\&quot;Summary\&quot;,\&quot;Value\&quot;:{\&quot;PostCondition\&quot;:null,\&quot;PreConditon\&quot;:null,\&quot;MappedContent\&quot;:null,\&quot;MappedContentAlias\&quot;:null,\&quot;FixedContent\&quot;:null,\&quot;MappedContentDelimeter\&quot;:null,\&quot;AutoGenerate\&quot;:false}},{\&quot;Key\&quot;:\&quot;Title\&quot;,\&quot;Value\&quot;:{\&quot;PostCondition\&quot;:null,\&quot;PreConditon\&quot;:null,\&quot;MappedContent\&quot;:null,\&quot;MappedContentAlias\&quot;:null,\&quot;FixedContent\&quot;:null,\&quot;MappedContentDelimeter\&quot;:null,\&quot;AutoGenerate\&quot;:false}}]}}&quot;, &quot;georss&quot;, &quot;{}&quot;, 500, &quot;http://www.w3.org/2005/Atom&quot;, &quot;entry&quot;)" fullName="GPX.Server.Extension.Tests/MockServerTest/ExportGeoRSS_AtomFormat_Layer/ExportGeoRSS_AtomFormat_Layer(&quot;&quot;, &quot;ExportLayers/7&quot;, &quot;ExportLayer&quot;, &quot;{\&quot;filterGeometry\&quot;:null,\&quot;geometryType\&quot;:null,\&quot;where\&quot;:null,\&quot;exportProperties\&quot;:{\&quot;Title\&quot;:\&quot;Californian Rivers\&quot;,\&quot;ID\&quot;:\&quot;Feed Id\&quot;,\&quot;Language\&quot;:\&quot;en-us\&quot;,\&quot;CopyRight\&quot;:\&quot;Copyright 2011\&quot;,\&quot;Generator\&quot;:\&quot;http://www.mapbutcher.com\&quot;,\&quot;Description\&quot;:\&quot;A GeoRSS format of Californian Rivers\&quot;,\&quot;Link\&quot;:{\&quot;BaseUri\&quot;:null,\&quot;Length\&quot;:0,\&quot;MediaType\&quot;:null,\&quot;RelationshipType\&quot;:null,\&quot;Title\&quot;:\&quot;Mapbutcher\&quot;,\&quot;Uri\&quot;:\&quot;http://www.mapbutcher.com\&quot;},\&quot;Author\&quot;:{\&quot;Email\&quot;:\&quot;mapbutcher@mapbutcher.com\&quot;,\&quot;Name\&quot;:\&quot;Simon\&quot;,\&quot;Uri\&quot;:\&quot;http://www.mapbutcher.com\&quot;},\&quot;GeometryFormat\&quot;:\&quot;GML\&quot;,\&quot;GeometryField\&quot;:\&quot;Shape\&quot;,\&quot;FeedFormat\&quot;:\&quot;Atom\&quot;,\&quot;Items\&quot;:[{\&quot;Key\&quot;:\&quot;Author\&quot;,\&quot;Value\&quot;:{\&quot;PostCondition\&quot;:null,\&quot;PreConditon\&quot;:null,\&quot;MappedContent\&quot;:null,\&quot;MappedContentAlias\&quot;:null,\&quot;FixedContent\&quot;:\&quot;Simon Hope\&quot;,\&quot;MappedContentDelimeter\&quot;:null,\&quot;AutoGenerate\&quot;:false}},{\&quot;Key\&quot;:\&quot;Content\&quot;,\&quot;Value\&quot;:{\&quot;PostCondition\&quot;:null,\&quot;PreConditon\&quot;:null,\&quot;MappedContent\&quot;:null,\&quot;MappedContentAlias\&quot;:null,\&quot;FixedContent\&quot;:null,\&quot;MappedContentDelimeter\&quot;:null,\&quot;AutoGenerate\&quot;:false}},{\&quot;Key\&quot;:\&quot;Contributors\&quot;,\&quot;Value\&quot;:{\&quot;PostCondition\&quot;:null,\&quot;PreConditon\&quot;:null,\&quot;MappedContent\&quot;:null,\&quot;MappedContentAlias\&quot;:null,\&quot;FixedContent\&quot;:\&quot;mapbutcher@mapbutcher.com\&quot;,\&quot;MappedContentDelimeter\&quot;:null,\&quot;AutoGenerate\&quot;:false}},{\&quot;Key\&quot;:\&quot;Copyright\&quot;,\&quot;Value\&quot;:{\&quot;PostCondition\&quot;:null,\&quot;PreConditon\&quot;:null,\&quot;MappedContent\&quot;:null,\&quot;MappedContentAlias\&quot;:null,\&quot;FixedContent\&quot;:\&quot;Copyright 2011\&quot;,\&quot;MappedContentDelimeter\&quot;:null,\&quot;AutoGenerate\&quot;:false}},{\&quot;Key\&quot;:\&quot;Id\&quot;,\&quot;Value\&quot;:{\&quot;PostCondition\&quot;:null,\&quot;PreConditon\&quot;:null,\&quot;MappedContent\&quot;:\&quot;UFI\&quot;,\&quot;MappedContentAlias\&quot;:null,\&quot;FixedContent\&quot;:null,\&quot;MappedContentDelimeter\&quot;:null,\&quot;AutoGenerate\&quot;:true}},{\&quot;Key\&quot;:\&quot;LastUpdatedTime\&quot;,\&quot;Value\&quot;:{\&quot;PostCondition\&quot;:null,\&quot;PreConditon\&quot;:null,\&quot;MappedContent\&quot;:null,\&quot;MappedContentAlias\&quot;:null,\&quot;FixedContent\&quot;:null,\&quot;MappedContentDelimeter\&quot;:null,\&quot;AutoGenerate\&quot;:false}},{\&quot;Key\&quot;:\&quot;Links\&quot;,\&quot;Value\&quot;:{\&quot;PostCondition\&quot;:null,\&quot;PreConditon\&quot;:null,\&quot;MappedContent\&quot;:null,\&quot;MappedContentAlias\&quot;:null,\&quot;FixedContent\&quot;:\&quot;http://www.mapbutcher.com\&quot;,\&quot;MappedContentDelimeter\&quot;:null,\&quot;AutoGenerate\&quot;:false}},{\&quot;Key\&quot;:\&quot;PublishDate\&quot;,\&quot;Value\&quot;:{\&quot;PostCondition\&quot;:null,\&quot;PreConditon\&quot;:null,\&quot;MappedContent\&quot;:null,\&quot;MappedContentAlias\&quot;:null,\&quot;FixedContent\&quot;:null,\&quot;MappedContentDelimeter\&quot;:null,\&quot;AutoGenerate\&quot;:true}},{\&quot;Key\&quot;:\&quot;Summary\&quot;,\&quot;Value\&quot;:{\&quot;PostCondition\&quot;:null,\&quot;PreConditon\&quot;:null,\&quot;MappedContent\&quot;:null,\&quot;MappedContentAlias\&quot;:null,\&quot;FixedContent\&quot;:null,\&quot;MappedContentDelimeter\&quot;:null,\&quot;AutoGenerate\&quot;:false}},{\&quot;Key\&quot;:\&quot;Title\&quot;,\&quot;Value\&quot;:{\&quot;PostCondition\&quot;:null,\&quot;PreConditon\&quot;:null,\&quot;MappedContent\&quot;:null,\&quot;MappedContentAlias\&quot;:null,\&quot;FixedContent\&quot;:null,\&quot;MappedContentDelimeter\&quot;:null,\&quot;AutoGenerate\&quot;:false}}]}}&quot;, &quot;georss&quot;, &quot;{}&quot;, 500, &quot;http://www.w3.org/2005/Atom&quot;, &quot;entry&quot;)" testId="3321bbe20b4d2ea" isPrimary="false" isTestCase="true" isDynamic="false">
                        <codeReference assembly="GPX.Server.Extension.Tests, Version=1.0.0.0, Culture=neutral, PublicKeyToken=null" namespace="GPX.Server.Extension.Tests" type="GPX.Server.Extension.Tests.MockServerTest" member="ExportGeoRSS_AtomFormat_Layer" />
                        <codeLocation path="C:\Git\arcgis-exporter-extension\GPX.Server.Extension.Tests\MockServerTest.cs" line="156" />
                        <metadata>
                          <entry key="TestKind">
                            <value>Test</value>
                          </entry>
                          <entry key="Description">
                            <value>Export Lines GML Atom - test assumes 500 feature limit threshhold set by mock server object</value>
                          </entry>
                        </metadata>
                      </testStep>
                      <children />
                      <result assertCount="0" duration="0.87887699999999991">
                        <outcome status="failed" />
                      </result>
                      <testLog>
                        <streams>
                          <stream name="Failures">
                            <body>
                              <contents>
                                <section name="Set Up">
                                  <contents>
                                    <marker class="Exception">
                                      <contents>
                                        <marker class="ExceptionType">
                                          <contents>
                                            <text><![CDATA[System.ArgumentException]]></text>
                                          </contents>
                                          <attributes />
                                        </marker>
                                        <text><![CDATA[: ]]></text>
                                        <marker class="ExceptionMessage">
                                          <contents>
                                            <text><![CDATA[Can not open file C:\Program Files\ArcGIS\DeveloperKit10.0\Samples\data\California\California.mxd.
The system cannot find the file specified.
Probable cause: The file is inaccessible to Server.]]></text>
                                          </contents>
                                          <attributes />
                                        </marker>
                                        <text><![CDATA[
]]></text>
                                        <marker class="ExceptionPropertyName">
                                          <contents>
                                            <text><![CDATA[HelpLink]]></text>
                                          </contents>
                                          <attributes />
                                        </marker>
                                        <text><![CDATA[: ]]></text>
                                        <marker class="ExceptionPropertyValue">
                                          <contents>
                                            <text><![CDATA["Carto.hlp"]]></text>
                                          </contents>
                                          <attributes />
                                        </marker>
                                        <text><![CDATA[
]]></text>
                                        <marker class="StackTrace">
                                          <contents>
                                            <text><![CDATA[   at ESRI.ArcGIS.Carto.MapServerClass.Connect(String FilePath)
   at GPX.Server.Extension.Tests.MockServerObjectCreator.CreateMockMapServerObject(String mxdFile) in ]]></text>
                                            <marker class="CodeLocation">
                                              <contents>
                                                <text><![CDATA[C:\Git\arcgis-exporter-extension\GPX.Server.Extension.Tests\MockServerObjectCreator.cs:line 71]]></text>
                                              </contents>
                                              <attributes>
                                                <attribute name="line" value="71" />
                                                <attribute name="path" value="C:\Git\arcgis-exporter-extension\GPX.Server.Extension.Tests\MockServerObjectCreator.cs" />
                                              </attributes>
                                            </marker>
                                            <text><![CDATA[
   at GPX.Server.Extension.Tests.MockServerObjectCreator.CreateMockServerObjectHelper(String mxdFile) in ]]></text>
                                            <marker class="CodeLocation">
                                              <contents>
                                                <text><![CDATA[C:\Git\arcgis-exporter-extension\GPX.Server.Extension.Tests\MockServerObjectCreator.cs:line 59]]></text>
                                              </contents>
                                              <attributes>
                                                <attribute name="line" value="59" />
                                                <attribute name="path" value="C:\Git\arcgis-exporter-extension\GPX.Server.Extension.Tests\MockServerObjectCreator.cs" />
                                              </attributes>
                                            </marker>
                                            <text><![CDATA[
   at GPX.Server.Extension.Tests.MockServerTest.TestSetUp() in ]]></text>
                                            <marker class="CodeLocation">
                                              <contents>
                                                <text><![CDATA[C:\Git\arcgis-exporter-extension\GPX.Server.Extension.Tests\MockServerTest.cs:line 38]]></text>
                                              </contents>
                                              <attributes>
                                                <attribute name="line" value="38" />
                                                <attribute name="path" value="C:\Git\arcgis-exporter-extension\GPX.Server.Extension.Tests\MockServerTest.cs" />
                                              </attributes>
                                            </marker>
                                          </contents>
                                          <attributes />
                                        </marker>
                                      </contents>
                                      <attributes />
                                    </marker>
                                  </contents>
                                </section>
                              </contents>
                            </body>
                          </stream>
                        </streams>
                        <attachments />
                      </testLog>
                    </testStepRun>
                    <testStepRun startTime="2012-03-28T19:57:07.3718768+11:00" endTime="2012-03-28T19:57:07.40192+11:00">
                      <testStep id="bcfb25e7eee89919" name="ExportGeoRSS_AtomFormat_Layer(&quot;&quot;, &quot;ExportLayers/11&quot;, &quot;ExportLayer&quot;, &quot;{\&quot;filterGeometry\&quot;:null,\&quot;geometryType\&quot;:null,\&quot;where\&quot;:null,\&quot;exportProperties\&quot;:{\&quot;Title\&quot;:\&quot;Californian Urban Areas\&quot;,\&quot;ID\&quot;:\&quot;Feed Id\&quot;,\&quot;Language\&quot;:\&quot;en-us\&quot;,\&quot;CopyRight\&quot;:\&quot;Copyright 2011\&quot;,\&quot;Generator\&quot;:\&quot;http://www.mapbutcher.com\&quot;,\&quot;Description\&quot;:\&quot;A GeoRSS format of Californian Urban Areas\&quot;,\&quot;Link\&quot;:{\&quot;BaseUri\&quot;:null,\&quot;Length\&quot;:0,\&quot;MediaType\&quot;:null,\&quot;RelationshipType\&quot;:null,\&quot;Title\&quot;:\&quot;Mapbutcher\&quot;,\&quot;Uri\&quot;:\&quot;http://www.mapbutcher.com\&quot;},\&quot;Author\&quot;:{\&quot;Email\&quot;:\&quot;mapbutcher@mapbutcher.com\&quot;,\&quot;Name\&quot;:\&quot;Simon\&quot;,\&quot;Uri\&quot;:\&quot;http://www.mapbutcher.com\&quot;},\&quot;GeometryFormat\&quot;:\&quot;GML\&quot;,\&quot;GeometryField\&quot;:\&quot;Shape\&quot;,\&quot;FeedFormat\&quot;:\&quot;Atom\&quot;,\&quot;Items\&quot;:[{\&quot;Key\&quot;:\&quot;Author\&quot;,\&quot;Value\&quot;:{\&quot;PostCondition\&quot;:null,\&quot;PreConditon\&quot;:null,\&quot;MappedContent\&quot;:null,\&quot;MappedContentAlias\&quot;:null,\&quot;FixedContent\&quot;:\&quot;Simon Hope\&quot;,\&quot;MappedContentDelimeter\&quot;:null,\&quot;AutoGenerate\&quot;:false}},{\&quot;Key\&quot;:\&quot;Content\&quot;,\&quot;Value\&quot;:{\&quot;PostCondition\&quot;:null,\&quot;PreConditon\&quot;:null,\&quot;MappedContent\&quot;:null,\&quot;MappedContentAlias\&quot;:null,\&quot;FixedContent\&quot;:null,\&quot;MappedContentDelimeter\&quot;:null,\&quot;AutoGenerate\&quot;:false}},{\&quot;Key\&quot;:\&quot;Contributors\&quot;,\&quot;Value\&quot;:{\&quot;PostCondition\&quot;:null,\&quot;PreConditon\&quot;:null,\&quot;MappedContent\&quot;:null,\&quot;MappedContentAlias\&quot;:null,\&quot;FixedContent\&quot;:\&quot;mapbutcher@mapbutcher.com\&quot;,\&quot;MappedContentDelimeter\&quot;:null,\&quot;AutoGenerate\&quot;:false}},{\&quot;Key\&quot;:\&quot;Copyright\&quot;,\&quot;Value\&quot;:{\&quot;PostCondition\&quot;:null,\&quot;PreConditon\&quot;:null,\&quot;MappedContent\&quot;:null,\&quot;MappedContentAlias\&quot;:null,\&quot;FixedContent\&quot;:\&quot;Copyright 2011\&quot;,\&quot;MappedContentDelimeter\&quot;:null,\&quot;AutoGenerate\&quot;:false}},{\&quot;Key\&quot;:\&quot;Id\&quot;,\&quot;Value\&quot;:{\&quot;PostCondition\&quot;:null,\&quot;PreConditon\&quot;:null,\&quot;MappedContent\&quot;:\&quot;UFI\&quot;,\&quot;MappedContentAlias\&quot;:null,\&quot;FixedContent\&quot;:null,\&quot;MappedContentDelimeter\&quot;:null,\&quot;AutoGenerate\&quot;:true}},{\&quot;Key\&quot;:\&quot;LastUpdatedTime\&quot;,\&quot;Value\&quot;:{\&quot;PostCondition\&quot;:null,\&quot;PreConditon\&quot;:null,\&quot;MappedContent\&quot;:null,\&quot;MappedContentAlias\&quot;:null,\&quot;FixedContent\&quot;:null,\&quot;MappedContentDelimeter\&quot;:null,\&quot;AutoGenerate\&quot;:false}},{\&quot;Key\&quot;:\&quot;Links\&quot;,\&quot;Value\&quot;:{\&quot;PostCondition\&quot;:null,\&quot;PreConditon\&quot;:null,\&quot;MappedContent\&quot;:null,\&quot;MappedContentAlias\&quot;:null,\&quot;FixedContent\&quot;:\&quot;http://www.mapbutcher.com\&quot;,\&quot;MappedContentDelimeter\&quot;:null,\&quot;AutoGenerate\&quot;:false}},{\&quot;Key\&quot;:\&quot;PublishDate\&quot;,\&quot;Value\&quot;:{\&quot;PostCondition\&quot;:null,\&quot;PreConditon\&quot;:null,\&quot;MappedContent\&quot;:null,\&quot;MappedContentAlias\&quot;:null,\&quot;FixedContent\&quot;:null,\&quot;MappedContentDelimeter\&quot;:null,\&quot;AutoGenerate\&quot;:true}},{\&quot;Key\&quot;:\&quot;Summary\&quot;,\&quot;Value\&quot;:{\&quot;PostCondition\&quot;:null,\&quot;PreConditon\&quot;:null,\&quot;MappedContent\&quot;:null,\&quot;MappedContentAlias\&quot;:null,\&quot;FixedContent\&quot;:null,\&quot;MappedContentDelimeter\&quot;:null,\&quot;AutoGenerate\&quot;:false}},{\&quot;Key\&quot;:\&quot;Title\&quot;,\&quot;Value\&quot;:{\&quot;PostCondition\&quot;:null,\&quot;PreConditon\&quot;:null,\&quot;MappedContent\&quot;:null,\&quot;MappedContentAlias\&quot;:null,\&quot;FixedContent\&quot;:null,\&quot;MappedContentDelimeter\&quot;:null,\&quot;AutoGenerate\&quot;:false}}]}}&quot;, &quot;georss&quot;, &quot;{}&quot;, 38, &quot;http://www.w3.org/2005/Atom&quot;, &quot;entry&quot;)" fullName="GPX.Server.Extension.Tests/MockServerTest/ExportGeoRSS_AtomFormat_Layer/ExportGeoRSS_AtomFormat_Layer(&quot;&quot;, &quot;ExportLayers/11&quot;, &quot;ExportLayer&quot;, &quot;{\&quot;filterGeometry\&quot;:null,\&quot;geometryType\&quot;:null,\&quot;where\&quot;:null,\&quot;exportProperties\&quot;:{\&quot;Title\&quot;:\&quot;Californian Urban Areas\&quot;,\&quot;ID\&quot;:\&quot;Feed Id\&quot;,\&quot;Language\&quot;:\&quot;en-us\&quot;,\&quot;CopyRight\&quot;:\&quot;Copyright 2011\&quot;,\&quot;Generator\&quot;:\&quot;http://www.mapbutcher.com\&quot;,\&quot;Description\&quot;:\&quot;A GeoRSS format of Californian Urban Areas\&quot;,\&quot;Link\&quot;:{\&quot;BaseUri\&quot;:null,\&quot;Length\&quot;:0,\&quot;MediaType\&quot;:null,\&quot;RelationshipType\&quot;:null,\&quot;Title\&quot;:\&quot;Mapbutcher\&quot;,\&quot;Uri\&quot;:\&quot;http://www.mapbutcher.com\&quot;},\&quot;Author\&quot;:{\&quot;Email\&quot;:\&quot;mapbutcher@mapbutcher.com\&quot;,\&quot;Name\&quot;:\&quot;Simon\&quot;,\&quot;Uri\&quot;:\&quot;http://www.mapbutcher.com\&quot;},\&quot;GeometryFormat\&quot;:\&quot;GML\&quot;,\&quot;GeometryField\&quot;:\&quot;Shape\&quot;,\&quot;FeedFormat\&quot;:\&quot;Atom\&quot;,\&quot;Items\&quot;:[{\&quot;Key\&quot;:\&quot;Author\&quot;,\&quot;Value\&quot;:{\&quot;PostCondition\&quot;:null,\&quot;PreConditon\&quot;:null,\&quot;MappedContent\&quot;:null,\&quot;MappedContentAlias\&quot;:null,\&quot;FixedContent\&quot;:\&quot;Simon Hope\&quot;,\&quot;MappedContentDelimeter\&quot;:null,\&quot;AutoGenerate\&quot;:false}},{\&quot;Key\&quot;:\&quot;Content\&quot;,\&quot;Value\&quot;:{\&quot;PostCondition\&quot;:null,\&quot;PreConditon\&quot;:null,\&quot;MappedContent\&quot;:null,\&quot;MappedContentAlias\&quot;:null,\&quot;FixedContent\&quot;:null,\&quot;MappedContentDelimeter\&quot;:null,\&quot;AutoGenerate\&quot;:false}},{\&quot;Key\&quot;:\&quot;Contributors\&quot;,\&quot;Value\&quot;:{\&quot;PostCondition\&quot;:null,\&quot;PreConditon\&quot;:null,\&quot;MappedContent\&quot;:null,\&quot;MappedContentAlias\&quot;:null,\&quot;FixedContent\&quot;:\&quot;mapbutcher@mapbutcher.com\&quot;,\&quot;MappedContentDelimeter\&quot;:null,\&quot;AutoGenerate\&quot;:false}},{\&quot;Key\&quot;:\&quot;Copyright\&quot;,\&quot;Value\&quot;:{\&quot;PostCondition\&quot;:null,\&quot;PreConditon\&quot;:null,\&quot;MappedContent\&quot;:null,\&quot;MappedContentAlias\&quot;:null,\&quot;FixedContent\&quot;:\&quot;Copyright 2011\&quot;,\&quot;MappedContentDelimeter\&quot;:null,\&quot;AutoGenerate\&quot;:false}},{\&quot;Key\&quot;:\&quot;Id\&quot;,\&quot;Value\&quot;:{\&quot;PostCondition\&quot;:null,\&quot;PreConditon\&quot;:null,\&quot;MappedContent\&quot;:\&quot;UFI\&quot;,\&quot;MappedContentAlias\&quot;:null,\&quot;FixedContent\&quot;:null,\&quot;MappedContentDelimeter\&quot;:null,\&quot;AutoGenerate\&quot;:true}},{\&quot;Key\&quot;:\&quot;LastUpdatedTime\&quot;,\&quot;Value\&quot;:{\&quot;PostCondition\&quot;:null,\&quot;PreConditon\&quot;:null,\&quot;MappedContent\&quot;:null,\&quot;MappedContentAlias\&quot;:null,\&quot;FixedContent\&quot;:null,\&quot;MappedContentDelimeter\&quot;:null,\&quot;AutoGenerate\&quot;:false}},{\&quot;Key\&quot;:\&quot;Links\&quot;,\&quot;Value\&quot;:{\&quot;PostCondition\&quot;:null,\&quot;PreConditon\&quot;:null,\&quot;MappedContent\&quot;:null,\&quot;MappedContentAlias\&quot;:null,\&quot;FixedContent\&quot;:\&quot;http://www.mapbutcher.com\&quot;,\&quot;MappedContentDelimeter\&quot;:null,\&quot;AutoGenerate\&quot;:false}},{\&quot;Key\&quot;:\&quot;PublishDate\&quot;,\&quot;Value\&quot;:{\&quot;PostCondition\&quot;:null,\&quot;PreConditon\&quot;:null,\&quot;MappedContent\&quot;:null,\&quot;MappedContentAlias\&quot;:null,\&quot;FixedContent\&quot;:null,\&quot;MappedContentDelimeter\&quot;:null,\&quot;AutoGenerate\&quot;:true}},{\&quot;Key\&quot;:\&quot;Summary\&quot;,\&quot;Value\&quot;:{\&quot;PostCondition\&quot;:null,\&quot;PreConditon\&quot;:null,\&quot;MappedContent\&quot;:null,\&quot;MappedContentAlias\&quot;:null,\&quot;FixedContent\&quot;:null,\&quot;MappedContentDelimeter\&quot;:null,\&quot;AutoGenerate\&quot;:false}},{\&quot;Key\&quot;:\&quot;Title\&quot;,\&quot;Value\&quot;:{\&quot;PostCondition\&quot;:null,\&quot;PreConditon\&quot;:null,\&quot;MappedContent\&quot;:null,\&quot;MappedContentAlias\&quot;:null,\&quot;FixedContent\&quot;:null,\&quot;MappedContentDelimeter\&quot;:null,\&quot;AutoGenerate\&quot;:false}}]}}&quot;, &quot;georss&quot;, &quot;{}&quot;, 38, &quot;http://www.w3.org/2005/Atom&quot;, &quot;entry&quot;)" testId="3321bbe20b4d2ea" isPrimary="false" isTestCase="true" isDynamic="false">
                        <codeReference assembly="GPX.Server.Extension.Tests, Version=1.0.0.0, Culture=neutral, PublicKeyToken=null" namespace="GPX.Server.Extension.Tests" type="GPX.Server.Extension.Tests.MockServerTest" member="ExportGeoRSS_AtomFormat_Layer" />
                        <codeLocation path="C:\Git\arcgis-exporter-extension\GPX.Server.Extension.Tests\MockServerTest.cs" line="156" />
                        <metadata>
                          <entry key="TestKind">
                            <value>Test</value>
                          </entry>
                          <entry key="Description">
                            <value>Export Polygon GML Atom</value>
                          </entry>
                        </metadata>
                      </testStep>
                      <children />
                      <result assertCount="0" duration="0.0280287">
                        <outcome status="failed" />
                      </result>
                      <testLog>
                        <streams>
                          <stream name="Failures">
                            <body>
                              <contents>
                                <section name="Set Up">
                                  <contents>
                                    <marker class="Exception">
                                      <contents>
                                        <marker class="ExceptionType">
                                          <contents>
                                            <text><![CDATA[System.ArgumentException]]></text>
                                          </contents>
                                          <attributes />
                                        </marker>
                                        <text><![CDATA[: ]]></text>
                                        <marker class="ExceptionMessage">
                                          <contents>
                                            <text><![CDATA[Can not open file C:\Program Files\ArcGIS\DeveloperKit10.0\Samples\data\California\California.mxd.
The system cannot find the file specified.
Probable cause: The file is inaccessible to Server.]]></text>
                                          </contents>
                                          <attributes />
                                        </marker>
                                        <text><![CDATA[
]]></text>
                                        <marker class="ExceptionPropertyName">
                                          <contents>
                                            <text><![CDATA[HelpLink]]></text>
                                          </contents>
                                          <attributes />
                                        </marker>
                                        <text><![CDATA[: ]]></text>
                                        <marker class="ExceptionPropertyValue">
                                          <contents>
                                            <text><![CDATA["Carto.hlp"]]></text>
                                          </contents>
                                          <attributes />
                                        </marker>
                                        <text><![CDATA[
]]></text>
                                        <marker class="StackTrace">
                                          <contents>
                                            <text><![CDATA[   at ESRI.ArcGIS.Carto.MapServerClass.Connect(String FilePath)
   at GPX.Server.Extension.Tests.MockServerObjectCreator.CreateMockMapServerObject(String mxdFile) in ]]></text>
                                            <marker class="CodeLocation">
                                              <contents>
                                                <text><![CDATA[C:\Git\arcgis-exporter-extension\GPX.Server.Extension.Tests\MockServerObjectCreator.cs:line 71]]></text>
                                              </contents>
                                              <attributes>
                                                <attribute name="line" value="71" />
                                                <attribute name="path" value="C:\Git\arcgis-exporter-extension\GPX.Server.Extension.Tests\MockServerObjectCreator.cs" />
                                              </attributes>
                                            </marker>
                                            <text><![CDATA[
   at GPX.Server.Extension.Tests.MockServerObjectCreator.CreateMockServerObjectHelper(String mxdFile) in ]]></text>
                                            <marker class="CodeLocation">
                                              <contents>
                                                <text><![CDATA[C:\Git\arcgis-exporter-extension\GPX.Server.Extension.Tests\MockServerObjectCreator.cs:line 59]]></text>
                                              </contents>
                                              <attributes>
                                                <attribute name="line" value="59" />
                                                <attribute name="path" value="C:\Git\arcgis-exporter-extension\GPX.Server.Extension.Tests\MockServerObjectCreator.cs" />
                                              </attributes>
                                            </marker>
                                            <text><![CDATA[
   at GPX.Server.Extension.Tests.MockServerTest.TestSetUp() in ]]></text>
                                            <marker class="CodeLocation">
                                              <contents>
                                                <text><![CDATA[C:\Git\arcgis-exporter-extension\GPX.Server.Extension.Tests\MockServerTest.cs:line 38]]></text>
                                              </contents>
                                              <attributes>
                                                <attribute name="line" value="38" />
                                                <attribute name="path" value="C:\Git\arcgis-exporter-extension\GPX.Server.Extension.Tests\MockServerTest.cs" />
                                              </attributes>
                                            </marker>
                                          </contents>
                                          <attributes />
                                        </marker>
                                      </contents>
                                      <attributes />
                                    </marker>
                                  </contents>
                                </section>
                              </contents>
                            </body>
                          </stream>
                        </streams>
                        <attachments />
                      </testLog>
                    </testStepRun>
                    <testStepRun startTime="2012-03-28T19:57:07.40192+11:00" endTime="2012-03-28T19:57:07.4319632+11:00">
                      <testStep id="3d123d51992d7b49" name="ExportGeoRSS_AtomFormat_Layer(&quot;&quot;, &quot;ExportLayers/2&quot;, &quot;ExportLayer&quot;, &quot;{\&quot;filterGeometry\&quot;:null,\&quot;geometryType\&quot;:null,\&quot;where\&quot;:null,\&quot;exportProperties\&quot;:{\&quot;Title\&quot;:\&quot;Californian EarthQuakes\&quot;,\&quot;ID\&quot;:\&quot;Feed Id\&quot;,\&quot;Language\&quot;:\&quot;en-us\&quot;,\&quot;CopyRight\&quot;:\&quot;Copyright 2011\&quot;,\&quot;Generator\&quot;:\&quot;http://www.mapbutcher.com\&quot;,\&quot;Description\&quot;:\&quot;A GeoRSS format of Californian EarthQuakes\&quot;,\&quot;Link\&quot;:{\&quot;BaseUri\&quot;:null,\&quot;Length\&quot;:0,\&quot;MediaType\&quot;:null,\&quot;RelationshipType\&quot;:null,\&quot;Title\&quot;:\&quot;Mapbutcher\&quot;,\&quot;Uri\&quot;:\&quot;http://www.mapbutcher.com\&quot;},\&quot;Author\&quot;:{\&quot;Email\&quot;:\&quot;mapbutcher@mapbutcher.com\&quot;,\&quot;Name\&quot;:\&quot;Simon\&quot;,\&quot;Uri\&quot;:\&quot;http://www.mapbutcher.com\&quot;},\&quot;GeometryFormat\&quot;:\&quot;simple\&quot;,\&quot;GeometryField\&quot;:\&quot;Shape\&quot;,\&quot;FeedFormat\&quot;:\&quot;Atom\&quot;,\&quot;Items\&quot;:[{\&quot;Key\&quot;:\&quot;Author\&quot;,\&quot;Value\&quot;:{\&quot;PostCondition\&quot;:null,\&quot;PreConditon\&quot;:null,\&quot;MappedContent\&quot;:null,\&quot;MappedContentAlias\&quot;:null,\&quot;FixedContent\&quot;:\&quot;Simon Hope\&quot;,\&quot;MappedContentDelimeter\&quot;:null,\&quot;AutoGenerate\&quot;:false}},{\&quot;Key\&quot;:\&quot;Content\&quot;,\&quot;Value\&quot;:{\&quot;PostCondition\&quot;:null,\&quot;PreConditon\&quot;:null,\&quot;MappedContent\&quot;:null,\&quot;MappedContentAlias\&quot;:null,\&quot;FixedContent\&quot;:null,\&quot;MappedContentDelimeter\&quot;:null,\&quot;AutoGenerate\&quot;:false}},{\&quot;Key\&quot;:\&quot;Contributors\&quot;,\&quot;Value\&quot;:{\&quot;PostCondition\&quot;:null,\&quot;PreConditon\&quot;:null,\&quot;MappedContent\&quot;:null,\&quot;MappedContentAlias\&quot;:null,\&quot;FixedContent\&quot;:\&quot;mapbutcher@mapbutcher.com\&quot;,\&quot;MappedContentDelimeter\&quot;:null,\&quot;AutoGenerate\&quot;:false}},{\&quot;Key\&quot;:\&quot;Copyright\&quot;,\&quot;Value\&quot;:{\&quot;PostCondition\&quot;:null,\&quot;PreConditon\&quot;:null,\&quot;MappedContent\&quot;:null,\&quot;MappedContentAlias\&quot;:null,\&quot;FixedContent\&quot;:\&quot;Copyright 2011\&quot;,\&quot;MappedContentDelimeter\&quot;:null,\&quot;AutoGenerate\&quot;:false}},{\&quot;Key\&quot;:\&quot;Id\&quot;,\&quot;Value\&quot;:{\&quot;PostCondition\&quot;:null,\&quot;PreConditon\&quot;:null,\&quot;MappedContent\&quot;:\&quot;UFI\&quot;,\&quot;MappedContentAlias\&quot;:null,\&quot;FixedContent\&quot;:null,\&quot;MappedContentDelimeter\&quot;:null,\&quot;AutoGenerate\&quot;:true}},{\&quot;Key\&quot;:\&quot;LastUpdatedTime\&quot;,\&quot;Value\&quot;:{\&quot;PostCondition\&quot;:null,\&quot;PreConditon\&quot;:null,\&quot;MappedContent\&quot;:null,\&quot;MappedContentAlias\&quot;:null,\&quot;FixedContent\&quot;:null,\&quot;MappedContentDelimeter\&quot;:null,\&quot;AutoGenerate\&quot;:false}},{\&quot;Key\&quot;:\&quot;Links\&quot;,\&quot;Value\&quot;:{\&quot;PostCondition\&quot;:null,\&quot;PreConditon\&quot;:null,\&quot;MappedContent\&quot;:null,\&quot;MappedContentAlias\&quot;:null,\&quot;FixedContent\&quot;:\&quot;http://www.mapbutcher.com\&quot;,\&quot;MappedContentDelimeter\&quot;:null,\&quot;AutoGenerate\&quot;:false}},{\&quot;Key\&quot;:\&quot;PublishDate\&quot;,\&quot;Value\&quot;:{\&quot;PostCondition\&quot;:null,\&quot;PreConditon\&quot;:null,\&quot;MappedContent\&quot;:null,\&quot;MappedContentAlias\&quot;:null,\&quot;FixedContent\&quot;:null,\&quot;MappedContentDelimeter\&quot;:null,\&quot;AutoGenerate\&quot;:true}},{\&quot;Key\&quot;:\&quot;Summary\&quot;,\&quot;Value\&quot;:{\&quot;PostCondition\&quot;:null,\&quot;PreConditon\&quot;:null,\&quot;MappedContent\&quot;:null,\&quot;MappedContentAlias\&quot;:null,\&quot;FixedContent\&quot;:null,\&quot;MappedContentDelimeter\&quot;:null,\&quot;AutoGenerate\&quot;:false}},{\&quot;Key\&quot;:\&quot;Title\&quot;,\&quot;Value\&quot;:{\&quot;PostCondition\&quot;:null,\&quot;PreConditon\&quot;:null,\&quot;MappedContent\&quot;:null,\&quot;MappedContentAlias\&quot;:null,\&quot;FixedContent\&quot;:null,\&quot;MappedContentDelimeter\&quot;:null,\&quot;AutoGenerate\&quot;:false}}]}}&quot;, &quot;georss&quot;, &quot;{}&quot;, 221, &quot;http://www.w3.org/2005/Atom&quot;, &quot;entry&quot;)" fullName="GPX.Server.Extension.Tests/MockServerTest/ExportGeoRSS_AtomFormat_Layer/ExportGeoRSS_AtomFormat_Layer(&quot;&quot;, &quot;ExportLayers/2&quot;, &quot;ExportLayer&quot;, &quot;{\&quot;filterGeometry\&quot;:null,\&quot;geometryType\&quot;:null,\&quot;where\&quot;:null,\&quot;exportProperties\&quot;:{\&quot;Title\&quot;:\&quot;Californian EarthQuakes\&quot;,\&quot;ID\&quot;:\&quot;Feed Id\&quot;,\&quot;Language\&quot;:\&quot;en-us\&quot;,\&quot;CopyRight\&quot;:\&quot;Copyright 2011\&quot;,\&quot;Generator\&quot;:\&quot;http://www.mapbutcher.com\&quot;,\&quot;Description\&quot;:\&quot;A GeoRSS format of Californian EarthQuakes\&quot;,\&quot;Link\&quot;:{\&quot;BaseUri\&quot;:null,\&quot;Length\&quot;:0,\&quot;MediaType\&quot;:null,\&quot;RelationshipType\&quot;:null,\&quot;Title\&quot;:\&quot;Mapbutcher\&quot;,\&quot;Uri\&quot;:\&quot;http://www.mapbutcher.com\&quot;},\&quot;Author\&quot;:{\&quot;Email\&quot;:\&quot;mapbutcher@mapbutcher.com\&quot;,\&quot;Name\&quot;:\&quot;Simon\&quot;,\&quot;Uri\&quot;:\&quot;http://www.mapbutcher.com\&quot;},\&quot;GeometryFormat\&quot;:\&quot;simple\&quot;,\&quot;GeometryField\&quot;:\&quot;Shape\&quot;,\&quot;FeedFormat\&quot;:\&quot;Atom\&quot;,\&quot;Items\&quot;:[{\&quot;Key\&quot;:\&quot;Author\&quot;,\&quot;Value\&quot;:{\&quot;PostCondition\&quot;:null,\&quot;PreConditon\&quot;:null,\&quot;MappedContent\&quot;:null,\&quot;MappedContentAlias\&quot;:null,\&quot;FixedContent\&quot;:\&quot;Simon Hope\&quot;,\&quot;MappedContentDelimeter\&quot;:null,\&quot;AutoGenerate\&quot;:false}},{\&quot;Key\&quot;:\&quot;Content\&quot;,\&quot;Value\&quot;:{\&quot;PostCondition\&quot;:null,\&quot;PreConditon\&quot;:null,\&quot;MappedContent\&quot;:null,\&quot;MappedContentAlias\&quot;:null,\&quot;FixedContent\&quot;:null,\&quot;MappedContentDelimeter\&quot;:null,\&quot;AutoGenerate\&quot;:false}},{\&quot;Key\&quot;:\&quot;Contributors\&quot;,\&quot;Value\&quot;:{\&quot;PostCondition\&quot;:null,\&quot;PreConditon\&quot;:null,\&quot;MappedContent\&quot;:null,\&quot;MappedContentAlias\&quot;:null,\&quot;FixedContent\&quot;:\&quot;mapbutcher@mapbutcher.com\&quot;,\&quot;MappedContentDelimeter\&quot;:null,\&quot;AutoGenerate\&quot;:false}},{\&quot;Key\&quot;:\&quot;Copyright\&quot;,\&quot;Value\&quot;:{\&quot;PostCondition\&quot;:null,\&quot;PreConditon\&quot;:null,\&quot;MappedContent\&quot;:null,\&quot;MappedContentAlias\&quot;:null,\&quot;FixedContent\&quot;:\&quot;Copyright 2011\&quot;,\&quot;MappedContentDelimeter\&quot;:null,\&quot;AutoGenerate\&quot;:false}},{\&quot;Key\&quot;:\&quot;Id\&quot;,\&quot;Value\&quot;:{\&quot;PostCondition\&quot;:null,\&quot;PreConditon\&quot;:null,\&quot;MappedContent\&quot;:\&quot;UFI\&quot;,\&quot;MappedContentAlias\&quot;:null,\&quot;FixedContent\&quot;:null,\&quot;MappedContentDelimeter\&quot;:null,\&quot;AutoGenerate\&quot;:true}},{\&quot;Key\&quot;:\&quot;LastUpdatedTime\&quot;,\&quot;Value\&quot;:{\&quot;PostCondition\&quot;:null,\&quot;PreConditon\&quot;:null,\&quot;MappedContent\&quot;:null,\&quot;MappedContentAlias\&quot;:null,\&quot;FixedContent\&quot;:null,\&quot;MappedContentDelimeter\&quot;:null,\&quot;AutoGenerate\&quot;:false}},{\&quot;Key\&quot;:\&quot;Links\&quot;,\&quot;Value\&quot;:{\&quot;PostCondition\&quot;:null,\&quot;PreConditon\&quot;:null,\&quot;MappedContent\&quot;:null,\&quot;MappedContentAlias\&quot;:null,\&quot;FixedContent\&quot;:\&quot;http://www.mapbutcher.com\&quot;,\&quot;MappedContentDelimeter\&quot;:null,\&quot;AutoGenerate\&quot;:false}},{\&quot;Key\&quot;:\&quot;PublishDate\&quot;,\&quot;Value\&quot;:{\&quot;PostCondition\&quot;:null,\&quot;PreConditon\&quot;:null,\&quot;MappedContent\&quot;:null,\&quot;MappedContentAlias\&quot;:null,\&quot;FixedContent\&quot;:null,\&quot;MappedContentDelimeter\&quot;:null,\&quot;AutoGenerate\&quot;:true}},{\&quot;Key\&quot;:\&quot;Summary\&quot;,\&quot;Value\&quot;:{\&quot;PostCondition\&quot;:null,\&quot;PreConditon\&quot;:null,\&quot;MappedContent\&quot;:null,\&quot;MappedContentAlias\&quot;:null,\&quot;FixedContent\&quot;:null,\&quot;MappedContentDelimeter\&quot;:null,\&quot;AutoGenerate\&quot;:false}},{\&quot;Key\&quot;:\&quot;Title\&quot;,\&quot;Value\&quot;:{\&quot;PostCondition\&quot;:null,\&quot;PreConditon\&quot;:null,\&quot;MappedContent\&quot;:null,\&quot;MappedContentAlias\&quot;:null,\&quot;FixedContent\&quot;:null,\&quot;MappedContentDelimeter\&quot;:null,\&quot;AutoGenerate\&quot;:false}}]}}&quot;, &quot;georss&quot;, &quot;{}&quot;, 221, &quot;http://www.w3.org/2005/Atom&quot;, &quot;entry&quot;)" testId="3321bbe20b4d2ea" isPrimary="false" isTestCase="true" isDynamic="false">
                        <codeReference assembly="GPX.Server.Extension.Tests, Version=1.0.0.0, Culture=neutral, PublicKeyToken=null" namespace="GPX.Server.Extension.Tests" type="GPX.Server.Extension.Tests.MockServerTest" member="ExportGeoRSS_AtomFormat_Layer" />
                        <codeLocation path="C:\Git\arcgis-exporter-extension\GPX.Server.Extension.Tests\MockServerTest.cs" line="156" />
                        <metadata>
                          <entry key="TestKind">
                            <value>Test</value>
                          </entry>
                          <entry key="Description">
                            <value>Export Points Simple Atom</value>
                          </entry>
                        </metadata>
                      </testStep>
                      <children />
                      <result assertCount="0" duration="0.0362523">
                        <outcome status="failed" />
                      </result>
                      <testLog>
                        <streams>
                          <stream name="Failures">
                            <body>
                              <contents>
                                <section name="Set Up">
                                  <contents>
                                    <marker class="Exception">
                                      <contents>
                                        <marker class="ExceptionType">
                                          <contents>
                                            <text><![CDATA[System.ArgumentException]]></text>
                                          </contents>
                                          <attributes />
                                        </marker>
                                        <text><![CDATA[: ]]></text>
                                        <marker class="ExceptionMessage">
                                          <contents>
                                            <text><![CDATA[Can not open file C:\Program Files\ArcGIS\DeveloperKit10.0\Samples\data\California\California.mxd.
The system cannot find the file specified.
Probable cause: The file is inaccessible to Server.]]></text>
                                          </contents>
                                          <attributes />
                                        </marker>
                                        <text><![CDATA[
]]></text>
                                        <marker class="ExceptionPropertyName">
                                          <contents>
                                            <text><![CDATA[HelpLink]]></text>
                                          </contents>
                                          <attributes />
                                        </marker>
                                        <text><![CDATA[: ]]></text>
                                        <marker class="ExceptionPropertyValue">
                                          <contents>
                                            <text><![CDATA["Carto.hlp"]]></text>
                                          </contents>
                                          <attributes />
                                        </marker>
                                        <text><![CDATA[
]]></text>
                                        <marker class="StackTrace">
                                          <contents>
                                            <text><![CDATA[   at ESRI.ArcGIS.Carto.MapServerClass.Connect(String FilePath)
   at GPX.Server.Extension.Tests.MockServerObjectCreator.CreateMockMapServerObject(String mxdFile) in ]]></text>
                                            <marker class="CodeLocation">
                                              <contents>
                                                <text><![CDATA[C:\Git\arcgis-exporter-extension\GPX.Server.Extension.Tests\MockServerObjectCreator.cs:line 71]]></text>
                                              </contents>
                                              <attributes>
                                                <attribute name="line" value="71" />
                                                <attribute name="path" value="C:\Git\arcgis-exporter-extension\GPX.Server.Extension.Tests\MockServerObjectCreator.cs" />
                                              </attributes>
                                            </marker>
                                            <text><![CDATA[
   at GPX.Server.Extension.Tests.MockServerObjectCreator.CreateMockServerObjectHelper(String mxdFile) in ]]></text>
                                            <marker class="CodeLocation">
                                              <contents>
                                                <text><![CDATA[C:\Git\arcgis-exporter-extension\GPX.Server.Extension.Tests\MockServerObjectCreator.cs:line 59]]></text>
                                              </contents>
                                              <attributes>
                                                <attribute name="line" value="59" />
                                                <attribute name="path" value="C:\Git\arcgis-exporter-extension\GPX.Server.Extension.Tests\MockServerObjectCreator.cs" />
                                              </attributes>
                                            </marker>
                                            <text><![CDATA[
   at GPX.Server.Extension.Tests.MockServerTest.TestSetUp() in ]]></text>
                                            <marker class="CodeLocation">
                                              <contents>
                                                <text><![CDATA[C:\Git\arcgis-exporter-extension\GPX.Server.Extension.Tests\MockServerTest.cs:line 38]]></text>
                                              </contents>
                                              <attributes>
                                                <attribute name="line" value="38" />
                                                <attribute name="path" value="C:\Git\arcgis-exporter-extension\GPX.Server.Extension.Tests\MockServerTest.cs" />
                                              </attributes>
                                            </marker>
                                          </contents>
                                          <attributes />
                                        </marker>
                                      </contents>
                                      <attributes />
                                    </marker>
                                  </contents>
                                </section>
                              </contents>
                            </body>
                          </stream>
                        </streams>
                        <attachments />
                      </testLog>
                    </testStepRun>
                    <testStepRun startTime="2012-03-28T19:57:07.4319632+11:00" endTime="2012-03-28T19:57:07.4620064+11:00">
                      <testStep id="71ee79814f074c9a" name="ExportGeoRSS_AtomFormat_Layer(&quot;&quot;, &quot;ExportLayers/11&quot;, &quot;ExportLayer&quot;, &quot;{\&quot;filterGeometry\&quot;:null,\&quot;geometryType\&quot;:null,\&quot;where\&quot;:null,\&quot;exportProperties\&quot;:{\&quot;Title\&quot;:\&quot;Californian Urban Areas\&quot;,\&quot;ID\&quot;:\&quot;Feed Id\&quot;,\&quot;Language\&quot;:\&quot;en-us\&quot;,\&quot;CopyRight\&quot;:\&quot;Copyright 2011\&quot;,\&quot;Generator\&quot;:\&quot;http://www.mapbutcher.com\&quot;,\&quot;Description\&quot;:\&quot;A GeoRSS format of Californian Urban Areas\&quot;,\&quot;Link\&quot;:{\&quot;BaseUri\&quot;:null,\&quot;Length\&quot;:0,\&quot;MediaType\&quot;:null,\&quot;RelationshipType\&quot;:null,\&quot;Title\&quot;:\&quot;Mapbutcher\&quot;,\&quot;Uri\&quot;:\&quot;http://www.mapbutcher.com\&quot;},\&quot;Author\&quot;:{\&quot;Email\&quot;:\&quot;mapbutcher@mapbutcher.com\&quot;,\&quot;Name\&quot;:\&quot;Simon\&quot;,\&quot;Uri\&quot;:\&quot;http://www.mapbutcher.com\&quot;},\&quot;GeometryFormat\&quot;:\&quot;Simple\&quot;,\&quot;GeometryField\&quot;:\&quot;Shape\&quot;,\&quot;FeedFormat\&quot;:\&quot;Atom\&quot;,\&quot;Items\&quot;:[{\&quot;Key\&quot;:\&quot;Author\&quot;,\&quot;Value\&quot;:{\&quot;PostCondition\&quot;:null,\&quot;PreConditon\&quot;:null,\&quot;MappedContent\&quot;:null,\&quot;MappedContentAlias\&quot;:null,\&quot;FixedContent\&quot;:\&quot;Simon Hope\&quot;,\&quot;MappedContentDelimeter\&quot;:null,\&quot;AutoGenerate\&quot;:false}},{\&quot;Key\&quot;:\&quot;Content\&quot;,\&quot;Value\&quot;:{\&quot;PostCondition\&quot;:null,\&quot;PreConditon\&quot;:null,\&quot;MappedContent\&quot;:null,\&quot;MappedContentAlias\&quot;:null,\&quot;FixedContent\&quot;:null,\&quot;MappedContentDelimeter\&quot;:null,\&quot;AutoGenerate\&quot;:false}},{\&quot;Key\&quot;:\&quot;Contributors\&quot;,\&quot;Value\&quot;:{\&quot;PostCondition\&quot;:null,\&quot;PreConditon\&quot;:null,\&quot;MappedContent\&quot;:null,\&quot;MappedContentAlias\&quot;:null,\&quot;FixedContent\&quot;:\&quot;mapbutcher@mapbutcher.com\&quot;,\&quot;MappedContentDelimeter\&quot;:null,\&quot;AutoGenerate\&quot;:false}},{\&quot;Key\&quot;:\&quot;Copyright\&quot;,\&quot;Value\&quot;:{\&quot;PostCondition\&quot;:null,\&quot;PreConditon\&quot;:null,\&quot;MappedContent\&quot;:null,\&quot;MappedContentAlias\&quot;:null,\&quot;FixedContent\&quot;:\&quot;Copyright 2011\&quot;,\&quot;MappedContentDelimeter\&quot;:null,\&quot;AutoGenerate\&quot;:false}},{\&quot;Key\&quot;:\&quot;Id\&quot;,\&quot;Value\&quot;:{\&quot;PostCondition\&quot;:null,\&quot;PreConditon\&quot;:null,\&quot;MappedContent\&quot;:\&quot;UFI\&quot;,\&quot;MappedContentAlias\&quot;:null,\&quot;FixedContent\&quot;:null,\&quot;MappedContentDelimeter\&quot;:null,\&quot;AutoGenerate\&quot;:true}},{\&quot;Key\&quot;:\&quot;LastUpdatedTime\&quot;,\&quot;Value\&quot;:{\&quot;PostCondition\&quot;:null,\&quot;PreConditon\&quot;:null,\&quot;MappedContent\&quot;:null,\&quot;MappedContentAlias\&quot;:null,\&quot;FixedContent\&quot;:null,\&quot;MappedContentDelimeter\&quot;:null,\&quot;AutoGenerate\&quot;:false}},{\&quot;Key\&quot;:\&quot;Links\&quot;,\&quot;Value\&quot;:{\&quot;PostCondition\&quot;:null,\&quot;PreConditon\&quot;:null,\&quot;MappedContent\&quot;:null,\&quot;MappedContentAlias\&quot;:null,\&quot;FixedContent\&quot;:\&quot;http://www.mapbutcher.com\&quot;,\&quot;MappedContentDelimeter\&quot;:null,\&quot;AutoGenerate\&quot;:false}},{\&quot;Key\&quot;:\&quot;PublishDate\&quot;,\&quot;Value\&quot;:{\&quot;PostCondition\&quot;:null,\&quot;PreConditon\&quot;:null,\&quot;MappedContent\&quot;:null,\&quot;MappedContentAlias\&quot;:null,\&quot;FixedContent\&quot;:null,\&quot;MappedContentDelimeter\&quot;:null,\&quot;AutoGenerate\&quot;:true}},{\&quot;Key\&quot;:\&quot;Summary\&quot;,\&quot;Value\&quot;:{\&quot;PostCondition\&quot;:null,\&quot;PreConditon\&quot;:null,\&quot;MappedContent\&quot;:null,\&quot;MappedContentAlias\&quot;:null,\&quot;FixedContent\&quot;:null,\&quot;MappedContentDelimeter\&quot;:null,\&quot;AutoGenerate\&quot;:false}},{\&quot;Key\&quot;:\&quot;Title\&quot;,\&quot;Value\&quot;:{\&quot;PostCondition\&quot;:null,\&quot;PreConditon\&quot;:null,\&quot;MappedContent\&quot;:null,\&quot;MappedContentAlias\&quot;:null,\&quot;FixedContent\&quot;:null,\&quot;MappedContentDelimeter\&quot;:null,\&quot;AutoGenerate\&quot;:false}}]}}&quot;, &quot;georss&quot;, &quot;{}&quot;, 38, &quot;http://www.w3.org/2005/Atom&quot;, &quot;entry&quot;)" fullName="GPX.Server.Extension.Tests/MockServerTest/ExportGeoRSS_AtomFormat_Layer/ExportGeoRSS_AtomFormat_Layer(&quot;&quot;, &quot;ExportLayers/11&quot;, &quot;ExportLayer&quot;, &quot;{\&quot;filterGeometry\&quot;:null,\&quot;geometryType\&quot;:null,\&quot;where\&quot;:null,\&quot;exportProperties\&quot;:{\&quot;Title\&quot;:\&quot;Californian Urban Areas\&quot;,\&quot;ID\&quot;:\&quot;Feed Id\&quot;,\&quot;Language\&quot;:\&quot;en-us\&quot;,\&quot;CopyRight\&quot;:\&quot;Copyright 2011\&quot;,\&quot;Generator\&quot;:\&quot;http://www.mapbutcher.com\&quot;,\&quot;Description\&quot;:\&quot;A GeoRSS format of Californian Urban Areas\&quot;,\&quot;Link\&quot;:{\&quot;BaseUri\&quot;:null,\&quot;Length\&quot;:0,\&quot;MediaType\&quot;:null,\&quot;RelationshipType\&quot;:null,\&quot;Title\&quot;:\&quot;Mapbutcher\&quot;,\&quot;Uri\&quot;:\&quot;http://www.mapbutcher.com\&quot;},\&quot;Author\&quot;:{\&quot;Email\&quot;:\&quot;mapbutcher@mapbutcher.com\&quot;,\&quot;Name\&quot;:\&quot;Simon\&quot;,\&quot;Uri\&quot;:\&quot;http://www.mapbutcher.com\&quot;},\&quot;GeometryFormat\&quot;:\&quot;Simple\&quot;,\&quot;GeometryField\&quot;:\&quot;Shape\&quot;,\&quot;FeedFormat\&quot;:\&quot;Atom\&quot;,\&quot;Items\&quot;:[{\&quot;Key\&quot;:\&quot;Author\&quot;,\&quot;Value\&quot;:{\&quot;PostCondition\&quot;:null,\&quot;PreConditon\&quot;:null,\&quot;MappedContent\&quot;:null,\&quot;MappedContentAlias\&quot;:null,\&quot;FixedContent\&quot;:\&quot;Simon Hope\&quot;,\&quot;MappedContentDelimeter\&quot;:null,\&quot;AutoGenerate\&quot;:false}},{\&quot;Key\&quot;:\&quot;Content\&quot;,\&quot;Value\&quot;:{\&quot;PostCondition\&quot;:null,\&quot;PreConditon\&quot;:null,\&quot;MappedContent\&quot;:null,\&quot;MappedContentAlias\&quot;:null,\&quot;FixedContent\&quot;:null,\&quot;MappedContentDelimeter\&quot;:null,\&quot;AutoGenerate\&quot;:false}},{\&quot;Key\&quot;:\&quot;Contributors\&quot;,\&quot;Value\&quot;:{\&quot;PostCondition\&quot;:null,\&quot;PreConditon\&quot;:null,\&quot;MappedContent\&quot;:null,\&quot;MappedContentAlias\&quot;:null,\&quot;FixedContent\&quot;:\&quot;mapbutcher@mapbutcher.com\&quot;,\&quot;MappedContentDelimeter\&quot;:null,\&quot;AutoGenerate\&quot;:false}},{\&quot;Key\&quot;:\&quot;Copyright\&quot;,\&quot;Value\&quot;:{\&quot;PostCondition\&quot;:null,\&quot;PreConditon\&quot;:null,\&quot;MappedContent\&quot;:null,\&quot;MappedContentAlias\&quot;:null,\&quot;FixedContent\&quot;:\&quot;Copyright 2011\&quot;,\&quot;MappedContentDelimeter\&quot;:null,\&quot;AutoGenerate\&quot;:false}},{\&quot;Key\&quot;:\&quot;Id\&quot;,\&quot;Value\&quot;:{\&quot;PostCondition\&quot;:null,\&quot;PreConditon\&quot;:null,\&quot;MappedContent\&quot;:\&quot;UFI\&quot;,\&quot;MappedContentAlias\&quot;:null,\&quot;FixedContent\&quot;:null,\&quot;MappedContentDelimeter\&quot;:null,\&quot;AutoGenerate\&quot;:true}},{\&quot;Key\&quot;:\&quot;LastUpdatedTime\&quot;,\&quot;Value\&quot;:{\&quot;PostCondition\&quot;:null,\&quot;PreConditon\&quot;:null,\&quot;MappedContent\&quot;:null,\&quot;MappedContentAlias\&quot;:null,\&quot;FixedContent\&quot;:null,\&quot;MappedContentDelimeter\&quot;:null,\&quot;AutoGenerate\&quot;:false}},{\&quot;Key\&quot;:\&quot;Links\&quot;,\&quot;Value\&quot;:{\&quot;PostCondition\&quot;:null,\&quot;PreConditon\&quot;:null,\&quot;MappedContent\&quot;:null,\&quot;MappedContentAlias\&quot;:null,\&quot;FixedContent\&quot;:\&quot;http://www.mapbutcher.com\&quot;,\&quot;MappedContentDelimeter\&quot;:null,\&quot;AutoGenerate\&quot;:false}},{\&quot;Key\&quot;:\&quot;PublishDate\&quot;,\&quot;Value\&quot;:{\&quot;PostCondition\&quot;:null,\&quot;PreConditon\&quot;:null,\&quot;MappedContent\&quot;:null,\&quot;MappedContentAlias\&quot;:null,\&quot;FixedContent\&quot;:null,\&quot;MappedContentDelimeter\&quot;:null,\&quot;AutoGenerate\&quot;:true}},{\&quot;Key\&quot;:\&quot;Summary\&quot;,\&quot;Value\&quot;:{\&quot;PostCondition\&quot;:null,\&quot;PreConditon\&quot;:null,\&quot;MappedContent\&quot;:null,\&quot;MappedContentAlias\&quot;:null,\&quot;FixedContent\&quot;:null,\&quot;MappedContentDelimeter\&quot;:null,\&quot;AutoGenerate\&quot;:false}},{\&quot;Key\&quot;:\&quot;Title\&quot;,\&quot;Value\&quot;:{\&quot;PostCondition\&quot;:null,\&quot;PreConditon\&quot;:null,\&quot;MappedContent\&quot;:null,\&quot;MappedContentAlias\&quot;:null,\&quot;FixedContent\&quot;:null,\&quot;MappedContentDelimeter\&quot;:null,\&quot;AutoGenerate\&quot;:false}}]}}&quot;, &quot;georss&quot;, &quot;{}&quot;, 38, &quot;http://www.w3.org/2005/Atom&quot;, &quot;entry&quot;)" testId="3321bbe20b4d2ea" isPrimary="false" isTestCase="true" isDynamic="false">
                        <codeReference assembly="GPX.Server.Extension.Tests, Version=1.0.0.0, Culture=neutral, PublicKeyToken=null" namespace="GPX.Server.Extension.Tests" type="GPX.Server.Extension.Tests.MockServerTest" member="ExportGeoRSS_AtomFormat_Layer" />
                        <codeLocation path="C:\Git\arcgis-exporter-extension\GPX.Server.Extension.Tests\MockServerTest.cs" line="156" />
                        <metadata>
                          <entry key="TestKind">
                            <value>Test</value>
                          </entry>
                          <entry key="Description">
                            <value>Export Polygon Simple Atom</value>
                          </entry>
                        </metadata>
                      </testStep>
                      <children />
                      <result assertCount="0" duration="0.0268576">
                        <outcome status="failed" />
                      </result>
                      <testLog>
                        <streams>
                          <stream name="Failures">
                            <body>
                              <contents>
                                <section name="Set Up">
                                  <contents>
                                    <marker class="Exception">
                                      <contents>
                                        <marker class="ExceptionType">
                                          <contents>
                                            <text><![CDATA[System.ArgumentException]]></text>
                                          </contents>
                                          <attributes />
                                        </marker>
                                        <text><![CDATA[: ]]></text>
                                        <marker class="ExceptionMessage">
                                          <contents>
                                            <text><![CDATA[Can not open file C:\Program Files\ArcGIS\DeveloperKit10.0\Samples\data\California\California.mxd.
The system cannot find the file specified.
Probable cause: The file is inaccessible to Server.]]></text>
                                          </contents>
                                          <attributes />
                                        </marker>
                                        <text><![CDATA[
]]></text>
                                        <marker class="ExceptionPropertyName">
                                          <contents>
                                            <text><![CDATA[HelpLink]]></text>
                                          </contents>
                                          <attributes />
                                        </marker>
                                        <text><![CDATA[: ]]></text>
                                        <marker class="ExceptionPropertyValue">
                                          <contents>
                                            <text><![CDATA["Carto.hlp"]]></text>
                                          </contents>
                                          <attributes />
                                        </marker>
                                        <text><![CDATA[
]]></text>
                                        <marker class="StackTrace">
                                          <contents>
                                            <text><![CDATA[   at ESRI.ArcGIS.Carto.MapServerClass.Connect(String FilePath)
   at GPX.Server.Extension.Tests.MockServerObjectCreator.CreateMockMapServerObject(String mxdFile) in ]]></text>
                                            <marker class="CodeLocation">
                                              <contents>
                                                <text><![CDATA[C:\Git\arcgis-exporter-extension\GPX.Server.Extension.Tests\MockServerObjectCreator.cs:line 71]]></text>
                                              </contents>
                                              <attributes>
                                                <attribute name="line" value="71" />
                                                <attribute name="path" value="C:\Git\arcgis-exporter-extension\GPX.Server.Extension.Tests\MockServerObjectCreator.cs" />
                                              </attributes>
                                            </marker>
                                            <text><![CDATA[
   at GPX.Server.Extension.Tests.MockServerObjectCreator.CreateMockServerObjectHelper(String mxdFile) in ]]></text>
                                            <marker class="CodeLocation">
                                              <contents>
                                                <text><![CDATA[C:\Git\arcgis-exporter-extension\GPX.Server.Extension.Tests\MockServerObjectCreator.cs:line 59]]></text>
                                              </contents>
                                              <attributes>
                                                <attribute name="line" value="59" />
                                                <attribute name="path" value="C:\Git\arcgis-exporter-extension\GPX.Server.Extension.Tests\MockServerObjectCreator.cs" />
                                              </attributes>
                                            </marker>
                                            <text><![CDATA[
   at GPX.Server.Extension.Tests.MockServerTest.TestSetUp() in ]]></text>
                                            <marker class="CodeLocation">
                                              <contents>
                                                <text><![CDATA[C:\Git\arcgis-exporter-extension\GPX.Server.Extension.Tests\MockServerTest.cs:line 38]]></text>
                                              </contents>
                                              <attributes>
                                                <attribute name="line" value="38" />
                                                <attribute name="path" value="C:\Git\arcgis-exporter-extension\GPX.Server.Extension.Tests\MockServerTest.cs" />
                                              </attributes>
                                            </marker>
                                          </contents>
                                          <attributes />
                                        </marker>
                                      </contents>
                                      <attributes />
                                    </marker>
                                  </contents>
                                </section>
                              </contents>
                            </body>
                          </stream>
                        </streams>
                        <attachments />
                      </testLog>
                    </testStepRun>
                    <testStepRun startTime="2012-03-28T19:57:07.4620064+11:00" endTime="2012-03-28T19:57:07.4920496+11:00">
                      <testStep id="387719f14244197" name="ExportGeoRSS_AtomFormat_Layer(&quot;&quot;, &quot;ExportLayers/2&quot;, &quot;ExportLayer&quot;, &quot;{\&quot;filterGeometry\&quot;:null,\&quot;geometryType\&quot;:null,\&quot;where\&quot;:null,\&quot;exportProperties\&quot;:{\&quot;Title\&quot;:\&quot;Californian EarthQuakes\&quot;,\&quot;ID\&quot;:\&quot;Feed Id\&quot;,\&quot;Language\&quot;:\&quot;en-us\&quot;,\&quot;CopyRight\&quot;:\&quot;Copyright 2011\&quot;,\&quot;Generator\&quot;:\&quot;http://www.mapbutcher.com\&quot;,\&quot;Description\&quot;:\&quot;A GeoRSS format of Californian EarthQuakes\&quot;,\&quot;Link\&quot;:{\&quot;BaseUri\&quot;:null,\&quot;Length\&quot;:0,\&quot;MediaType\&quot;:null,\&quot;RelationshipType\&quot;:null,\&quot;Title\&quot;:\&quot;Mapbutcher\&quot;,\&quot;Uri\&quot;:\&quot;http://www.mapbutcher.com\&quot;},\&quot;Author\&quot;:{\&quot;Email\&quot;:\&quot;mapbutcher@mapbutcher.com\&quot;,\&quot;Name\&quot;:\&quot;Simon\&quot;,\&quot;Uri\&quot;:\&quot;http://www.mapbutcher.com\&quot;},\&quot;GeometryFormat\&quot;:\&quot;GML\&quot;,\&quot;GeometryField\&quot;:\&quot;Shape\&quot;,\&quot;FeedFormat\&quot;:\&quot;Atom\&quot;,\&quot;Items\&quot;:[{\&quot;Key\&quot;:\&quot;Author\&quot;,\&quot;Value\&quot;:{\&quot;PostCondition\&quot;:null,\&quot;PreConditon\&quot;:null,\&quot;MappedContent\&quot;:null,\&quot;MappedContentAlias\&quot;:null,\&quot;FixedContent\&quot;:\&quot;Simon Hope\&quot;,\&quot;MappedContentDelimeter\&quot;:null,\&quot;AutoGenerate\&quot;:false}},{\&quot;Key\&quot;:\&quot;Content\&quot;,\&quot;Value\&quot;:{\&quot;PostCondition\&quot;:null,\&quot;PreConditon\&quot;:null,\&quot;MappedContent\&quot;:null,\&quot;MappedContentAlias\&quot;:null,\&quot;FixedContent\&quot;:null,\&quot;MappedContentDelimeter\&quot;:null,\&quot;AutoGenerate\&quot;:false}},{\&quot;Key\&quot;:\&quot;Contributors\&quot;,\&quot;Value\&quot;:{\&quot;PostCondition\&quot;:null,\&quot;PreConditon\&quot;:null,\&quot;MappedContent\&quot;:null,\&quot;MappedContentAlias\&quot;:null,\&quot;FixedContent\&quot;:\&quot;mapbutcher@mapbutcher.com\&quot;,\&quot;MappedContentDelimeter\&quot;:null,\&quot;AutoGenerate\&quot;:false}},{\&quot;Key\&quot;:\&quot;Copyright\&quot;,\&quot;Value\&quot;:{\&quot;PostCondition\&quot;:null,\&quot;PreConditon\&quot;:null,\&quot;MappedContent\&quot;:null,\&quot;MappedContentAlias\&quot;:null,\&quot;FixedContent\&quot;:\&quot;Copyright 2011\&quot;,\&quot;MappedContentDelimeter\&quot;:null,\&quot;AutoGenerate\&quot;:false}},{\&quot;Key\&quot;:\&quot;Id\&quot;,\&quot;Value\&quot;:{\&quot;PostCondition\&quot;:null,\&quot;PreConditon\&quot;:null,\&quot;MappedContent\&quot;:\&quot;UFI\&quot;,\&quot;MappedContentAlias\&quot;:null,\&quot;FixedContent\&quot;:null,\&quot;MappedContentDelimeter\&quot;:null,\&quot;AutoGenerate\&quot;:true}},{\&quot;Key\&quot;:\&quot;LastUpdatedTime\&quot;,\&quot;Value\&quot;:{\&quot;PostCondition\&quot;:null,\&quot;PreConditon\&quot;:null,\&quot;MappedContent\&quot;:null,\&quot;MappedContentAlias\&quot;:null,\&quot;FixedContent\&quot;:null,\&quot;MappedContentDelimeter\&quot;:null,\&quot;AutoGenerate\&quot;:false}},{\&quot;Key\&quot;:\&quot;Links\&quot;,\&quot;Value\&quot;:{\&quot;PostCondition\&quot;:null,\&quot;PreConditon\&quot;:null,\&quot;MappedContent\&quot;:null,\&quot;MappedContentAlias\&quot;:null,\&quot;FixedContent\&quot;:\&quot;http://www.mapbutcher.com\&quot;,\&quot;MappedContentDelimeter\&quot;:null,\&quot;AutoGenerate\&quot;:false}},{\&quot;Key\&quot;:\&quot;PublishDate\&quot;,\&quot;Value\&quot;:{\&quot;PostCondition\&quot;:null,\&quot;PreConditon\&quot;:null,\&quot;MappedContent\&quot;:null,\&quot;MappedContentAlias\&quot;:null,\&quot;FixedContent\&quot;:null,\&quot;MappedContentDelimeter\&quot;:null,\&quot;AutoGenerate\&quot;:true}},{\&quot;Key\&quot;:\&quot;Summary\&quot;,\&quot;Value\&quot;:{\&quot;PostCondition\&quot;:null,\&quot;PreConditon\&quot;:null,\&quot;MappedContent\&quot;:null,\&quot;MappedContentAlias\&quot;:null,\&quot;FixedContent\&quot;:null,\&quot;MappedContentDelimeter\&quot;:null,\&quot;AutoGenerate\&quot;:false}},{\&quot;Key\&quot;:\&quot;Title\&quot;,\&quot;Value\&quot;:{\&quot;PostCondition\&quot;:null,\&quot;PreConditon\&quot;:null,\&quot;MappedContent\&quot;:null,\&quot;MappedContentAlias\&quot;:null,\&quot;FixedContent\&quot;:null,\&quot;MappedContentDelimeter\&quot;:null,\&quot;AutoGenerate\&quot;:false}}]}}&quot;, &quot;georss&quot;, &quot;{}&quot;, 221, &quot;http://www.w3.org/2005/Atom&quot;, &quot;entry&quot;)" fullName="GPX.Server.Extension.Tests/MockServerTest/ExportGeoRSS_AtomFormat_Layer/ExportGeoRSS_AtomFormat_Layer(&quot;&quot;, &quot;ExportLayers/2&quot;, &quot;ExportLayer&quot;, &quot;{\&quot;filterGeometry\&quot;:null,\&quot;geometryType\&quot;:null,\&quot;where\&quot;:null,\&quot;exportProperties\&quot;:{\&quot;Title\&quot;:\&quot;Californian EarthQuakes\&quot;,\&quot;ID\&quot;:\&quot;Feed Id\&quot;,\&quot;Language\&quot;:\&quot;en-us\&quot;,\&quot;CopyRight\&quot;:\&quot;Copyright 2011\&quot;,\&quot;Generator\&quot;:\&quot;http://www.mapbutcher.com\&quot;,\&quot;Description\&quot;:\&quot;A GeoRSS format of Californian EarthQuakes\&quot;,\&quot;Link\&quot;:{\&quot;BaseUri\&quot;:null,\&quot;Length\&quot;:0,\&quot;MediaType\&quot;:null,\&quot;RelationshipType\&quot;:null,\&quot;Title\&quot;:\&quot;Mapbutcher\&quot;,\&quot;Uri\&quot;:\&quot;http://www.mapbutcher.com\&quot;},\&quot;Author\&quot;:{\&quot;Email\&quot;:\&quot;mapbutcher@mapbutcher.com\&quot;,\&quot;Name\&quot;:\&quot;Simon\&quot;,\&quot;Uri\&quot;:\&quot;http://www.mapbutcher.com\&quot;},\&quot;GeometryFormat\&quot;:\&quot;GML\&quot;,\&quot;GeometryField\&quot;:\&quot;Shape\&quot;,\&quot;FeedFormat\&quot;:\&quot;Atom\&quot;,\&quot;Items\&quot;:[{\&quot;Key\&quot;:\&quot;Author\&quot;,\&quot;Value\&quot;:{\&quot;PostCondition\&quot;:null,\&quot;PreConditon\&quot;:null,\&quot;MappedContent\&quot;:null,\&quot;MappedContentAlias\&quot;:null,\&quot;FixedContent\&quot;:\&quot;Simon Hope\&quot;,\&quot;MappedContentDelimeter\&quot;:null,\&quot;AutoGenerate\&quot;:false}},{\&quot;Key\&quot;:\&quot;Content\&quot;,\&quot;Value\&quot;:{\&quot;PostCondition\&quot;:null,\&quot;PreConditon\&quot;:null,\&quot;MappedContent\&quot;:null,\&quot;MappedContentAlias\&quot;:null,\&quot;FixedContent\&quot;:null,\&quot;MappedContentDelimeter\&quot;:null,\&quot;AutoGenerate\&quot;:false}},{\&quot;Key\&quot;:\&quot;Contributors\&quot;,\&quot;Value\&quot;:{\&quot;PostCondition\&quot;:null,\&quot;PreConditon\&quot;:null,\&quot;MappedContent\&quot;:null,\&quot;MappedContentAlias\&quot;:null,\&quot;FixedContent\&quot;:\&quot;mapbutcher@mapbutcher.com\&quot;,\&quot;MappedContentDelimeter\&quot;:null,\&quot;AutoGenerate\&quot;:false}},{\&quot;Key\&quot;:\&quot;Copyright\&quot;,\&quot;Value\&quot;:{\&quot;PostCondition\&quot;:null,\&quot;PreConditon\&quot;:null,\&quot;MappedContent\&quot;:null,\&quot;MappedContentAlias\&quot;:null,\&quot;FixedContent\&quot;:\&quot;Copyright 2011\&quot;,\&quot;MappedContentDelimeter\&quot;:null,\&quot;AutoGenerate\&quot;:false}},{\&quot;Key\&quot;:\&quot;Id\&quot;,\&quot;Value\&quot;:{\&quot;PostCondition\&quot;:null,\&quot;PreConditon\&quot;:null,\&quot;MappedContent\&quot;:\&quot;UFI\&quot;,\&quot;MappedContentAlias\&quot;:null,\&quot;FixedContent\&quot;:null,\&quot;MappedContentDelimeter\&quot;:null,\&quot;AutoGenerate\&quot;:true}},{\&quot;Key\&quot;:\&quot;LastUpdatedTime\&quot;,\&quot;Value\&quot;:{\&quot;PostCondition\&quot;:null,\&quot;PreConditon\&quot;:null,\&quot;MappedContent\&quot;:null,\&quot;MappedContentAlias\&quot;:null,\&quot;FixedContent\&quot;:null,\&quot;MappedContentDelimeter\&quot;:null,\&quot;AutoGenerate\&quot;:false}},{\&quot;Key\&quot;:\&quot;Links\&quot;,\&quot;Value\&quot;:{\&quot;PostCondition\&quot;:null,\&quot;PreConditon\&quot;:null,\&quot;MappedContent\&quot;:null,\&quot;MappedContentAlias\&quot;:null,\&quot;FixedContent\&quot;:\&quot;http://www.mapbutcher.com\&quot;,\&quot;MappedContentDelimeter\&quot;:null,\&quot;AutoGenerate\&quot;:false}},{\&quot;Key\&quot;:\&quot;PublishDate\&quot;,\&quot;Value\&quot;:{\&quot;PostCondition\&quot;:null,\&quot;PreConditon\&quot;:null,\&quot;MappedContent\&quot;:null,\&quot;MappedContentAlias\&quot;:null,\&quot;FixedContent\&quot;:null,\&quot;MappedContentDelimeter\&quot;:null,\&quot;AutoGenerate\&quot;:true}},{\&quot;Key\&quot;:\&quot;Summary\&quot;,\&quot;Value\&quot;:{\&quot;PostCondition\&quot;:null,\&quot;PreConditon\&quot;:null,\&quot;MappedContent\&quot;:null,\&quot;MappedContentAlias\&quot;:null,\&quot;FixedContent\&quot;:null,\&quot;MappedContentDelimeter\&quot;:null,\&quot;AutoGenerate\&quot;:false}},{\&quot;Key\&quot;:\&quot;Title\&quot;,\&quot;Value\&quot;:{\&quot;PostCondition\&quot;:null,\&quot;PreConditon\&quot;:null,\&quot;MappedContent\&quot;:null,\&quot;MappedContentAlias\&quot;:null,\&quot;FixedContent\&quot;:null,\&quot;MappedContentDelimeter\&quot;:null,\&quot;AutoGenerate\&quot;:false}}]}}&quot;, &quot;georss&quot;, &quot;{}&quot;, 221, &quot;http://www.w3.org/2005/Atom&quot;, &quot;entry&quot;)" testId="3321bbe20b4d2ea" isPrimary="false" isTestCase="true" isDynamic="false">
                        <codeReference assembly="GPX.Server.Extension.Tests, Version=1.0.0.0, Culture=neutral, PublicKeyToken=null" namespace="GPX.Server.Extension.Tests" type="GPX.Server.Extension.Tests.MockServerTest" member="ExportGeoRSS_AtomFormat_Layer" />
                        <codeLocation path="C:\Git\arcgis-exporter-extension\GPX.Server.Extension.Tests\MockServerTest.cs" line="156" />
                        <metadata>
                          <entry key="TestKind">
                            <value>Test</value>
                          </entry>
                          <entry key="Description">
                            <value>Export Points GML Atom</value>
                          </entry>
                        </metadata>
                      </testStep>
                      <children />
                      <result assertCount="0" duration="0.0287977">
                        <outcome status="failed" />
                      </result>
                      <testLog>
                        <streams>
                          <stream name="Failures">
                            <body>
                              <contents>
                                <section name="Set Up">
                                  <contents>
                                    <marker class="Exception">
                                      <contents>
                                        <marker class="ExceptionType">
                                          <contents>
                                            <text><![CDATA[System.ArgumentException]]></text>
                                          </contents>
                                          <attributes />
                                        </marker>
                                        <text><![CDATA[: ]]></text>
                                        <marker class="ExceptionMessage">
                                          <contents>
                                            <text><![CDATA[Can not open file C:\Program Files\ArcGIS\DeveloperKit10.0\Samples\data\California\California.mxd.
The system cannot find the file specified.
Probable cause: The file is inaccessible to Server.]]></text>
                                          </contents>
                                          <attributes />
                                        </marker>
                                        <text><![CDATA[
]]></text>
                                        <marker class="ExceptionPropertyName">
                                          <contents>
                                            <text><![CDATA[HelpLink]]></text>
                                          </contents>
                                          <attributes />
                                        </marker>
                                        <text><![CDATA[: ]]></text>
                                        <marker class="ExceptionPropertyValue">
                                          <contents>
                                            <text><![CDATA["Carto.hlp"]]></text>
                                          </contents>
                                          <attributes />
                                        </marker>
                                        <text><![CDATA[
]]></text>
                                        <marker class="StackTrace">
                                          <contents>
                                            <text><![CDATA[   at ESRI.ArcGIS.Carto.MapServerClass.Connect(String FilePath)
   at GPX.Server.Extension.Tests.MockServerObjectCreator.CreateMockMapServerObject(String mxdFile) in ]]></text>
                                            <marker class="CodeLocation">
                                              <contents>
                                                <text><![CDATA[C:\Git\arcgis-exporter-extension\GPX.Server.Extension.Tests\MockServerObjectCreator.cs:line 71]]></text>
                                              </contents>
                                              <attributes>
                                                <attribute name="line" value="71" />
                                                <attribute name="path" value="C:\Git\arcgis-exporter-extension\GPX.Server.Extension.Tests\MockServerObjectCreator.cs" />
                                              </attributes>
                                            </marker>
                                            <text><![CDATA[
   at GPX.Server.Extension.Tests.MockServerObjectCreator.CreateMockServerObjectHelper(String mxdFile) in ]]></text>
                                            <marker class="CodeLocation">
                                              <contents>
                                                <text><![CDATA[C:\Git\arcgis-exporter-extension\GPX.Server.Extension.Tests\MockServerObjectCreator.cs:line 59]]></text>
                                              </contents>
                                              <attributes>
                                                <attribute name="line" value="59" />
                                                <attribute name="path" value="C:\Git\arcgis-exporter-extension\GPX.Server.Extension.Tests\MockServerObjectCreator.cs" />
                                              </attributes>
                                            </marker>
                                            <text><![CDATA[
   at GPX.Server.Extension.Tests.MockServerTest.TestSetUp() in ]]></text>
                                            <marker class="CodeLocation">
                                              <contents>
                                                <text><![CDATA[C:\Git\arcgis-exporter-extension\GPX.Server.Extension.Tests\MockServerTest.cs:line 38]]></text>
                                              </contents>
                                              <attributes>
                                                <attribute name="line" value="38" />
                                                <attribute name="path" value="C:\Git\arcgis-exporter-extension\GPX.Server.Extension.Tests\MockServerTest.cs" />
                                              </attributes>
                                            </marker>
                                          </contents>
                                          <attributes />
                                        </marker>
                                      </contents>
                                      <attributes />
                                    </marker>
                                  </contents>
                                </section>
                              </contents>
                            </body>
                          </stream>
                        </streams>
                        <attachments />
                      </testLog>
                    </testStepRun>
                    <testStepRun startTime="2012-03-28T19:57:07.4920496+11:00" endTime="2012-03-28T19:57:07.5220928+11:00">
                      <testStep id="7486ed6f5fa8e3e4" name="ExportGeoRSS_AtomFormat_Layer(&quot;&quot;, &quot;ExportLayers/7&quot;, &quot;ExportLayer&quot;, &quot;{\&quot;filterGeometry\&quot;:null,\&quot;geometryType\&quot;:null,\&quot;where\&quot;:null,\&quot;exportProperties\&quot;:{\&quot;Title\&quot;:\&quot;Californian Rivers\&quot;,\&quot;ID\&quot;:\&quot;Feed Id\&quot;,\&quot;Language\&quot;:\&quot;en-us\&quot;,\&quot;CopyRight\&quot;:\&quot;Copyright 2011\&quot;,\&quot;Generator\&quot;:\&quot;http://www.mapbutcher.com\&quot;,\&quot;Description\&quot;:\&quot;A GeoRSS format of Californian Rivers\&quot;,\&quot;Link\&quot;:{\&quot;BaseUri\&quot;:null,\&quot;Length\&quot;:0,\&quot;MediaType\&quot;:null,\&quot;RelationshipType\&quot;:null,\&quot;Title\&quot;:\&quot;Mapbutcher\&quot;,\&quot;Uri\&quot;:\&quot;http://www.mapbutcher.com\&quot;},\&quot;Author\&quot;:{\&quot;Email\&quot;:\&quot;mapbutcher@mapbutcher.com\&quot;,\&quot;Name\&quot;:\&quot;Simon\&quot;,\&quot;Uri\&quot;:\&quot;http://www.mapbutcher.com\&quot;},\&quot;GeometryFormat\&quot;:\&quot;simple\&quot;,\&quot;GeometryField\&quot;:\&quot;Shape\&quot;,\&quot;FeedFormat\&quot;:\&quot;Atom\&quot;,\&quot;Items\&quot;:[{\&quot;Key\&quot;:\&quot;Author\&quot;,\&quot;Value\&quot;:{\&quot;PostCondition\&quot;:null,\&quot;PreConditon\&quot;:null,\&quot;MappedContent\&quot;:null,\&quot;MappedContentAlias\&quot;:null,\&quot;FixedContent\&quot;:\&quot;Simon Hope\&quot;,\&quot;MappedContentDelimeter\&quot;:null,\&quot;AutoGenerate\&quot;:false}},{\&quot;Key\&quot;:\&quot;Content\&quot;,\&quot;Value\&quot;:{\&quot;PostCondition\&quot;:null,\&quot;PreConditon\&quot;:null,\&quot;MappedContent\&quot;:null,\&quot;MappedContentAlias\&quot;:null,\&quot;FixedContent\&quot;:null,\&quot;MappedContentDelimeter\&quot;:null,\&quot;AutoGenerate\&quot;:false}},{\&quot;Key\&quot;:\&quot;Contributors\&quot;,\&quot;Value\&quot;:{\&quot;PostCondition\&quot;:null,\&quot;PreConditon\&quot;:null,\&quot;MappedContent\&quot;:null,\&quot;MappedContentAlias\&quot;:null,\&quot;FixedContent\&quot;:\&quot;mapbutcher@mapbutcher.com\&quot;,\&quot;MappedContentDelimeter\&quot;:null,\&quot;AutoGenerate\&quot;:false}},{\&quot;Key\&quot;:\&quot;Copyright\&quot;,\&quot;Value\&quot;:{\&quot;PostCondition\&quot;:null,\&quot;PreConditon\&quot;:null,\&quot;MappedContent\&quot;:null,\&quot;MappedContentAlias\&quot;:null,\&quot;FixedContent\&quot;:\&quot;Copyright 2011\&quot;,\&quot;MappedContentDelimeter\&quot;:null,\&quot;AutoGenerate\&quot;:false}},{\&quot;Key\&quot;:\&quot;Id\&quot;,\&quot;Value\&quot;:{\&quot;PostCondition\&quot;:null,\&quot;PreConditon\&quot;:null,\&quot;MappedContent\&quot;:\&quot;UFI\&quot;,\&quot;MappedContentAlias\&quot;:null,\&quot;FixedContent\&quot;:null,\&quot;MappedContentDelimeter\&quot;:null,\&quot;AutoGenerate\&quot;:true}},{\&quot;Key\&quot;:\&quot;LastUpdatedTime\&quot;,\&quot;Value\&quot;:{\&quot;PostCondition\&quot;:null,\&quot;PreConditon\&quot;:null,\&quot;MappedContent\&quot;:null,\&quot;MappedContentAlias\&quot;:null,\&quot;FixedContent\&quot;:null,\&quot;MappedContentDelimeter\&quot;:null,\&quot;AutoGenerate\&quot;:false}},{\&quot;Key\&quot;:\&quot;Links\&quot;,\&quot;Value\&quot;:{\&quot;PostCondition\&quot;:null,\&quot;PreConditon\&quot;:null,\&quot;MappedContent\&quot;:null,\&quot;MappedContentAlias\&quot;:null,\&quot;FixedContent\&quot;:\&quot;http://www.mapbutcher.com\&quot;,\&quot;MappedContentDelimeter\&quot;:null,\&quot;AutoGenerate\&quot;:false}},{\&quot;Key\&quot;:\&quot;PublishDate\&quot;,\&quot;Value\&quot;:{\&quot;PostCondition\&quot;:null,\&quot;PreConditon\&quot;:null,\&quot;MappedContent\&quot;:null,\&quot;MappedContentAlias\&quot;:null,\&quot;FixedContent\&quot;:null,\&quot;MappedContentDelimeter\&quot;:null,\&quot;AutoGenerate\&quot;:true}},{\&quot;Key\&quot;:\&quot;Summary\&quot;,\&quot;Value\&quot;:{\&quot;PostCondition\&quot;:null,\&quot;PreConditon\&quot;:null,\&quot;MappedContent\&quot;:null,\&quot;MappedContentAlias\&quot;:null,\&quot;FixedContent\&quot;:null,\&quot;MappedContentDelimeter\&quot;:null,\&quot;AutoGenerate\&quot;:false}},{\&quot;Key\&quot;:\&quot;Title\&quot;,\&quot;Value\&quot;:{\&quot;PostCondition\&quot;:null,\&quot;PreConditon\&quot;:null,\&quot;MappedContent\&quot;:null,\&quot;MappedContentAlias\&quot;:null,\&quot;FixedContent\&quot;:null,\&quot;MappedContentDelimeter\&quot;:null,\&quot;AutoGenerate\&quot;:false}}]}}&quot;, &quot;georss&quot;, &quot;{}&quot;, 500, &quot;http://www.w3.org/2005/Atom&quot;, &quot;entry&quot;)" fullName="GPX.Server.Extension.Tests/MockServerTest/ExportGeoRSS_AtomFormat_Layer/ExportGeoRSS_AtomFormat_Layer(&quot;&quot;, &quot;ExportLayers/7&quot;, &quot;ExportLayer&quot;, &quot;{\&quot;filterGeometry\&quot;:null,\&quot;geometryType\&quot;:null,\&quot;where\&quot;:null,\&quot;exportProperties\&quot;:{\&quot;Title\&quot;:\&quot;Californian Rivers\&quot;,\&quot;ID\&quot;:\&quot;Feed Id\&quot;,\&quot;Language\&quot;:\&quot;en-us\&quot;,\&quot;CopyRight\&quot;:\&quot;Copyright 2011\&quot;,\&quot;Generator\&quot;:\&quot;http://www.mapbutcher.com\&quot;,\&quot;Description\&quot;:\&quot;A GeoRSS format of Californian Rivers\&quot;,\&quot;Link\&quot;:{\&quot;BaseUri\&quot;:null,\&quot;Length\&quot;:0,\&quot;MediaType\&quot;:null,\&quot;RelationshipType\&quot;:null,\&quot;Title\&quot;:\&quot;Mapbutcher\&quot;,\&quot;Uri\&quot;:\&quot;http://www.mapbutcher.com\&quot;},\&quot;Author\&quot;:{\&quot;Email\&quot;:\&quot;mapbutcher@mapbutcher.com\&quot;,\&quot;Name\&quot;:\&quot;Simon\&quot;,\&quot;Uri\&quot;:\&quot;http://www.mapbutcher.com\&quot;},\&quot;GeometryFormat\&quot;:\&quot;simple\&quot;,\&quot;GeometryField\&quot;:\&quot;Shape\&quot;,\&quot;FeedFormat\&quot;:\&quot;Atom\&quot;,\&quot;Items\&quot;:[{\&quot;Key\&quot;:\&quot;Author\&quot;,\&quot;Value\&quot;:{\&quot;PostCondition\&quot;:null,\&quot;PreConditon\&quot;:null,\&quot;MappedContent\&quot;:null,\&quot;MappedContentAlias\&quot;:null,\&quot;FixedContent\&quot;:\&quot;Simon Hope\&quot;,\&quot;MappedContentDelimeter\&quot;:null,\&quot;AutoGenerate\&quot;:false}},{\&quot;Key\&quot;:\&quot;Content\&quot;,\&quot;Value\&quot;:{\&quot;PostCondition\&quot;:null,\&quot;PreConditon\&quot;:null,\&quot;MappedContent\&quot;:null,\&quot;MappedContentAlias\&quot;:null,\&quot;FixedContent\&quot;:null,\&quot;MappedContentDelimeter\&quot;:null,\&quot;AutoGenerate\&quot;:false}},{\&quot;Key\&quot;:\&quot;Contributors\&quot;,\&quot;Value\&quot;:{\&quot;PostCondition\&quot;:null,\&quot;PreConditon\&quot;:null,\&quot;MappedContent\&quot;:null,\&quot;MappedContentAlias\&quot;:null,\&quot;FixedContent\&quot;:\&quot;mapbutcher@mapbutcher.com\&quot;,\&quot;MappedContentDelimeter\&quot;:null,\&quot;AutoGenerate\&quot;:false}},{\&quot;Key\&quot;:\&quot;Copyright\&quot;,\&quot;Value\&quot;:{\&quot;PostCondition\&quot;:null,\&quot;PreConditon\&quot;:null,\&quot;MappedContent\&quot;:null,\&quot;MappedContentAlias\&quot;:null,\&quot;FixedContent\&quot;:\&quot;Copyright 2011\&quot;,\&quot;MappedContentDelimeter\&quot;:null,\&quot;AutoGenerate\&quot;:false}},{\&quot;Key\&quot;:\&quot;Id\&quot;,\&quot;Value\&quot;:{\&quot;PostCondition\&quot;:null,\&quot;PreConditon\&quot;:null,\&quot;MappedContent\&quot;:\&quot;UFI\&quot;,\&quot;MappedContentAlias\&quot;:null,\&quot;FixedContent\&quot;:null,\&quot;MappedContentDelimeter\&quot;:null,\&quot;AutoGenerate\&quot;:true}},{\&quot;Key\&quot;:\&quot;LastUpdatedTime\&quot;,\&quot;Value\&quot;:{\&quot;PostCondition\&quot;:null,\&quot;PreConditon\&quot;:null,\&quot;MappedContent\&quot;:null,\&quot;MappedContentAlias\&quot;:null,\&quot;FixedContent\&quot;:null,\&quot;MappedContentDelimeter\&quot;:null,\&quot;AutoGenerate\&quot;:false}},{\&quot;Key\&quot;:\&quot;Links\&quot;,\&quot;Value\&quot;:{\&quot;PostCondition\&quot;:null,\&quot;PreConditon\&quot;:null,\&quot;MappedContent\&quot;:null,\&quot;MappedContentAlias\&quot;:null,\&quot;FixedContent\&quot;:\&quot;http://www.mapbutcher.com\&quot;,\&quot;MappedContentDelimeter\&quot;:null,\&quot;AutoGenerate\&quot;:false}},{\&quot;Key\&quot;:\&quot;PublishDate\&quot;,\&quot;Value\&quot;:{\&quot;PostCondition\&quot;:null,\&quot;PreConditon\&quot;:null,\&quot;MappedContent\&quot;:null,\&quot;MappedContentAlias\&quot;:null,\&quot;FixedContent\&quot;:null,\&quot;MappedContentDelimeter\&quot;:null,\&quot;AutoGenerate\&quot;:true}},{\&quot;Key\&quot;:\&quot;Summary\&quot;,\&quot;Value\&quot;:{\&quot;PostCondition\&quot;:null,\&quot;PreConditon\&quot;:null,\&quot;MappedContent\&quot;:null,\&quot;MappedContentAlias\&quot;:null,\&quot;FixedContent\&quot;:null,\&quot;MappedContentDelimeter\&quot;:null,\&quot;AutoGenerate\&quot;:false}},{\&quot;Key\&quot;:\&quot;Title\&quot;,\&quot;Value\&quot;:{\&quot;PostCondition\&quot;:null,\&quot;PreConditon\&quot;:null,\&quot;MappedContent\&quot;:null,\&quot;MappedContentAlias\&quot;:null,\&quot;FixedContent\&quot;:null,\&quot;MappedContentDelimeter\&quot;:null,\&quot;AutoGenerate\&quot;:false}}]}}&quot;, &quot;georss&quot;, &quot;{}&quot;, 500, &quot;http://www.w3.org/2005/Atom&quot;, &quot;entry&quot;)" testId="3321bbe20b4d2ea" isPrimary="false" isTestCase="true" isDynamic="false">
                        <codeReference assembly="GPX.Server.Extension.Tests, Version=1.0.0.0, Culture=neutral, PublicKeyToken=null" namespace="GPX.Server.Extension.Tests" type="GPX.Server.Extension.Tests.MockServerTest" member="ExportGeoRSS_AtomFormat_Layer" />
                        <codeLocation path="C:\Git\arcgis-exporter-extension\GPX.Server.Extension.Tests\MockServerTest.cs" line="156" />
                        <metadata>
                          <entry key="TestKind">
                            <value>Test</value>
                          </entry>
                          <entry key="Description">
                            <value>Export Lines Simple Atom - test assumes 500 feature limit threshhold set by mock server object</value>
                          </entry>
                        </metadata>
                      </testStep>
                      <children />
                      <result assertCount="0" duration="0.040403999999999995">
                        <outcome status="failed" />
                      </result>
                      <testLog>
                        <streams>
                          <stream name="Failures">
                            <body>
                              <contents>
                                <section name="Set Up">
                                  <contents>
                                    <marker class="Exception">
                                      <contents>
                                        <marker class="ExceptionType">
                                          <contents>
                                            <text><![CDATA[System.ArgumentException]]></text>
                                          </contents>
                                          <attributes />
                                        </marker>
                                        <text><![CDATA[: ]]></text>
                                        <marker class="ExceptionMessage">
                                          <contents>
                                            <text><![CDATA[Can not open file C:\Program Files\ArcGIS\DeveloperKit10.0\Samples\data\California\California.mxd.
The system cannot find the file specified.
Probable cause: The file is inaccessible to Server.]]></text>
                                          </contents>
                                          <attributes />
                                        </marker>
                                        <text><![CDATA[
]]></text>
                                        <marker class="ExceptionPropertyName">
                                          <contents>
                                            <text><![CDATA[HelpLink]]></text>
                                          </contents>
                                          <attributes />
                                        </marker>
                                        <text><![CDATA[: ]]></text>
                                        <marker class="ExceptionPropertyValue">
                                          <contents>
                                            <text><![CDATA["Carto.hlp"]]></text>
                                          </contents>
                                          <attributes />
                                        </marker>
                                        <text><![CDATA[
]]></text>
                                        <marker class="StackTrace">
                                          <contents>
                                            <text><![CDATA[   at ESRI.ArcGIS.Carto.MapServerClass.Connect(String FilePath)
   at GPX.Server.Extension.Tests.MockServerObjectCreator.CreateMockMapServerObject(String mxdFile) in ]]></text>
                                            <marker class="CodeLocation">
                                              <contents>
                                                <text><![CDATA[C:\Git\arcgis-exporter-extension\GPX.Server.Extension.Tests\MockServerObjectCreator.cs:line 71]]></text>
                                              </contents>
                                              <attributes>
                                                <attribute name="line" value="71" />
                                                <attribute name="path" value="C:\Git\arcgis-exporter-extension\GPX.Server.Extension.Tests\MockServerObjectCreator.cs" />
                                              </attributes>
                                            </marker>
                                            <text><![CDATA[
   at GPX.Server.Extension.Tests.MockServerObjectCreator.CreateMockServerObjectHelper(String mxdFile) in ]]></text>
                                            <marker class="CodeLocation">
                                              <contents>
                                                <text><![CDATA[C:\Git\arcgis-exporter-extension\GPX.Server.Extension.Tests\MockServerObjectCreator.cs:line 59]]></text>
                                              </contents>
                                              <attributes>
                                                <attribute name="line" value="59" />
                                                <attribute name="path" value="C:\Git\arcgis-exporter-extension\GPX.Server.Extension.Tests\MockServerObjectCreator.cs" />
                                              </attributes>
                                            </marker>
                                            <text><![CDATA[
   at GPX.Server.Extension.Tests.MockServerTest.TestSetUp() in ]]></text>
                                            <marker class="CodeLocation">
                                              <contents>
                                                <text><![CDATA[C:\Git\arcgis-exporter-extension\GPX.Server.Extension.Tests\MockServerTest.cs:line 38]]></text>
                                              </contents>
                                              <attributes>
                                                <attribute name="line" value="38" />
                                                <attribute name="path" value="C:\Git\arcgis-exporter-extension\GPX.Server.Extension.Tests\MockServerTest.cs" />
                                              </attributes>
                                            </marker>
                                          </contents>
                                          <attributes />
                                        </marker>
                                      </contents>
                                      <attributes />
                                    </marker>
                                  </contents>
                                </section>
                              </contents>
                            </body>
                          </stream>
                        </streams>
                        <attachments />
                      </testLog>
                    </testStepRun>
                  </children>
                  <result assertCount="0" duration="1.0915839">
                    <outcome status="failed" />
                  </result>
                  <testLog>
                    <streams />
                    <attachments />
                  </testLog>
                </testStepRun>
                <testStepRun startTime="2012-03-28T19:57:07.5321072+11:00" endTime="2012-03-28T19:57:07.6422656+11:00">
                  <testStep id="df398921c9fa2a0e" name="ExportGeoRSS_RSSFormat_Layer" fullName="GPX.Server.Extension.Tests/MockServerTest/ExportGeoRSS_RSSFormat_Layer" testId="3329aded5f51c3be" isPrimary="true" isTestCase="false" isDynamic="false">
                    <codeReference assembly="GPX.Server.Extension.Tests, Version=1.0.0.0, Culture=neutral, PublicKeyToken=null" namespace="GPX.Server.Extension.Tests" type="GPX.Server.Extension.Tests.MockServerTest" member="ExportGeoRSS_RSSFormat_Layer" />
                    <codeLocation path="C:\Git\arcgis-exporter-extension\GPX.Server.Extension.Tests\MockServerTest.cs" line="214" />
                    <metadata>
                      <entry key="TestKind">
                        <value>Test</value>
                      </entry>
                    </metadata>
                  </testStep>
                  <children>
                    <testStepRun startTime="2012-03-28T19:57:07.5321072+11:00" endTime="2012-03-28T19:57:07.552136+11:00">
                      <testStep id="a7c4d72da1cc405a" name="ExportGeoRSS_RSSFormat_Layer(&quot;&quot;, &quot;ExportLayers/7&quot;, &quot;ExportLayer&quot;, &quot;{\&quot;filterGeometry\&quot;:null,\&quot;geometryType\&quot;:null,\&quot;where\&quot;:null,\&quot;exportProperties\&quot;:{\&quot;Title\&quot;:\&quot;Californian Rivers\&quot;,\&quot;ID\&quot;:\&quot;Feed Id\&quot;,\&quot;Language\&quot;:\&quot;en-us\&quot;,\&quot;CopyRight\&quot;:\&quot;Copyright 2011\&quot;,\&quot;Generator\&quot;:\&quot;http://www.mapbutcher.com\&quot;,\&quot;Description\&quot;:\&quot;A GeoRSS format of Californian Rivers\&quot;,\&quot;Link\&quot;:{\&quot;BaseUri\&quot;:null,\&quot;Length\&quot;:0,\&quot;MediaType\&quot;:null,\&quot;RelationshipType\&quot;:null,\&quot;Title\&quot;:\&quot;Mapbutcher\&quot;,\&quot;Uri\&quot;:\&quot;http://www.mapbutcher.com\&quot;},\&quot;Author\&quot;:{\&quot;Email\&quot;:\&quot;mapbutcher@mapbutcher.com\&quot;,\&quot;Name\&quot;:\&quot;Simon\&quot;,\&quot;Uri\&quot;:\&quot;http://www.mapbutcher.com\&quot;},\&quot;GeometryFormat\&quot;:\&quot;simple\&quot;,\&quot;GeometryField\&quot;:\&quot;Shape\&quot;,\&quot;FeedFormat\&quot;:\&quot;Rss\&quot;,\&quot;Items\&quot;:[{\&quot;Key\&quot;:\&quot;Author\&quot;,\&quot;Value\&quot;:{\&quot;PostCondition\&quot;:null,\&quot;PreConditon\&quot;:null,\&quot;MappedContent\&quot;:null,\&quot;MappedContentAlias\&quot;:null,\&quot;FixedContent\&quot;:\&quot;Simon Hope\&quot;,\&quot;MappedContentDelimeter\&quot;:null,\&quot;AutoGenerate\&quot;:false}},{\&quot;Key\&quot;:\&quot;Content\&quot;,\&quot;Value\&quot;:{\&quot;PostCondition\&quot;:null,\&quot;PreConditon\&quot;:null,\&quot;MappedContent\&quot;:null,\&quot;MappedContentAlias\&quot;:null,\&quot;FixedContent\&quot;:null,\&quot;MappedContentDelimeter\&quot;:null,\&quot;AutoGenerate\&quot;:false}},{\&quot;Key\&quot;:\&quot;Contributors\&quot;,\&quot;Value\&quot;:{\&quot;PostCondition\&quot;:null,\&quot;PreConditon\&quot;:null,\&quot;MappedContent\&quot;:null,\&quot;MappedContentAlias\&quot;:null,\&quot;FixedContent\&quot;:\&quot;mapbutcher@mapbutcher.com\&quot;,\&quot;MappedContentDelimeter\&quot;:null,\&quot;AutoGenerate\&quot;:false}},{\&quot;Key\&quot;:\&quot;Copyright\&quot;,\&quot;Value\&quot;:{\&quot;PostCondition\&quot;:null,\&quot;PreConditon\&quot;:null,\&quot;MappedContent\&quot;:null,\&quot;MappedContentAlias\&quot;:null,\&quot;FixedContent\&quot;:\&quot;Copyright 2011\&quot;,\&quot;MappedContentDelimeter\&quot;:null,\&quot;AutoGenerate\&quot;:false}},{\&quot;Key\&quot;:\&quot;Id\&quot;,\&quot;Value\&quot;:{\&quot;PostCondition\&quot;:null,\&quot;PreConditon\&quot;:null,\&quot;MappedContent\&quot;:\&quot;UFI\&quot;,\&quot;MappedContentAlias\&quot;:null,\&quot;FixedContent\&quot;:null,\&quot;MappedContentDelimeter\&quot;:null,\&quot;AutoGenerate\&quot;:true}},{\&quot;Key\&quot;:\&quot;LastUpdatedTime\&quot;,\&quot;Value\&quot;:{\&quot;PostCondition\&quot;:null,\&quot;PreConditon\&quot;:null,\&quot;MappedContent\&quot;:null,\&quot;MappedContentAlias\&quot;:null,\&quot;FixedContent\&quot;:null,\&quot;MappedContentDelimeter\&quot;:null,\&quot;AutoGenerate\&quot;:false}},{\&quot;Key\&quot;:\&quot;Links\&quot;,\&quot;Value\&quot;:{\&quot;PostCondition\&quot;:null,\&quot;PreConditon\&quot;:null,\&quot;MappedContent\&quot;:null,\&quot;MappedContentAlias\&quot;:null,\&quot;FixedContent\&quot;:\&quot;http://www.mapbutcher.com\&quot;,\&quot;MappedContentDelimeter\&quot;:null,\&quot;AutoGenerate\&quot;:false}},{\&quot;Key\&quot;:\&quot;PublishDate\&quot;,\&quot;Value\&quot;:{\&quot;PostCondition\&quot;:null,\&quot;PreConditon\&quot;:null,\&quot;MappedContent\&quot;:null,\&quot;MappedContentAlias\&quot;:null,\&quot;FixedContent\&quot;:null,\&quot;MappedContentDelimeter\&quot;:null,\&quot;AutoGenerate\&quot;:true}},{\&quot;Key\&quot;:\&quot;Summary\&quot;,\&quot;Value\&quot;:{\&quot;PostCondition\&quot;:null,\&quot;PreConditon\&quot;:null,\&quot;MappedContent\&quot;:null,\&quot;MappedContentAlias\&quot;:null,\&quot;FixedContent\&quot;:null,\&quot;MappedContentDelimeter\&quot;:null,\&quot;AutoGenerate\&quot;:false}},{\&quot;Key\&quot;:\&quot;Title\&quot;,\&quot;Value\&quot;:{\&quot;PostCondition\&quot;:null,\&quot;PreConditon\&quot;:null,\&quot;MappedContent\&quot;:null,\&quot;MappedContentAlias\&quot;:null,\&quot;FixedContent\&quot;:null,\&quot;MappedContentDelimeter\&quot;:null,\&quot;AutoGenerate\&quot;:false}}]}}&quot;, &quot;georss&quot;, &quot;{}&quot;, 500, &quot;item&quot;)" fullName="GPX.Server.Extension.Tests/MockServerTest/ExportGeoRSS_RSSFormat_Layer/ExportGeoRSS_RSSFormat_Layer(&quot;&quot;, &quot;ExportLayers/7&quot;, &quot;ExportLayer&quot;, &quot;{\&quot;filterGeometry\&quot;:null,\&quot;geometryType\&quot;:null,\&quot;where\&quot;:null,\&quot;exportProperties\&quot;:{\&quot;Title\&quot;:\&quot;Californian Rivers\&quot;,\&quot;ID\&quot;:\&quot;Feed Id\&quot;,\&quot;Language\&quot;:\&quot;en-us\&quot;,\&quot;CopyRight\&quot;:\&quot;Copyright 2011\&quot;,\&quot;Generator\&quot;:\&quot;http://www.mapbutcher.com\&quot;,\&quot;Description\&quot;:\&quot;A GeoRSS format of Californian Rivers\&quot;,\&quot;Link\&quot;:{\&quot;BaseUri\&quot;:null,\&quot;Length\&quot;:0,\&quot;MediaType\&quot;:null,\&quot;RelationshipType\&quot;:null,\&quot;Title\&quot;:\&quot;Mapbutcher\&quot;,\&quot;Uri\&quot;:\&quot;http://www.mapbutcher.com\&quot;},\&quot;Author\&quot;:{\&quot;Email\&quot;:\&quot;mapbutcher@mapbutcher.com\&quot;,\&quot;Name\&quot;:\&quot;Simon\&quot;,\&quot;Uri\&quot;:\&quot;http://www.mapbutcher.com\&quot;},\&quot;GeometryFormat\&quot;:\&quot;simple\&quot;,\&quot;GeometryField\&quot;:\&quot;Shape\&quot;,\&quot;FeedFormat\&quot;:\&quot;Rss\&quot;,\&quot;Items\&quot;:[{\&quot;Key\&quot;:\&quot;Author\&quot;,\&quot;Value\&quot;:{\&quot;PostCondition\&quot;:null,\&quot;PreConditon\&quot;:null,\&quot;MappedContent\&quot;:null,\&quot;MappedContentAlias\&quot;:null,\&quot;FixedContent\&quot;:\&quot;Simon Hope\&quot;,\&quot;MappedContentDelimeter\&quot;:null,\&quot;AutoGenerate\&quot;:false}},{\&quot;Key\&quot;:\&quot;Content\&quot;,\&quot;Value\&quot;:{\&quot;PostCondition\&quot;:null,\&quot;PreConditon\&quot;:null,\&quot;MappedContent\&quot;:null,\&quot;MappedContentAlias\&quot;:null,\&quot;FixedContent\&quot;:null,\&quot;MappedContentDelimeter\&quot;:null,\&quot;AutoGenerate\&quot;:false}},{\&quot;Key\&quot;:\&quot;Contributors\&quot;,\&quot;Value\&quot;:{\&quot;PostCondition\&quot;:null,\&quot;PreConditon\&quot;:null,\&quot;MappedContent\&quot;:null,\&quot;MappedContentAlias\&quot;:null,\&quot;FixedContent\&quot;:\&quot;mapbutcher@mapbutcher.com\&quot;,\&quot;MappedContentDelimeter\&quot;:null,\&quot;AutoGenerate\&quot;:false}},{\&quot;Key\&quot;:\&quot;Copyright\&quot;,\&quot;Value\&quot;:{\&quot;PostCondition\&quot;:null,\&quot;PreConditon\&quot;:null,\&quot;MappedContent\&quot;:null,\&quot;MappedContentAlias\&quot;:null,\&quot;FixedContent\&quot;:\&quot;Copyright 2011\&quot;,\&quot;MappedContentDelimeter\&quot;:null,\&quot;AutoGenerate\&quot;:false}},{\&quot;Key\&quot;:\&quot;Id\&quot;,\&quot;Value\&quot;:{\&quot;PostCondition\&quot;:null,\&quot;PreConditon\&quot;:null,\&quot;MappedContent\&quot;:\&quot;UFI\&quot;,\&quot;MappedContentAlias\&quot;:null,\&quot;FixedContent\&quot;:null,\&quot;MappedContentDelimeter\&quot;:null,\&quot;AutoGenerate\&quot;:true}},{\&quot;Key\&quot;:\&quot;LastUpdatedTime\&quot;,\&quot;Value\&quot;:{\&quot;PostCondition\&quot;:null,\&quot;PreConditon\&quot;:null,\&quot;MappedContent\&quot;:null,\&quot;MappedContentAlias\&quot;:null,\&quot;FixedContent\&quot;:null,\&quot;MappedContentDelimeter\&quot;:null,\&quot;AutoGenerate\&quot;:false}},{\&quot;Key\&quot;:\&quot;Links\&quot;,\&quot;Value\&quot;:{\&quot;PostCondition\&quot;:null,\&quot;PreConditon\&quot;:null,\&quot;MappedContent\&quot;:null,\&quot;MappedContentAlias\&quot;:null,\&quot;FixedContent\&quot;:\&quot;http://www.mapbutcher.com\&quot;,\&quot;MappedContentDelimeter\&quot;:null,\&quot;AutoGenerate\&quot;:false}},{\&quot;Key\&quot;:\&quot;PublishDate\&quot;,\&quot;Value\&quot;:{\&quot;PostCondition\&quot;:null,\&quot;PreConditon\&quot;:null,\&quot;MappedContent\&quot;:null,\&quot;MappedContentAlias\&quot;:null,\&quot;FixedContent\&quot;:null,\&quot;MappedContentDelimeter\&quot;:null,\&quot;AutoGenerate\&quot;:true}},{\&quot;Key\&quot;:\&quot;Summary\&quot;,\&quot;Value\&quot;:{\&quot;PostCondition\&quot;:null,\&quot;PreConditon\&quot;:null,\&quot;MappedContent\&quot;:null,\&quot;MappedContentAlias\&quot;:null,\&quot;FixedContent\&quot;:null,\&quot;MappedContentDelimeter\&quot;:null,\&quot;AutoGenerate\&quot;:false}},{\&quot;Key\&quot;:\&quot;Title\&quot;,\&quot;Value\&quot;:{\&quot;PostCondition\&quot;:null,\&quot;PreConditon\&quot;:null,\&quot;MappedContent\&quot;:null,\&quot;MappedContentAlias\&quot;:null,\&quot;FixedContent\&quot;:null,\&quot;MappedContentDelimeter\&quot;:null,\&quot;AutoGenerate\&quot;:false}}]}}&quot;, &quot;georss&quot;, &quot;{}&quot;, 500, &quot;item&quot;)" testId="3329aded5f51c3be" isPrimary="false" isTestCase="true" isDynamic="false">
                        <codeReference assembly="GPX.Server.Extension.Tests, Version=1.0.0.0, Culture=neutral, PublicKeyToken=null" namespace="GPX.Server.Extension.Tests" type="GPX.Server.Extension.Tests.MockServerTest" member="ExportGeoRSS_RSSFormat_Layer" />
                        <codeLocation path="C:\Git\arcgis-exporter-extension\GPX.Server.Extension.Tests\MockServerTest.cs" line="214" />
                        <metadata>
                          <entry key="TestKind">
                            <value>Test</value>
                          </entry>
                          <entry key="Description">
                            <value>Export Lines Simple Rss - test assumes 500 feature limit threshhold set by mock server object</value>
                          </entry>
                        </metadata>
                      </testStep>
                      <children />
                      <result assertCount="0" duration="0.0087346">
                        <outcome status="failed" />
                      </result>
                      <testLog>
                        <streams>
                          <stream name="Failures">
                            <body>
                              <contents>
                                <section name="Set Up">
                                  <contents>
                                    <marker class="Exception">
                                      <contents>
                                        <marker class="ExceptionType">
                                          <contents>
                                            <text><![CDATA[System.ArgumentException]]></text>
                                          </contents>
                                          <attributes />
                                        </marker>
                                        <text><![CDATA[: ]]></text>
                                        <marker class="ExceptionMessage">
                                          <contents>
                                            <text><![CDATA[Can not open file C:\Program Files\ArcGIS\DeveloperKit10.0\Samples\data\California\California.mxd.
The system cannot find the file specified.
Probable cause: The file is inaccessible to Server.]]></text>
                                          </contents>
                                          <attributes />
                                        </marker>
                                        <text><![CDATA[
]]></text>
                                        <marker class="ExceptionPropertyName">
                                          <contents>
                                            <text><![CDATA[HelpLink]]></text>
                                          </contents>
                                          <attributes />
                                        </marker>
                                        <text><![CDATA[: ]]></text>
                                        <marker class="ExceptionPropertyValue">
                                          <contents>
                                            <text><![CDATA["Carto.hlp"]]></text>
                                          </contents>
                                          <attributes />
                                        </marker>
                                        <text><![CDATA[
]]></text>
                                        <marker class="StackTrace">
                                          <contents>
                                            <text><![CDATA[   at ESRI.ArcGIS.Carto.MapServerClass.Connect(String FilePath)
   at GPX.Server.Extension.Tests.MockServerObjectCreator.CreateMockMapServerObject(String mxdFile) in ]]></text>
                                            <marker class="CodeLocation">
                                              <contents>
                                                <text><![CDATA[C:\Git\arcgis-exporter-extension\GPX.Server.Extension.Tests\MockServerObjectCreator.cs:line 71]]></text>
                                              </contents>
                                              <attributes>
                                                <attribute name="line" value="71" />
                                                <attribute name="path" value="C:\Git\arcgis-exporter-extension\GPX.Server.Extension.Tests\MockServerObjectCreator.cs" />
                                              </attributes>
                                            </marker>
                                            <text><![CDATA[
   at GPX.Server.Extension.Tests.MockServerObjectCreator.CreateMockServerObjectHelper(String mxdFile) in ]]></text>
                                            <marker class="CodeLocation">
                                              <contents>
                                                <text><![CDATA[C:\Git\arcgis-exporter-extension\GPX.Server.Extension.Tests\MockServerObjectCreator.cs:line 59]]></text>
                                              </contents>
                                              <attributes>
                                                <attribute name="line" value="59" />
                                                <attribute name="path" value="C:\Git\arcgis-exporter-extension\GPX.Server.Extension.Tests\MockServerObjectCreator.cs" />
                                              </attributes>
                                            </marker>
                                            <text><![CDATA[
   at GPX.Server.Extension.Tests.MockServerTest.TestSetUp() in ]]></text>
                                            <marker class="CodeLocation">
                                              <contents>
                                                <text><![CDATA[C:\Git\arcgis-exporter-extension\GPX.Server.Extension.Tests\MockServerTest.cs:line 38]]></text>
                                              </contents>
                                              <attributes>
                                                <attribute name="line" value="38" />
                                                <attribute name="path" value="C:\Git\arcgis-exporter-extension\GPX.Server.Extension.Tests\MockServerTest.cs" />
                                              </attributes>
                                            </marker>
                                          </contents>
                                          <attributes />
                                        </marker>
                                      </contents>
                                      <attributes />
                                    </marker>
                                  </contents>
                                </section>
                              </contents>
                            </body>
                          </stream>
                        </streams>
                        <attachments />
                      </testLog>
                    </testStepRun>
                    <testStepRun startTime="2012-03-28T19:57:07.5621504+11:00" endTime="2012-03-28T19:57:07.5921936+11:00">
                      <testStep id="ee6bbd4e5da78048" name="ExportGeoRSS_RSSFormat_Layer(&quot;&quot;, &quot;ExportLayers/7&quot;, &quot;ExportLayer&quot;, &quot;{\&quot;filterGeometry\&quot;:null,\&quot;geometryType\&quot;:null,\&quot;where\&quot;:null,\&quot;exportProperties\&quot;:{\&quot;Title\&quot;:\&quot;Californian Rivers\&quot;,\&quot;ID\&quot;:\&quot;Feed Id\&quot;,\&quot;Language\&quot;:\&quot;en-us\&quot;,\&quot;CopyRight\&quot;:\&quot;Copyright 2011\&quot;,\&quot;Generator\&quot;:\&quot;http://www.mapbutcher.com\&quot;,\&quot;Description\&quot;:\&quot;A GeoRSS format of Californian Rivers\&quot;,\&quot;Link\&quot;:{\&quot;BaseUri\&quot;:null,\&quot;Length\&quot;:0,\&quot;MediaType\&quot;:null,\&quot;RelationshipType\&quot;:null,\&quot;Title\&quot;:\&quot;Mapbutcher\&quot;,\&quot;Uri\&quot;:\&quot;http://www.mapbutcher.com\&quot;},\&quot;Author\&quot;:{\&quot;Email\&quot;:\&quot;mapbutcher@mapbutcher.com\&quot;,\&quot;Name\&quot;:\&quot;Simon\&quot;,\&quot;Uri\&quot;:\&quot;http://www.mapbutcher.com\&quot;},\&quot;GeometryFormat\&quot;:\&quot;GML\&quot;,\&quot;GeometryField\&quot;:\&quot;Shape\&quot;,\&quot;FeedFormat\&quot;:\&quot;Rss\&quot;,\&quot;Items\&quot;:[{\&quot;Key\&quot;:\&quot;Author\&quot;,\&quot;Value\&quot;:{\&quot;PostCondition\&quot;:null,\&quot;PreConditon\&quot;:null,\&quot;MappedContent\&quot;:null,\&quot;MappedContentAlias\&quot;:null,\&quot;FixedContent\&quot;:\&quot;Simon Hope\&quot;,\&quot;MappedContentDelimeter\&quot;:null,\&quot;AutoGenerate\&quot;:false}},{\&quot;Key\&quot;:\&quot;Content\&quot;,\&quot;Value\&quot;:{\&quot;PostCondition\&quot;:null,\&quot;PreConditon\&quot;:null,\&quot;MappedContent\&quot;:null,\&quot;MappedContentAlias\&quot;:null,\&quot;FixedContent\&quot;:null,\&quot;MappedContentDelimeter\&quot;:null,\&quot;AutoGenerate\&quot;:false}},{\&quot;Key\&quot;:\&quot;Contributors\&quot;,\&quot;Value\&quot;:{\&quot;PostCondition\&quot;:null,\&quot;PreConditon\&quot;:null,\&quot;MappedContent\&quot;:null,\&quot;MappedContentAlias\&quot;:null,\&quot;FixedContent\&quot;:\&quot;mapbutcher@mapbutcher.com\&quot;,\&quot;MappedContentDelimeter\&quot;:null,\&quot;AutoGenerate\&quot;:false}},{\&quot;Key\&quot;:\&quot;Copyright\&quot;,\&quot;Value\&quot;:{\&quot;PostCondition\&quot;:null,\&quot;PreConditon\&quot;:null,\&quot;MappedContent\&quot;:null,\&quot;MappedContentAlias\&quot;:null,\&quot;FixedContent\&quot;:\&quot;Copyright 2011\&quot;,\&quot;MappedContentDelimeter\&quot;:null,\&quot;AutoGenerate\&quot;:false}},{\&quot;Key\&quot;:\&quot;Id\&quot;,\&quot;Value\&quot;:{\&quot;PostCondition\&quot;:null,\&quot;PreConditon\&quot;:null,\&quot;MappedContent\&quot;:\&quot;UFI\&quot;,\&quot;MappedContentAlias\&quot;:null,\&quot;FixedContent\&quot;:null,\&quot;MappedContentDelimeter\&quot;:null,\&quot;AutoGenerate\&quot;:true}},{\&quot;Key\&quot;:\&quot;LastUpdatedTime\&quot;,\&quot;Value\&quot;:{\&quot;PostCondition\&quot;:null,\&quot;PreConditon\&quot;:null,\&quot;MappedContent\&quot;:null,\&quot;MappedContentAlias\&quot;:null,\&quot;FixedContent\&quot;:null,\&quot;MappedContentDelimeter\&quot;:null,\&quot;AutoGenerate\&quot;:false}},{\&quot;Key\&quot;:\&quot;Links\&quot;,\&quot;Value\&quot;:{\&quot;PostCondition\&quot;:null,\&quot;PreConditon\&quot;:null,\&quot;MappedContent\&quot;:null,\&quot;MappedContentAlias\&quot;:null,\&quot;FixedContent\&quot;:\&quot;http://www.mapbutcher.com\&quot;,\&quot;MappedContentDelimeter\&quot;:null,\&quot;AutoGenerate\&quot;:false}},{\&quot;Key\&quot;:\&quot;PublishDate\&quot;,\&quot;Value\&quot;:{\&quot;PostCondition\&quot;:null,\&quot;PreConditon\&quot;:null,\&quot;MappedContent\&quot;:null,\&quot;MappedContentAlias\&quot;:null,\&quot;FixedContent\&quot;:null,\&quot;MappedContentDelimeter\&quot;:null,\&quot;AutoGenerate\&quot;:true}},{\&quot;Key\&quot;:\&quot;Summary\&quot;,\&quot;Value\&quot;:{\&quot;PostCondition\&quot;:null,\&quot;PreConditon\&quot;:null,\&quot;MappedContent\&quot;:null,\&quot;MappedContentAlias\&quot;:null,\&quot;FixedContent\&quot;:null,\&quot;MappedContentDelimeter\&quot;:null,\&quot;AutoGenerate\&quot;:false}},{\&quot;Key\&quot;:\&quot;Title\&quot;,\&quot;Value\&quot;:{\&quot;PostCondition\&quot;:null,\&quot;PreConditon\&quot;:null,\&quot;MappedContent\&quot;:null,\&quot;MappedContentAlias\&quot;:null,\&quot;FixedContent\&quot;:null,\&quot;MappedContentDelimeter\&quot;:null,\&quot;AutoGenerate\&quot;:false}}]}}&quot;, &quot;georss&quot;, &quot;{}&quot;, 500, &quot;item&quot;)" fullName="GPX.Server.Extension.Tests/MockServerTest/ExportGeoRSS_RSSFormat_Layer/ExportGeoRSS_RSSFormat_Layer(&quot;&quot;, &quot;ExportLayers/7&quot;, &quot;ExportLayer&quot;, &quot;{\&quot;filterGeometry\&quot;:null,\&quot;geometryType\&quot;:null,\&quot;where\&quot;:null,\&quot;exportProperties\&quot;:{\&quot;Title\&quot;:\&quot;Californian Rivers\&quot;,\&quot;ID\&quot;:\&quot;Feed Id\&quot;,\&quot;Language\&quot;:\&quot;en-us\&quot;,\&quot;CopyRight\&quot;:\&quot;Copyright 2011\&quot;,\&quot;Generator\&quot;:\&quot;http://www.mapbutcher.com\&quot;,\&quot;Description\&quot;:\&quot;A GeoRSS format of Californian Rivers\&quot;,\&quot;Link\&quot;:{\&quot;BaseUri\&quot;:null,\&quot;Length\&quot;:0,\&quot;MediaType\&quot;:null,\&quot;RelationshipType\&quot;:null,\&quot;Title\&quot;:\&quot;Mapbutcher\&quot;,\&quot;Uri\&quot;:\&quot;http://www.mapbutcher.com\&quot;},\&quot;Author\&quot;:{\&quot;Email\&quot;:\&quot;mapbutcher@mapbutcher.com\&quot;,\&quot;Name\&quot;:\&quot;Simon\&quot;,\&quot;Uri\&quot;:\&quot;http://www.mapbutcher.com\&quot;},\&quot;GeometryFormat\&quot;:\&quot;GML\&quot;,\&quot;GeometryField\&quot;:\&quot;Shape\&quot;,\&quot;FeedFormat\&quot;:\&quot;Rss\&quot;,\&quot;Items\&quot;:[{\&quot;Key\&quot;:\&quot;Author\&quot;,\&quot;Value\&quot;:{\&quot;PostCondition\&quot;:null,\&quot;PreConditon\&quot;:null,\&quot;MappedContent\&quot;:null,\&quot;MappedContentAlias\&quot;:null,\&quot;FixedContent\&quot;:\&quot;Simon Hope\&quot;,\&quot;MappedContentDelimeter\&quot;:null,\&quot;AutoGenerate\&quot;:false}},{\&quot;Key\&quot;:\&quot;Content\&quot;,\&quot;Value\&quot;:{\&quot;PostCondition\&quot;:null,\&quot;PreConditon\&quot;:null,\&quot;MappedContent\&quot;:null,\&quot;MappedContentAlias\&quot;:null,\&quot;FixedContent\&quot;:null,\&quot;MappedContentDelimeter\&quot;:null,\&quot;AutoGenerate\&quot;:false}},{\&quot;Key\&quot;:\&quot;Contributors\&quot;,\&quot;Value\&quot;:{\&quot;PostCondition\&quot;:null,\&quot;PreConditon\&quot;:null,\&quot;MappedContent\&quot;:null,\&quot;MappedContentAlias\&quot;:null,\&quot;FixedContent\&quot;:\&quot;mapbutcher@mapbutcher.com\&quot;,\&quot;MappedContentDelimeter\&quot;:null,\&quot;AutoGenerate\&quot;:false}},{\&quot;Key\&quot;:\&quot;Copyright\&quot;,\&quot;Value\&quot;:{\&quot;PostCondition\&quot;:null,\&quot;PreConditon\&quot;:null,\&quot;MappedContent\&quot;:null,\&quot;MappedContentAlias\&quot;:null,\&quot;FixedContent\&quot;:\&quot;Copyright 2011\&quot;,\&quot;MappedContentDelimeter\&quot;:null,\&quot;AutoGenerate\&quot;:false}},{\&quot;Key\&quot;:\&quot;Id\&quot;,\&quot;Value\&quot;:{\&quot;PostCondition\&quot;:null,\&quot;PreConditon\&quot;:null,\&quot;MappedContent\&quot;:\&quot;UFI\&quot;,\&quot;MappedContentAlias\&quot;:null,\&quot;FixedContent\&quot;:null,\&quot;MappedContentDelimeter\&quot;:null,\&quot;AutoGenerate\&quot;:true}},{\&quot;Key\&quot;:\&quot;LastUpdatedTime\&quot;,\&quot;Value\&quot;:{\&quot;PostCondition\&quot;:null,\&quot;PreConditon\&quot;:null,\&quot;MappedContent\&quot;:null,\&quot;MappedContentAlias\&quot;:null,\&quot;FixedContent\&quot;:null,\&quot;MappedContentDelimeter\&quot;:null,\&quot;AutoGenerate\&quot;:false}},{\&quot;Key\&quot;:\&quot;Links\&quot;,\&quot;Value\&quot;:{\&quot;PostCondition\&quot;:null,\&quot;PreConditon\&quot;:null,\&quot;MappedContent\&quot;:null,\&quot;MappedContentAlias\&quot;:null,\&quot;FixedContent\&quot;:\&quot;http://www.mapbutcher.com\&quot;,\&quot;MappedContentDelimeter\&quot;:null,\&quot;AutoGenerate\&quot;:false}},{\&quot;Key\&quot;:\&quot;PublishDate\&quot;,\&quot;Value\&quot;:{\&quot;PostCondition\&quot;:null,\&quot;PreConditon\&quot;:null,\&quot;MappedContent\&quot;:null,\&quot;MappedContentAlias\&quot;:null,\&quot;FixedContent\&quot;:null,\&quot;MappedContentDelimeter\&quot;:null,\&quot;AutoGenerate\&quot;:true}},{\&quot;Key\&quot;:\&quot;Summary\&quot;,\&quot;Value\&quot;:{\&quot;PostCondition\&quot;:null,\&quot;PreConditon\&quot;:null,\&quot;MappedContent\&quot;:null,\&quot;MappedContentAlias\&quot;:null,\&quot;FixedContent\&quot;:null,\&quot;MappedContentDelimeter\&quot;:null,\&quot;AutoGenerate\&quot;:false}},{\&quot;Key\&quot;:\&quot;Title\&quot;,\&quot;Value\&quot;:{\&quot;PostCondition\&quot;:null,\&quot;PreConditon\&quot;:null,\&quot;MappedContent\&quot;:null,\&quot;MappedContentAlias\&quot;:null,\&quot;FixedContent\&quot;:null,\&quot;MappedContentDelimeter\&quot;:null,\&quot;AutoGenerate\&quot;:false}}]}}&quot;, &quot;georss&quot;, &quot;{}&quot;, 500, &quot;item&quot;)" testId="3329aded5f51c3be" isPrimary="false" isTestCase="true" isDynamic="false">
                        <codeReference assembly="GPX.Server.Extension.Tests, Version=1.0.0.0, Culture=neutral, PublicKeyToken=null" namespace="GPX.Server.Extension.Tests" type="GPX.Server.Extension.Tests.MockServerTest" member="ExportGeoRSS_RSSFormat_Layer" />
                        <codeLocation path="C:\Git\arcgis-exporter-extension\GPX.Server.Extension.Tests\MockServerTest.cs" line="214" />
                        <metadata>
                          <entry key="TestKind">
                            <value>Test</value>
                          </entry>
                          <entry key="Description">
                            <value>Export Lines GML Rss - test assumes 500 feature limit threshhold set by mock server object</value>
                          </entry>
                        </metadata>
                      </testStep>
                      <children />
                      <result assertCount="0" duration="0.0107678">
                        <outcome status="failed" />
                      </result>
                      <testLog>
                        <streams>
                          <stream name="Failures">
                            <body>
                              <contents>
                                <section name="Set Up">
                                  <contents>
                                    <marker class="Exception">
                                      <contents>
                                        <marker class="ExceptionType">
                                          <contents>
                                            <text><![CDATA[System.ArgumentException]]></text>
                                          </contents>
                                          <attributes />
                                        </marker>
                                        <text><![CDATA[: ]]></text>
                                        <marker class="ExceptionMessage">
                                          <contents>
                                            <text><![CDATA[Can not open file C:\Program Files\ArcGIS\DeveloperKit10.0\Samples\data\California\California.mxd.
The system cannot find the file specified.
Probable cause: The file is inaccessible to Server.]]></text>
                                          </contents>
                                          <attributes />
                                        </marker>
                                        <text><![CDATA[
]]></text>
                                        <marker class="ExceptionPropertyName">
                                          <contents>
                                            <text><![CDATA[HelpLink]]></text>
                                          </contents>
                                          <attributes />
                                        </marker>
                                        <text><![CDATA[: ]]></text>
                                        <marker class="ExceptionPropertyValue">
                                          <contents>
                                            <text><![CDATA["Carto.hlp"]]></text>
                                          </contents>
                                          <attributes />
                                        </marker>
                                        <text><![CDATA[
]]></text>
                                        <marker class="StackTrace">
                                          <contents>
                                            <text><![CDATA[   at ESRI.ArcGIS.Carto.MapServerClass.Connect(String FilePath)
   at GPX.Server.Extension.Tests.MockServerObjectCreator.CreateMockMapServerObject(String mxdFile) in ]]></text>
                                            <marker class="CodeLocation">
                                              <contents>
                                                <text><![CDATA[C:\Git\arcgis-exporter-extension\GPX.Server.Extension.Tests\MockServerObjectCreator.cs:line 71]]></text>
                                              </contents>
                                              <attributes>
                                                <attribute name="line" value="71" />
                                                <attribute name="path" value="C:\Git\arcgis-exporter-extension\GPX.Server.Extension.Tests\MockServerObjectCreator.cs" />
                                              </attributes>
                                            </marker>
                                            <text><![CDATA[
   at GPX.Server.Extension.Tests.MockServerObjectCreator.CreateMockServerObjectHelper(String mxdFile) in ]]></text>
                                            <marker class="CodeLocation">
                                              <contents>
                                                <text><![CDATA[C:\Git\arcgis-exporter-extension\GPX.Server.Extension.Tests\MockServerObjectCreator.cs:line 59]]></text>
                                              </contents>
                                              <attributes>
                                                <attribute name="line" value="59" />
                                                <attribute name="path" value="C:\Git\arcgis-exporter-extension\GPX.Server.Extension.Tests\MockServerObjectCreator.cs" />
                                              </attributes>
                                            </marker>
                                            <text><![CDATA[
   at GPX.Server.Extension.Tests.MockServerTest.TestSetUp() in ]]></text>
                                            <marker class="CodeLocation">
                                              <contents>
                                                <text><![CDATA[C:\Git\arcgis-exporter-extension\GPX.Server.Extension.Tests\MockServerTest.cs:line 38]]></text>
                                              </contents>
                                              <attributes>
                                                <attribute name="line" value="38" />
                                                <attribute name="path" value="C:\Git\arcgis-exporter-extension\GPX.Server.Extension.Tests\MockServerTest.cs" />
                                              </attributes>
                                            </marker>
                                          </contents>
                                          <attributes />
                                        </marker>
                                      </contents>
                                      <attributes />
                                    </marker>
                                  </contents>
                                </section>
                              </contents>
                            </body>
                          </stream>
                        </streams>
                        <attachments />
                      </testLog>
                    </testStepRun>
                    <testStepRun startTime="2012-03-28T19:57:07.5921936+11:00" endTime="2012-03-28T19:57:07.6122224+11:00">
                      <testStep id="f4ba6334be4f3bac" name="ExportGeoRSS_RSSFormat_Layer(&quot;&quot;, &quot;ExportLayers/2&quot;, &quot;ExportLayer&quot;, &quot;{\&quot;filterGeometry\&quot;:null,\&quot;geometryType\&quot;:null,\&quot;where\&quot;:null,\&quot;exportProperties\&quot;:{\&quot;Title\&quot;:\&quot;Californian EarthQuakes\&quot;,\&quot;ID\&quot;:\&quot;Feed Id\&quot;,\&quot;Language\&quot;:\&quot;en-us\&quot;,\&quot;CopyRight\&quot;:\&quot;Copyright 2011\&quot;,\&quot;Generator\&quot;:\&quot;http://www.mapbutcher.com\&quot;,\&quot;Description\&quot;:\&quot;A GeoRSS format of Californian EarthQuakes\&quot;,\&quot;Link\&quot;:{\&quot;BaseUri\&quot;:null,\&quot;Length\&quot;:0,\&quot;MediaType\&quot;:null,\&quot;RelationshipType\&quot;:null,\&quot;Title\&quot;:\&quot;Mapbutcher\&quot;,\&quot;Uri\&quot;:\&quot;http://www.mapbutcher.com\&quot;},\&quot;Author\&quot;:{\&quot;Email\&quot;:\&quot;mapbutcher@mapbutcher.com\&quot;,\&quot;Name\&quot;:\&quot;Simon\&quot;,\&quot;Uri\&quot;:\&quot;http://www.mapbutcher.com\&quot;},\&quot;GeometryFormat\&quot;:\&quot;simple\&quot;,\&quot;GeometryField\&quot;:\&quot;Shape\&quot;,\&quot;FeedFormat\&quot;:\&quot;Rss\&quot;,\&quot;Items\&quot;:[{\&quot;Key\&quot;:\&quot;Author\&quot;,\&quot;Value\&quot;:{\&quot;PostCondition\&quot;:null,\&quot;PreConditon\&quot;:null,\&quot;MappedContent\&quot;:null,\&quot;MappedContentAlias\&quot;:null,\&quot;FixedContent\&quot;:\&quot;Simon Hope\&quot;,\&quot;MappedContentDelimeter\&quot;:null,\&quot;AutoGenerate\&quot;:false}},{\&quot;Key\&quot;:\&quot;Content\&quot;,\&quot;Value\&quot;:{\&quot;PostCondition\&quot;:null,\&quot;PreConditon\&quot;:null,\&quot;MappedContent\&quot;:null,\&quot;MappedContentAlias\&quot;:null,\&quot;FixedContent\&quot;:null,\&quot;MappedContentDelimeter\&quot;:null,\&quot;AutoGenerate\&quot;:false}},{\&quot;Key\&quot;:\&quot;Contributors\&quot;,\&quot;Value\&quot;:{\&quot;PostCondition\&quot;:null,\&quot;PreConditon\&quot;:null,\&quot;MappedContent\&quot;:null,\&quot;MappedContentAlias\&quot;:null,\&quot;FixedContent\&quot;:\&quot;mapbutcher@mapbutcher.com\&quot;,\&quot;MappedContentDelimeter\&quot;:null,\&quot;AutoGenerate\&quot;:false}},{\&quot;Key\&quot;:\&quot;Copyright\&quot;,\&quot;Value\&quot;:{\&quot;PostCondition\&quot;:null,\&quot;PreConditon\&quot;:null,\&quot;MappedContent\&quot;:null,\&quot;MappedContentAlias\&quot;:null,\&quot;FixedContent\&quot;:\&quot;Copyright 2011\&quot;,\&quot;MappedContentDelimeter\&quot;:null,\&quot;AutoGenerate\&quot;:false}},{\&quot;Key\&quot;:\&quot;Id\&quot;,\&quot;Value\&quot;:{\&quot;PostCondition\&quot;:null,\&quot;PreConditon\&quot;:null,\&quot;MappedContent\&quot;:\&quot;UFI\&quot;,\&quot;MappedContentAlias\&quot;:null,\&quot;FixedContent\&quot;:null,\&quot;MappedContentDelimeter\&quot;:null,\&quot;AutoGenerate\&quot;:true}},{\&quot;Key\&quot;:\&quot;LastUpdatedTime\&quot;,\&quot;Value\&quot;:{\&quot;PostCondition\&quot;:null,\&quot;PreConditon\&quot;:null,\&quot;MappedContent\&quot;:null,\&quot;MappedContentAlias\&quot;:null,\&quot;FixedContent\&quot;:null,\&quot;MappedContentDelimeter\&quot;:null,\&quot;AutoGenerate\&quot;:false}},{\&quot;Key\&quot;:\&quot;Links\&quot;,\&quot;Value\&quot;:{\&quot;PostCondition\&quot;:null,\&quot;PreConditon\&quot;:null,\&quot;MappedContent\&quot;:null,\&quot;MappedContentAlias\&quot;:null,\&quot;FixedContent\&quot;:\&quot;http://www.mapbutcher.com\&quot;,\&quot;MappedContentDelimeter\&quot;:null,\&quot;AutoGenerate\&quot;:false}},{\&quot;Key\&quot;:\&quot;PublishDate\&quot;,\&quot;Value\&quot;:{\&quot;PostCondition\&quot;:null,\&quot;PreConditon\&quot;:null,\&quot;MappedContent\&quot;:null,\&quot;MappedContentAlias\&quot;:null,\&quot;FixedContent\&quot;:null,\&quot;MappedContentDelimeter\&quot;:null,\&quot;AutoGenerate\&quot;:true}},{\&quot;Key\&quot;:\&quot;Summary\&quot;,\&quot;Value\&quot;:{\&quot;PostCondition\&quot;:null,\&quot;PreConditon\&quot;:null,\&quot;MappedContent\&quot;:null,\&quot;MappedContentAlias\&quot;:null,\&quot;FixedContent\&quot;:null,\&quot;MappedContentDelimeter\&quot;:null,\&quot;AutoGenerate\&quot;:false}},{\&quot;Key\&quot;:\&quot;Title\&quot;,\&quot;Value\&quot;:{\&quot;PostCondition\&quot;:null,\&quot;PreConditon\&quot;:null,\&quot;MappedContent\&quot;:null,\&quot;MappedContentAlias\&quot;:null,\&quot;FixedContent\&quot;:null,\&quot;MappedContentDelimeter\&quot;:null,\&quot;AutoGenerate\&quot;:false}}]}}&quot;, &quot;georss&quot;, &quot;{}&quot;, 221, &quot;item&quot;)" fullName="GPX.Server.Extension.Tests/MockServerTest/ExportGeoRSS_RSSFormat_Layer/ExportGeoRSS_RSSFormat_Layer(&quot;&quot;, &quot;ExportLayers/2&quot;, &quot;ExportLayer&quot;, &quot;{\&quot;filterGeometry\&quot;:null,\&quot;geometryType\&quot;:null,\&quot;where\&quot;:null,\&quot;exportProperties\&quot;:{\&quot;Title\&quot;:\&quot;Californian EarthQuakes\&quot;,\&quot;ID\&quot;:\&quot;Feed Id\&quot;,\&quot;Language\&quot;:\&quot;en-us\&quot;,\&quot;CopyRight\&quot;:\&quot;Copyright 2011\&quot;,\&quot;Generator\&quot;:\&quot;http://www.mapbutcher.com\&quot;,\&quot;Description\&quot;:\&quot;A GeoRSS format of Californian EarthQuakes\&quot;,\&quot;Link\&quot;:{\&quot;BaseUri\&quot;:null,\&quot;Length\&quot;:0,\&quot;MediaType\&quot;:null,\&quot;RelationshipType\&quot;:null,\&quot;Title\&quot;:\&quot;Mapbutcher\&quot;,\&quot;Uri\&quot;:\&quot;http://www.mapbutcher.com\&quot;},\&quot;Author\&quot;:{\&quot;Email\&quot;:\&quot;mapbutcher@mapbutcher.com\&quot;,\&quot;Name\&quot;:\&quot;Simon\&quot;,\&quot;Uri\&quot;:\&quot;http://www.mapbutcher.com\&quot;},\&quot;GeometryFormat\&quot;:\&quot;simple\&quot;,\&quot;GeometryField\&quot;:\&quot;Shape\&quot;,\&quot;FeedFormat\&quot;:\&quot;Rss\&quot;,\&quot;Items\&quot;:[{\&quot;Key\&quot;:\&quot;Author\&quot;,\&quot;Value\&quot;:{\&quot;PostCondition\&quot;:null,\&quot;PreConditon\&quot;:null,\&quot;MappedContent\&quot;:null,\&quot;MappedContentAlias\&quot;:null,\&quot;FixedContent\&quot;:\&quot;Simon Hope\&quot;,\&quot;MappedContentDelimeter\&quot;:null,\&quot;AutoGenerate\&quot;:false}},{\&quot;Key\&quot;:\&quot;Content\&quot;,\&quot;Value\&quot;:{\&quot;PostCondition\&quot;:null,\&quot;PreConditon\&quot;:null,\&quot;MappedContent\&quot;:null,\&quot;MappedContentAlias\&quot;:null,\&quot;FixedContent\&quot;:null,\&quot;MappedContentDelimeter\&quot;:null,\&quot;AutoGenerate\&quot;:false}},{\&quot;Key\&quot;:\&quot;Contributors\&quot;,\&quot;Value\&quot;:{\&quot;PostCondition\&quot;:null,\&quot;PreConditon\&quot;:null,\&quot;MappedContent\&quot;:null,\&quot;MappedContentAlias\&quot;:null,\&quot;FixedContent\&quot;:\&quot;mapbutcher@mapbutcher.com\&quot;,\&quot;MappedContentDelimeter\&quot;:null,\&quot;AutoGenerate\&quot;:false}},{\&quot;Key\&quot;:\&quot;Copyright\&quot;,\&quot;Value\&quot;:{\&quot;PostCondition\&quot;:null,\&quot;PreConditon\&quot;:null,\&quot;MappedContent\&quot;:null,\&quot;MappedContentAlias\&quot;:null,\&quot;FixedContent\&quot;:\&quot;Copyright 2011\&quot;,\&quot;MappedContentDelimeter\&quot;:null,\&quot;AutoGenerate\&quot;:false}},{\&quot;Key\&quot;:\&quot;Id\&quot;,\&quot;Value\&quot;:{\&quot;PostCondition\&quot;:null,\&quot;PreConditon\&quot;:null,\&quot;MappedContent\&quot;:\&quot;UFI\&quot;,\&quot;MappedContentAlias\&quot;:null,\&quot;FixedContent\&quot;:null,\&quot;MappedContentDelimeter\&quot;:null,\&quot;AutoGenerate\&quot;:true}},{\&quot;Key\&quot;:\&quot;LastUpdatedTime\&quot;,\&quot;Value\&quot;:{\&quot;PostCondition\&quot;:null,\&quot;PreConditon\&quot;:null,\&quot;MappedContent\&quot;:null,\&quot;MappedContentAlias\&quot;:null,\&quot;FixedContent\&quot;:null,\&quot;MappedContentDelimeter\&quot;:null,\&quot;AutoGenerate\&quot;:false}},{\&quot;Key\&quot;:\&quot;Links\&quot;,\&quot;Value\&quot;:{\&quot;PostCondition\&quot;:null,\&quot;PreConditon\&quot;:null,\&quot;MappedContent\&quot;:null,\&quot;MappedContentAlias\&quot;:null,\&quot;FixedContent\&quot;:\&quot;http://www.mapbutcher.com\&quot;,\&quot;MappedContentDelimeter\&quot;:null,\&quot;AutoGenerate\&quot;:false}},{\&quot;Key\&quot;:\&quot;PublishDate\&quot;,\&quot;Value\&quot;:{\&quot;PostCondition\&quot;:null,\&quot;PreConditon\&quot;:null,\&quot;MappedContent\&quot;:null,\&quot;MappedContentAlias\&quot;:null,\&quot;FixedContent\&quot;:null,\&quot;MappedContentDelimeter\&quot;:null,\&quot;AutoGenerate\&quot;:true}},{\&quot;Key\&quot;:\&quot;Summary\&quot;,\&quot;Value\&quot;:{\&quot;PostCondition\&quot;:null,\&quot;PreConditon\&quot;:null,\&quot;MappedContent\&quot;:null,\&quot;MappedContentAlias\&quot;:null,\&quot;FixedContent\&quot;:null,\&quot;MappedContentDelimeter\&quot;:null,\&quot;AutoGenerate\&quot;:false}},{\&quot;Key\&quot;:\&quot;Title\&quot;,\&quot;Value\&quot;:{\&quot;PostCondition\&quot;:null,\&quot;PreConditon\&quot;:null,\&quot;MappedContent\&quot;:null,\&quot;MappedContentAlias\&quot;:null,\&quot;FixedContent\&quot;:null,\&quot;MappedContentDelimeter\&quot;:null,\&quot;AutoGenerate\&quot;:false}}]}}&quot;, &quot;georss&quot;, &quot;{}&quot;, 221, &quot;item&quot;)" testId="3329aded5f51c3be" isPrimary="false" isTestCase="true" isDynamic="false">
                        <codeReference assembly="GPX.Server.Extension.Tests, Version=1.0.0.0, Culture=neutral, PublicKeyToken=null" namespace="GPX.Server.Extension.Tests" type="GPX.Server.Extension.Tests.MockServerTest" member="ExportGeoRSS_RSSFormat_Layer" />
                        <codeLocation path="C:\Git\arcgis-exporter-extension\GPX.Server.Extension.Tests\MockServerTest.cs" line="214" />
                        <metadata>
                          <entry key="TestKind">
                            <value>Test</value>
                          </entry>
                          <entry key="Description">
                            <value>Export Points Simple RSS</value>
                          </entry>
                        </metadata>
                      </testStep>
                      <children />
                      <result assertCount="0" duration="0.0307628">
                        <outcome status="failed" />
                      </result>
                      <testLog>
                        <streams>
                          <stream name="Failures">
                            <body>
                              <contents>
                                <section name="Set Up">
                                  <contents>
                                    <marker class="Exception">
                                      <contents>
                                        <marker class="ExceptionType">
                                          <contents>
                                            <text><![CDATA[System.ArgumentException]]></text>
                                          </contents>
                                          <attributes />
                                        </marker>
                                        <text><![CDATA[: ]]></text>
                                        <marker class="ExceptionMessage">
                                          <contents>
                                            <text><![CDATA[Can not open file C:\Program Files\ArcGIS\DeveloperKit10.0\Samples\data\California\California.mxd.
The system cannot find the file specified.
Probable cause: The file is inaccessible to Server.]]></text>
                                          </contents>
                                          <attributes />
                                        </marker>
                                        <text><![CDATA[
]]></text>
                                        <marker class="ExceptionPropertyName">
                                          <contents>
                                            <text><![CDATA[HelpLink]]></text>
                                          </contents>
                                          <attributes />
                                        </marker>
                                        <text><![CDATA[: ]]></text>
                                        <marker class="ExceptionPropertyValue">
                                          <contents>
                                            <text><![CDATA["Carto.hlp"]]></text>
                                          </contents>
                                          <attributes />
                                        </marker>
                                        <text><![CDATA[
]]></text>
                                        <marker class="StackTrace">
                                          <contents>
                                            <text><![CDATA[   at ESRI.ArcGIS.Carto.MapServerClass.Connect(String FilePath)
   at GPX.Server.Extension.Tests.MockServerObjectCreator.CreateMockMapServerObject(String mxdFile) in ]]></text>
                                            <marker class="CodeLocation">
                                              <contents>
                                                <text><![CDATA[C:\Git\arcgis-exporter-extension\GPX.Server.Extension.Tests\MockServerObjectCreator.cs:line 71]]></text>
                                              </contents>
                                              <attributes>
                                                <attribute name="line" value="71" />
                                                <attribute name="path" value="C:\Git\arcgis-exporter-extension\GPX.Server.Extension.Tests\MockServerObjectCreator.cs" />
                                              </attributes>
                                            </marker>
                                            <text><![CDATA[
   at GPX.Server.Extension.Tests.MockServerObjectCreator.CreateMockServerObjectHelper(String mxdFile) in ]]></text>
                                            <marker class="CodeLocation">
                                              <contents>
                                                <text><![CDATA[C:\Git\arcgis-exporter-extension\GPX.Server.Extension.Tests\MockServerObjectCreator.cs:line 59]]></text>
                                              </contents>
                                              <attributes>
                                                <attribute name="line" value="59" />
                                                <attribute name="path" value="C:\Git\arcgis-exporter-extension\GPX.Server.Extension.Tests\MockServerObjectCreator.cs" />
                                              </attributes>
                                            </marker>
                                            <text><![CDATA[
   at GPX.Server.Extension.Tests.MockServerTest.TestSetUp() in ]]></text>
                                            <marker class="CodeLocation">
                                              <contents>
                                                <text><![CDATA[C:\Git\arcgis-exporter-extension\GPX.Server.Extension.Tests\MockServerTest.cs:line 38]]></text>
                                              </contents>
                                              <attributes>
                                                <attribute name="line" value="38" />
                                                <attribute name="path" value="C:\Git\arcgis-exporter-extension\GPX.Server.Extension.Tests\MockServerTest.cs" />
                                              </attributes>
                                            </marker>
                                          </contents>
                                          <attributes />
                                        </marker>
                                      </contents>
                                      <attributes />
                                    </marker>
                                  </contents>
                                </section>
                              </contents>
                            </body>
                          </stream>
                        </streams>
                        <attachments />
                      </testLog>
                    </testStepRun>
                    <testStepRun startTime="2012-03-28T19:57:07.6122224+11:00" endTime="2012-03-28T19:57:07.6422656+11:00">
                      <testStep id="c22e66a2a0dcb483" name="ExportGeoRSS_RSSFormat_Layer(&quot;&quot;, &quot;ExportLayers/2&quot;, &quot;ExportLayer&quot;, &quot;{\&quot;filterGeometry\&quot;:null,\&quot;geometryType\&quot;:null,\&quot;where\&quot;:null,\&quot;exportProperties\&quot;:{\&quot;Title\&quot;:\&quot;Californian EarthQuakes\&quot;,\&quot;ID\&quot;:\&quot;Feed Id\&quot;,\&quot;Language\&quot;:\&quot;en-us\&quot;,\&quot;CopyRight\&quot;:\&quot;Copyright 2011\&quot;,\&quot;Generator\&quot;:\&quot;http://www.mapbutcher.com\&quot;,\&quot;Description\&quot;:\&quot;A GeoRSS format of Californian EarthQuakes\&quot;,\&quot;Link\&quot;:{\&quot;BaseUri\&quot;:null,\&quot;Length\&quot;:0,\&quot;MediaType\&quot;:null,\&quot;RelationshipType\&quot;:null,\&quot;Title\&quot;:\&quot;Mapbutcher\&quot;,\&quot;Uri\&quot;:\&quot;http://www.mapbutcher.com\&quot;},\&quot;Author\&quot;:{\&quot;Email\&quot;:\&quot;mapbutcher@mapbutcher.com\&quot;,\&quot;Name\&quot;:\&quot;Simon\&quot;,\&quot;Uri\&quot;:\&quot;http://www.mapbutcher.com\&quot;},\&quot;GeometryFormat\&quot;:\&quot;GML\&quot;,\&quot;GeometryField\&quot;:\&quot;Shape\&quot;,\&quot;FeedFormat\&quot;:\&quot;Rss\&quot;,\&quot;Items\&quot;:[{\&quot;Key\&quot;:\&quot;Author\&quot;,\&quot;Value\&quot;:{\&quot;PostCondition\&quot;:null,\&quot;PreConditon\&quot;:null,\&quot;MappedContent\&quot;:null,\&quot;MappedContentAlias\&quot;:null,\&quot;FixedContent\&quot;:\&quot;Simon Hope\&quot;,\&quot;MappedContentDelimeter\&quot;:null,\&quot;AutoGenerate\&quot;:false}},{\&quot;Key\&quot;:\&quot;Content\&quot;,\&quot;Value\&quot;:{\&quot;PostCondition\&quot;:null,\&quot;PreConditon\&quot;:null,\&quot;MappedContent\&quot;:null,\&quot;MappedContentAlias\&quot;:null,\&quot;FixedContent\&quot;:null,\&quot;MappedContentDelimeter\&quot;:null,\&quot;AutoGenerate\&quot;:false}},{\&quot;Key\&quot;:\&quot;Contributors\&quot;,\&quot;Value\&quot;:{\&quot;PostCondition\&quot;:null,\&quot;PreConditon\&quot;:null,\&quot;MappedContent\&quot;:null,\&quot;MappedContentAlias\&quot;:null,\&quot;FixedContent\&quot;:\&quot;mapbutcher@mapbutcher.com\&quot;,\&quot;MappedContentDelimeter\&quot;:null,\&quot;AutoGenerate\&quot;:false}},{\&quot;Key\&quot;:\&quot;Copyright\&quot;,\&quot;Value\&quot;:{\&quot;PostCondition\&quot;:null,\&quot;PreConditon\&quot;:null,\&quot;MappedContent\&quot;:null,\&quot;MappedContentAlias\&quot;:null,\&quot;FixedContent\&quot;:\&quot;Copyright 2011\&quot;,\&quot;MappedContentDelimeter\&quot;:null,\&quot;AutoGenerate\&quot;:false}},{\&quot;Key\&quot;:\&quot;Id\&quot;,\&quot;Value\&quot;:{\&quot;PostCondition\&quot;:null,\&quot;PreConditon\&quot;:null,\&quot;MappedContent\&quot;:\&quot;UFI\&quot;,\&quot;MappedContentAlias\&quot;:null,\&quot;FixedContent\&quot;:null,\&quot;MappedContentDelimeter\&quot;:null,\&quot;AutoGenerate\&quot;:true}},{\&quot;Key\&quot;:\&quot;LastUpdatedTime\&quot;,\&quot;Value\&quot;:{\&quot;PostCondition\&quot;:null,\&quot;PreConditon\&quot;:null,\&quot;MappedContent\&quot;:null,\&quot;MappedContentAlias\&quot;:null,\&quot;FixedContent\&quot;:null,\&quot;MappedContentDelimeter\&quot;:null,\&quot;AutoGenerate\&quot;:false}},{\&quot;Key\&quot;:\&quot;Links\&quot;,\&quot;Value\&quot;:{\&quot;PostCondition\&quot;:null,\&quot;PreConditon\&quot;:null,\&quot;MappedContent\&quot;:null,\&quot;MappedContentAlias\&quot;:null,\&quot;FixedContent\&quot;:\&quot;http://www.mapbutcher.com\&quot;,\&quot;MappedContentDelimeter\&quot;:null,\&quot;AutoGenerate\&quot;:false}},{\&quot;Key\&quot;:\&quot;PublishDate\&quot;,\&quot;Value\&quot;:{\&quot;PostCondition\&quot;:null,\&quot;PreConditon\&quot;:null,\&quot;MappedContent\&quot;:null,\&quot;MappedContentAlias\&quot;:null,\&quot;FixedContent\&quot;:null,\&quot;MappedContentDelimeter\&quot;:null,\&quot;AutoGenerate\&quot;:true}},{\&quot;Key\&quot;:\&quot;Summary\&quot;,\&quot;Value\&quot;:{\&quot;PostCondition\&quot;:null,\&quot;PreConditon\&quot;:null,\&quot;MappedContent\&quot;:null,\&quot;MappedContentAlias\&quot;:null,\&quot;FixedContent\&quot;:null,\&quot;MappedContentDelimeter\&quot;:null,\&quot;AutoGenerate\&quot;:false}},{\&quot;Key\&quot;:\&quot;Title\&quot;,\&quot;Value\&quot;:{\&quot;PostCondition\&quot;:null,\&quot;PreConditon\&quot;:null,\&quot;MappedContent\&quot;:null,\&quot;MappedContentAlias\&quot;:null,\&quot;FixedContent\&quot;:null,\&quot;MappedContentDelimeter\&quot;:null,\&quot;AutoGenerate\&quot;:false}}]}}&quot;, &quot;georss&quot;, &quot;{}&quot;, 221, &quot;item&quot;)" fullName="GPX.Server.Extension.Tests/MockServerTest/ExportGeoRSS_RSSFormat_Layer/ExportGeoRSS_RSSFormat_Layer(&quot;&quot;, &quot;ExportLayers/2&quot;, &quot;ExportLayer&quot;, &quot;{\&quot;filterGeometry\&quot;:null,\&quot;geometryType\&quot;:null,\&quot;where\&quot;:null,\&quot;exportProperties\&quot;:{\&quot;Title\&quot;:\&quot;Californian EarthQuakes\&quot;,\&quot;ID\&quot;:\&quot;Feed Id\&quot;,\&quot;Language\&quot;:\&quot;en-us\&quot;,\&quot;CopyRight\&quot;:\&quot;Copyright 2011\&quot;,\&quot;Generator\&quot;:\&quot;http://www.mapbutcher.com\&quot;,\&quot;Description\&quot;:\&quot;A GeoRSS format of Californian EarthQuakes\&quot;,\&quot;Link\&quot;:{\&quot;BaseUri\&quot;:null,\&quot;Length\&quot;:0,\&quot;MediaType\&quot;:null,\&quot;RelationshipType\&quot;:null,\&quot;Title\&quot;:\&quot;Mapbutcher\&quot;,\&quot;Uri\&quot;:\&quot;http://www.mapbutcher.com\&quot;},\&quot;Author\&quot;:{\&quot;Email\&quot;:\&quot;mapbutcher@mapbutcher.com\&quot;,\&quot;Name\&quot;:\&quot;Simon\&quot;,\&quot;Uri\&quot;:\&quot;http://www.mapbutcher.com\&quot;},\&quot;GeometryFormat\&quot;:\&quot;GML\&quot;,\&quot;GeometryField\&quot;:\&quot;Shape\&quot;,\&quot;FeedFormat\&quot;:\&quot;Rss\&quot;,\&quot;Items\&quot;:[{\&quot;Key\&quot;:\&quot;Author\&quot;,\&quot;Value\&quot;:{\&quot;PostCondition\&quot;:null,\&quot;PreConditon\&quot;:null,\&quot;MappedContent\&quot;:null,\&quot;MappedContentAlias\&quot;:null,\&quot;FixedContent\&quot;:\&quot;Simon Hope\&quot;,\&quot;MappedContentDelimeter\&quot;:null,\&quot;AutoGenerate\&quot;:false}},{\&quot;Key\&quot;:\&quot;Content\&quot;,\&quot;Value\&quot;:{\&quot;PostCondition\&quot;:null,\&quot;PreConditon\&quot;:null,\&quot;MappedContent\&quot;:null,\&quot;MappedContentAlias\&quot;:null,\&quot;FixedContent\&quot;:null,\&quot;MappedContentDelimeter\&quot;:null,\&quot;AutoGenerate\&quot;:false}},{\&quot;Key\&quot;:\&quot;Contributors\&quot;,\&quot;Value\&quot;:{\&quot;PostCondition\&quot;:null,\&quot;PreConditon\&quot;:null,\&quot;MappedContent\&quot;:null,\&quot;MappedContentAlias\&quot;:null,\&quot;FixedContent\&quot;:\&quot;mapbutcher@mapbutcher.com\&quot;,\&quot;MappedContentDelimeter\&quot;:null,\&quot;AutoGenerate\&quot;:false}},{\&quot;Key\&quot;:\&quot;Copyright\&quot;,\&quot;Value\&quot;:{\&quot;PostCondition\&quot;:null,\&quot;PreConditon\&quot;:null,\&quot;MappedContent\&quot;:null,\&quot;MappedContentAlias\&quot;:null,\&quot;FixedContent\&quot;:\&quot;Copyright 2011\&quot;,\&quot;MappedContentDelimeter\&quot;:null,\&quot;AutoGenerate\&quot;:false}},{\&quot;Key\&quot;:\&quot;Id\&quot;,\&quot;Value\&quot;:{\&quot;PostCondition\&quot;:null,\&quot;PreConditon\&quot;:null,\&quot;MappedContent\&quot;:\&quot;UFI\&quot;,\&quot;MappedContentAlias\&quot;:null,\&quot;FixedContent\&quot;:null,\&quot;MappedContentDelimeter\&quot;:null,\&quot;AutoGenerate\&quot;:true}},{\&quot;Key\&quot;:\&quot;LastUpdatedTime\&quot;,\&quot;Value\&quot;:{\&quot;PostCondition\&quot;:null,\&quot;PreConditon\&quot;:null,\&quot;MappedContent\&quot;:null,\&quot;MappedContentAlias\&quot;:null,\&quot;FixedContent\&quot;:null,\&quot;MappedContentDelimeter\&quot;:null,\&quot;AutoGenerate\&quot;:false}},{\&quot;Key\&quot;:\&quot;Links\&quot;,\&quot;Value\&quot;:{\&quot;PostCondition\&quot;:null,\&quot;PreConditon\&quot;:null,\&quot;MappedContent\&quot;:null,\&quot;MappedContentAlias\&quot;:null,\&quot;FixedContent\&quot;:\&quot;http://www.mapbutcher.com\&quot;,\&quot;MappedContentDelimeter\&quot;:null,\&quot;AutoGenerate\&quot;:false}},{\&quot;Key\&quot;:\&quot;PublishDate\&quot;,\&quot;Value\&quot;:{\&quot;PostCondition\&quot;:null,\&quot;PreConditon\&quot;:null,\&quot;MappedContent\&quot;:null,\&quot;MappedContentAlias\&quot;:null,\&quot;FixedContent\&quot;:null,\&quot;MappedContentDelimeter\&quot;:null,\&quot;AutoGenerate\&quot;:true}},{\&quot;Key\&quot;:\&quot;Summary\&quot;,\&quot;Value\&quot;:{\&quot;PostCondition\&quot;:null,\&quot;PreConditon\&quot;:null,\&quot;MappedContent\&quot;:null,\&quot;MappedContentAlias\&quot;:null,\&quot;FixedContent\&quot;:null,\&quot;MappedContentDelimeter\&quot;:null,\&quot;AutoGenerate\&quot;:false}},{\&quot;Key\&quot;:\&quot;Title\&quot;,\&quot;Value\&quot;:{\&quot;PostCondition\&quot;:null,\&quot;PreConditon\&quot;:null,\&quot;MappedContent\&quot;:null,\&quot;MappedContentAlias\&quot;:null,\&quot;FixedContent\&quot;:null,\&quot;MappedContentDelimeter\&quot;:null,\&quot;AutoGenerate\&quot;:false}}]}}&quot;, &quot;georss&quot;, &quot;{}&quot;, 221, &quot;item&quot;)" testId="3329aded5f51c3be" isPrimary="false" isTestCase="true" isDynamic="false">
                        <codeReference assembly="GPX.Server.Extension.Tests, Version=1.0.0.0, Culture=neutral, PublicKeyToken=null" namespace="GPX.Server.Extension.Tests" type="GPX.Server.Extension.Tests.MockServerTest" member="ExportGeoRSS_RSSFormat_Layer" />
                        <codeLocation path="C:\Git\arcgis-exporter-extension\GPX.Server.Extension.Tests\MockServerTest.cs" line="214" />
                        <metadata>
                          <entry key="TestKind">
                            <value>Test</value>
                          </entry>
                          <entry key="Description">
                            <value>Export Points GML RSS</value>
                          </entry>
                        </metadata>
                      </testStep>
                      <children />
                      <result assertCount="0" duration="0.012613599999999999">
                        <outcome status="failed" />
                      </result>
                      <testLog>
                        <streams>
                          <stream name="Failures">
                            <body>
                              <contents>
                                <section name="Set Up">
                                  <contents>
                                    <marker class="Exception">
                                      <contents>
                                        <marker class="ExceptionType">
                                          <contents>
                                            <text><![CDATA[System.ArgumentException]]></text>
                                          </contents>
                                          <attributes />
                                        </marker>
                                        <text><![CDATA[: ]]></text>
                                        <marker class="ExceptionMessage">
                                          <contents>
                                            <text><![CDATA[Can not open file C:\Program Files\ArcGIS\DeveloperKit10.0\Samples\data\California\California.mxd.
The system cannot find the file specified.
Probable cause: The file is inaccessible to Server.]]></text>
                                          </contents>
                                          <attributes />
                                        </marker>
                                        <text><![CDATA[
]]></text>
                                        <marker class="ExceptionPropertyName">
                                          <contents>
                                            <text><![CDATA[HelpLink]]></text>
                                          </contents>
                                          <attributes />
                                        </marker>
                                        <text><![CDATA[: ]]></text>
                                        <marker class="ExceptionPropertyValue">
                                          <contents>
                                            <text><![CDATA["Carto.hlp"]]></text>
                                          </contents>
                                          <attributes />
                                        </marker>
                                        <text><![CDATA[
]]></text>
                                        <marker class="StackTrace">
                                          <contents>
                                            <text><![CDATA[   at ESRI.ArcGIS.Carto.MapServerClass.Connect(String FilePath)
   at GPX.Server.Extension.Tests.MockServerObjectCreator.CreateMockMapServerObject(String mxdFile) in ]]></text>
                                            <marker class="CodeLocation">
                                              <contents>
                                                <text><![CDATA[C:\Git\arcgis-exporter-extension\GPX.Server.Extension.Tests\MockServerObjectCreator.cs:line 71]]></text>
                                              </contents>
                                              <attributes>
                                                <attribute name="line" value="71" />
                                                <attribute name="path" value="C:\Git\arcgis-exporter-extension\GPX.Server.Extension.Tests\MockServerObjectCreator.cs" />
                                              </attributes>
                                            </marker>
                                            <text><![CDATA[
   at GPX.Server.Extension.Tests.MockServerObjectCreator.CreateMockServerObjectHelper(String mxdFile) in ]]></text>
                                            <marker class="CodeLocation">
                                              <contents>
                                                <text><![CDATA[C:\Git\arcgis-exporter-extension\GPX.Server.Extension.Tests\MockServerObjectCreator.cs:line 59]]></text>
                                              </contents>
                                              <attributes>
                                                <attribute name="line" value="59" />
                                                <attribute name="path" value="C:\Git\arcgis-exporter-extension\GPX.Server.Extension.Tests\MockServerObjectCreator.cs" />
                                              </attributes>
                                            </marker>
                                            <text><![CDATA[
   at GPX.Server.Extension.Tests.MockServerTest.TestSetUp() in ]]></text>
                                            <marker class="CodeLocation">
                                              <contents>
                                                <text><![CDATA[C:\Git\arcgis-exporter-extension\GPX.Server.Extension.Tests\MockServerTest.cs:line 38]]></text>
                                              </contents>
                                              <attributes>
                                                <attribute name="line" value="38" />
                                                <attribute name="path" value="C:\Git\arcgis-exporter-extension\GPX.Server.Extension.Tests\MockServerTest.cs" />
                                              </attributes>
                                            </marker>
                                          </contents>
                                          <attributes />
                                        </marker>
                                      </contents>
                                      <attributes />
                                    </marker>
                                  </contents>
                                </section>
                              </contents>
                            </body>
                          </stream>
                        </streams>
                        <attachments />
                      </testLog>
                    </testStepRun>
                  </children>
                  <result assertCount="0" duration="0.0892158">
                    <outcome status="failed" />
                  </result>
                  <testLog>
                    <streams />
                    <attachments />
                  </testLog>
                </testStepRun>
                <testStepRun startTime="2012-03-28T19:57:07.6422656+11:00" endTime="2012-03-28T19:57:07.7123664+11:00">
                  <testStep id="75c0c268b4ba4765" name="ExportLayerResourceRequest" fullName="GPX.Server.Extension.Tests/MockServerTest/ExportLayerResourceRequest" testId="f502cd2677cbc474" isPrimary="true" isTestCase="false" isDynamic="false">
                    <codeReference assembly="GPX.Server.Extension.Tests, Version=1.0.0.0, Culture=neutral, PublicKeyToken=null" namespace="GPX.Server.Extension.Tests" type="GPX.Server.Extension.Tests.MockServerTest" member="ExportLayerResourceRequest" />
                    <codeLocation path="C:\Git\arcgis-exporter-extension\GPX.Server.Extension.Tests\MockServerTest.cs" line="58" />
                    <metadata>
                      <entry key="TestKind">
                        <value>Test</value>
                      </entry>
                    </metadata>
                  </testStep>
                  <children>
                    <testStepRun startTime="2012-03-28T19:57:07.65228+11:00" endTime="2012-03-28T19:57:07.6823232+11:00">
                      <testStep id="78f3debcaa5166f9" name="ExportLayerResourceRequest(&quot;&quot;, &quot;ExportLayers/12&quot;, &quot;&quot;, &quot;&quot;, &quot;json&quot;, &quot;{}&quot;, 0)" fullName="GPX.Server.Extension.Tests/MockServerTest/ExportLayerResourceRequest/ExportLayerResourceRequest(&quot;&quot;, &quot;ExportLayers/12&quot;, &quot;&quot;, &quot;&quot;, &quot;json&quot;, &quot;{}&quot;, 0)" testId="f502cd2677cbc474" isPrimary="false" isTestCase="true" isDynamic="false">
                        <codeReference assembly="GPX.Server.Extension.Tests, Version=1.0.0.0, Culture=neutral, PublicKeyToken=null" namespace="GPX.Server.Extension.Tests" type="GPX.Server.Extension.Tests.MockServerTest" member="ExportLayerResourceRequest" />
                        <codeLocation path="C:\Git\arcgis-exporter-extension\GPX.Server.Extension.Tests\MockServerTest.cs" line="58" />
                        <metadata>
                          <entry key="TestKind">
                            <value>Test</value>
                          </entry>
                          <entry key="Description">
                            <value>Invalid Export Layer Resource</value>
                          </entry>
                        </metadata>
                      </testStep>
                      <children />
                      <result assertCount="0" duration="0.0306583">
                        <outcome status="failed" />
                      </result>
                      <testLog>
                        <streams>
                          <stream name="Failures">
                            <body>
                              <contents>
                                <section name="Set Up">
                                  <contents>
                                    <marker class="Exception">
                                      <contents>
                                        <marker class="ExceptionType">
                                          <contents>
                                            <text><![CDATA[System.ArgumentException]]></text>
                                          </contents>
                                          <attributes />
                                        </marker>
                                        <text><![CDATA[: ]]></text>
                                        <marker class="ExceptionMessage">
                                          <contents>
                                            <text><![CDATA[Can not open file C:\Program Files\ArcGIS\DeveloperKit10.0\Samples\data\California\California.mxd.
The system cannot find the file specified.
Probable cause: The file is inaccessible to Server.]]></text>
                                          </contents>
                                          <attributes />
                                        </marker>
                                        <text><![CDATA[
]]></text>
                                        <marker class="ExceptionPropertyName">
                                          <contents>
                                            <text><![CDATA[HelpLink]]></text>
                                          </contents>
                                          <attributes />
                                        </marker>
                                        <text><![CDATA[: ]]></text>
                                        <marker class="ExceptionPropertyValue">
                                          <contents>
                                            <text><![CDATA["Carto.hlp"]]></text>
                                          </contents>
                                          <attributes />
                                        </marker>
                                        <text><![CDATA[
]]></text>
                                        <marker class="StackTrace">
                                          <contents>
                                            <text><![CDATA[   at ESRI.ArcGIS.Carto.MapServerClass.Connect(String FilePath)
   at GPX.Server.Extension.Tests.MockServerObjectCreator.CreateMockMapServerObject(String mxdFile) in ]]></text>
                                            <marker class="CodeLocation">
                                              <contents>
                                                <text><![CDATA[C:\Git\arcgis-exporter-extension\GPX.Server.Extension.Tests\MockServerObjectCreator.cs:line 71]]></text>
                                              </contents>
                                              <attributes>
                                                <attribute name="line" value="71" />
                                                <attribute name="path" value="C:\Git\arcgis-exporter-extension\GPX.Server.Extension.Tests\MockServerObjectCreator.cs" />
                                              </attributes>
                                            </marker>
                                            <text><![CDATA[
   at GPX.Server.Extension.Tests.MockServerObjectCreator.CreateMockServerObjectHelper(String mxdFile) in ]]></text>
                                            <marker class="CodeLocation">
                                              <contents>
                                                <text><![CDATA[C:\Git\arcgis-exporter-extension\GPX.Server.Extension.Tests\MockServerObjectCreator.cs:line 59]]></text>
                                              </contents>
                                              <attributes>
                                                <attribute name="line" value="59" />
                                                <attribute name="path" value="C:\Git\arcgis-exporter-extension\GPX.Server.Extension.Tests\MockServerObjectCreator.cs" />
                                              </attributes>
                                            </marker>
                                            <text><![CDATA[
   at GPX.Server.Extension.Tests.MockServerTest.TestSetUp() in ]]></text>
                                            <marker class="CodeLocation">
                                              <contents>
                                                <text><![CDATA[C:\Git\arcgis-exporter-extension\GPX.Server.Extension.Tests\MockServerTest.cs:line 38]]></text>
                                              </contents>
                                              <attributes>
                                                <attribute name="line" value="38" />
                                                <attribute name="path" value="C:\Git\arcgis-exporter-extension\GPX.Server.Extension.Tests\MockServerTest.cs" />
                                              </attributes>
                                            </marker>
                                          </contents>
                                          <attributes />
                                        </marker>
                                      </contents>
                                      <attributes />
                                    </marker>
                                  </contents>
                                </section>
                              </contents>
                            </body>
                          </stream>
                        </streams>
                        <attachments />
                      </testLog>
                    </testStepRun>
                    <testStepRun startTime="2012-03-28T19:57:07.6823232+11:00" endTime="2012-03-28T19:57:07.7123664+11:00">
                      <testStep id="6dde857f97f02141" name="ExportLayerResourceRequest(&quot;&quot;, &quot;ExportLayers/2&quot;, &quot;&quot;, &quot;&quot;, &quot;json&quot;, &quot;{}&quot;, 1)" fullName="GPX.Server.Extension.Tests/MockServerTest/ExportLayerResourceRequest/ExportLayerResourceRequest(&quot;&quot;, &quot;ExportLayers/2&quot;, &quot;&quot;, &quot;&quot;, &quot;json&quot;, &quot;{}&quot;, 1)" testId="f502cd2677cbc474" isPrimary="false" isTestCase="true" isDynamic="false">
                        <codeReference assembly="GPX.Server.Extension.Tests, Version=1.0.0.0, Culture=neutral, PublicKeyToken=null" namespace="GPX.Server.Extension.Tests" type="GPX.Server.Extension.Tests.MockServerTest" member="ExportLayerResourceRequest" />
                        <codeLocation path="C:\Git\arcgis-exporter-extension\GPX.Server.Extension.Tests\MockServerTest.cs" line="58" />
                        <metadata>
                          <entry key="TestKind">
                            <value>Test</value>
                          </entry>
                          <entry key="Description">
                            <value>Valid Export Layer Resource</value>
                          </entry>
                        </metadata>
                      </testStep>
                      <children />
                      <result assertCount="0" duration="0.0349594">
                        <outcome status="failed" />
                      </result>
                      <testLog>
                        <streams>
                          <stream name="Failures">
                            <body>
                              <contents>
                                <section name="Set Up">
                                  <contents>
                                    <marker class="Exception">
                                      <contents>
                                        <marker class="ExceptionType">
                                          <contents>
                                            <text><![CDATA[System.ArgumentException]]></text>
                                          </contents>
                                          <attributes />
                                        </marker>
                                        <text><![CDATA[: ]]></text>
                                        <marker class="ExceptionMessage">
                                          <contents>
                                            <text><![CDATA[Can not open file C:\Program Files\ArcGIS\DeveloperKit10.0\Samples\data\California\California.mxd.
The system cannot find the file specified.
Probable cause: The file is inaccessible to Server.]]></text>
                                          </contents>
                                          <attributes />
                                        </marker>
                                        <text><![CDATA[
]]></text>
                                        <marker class="ExceptionPropertyName">
                                          <contents>
                                            <text><![CDATA[HelpLink]]></text>
                                          </contents>
                                          <attributes />
                                        </marker>
                                        <text><![CDATA[: ]]></text>
                                        <marker class="ExceptionPropertyValue">
                                          <contents>
                                            <text><![CDATA["Carto.hlp"]]></text>
                                          </contents>
                                          <attributes />
                                        </marker>
                                        <text><![CDATA[
]]></text>
                                        <marker class="StackTrace">
                                          <contents>
                                            <text><![CDATA[   at ESRI.ArcGIS.Carto.MapServerClass.Connect(String FilePath)
   at GPX.Server.Extension.Tests.MockServerObjectCreator.CreateMockMapServerObject(String mxdFile) in ]]></text>
                                            <marker class="CodeLocation">
                                              <contents>
                                                <text><![CDATA[C:\Git\arcgis-exporter-extension\GPX.Server.Extension.Tests\MockServerObjectCreator.cs:line 71]]></text>
                                              </contents>
                                              <attributes>
                                                <attribute name="line" value="71" />
                                                <attribute name="path" value="C:\Git\arcgis-exporter-extension\GPX.Server.Extension.Tests\MockServerObjectCreator.cs" />
                                              </attributes>
                                            </marker>
                                            <text><![CDATA[
   at GPX.Server.Extension.Tests.MockServerObjectCreator.CreateMockServerObjectHelper(String mxdFile) in ]]></text>
                                            <marker class="CodeLocation">
                                              <contents>
                                                <text><![CDATA[C:\Git\arcgis-exporter-extension\GPX.Server.Extension.Tests\MockServerObjectCreator.cs:line 59]]></text>
                                              </contents>
                                              <attributes>
                                                <attribute name="line" value="59" />
                                                <attribute name="path" value="C:\Git\arcgis-exporter-extension\GPX.Server.Extension.Tests\MockServerObjectCreator.cs" />
                                              </attributes>
                                            </marker>
                                            <text><![CDATA[
   at GPX.Server.Extension.Tests.MockServerTest.TestSetUp() in ]]></text>
                                            <marker class="CodeLocation">
                                              <contents>
                                                <text><![CDATA[C:\Git\arcgis-exporter-extension\GPX.Server.Extension.Tests\MockServerTest.cs:line 38]]></text>
                                              </contents>
                                              <attributes>
                                                <attribute name="line" value="38" />
                                                <attribute name="path" value="C:\Git\arcgis-exporter-extension\GPX.Server.Extension.Tests\MockServerTest.cs" />
                                              </attributes>
                                            </marker>
                                          </contents>
                                          <attributes />
                                        </marker>
                                      </contents>
                                      <attributes />
                                    </marker>
                                  </contents>
                                </section>
                              </contents>
                            </body>
                          </stream>
                        </streams>
                        <attachments />
                      </testLog>
                    </testStepRun>
                  </children>
                  <result assertCount="0" duration="0.0691671">
                    <outcome status="failed" />
                  </result>
                  <testLog>
                    <streams />
                    <attachments />
                  </testLog>
                </testStepRun>
              </children>
              <result assertCount="0" duration="1.2864056">
                <outcome status="failed" />
              </result>
              <testLog>
                <streams />
                <attachments />
              </testLog>
            </testStepRun>
          </children>
          <result assertCount="0" duration="1.3147251">
            <outcome status="failed" />
          </result>
          <testLog>
            <streams />
            <attachments />
          </testLog>
        </testStepRun>
      </children>
      <result assertCount="0" duration="3.3336815">
        <outcome status="failed" />
      </result>
      <testLog>
        <streams />
        <attachments />
      </testLog>
    </testStepRun>
    <statistics assertCount="0" duration="3.3354755" runCount="12" passedCount="0" failedCount="12" inconclusiveCount="0" skippedCount="0" testCount="12" stepCount="18">
      <outcomeSummaries>
        <outcomeSummary count="12">
          <outcome status="failed" />
        </outcomeSummary>
      </outcomeSummaries>
    </statistics>
  </testPackageRun>
  <logEntries>
    <logEntry severity="info" message="Host started at 3/28/2012 7:57:04 PM." />
    <logEntry severity="info" message="Running under CLR v2.0.50727 runtime." />
    <logEntry severity="debug" message="Listening for connections on IPC port: 'IsolatedProcessHost.4b6101980ad5b7d7'" />
    <logEntry severity="debug" message="Disabled plugin 'Gallio40': The plugin enable condition was not satisfied.  Please note that this is the intended behavior for plugins that must be hosted inside third party applications in order to work.  Enable condition: '${minFramework:NET40}'." />
    <logEntry severity="debug" message="Disabled plugin 'Gallio.VisualStudio.Shell100': The plugin enable condition was not satisfied.  Please note that this is the intended behavior for plugins that must be hosted inside third party applications in order to work.  Enable condition: '${process:DEVENV.EXE_V10.0} or ${process:VSTESTHOST.EXE_V10.0} or ${process:QTAGENT.EXE_V10.0} or ${process:QTAGENT32.EXE_V10.0} or ${process:QTDCAGENT.EXE_V10.0} or ${process:QTDCAGENT32.EXE_V10.0} or ${process:MSTEST.EXE_V10.0} or ${framework:NET40}'." />
    <logEntry severity="debug" message="Disabled plugin 'MbUnit40': The plugin depends on another disabled plugin: 'Gallio40'." />
    <logEntry severity="debug" message="Disabled plugin 'Gallio.VisualStudio.Tip100': The plugin depends on another disabled plugin: 'Gallio.VisualStudio.Shell100'." />
    <logEntry severity="info" message="Host stopped at 3/28/2012 7:57:07 PM." />
    <logEntry severity="info" message="Host process exited with code: 0" />
  </logEntries>
</report>