<?xml version="1.0" encoding="utf-8"?>
<report xmlns:xsi="http://www.w3.org/2001/XMLSchema-instance" xmlns:xsd="http://www.w3.org/2001/XMLSchema" xmlns="http://www.gallio.org/">
  <testPackage shadowCopy="false" debug="false">
    <files>
      <file>C:\Git\arcgis-exporter-extension\GPX.Server.Extension.Tests\bin\Debug\GPX.Server.Extension.Tests.dll</file>
    </files>
    <hintDirectories />
    <excludedFrameworkIds />
    <properties />
  </testPackage>
  <testModel>
    <test id="c2722843734a7a54" name="Root" fullName="" isTestCase="false">
      <codeReference />
      <codeLocation />
      <metadata>
        <entry key="TestKind">
          <value>Root</value>
        </entry>
      </metadata>
      <children>
        <test id="6dc504354be92436" name="GPX.Server.Extension.Tests" fullName="GPX.Server.Extension.Tests" isTestCase="false">
          <codeReference assembly="GPX.Server.Extension.Tests, Version=1.0.0.0, Culture=neutral, PublicKeyToken=null" />
          <codeLocation path="C:\Git\arcgis-exporter-extension\GPX.Server.Extension.Tests\bin\Debug\GPX.Server.Extension.Tests.DLL" />
          <metadata>
            <entry key="TestKind">
              <value>MbUnit v3 Assembly</value>
            </entry>
            <entry key="File">
              <value>C:\Git\arcgis-exporter-extension\GPX.Server.Extension.Tests\bin\Debug\GPX.Server.Extension.Tests.DLL</value>
            </entry>
            <entry key="CodeBase">
              <value>C:\Git\arcgis-exporter-extension\GPX.Server.Extension.Tests\bin\Debug\GPX.Server.Extension.Tests.DLL</value>
            </entry>
            <entry key="Company">
              <value>Geoplex</value>
            </entry>
            <entry key="Copyright">
              <value>Copyright Â© geoplex 2011</value>
            </entry>
            <entry key="FileVersion">
              <value>1.0.0.0</value>
            </entry>
            <entry key="Product">
              <value>GPX.Server.Extension.Tests</value>
            </entry>
            <entry key="Title">
              <value>GPX.Server.Extension.Tests</value>
            </entry>
            <entry key="Version">
              <value>1.0.0.0</value>
            </entry>
            <entry key="Framework">
              <value>MbUnit v3.3 build 454</value>
            </entry>
          </metadata>
          <children>
            <test id="260460c3946ccce2" name="MockServerTest" fullName="GPX.Server.Extension.Tests/MockServerTest" isTestCase="false">
              <codeReference assembly="GPX.Server.Extension.Tests, Version=1.0.0.0, Culture=neutral, PublicKeyToken=null" namespace="GPX.Server.Extension.Tests" type="GPX.Server.Extension.Tests.MockServerTest" />
              <codeLocation path="C:\Git\arcgis-exporter-extension\GPX.Server.Extension.Tests\MockServerTest.cs" />
              <metadata>
                <entry key="TestKind">
                  <value>Fixture</value>
                </entry>
              </metadata>
              <children>
                <test id="f502cd2677cbc474" name="ExportLayerResourceRequest" fullName="GPX.Server.Extension.Tests/MockServerTest/ExportLayerResourceRequest" isTestCase="true">
                  <codeReference assembly="GPX.Server.Extension.Tests, Version=1.0.0.0, Culture=neutral, PublicKeyToken=null" namespace="GPX.Server.Extension.Tests" type="GPX.Server.Extension.Tests.MockServerTest" member="ExportLayerResourceRequest" />
                  <codeLocation path="C:\Git\arcgis-exporter-extension\GPX.Server.Extension.Tests\MockServerTest.cs" line="54" />
                  <metadata>
                    <entry key="TestKind">
                      <value>Test</value>
                    </entry>
                  </metadata>
                  <children />
                  <parameters>
                    <parameter id="f502cd2677cbc474@capabilities" name="capabilities">
                      <codeReference assembly="GPX.Server.Extension.Tests, Version=1.0.0.0, Culture=neutral, PublicKeyToken=null" namespace="GPX.Server.Extension.Tests" type="GPX.Server.Extension.Tests.MockServerTest" member="ExportLayerResourceRequest" parameter="capabilities" />
                      <codeLocation />
                      <metadata />
                    </parameter>
                    <parameter id="f502cd2677cbc474@resourceName" name="resourceName">
                      <codeReference assembly="GPX.Server.Extension.Tests, Version=1.0.0.0, Culture=neutral, PublicKeyToken=null" namespace="GPX.Server.Extension.Tests" type="GPX.Server.Extension.Tests.MockServerTest" member="ExportLayerResourceRequest" parameter="resourceName" />
                      <codeLocation />
                      <metadata />
                    </parameter>
                    <parameter id="f502cd2677cbc474@operationName" name="operationName">
                      <codeReference assembly="GPX.Server.Extension.Tests, Version=1.0.0.0, Culture=neutral, PublicKeyToken=null" namespace="GPX.Server.Extension.Tests" type="GPX.Server.Extension.Tests.MockServerTest" member="ExportLayerResourceRequest" parameter="operationName" />
                      <codeLocation />
                      <metadata />
                    </parameter>
                    <parameter id="f502cd2677cbc474@operationInput" name="operationInput">
                      <codeReference assembly="GPX.Server.Extension.Tests, Version=1.0.0.0, Culture=neutral, PublicKeyToken=null" namespace="GPX.Server.Extension.Tests" type="GPX.Server.Extension.Tests.MockServerTest" member="ExportLayerResourceRequest" parameter="operationInput" />
                      <codeLocation />
                      <metadata />
                    </parameter>
                    <parameter id="f502cd2677cbc474@outputFormat" name="outputFormat">
                      <codeReference assembly="GPX.Server.Extension.Tests, Version=1.0.0.0, Culture=neutral, PublicKeyToken=null" namespace="GPX.Server.Extension.Tests" type="GPX.Server.Extension.Tests.MockServerTest" member="ExportLayerResourceRequest" parameter="outputFormat" />
                      <codeLocation />
                      <metadata />
                    </parameter>
                    <parameter id="f502cd2677cbc474@requestProperties" name="requestProperties">
                      <codeReference assembly="GPX.Server.Extension.Tests, Version=1.0.0.0, Culture=neutral, PublicKeyToken=null" namespace="GPX.Server.Extension.Tests" type="GPX.Server.Extension.Tests.MockServerTest" member="ExportLayerResourceRequest" parameter="requestProperties" />
                      <codeLocation />
                      <metadata />
                    </parameter>
                    <parameter id="f502cd2677cbc474@expectedResult" name="expectedResult">
                      <codeReference assembly="GPX.Server.Extension.Tests, Version=1.0.0.0, Culture=neutral, PublicKeyToken=null" namespace="GPX.Server.Extension.Tests" type="GPX.Server.Extension.Tests.MockServerTest" member="ExportLayerResourceRequest" parameter="expectedResult" />
                      <codeLocation />
                      <metadata />
                    </parameter>
                  </parameters>
                </test>
                <test id="3329aded5f51c3be" name="ExportGeoRSS_RSSFormat_Layer" fullName="GPX.Server.Extension.Tests/MockServerTest/ExportGeoRSS_RSSFormat_Layer" isTestCase="true">
                  <codeReference assembly="GPX.Server.Extension.Tests, Version=1.0.0.0, Culture=neutral, PublicKeyToken=null" namespace="GPX.Server.Extension.Tests" type="GPX.Server.Extension.Tests.MockServerTest" member="ExportGeoRSS_RSSFormat_Layer" />
                  <codeLocation path="C:\Git\arcgis-exporter-extension\GPX.Server.Extension.Tests\MockServerTest.cs" line="210" />
                  <metadata>
                    <entry key="TestKind">
                      <value>Test</value>
                    </entry>
                  </metadata>
                  <children />
                  <parameters>
                    <parameter id="3329aded5f51c3be@capabilities" name="capabilities">
                      <codeReference assembly="GPX.Server.Extension.Tests, Version=1.0.0.0, Culture=neutral, PublicKeyToken=null" namespace="GPX.Server.Extension.Tests" type="GPX.Server.Extension.Tests.MockServerTest" member="ExportGeoRSS_RSSFormat_Layer" parameter="capabilities" />
                      <codeLocation />
                      <metadata />
                    </parameter>
                    <parameter id="3329aded5f51c3be@resourceName" name="resourceName">
                      <codeReference assembly="GPX.Server.Extension.Tests, Version=1.0.0.0, Culture=neutral, PublicKeyToken=null" namespace="GPX.Server.Extension.Tests" type="GPX.Server.Extension.Tests.MockServerTest" member="ExportGeoRSS_RSSFormat_Layer" parameter="resourceName" />
                      <codeLocation />
                      <metadata />
                    </parameter>
                    <parameter id="3329aded5f51c3be@operationName" name="operationName">
                      <codeReference assembly="GPX.Server.Extension.Tests, Version=1.0.0.0, Culture=neutral, PublicKeyToken=null" namespace="GPX.Server.Extension.Tests" type="GPX.Server.Extension.Tests.MockServerTest" member="ExportGeoRSS_RSSFormat_Layer" parameter="operationName" />
                      <codeLocation />
                      <metadata />
                    </parameter>
                    <parameter id="3329aded5f51c3be@operationInput" name="operationInput">
                      <codeReference assembly="GPX.Server.Extension.Tests, Version=1.0.0.0, Culture=neutral, PublicKeyToken=null" namespace="GPX.Server.Extension.Tests" type="GPX.Server.Extension.Tests.MockServerTest" member="ExportGeoRSS_RSSFormat_Layer" parameter="operationInput" />
                      <codeLocation />
                      <metadata />
                    </parameter>
                    <parameter id="3329aded5f51c3be@outputFormat" name="outputFormat">
                      <codeReference assembly="GPX.Server.Extension.Tests, Version=1.0.0.0, Culture=neutral, PublicKeyToken=null" namespace="GPX.Server.Extension.Tests" type="GPX.Server.Extension.Tests.MockServerTest" member="ExportGeoRSS_RSSFormat_Layer" parameter="outputFormat" />
                      <codeLocation />
                      <metadata />
                    </parameter>
                    <parameter id="3329aded5f51c3be@requestProperties" name="requestProperties">
                      <codeReference assembly="GPX.Server.Extension.Tests, Version=1.0.0.0, Culture=neutral, PublicKeyToken=null" namespace="GPX.Server.Extension.Tests" type="GPX.Server.Extension.Tests.MockServerTest" member="ExportGeoRSS_RSSFormat_Layer" parameter="requestProperties" />
                      <codeLocation />
                      <metadata />
                    </parameter>
                    <parameter id="3329aded5f51c3be@expectedResult" name="expectedResult">
                      <codeReference assembly="GPX.Server.Extension.Tests, Version=1.0.0.0, Culture=neutral, PublicKeyToken=null" namespace="GPX.Server.Extension.Tests" type="GPX.Server.Extension.Tests.MockServerTest" member="ExportGeoRSS_RSSFormat_Layer" parameter="expectedResult" />
                      <codeLocation />
                      <metadata />
                    </parameter>
                    <parameter id="3329aded5f51c3be@itemElementName" name="itemElementName">
                      <codeReference assembly="GPX.Server.Extension.Tests, Version=1.0.0.0, Culture=neutral, PublicKeyToken=null" namespace="GPX.Server.Extension.Tests" type="GPX.Server.Extension.Tests.MockServerTest" member="ExportGeoRSS_RSSFormat_Layer" parameter="itemElementName" />
                      <codeLocation />
                      <metadata />
                    </parameter>
                  </parameters>
                </test>
                <test id="3321bbe20b4d2ea" name="ExportGeoRSS_AtomFormat_Layer" fullName="GPX.Server.Extension.Tests/MockServerTest/ExportGeoRSS_AtomFormat_Layer" isTestCase="true">
                  <codeReference assembly="GPX.Server.Extension.Tests, Version=1.0.0.0, Culture=neutral, PublicKeyToken=null" namespace="GPX.Server.Extension.Tests" type="GPX.Server.Extension.Tests.MockServerTest" member="ExportGeoRSS_AtomFormat_Layer" />
                  <codeLocation path="C:\Git\arcgis-exporter-extension\GPX.Server.Extension.Tests\MockServerTest.cs" line="152" />
                  <metadata>
                    <entry key="TestKind">
                      <value>Test</value>
                    </entry>
                  </metadata>
                  <children />
                  <parameters>
                    <parameter id="3321bbe20b4d2ea@capabilities" name="capabilities">
                      <codeReference assembly="GPX.Server.Extension.Tests, Version=1.0.0.0, Culture=neutral, PublicKeyToken=null" namespace="GPX.Server.Extension.Tests" type="GPX.Server.Extension.Tests.MockServerTest" member="ExportGeoRSS_AtomFormat_Layer" parameter="capabilities" />
                      <codeLocation />
                      <metadata />
                    </parameter>
                    <parameter id="3321bbe20b4d2ea@resourceName" name="resourceName">
                      <codeReference assembly="GPX.Server.Extension.Tests, Version=1.0.0.0, Culture=neutral, PublicKeyToken=null" namespace="GPX.Server.Extension.Tests" type="GPX.Server.Extension.Tests.MockServerTest" member="ExportGeoRSS_AtomFormat_Layer" parameter="resourceName" />
                      <codeLocation />
                      <metadata />
                    </parameter>
                    <parameter id="3321bbe20b4d2ea@operationName" name="operationName">
                      <codeReference assembly="GPX.Server.Extension.Tests, Version=1.0.0.0, Culture=neutral, PublicKeyToken=null" namespace="GPX.Server.Extension.Tests" type="GPX.Server.Extension.Tests.MockServerTest" member="ExportGeoRSS_AtomFormat_Layer" parameter="operationName" />
                      <codeLocation />
                      <metadata />
                    </parameter>
                    <parameter id="3321bbe20b4d2ea@operationInput" name="operationInput">
                      <codeReference assembly="GPX.Server.Extension.Tests, Version=1.0.0.0, Culture=neutral, PublicKeyToken=null" namespace="GPX.Server.Extension.Tests" type="GPX.Server.Extension.Tests.MockServerTest" member="ExportGeoRSS_AtomFormat_Layer" parameter="operationInput" />
                      <codeLocation />
                      <metadata />
                    </parameter>
                    <parameter id="3321bbe20b4d2ea@outputFormat" name="outputFormat">
                      <codeReference assembly="GPX.Server.Extension.Tests, Version=1.0.0.0, Culture=neutral, PublicKeyToken=null" namespace="GPX.Server.Extension.Tests" type="GPX.Server.Extension.Tests.MockServerTest" member="ExportGeoRSS_AtomFormat_Layer" parameter="outputFormat" />
                      <codeLocation />
                      <metadata />
                    </parameter>
                    <parameter id="3321bbe20b4d2ea@requestProperties" name="requestProperties">
                      <codeReference assembly="GPX.Server.Extension.Tests, Version=1.0.0.0, Culture=neutral, PublicKeyToken=null" namespace="GPX.Server.Extension.Tests" type="GPX.Server.Extension.Tests.MockServerTest" member="ExportGeoRSS_AtomFormat_Layer" parameter="requestProperties" />
                      <codeLocation />
                      <metadata />
                    </parameter>
                    <parameter id="3321bbe20b4d2ea@expectedResult" name="expectedResult">
                      <codeReference assembly="GPX.Server.Extension.Tests, Version=1.0.0.0, Culture=neutral, PublicKeyToken=null" namespace="GPX.Server.Extension.Tests" type="GPX.Server.Extension.Tests.MockServerTest" member="ExportGeoRSS_AtomFormat_Layer" parameter="expectedResult" />
                      <codeLocation />
                      <metadata />
                    </parameter>
                    <parameter id="3321bbe20b4d2ea@nameSpace" name="nameSpace">
                      <codeReference assembly="GPX.Server.Extension.Tests, Version=1.0.0.0, Culture=neutral, PublicKeyToken=null" namespace="GPX.Server.Extension.Tests" type="GPX.Server.Extension.Tests.MockServerTest" member="ExportGeoRSS_AtomFormat_Layer" parameter="nameSpace" />
                      <codeLocation />
                      <metadata />
                    </parameter>
                    <parameter id="3321bbe20b4d2ea@itemElementName" name="itemElementName">
                      <codeReference assembly="GPX.Server.Extension.Tests, Version=1.0.0.0, Culture=neutral, PublicKeyToken=null" namespace="GPX.Server.Extension.Tests" type="GPX.Server.Extension.Tests.MockServerTest" member="ExportGeoRSS_AtomFormat_Layer" parameter="itemElementName" />
                      <codeLocation />
                      <metadata />
                    </parameter>
                  </parameters>
                </test>
              </children>
              <parameters />
            </test>
          </children>
          <parameters />
        </test>
      </children>
      <parameters />
    </test>
    <annotations />
  </testModel>
  <testPackageRun startTime="2012-03-28T20:03:34.4885232+11:00" endTime="2012-03-28T20:03:45.574464+11:00">
    <testStepRun startTime="2012-03-28T20:03:36.3311728+11:00" endTime="2012-03-28T20:03:45.574464+11:00">
      <testStep id="498ad653b1bb83d3" name="Root" fullName="" testId="c2722843734a7a54" isPrimary="true" isTestCase="false" isDynamic="false">
        <codeReference />
        <codeLocation />
        <metadata>
          <entry key="TestKind">
            <value>Root</value>
          </entry>
        </metadata>
      </testStep>
      <children>
        <testStepRun startTime="2012-03-28T20:03:36.3912592+11:00" endTime="2012-03-28T20:03:45.274032+11:00">
          <testStep id="bddc6cfda2a0bcb6" name="GPX.Server.Extension.Tests" fullName="GPX.Server.Extension.Tests" testId="6dc504354be92436" isPrimary="true" isTestCase="false" isDynamic="false">
            <codeReference assembly="GPX.Server.Extension.Tests, Version=1.0.0.0, Culture=neutral, PublicKeyToken=null" />
            <codeLocation path="C:\Git\arcgis-exporter-extension\GPX.Server.Extension.Tests\bin\Debug\GPX.Server.Extension.Tests.DLL" />
            <metadata>
              <entry key="TestKind">
                <value>MbUnit v3 Assembly</value>
              </entry>
              <entry key="File">
                <value>C:\Git\arcgis-exporter-extension\GPX.Server.Extension.Tests\bin\Debug\GPX.Server.Extension.Tests.DLL</value>
              </entry>
              <entry key="CodeBase">
                <value>C:\Git\arcgis-exporter-extension\GPX.Server.Extension.Tests\bin\Debug\GPX.Server.Extension.Tests.DLL</value>
              </entry>
              <entry key="Company">
                <value>Geoplex</value>
              </entry>
              <entry key="Copyright">
                <value>Copyright Â© geoplex 2011</value>
              </entry>
              <entry key="FileVersion">
                <value>1.0.0.0</value>
              </entry>
              <entry key="Product">
                <value>GPX.Server.Extension.Tests</value>
              </entry>
              <entry key="Title">
                <value>GPX.Server.Extension.Tests</value>
              </entry>
              <entry key="Version">
                <value>1.0.0.0</value>
              </entry>
              <entry key="Framework">
                <value>MbUnit v3.3 build 454</value>
              </entry>
            </metadata>
          </testStep>
          <children>
            <testStepRun startTime="2012-03-28T20:03:36.411288+11:00" endTime="2012-03-28T20:03:45.2640176+11:00">
              <testStep id="43f5caa60a53d705" name="MockServerTest" fullName="GPX.Server.Extension.Tests/MockServerTest" testId="260460c3946ccce2" isPrimary="true" isTestCase="false" isDynamic="false">
                <codeReference assembly="GPX.Server.Extension.Tests, Version=1.0.0.0, Culture=neutral, PublicKeyToken=null" namespace="GPX.Server.Extension.Tests" type="GPX.Server.Extension.Tests.MockServerTest" />
                <codeLocation path="C:\Git\arcgis-exporter-extension\GPX.Server.Extension.Tests\MockServerTest.cs" />
                <metadata>
                  <entry key="TestKind">
                    <value>Fixture</value>
                  </entry>
                </metadata>
              </testStep>
              <children>
                <testStepRun startTime="2012-03-28T20:03:36.4313168+11:00" endTime="2012-03-28T20:03:42.0894528+11:00">
                  <testStep id="fed1533d881f0965" name="ExportGeoRSS_AtomFormat_Layer" fullName="GPX.Server.Extension.Tests/MockServerTest/ExportGeoRSS_AtomFormat_Layer" testId="3321bbe20b4d2ea" isPrimary="true" isTestCase="false" isDynamic="false">
                    <codeReference assembly="GPX.Server.Extension.Tests, Version=1.0.0.0, Culture=neutral, PublicKeyToken=null" namespace="GPX.Server.Extension.Tests" type="GPX.Server.Extension.Tests.MockServerTest" member="ExportGeoRSS_AtomFormat_Layer" />
                    <codeLocation path="C:\Git\arcgis-exporter-extension\GPX.Server.Extension.Tests\MockServerTest.cs" line="152" />
                    <metadata>
                      <entry key="TestKind">
                        <value>Test</value>
                      </entry>
                    </metadata>
                  </testStep>
                  <children>
                    <testStepRun startTime="2012-03-28T20:03:36.46136+11:00" endTime="2012-03-28T20:03:40.1066016+11:00">
                      <testStep id="a46da467a04660c4" name="ExportGeoRSS_AtomFormat_Layer(&quot;&quot;, &quot;ExportLayers/7&quot;, &quot;ExportLayer&quot;, &quot;{\&quot;filterGeometry\&quot;:null,\&quot;geometryType\&quot;:null,\&quot;where\&quot;:null,\&quot;exportProperties\&quot;:{\&quot;Title\&quot;:\&quot;Californian Rivers\&quot;,\&quot;ID\&quot;:\&quot;Feed Id\&quot;,\&quot;Language\&quot;:\&quot;en-us\&quot;,\&quot;CopyRight\&quot;:\&quot;Copyright 2011\&quot;,\&quot;Generator\&quot;:\&quot;http://www.mapbutcher.com\&quot;,\&quot;Description\&quot;:\&quot;A GeoRSS format of Californian Rivers\&quot;,\&quot;Link\&quot;:{\&quot;BaseUri\&quot;:null,\&quot;Length\&quot;:0,\&quot;MediaType\&quot;:null,\&quot;RelationshipType\&quot;:null,\&quot;Title\&quot;:\&quot;Mapbutcher\&quot;,\&quot;Uri\&quot;:\&quot;http://www.mapbutcher.com\&quot;},\&quot;Author\&quot;:{\&quot;Email\&quot;:\&quot;mapbutcher@mapbutcher.com\&quot;,\&quot;Name\&quot;:\&quot;Simon\&quot;,\&quot;Uri\&quot;:\&quot;http://www.mapbutcher.com\&quot;},\&quot;GeometryFormat\&quot;:\&quot;GML\&quot;,\&quot;GeometryField\&quot;:\&quot;Shape\&quot;,\&quot;FeedFormat\&quot;:\&quot;Atom\&quot;,\&quot;Items\&quot;:[{\&quot;Key\&quot;:\&quot;Author\&quot;,\&quot;Value\&quot;:{\&quot;PostCondition\&quot;:null,\&quot;PreConditon\&quot;:null,\&quot;MappedContent\&quot;:null,\&quot;MappedContentAlias\&quot;:null,\&quot;FixedContent\&quot;:\&quot;Simon Hope\&quot;,\&quot;MappedContentDelimeter\&quot;:null,\&quot;AutoGenerate\&quot;:false}},{\&quot;Key\&quot;:\&quot;Content\&quot;,\&quot;Value\&quot;:{\&quot;PostCondition\&quot;:null,\&quot;PreConditon\&quot;:null,\&quot;MappedContent\&quot;:null,\&quot;MappedContentAlias\&quot;:null,\&quot;FixedContent\&quot;:null,\&quot;MappedContentDelimeter\&quot;:null,\&quot;AutoGenerate\&quot;:false}},{\&quot;Key\&quot;:\&quot;Contributors\&quot;,\&quot;Value\&quot;:{\&quot;PostCondition\&quot;:null,\&quot;PreConditon\&quot;:null,\&quot;MappedContent\&quot;:null,\&quot;MappedContentAlias\&quot;:null,\&quot;FixedContent\&quot;:\&quot;mapbutcher@mapbutcher.com\&quot;,\&quot;MappedContentDelimeter\&quot;:null,\&quot;AutoGenerate\&quot;:false}},{\&quot;Key\&quot;:\&quot;Copyright\&quot;,\&quot;Value\&quot;:{\&quot;PostCondition\&quot;:null,\&quot;PreConditon\&quot;:null,\&quot;MappedContent\&quot;:null,\&quot;MappedContentAlias\&quot;:null,\&quot;FixedContent\&quot;:\&quot;Copyright 2011\&quot;,\&quot;MappedContentDelimeter\&quot;:null,\&quot;AutoGenerate\&quot;:false}},{\&quot;Key\&quot;:\&quot;Id\&quot;,\&quot;Value\&quot;:{\&quot;PostCondition\&quot;:null,\&quot;PreConditon\&quot;:null,\&quot;MappedContent\&quot;:\&quot;UFI\&quot;,\&quot;MappedContentAlias\&quot;:null,\&quot;FixedContent\&quot;:null,\&quot;MappedContentDelimeter\&quot;:null,\&quot;AutoGenerate\&quot;:true}},{\&quot;Key\&quot;:\&quot;LastUpdatedTime\&quot;,\&quot;Value\&quot;:{\&quot;PostCondition\&quot;:null,\&quot;PreConditon\&quot;:null,\&quot;MappedContent\&quot;:null,\&quot;MappedContentAlias\&quot;:null,\&quot;FixedContent\&quot;:null,\&quot;MappedContentDelimeter\&quot;:null,\&quot;AutoGenerate\&quot;:false}},{\&quot;Key\&quot;:\&quot;Links\&quot;,\&quot;Value\&quot;:{\&quot;PostCondition\&quot;:null,\&quot;PreConditon\&quot;:null,\&quot;MappedContent\&quot;:null,\&quot;MappedContentAlias\&quot;:null,\&quot;FixedContent\&quot;:\&quot;http://www.mapbutcher.com\&quot;,\&quot;MappedContentDelimeter\&quot;:null,\&quot;AutoGenerate\&quot;:false}},{\&quot;Key\&quot;:\&quot;PublishDate\&quot;,\&quot;Value\&quot;:{\&quot;PostCondition\&quot;:null,\&quot;PreConditon\&quot;:null,\&quot;MappedContent\&quot;:null,\&quot;MappedContentAlias\&quot;:null,\&quot;FixedContent\&quot;:null,\&quot;MappedContentDelimeter\&quot;:null,\&quot;AutoGenerate\&quot;:true}},{\&quot;Key\&quot;:\&quot;Summary\&quot;,\&quot;Value\&quot;:{\&quot;PostCondition\&quot;:null,\&quot;PreConditon\&quot;:null,\&quot;MappedContent\&quot;:null,\&quot;MappedContentAlias\&quot;:null,\&quot;FixedContent\&quot;:null,\&quot;MappedContentDelimeter\&quot;:null,\&quot;AutoGenerate\&quot;:false}},{\&quot;Key\&quot;:\&quot;Title\&quot;,\&quot;Value\&quot;:{\&quot;PostCondition\&quot;:null,\&quot;PreConditon\&quot;:null,\&quot;MappedContent\&quot;:null,\&quot;MappedContentAlias\&quot;:null,\&quot;FixedContent\&quot;:null,\&quot;MappedContentDelimeter\&quot;:null,\&quot;AutoGenerate\&quot;:false}}]}}&quot;, &quot;georss&quot;, &quot;{}&quot;, 500, &quot;http://www.w3.org/2005/Atom&quot;, &quot;entry&quot;)" fullName="GPX.Server.Extension.Tests/MockServerTest/ExportGeoRSS_AtomFormat_Layer/ExportGeoRSS_AtomFormat_Layer(&quot;&quot;, &quot;ExportLayers/7&quot;, &quot;ExportLayer&quot;, &quot;{\&quot;filterGeometry\&quot;:null,\&quot;geometryType\&quot;:null,\&quot;where\&quot;:null,\&quot;exportProperties\&quot;:{\&quot;Title\&quot;:\&quot;Californian Rivers\&quot;,\&quot;ID\&quot;:\&quot;Feed Id\&quot;,\&quot;Language\&quot;:\&quot;en-us\&quot;,\&quot;CopyRight\&quot;:\&quot;Copyright 2011\&quot;,\&quot;Generator\&quot;:\&quot;http://www.mapbutcher.com\&quot;,\&quot;Description\&quot;:\&quot;A GeoRSS format of Californian Rivers\&quot;,\&quot;Link\&quot;:{\&quot;BaseUri\&quot;:null,\&quot;Length\&quot;:0,\&quot;MediaType\&quot;:null,\&quot;RelationshipType\&quot;:null,\&quot;Title\&quot;:\&quot;Mapbutcher\&quot;,\&quot;Uri\&quot;:\&quot;http://www.mapbutcher.com\&quot;},\&quot;Author\&quot;:{\&quot;Email\&quot;:\&quot;mapbutcher@mapbutcher.com\&quot;,\&quot;Name\&quot;:\&quot;Simon\&quot;,\&quot;Uri\&quot;:\&quot;http://www.mapbutcher.com\&quot;},\&quot;GeometryFormat\&quot;:\&quot;GML\&quot;,\&quot;GeometryField\&quot;:\&quot;Shape\&quot;,\&quot;FeedFormat\&quot;:\&quot;Atom\&quot;,\&quot;Items\&quot;:[{\&quot;Key\&quot;:\&quot;Author\&quot;,\&quot;Value\&quot;:{\&quot;PostCondition\&quot;:null,\&quot;PreConditon\&quot;:null,\&quot;MappedContent\&quot;:null,\&quot;MappedContentAlias\&quot;:null,\&quot;FixedContent\&quot;:\&quot;Simon Hope\&quot;,\&quot;MappedContentDelimeter\&quot;:null,\&quot;AutoGenerate\&quot;:false}},{\&quot;Key\&quot;:\&quot;Content\&quot;,\&quot;Value\&quot;:{\&quot;PostCondition\&quot;:null,\&quot;PreConditon\&quot;:null,\&quot;MappedContent\&quot;:null,\&quot;MappedContentAlias\&quot;:null,\&quot;FixedContent\&quot;:null,\&quot;MappedContentDelimeter\&quot;:null,\&quot;AutoGenerate\&quot;:false}},{\&quot;Key\&quot;:\&quot;Contributors\&quot;,\&quot;Value\&quot;:{\&quot;PostCondition\&quot;:null,\&quot;PreConditon\&quot;:null,\&quot;MappedContent\&quot;:null,\&quot;MappedContentAlias\&quot;:null,\&quot;FixedContent\&quot;:\&quot;mapbutcher@mapbutcher.com\&quot;,\&quot;MappedContentDelimeter\&quot;:null,\&quot;AutoGenerate\&quot;:false}},{\&quot;Key\&quot;:\&quot;Copyright\&quot;,\&quot;Value\&quot;:{\&quot;PostCondition\&quot;:null,\&quot;PreConditon\&quot;:null,\&quot;MappedContent\&quot;:null,\&quot;MappedContentAlias\&quot;:null,\&quot;FixedContent\&quot;:\&quot;Copyright 2011\&quot;,\&quot;MappedContentDelimeter\&quot;:null,\&quot;AutoGenerate\&quot;:false}},{\&quot;Key\&quot;:\&quot;Id\&quot;,\&quot;Value\&quot;:{\&quot;PostCondition\&quot;:null,\&quot;PreConditon\&quot;:null,\&quot;MappedContent\&quot;:\&quot;UFI\&quot;,\&quot;MappedContentAlias\&quot;:null,\&quot;FixedContent\&quot;:null,\&quot;MappedContentDelimeter\&quot;:null,\&quot;AutoGenerate\&quot;:true}},{\&quot;Key\&quot;:\&quot;LastUpdatedTime\&quot;,\&quot;Value\&quot;:{\&quot;PostCondition\&quot;:null,\&quot;PreConditon\&quot;:null,\&quot;MappedContent\&quot;:null,\&quot;MappedContentAlias\&quot;:null,\&quot;FixedContent\&quot;:null,\&quot;MappedContentDelimeter\&quot;:null,\&quot;AutoGenerate\&quot;:false}},{\&quot;Key\&quot;:\&quot;Links\&quot;,\&quot;Value\&quot;:{\&quot;PostCondition\&quot;:null,\&quot;PreConditon\&quot;:null,\&quot;MappedContent\&quot;:null,\&quot;MappedContentAlias\&quot;:null,\&quot;FixedContent\&quot;:\&quot;http://www.mapbutcher.com\&quot;,\&quot;MappedContentDelimeter\&quot;:null,\&quot;AutoGenerate\&quot;:false}},{\&quot;Key\&quot;:\&quot;PublishDate\&quot;,\&quot;Value\&quot;:{\&quot;PostCondition\&quot;:null,\&quot;PreConditon\&quot;:null,\&quot;MappedContent\&quot;:null,\&quot;MappedContentAlias\&quot;:null,\&quot;FixedContent\&quot;:null,\&quot;MappedContentDelimeter\&quot;:null,\&quot;AutoGenerate\&quot;:true}},{\&quot;Key\&quot;:\&quot;Summary\&quot;,\&quot;Value\&quot;:{\&quot;PostCondition\&quot;:null,\&quot;PreConditon\&quot;:null,\&quot;MappedContent\&quot;:null,\&quot;MappedContentAlias\&quot;:null,\&quot;FixedContent\&quot;:null,\&quot;MappedContentDelimeter\&quot;:null,\&quot;AutoGenerate\&quot;:false}},{\&quot;Key\&quot;:\&quot;Title\&quot;,\&quot;Value\&quot;:{\&quot;PostCondition\&quot;:null,\&quot;PreConditon\&quot;:null,\&quot;MappedContent\&quot;:null,\&quot;MappedContentAlias\&quot;:null,\&quot;FixedContent\&quot;:null,\&quot;MappedContentDelimeter\&quot;:null,\&quot;AutoGenerate\&quot;:false}}]}}&quot;, &quot;georss&quot;, &quot;{}&quot;, 500, &quot;http://www.w3.org/2005/Atom&quot;, &quot;entry&quot;)" testId="3321bbe20b4d2ea" isPrimary="false" isTestCase="true" isDynamic="false">
                        <codeReference assembly="GPX.Server.Extension.Tests, Version=1.0.0.0, Culture=neutral, PublicKeyToken=null" namespace="GPX.Server.Extension.Tests" type="GPX.Server.Extension.Tests.MockServerTest" member="ExportGeoRSS_AtomFormat_Layer" />
                        <codeLocation path="C:\Git\arcgis-exporter-extension\GPX.Server.Extension.Tests\MockServerTest.cs" line="152" />
                        <metadata>
                          <entry key="TestKind">
                            <value>Test</value>
                          </entry>
                          <entry key="Description">
                            <value>Export Lines GML Atom - test assumes 500 feature limit threshhold set by mock server object</value>
                          </entry>
                        </metadata>
                      </testStep>
                      <children />
                      <result assertCount="0" duration="3.6067867999999996">
                        <outcome status="failed" />
                      </result>
                      <testLog>
                        <streams>
                          <stream name="Failures">
                            <body>
                              <contents>
                                <section name="Execute">
                                  <contents>
                                    <marker class="Exception">
                                      <contents>
                                        <marker class="ExceptionType">
                                          <contents>
                                            <text><![CDATA[System.Xml.XmlException]]></text>
                                          </contents>
                                          <attributes />
                                        </marker>
                                        <text><![CDATA[: ]]></text>
                                        <marker class="ExceptionMessage">
                                          <contents>
                                            <text><![CDATA[Data at the root level is invalid. Line 1, position 1.]]></text>
                                          </contents>
                                          <attributes />
                                        </marker>
                                        <text><![CDATA[
]]></text>
                                        <marker class="ExceptionPropertyName">
                                          <contents>
                                            <text><![CDATA[LineNumber]]></text>
                                          </contents>
                                          <attributes />
                                        </marker>
                                        <text><![CDATA[: ]]></text>
                                        <marker class="ExceptionPropertyValue">
                                          <contents>
                                            <text><![CDATA[1]]></text>
                                          </contents>
                                          <attributes />
                                        </marker>
                                        <text><![CDATA[
]]></text>
                                        <marker class="ExceptionPropertyName">
                                          <contents>
                                            <text><![CDATA[LinePosition]]></text>
                                          </contents>
                                          <attributes />
                                        </marker>
                                        <text><![CDATA[: ]]></text>
                                        <marker class="ExceptionPropertyValue">
                                          <contents>
                                            <text><![CDATA[1]]></text>
                                          </contents>
                                          <attributes />
                                        </marker>
                                        <text><![CDATA[
]]></text>
                                        <marker class="ExceptionPropertyName">
                                          <contents>
                                            <text><![CDATA[SourceUri]]></text>
                                          </contents>
                                          <attributes />
                                        </marker>
                                        <text><![CDATA[: ]]></text>
                                        <marker class="ExceptionPropertyValue">
                                          <contents />
                                          <attributes />
                                        </marker>
                                        <text><![CDATA[
]]></text>
                                        <marker class="StackTrace">
                                          <contents>
                                            <text><![CDATA[   at System.Xml.XmlTextReaderImpl.Throw(Exception e)
   at System.Xml.XmlTextReaderImpl.Throw(String res, String arg)
   at System.Xml.XmlTextReaderImpl.ParseRootLevelWhitespace()
   at System.Xml.XmlTextReaderImpl.ParseDocumentContent()
   at System.Xml.XmlTextReaderImpl.Read()
   at System.Xml.Linq.XDocument.Load(XmlReader reader, LoadOptions options)
   at System.Xml.Linq.XDocument.Load(TextReader textReader, LoadOptions options)
   at System.Xml.Linq.XDocument.Load(TextReader textReader)
   at GPX.Server.Extension.Tests.MockServerTest.ExportGeoRSS_AtomFormat_Layer(String capabilities, String resourceName, String operationName, String operationInput, String outputFormat, String requestProperties, Int32 expectedResult, String nameSpace, String itemElementName) in ]]></text>
                                            <marker class="CodeLocation">
                                              <contents>
                                                <text><![CDATA[C:\Git\arcgis-exporter-extension\GPX.Server.Extension.Tests\MockServerTest.cs:line 159]]></text>
                                              </contents>
                                              <attributes>
                                                <attribute name="line" value="159" />
                                                <attribute name="path" value="C:\Git\arcgis-exporter-extension\GPX.Server.Extension.Tests\MockServerTest.cs" />
                                              </attributes>
                                            </marker>
                                          </contents>
                                          <attributes />
                                        </marker>
                                      </contents>
                                      <attributes />
                                    </marker>
                                  </contents>
                                </section>
                              </contents>
                            </body>
                          </stream>
                        </streams>
                        <attachments />
                      </testLog>
                    </testStepRun>
                    <testStepRun startTime="2012-03-28T20:03:40.116616+11:00" endTime="2012-03-28T20:03:40.5472352+11:00">
                      <testStep id="35d80ffaa250e090" name="ExportGeoRSS_AtomFormat_Layer(&quot;&quot;, &quot;ExportLayers/11&quot;, &quot;ExportLayer&quot;, &quot;{\&quot;filterGeometry\&quot;:null,\&quot;geometryType\&quot;:null,\&quot;where\&quot;:null,\&quot;exportProperties\&quot;:{\&quot;Title\&quot;:\&quot;Californian Urban Areas\&quot;,\&quot;ID\&quot;:\&quot;Feed Id\&quot;,\&quot;Language\&quot;:\&quot;en-us\&quot;,\&quot;CopyRight\&quot;:\&quot;Copyright 2011\&quot;,\&quot;Generator\&quot;:\&quot;http://www.mapbutcher.com\&quot;,\&quot;Description\&quot;:\&quot;A GeoRSS format of Californian Urban Areas\&quot;,\&quot;Link\&quot;:{\&quot;BaseUri\&quot;:null,\&quot;Length\&quot;:0,\&quot;MediaType\&quot;:null,\&quot;RelationshipType\&quot;:null,\&quot;Title\&quot;:\&quot;Mapbutcher\&quot;,\&quot;Uri\&quot;:\&quot;http://www.mapbutcher.com\&quot;},\&quot;Author\&quot;:{\&quot;Email\&quot;:\&quot;mapbutcher@mapbutcher.com\&quot;,\&quot;Name\&quot;:\&quot;Simon\&quot;,\&quot;Uri\&quot;:\&quot;http://www.mapbutcher.com\&quot;},\&quot;GeometryFormat\&quot;:\&quot;GML\&quot;,\&quot;GeometryField\&quot;:\&quot;Shape\&quot;,\&quot;FeedFormat\&quot;:\&quot;Atom\&quot;,\&quot;Items\&quot;:[{\&quot;Key\&quot;:\&quot;Author\&quot;,\&quot;Value\&quot;:{\&quot;PostCondition\&quot;:null,\&quot;PreConditon\&quot;:null,\&quot;MappedContent\&quot;:null,\&quot;MappedContentAlias\&quot;:null,\&quot;FixedContent\&quot;:\&quot;Simon Hope\&quot;,\&quot;MappedContentDelimeter\&quot;:null,\&quot;AutoGenerate\&quot;:false}},{\&quot;Key\&quot;:\&quot;Content\&quot;,\&quot;Value\&quot;:{\&quot;PostCondition\&quot;:null,\&quot;PreConditon\&quot;:null,\&quot;MappedContent\&quot;:null,\&quot;MappedContentAlias\&quot;:null,\&quot;FixedContent\&quot;:null,\&quot;MappedContentDelimeter\&quot;:null,\&quot;AutoGenerate\&quot;:false}},{\&quot;Key\&quot;:\&quot;Contributors\&quot;,\&quot;Value\&quot;:{\&quot;PostCondition\&quot;:null,\&quot;PreConditon\&quot;:null,\&quot;MappedContent\&quot;:null,\&quot;MappedContentAlias\&quot;:null,\&quot;FixedContent\&quot;:\&quot;mapbutcher@mapbutcher.com\&quot;,\&quot;MappedContentDelimeter\&quot;:null,\&quot;AutoGenerate\&quot;:false}},{\&quot;Key\&quot;:\&quot;Copyright\&quot;,\&quot;Value\&quot;:{\&quot;PostCondition\&quot;:null,\&quot;PreConditon\&quot;:null,\&quot;MappedContent\&quot;:null,\&quot;MappedContentAlias\&quot;:null,\&quot;FixedContent\&quot;:\&quot;Copyright 2011\&quot;,\&quot;MappedContentDelimeter\&quot;:null,\&quot;AutoGenerate\&quot;:false}},{\&quot;Key\&quot;:\&quot;Id\&quot;,\&quot;Value\&quot;:{\&quot;PostCondition\&quot;:null,\&quot;PreConditon\&quot;:null,\&quot;MappedContent\&quot;:\&quot;UFI\&quot;,\&quot;MappedContentAlias\&quot;:null,\&quot;FixedContent\&quot;:null,\&quot;MappedContentDelimeter\&quot;:null,\&quot;AutoGenerate\&quot;:true}},{\&quot;Key\&quot;:\&quot;LastUpdatedTime\&quot;,\&quot;Value\&quot;:{\&quot;PostCondition\&quot;:null,\&quot;PreConditon\&quot;:null,\&quot;MappedContent\&quot;:null,\&quot;MappedContentAlias\&quot;:null,\&quot;FixedContent\&quot;:null,\&quot;MappedContentDelimeter\&quot;:null,\&quot;AutoGenerate\&quot;:false}},{\&quot;Key\&quot;:\&quot;Links\&quot;,\&quot;Value\&quot;:{\&quot;PostCondition\&quot;:null,\&quot;PreConditon\&quot;:null,\&quot;MappedContent\&quot;:null,\&quot;MappedContentAlias\&quot;:null,\&quot;FixedContent\&quot;:\&quot;http://www.mapbutcher.com\&quot;,\&quot;MappedContentDelimeter\&quot;:null,\&quot;AutoGenerate\&quot;:false}},{\&quot;Key\&quot;:\&quot;PublishDate\&quot;,\&quot;Value\&quot;:{\&quot;PostCondition\&quot;:null,\&quot;PreConditon\&quot;:null,\&quot;MappedContent\&quot;:null,\&quot;MappedContentAlias\&quot;:null,\&quot;FixedContent\&quot;:null,\&quot;MappedContentDelimeter\&quot;:null,\&quot;AutoGenerate\&quot;:true}},{\&quot;Key\&quot;:\&quot;Summary\&quot;,\&quot;Value\&quot;:{\&quot;PostCondition\&quot;:null,\&quot;PreConditon\&quot;:null,\&quot;MappedContent\&quot;:null,\&quot;MappedContentAlias\&quot;:null,\&quot;FixedContent\&quot;:null,\&quot;MappedContentDelimeter\&quot;:null,\&quot;AutoGenerate\&quot;:false}},{\&quot;Key\&quot;:\&quot;Title\&quot;,\&quot;Value\&quot;:{\&quot;PostCondition\&quot;:null,\&quot;PreConditon\&quot;:null,\&quot;MappedContent\&quot;:null,\&quot;MappedContentAlias\&quot;:null,\&quot;FixedContent\&quot;:null,\&quot;MappedContentDelimeter\&quot;:null,\&quot;AutoGenerate\&quot;:false}}]}}&quot;, &quot;georss&quot;, &quot;{}&quot;, 38, &quot;http://www.w3.org/2005/Atom&quot;, &quot;entry&quot;)" fullName="GPX.Server.Extension.Tests/MockServerTest/ExportGeoRSS_AtomFormat_Layer/ExportGeoRSS_AtomFormat_Layer(&quot;&quot;, &quot;ExportLayers/11&quot;, &quot;ExportLayer&quot;, &quot;{\&quot;filterGeometry\&quot;:null,\&quot;geometryType\&quot;:null,\&quot;where\&quot;:null,\&quot;exportProperties\&quot;:{\&quot;Title\&quot;:\&quot;Californian Urban Areas\&quot;,\&quot;ID\&quot;:\&quot;Feed Id\&quot;,\&quot;Language\&quot;:\&quot;en-us\&quot;,\&quot;CopyRight\&quot;:\&quot;Copyright 2011\&quot;,\&quot;Generator\&quot;:\&quot;http://www.mapbutcher.com\&quot;,\&quot;Description\&quot;:\&quot;A GeoRSS format of Californian Urban Areas\&quot;,\&quot;Link\&quot;:{\&quot;BaseUri\&quot;:null,\&quot;Length\&quot;:0,\&quot;MediaType\&quot;:null,\&quot;RelationshipType\&quot;:null,\&quot;Title\&quot;:\&quot;Mapbutcher\&quot;,\&quot;Uri\&quot;:\&quot;http://www.mapbutcher.com\&quot;},\&quot;Author\&quot;:{\&quot;Email\&quot;:\&quot;mapbutcher@mapbutcher.com\&quot;,\&quot;Name\&quot;:\&quot;Simon\&quot;,\&quot;Uri\&quot;:\&quot;http://www.mapbutcher.com\&quot;},\&quot;GeometryFormat\&quot;:\&quot;GML\&quot;,\&quot;GeometryField\&quot;:\&quot;Shape\&quot;,\&quot;FeedFormat\&quot;:\&quot;Atom\&quot;,\&quot;Items\&quot;:[{\&quot;Key\&quot;:\&quot;Author\&quot;,\&quot;Value\&quot;:{\&quot;PostCondition\&quot;:null,\&quot;PreConditon\&quot;:null,\&quot;MappedContent\&quot;:null,\&quot;MappedContentAlias\&quot;:null,\&quot;FixedContent\&quot;:\&quot;Simon Hope\&quot;,\&quot;MappedContentDelimeter\&quot;:null,\&quot;AutoGenerate\&quot;:false}},{\&quot;Key\&quot;:\&quot;Content\&quot;,\&quot;Value\&quot;:{\&quot;PostCondition\&quot;:null,\&quot;PreConditon\&quot;:null,\&quot;MappedContent\&quot;:null,\&quot;MappedContentAlias\&quot;:null,\&quot;FixedContent\&quot;:null,\&quot;MappedContentDelimeter\&quot;:null,\&quot;AutoGenerate\&quot;:false}},{\&quot;Key\&quot;:\&quot;Contributors\&quot;,\&quot;Value\&quot;:{\&quot;PostCondition\&quot;:null,\&quot;PreConditon\&quot;:null,\&quot;MappedContent\&quot;:null,\&quot;MappedContentAlias\&quot;:null,\&quot;FixedContent\&quot;:\&quot;mapbutcher@mapbutcher.com\&quot;,\&quot;MappedContentDelimeter\&quot;:null,\&quot;AutoGenerate\&quot;:false}},{\&quot;Key\&quot;:\&quot;Copyright\&quot;,\&quot;Value\&quot;:{\&quot;PostCondition\&quot;:null,\&quot;PreConditon\&quot;:null,\&quot;MappedContent\&quot;:null,\&quot;MappedContentAlias\&quot;:null,\&quot;FixedContent\&quot;:\&quot;Copyright 2011\&quot;,\&quot;MappedContentDelimeter\&quot;:null,\&quot;AutoGenerate\&quot;:false}},{\&quot;Key\&quot;:\&quot;Id\&quot;,\&quot;Value\&quot;:{\&quot;PostCondition\&quot;:null,\&quot;PreConditon\&quot;:null,\&quot;MappedContent\&quot;:\&quot;UFI\&quot;,\&quot;MappedContentAlias\&quot;:null,\&quot;FixedContent\&quot;:null,\&quot;MappedContentDelimeter\&quot;:null,\&quot;AutoGenerate\&quot;:true}},{\&quot;Key\&quot;:\&quot;LastUpdatedTime\&quot;,\&quot;Value\&quot;:{\&quot;PostCondition\&quot;:null,\&quot;PreConditon\&quot;:null,\&quot;MappedContent\&quot;:null,\&quot;MappedContentAlias\&quot;:null,\&quot;FixedContent\&quot;:null,\&quot;MappedContentDelimeter\&quot;:null,\&quot;AutoGenerate\&quot;:false}},{\&quot;Key\&quot;:\&quot;Links\&quot;,\&quot;Value\&quot;:{\&quot;PostCondition\&quot;:null,\&quot;PreConditon\&quot;:null,\&quot;MappedContent\&quot;:null,\&quot;MappedContentAlias\&quot;:null,\&quot;FixedContent\&quot;:\&quot;http://www.mapbutcher.com\&quot;,\&quot;MappedContentDelimeter\&quot;:null,\&quot;AutoGenerate\&quot;:false}},{\&quot;Key\&quot;:\&quot;PublishDate\&quot;,\&quot;Value\&quot;:{\&quot;PostCondition\&quot;:null,\&quot;PreConditon\&quot;:null,\&quot;MappedContent\&quot;:null,\&quot;MappedContentAlias\&quot;:null,\&quot;FixedContent\&quot;:null,\&quot;MappedContentDelimeter\&quot;:null,\&quot;AutoGenerate\&quot;:true}},{\&quot;Key\&quot;:\&quot;Summary\&quot;,\&quot;Value\&quot;:{\&quot;PostCondition\&quot;:null,\&quot;PreConditon\&quot;:null,\&quot;MappedContent\&quot;:null,\&quot;MappedContentAlias\&quot;:null,\&quot;FixedContent\&quot;:null,\&quot;MappedContentDelimeter\&quot;:null,\&quot;AutoGenerate\&quot;:false}},{\&quot;Key\&quot;:\&quot;Title\&quot;,\&quot;Value\&quot;:{\&quot;PostCondition\&quot;:null,\&quot;PreConditon\&quot;:null,\&quot;MappedContent\&quot;:null,\&quot;MappedContentAlias\&quot;:null,\&quot;FixedContent\&quot;:null,\&quot;MappedContentDelimeter\&quot;:null,\&quot;AutoGenerate\&quot;:false}}]}}&quot;, &quot;georss&quot;, &quot;{}&quot;, 38, &quot;http://www.w3.org/2005/Atom&quot;, &quot;entry&quot;)" testId="3321bbe20b4d2ea" isPrimary="false" isTestCase="true" isDynamic="false">
                        <codeReference assembly="GPX.Server.Extension.Tests, Version=1.0.0.0, Culture=neutral, PublicKeyToken=null" namespace="GPX.Server.Extension.Tests" type="GPX.Server.Extension.Tests.MockServerTest" member="ExportGeoRSS_AtomFormat_Layer" />
                        <codeLocation path="C:\Git\arcgis-exporter-extension\GPX.Server.Extension.Tests\MockServerTest.cs" line="152" />
                        <metadata>
                          <entry key="TestKind">
                            <value>Test</value>
                          </entry>
                          <entry key="Description">
                            <value>Export Polygon GML Atom</value>
                          </entry>
                        </metadata>
                      </testStep>
                      <children />
                      <result assertCount="0" duration="0.41226019999999997">
                        <outcome status="failed" />
                      </result>
                      <testLog>
                        <streams>
                          <stream name="Failures">
                            <body>
                              <contents>
                                <section name="Execute">
                                  <contents>
                                    <marker class="Exception">
                                      <contents>
                                        <marker class="ExceptionType">
                                          <contents>
                                            <text><![CDATA[System.Xml.XmlException]]></text>
                                          </contents>
                                          <attributes />
                                        </marker>
                                        <text><![CDATA[: ]]></text>
                                        <marker class="ExceptionMessage">
                                          <contents>
                                            <text><![CDATA[Data at the root level is invalid. Line 1, position 1.]]></text>
                                          </contents>
                                          <attributes />
                                        </marker>
                                        <text><![CDATA[
]]></text>
                                        <marker class="ExceptionPropertyName">
                                          <contents>
                                            <text><![CDATA[LineNumber]]></text>
                                          </contents>
                                          <attributes />
                                        </marker>
                                        <text><![CDATA[: ]]></text>
                                        <marker class="ExceptionPropertyValue">
                                          <contents>
                                            <text><![CDATA[1]]></text>
                                          </contents>
                                          <attributes />
                                        </marker>
                                        <text><![CDATA[
]]></text>
                                        <marker class="ExceptionPropertyName">
                                          <contents>
                                            <text><![CDATA[LinePosition]]></text>
                                          </contents>
                                          <attributes />
                                        </marker>
                                        <text><![CDATA[: ]]></text>
                                        <marker class="ExceptionPropertyValue">
                                          <contents>
                                            <text><![CDATA[1]]></text>
                                          </contents>
                                          <attributes />
                                        </marker>
                                        <text><![CDATA[
]]></text>
                                        <marker class="ExceptionPropertyName">
                                          <contents>
                                            <text><![CDATA[SourceUri]]></text>
                                          </contents>
                                          <attributes />
                                        </marker>
                                        <text><![CDATA[: ]]></text>
                                        <marker class="ExceptionPropertyValue">
                                          <contents />
                                          <attributes />
                                        </marker>
                                        <text><![CDATA[
]]></text>
                                        <marker class="StackTrace">
                                          <contents>
                                            <text><![CDATA[   at System.Xml.XmlTextReaderImpl.Throw(Exception e)
   at System.Xml.XmlTextReaderImpl.Throw(String res, String arg)
   at System.Xml.XmlTextReaderImpl.ParseRootLevelWhitespace()
   at System.Xml.XmlTextReaderImpl.ParseDocumentContent()
   at System.Xml.XmlTextReaderImpl.Read()
   at System.Xml.Linq.XDocument.Load(XmlReader reader, LoadOptions options)
   at System.Xml.Linq.XDocument.Load(TextReader textReader, LoadOptions options)
   at System.Xml.Linq.XDocument.Load(TextReader textReader)
   at GPX.Server.Extension.Tests.MockServerTest.ExportGeoRSS_AtomFormat_Layer(String capabilities, String resourceName, String operationName, String operationInput, String outputFormat, String requestProperties, Int32 expectedResult, String nameSpace, String itemElementName) in ]]></text>
                                            <marker class="CodeLocation">
                                              <contents>
                                                <text><![CDATA[C:\Git\arcgis-exporter-extension\GPX.Server.Extension.Tests\MockServerTest.cs:line 159]]></text>
                                              </contents>
                                              <attributes>
                                                <attribute name="line" value="159" />
                                                <attribute name="path" value="C:\Git\arcgis-exporter-extension\GPX.Server.Extension.Tests\MockServerTest.cs" />
                                              </attributes>
                                            </marker>
                                          </contents>
                                          <attributes />
                                        </marker>
                                      </contents>
                                      <attributes />
                                    </marker>
                                  </contents>
                                </section>
                              </contents>
                            </body>
                          </stream>
                        </streams>
                        <attachments />
                      </testLog>
                    </testStepRun>
                    <testStepRun startTime="2012-03-28T20:03:40.5472352+11:00" endTime="2012-03-28T20:03:40.9077536+11:00">
                      <testStep id="da119f2d2e262b3f" name="ExportGeoRSS_AtomFormat_Layer(&quot;&quot;, &quot;ExportLayers/2&quot;, &quot;ExportLayer&quot;, &quot;{\&quot;filterGeometry\&quot;:null,\&quot;geometryType\&quot;:null,\&quot;where\&quot;:null,\&quot;exportProperties\&quot;:{\&quot;Title\&quot;:\&quot;Californian EarthQuakes\&quot;,\&quot;ID\&quot;:\&quot;Feed Id\&quot;,\&quot;Language\&quot;:\&quot;en-us\&quot;,\&quot;CopyRight\&quot;:\&quot;Copyright 2011\&quot;,\&quot;Generator\&quot;:\&quot;http://www.mapbutcher.com\&quot;,\&quot;Description\&quot;:\&quot;A GeoRSS format of Californian EarthQuakes\&quot;,\&quot;Link\&quot;:{\&quot;BaseUri\&quot;:null,\&quot;Length\&quot;:0,\&quot;MediaType\&quot;:null,\&quot;RelationshipType\&quot;:null,\&quot;Title\&quot;:\&quot;Mapbutcher\&quot;,\&quot;Uri\&quot;:\&quot;http://www.mapbutcher.com\&quot;},\&quot;Author\&quot;:{\&quot;Email\&quot;:\&quot;mapbutcher@mapbutcher.com\&quot;,\&quot;Name\&quot;:\&quot;Simon\&quot;,\&quot;Uri\&quot;:\&quot;http://www.mapbutcher.com\&quot;},\&quot;GeometryFormat\&quot;:\&quot;simple\&quot;,\&quot;GeometryField\&quot;:\&quot;Shape\&quot;,\&quot;FeedFormat\&quot;:\&quot;Atom\&quot;,\&quot;Items\&quot;:[{\&quot;Key\&quot;:\&quot;Author\&quot;,\&quot;Value\&quot;:{\&quot;PostCondition\&quot;:null,\&quot;PreConditon\&quot;:null,\&quot;MappedContent\&quot;:null,\&quot;MappedContentAlias\&quot;:null,\&quot;FixedContent\&quot;:\&quot;Simon Hope\&quot;,\&quot;MappedContentDelimeter\&quot;:null,\&quot;AutoGenerate\&quot;:false}},{\&quot;Key\&quot;:\&quot;Content\&quot;,\&quot;Value\&quot;:{\&quot;PostCondition\&quot;:null,\&quot;PreConditon\&quot;:null,\&quot;MappedContent\&quot;:null,\&quot;MappedContentAlias\&quot;:null,\&quot;FixedContent\&quot;:null,\&quot;MappedContentDelimeter\&quot;:null,\&quot;AutoGenerate\&quot;:false}},{\&quot;Key\&quot;:\&quot;Contributors\&quot;,\&quot;Value\&quot;:{\&quot;PostCondition\&quot;:null,\&quot;PreConditon\&quot;:null,\&quot;MappedContent\&quot;:null,\&quot;MappedContentAlias\&quot;:null,\&quot;FixedContent\&quot;:\&quot;mapbutcher@mapbutcher.com\&quot;,\&quot;MappedContentDelimeter\&quot;:null,\&quot;AutoGenerate\&quot;:false}},{\&quot;Key\&quot;:\&quot;Copyright\&quot;,\&quot;Value\&quot;:{\&quot;PostCondition\&quot;:null,\&quot;PreConditon\&quot;:null,\&quot;MappedContent\&quot;:null,\&quot;MappedContentAlias\&quot;:null,\&quot;FixedContent\&quot;:\&quot;Copyright 2011\&quot;,\&quot;MappedContentDelimeter\&quot;:null,\&quot;AutoGenerate\&quot;:false}},{\&quot;Key\&quot;:\&quot;Id\&quot;,\&quot;Value\&quot;:{\&quot;PostCondition\&quot;:null,\&quot;PreConditon\&quot;:null,\&quot;MappedContent\&quot;:\&quot;UFI\&quot;,\&quot;MappedContentAlias\&quot;:null,\&quot;FixedContent\&quot;:null,\&quot;MappedContentDelimeter\&quot;:null,\&quot;AutoGenerate\&quot;:true}},{\&quot;Key\&quot;:\&quot;LastUpdatedTime\&quot;,\&quot;Value\&quot;:{\&quot;PostCondition\&quot;:null,\&quot;PreConditon\&quot;:null,\&quot;MappedContent\&quot;:null,\&quot;MappedContentAlias\&quot;:null,\&quot;FixedContent\&quot;:null,\&quot;MappedContentDelimeter\&quot;:null,\&quot;AutoGenerate\&quot;:false}},{\&quot;Key\&quot;:\&quot;Links\&quot;,\&quot;Value\&quot;:{\&quot;PostCondition\&quot;:null,\&quot;PreConditon\&quot;:null,\&quot;MappedContent\&quot;:null,\&quot;MappedContentAlias\&quot;:null,\&quot;FixedContent\&quot;:\&quot;http://www.mapbutcher.com\&quot;,\&quot;MappedContentDelimeter\&quot;:null,\&quot;AutoGenerate\&quot;:false}},{\&quot;Key\&quot;:\&quot;PublishDate\&quot;,\&quot;Value\&quot;:{\&quot;PostCondition\&quot;:null,\&quot;PreConditon\&quot;:null,\&quot;MappedContent\&quot;:null,\&quot;MappedContentAlias\&quot;:null,\&quot;FixedContent\&quot;:null,\&quot;MappedContentDelimeter\&quot;:null,\&quot;AutoGenerate\&quot;:true}},{\&quot;Key\&quot;:\&quot;Summary\&quot;,\&quot;Value\&quot;:{\&quot;PostCondition\&quot;:null,\&quot;PreConditon\&quot;:null,\&quot;MappedContent\&quot;:null,\&quot;MappedContentAlias\&quot;:null,\&quot;FixedContent\&quot;:null,\&quot;MappedContentDelimeter\&quot;:null,\&quot;AutoGenerate\&quot;:false}},{\&quot;Key\&quot;:\&quot;Title\&quot;,\&quot;Value\&quot;:{\&quot;PostCondition\&quot;:null,\&quot;PreConditon\&quot;:null,\&quot;MappedContent\&quot;:null,\&quot;MappedContentAlias\&quot;:null,\&quot;FixedContent\&quot;:null,\&quot;MappedContentDelimeter\&quot;:null,\&quot;AutoGenerate\&quot;:false}}]}}&quot;, &quot;georss&quot;, &quot;{}&quot;, 221, &quot;http://www.w3.org/2005/Atom&quot;, &quot;entry&quot;)" fullName="GPX.Server.Extension.Tests/MockServerTest/ExportGeoRSS_AtomFormat_Layer/ExportGeoRSS_AtomFormat_Layer(&quot;&quot;, &quot;ExportLayers/2&quot;, &quot;ExportLayer&quot;, &quot;{\&quot;filterGeometry\&quot;:null,\&quot;geometryType\&quot;:null,\&quot;where\&quot;:null,\&quot;exportProperties\&quot;:{\&quot;Title\&quot;:\&quot;Californian EarthQuakes\&quot;,\&quot;ID\&quot;:\&quot;Feed Id\&quot;,\&quot;Language\&quot;:\&quot;en-us\&quot;,\&quot;CopyRight\&quot;:\&quot;Copyright 2011\&quot;,\&quot;Generator\&quot;:\&quot;http://www.mapbutcher.com\&quot;,\&quot;Description\&quot;:\&quot;A GeoRSS format of Californian EarthQuakes\&quot;,\&quot;Link\&quot;:{\&quot;BaseUri\&quot;:null,\&quot;Length\&quot;:0,\&quot;MediaType\&quot;:null,\&quot;RelationshipType\&quot;:null,\&quot;Title\&quot;:\&quot;Mapbutcher\&quot;,\&quot;Uri\&quot;:\&quot;http://www.mapbutcher.com\&quot;},\&quot;Author\&quot;:{\&quot;Email\&quot;:\&quot;mapbutcher@mapbutcher.com\&quot;,\&quot;Name\&quot;:\&quot;Simon\&quot;,\&quot;Uri\&quot;:\&quot;http://www.mapbutcher.com\&quot;},\&quot;GeometryFormat\&quot;:\&quot;simple\&quot;,\&quot;GeometryField\&quot;:\&quot;Shape\&quot;,\&quot;FeedFormat\&quot;:\&quot;Atom\&quot;,\&quot;Items\&quot;:[{\&quot;Key\&quot;:\&quot;Author\&quot;,\&quot;Value\&quot;:{\&quot;PostCondition\&quot;:null,\&quot;PreConditon\&quot;:null,\&quot;MappedContent\&quot;:null,\&quot;MappedContentAlias\&quot;:null,\&quot;FixedContent\&quot;:\&quot;Simon Hope\&quot;,\&quot;MappedContentDelimeter\&quot;:null,\&quot;AutoGenerate\&quot;:false}},{\&quot;Key\&quot;:\&quot;Content\&quot;,\&quot;Value\&quot;:{\&quot;PostCondition\&quot;:null,\&quot;PreConditon\&quot;:null,\&quot;MappedContent\&quot;:null,\&quot;MappedContentAlias\&quot;:null,\&quot;FixedContent\&quot;:null,\&quot;MappedContentDelimeter\&quot;:null,\&quot;AutoGenerate\&quot;:false}},{\&quot;Key\&quot;:\&quot;Contributors\&quot;,\&quot;Value\&quot;:{\&quot;PostCondition\&quot;:null,\&quot;PreConditon\&quot;:null,\&quot;MappedContent\&quot;:null,\&quot;MappedContentAlias\&quot;:null,\&quot;FixedContent\&quot;:\&quot;mapbutcher@mapbutcher.com\&quot;,\&quot;MappedContentDelimeter\&quot;:null,\&quot;AutoGenerate\&quot;:false}},{\&quot;Key\&quot;:\&quot;Copyright\&quot;,\&quot;Value\&quot;:{\&quot;PostCondition\&quot;:null,\&quot;PreConditon\&quot;:null,\&quot;MappedContent\&quot;:null,\&quot;MappedContentAlias\&quot;:null,\&quot;FixedContent\&quot;:\&quot;Copyright 2011\&quot;,\&quot;MappedContentDelimeter\&quot;:null,\&quot;AutoGenerate\&quot;:false}},{\&quot;Key\&quot;:\&quot;Id\&quot;,\&quot;Value\&quot;:{\&quot;PostCondition\&quot;:null,\&quot;PreConditon\&quot;:null,\&quot;MappedContent\&quot;:\&quot;UFI\&quot;,\&quot;MappedContentAlias\&quot;:null,\&quot;FixedContent\&quot;:null,\&quot;MappedContentDelimeter\&quot;:null,\&quot;AutoGenerate\&quot;:true}},{\&quot;Key\&quot;:\&quot;LastUpdatedTime\&quot;,\&quot;Value\&quot;:{\&quot;PostCondition\&quot;:null,\&quot;PreConditon\&quot;:null,\&quot;MappedContent\&quot;:null,\&quot;MappedContentAlias\&quot;:null,\&quot;FixedContent\&quot;:null,\&quot;MappedContentDelimeter\&quot;:null,\&quot;AutoGenerate\&quot;:false}},{\&quot;Key\&quot;:\&quot;Links\&quot;,\&quot;Value\&quot;:{\&quot;PostCondition\&quot;:null,\&quot;PreConditon\&quot;:null,\&quot;MappedContent\&quot;:null,\&quot;MappedContentAlias\&quot;:null,\&quot;FixedContent\&quot;:\&quot;http://www.mapbutcher.com\&quot;,\&quot;MappedContentDelimeter\&quot;:null,\&quot;AutoGenerate\&quot;:false}},{\&quot;Key\&quot;:\&quot;PublishDate\&quot;,\&quot;Value\&quot;:{\&quot;PostCondition\&quot;:null,\&quot;PreConditon\&quot;:null,\&quot;MappedContent\&quot;:null,\&quot;MappedContentAlias\&quot;:null,\&quot;FixedContent\&quot;:null,\&quot;MappedContentDelimeter\&quot;:null,\&quot;AutoGenerate\&quot;:true}},{\&quot;Key\&quot;:\&quot;Summary\&quot;,\&quot;Value\&quot;:{\&quot;PostCondition\&quot;:null,\&quot;PreConditon\&quot;:null,\&quot;MappedContent\&quot;:null,\&quot;MappedContentAlias\&quot;:null,\&quot;FixedContent\&quot;:null,\&quot;MappedContentDelimeter\&quot;:null,\&quot;AutoGenerate\&quot;:false}},{\&quot;Key\&quot;:\&quot;Title\&quot;,\&quot;Value\&quot;:{\&quot;PostCondition\&quot;:null,\&quot;PreConditon\&quot;:null,\&quot;MappedContent\&quot;:null,\&quot;MappedContentAlias\&quot;:null,\&quot;FixedContent\&quot;:null,\&quot;MappedContentDelimeter\&quot;:null,\&quot;AutoGenerate\&quot;:false}}]}}&quot;, &quot;georss&quot;, &quot;{}&quot;, 221, &quot;http://www.w3.org/2005/Atom&quot;, &quot;entry&quot;)" testId="3321bbe20b4d2ea" isPrimary="false" isTestCase="true" isDynamic="false">
                        <codeReference assembly="GPX.Server.Extension.Tests, Version=1.0.0.0, Culture=neutral, PublicKeyToken=null" namespace="GPX.Server.Extension.Tests" type="GPX.Server.Extension.Tests.MockServerTest" member="ExportGeoRSS_AtomFormat_Layer" />
                        <codeLocation path="C:\Git\arcgis-exporter-extension\GPX.Server.Extension.Tests\MockServerTest.cs" line="152" />
                        <metadata>
                          <entry key="TestKind">
                            <value>Test</value>
                          </entry>
                          <entry key="Description">
                            <value>Export Points Simple Atom</value>
                          </entry>
                        </metadata>
                      </testStep>
                      <children />
                      <result assertCount="0" duration="0.3866466">
                        <outcome status="failed" />
                      </result>
                      <testLog>
                        <streams>
                          <stream name="Failures">
                            <body>
                              <contents>
                                <section name="Execute">
                                  <contents>
                                    <marker class="Exception">
                                      <contents>
                                        <marker class="ExceptionType">
                                          <contents>
                                            <text><![CDATA[System.Xml.XmlException]]></text>
                                          </contents>
                                          <attributes />
                                        </marker>
                                        <text><![CDATA[: ]]></text>
                                        <marker class="ExceptionMessage">
                                          <contents>
                                            <text><![CDATA[Data at the root level is invalid. Line 1, position 1.]]></text>
                                          </contents>
                                          <attributes />
                                        </marker>
                                        <text><![CDATA[
]]></text>
                                        <marker class="ExceptionPropertyName">
                                          <contents>
                                            <text><![CDATA[LineNumber]]></text>
                                          </contents>
                                          <attributes />
                                        </marker>
                                        <text><![CDATA[: ]]></text>
                                        <marker class="ExceptionPropertyValue">
                                          <contents>
                                            <text><![CDATA[1]]></text>
                                          </contents>
                                          <attributes />
                                        </marker>
                                        <text><![CDATA[
]]></text>
                                        <marker class="ExceptionPropertyName">
                                          <contents>
                                            <text><![CDATA[LinePosition]]></text>
                                          </contents>
                                          <attributes />
                                        </marker>
                                        <text><![CDATA[: ]]></text>
                                        <marker class="ExceptionPropertyValue">
                                          <contents>
                                            <text><![CDATA[1]]></text>
                                          </contents>
                                          <attributes />
                                        </marker>
                                        <text><![CDATA[
]]></text>
                                        <marker class="ExceptionPropertyName">
                                          <contents>
                                            <text><![CDATA[SourceUri]]></text>
                                          </contents>
                                          <attributes />
                                        </marker>
                                        <text><![CDATA[: ]]></text>
                                        <marker class="ExceptionPropertyValue">
                                          <contents />
                                          <attributes />
                                        </marker>
                                        <text><![CDATA[
]]></text>
                                        <marker class="StackTrace">
                                          <contents>
                                            <text><![CDATA[   at System.Xml.XmlTextReaderImpl.Throw(Exception e)
   at System.Xml.XmlTextReaderImpl.Throw(String res, String arg)
   at System.Xml.XmlTextReaderImpl.ParseRootLevelWhitespace()
   at System.Xml.XmlTextReaderImpl.ParseDocumentContent()
   at System.Xml.XmlTextReaderImpl.Read()
   at System.Xml.Linq.XDocument.Load(XmlReader reader, LoadOptions options)
   at System.Xml.Linq.XDocument.Load(TextReader textReader, LoadOptions options)
   at System.Xml.Linq.XDocument.Load(TextReader textReader)
   at GPX.Server.Extension.Tests.MockServerTest.ExportGeoRSS_AtomFormat_Layer(String capabilities, String resourceName, String operationName, String operationInput, String outputFormat, String requestProperties, Int32 expectedResult, String nameSpace, String itemElementName) in ]]></text>
                                            <marker class="CodeLocation">
                                              <contents>
                                                <text><![CDATA[C:\Git\arcgis-exporter-extension\GPX.Server.Extension.Tests\MockServerTest.cs:line 159]]></text>
                                              </contents>
                                              <attributes>
                                                <attribute name="line" value="159" />
                                                <attribute name="path" value="C:\Git\arcgis-exporter-extension\GPX.Server.Extension.Tests\MockServerTest.cs" />
                                              </attributes>
                                            </marker>
                                          </contents>
                                          <attributes />
                                        </marker>
                                      </contents>
                                      <attributes />
                                    </marker>
                                  </contents>
                                </section>
                              </contents>
                            </body>
                          </stream>
                        </streams>
                        <attachments />
                      </testLog>
                    </testStepRun>
                    <testStepRun startTime="2012-03-28T20:03:40.9077536+11:00" endTime="2012-03-28T20:03:41.3283584+11:00">
                      <testStep id="bf12053eff35ab4" name="ExportGeoRSS_AtomFormat_Layer(&quot;&quot;, &quot;ExportLayers/11&quot;, &quot;ExportLayer&quot;, &quot;{\&quot;filterGeometry\&quot;:null,\&quot;geometryType\&quot;:null,\&quot;where\&quot;:null,\&quot;exportProperties\&quot;:{\&quot;Title\&quot;:\&quot;Californian Urban Areas\&quot;,\&quot;ID\&quot;:\&quot;Feed Id\&quot;,\&quot;Language\&quot;:\&quot;en-us\&quot;,\&quot;CopyRight\&quot;:\&quot;Copyright 2011\&quot;,\&quot;Generator\&quot;:\&quot;http://www.mapbutcher.com\&quot;,\&quot;Description\&quot;:\&quot;A GeoRSS format of Californian Urban Areas\&quot;,\&quot;Link\&quot;:{\&quot;BaseUri\&quot;:null,\&quot;Length\&quot;:0,\&quot;MediaType\&quot;:null,\&quot;RelationshipType\&quot;:null,\&quot;Title\&quot;:\&quot;Mapbutcher\&quot;,\&quot;Uri\&quot;:\&quot;http://www.mapbutcher.com\&quot;},\&quot;Author\&quot;:{\&quot;Email\&quot;:\&quot;mapbutcher@mapbutcher.com\&quot;,\&quot;Name\&quot;:\&quot;Simon\&quot;,\&quot;Uri\&quot;:\&quot;http://www.mapbutcher.com\&quot;},\&quot;GeometryFormat\&quot;:\&quot;Simple\&quot;,\&quot;GeometryField\&quot;:\&quot;Shape\&quot;,\&quot;FeedFormat\&quot;:\&quot;Atom\&quot;,\&quot;Items\&quot;:[{\&quot;Key\&quot;:\&quot;Author\&quot;,\&quot;Value\&quot;:{\&quot;PostCondition\&quot;:null,\&quot;PreConditon\&quot;:null,\&quot;MappedContent\&quot;:null,\&quot;MappedContentAlias\&quot;:null,\&quot;FixedContent\&quot;:\&quot;Simon Hope\&quot;,\&quot;MappedContentDelimeter\&quot;:null,\&quot;AutoGenerate\&quot;:false}},{\&quot;Key\&quot;:\&quot;Content\&quot;,\&quot;Value\&quot;:{\&quot;PostCondition\&quot;:null,\&quot;PreConditon\&quot;:null,\&quot;MappedContent\&quot;:null,\&quot;MappedContentAlias\&quot;:null,\&quot;FixedContent\&quot;:null,\&quot;MappedContentDelimeter\&quot;:null,\&quot;AutoGenerate\&quot;:false}},{\&quot;Key\&quot;:\&quot;Contributors\&quot;,\&quot;Value\&quot;:{\&quot;PostCondition\&quot;:null,\&quot;PreConditon\&quot;:null,\&quot;MappedContent\&quot;:null,\&quot;MappedContentAlias\&quot;:null,\&quot;FixedContent\&quot;:\&quot;mapbutcher@mapbutcher.com\&quot;,\&quot;MappedContentDelimeter\&quot;:null,\&quot;AutoGenerate\&quot;:false}},{\&quot;Key\&quot;:\&quot;Copyright\&quot;,\&quot;Value\&quot;:{\&quot;PostCondition\&quot;:null,\&quot;PreConditon\&quot;:null,\&quot;MappedContent\&quot;:null,\&quot;MappedContentAlias\&quot;:null,\&quot;FixedContent\&quot;:\&quot;Copyright 2011\&quot;,\&quot;MappedContentDelimeter\&quot;:null,\&quot;AutoGenerate\&quot;:false}},{\&quot;Key\&quot;:\&quot;Id\&quot;,\&quot;Value\&quot;:{\&quot;PostCondition\&quot;:null,\&quot;PreConditon\&quot;:null,\&quot;MappedContent\&quot;:\&quot;UFI\&quot;,\&quot;MappedContentAlias\&quot;:null,\&quot;FixedContent\&quot;:null,\&quot;MappedContentDelimeter\&quot;:null,\&quot;AutoGenerate\&quot;:true}},{\&quot;Key\&quot;:\&quot;LastUpdatedTime\&quot;,\&quot;Value\&quot;:{\&quot;PostCondition\&quot;:null,\&quot;PreConditon\&quot;:null,\&quot;MappedContent\&quot;:null,\&quot;MappedContentAlias\&quot;:null,\&quot;FixedContent\&quot;:null,\&quot;MappedContentDelimeter\&quot;:null,\&quot;AutoGenerate\&quot;:false}},{\&quot;Key\&quot;:\&quot;Links\&quot;,\&quot;Value\&quot;:{\&quot;PostCondition\&quot;:null,\&quot;PreConditon\&quot;:null,\&quot;MappedContent\&quot;:null,\&quot;MappedContentAlias\&quot;:null,\&quot;FixedContent\&quot;:\&quot;http://www.mapbutcher.com\&quot;,\&quot;MappedContentDelimeter\&quot;:null,\&quot;AutoGenerate\&quot;:false}},{\&quot;Key\&quot;:\&quot;PublishDate\&quot;,\&quot;Value\&quot;:{\&quot;PostCondition\&quot;:null,\&quot;PreConditon\&quot;:null,\&quot;MappedContent\&quot;:null,\&quot;MappedContentAlias\&quot;:null,\&quot;FixedContent\&quot;:null,\&quot;MappedContentDelimeter\&quot;:null,\&quot;AutoGenerate\&quot;:true}},{\&quot;Key\&quot;:\&quot;Summary\&quot;,\&quot;Value\&quot;:{\&quot;PostCondition\&quot;:null,\&quot;PreConditon\&quot;:null,\&quot;MappedContent\&quot;:null,\&quot;MappedContentAlias\&quot;:null,\&quot;FixedContent\&quot;:null,\&quot;MappedContentDelimeter\&quot;:null,\&quot;AutoGenerate\&quot;:false}},{\&quot;Key\&quot;:\&quot;Title\&quot;,\&quot;Value\&quot;:{\&quot;PostCondition\&quot;:null,\&quot;PreConditon\&quot;:null,\&quot;MappedContent\&quot;:null,\&quot;MappedContentAlias\&quot;:null,\&quot;FixedContent\&quot;:null,\&quot;MappedContentDelimeter\&quot;:null,\&quot;AutoGenerate\&quot;:false}}]}}&quot;, &quot;georss&quot;, &quot;{}&quot;, 38, &quot;http://www.w3.org/2005/Atom&quot;, &quot;entry&quot;)" fullName="GPX.Server.Extension.Tests/MockServerTest/ExportGeoRSS_AtomFormat_Layer/ExportGeoRSS_AtomFormat_Layer(&quot;&quot;, &quot;ExportLayers/11&quot;, &quot;ExportLayer&quot;, &quot;{\&quot;filterGeometry\&quot;:null,\&quot;geometryType\&quot;:null,\&quot;where\&quot;:null,\&quot;exportProperties\&quot;:{\&quot;Title\&quot;:\&quot;Californian Urban Areas\&quot;,\&quot;ID\&quot;:\&quot;Feed Id\&quot;,\&quot;Language\&quot;:\&quot;en-us\&quot;,\&quot;CopyRight\&quot;:\&quot;Copyright 2011\&quot;,\&quot;Generator\&quot;:\&quot;http://www.mapbutcher.com\&quot;,\&quot;Description\&quot;:\&quot;A GeoRSS format of Californian Urban Areas\&quot;,\&quot;Link\&quot;:{\&quot;BaseUri\&quot;:null,\&quot;Length\&quot;:0,\&quot;MediaType\&quot;:null,\&quot;RelationshipType\&quot;:null,\&quot;Title\&quot;:\&quot;Mapbutcher\&quot;,\&quot;Uri\&quot;:\&quot;http://www.mapbutcher.com\&quot;},\&quot;Author\&quot;:{\&quot;Email\&quot;:\&quot;mapbutcher@mapbutcher.com\&quot;,\&quot;Name\&quot;:\&quot;Simon\&quot;,\&quot;Uri\&quot;:\&quot;http://www.mapbutcher.com\&quot;},\&quot;GeometryFormat\&quot;:\&quot;Simple\&quot;,\&quot;GeometryField\&quot;:\&quot;Shape\&quot;,\&quot;FeedFormat\&quot;:\&quot;Atom\&quot;,\&quot;Items\&quot;:[{\&quot;Key\&quot;:\&quot;Author\&quot;,\&quot;Value\&quot;:{\&quot;PostCondition\&quot;:null,\&quot;PreConditon\&quot;:null,\&quot;MappedContent\&quot;:null,\&quot;MappedContentAlias\&quot;:null,\&quot;FixedContent\&quot;:\&quot;Simon Hope\&quot;,\&quot;MappedContentDelimeter\&quot;:null,\&quot;AutoGenerate\&quot;:false}},{\&quot;Key\&quot;:\&quot;Content\&quot;,\&quot;Value\&quot;:{\&quot;PostCondition\&quot;:null,\&quot;PreConditon\&quot;:null,\&quot;MappedContent\&quot;:null,\&quot;MappedContentAlias\&quot;:null,\&quot;FixedContent\&quot;:null,\&quot;MappedContentDelimeter\&quot;:null,\&quot;AutoGenerate\&quot;:false}},{\&quot;Key\&quot;:\&quot;Contributors\&quot;,\&quot;Value\&quot;:{\&quot;PostCondition\&quot;:null,\&quot;PreConditon\&quot;:null,\&quot;MappedContent\&quot;:null,\&quot;MappedContentAlias\&quot;:null,\&quot;FixedContent\&quot;:\&quot;mapbutcher@mapbutcher.com\&quot;,\&quot;MappedContentDelimeter\&quot;:null,\&quot;AutoGenerate\&quot;:false}},{\&quot;Key\&quot;:\&quot;Copyright\&quot;,\&quot;Value\&quot;:{\&quot;PostCondition\&quot;:null,\&quot;PreConditon\&quot;:null,\&quot;MappedContent\&quot;:null,\&quot;MappedContentAlias\&quot;:null,\&quot;FixedContent\&quot;:\&quot;Copyright 2011\&quot;,\&quot;MappedContentDelimeter\&quot;:null,\&quot;AutoGenerate\&quot;:false}},{\&quot;Key\&quot;:\&quot;Id\&quot;,\&quot;Value\&quot;:{\&quot;PostCondition\&quot;:null,\&quot;PreConditon\&quot;:null,\&quot;MappedContent\&quot;:\&quot;UFI\&quot;,\&quot;MappedContentAlias\&quot;:null,\&quot;FixedContent\&quot;:null,\&quot;MappedContentDelimeter\&quot;:null,\&quot;AutoGenerate\&quot;:true}},{\&quot;Key\&quot;:\&quot;LastUpdatedTime\&quot;,\&quot;Value\&quot;:{\&quot;PostCondition\&quot;:null,\&quot;PreConditon\&quot;:null,\&quot;MappedContent\&quot;:null,\&quot;MappedContentAlias\&quot;:null,\&quot;FixedContent\&quot;:null,\&quot;MappedContentDelimeter\&quot;:null,\&quot;AutoGenerate\&quot;:false}},{\&quot;Key\&quot;:\&quot;Links\&quot;,\&quot;Value\&quot;:{\&quot;PostCondition\&quot;:null,\&quot;PreConditon\&quot;:null,\&quot;MappedContent\&quot;:null,\&quot;MappedContentAlias\&quot;:null,\&quot;FixedContent\&quot;:\&quot;http://www.mapbutcher.com\&quot;,\&quot;MappedContentDelimeter\&quot;:null,\&quot;AutoGenerate\&quot;:false}},{\&quot;Key\&quot;:\&quot;PublishDate\&quot;,\&quot;Value\&quot;:{\&quot;PostCondition\&quot;:null,\&quot;PreConditon\&quot;:null,\&quot;MappedContent\&quot;:null,\&quot;MappedContentAlias\&quot;:null,\&quot;FixedContent\&quot;:null,\&quot;MappedContentDelimeter\&quot;:null,\&quot;AutoGenerate\&quot;:true}},{\&quot;Key\&quot;:\&quot;Summary\&quot;,\&quot;Value\&quot;:{\&quot;PostCondition\&quot;:null,\&quot;PreConditon\&quot;:null,\&quot;MappedContent\&quot;:null,\&quot;MappedContentAlias\&quot;:null,\&quot;FixedContent\&quot;:null,\&quot;MappedContentDelimeter\&quot;:null,\&quot;AutoGenerate\&quot;:false}},{\&quot;Key\&quot;:\&quot;Title\&quot;,\&quot;Value\&quot;:{\&quot;PostCondition\&quot;:null,\&quot;PreConditon\&quot;:null,\&quot;MappedContent\&quot;:null,\&quot;MappedContentAlias\&quot;:null,\&quot;FixedContent\&quot;:null,\&quot;MappedContentDelimeter\&quot;:null,\&quot;AutoGenerate\&quot;:false}}]}}&quot;, &quot;georss&quot;, &quot;{}&quot;, 38, &quot;http://www.w3.org/2005/Atom&quot;, &quot;entry&quot;)" testId="3321bbe20b4d2ea" isPrimary="false" isTestCase="true" isDynamic="false">
                        <codeReference assembly="GPX.Server.Extension.Tests, Version=1.0.0.0, Culture=neutral, PublicKeyToken=null" namespace="GPX.Server.Extension.Tests" type="GPX.Server.Extension.Tests.MockServerTest" member="ExportGeoRSS_AtomFormat_Layer" />
                        <codeLocation path="C:\Git\arcgis-exporter-extension\GPX.Server.Extension.Tests\MockServerTest.cs" line="152" />
                        <metadata>
                          <entry key="TestKind">
                            <value>Test</value>
                          </entry>
                          <entry key="Description">
                            <value>Export Polygon Simple Atom</value>
                          </entry>
                        </metadata>
                      </testStep>
                      <children />
                      <result assertCount="0" duration="0.3995432">
                        <outcome status="failed" />
                      </result>
                      <testLog>
                        <streams>
                          <stream name="Failures">
                            <body>
                              <contents>
                                <section name="Execute">
                                  <contents>
                                    <marker class="Exception">
                                      <contents>
                                        <marker class="ExceptionType">
                                          <contents>
                                            <text><![CDATA[System.Xml.XmlException]]></text>
                                          </contents>
                                          <attributes />
                                        </marker>
                                        <text><![CDATA[: ]]></text>
                                        <marker class="ExceptionMessage">
                                          <contents>
                                            <text><![CDATA[Data at the root level is invalid. Line 1, position 1.]]></text>
                                          </contents>
                                          <attributes />
                                        </marker>
                                        <text><![CDATA[
]]></text>
                                        <marker class="ExceptionPropertyName">
                                          <contents>
                                            <text><![CDATA[LineNumber]]></text>
                                          </contents>
                                          <attributes />
                                        </marker>
                                        <text><![CDATA[: ]]></text>
                                        <marker class="ExceptionPropertyValue">
                                          <contents>
                                            <text><![CDATA[1]]></text>
                                          </contents>
                                          <attributes />
                                        </marker>
                                        <text><![CDATA[
]]></text>
                                        <marker class="ExceptionPropertyName">
                                          <contents>
                                            <text><![CDATA[LinePosition]]></text>
                                          </contents>
                                          <attributes />
                                        </marker>
                                        <text><![CDATA[: ]]></text>
                                        <marker class="ExceptionPropertyValue">
                                          <contents>
                                            <text><![CDATA[1]]></text>
                                          </contents>
                                          <attributes />
                                        </marker>
                                        <text><![CDATA[
]]></text>
                                        <marker class="ExceptionPropertyName">
                                          <contents>
                                            <text><![CDATA[SourceUri]]></text>
                                          </contents>
                                          <attributes />
                                        </marker>
                                        <text><![CDATA[: ]]></text>
                                        <marker class="ExceptionPropertyValue">
                                          <contents />
                                          <attributes />
                                        </marker>
                                        <text><![CDATA[
]]></text>
                                        <marker class="StackTrace">
                                          <contents>
                                            <text><![CDATA[   at System.Xml.XmlTextReaderImpl.Throw(Exception e)
   at System.Xml.XmlTextReaderImpl.Throw(String res, String arg)
   at System.Xml.XmlTextReaderImpl.ParseRootLevelWhitespace()
   at System.Xml.XmlTextReaderImpl.ParseDocumentContent()
   at System.Xml.XmlTextReaderImpl.Read()
   at System.Xml.Linq.XDocument.Load(XmlReader reader, LoadOptions options)
   at System.Xml.Linq.XDocument.Load(TextReader textReader, LoadOptions options)
   at System.Xml.Linq.XDocument.Load(TextReader textReader)
   at GPX.Server.Extension.Tests.MockServerTest.ExportGeoRSS_AtomFormat_Layer(String capabilities, String resourceName, String operationName, String operationInput, String outputFormat, String requestProperties, Int32 expectedResult, String nameSpace, String itemElementName) in ]]></text>
                                            <marker class="CodeLocation">
                                              <contents>
                                                <text><![CDATA[C:\Git\arcgis-exporter-extension\GPX.Server.Extension.Tests\MockServerTest.cs:line 159]]></text>
                                              </contents>
                                              <attributes>
                                                <attribute name="line" value="159" />
                                                <attribute name="path" value="C:\Git\arcgis-exporter-extension\GPX.Server.Extension.Tests\MockServerTest.cs" />
                                              </attributes>
                                            </marker>
                                          </contents>
                                          <attributes />
                                        </marker>
                                      </contents>
                                      <attributes />
                                    </marker>
                                  </contents>
                                </section>
                              </contents>
                            </body>
                          </stream>
                        </streams>
                        <attachments />
                      </testLog>
                    </testStepRun>
                    <testStepRun startTime="2012-03-28T20:03:41.3283584+11:00" endTime="2012-03-28T20:03:41.6988912+11:00">
                      <testStep id="262ef3cbb5941116" name="ExportGeoRSS_AtomFormat_Layer(&quot;&quot;, &quot;ExportLayers/2&quot;, &quot;ExportLayer&quot;, &quot;{\&quot;filterGeometry\&quot;:null,\&quot;geometryType\&quot;:null,\&quot;where\&quot;:null,\&quot;exportProperties\&quot;:{\&quot;Title\&quot;:\&quot;Californian EarthQuakes\&quot;,\&quot;ID\&quot;:\&quot;Feed Id\&quot;,\&quot;Language\&quot;:\&quot;en-us\&quot;,\&quot;CopyRight\&quot;:\&quot;Copyright 2011\&quot;,\&quot;Generator\&quot;:\&quot;http://www.mapbutcher.com\&quot;,\&quot;Description\&quot;:\&quot;A GeoRSS format of Californian EarthQuakes\&quot;,\&quot;Link\&quot;:{\&quot;BaseUri\&quot;:null,\&quot;Length\&quot;:0,\&quot;MediaType\&quot;:null,\&quot;RelationshipType\&quot;:null,\&quot;Title\&quot;:\&quot;Mapbutcher\&quot;,\&quot;Uri\&quot;:\&quot;http://www.mapbutcher.com\&quot;},\&quot;Author\&quot;:{\&quot;Email\&quot;:\&quot;mapbutcher@mapbutcher.com\&quot;,\&quot;Name\&quot;:\&quot;Simon\&quot;,\&quot;Uri\&quot;:\&quot;http://www.mapbutcher.com\&quot;},\&quot;GeometryFormat\&quot;:\&quot;GML\&quot;,\&quot;GeometryField\&quot;:\&quot;Shape\&quot;,\&quot;FeedFormat\&quot;:\&quot;Atom\&quot;,\&quot;Items\&quot;:[{\&quot;Key\&quot;:\&quot;Author\&quot;,\&quot;Value\&quot;:{\&quot;PostCondition\&quot;:null,\&quot;PreConditon\&quot;:null,\&quot;MappedContent\&quot;:null,\&quot;MappedContentAlias\&quot;:null,\&quot;FixedContent\&quot;:\&quot;Simon Hope\&quot;,\&quot;MappedContentDelimeter\&quot;:null,\&quot;AutoGenerate\&quot;:false}},{\&quot;Key\&quot;:\&quot;Content\&quot;,\&quot;Value\&quot;:{\&quot;PostCondition\&quot;:null,\&quot;PreConditon\&quot;:null,\&quot;MappedContent\&quot;:null,\&quot;MappedContentAlias\&quot;:null,\&quot;FixedContent\&quot;:null,\&quot;MappedContentDelimeter\&quot;:null,\&quot;AutoGenerate\&quot;:false}},{\&quot;Key\&quot;:\&quot;Contributors\&quot;,\&quot;Value\&quot;:{\&quot;PostCondition\&quot;:null,\&quot;PreConditon\&quot;:null,\&quot;MappedContent\&quot;:null,\&quot;MappedContentAlias\&quot;:null,\&quot;FixedContent\&quot;:\&quot;mapbutcher@mapbutcher.com\&quot;,\&quot;MappedContentDelimeter\&quot;:null,\&quot;AutoGenerate\&quot;:false}},{\&quot;Key\&quot;:\&quot;Copyright\&quot;,\&quot;Value\&quot;:{\&quot;PostCondition\&quot;:null,\&quot;PreConditon\&quot;:null,\&quot;MappedContent\&quot;:null,\&quot;MappedContentAlias\&quot;:null,\&quot;FixedContent\&quot;:\&quot;Copyright 2011\&quot;,\&quot;MappedContentDelimeter\&quot;:null,\&quot;AutoGenerate\&quot;:false}},{\&quot;Key\&quot;:\&quot;Id\&quot;,\&quot;Value\&quot;:{\&quot;PostCondition\&quot;:null,\&quot;PreConditon\&quot;:null,\&quot;MappedContent\&quot;:\&quot;UFI\&quot;,\&quot;MappedContentAlias\&quot;:null,\&quot;FixedContent\&quot;:null,\&quot;MappedContentDelimeter\&quot;:null,\&quot;AutoGenerate\&quot;:true}},{\&quot;Key\&quot;:\&quot;LastUpdatedTime\&quot;,\&quot;Value\&quot;:{\&quot;PostCondition\&quot;:null,\&quot;PreConditon\&quot;:null,\&quot;MappedContent\&quot;:null,\&quot;MappedContentAlias\&quot;:null,\&quot;FixedContent\&quot;:null,\&quot;MappedContentDelimeter\&quot;:null,\&quot;AutoGenerate\&quot;:false}},{\&quot;Key\&quot;:\&quot;Links\&quot;,\&quot;Value\&quot;:{\&quot;PostCondition\&quot;:null,\&quot;PreConditon\&quot;:null,\&quot;MappedContent\&quot;:null,\&quot;MappedContentAlias\&quot;:null,\&quot;FixedContent\&quot;:\&quot;http://www.mapbutcher.com\&quot;,\&quot;MappedContentDelimeter\&quot;:null,\&quot;AutoGenerate\&quot;:false}},{\&quot;Key\&quot;:\&quot;PublishDate\&quot;,\&quot;Value\&quot;:{\&quot;PostCondition\&quot;:null,\&quot;PreConditon\&quot;:null,\&quot;MappedContent\&quot;:null,\&quot;MappedContentAlias\&quot;:null,\&quot;FixedContent\&quot;:null,\&quot;MappedContentDelimeter\&quot;:null,\&quot;AutoGenerate\&quot;:true}},{\&quot;Key\&quot;:\&quot;Summary\&quot;,\&quot;Value\&quot;:{\&quot;PostCondition\&quot;:null,\&quot;PreConditon\&quot;:null,\&quot;MappedContent\&quot;:null,\&quot;MappedContentAlias\&quot;:null,\&quot;FixedContent\&quot;:null,\&quot;MappedContentDelimeter\&quot;:null,\&quot;AutoGenerate\&quot;:false}},{\&quot;Key\&quot;:\&quot;Title\&quot;,\&quot;Value\&quot;:{\&quot;PostCondition\&quot;:null,\&quot;PreConditon\&quot;:null,\&quot;MappedContent\&quot;:null,\&quot;MappedContentAlias\&quot;:null,\&quot;FixedContent\&quot;:null,\&quot;MappedContentDelimeter\&quot;:null,\&quot;AutoGenerate\&quot;:false}}]}}&quot;, &quot;georss&quot;, &quot;{}&quot;, 221, &quot;http://www.w3.org/2005/Atom&quot;, &quot;entry&quot;)" fullName="GPX.Server.Extension.Tests/MockServerTest/ExportGeoRSS_AtomFormat_Layer/ExportGeoRSS_AtomFormat_Layer(&quot;&quot;, &quot;ExportLayers/2&quot;, &quot;ExportLayer&quot;, &quot;{\&quot;filterGeometry\&quot;:null,\&quot;geometryType\&quot;:null,\&quot;where\&quot;:null,\&quot;exportProperties\&quot;:{\&quot;Title\&quot;:\&quot;Californian EarthQuakes\&quot;,\&quot;ID\&quot;:\&quot;Feed Id\&quot;,\&quot;Language\&quot;:\&quot;en-us\&quot;,\&quot;CopyRight\&quot;:\&quot;Copyright 2011\&quot;,\&quot;Generator\&quot;:\&quot;http://www.mapbutcher.com\&quot;,\&quot;Description\&quot;:\&quot;A GeoRSS format of Californian EarthQuakes\&quot;,\&quot;Link\&quot;:{\&quot;BaseUri\&quot;:null,\&quot;Length\&quot;:0,\&quot;MediaType\&quot;:null,\&quot;RelationshipType\&quot;:null,\&quot;Title\&quot;:\&quot;Mapbutcher\&quot;,\&quot;Uri\&quot;:\&quot;http://www.mapbutcher.com\&quot;},\&quot;Author\&quot;:{\&quot;Email\&quot;:\&quot;mapbutcher@mapbutcher.com\&quot;,\&quot;Name\&quot;:\&quot;Simon\&quot;,\&quot;Uri\&quot;:\&quot;http://www.mapbutcher.com\&quot;},\&quot;GeometryFormat\&quot;:\&quot;GML\&quot;,\&quot;GeometryField\&quot;:\&quot;Shape\&quot;,\&quot;FeedFormat\&quot;:\&quot;Atom\&quot;,\&quot;Items\&quot;:[{\&quot;Key\&quot;:\&quot;Author\&quot;,\&quot;Value\&quot;:{\&quot;PostCondition\&quot;:null,\&quot;PreConditon\&quot;:null,\&quot;MappedContent\&quot;:null,\&quot;MappedContentAlias\&quot;:null,\&quot;FixedContent\&quot;:\&quot;Simon Hope\&quot;,\&quot;MappedContentDelimeter\&quot;:null,\&quot;AutoGenerate\&quot;:false}},{\&quot;Key\&quot;:\&quot;Content\&quot;,\&quot;Value\&quot;:{\&quot;PostCondition\&quot;:null,\&quot;PreConditon\&quot;:null,\&quot;MappedContent\&quot;:null,\&quot;MappedContentAlias\&quot;:null,\&quot;FixedContent\&quot;:null,\&quot;MappedContentDelimeter\&quot;:null,\&quot;AutoGenerate\&quot;:false}},{\&quot;Key\&quot;:\&quot;Contributors\&quot;,\&quot;Value\&quot;:{\&quot;PostCondition\&quot;:null,\&quot;PreConditon\&quot;:null,\&quot;MappedContent\&quot;:null,\&quot;MappedContentAlias\&quot;:null,\&quot;FixedContent\&quot;:\&quot;mapbutcher@mapbutcher.com\&quot;,\&quot;MappedContentDelimeter\&quot;:null,\&quot;AutoGenerate\&quot;:false}},{\&quot;Key\&quot;:\&quot;Copyright\&quot;,\&quot;Value\&quot;:{\&quot;PostCondition\&quot;:null,\&quot;PreConditon\&quot;:null,\&quot;MappedContent\&quot;:null,\&quot;MappedContentAlias\&quot;:null,\&quot;FixedContent\&quot;:\&quot;Copyright 2011\&quot;,\&quot;MappedContentDelimeter\&quot;:null,\&quot;AutoGenerate\&quot;:false}},{\&quot;Key\&quot;:\&quot;Id\&quot;,\&quot;Value\&quot;:{\&quot;PostCondition\&quot;:null,\&quot;PreConditon\&quot;:null,\&quot;MappedContent\&quot;:\&quot;UFI\&quot;,\&quot;MappedContentAlias\&quot;:null,\&quot;FixedContent\&quot;:null,\&quot;MappedContentDelimeter\&quot;:null,\&quot;AutoGenerate\&quot;:true}},{\&quot;Key\&quot;:\&quot;LastUpdatedTime\&quot;,\&quot;Value\&quot;:{\&quot;PostCondition\&quot;:null,\&quot;PreConditon\&quot;:null,\&quot;MappedContent\&quot;:null,\&quot;MappedContentAlias\&quot;:null,\&quot;FixedContent\&quot;:null,\&quot;MappedContentDelimeter\&quot;:null,\&quot;AutoGenerate\&quot;:false}},{\&quot;Key\&quot;:\&quot;Links\&quot;,\&quot;Value\&quot;:{\&quot;PostCondition\&quot;:null,\&quot;PreConditon\&quot;:null,\&quot;MappedContent\&quot;:null,\&quot;MappedContentAlias\&quot;:null,\&quot;FixedContent\&quot;:\&quot;http://www.mapbutcher.com\&quot;,\&quot;MappedContentDelimeter\&quot;:null,\&quot;AutoGenerate\&quot;:false}},{\&quot;Key\&quot;:\&quot;PublishDate\&quot;,\&quot;Value\&quot;:{\&quot;PostCondition\&quot;:null,\&quot;PreConditon\&quot;:null,\&quot;MappedContent\&quot;:null,\&quot;MappedContentAlias\&quot;:null,\&quot;FixedContent\&quot;:null,\&quot;MappedContentDelimeter\&quot;:null,\&quot;AutoGenerate\&quot;:true}},{\&quot;Key\&quot;:\&quot;Summary\&quot;,\&quot;Value\&quot;:{\&quot;PostCondition\&quot;:null,\&quot;PreConditon\&quot;:null,\&quot;MappedContent\&quot;:null,\&quot;MappedContentAlias\&quot;:null,\&quot;FixedContent\&quot;:null,\&quot;MappedContentDelimeter\&quot;:null,\&quot;AutoGenerate\&quot;:false}},{\&quot;Key\&quot;:\&quot;Title\&quot;,\&quot;Value\&quot;:{\&quot;PostCondition\&quot;:null,\&quot;PreConditon\&quot;:null,\&quot;MappedContent\&quot;:null,\&quot;MappedContentAlias\&quot;:null,\&quot;FixedContent\&quot;:null,\&quot;MappedContentDelimeter\&quot;:null,\&quot;AutoGenerate\&quot;:false}}]}}&quot;, &quot;georss&quot;, &quot;{}&quot;, 221, &quot;http://www.w3.org/2005/Atom&quot;, &quot;entry&quot;)" testId="3321bbe20b4d2ea" isPrimary="false" isTestCase="true" isDynamic="false">
                        <codeReference assembly="GPX.Server.Extension.Tests, Version=1.0.0.0, Culture=neutral, PublicKeyToken=null" namespace="GPX.Server.Extension.Tests" type="GPX.Server.Extension.Tests.MockServerTest" member="ExportGeoRSS_AtomFormat_Layer" />
                        <codeLocation path="C:\Git\arcgis-exporter-extension\GPX.Server.Extension.Tests\MockServerTest.cs" line="152" />
                        <metadata>
                          <entry key="TestKind">
                            <value>Test</value>
                          </entry>
                          <entry key="Description">
                            <value>Export Points GML Atom</value>
                          </entry>
                        </metadata>
                      </testStep>
                      <children />
                      <result assertCount="0" duration="0.3735949">
                        <outcome status="failed" />
                      </result>
                      <testLog>
                        <streams>
                          <stream name="Failures">
                            <body>
                              <contents>
                                <section name="Execute">
                                  <contents>
                                    <marker class="Exception">
                                      <contents>
                                        <marker class="ExceptionType">
                                          <contents>
                                            <text><![CDATA[System.Xml.XmlException]]></text>
                                          </contents>
                                          <attributes />
                                        </marker>
                                        <text><![CDATA[: ]]></text>
                                        <marker class="ExceptionMessage">
                                          <contents>
                                            <text><![CDATA[Data at the root level is invalid. Line 1, position 1.]]></text>
                                          </contents>
                                          <attributes />
                                        </marker>
                                        <text><![CDATA[
]]></text>
                                        <marker class="ExceptionPropertyName">
                                          <contents>
                                            <text><![CDATA[LineNumber]]></text>
                                          </contents>
                                          <attributes />
                                        </marker>
                                        <text><![CDATA[: ]]></text>
                                        <marker class="ExceptionPropertyValue">
                                          <contents>
                                            <text><![CDATA[1]]></text>
                                          </contents>
                                          <attributes />
                                        </marker>
                                        <text><![CDATA[
]]></text>
                                        <marker class="ExceptionPropertyName">
                                          <contents>
                                            <text><![CDATA[LinePosition]]></text>
                                          </contents>
                                          <attributes />
                                        </marker>
                                        <text><![CDATA[: ]]></text>
                                        <marker class="ExceptionPropertyValue">
                                          <contents>
                                            <text><![CDATA[1]]></text>
                                          </contents>
                                          <attributes />
                                        </marker>
                                        <text><![CDATA[
]]></text>
                                        <marker class="ExceptionPropertyName">
                                          <contents>
                                            <text><![CDATA[SourceUri]]></text>
                                          </contents>
                                          <attributes />
                                        </marker>
                                        <text><![CDATA[: ]]></text>
                                        <marker class="ExceptionPropertyValue">
                                          <contents />
                                          <attributes />
                                        </marker>
                                        <text><![CDATA[
]]></text>
                                        <marker class="StackTrace">
                                          <contents>
                                            <text><![CDATA[   at System.Xml.XmlTextReaderImpl.Throw(Exception e)
   at System.Xml.XmlTextReaderImpl.Throw(String res, String arg)
   at System.Xml.XmlTextReaderImpl.ParseRootLevelWhitespace()
   at System.Xml.XmlTextReaderImpl.ParseDocumentContent()
   at System.Xml.XmlTextReaderImpl.Read()
   at System.Xml.Linq.XDocument.Load(XmlReader reader, LoadOptions options)
   at System.Xml.Linq.XDocument.Load(TextReader textReader, LoadOptions options)
   at System.Xml.Linq.XDocument.Load(TextReader textReader)
   at GPX.Server.Extension.Tests.MockServerTest.ExportGeoRSS_AtomFormat_Layer(String capabilities, String resourceName, String operationName, String operationInput, String outputFormat, String requestProperties, Int32 expectedResult, String nameSpace, String itemElementName) in ]]></text>
                                            <marker class="CodeLocation">
                                              <contents>
                                                <text><![CDATA[C:\Git\arcgis-exporter-extension\GPX.Server.Extension.Tests\MockServerTest.cs:line 159]]></text>
                                              </contents>
                                              <attributes>
                                                <attribute name="line" value="159" />
                                                <attribute name="path" value="C:\Git\arcgis-exporter-extension\GPX.Server.Extension.Tests\MockServerTest.cs" />
                                              </attributes>
                                            </marker>
                                          </contents>
                                          <attributes />
                                        </marker>
                                      </contents>
                                      <attributes />
                                    </marker>
                                  </contents>
                                </section>
                              </contents>
                            </body>
                          </stream>
                        </streams>
                        <attachments />
                      </testLog>
                    </testStepRun>
                    <testStepRun startTime="2012-03-28T20:03:41.7089056+11:00" endTime="2012-03-28T20:03:42.0894528+11:00">
                      <testStep id="178f66495c5f7a05" name="ExportGeoRSS_AtomFormat_Layer(&quot;&quot;, &quot;ExportLayers/7&quot;, &quot;ExportLayer&quot;, &quot;{\&quot;filterGeometry\&quot;:null,\&quot;geometryType\&quot;:null,\&quot;where\&quot;:null,\&quot;exportProperties\&quot;:{\&quot;Title\&quot;:\&quot;Californian Rivers\&quot;,\&quot;ID\&quot;:\&quot;Feed Id\&quot;,\&quot;Language\&quot;:\&quot;en-us\&quot;,\&quot;CopyRight\&quot;:\&quot;Copyright 2011\&quot;,\&quot;Generator\&quot;:\&quot;http://www.mapbutcher.com\&quot;,\&quot;Description\&quot;:\&quot;A GeoRSS format of Californian Rivers\&quot;,\&quot;Link\&quot;:{\&quot;BaseUri\&quot;:null,\&quot;Length\&quot;:0,\&quot;MediaType\&quot;:null,\&quot;RelationshipType\&quot;:null,\&quot;Title\&quot;:\&quot;Mapbutcher\&quot;,\&quot;Uri\&quot;:\&quot;http://www.mapbutcher.com\&quot;},\&quot;Author\&quot;:{\&quot;Email\&quot;:\&quot;mapbutcher@mapbutcher.com\&quot;,\&quot;Name\&quot;:\&quot;Simon\&quot;,\&quot;Uri\&quot;:\&quot;http://www.mapbutcher.com\&quot;},\&quot;GeometryFormat\&quot;:\&quot;simple\&quot;,\&quot;GeometryField\&quot;:\&quot;Shape\&quot;,\&quot;FeedFormat\&quot;:\&quot;Atom\&quot;,\&quot;Items\&quot;:[{\&quot;Key\&quot;:\&quot;Author\&quot;,\&quot;Value\&quot;:{\&quot;PostCondition\&quot;:null,\&quot;PreConditon\&quot;:null,\&quot;MappedContent\&quot;:null,\&quot;MappedContentAlias\&quot;:null,\&quot;FixedContent\&quot;:\&quot;Simon Hope\&quot;,\&quot;MappedContentDelimeter\&quot;:null,\&quot;AutoGenerate\&quot;:false}},{\&quot;Key\&quot;:\&quot;Content\&quot;,\&quot;Value\&quot;:{\&quot;PostCondition\&quot;:null,\&quot;PreConditon\&quot;:null,\&quot;MappedContent\&quot;:null,\&quot;MappedContentAlias\&quot;:null,\&quot;FixedContent\&quot;:null,\&quot;MappedContentDelimeter\&quot;:null,\&quot;AutoGenerate\&quot;:false}},{\&quot;Key\&quot;:\&quot;Contributors\&quot;,\&quot;Value\&quot;:{\&quot;PostCondition\&quot;:null,\&quot;PreConditon\&quot;:null,\&quot;MappedContent\&quot;:null,\&quot;MappedContentAlias\&quot;:null,\&quot;FixedContent\&quot;:\&quot;mapbutcher@mapbutcher.com\&quot;,\&quot;MappedContentDelimeter\&quot;:null,\&quot;AutoGenerate\&quot;:false}},{\&quot;Key\&quot;:\&quot;Copyright\&quot;,\&quot;Value\&quot;:{\&quot;PostCondition\&quot;:null,\&quot;PreConditon\&quot;:null,\&quot;MappedContent\&quot;:null,\&quot;MappedContentAlias\&quot;:null,\&quot;FixedContent\&quot;:\&quot;Copyright 2011\&quot;,\&quot;MappedContentDelimeter\&quot;:null,\&quot;AutoGenerate\&quot;:false}},{\&quot;Key\&quot;:\&quot;Id\&quot;,\&quot;Value\&quot;:{\&quot;PostCondition\&quot;:null,\&quot;PreConditon\&quot;:null,\&quot;MappedContent\&quot;:\&quot;UFI\&quot;,\&quot;MappedContentAlias\&quot;:null,\&quot;FixedContent\&quot;:null,\&quot;MappedContentDelimeter\&quot;:null,\&quot;AutoGenerate\&quot;:true}},{\&quot;Key\&quot;:\&quot;LastUpdatedTime\&quot;,\&quot;Value\&quot;:{\&quot;PostCondition\&quot;:null,\&quot;PreConditon\&quot;:null,\&quot;MappedContent\&quot;:null,\&quot;MappedContentAlias\&quot;:null,\&quot;FixedContent\&quot;:null,\&quot;MappedContentDelimeter\&quot;:null,\&quot;AutoGenerate\&quot;:false}},{\&quot;Key\&quot;:\&quot;Links\&quot;,\&quot;Value\&quot;:{\&quot;PostCondition\&quot;:null,\&quot;PreConditon\&quot;:null,\&quot;MappedContent\&quot;:null,\&quot;MappedContentAlias\&quot;:null,\&quot;FixedContent\&quot;:\&quot;http://www.mapbutcher.com\&quot;,\&quot;MappedContentDelimeter\&quot;:null,\&quot;AutoGenerate\&quot;:false}},{\&quot;Key\&quot;:\&quot;PublishDate\&quot;,\&quot;Value\&quot;:{\&quot;PostCondition\&quot;:null,\&quot;PreConditon\&quot;:null,\&quot;MappedContent\&quot;:null,\&quot;MappedContentAlias\&quot;:null,\&quot;FixedContent\&quot;:null,\&quot;MappedContentDelimeter\&quot;:null,\&quot;AutoGenerate\&quot;:true}},{\&quot;Key\&quot;:\&quot;Summary\&quot;,\&quot;Value\&quot;:{\&quot;PostCondition\&quot;:null,\&quot;PreConditon\&quot;:null,\&quot;MappedContent\&quot;:null,\&quot;MappedContentAlias\&quot;:null,\&quot;FixedContent\&quot;:null,\&quot;MappedContentDelimeter\&quot;:null,\&quot;AutoGenerate\&quot;:false}},{\&quot;Key\&quot;:\&quot;Title\&quot;,\&quot;Value\&quot;:{\&quot;PostCondition\&quot;:null,\&quot;PreConditon\&quot;:null,\&quot;MappedContent\&quot;:null,\&quot;MappedContentAlias\&quot;:null,\&quot;FixedContent\&quot;:null,\&quot;MappedContentDelimeter\&quot;:null,\&quot;AutoGenerate\&quot;:false}}]}}&quot;, &quot;georss&quot;, &quot;{}&quot;, 500, &quot;http://www.w3.org/2005/Atom&quot;, &quot;entry&quot;)" fullName="GPX.Server.Extension.Tests/MockServerTest/ExportGeoRSS_AtomFormat_Layer/ExportGeoRSS_AtomFormat_Layer(&quot;&quot;, &quot;ExportLayers/7&quot;, &quot;ExportLayer&quot;, &quot;{\&quot;filterGeometry\&quot;:null,\&quot;geometryType\&quot;:null,\&quot;where\&quot;:null,\&quot;exportProperties\&quot;:{\&quot;Title\&quot;:\&quot;Californian Rivers\&quot;,\&quot;ID\&quot;:\&quot;Feed Id\&quot;,\&quot;Language\&quot;:\&quot;en-us\&quot;,\&quot;CopyRight\&quot;:\&quot;Copyright 2011\&quot;,\&quot;Generator\&quot;:\&quot;http://www.mapbutcher.com\&quot;,\&quot;Description\&quot;:\&quot;A GeoRSS format of Californian Rivers\&quot;,\&quot;Link\&quot;:{\&quot;BaseUri\&quot;:null,\&quot;Length\&quot;:0,\&quot;MediaType\&quot;:null,\&quot;RelationshipType\&quot;:null,\&quot;Title\&quot;:\&quot;Mapbutcher\&quot;,\&quot;Uri\&quot;:\&quot;http://www.mapbutcher.com\&quot;},\&quot;Author\&quot;:{\&quot;Email\&quot;:\&quot;mapbutcher@mapbutcher.com\&quot;,\&quot;Name\&quot;:\&quot;Simon\&quot;,\&quot;Uri\&quot;:\&quot;http://www.mapbutcher.com\&quot;},\&quot;GeometryFormat\&quot;:\&quot;simple\&quot;,\&quot;GeometryField\&quot;:\&quot;Shape\&quot;,\&quot;FeedFormat\&quot;:\&quot;Atom\&quot;,\&quot;Items\&quot;:[{\&quot;Key\&quot;:\&quot;Author\&quot;,\&quot;Value\&quot;:{\&quot;PostCondition\&quot;:null,\&quot;PreConditon\&quot;:null,\&quot;MappedContent\&quot;:null,\&quot;MappedContentAlias\&quot;:null,\&quot;FixedContent\&quot;:\&quot;Simon Hope\&quot;,\&quot;MappedContentDelimeter\&quot;:null,\&quot;AutoGenerate\&quot;:false}},{\&quot;Key\&quot;:\&quot;Content\&quot;,\&quot;Value\&quot;:{\&quot;PostCondition\&quot;:null,\&quot;PreConditon\&quot;:null,\&quot;MappedContent\&quot;:null,\&quot;MappedContentAlias\&quot;:null,\&quot;FixedContent\&quot;:null,\&quot;MappedContentDelimeter\&quot;:null,\&quot;AutoGenerate\&quot;:false}},{\&quot;Key\&quot;:\&quot;Contributors\&quot;,\&quot;Value\&quot;:{\&quot;PostCondition\&quot;:null,\&quot;PreConditon\&quot;:null,\&quot;MappedContent\&quot;:null,\&quot;MappedContentAlias\&quot;:null,\&quot;FixedContent\&quot;:\&quot;mapbutcher@mapbutcher.com\&quot;,\&quot;MappedContentDelimeter\&quot;:null,\&quot;AutoGenerate\&quot;:false}},{\&quot;Key\&quot;:\&quot;Copyright\&quot;,\&quot;Value\&quot;:{\&quot;PostCondition\&quot;:null,\&quot;PreConditon\&quot;:null,\&quot;MappedContent\&quot;:null,\&quot;MappedContentAlias\&quot;:null,\&quot;FixedContent\&quot;:\&quot;Copyright 2011\&quot;,\&quot;MappedContentDelimeter\&quot;:null,\&quot;AutoGenerate\&quot;:false}},{\&quot;Key\&quot;:\&quot;Id\&quot;,\&quot;Value\&quot;:{\&quot;PostCondition\&quot;:null,\&quot;PreConditon\&quot;:null,\&quot;MappedContent\&quot;:\&quot;UFI\&quot;,\&quot;MappedContentAlias\&quot;:null,\&quot;FixedContent\&quot;:null,\&quot;MappedContentDelimeter\&quot;:null,\&quot;AutoGenerate\&quot;:true}},{\&quot;Key\&quot;:\&quot;LastUpdatedTime\&quot;,\&quot;Value\&quot;:{\&quot;PostCondition\&quot;:null,\&quot;PreConditon\&quot;:null,\&quot;MappedContent\&quot;:null,\&quot;MappedContentAlias\&quot;:null,\&quot;FixedContent\&quot;:null,\&quot;MappedContentDelimeter\&quot;:null,\&quot;AutoGenerate\&quot;:false}},{\&quot;Key\&quot;:\&quot;Links\&quot;,\&quot;Value\&quot;:{\&quot;PostCondition\&quot;:null,\&quot;PreConditon\&quot;:null,\&quot;MappedContent\&quot;:null,\&quot;MappedContentAlias\&quot;:null,\&quot;FixedContent\&quot;:\&quot;http://www.mapbutcher.com\&quot;,\&quot;MappedContentDelimeter\&quot;:null,\&quot;AutoGenerate\&quot;:false}},{\&quot;Key\&quot;:\&quot;PublishDate\&quot;,\&quot;Value\&quot;:{\&quot;PostCondition\&quot;:null,\&quot;PreConditon\&quot;:null,\&quot;MappedContent\&quot;:null,\&quot;MappedContentAlias\&quot;:null,\&quot;FixedContent\&quot;:null,\&quot;MappedContentDelimeter\&quot;:null,\&quot;AutoGenerate\&quot;:true}},{\&quot;Key\&quot;:\&quot;Summary\&quot;,\&quot;Value\&quot;:{\&quot;PostCondition\&quot;:null,\&quot;PreConditon\&quot;:null,\&quot;MappedContent\&quot;:null,\&quot;MappedContentAlias\&quot;:null,\&quot;FixedContent\&quot;:null,\&quot;MappedContentDelimeter\&quot;:null,\&quot;AutoGenerate\&quot;:false}},{\&quot;Key\&quot;:\&quot;Title\&quot;,\&quot;Value\&quot;:{\&quot;PostCondition\&quot;:null,\&quot;PreConditon\&quot;:null,\&quot;MappedContent\&quot;:null,\&quot;MappedContentAlias\&quot;:null,\&quot;FixedContent\&quot;:null,\&quot;MappedContentDelimeter\&quot;:null,\&quot;AutoGenerate\&quot;:false}}]}}&quot;, &quot;georss&quot;, &quot;{}&quot;, 500, &quot;http://www.w3.org/2005/Atom&quot;, &quot;entry&quot;)" testId="3321bbe20b4d2ea" isPrimary="false" isTestCase="true" isDynamic="false">
                        <codeReference assembly="GPX.Server.Extension.Tests, Version=1.0.0.0, Culture=neutral, PublicKeyToken=null" namespace="GPX.Server.Extension.Tests" type="GPX.Server.Extension.Tests.MockServerTest" member="ExportGeoRSS_AtomFormat_Layer" />
                        <codeLocation path="C:\Git\arcgis-exporter-extension\GPX.Server.Extension.Tests\MockServerTest.cs" line="152" />
                        <metadata>
                          <entry key="TestKind">
                            <value>Test</value>
                          </entry>
                          <entry key="Description">
                            <value>Export Lines Simple Atom - test assumes 500 feature limit threshhold set by mock server object</value>
                          </entry>
                        </metadata>
                      </testStep>
                      <children />
                      <result assertCount="0" duration="0.3761849">
                        <outcome status="failed" />
                      </result>
                      <testLog>
                        <streams>
                          <stream name="Failures">
                            <body>
                              <contents>
                                <section name="Execute">
                                  <contents>
                                    <marker class="Exception">
                                      <contents>
                                        <marker class="ExceptionType">
                                          <contents>
                                            <text><![CDATA[System.Xml.XmlException]]></text>
                                          </contents>
                                          <attributes />
                                        </marker>
                                        <text><![CDATA[: ]]></text>
                                        <marker class="ExceptionMessage">
                                          <contents>
                                            <text><![CDATA[Data at the root level is invalid. Line 1, position 1.]]></text>
                                          </contents>
                                          <attributes />
                                        </marker>
                                        <text><![CDATA[
]]></text>
                                        <marker class="ExceptionPropertyName">
                                          <contents>
                                            <text><![CDATA[LineNumber]]></text>
                                          </contents>
                                          <attributes />
                                        </marker>
                                        <text><![CDATA[: ]]></text>
                                        <marker class="ExceptionPropertyValue">
                                          <contents>
                                            <text><![CDATA[1]]></text>
                                          </contents>
                                          <attributes />
                                        </marker>
                                        <text><![CDATA[
]]></text>
                                        <marker class="ExceptionPropertyName">
                                          <contents>
                                            <text><![CDATA[LinePosition]]></text>
                                          </contents>
                                          <attributes />
                                        </marker>
                                        <text><![CDATA[: ]]></text>
                                        <marker class="ExceptionPropertyValue">
                                          <contents>
                                            <text><![CDATA[1]]></text>
                                          </contents>
                                          <attributes />
                                        </marker>
                                        <text><![CDATA[
]]></text>
                                        <marker class="ExceptionPropertyName">
                                          <contents>
                                            <text><![CDATA[SourceUri]]></text>
                                          </contents>
                                          <attributes />
                                        </marker>
                                        <text><![CDATA[: ]]></text>
                                        <marker class="ExceptionPropertyValue">
                                          <contents />
                                          <attributes />
                                        </marker>
                                        <text><![CDATA[
]]></text>
                                        <marker class="StackTrace">
                                          <contents>
                                            <text><![CDATA[   at System.Xml.XmlTextReaderImpl.Throw(Exception e)
   at System.Xml.XmlTextReaderImpl.Throw(String res, String arg)
   at System.Xml.XmlTextReaderImpl.ParseRootLevelWhitespace()
   at System.Xml.XmlTextReaderImpl.ParseDocumentContent()
   at System.Xml.XmlTextReaderImpl.Read()
   at System.Xml.Linq.XDocument.Load(XmlReader reader, LoadOptions options)
   at System.Xml.Linq.XDocument.Load(TextReader textReader, LoadOptions options)
   at System.Xml.Linq.XDocument.Load(TextReader textReader)
   at GPX.Server.Extension.Tests.MockServerTest.ExportGeoRSS_AtomFormat_Layer(String capabilities, String resourceName, String operationName, String operationInput, String outputFormat, String requestProperties, Int32 expectedResult, String nameSpace, String itemElementName) in ]]></text>
                                            <marker class="CodeLocation">
                                              <contents>
                                                <text><![CDATA[C:\Git\arcgis-exporter-extension\GPX.Server.Extension.Tests\MockServerTest.cs:line 159]]></text>
                                              </contents>
                                              <attributes>
                                                <attribute name="line" value="159" />
                                                <attribute name="path" value="C:\Git\arcgis-exporter-extension\GPX.Server.Extension.Tests\MockServerTest.cs" />
                                              </attributes>
                                            </marker>
                                          </contents>
                                          <attributes />
                                        </marker>
                                      </contents>
                                      <attributes />
                                    </marker>
                                  </contents>
                                </section>
                              </contents>
                            </body>
                          </stream>
                        </streams>
                        <attachments />
                      </testLog>
                    </testStepRun>
                  </children>
                  <result assertCount="0" duration="5.6410596">
                    <outcome status="failed" />
                  </result>
                  <testLog>
                    <streams />
                    <attachments />
                  </testLog>
                </testStepRun>
                <testStepRun startTime="2012-03-28T20:03:42.0994672+11:00" endTime="2012-03-28T20:03:44.0522752+11:00">
                  <testStep id="2c4db8b318d07ef7" name="ExportGeoRSS_RSSFormat_Layer" fullName="GPX.Server.Extension.Tests/MockServerTest/ExportGeoRSS_RSSFormat_Layer" testId="3329aded5f51c3be" isPrimary="true" isTestCase="false" isDynamic="false">
                    <codeReference assembly="GPX.Server.Extension.Tests, Version=1.0.0.0, Culture=neutral, PublicKeyToken=null" namespace="GPX.Server.Extension.Tests" type="GPX.Server.Extension.Tests.MockServerTest" member="ExportGeoRSS_RSSFormat_Layer" />
                    <codeLocation path="C:\Git\arcgis-exporter-extension\GPX.Server.Extension.Tests\MockServerTest.cs" line="210" />
                    <metadata>
                      <entry key="TestKind">
                        <value>Test</value>
                      </entry>
                    </metadata>
                  </testStep>
                  <children>
                    <testStepRun startTime="2012-03-28T20:03:42.0994672+11:00" endTime="2012-03-28T20:03:42.9106336+11:00">
                      <testStep id="7a1c6fb20775618a" name="ExportGeoRSS_RSSFormat_Layer(&quot;&quot;, &quot;ExportLayers/7&quot;, &quot;ExportLayer&quot;, &quot;{\&quot;filterGeometry\&quot;:null,\&quot;geometryType\&quot;:null,\&quot;where\&quot;:null,\&quot;exportProperties\&quot;:{\&quot;Title\&quot;:\&quot;Californian Rivers\&quot;,\&quot;ID\&quot;:\&quot;Feed Id\&quot;,\&quot;Language\&quot;:\&quot;en-us\&quot;,\&quot;CopyRight\&quot;:\&quot;Copyright 2011\&quot;,\&quot;Generator\&quot;:\&quot;http://www.mapbutcher.com\&quot;,\&quot;Description\&quot;:\&quot;A GeoRSS format of Californian Rivers\&quot;,\&quot;Link\&quot;:{\&quot;BaseUri\&quot;:null,\&quot;Length\&quot;:0,\&quot;MediaType\&quot;:null,\&quot;RelationshipType\&quot;:null,\&quot;Title\&quot;:\&quot;Mapbutcher\&quot;,\&quot;Uri\&quot;:\&quot;http://www.mapbutcher.com\&quot;},\&quot;Author\&quot;:{\&quot;Email\&quot;:\&quot;mapbutcher@mapbutcher.com\&quot;,\&quot;Name\&quot;:\&quot;Simon\&quot;,\&quot;Uri\&quot;:\&quot;http://www.mapbutcher.com\&quot;},\&quot;GeometryFormat\&quot;:\&quot;simple\&quot;,\&quot;GeometryField\&quot;:\&quot;Shape\&quot;,\&quot;FeedFormat\&quot;:\&quot;Rss\&quot;,\&quot;Items\&quot;:[{\&quot;Key\&quot;:\&quot;Author\&quot;,\&quot;Value\&quot;:{\&quot;PostCondition\&quot;:null,\&quot;PreConditon\&quot;:null,\&quot;MappedContent\&quot;:null,\&quot;MappedContentAlias\&quot;:null,\&quot;FixedContent\&quot;:\&quot;Simon Hope\&quot;,\&quot;MappedContentDelimeter\&quot;:null,\&quot;AutoGenerate\&quot;:false}},{\&quot;Key\&quot;:\&quot;Content\&quot;,\&quot;Value\&quot;:{\&quot;PostCondition\&quot;:null,\&quot;PreConditon\&quot;:null,\&quot;MappedContent\&quot;:null,\&quot;MappedContentAlias\&quot;:null,\&quot;FixedContent\&quot;:null,\&quot;MappedContentDelimeter\&quot;:null,\&quot;AutoGenerate\&quot;:false}},{\&quot;Key\&quot;:\&quot;Contributors\&quot;,\&quot;Value\&quot;:{\&quot;PostCondition\&quot;:null,\&quot;PreConditon\&quot;:null,\&quot;MappedContent\&quot;:null,\&quot;MappedContentAlias\&quot;:null,\&quot;FixedContent\&quot;:\&quot;mapbutcher@mapbutcher.com\&quot;,\&quot;MappedContentDelimeter\&quot;:null,\&quot;AutoGenerate\&quot;:false}},{\&quot;Key\&quot;:\&quot;Copyright\&quot;,\&quot;Value\&quot;:{\&quot;PostCondition\&quot;:null,\&quot;PreConditon\&quot;:null,\&quot;MappedContent\&quot;:null,\&quot;MappedContentAlias\&quot;:null,\&quot;FixedContent\&quot;:\&quot;Copyright 2011\&quot;,\&quot;MappedContentDelimeter\&quot;:null,\&quot;AutoGenerate\&quot;:false}},{\&quot;Key\&quot;:\&quot;Id\&quot;,\&quot;Value\&quot;:{\&quot;PostCondition\&quot;:null,\&quot;PreConditon\&quot;:null,\&quot;MappedContent\&quot;:\&quot;UFI\&quot;,\&quot;MappedContentAlias\&quot;:null,\&quot;FixedContent\&quot;:null,\&quot;MappedContentDelimeter\&quot;:null,\&quot;AutoGenerate\&quot;:true}},{\&quot;Key\&quot;:\&quot;LastUpdatedTime\&quot;,\&quot;Value\&quot;:{\&quot;PostCondition\&quot;:null,\&quot;PreConditon\&quot;:null,\&quot;MappedContent\&quot;:null,\&quot;MappedContentAlias\&quot;:null,\&quot;FixedContent\&quot;:null,\&quot;MappedContentDelimeter\&quot;:null,\&quot;AutoGenerate\&quot;:false}},{\&quot;Key\&quot;:\&quot;Links\&quot;,\&quot;Value\&quot;:{\&quot;PostCondition\&quot;:null,\&quot;PreConditon\&quot;:null,\&quot;MappedContent\&quot;:null,\&quot;MappedContentAlias\&quot;:null,\&quot;FixedContent\&quot;:\&quot;http://www.mapbutcher.com\&quot;,\&quot;MappedContentDelimeter\&quot;:null,\&quot;AutoGenerate\&quot;:false}},{\&quot;Key\&quot;:\&quot;PublishDate\&quot;,\&quot;Value\&quot;:{\&quot;PostCondition\&quot;:null,\&quot;PreConditon\&quot;:null,\&quot;MappedContent\&quot;:null,\&quot;MappedContentAlias\&quot;:null,\&quot;FixedContent\&quot;:null,\&quot;MappedContentDelimeter\&quot;:null,\&quot;AutoGenerate\&quot;:true}},{\&quot;Key\&quot;:\&quot;Summary\&quot;,\&quot;Value\&quot;:{\&quot;PostCondition\&quot;:null,\&quot;PreConditon\&quot;:null,\&quot;MappedContent\&quot;:null,\&quot;MappedContentAlias\&quot;:null,\&quot;FixedContent\&quot;:null,\&quot;MappedContentDelimeter\&quot;:null,\&quot;AutoGenerate\&quot;:false}},{\&quot;Key\&quot;:\&quot;Title\&quot;,\&quot;Value\&quot;:{\&quot;PostCondition\&quot;:null,\&quot;PreConditon\&quot;:null,\&quot;MappedContent\&quot;:null,\&quot;MappedContentAlias\&quot;:null,\&quot;FixedContent\&quot;:null,\&quot;MappedContentDelimeter\&quot;:null,\&quot;AutoGenerate\&quot;:false}}]}}&quot;, &quot;georss&quot;, &quot;{}&quot;, 500, &quot;item&quot;)" fullName="GPX.Server.Extension.Tests/MockServerTest/ExportGeoRSS_RSSFormat_Layer/ExportGeoRSS_RSSFormat_Layer(&quot;&quot;, &quot;ExportLayers/7&quot;, &quot;ExportLayer&quot;, &quot;{\&quot;filterGeometry\&quot;:null,\&quot;geometryType\&quot;:null,\&quot;where\&quot;:null,\&quot;exportProperties\&quot;:{\&quot;Title\&quot;:\&quot;Californian Rivers\&quot;,\&quot;ID\&quot;:\&quot;Feed Id\&quot;,\&quot;Language\&quot;:\&quot;en-us\&quot;,\&quot;CopyRight\&quot;:\&quot;Copyright 2011\&quot;,\&quot;Generator\&quot;:\&quot;http://www.mapbutcher.com\&quot;,\&quot;Description\&quot;:\&quot;A GeoRSS format of Californian Rivers\&quot;,\&quot;Link\&quot;:{\&quot;BaseUri\&quot;:null,\&quot;Length\&quot;:0,\&quot;MediaType\&quot;:null,\&quot;RelationshipType\&quot;:null,\&quot;Title\&quot;:\&quot;Mapbutcher\&quot;,\&quot;Uri\&quot;:\&quot;http://www.mapbutcher.com\&quot;},\&quot;Author\&quot;:{\&quot;Email\&quot;:\&quot;mapbutcher@mapbutcher.com\&quot;,\&quot;Name\&quot;:\&quot;Simon\&quot;,\&quot;Uri\&quot;:\&quot;http://www.mapbutcher.com\&quot;},\&quot;GeometryFormat\&quot;:\&quot;simple\&quot;,\&quot;GeometryField\&quot;:\&quot;Shape\&quot;,\&quot;FeedFormat\&quot;:\&quot;Rss\&quot;,\&quot;Items\&quot;:[{\&quot;Key\&quot;:\&quot;Author\&quot;,\&quot;Value\&quot;:{\&quot;PostCondition\&quot;:null,\&quot;PreConditon\&quot;:null,\&quot;MappedContent\&quot;:null,\&quot;MappedContentAlias\&quot;:null,\&quot;FixedContent\&quot;:\&quot;Simon Hope\&quot;,\&quot;MappedContentDelimeter\&quot;:null,\&quot;AutoGenerate\&quot;:false}},{\&quot;Key\&quot;:\&quot;Content\&quot;,\&quot;Value\&quot;:{\&quot;PostCondition\&quot;:null,\&quot;PreConditon\&quot;:null,\&quot;MappedContent\&quot;:null,\&quot;MappedContentAlias\&quot;:null,\&quot;FixedContent\&quot;:null,\&quot;MappedContentDelimeter\&quot;:null,\&quot;AutoGenerate\&quot;:false}},{\&quot;Key\&quot;:\&quot;Contributors\&quot;,\&quot;Value\&quot;:{\&quot;PostCondition\&quot;:null,\&quot;PreConditon\&quot;:null,\&quot;MappedContent\&quot;:null,\&quot;MappedContentAlias\&quot;:null,\&quot;FixedContent\&quot;:\&quot;mapbutcher@mapbutcher.com\&quot;,\&quot;MappedContentDelimeter\&quot;:null,\&quot;AutoGenerate\&quot;:false}},{\&quot;Key\&quot;:\&quot;Copyright\&quot;,\&quot;Value\&quot;:{\&quot;PostCondition\&quot;:null,\&quot;PreConditon\&quot;:null,\&quot;MappedContent\&quot;:null,\&quot;MappedContentAlias\&quot;:null,\&quot;FixedContent\&quot;:\&quot;Copyright 2011\&quot;,\&quot;MappedContentDelimeter\&quot;:null,\&quot;AutoGenerate\&quot;:false}},{\&quot;Key\&quot;:\&quot;Id\&quot;,\&quot;Value\&quot;:{\&quot;PostCondition\&quot;:null,\&quot;PreConditon\&quot;:null,\&quot;MappedContent\&quot;:\&quot;UFI\&quot;,\&quot;MappedContentAlias\&quot;:null,\&quot;FixedContent\&quot;:null,\&quot;MappedContentDelimeter\&quot;:null,\&quot;AutoGenerate\&quot;:true}},{\&quot;Key\&quot;:\&quot;LastUpdatedTime\&quot;,\&quot;Value\&quot;:{\&quot;PostCondition\&quot;:null,\&quot;PreConditon\&quot;:null,\&quot;MappedContent\&quot;:null,\&quot;MappedContentAlias\&quot;:null,\&quot;FixedContent\&quot;:null,\&quot;MappedContentDelimeter\&quot;:null,\&quot;AutoGenerate\&quot;:false}},{\&quot;Key\&quot;:\&quot;Links\&quot;,\&quot;Value\&quot;:{\&quot;PostCondition\&quot;:null,\&quot;PreConditon\&quot;:null,\&quot;MappedContent\&quot;:null,\&quot;MappedContentAlias\&quot;:null,\&quot;FixedContent\&quot;:\&quot;http://www.mapbutcher.com\&quot;,\&quot;MappedContentDelimeter\&quot;:null,\&quot;AutoGenerate\&quot;:false}},{\&quot;Key\&quot;:\&quot;PublishDate\&quot;,\&quot;Value\&quot;:{\&quot;PostCondition\&quot;:null,\&quot;PreConditon\&quot;:null,\&quot;MappedContent\&quot;:null,\&quot;MappedContentAlias\&quot;:null,\&quot;FixedContent\&quot;:null,\&quot;MappedContentDelimeter\&quot;:null,\&quot;AutoGenerate\&quot;:true}},{\&quot;Key\&quot;:\&quot;Summary\&quot;,\&quot;Value\&quot;:{\&quot;PostCondition\&quot;:null,\&quot;PreConditon\&quot;:null,\&quot;MappedContent\&quot;:null,\&quot;MappedContentAlias\&quot;:null,\&quot;FixedContent\&quot;:null,\&quot;MappedContentDelimeter\&quot;:null,\&quot;AutoGenerate\&quot;:false}},{\&quot;Key\&quot;:\&quot;Title\&quot;,\&quot;Value\&quot;:{\&quot;PostCondition\&quot;:null,\&quot;PreConditon\&quot;:null,\&quot;MappedContent\&quot;:null,\&quot;MappedContentAlias\&quot;:null,\&quot;FixedContent\&quot;:null,\&quot;MappedContentDelimeter\&quot;:null,\&quot;AutoGenerate\&quot;:false}}]}}&quot;, &quot;georss&quot;, &quot;{}&quot;, 500, &quot;item&quot;)" testId="3329aded5f51c3be" isPrimary="false" isTestCase="true" isDynamic="false">
                        <codeReference assembly="GPX.Server.Extension.Tests, Version=1.0.0.0, Culture=neutral, PublicKeyToken=null" namespace="GPX.Server.Extension.Tests" type="GPX.Server.Extension.Tests.MockServerTest" member="ExportGeoRSS_RSSFormat_Layer" />
                        <codeLocation path="C:\Git\arcgis-exporter-extension\GPX.Server.Extension.Tests\MockServerTest.cs" line="210" />
                        <metadata>
                          <entry key="TestKind">
                            <value>Test</value>
                          </entry>
                          <entry key="Description">
                            <value>Export Lines Simple Rss - test assumes 500 feature limit threshhold set by mock server object</value>
                          </entry>
                        </metadata>
                      </testStep>
                      <children />
                      <result assertCount="0" duration="0.8369871">
                        <outcome status="failed" />
                      </result>
                      <testLog>
                        <streams>
                          <stream name="Failures">
                            <body>
                              <contents>
                                <section name="Execute">
                                  <contents>
                                    <marker class="Exception">
                                      <contents>
                                        <marker class="ExceptionType">
                                          <contents>
                                            <text><![CDATA[System.Xml.XmlException]]></text>
                                          </contents>
                                          <attributes />
                                        </marker>
                                        <text><![CDATA[: ]]></text>
                                        <marker class="ExceptionMessage">
                                          <contents>
                                            <text><![CDATA[Data at the root level is invalid. Line 1, position 1.]]></text>
                                          </contents>
                                          <attributes />
                                        </marker>
                                        <text><![CDATA[
]]></text>
                                        <marker class="ExceptionPropertyName">
                                          <contents>
                                            <text><![CDATA[LineNumber]]></text>
                                          </contents>
                                          <attributes />
                                        </marker>
                                        <text><![CDATA[: ]]></text>
                                        <marker class="ExceptionPropertyValue">
                                          <contents>
                                            <text><![CDATA[1]]></text>
                                          </contents>
                                          <attributes />
                                        </marker>
                                        <text><![CDATA[
]]></text>
                                        <marker class="ExceptionPropertyName">
                                          <contents>
                                            <text><![CDATA[LinePosition]]></text>
                                          </contents>
                                          <attributes />
                                        </marker>
                                        <text><![CDATA[: ]]></text>
                                        <marker class="ExceptionPropertyValue">
                                          <contents>
                                            <text><![CDATA[1]]></text>
                                          </contents>
                                          <attributes />
                                        </marker>
                                        <text><![CDATA[
]]></text>
                                        <marker class="ExceptionPropertyName">
                                          <contents>
                                            <text><![CDATA[SourceUri]]></text>
                                          </contents>
                                          <attributes />
                                        </marker>
                                        <text><![CDATA[: ]]></text>
                                        <marker class="ExceptionPropertyValue">
                                          <contents />
                                          <attributes />
                                        </marker>
                                        <text><![CDATA[
]]></text>
                                        <marker class="StackTrace">
                                          <contents>
                                            <text><![CDATA[   at System.Xml.XmlTextReaderImpl.Throw(Exception e)
   at System.Xml.XmlTextReaderImpl.Throw(String res, String arg)
   at System.Xml.XmlTextReaderImpl.ParseRootLevelWhitespace()
   at System.Xml.XmlTextReaderImpl.ParseDocumentContent()
   at System.Xml.XmlTextReaderImpl.Read()
   at System.Xml.Linq.XDocument.Load(XmlReader reader, LoadOptions options)
   at System.Xml.Linq.XDocument.Load(TextReader textReader, LoadOptions options)
   at System.Xml.Linq.XDocument.Load(TextReader textReader)
   at GPX.Server.Extension.Tests.MockServerTest.ExportGeoRSS_RSSFormat_Layer(String capabilities, String resourceName, String operationName, String operationInput, String outputFormat, String requestProperties, Int32 expectedResult, String itemElementName) in ]]></text>
                                            <marker class="CodeLocation">
                                              <contents>
                                                <text><![CDATA[C:\Git\arcgis-exporter-extension\GPX.Server.Extension.Tests\MockServerTest.cs:line 217]]></text>
                                              </contents>
                                              <attributes>
                                                <attribute name="line" value="217" />
                                                <attribute name="path" value="C:\Git\arcgis-exporter-extension\GPX.Server.Extension.Tests\MockServerTest.cs" />
                                              </attributes>
                                            </marker>
                                          </contents>
                                          <attributes />
                                        </marker>
                                      </contents>
                                      <attributes />
                                    </marker>
                                  </contents>
                                </section>
                              </contents>
                            </body>
                          </stream>
                        </streams>
                        <attachments />
                      </testLog>
                    </testStepRun>
                    <testStepRun startTime="2012-03-28T20:03:42.9106336+11:00" endTime="2012-03-28T20:03:43.2911808+11:00">
                      <testStep id="4e3efb098519a212" name="ExportGeoRSS_RSSFormat_Layer(&quot;&quot;, &quot;ExportLayers/7&quot;, &quot;ExportLayer&quot;, &quot;{\&quot;filterGeometry\&quot;:null,\&quot;geometryType\&quot;:null,\&quot;where\&quot;:null,\&quot;exportProperties\&quot;:{\&quot;Title\&quot;:\&quot;Californian Rivers\&quot;,\&quot;ID\&quot;:\&quot;Feed Id\&quot;,\&quot;Language\&quot;:\&quot;en-us\&quot;,\&quot;CopyRight\&quot;:\&quot;Copyright 2011\&quot;,\&quot;Generator\&quot;:\&quot;http://www.mapbutcher.com\&quot;,\&quot;Description\&quot;:\&quot;A GeoRSS format of Californian Rivers\&quot;,\&quot;Link\&quot;:{\&quot;BaseUri\&quot;:null,\&quot;Length\&quot;:0,\&quot;MediaType\&quot;:null,\&quot;RelationshipType\&quot;:null,\&quot;Title\&quot;:\&quot;Mapbutcher\&quot;,\&quot;Uri\&quot;:\&quot;http://www.mapbutcher.com\&quot;},\&quot;Author\&quot;:{\&quot;Email\&quot;:\&quot;mapbutcher@mapbutcher.com\&quot;,\&quot;Name\&quot;:\&quot;Simon\&quot;,\&quot;Uri\&quot;:\&quot;http://www.mapbutcher.com\&quot;},\&quot;GeometryFormat\&quot;:\&quot;GML\&quot;,\&quot;GeometryField\&quot;:\&quot;Shape\&quot;,\&quot;FeedFormat\&quot;:\&quot;Rss\&quot;,\&quot;Items\&quot;:[{\&quot;Key\&quot;:\&quot;Author\&quot;,\&quot;Value\&quot;:{\&quot;PostCondition\&quot;:null,\&quot;PreConditon\&quot;:null,\&quot;MappedContent\&quot;:null,\&quot;MappedContentAlias\&quot;:null,\&quot;FixedContent\&quot;:\&quot;Simon Hope\&quot;,\&quot;MappedContentDelimeter\&quot;:null,\&quot;AutoGenerate\&quot;:false}},{\&quot;Key\&quot;:\&quot;Content\&quot;,\&quot;Value\&quot;:{\&quot;PostCondition\&quot;:null,\&quot;PreConditon\&quot;:null,\&quot;MappedContent\&quot;:null,\&quot;MappedContentAlias\&quot;:null,\&quot;FixedContent\&quot;:null,\&quot;MappedContentDelimeter\&quot;:null,\&quot;AutoGenerate\&quot;:false}},{\&quot;Key\&quot;:\&quot;Contributors\&quot;,\&quot;Value\&quot;:{\&quot;PostCondition\&quot;:null,\&quot;PreConditon\&quot;:null,\&quot;MappedContent\&quot;:null,\&quot;MappedContentAlias\&quot;:null,\&quot;FixedContent\&quot;:\&quot;mapbutcher@mapbutcher.com\&quot;,\&quot;MappedContentDelimeter\&quot;:null,\&quot;AutoGenerate\&quot;:false}},{\&quot;Key\&quot;:\&quot;Copyright\&quot;,\&quot;Value\&quot;:{\&quot;PostCondition\&quot;:null,\&quot;PreConditon\&quot;:null,\&quot;MappedContent\&quot;:null,\&quot;MappedContentAlias\&quot;:null,\&quot;FixedContent\&quot;:\&quot;Copyright 2011\&quot;,\&quot;MappedContentDelimeter\&quot;:null,\&quot;AutoGenerate\&quot;:false}},{\&quot;Key\&quot;:\&quot;Id\&quot;,\&quot;Value\&quot;:{\&quot;PostCondition\&quot;:null,\&quot;PreConditon\&quot;:null,\&quot;MappedContent\&quot;:\&quot;UFI\&quot;,\&quot;MappedContentAlias\&quot;:null,\&quot;FixedContent\&quot;:null,\&quot;MappedContentDelimeter\&quot;:null,\&quot;AutoGenerate\&quot;:true}},{\&quot;Key\&quot;:\&quot;LastUpdatedTime\&quot;,\&quot;Value\&quot;:{\&quot;PostCondition\&quot;:null,\&quot;PreConditon\&quot;:null,\&quot;MappedContent\&quot;:null,\&quot;MappedContentAlias\&quot;:null,\&quot;FixedContent\&quot;:null,\&quot;MappedContentDelimeter\&quot;:null,\&quot;AutoGenerate\&quot;:false}},{\&quot;Key\&quot;:\&quot;Links\&quot;,\&quot;Value\&quot;:{\&quot;PostCondition\&quot;:null,\&quot;PreConditon\&quot;:null,\&quot;MappedContent\&quot;:null,\&quot;MappedContentAlias\&quot;:null,\&quot;FixedContent\&quot;:\&quot;http://www.mapbutcher.com\&quot;,\&quot;MappedContentDelimeter\&quot;:null,\&quot;AutoGenerate\&quot;:false}},{\&quot;Key\&quot;:\&quot;PublishDate\&quot;,\&quot;Value\&quot;:{\&quot;PostCondition\&quot;:null,\&quot;PreConditon\&quot;:null,\&quot;MappedContent\&quot;:null,\&quot;MappedContentAlias\&quot;:null,\&quot;FixedContent\&quot;:null,\&quot;MappedContentDelimeter\&quot;:null,\&quot;AutoGenerate\&quot;:true}},{\&quot;Key\&quot;:\&quot;Summary\&quot;,\&quot;Value\&quot;:{\&quot;PostCondition\&quot;:null,\&quot;PreConditon\&quot;:null,\&quot;MappedContent\&quot;:null,\&quot;MappedContentAlias\&quot;:null,\&quot;FixedContent\&quot;:null,\&quot;MappedContentDelimeter\&quot;:null,\&quot;AutoGenerate\&quot;:false}},{\&quot;Key\&quot;:\&quot;Title\&quot;,\&quot;Value\&quot;:{\&quot;PostCondition\&quot;:null,\&quot;PreConditon\&quot;:null,\&quot;MappedContent\&quot;:null,\&quot;MappedContentAlias\&quot;:null,\&quot;FixedContent\&quot;:null,\&quot;MappedContentDelimeter\&quot;:null,\&quot;AutoGenerate\&quot;:false}}]}}&quot;, &quot;georss&quot;, &quot;{}&quot;, 500, &quot;item&quot;)" fullName="GPX.Server.Extension.Tests/MockServerTest/ExportGeoRSS_RSSFormat_Layer/ExportGeoRSS_RSSFormat_Layer(&quot;&quot;, &quot;ExportLayers/7&quot;, &quot;ExportLayer&quot;, &quot;{\&quot;filterGeometry\&quot;:null,\&quot;geometryType\&quot;:null,\&quot;where\&quot;:null,\&quot;exportProperties\&quot;:{\&quot;Title\&quot;:\&quot;Californian Rivers\&quot;,\&quot;ID\&quot;:\&quot;Feed Id\&quot;,\&quot;Language\&quot;:\&quot;en-us\&quot;,\&quot;CopyRight\&quot;:\&quot;Copyright 2011\&quot;,\&quot;Generator\&quot;:\&quot;http://www.mapbutcher.com\&quot;,\&quot;Description\&quot;:\&quot;A GeoRSS format of Californian Rivers\&quot;,\&quot;Link\&quot;:{\&quot;BaseUri\&quot;:null,\&quot;Length\&quot;:0,\&quot;MediaType\&quot;:null,\&quot;RelationshipType\&quot;:null,\&quot;Title\&quot;:\&quot;Mapbutcher\&quot;,\&quot;Uri\&quot;:\&quot;http://www.mapbutcher.com\&quot;},\&quot;Author\&quot;:{\&quot;Email\&quot;:\&quot;mapbutcher@mapbutcher.com\&quot;,\&quot;Name\&quot;:\&quot;Simon\&quot;,\&quot;Uri\&quot;:\&quot;http://www.mapbutcher.com\&quot;},\&quot;GeometryFormat\&quot;:\&quot;GML\&quot;,\&quot;GeometryField\&quot;:\&quot;Shape\&quot;,\&quot;FeedFormat\&quot;:\&quot;Rss\&quot;,\&quot;Items\&quot;:[{\&quot;Key\&quot;:\&quot;Author\&quot;,\&quot;Value\&quot;:{\&quot;PostCondition\&quot;:null,\&quot;PreConditon\&quot;:null,\&quot;MappedContent\&quot;:null,\&quot;MappedContentAlias\&quot;:null,\&quot;FixedContent\&quot;:\&quot;Simon Hope\&quot;,\&quot;MappedContentDelimeter\&quot;:null,\&quot;AutoGenerate\&quot;:false}},{\&quot;Key\&quot;:\&quot;Content\&quot;,\&quot;Value\&quot;:{\&quot;PostCondition\&quot;:null,\&quot;PreConditon\&quot;:null,\&quot;MappedContent\&quot;:null,\&quot;MappedContentAlias\&quot;:null,\&quot;FixedContent\&quot;:null,\&quot;MappedContentDelimeter\&quot;:null,\&quot;AutoGenerate\&quot;:false}},{\&quot;Key\&quot;:\&quot;Contributors\&quot;,\&quot;Value\&quot;:{\&quot;PostCondition\&quot;:null,\&quot;PreConditon\&quot;:null,\&quot;MappedContent\&quot;:null,\&quot;MappedContentAlias\&quot;:null,\&quot;FixedContent\&quot;:\&quot;mapbutcher@mapbutcher.com\&quot;,\&quot;MappedContentDelimeter\&quot;:null,\&quot;AutoGenerate\&quot;:false}},{\&quot;Key\&quot;:\&quot;Copyright\&quot;,\&quot;Value\&quot;:{\&quot;PostCondition\&quot;:null,\&quot;PreConditon\&quot;:null,\&quot;MappedContent\&quot;:null,\&quot;MappedContentAlias\&quot;:null,\&quot;FixedContent\&quot;:\&quot;Copyright 2011\&quot;,\&quot;MappedContentDelimeter\&quot;:null,\&quot;AutoGenerate\&quot;:false}},{\&quot;Key\&quot;:\&quot;Id\&quot;,\&quot;Value\&quot;:{\&quot;PostCondition\&quot;:null,\&quot;PreConditon\&quot;:null,\&quot;MappedContent\&quot;:\&quot;UFI\&quot;,\&quot;MappedContentAlias\&quot;:null,\&quot;FixedContent\&quot;:null,\&quot;MappedContentDelimeter\&quot;:null,\&quot;AutoGenerate\&quot;:true}},{\&quot;Key\&quot;:\&quot;LastUpdatedTime\&quot;,\&quot;Value\&quot;:{\&quot;PostCondition\&quot;:null,\&quot;PreConditon\&quot;:null,\&quot;MappedContent\&quot;:null,\&quot;MappedContentAlias\&quot;:null,\&quot;FixedContent\&quot;:null,\&quot;MappedContentDelimeter\&quot;:null,\&quot;AutoGenerate\&quot;:false}},{\&quot;Key\&quot;:\&quot;Links\&quot;,\&quot;Value\&quot;:{\&quot;PostCondition\&quot;:null,\&quot;PreConditon\&quot;:null,\&quot;MappedContent\&quot;:null,\&quot;MappedContentAlias\&quot;:null,\&quot;FixedContent\&quot;:\&quot;http://www.mapbutcher.com\&quot;,\&quot;MappedContentDelimeter\&quot;:null,\&quot;AutoGenerate\&quot;:false}},{\&quot;Key\&quot;:\&quot;PublishDate\&quot;,\&quot;Value\&quot;:{\&quot;PostCondition\&quot;:null,\&quot;PreConditon\&quot;:null,\&quot;MappedContent\&quot;:null,\&quot;MappedContentAlias\&quot;:null,\&quot;FixedContent\&quot;:null,\&quot;MappedContentDelimeter\&quot;:null,\&quot;AutoGenerate\&quot;:true}},{\&quot;Key\&quot;:\&quot;Summary\&quot;,\&quot;Value\&quot;:{\&quot;PostCondition\&quot;:null,\&quot;PreConditon\&quot;:null,\&quot;MappedContent\&quot;:null,\&quot;MappedContentAlias\&quot;:null,\&quot;FixedContent\&quot;:null,\&quot;MappedContentDelimeter\&quot;:null,\&quot;AutoGenerate\&quot;:false}},{\&quot;Key\&quot;:\&quot;Title\&quot;,\&quot;Value\&quot;:{\&quot;PostCondition\&quot;:null,\&quot;PreConditon\&quot;:null,\&quot;MappedContent\&quot;:null,\&quot;MappedContentAlias\&quot;:null,\&quot;FixedContent\&quot;:null,\&quot;MappedContentDelimeter\&quot;:null,\&quot;AutoGenerate\&quot;:false}}]}}&quot;, &quot;georss&quot;, &quot;{}&quot;, 500, &quot;item&quot;)" testId="3329aded5f51c3be" isPrimary="false" isTestCase="true" isDynamic="false">
                        <codeReference assembly="GPX.Server.Extension.Tests, Version=1.0.0.0, Culture=neutral, PublicKeyToken=null" namespace="GPX.Server.Extension.Tests" type="GPX.Server.Extension.Tests.MockServerTest" member="ExportGeoRSS_RSSFormat_Layer" />
                        <codeLocation path="C:\Git\arcgis-exporter-extension\GPX.Server.Extension.Tests\MockServerTest.cs" line="210" />
                        <metadata>
                          <entry key="TestKind">
                            <value>Test</value>
                          </entry>
                          <entry key="Description">
                            <value>Export Lines GML Rss - test assumes 500 feature limit threshhold set by mock server object</value>
                          </entry>
                        </metadata>
                      </testStep>
                      <children />
                      <result assertCount="0" duration="0.35867709999999997">
                        <outcome status="failed" />
                      </result>
                      <testLog>
                        <streams>
                          <stream name="Failures">
                            <body>
                              <contents>
                                <section name="Execute">
                                  <contents>
                                    <marker class="Exception">
                                      <contents>
                                        <marker class="ExceptionType">
                                          <contents>
                                            <text><![CDATA[System.Xml.XmlException]]></text>
                                          </contents>
                                          <attributes />
                                        </marker>
                                        <text><![CDATA[: ]]></text>
                                        <marker class="ExceptionMessage">
                                          <contents>
                                            <text><![CDATA[Data at the root level is invalid. Line 1, position 1.]]></text>
                                          </contents>
                                          <attributes />
                                        </marker>
                                        <text><![CDATA[
]]></text>
                                        <marker class="ExceptionPropertyName">
                                          <contents>
                                            <text><![CDATA[LineNumber]]></text>
                                          </contents>
                                          <attributes />
                                        </marker>
                                        <text><![CDATA[: ]]></text>
                                        <marker class="ExceptionPropertyValue">
                                          <contents>
                                            <text><![CDATA[1]]></text>
                                          </contents>
                                          <attributes />
                                        </marker>
                                        <text><![CDATA[
]]></text>
                                        <marker class="ExceptionPropertyName">
                                          <contents>
                                            <text><![CDATA[LinePosition]]></text>
                                          </contents>
                                          <attributes />
                                        </marker>
                                        <text><![CDATA[: ]]></text>
                                        <marker class="ExceptionPropertyValue">
                                          <contents>
                                            <text><![CDATA[1]]></text>
                                          </contents>
                                          <attributes />
                                        </marker>
                                        <text><![CDATA[
]]></text>
                                        <marker class="ExceptionPropertyName">
                                          <contents>
                                            <text><![CDATA[SourceUri]]></text>
                                          </contents>
                                          <attributes />
                                        </marker>
                                        <text><![CDATA[: ]]></text>
                                        <marker class="ExceptionPropertyValue">
                                          <contents />
                                          <attributes />
                                        </marker>
                                        <text><![CDATA[
]]></text>
                                        <marker class="StackTrace">
                                          <contents>
                                            <text><![CDATA[   at System.Xml.XmlTextReaderImpl.Throw(Exception e)
   at System.Xml.XmlTextReaderImpl.Throw(String res, String arg)
   at System.Xml.XmlTextReaderImpl.ParseRootLevelWhitespace()
   at System.Xml.XmlTextReaderImpl.ParseDocumentContent()
   at System.Xml.XmlTextReaderImpl.Read()
   at System.Xml.Linq.XDocument.Load(XmlReader reader, LoadOptions options)
   at System.Xml.Linq.XDocument.Load(TextReader textReader, LoadOptions options)
   at System.Xml.Linq.XDocument.Load(TextReader textReader)
   at GPX.Server.Extension.Tests.MockServerTest.ExportGeoRSS_RSSFormat_Layer(String capabilities, String resourceName, String operationName, String operationInput, String outputFormat, String requestProperties, Int32 expectedResult, String itemElementName) in ]]></text>
                                            <marker class="CodeLocation">
                                              <contents>
                                                <text><![CDATA[C:\Git\arcgis-exporter-extension\GPX.Server.Extension.Tests\MockServerTest.cs:line 217]]></text>
                                              </contents>
                                              <attributes>
                                                <attribute name="line" value="217" />
                                                <attribute name="path" value="C:\Git\arcgis-exporter-extension\GPX.Server.Extension.Tests\MockServerTest.cs" />
                                              </attributes>
                                            </marker>
                                          </contents>
                                          <attributes />
                                        </marker>
                                      </contents>
                                      <attributes />
                                    </marker>
                                  </contents>
                                </section>
                              </contents>
                            </body>
                          </stream>
                        </streams>
                        <attachments />
                      </testLog>
                    </testStepRun>
                    <testStepRun startTime="2012-03-28T20:03:43.2911808+11:00" endTime="2012-03-28T20:03:43.6617136+11:00">
                      <testStep id="f15189d2fa87469e" name="ExportGeoRSS_RSSFormat_Layer(&quot;&quot;, &quot;ExportLayers/2&quot;, &quot;ExportLayer&quot;, &quot;{\&quot;filterGeometry\&quot;:null,\&quot;geometryType\&quot;:null,\&quot;where\&quot;:null,\&quot;exportProperties\&quot;:{\&quot;Title\&quot;:\&quot;Californian EarthQuakes\&quot;,\&quot;ID\&quot;:\&quot;Feed Id\&quot;,\&quot;Language\&quot;:\&quot;en-us\&quot;,\&quot;CopyRight\&quot;:\&quot;Copyright 2011\&quot;,\&quot;Generator\&quot;:\&quot;http://www.mapbutcher.com\&quot;,\&quot;Description\&quot;:\&quot;A GeoRSS format of Californian EarthQuakes\&quot;,\&quot;Link\&quot;:{\&quot;BaseUri\&quot;:null,\&quot;Length\&quot;:0,\&quot;MediaType\&quot;:null,\&quot;RelationshipType\&quot;:null,\&quot;Title\&quot;:\&quot;Mapbutcher\&quot;,\&quot;Uri\&quot;:\&quot;http://www.mapbutcher.com\&quot;},\&quot;Author\&quot;:{\&quot;Email\&quot;:\&quot;mapbutcher@mapbutcher.com\&quot;,\&quot;Name\&quot;:\&quot;Simon\&quot;,\&quot;Uri\&quot;:\&quot;http://www.mapbutcher.com\&quot;},\&quot;GeometryFormat\&quot;:\&quot;simple\&quot;,\&quot;GeometryField\&quot;:\&quot;Shape\&quot;,\&quot;FeedFormat\&quot;:\&quot;Rss\&quot;,\&quot;Items\&quot;:[{\&quot;Key\&quot;:\&quot;Author\&quot;,\&quot;Value\&quot;:{\&quot;PostCondition\&quot;:null,\&quot;PreConditon\&quot;:null,\&quot;MappedContent\&quot;:null,\&quot;MappedContentAlias\&quot;:null,\&quot;FixedContent\&quot;:\&quot;Simon Hope\&quot;,\&quot;MappedContentDelimeter\&quot;:null,\&quot;AutoGenerate\&quot;:false}},{\&quot;Key\&quot;:\&quot;Content\&quot;,\&quot;Value\&quot;:{\&quot;PostCondition\&quot;:null,\&quot;PreConditon\&quot;:null,\&quot;MappedContent\&quot;:null,\&quot;MappedContentAlias\&quot;:null,\&quot;FixedContent\&quot;:null,\&quot;MappedContentDelimeter\&quot;:null,\&quot;AutoGenerate\&quot;:false}},{\&quot;Key\&quot;:\&quot;Contributors\&quot;,\&quot;Value\&quot;:{\&quot;PostCondition\&quot;:null,\&quot;PreConditon\&quot;:null,\&quot;MappedContent\&quot;:null,\&quot;MappedContentAlias\&quot;:null,\&quot;FixedContent\&quot;:\&quot;mapbutcher@mapbutcher.com\&quot;,\&quot;MappedContentDelimeter\&quot;:null,\&quot;AutoGenerate\&quot;:false}},{\&quot;Key\&quot;:\&quot;Copyright\&quot;,\&quot;Value\&quot;:{\&quot;PostCondition\&quot;:null,\&quot;PreConditon\&quot;:null,\&quot;MappedContent\&quot;:null,\&quot;MappedContentAlias\&quot;:null,\&quot;FixedContent\&quot;:\&quot;Copyright 2011\&quot;,\&quot;MappedContentDelimeter\&quot;:null,\&quot;AutoGenerate\&quot;:false}},{\&quot;Key\&quot;:\&quot;Id\&quot;,\&quot;Value\&quot;:{\&quot;PostCondition\&quot;:null,\&quot;PreConditon\&quot;:null,\&quot;MappedContent\&quot;:\&quot;UFI\&quot;,\&quot;MappedContentAlias\&quot;:null,\&quot;FixedContent\&quot;:null,\&quot;MappedContentDelimeter\&quot;:null,\&quot;AutoGenerate\&quot;:true}},{\&quot;Key\&quot;:\&quot;LastUpdatedTime\&quot;,\&quot;Value\&quot;:{\&quot;PostCondition\&quot;:null,\&quot;PreConditon\&quot;:null,\&quot;MappedContent\&quot;:null,\&quot;MappedContentAlias\&quot;:null,\&quot;FixedContent\&quot;:null,\&quot;MappedContentDelimeter\&quot;:null,\&quot;AutoGenerate\&quot;:false}},{\&quot;Key\&quot;:\&quot;Links\&quot;,\&quot;Value\&quot;:{\&quot;PostCondition\&quot;:null,\&quot;PreConditon\&quot;:null,\&quot;MappedContent\&quot;:null,\&quot;MappedContentAlias\&quot;:null,\&quot;FixedContent\&quot;:\&quot;http://www.mapbutcher.com\&quot;,\&quot;MappedContentDelimeter\&quot;:null,\&quot;AutoGenerate\&quot;:false}},{\&quot;Key\&quot;:\&quot;PublishDate\&quot;,\&quot;Value\&quot;:{\&quot;PostCondition\&quot;:null,\&quot;PreConditon\&quot;:null,\&quot;MappedContent\&quot;:null,\&quot;MappedContentAlias\&quot;:null,\&quot;FixedContent\&quot;:null,\&quot;MappedContentDelimeter\&quot;:null,\&quot;AutoGenerate\&quot;:true}},{\&quot;Key\&quot;:\&quot;Summary\&quot;,\&quot;Value\&quot;:{\&quot;PostCondition\&quot;:null,\&quot;PreConditon\&quot;:null,\&quot;MappedContent\&quot;:null,\&quot;MappedContentAlias\&quot;:null,\&quot;FixedContent\&quot;:null,\&quot;MappedContentDelimeter\&quot;:null,\&quot;AutoGenerate\&quot;:false}},{\&quot;Key\&quot;:\&quot;Title\&quot;,\&quot;Value\&quot;:{\&quot;PostCondition\&quot;:null,\&quot;PreConditon\&quot;:null,\&quot;MappedContent\&quot;:null,\&quot;MappedContentAlias\&quot;:null,\&quot;FixedContent\&quot;:null,\&quot;MappedContentDelimeter\&quot;:null,\&quot;AutoGenerate\&quot;:false}}]}}&quot;, &quot;georss&quot;, &quot;{}&quot;, 221, &quot;item&quot;)" fullName="GPX.Server.Extension.Tests/MockServerTest/ExportGeoRSS_RSSFormat_Layer/ExportGeoRSS_RSSFormat_Layer(&quot;&quot;, &quot;ExportLayers/2&quot;, &quot;ExportLayer&quot;, &quot;{\&quot;filterGeometry\&quot;:null,\&quot;geometryType\&quot;:null,\&quot;where\&quot;:null,\&quot;exportProperties\&quot;:{\&quot;Title\&quot;:\&quot;Californian EarthQuakes\&quot;,\&quot;ID\&quot;:\&quot;Feed Id\&quot;,\&quot;Language\&quot;:\&quot;en-us\&quot;,\&quot;CopyRight\&quot;:\&quot;Copyright 2011\&quot;,\&quot;Generator\&quot;:\&quot;http://www.mapbutcher.com\&quot;,\&quot;Description\&quot;:\&quot;A GeoRSS format of Californian EarthQuakes\&quot;,\&quot;Link\&quot;:{\&quot;BaseUri\&quot;:null,\&quot;Length\&quot;:0,\&quot;MediaType\&quot;:null,\&quot;RelationshipType\&quot;:null,\&quot;Title\&quot;:\&quot;Mapbutcher\&quot;,\&quot;Uri\&quot;:\&quot;http://www.mapbutcher.com\&quot;},\&quot;Author\&quot;:{\&quot;Email\&quot;:\&quot;mapbutcher@mapbutcher.com\&quot;,\&quot;Name\&quot;:\&quot;Simon\&quot;,\&quot;Uri\&quot;:\&quot;http://www.mapbutcher.com\&quot;},\&quot;GeometryFormat\&quot;:\&quot;simple\&quot;,\&quot;GeometryField\&quot;:\&quot;Shape\&quot;,\&quot;FeedFormat\&quot;:\&quot;Rss\&quot;,\&quot;Items\&quot;:[{\&quot;Key\&quot;:\&quot;Author\&quot;,\&quot;Value\&quot;:{\&quot;PostCondition\&quot;:null,\&quot;PreConditon\&quot;:null,\&quot;MappedContent\&quot;:null,\&quot;MappedContentAlias\&quot;:null,\&quot;FixedContent\&quot;:\&quot;Simon Hope\&quot;,\&quot;MappedContentDelimeter\&quot;:null,\&quot;AutoGenerate\&quot;:false}},{\&quot;Key\&quot;:\&quot;Content\&quot;,\&quot;Value\&quot;:{\&quot;PostCondition\&quot;:null,\&quot;PreConditon\&quot;:null,\&quot;MappedContent\&quot;:null,\&quot;MappedContentAlias\&quot;:null,\&quot;FixedContent\&quot;:null,\&quot;MappedContentDelimeter\&quot;:null,\&quot;AutoGenerate\&quot;:false}},{\&quot;Key\&quot;:\&quot;Contributors\&quot;,\&quot;Value\&quot;:{\&quot;PostCondition\&quot;:null,\&quot;PreConditon\&quot;:null,\&quot;MappedContent\&quot;:null,\&quot;MappedContentAlias\&quot;:null,\&quot;FixedContent\&quot;:\&quot;mapbutcher@mapbutcher.com\&quot;,\&quot;MappedContentDelimeter\&quot;:null,\&quot;AutoGenerate\&quot;:false}},{\&quot;Key\&quot;:\&quot;Copyright\&quot;,\&quot;Value\&quot;:{\&quot;PostCondition\&quot;:null,\&quot;PreConditon\&quot;:null,\&quot;MappedContent\&quot;:null,\&quot;MappedContentAlias\&quot;:null,\&quot;FixedContent\&quot;:\&quot;Copyright 2011\&quot;,\&quot;MappedContentDelimeter\&quot;:null,\&quot;AutoGenerate\&quot;:false}},{\&quot;Key\&quot;:\&quot;Id\&quot;,\&quot;Value\&quot;:{\&quot;PostCondition\&quot;:null,\&quot;PreConditon\&quot;:null,\&quot;MappedContent\&quot;:\&quot;UFI\&quot;,\&quot;MappedContentAlias\&quot;:null,\&quot;FixedContent\&quot;:null,\&quot;MappedContentDelimeter\&quot;:null,\&quot;AutoGenerate\&quot;:true}},{\&quot;Key\&quot;:\&quot;LastUpdatedTime\&quot;,\&quot;Value\&quot;:{\&quot;PostCondition\&quot;:null,\&quot;PreConditon\&quot;:null,\&quot;MappedContent\&quot;:null,\&quot;MappedContentAlias\&quot;:null,\&quot;FixedContent\&quot;:null,\&quot;MappedContentDelimeter\&quot;:null,\&quot;AutoGenerate\&quot;:false}},{\&quot;Key\&quot;:\&quot;Links\&quot;,\&quot;Value\&quot;:{\&quot;PostCondition\&quot;:null,\&quot;PreConditon\&quot;:null,\&quot;MappedContent\&quot;:null,\&quot;MappedContentAlias\&quot;:null,\&quot;FixedContent\&quot;:\&quot;http://www.mapbutcher.com\&quot;,\&quot;MappedContentDelimeter\&quot;:null,\&quot;AutoGenerate\&quot;:false}},{\&quot;Key\&quot;:\&quot;PublishDate\&quot;,\&quot;Value\&quot;:{\&quot;PostCondition\&quot;:null,\&quot;PreConditon\&quot;:null,\&quot;MappedContent\&quot;:null,\&quot;MappedContentAlias\&quot;:null,\&quot;FixedContent\&quot;:null,\&quot;MappedContentDelimeter\&quot;:null,\&quot;AutoGenerate\&quot;:true}},{\&quot;Key\&quot;:\&quot;Summary\&quot;,\&quot;Value\&quot;:{\&quot;PostCondition\&quot;:null,\&quot;PreConditon\&quot;:null,\&quot;MappedContent\&quot;:null,\&quot;MappedContentAlias\&quot;:null,\&quot;FixedContent\&quot;:null,\&quot;MappedContentDelimeter\&quot;:null,\&quot;AutoGenerate\&quot;:false}},{\&quot;Key\&quot;:\&quot;Title\&quot;,\&quot;Value\&quot;:{\&quot;PostCondition\&quot;:null,\&quot;PreConditon\&quot;:null,\&quot;MappedContent\&quot;:null,\&quot;MappedContentAlias\&quot;:null,\&quot;FixedContent\&quot;:null,\&quot;MappedContentDelimeter\&quot;:null,\&quot;AutoGenerate\&quot;:false}}]}}&quot;, &quot;georss&quot;, &quot;{}&quot;, 221, &quot;item&quot;)" testId="3329aded5f51c3be" isPrimary="false" isTestCase="true" isDynamic="false">
                        <codeReference assembly="GPX.Server.Extension.Tests, Version=1.0.0.0, Culture=neutral, PublicKeyToken=null" namespace="GPX.Server.Extension.Tests" type="GPX.Server.Extension.Tests.MockServerTest" member="ExportGeoRSS_RSSFormat_Layer" />
                        <codeLocation path="C:\Git\arcgis-exporter-extension\GPX.Server.Extension.Tests\MockServerTest.cs" line="210" />
                        <metadata>
                          <entry key="TestKind">
                            <value>Test</value>
                          </entry>
                          <entry key="Description">
                            <value>Export Points Simple RSS</value>
                          </entry>
                        </metadata>
                      </testStep>
                      <children />
                      <result assertCount="0" duration="0.38466029999999996">
                        <outcome status="failed" />
                      </result>
                      <testLog>
                        <streams>
                          <stream name="Failures">
                            <body>
                              <contents>
                                <section name="Execute">
                                  <contents>
                                    <marker class="Exception">
                                      <contents>
                                        <marker class="ExceptionType">
                                          <contents>
                                            <text><![CDATA[System.Xml.XmlException]]></text>
                                          </contents>
                                          <attributes />
                                        </marker>
                                        <text><![CDATA[: ]]></text>
                                        <marker class="ExceptionMessage">
                                          <contents>
                                            <text><![CDATA[Data at the root level is invalid. Line 1, position 1.]]></text>
                                          </contents>
                                          <attributes />
                                        </marker>
                                        <text><![CDATA[
]]></text>
                                        <marker class="ExceptionPropertyName">
                                          <contents>
                                            <text><![CDATA[LineNumber]]></text>
                                          </contents>
                                          <attributes />
                                        </marker>
                                        <text><![CDATA[: ]]></text>
                                        <marker class="ExceptionPropertyValue">
                                          <contents>
                                            <text><![CDATA[1]]></text>
                                          </contents>
                                          <attributes />
                                        </marker>
                                        <text><![CDATA[
]]></text>
                                        <marker class="ExceptionPropertyName">
                                          <contents>
                                            <text><![CDATA[LinePosition]]></text>
                                          </contents>
                                          <attributes />
                                        </marker>
                                        <text><![CDATA[: ]]></text>
                                        <marker class="ExceptionPropertyValue">
                                          <contents>
                                            <text><![CDATA[1]]></text>
                                          </contents>
                                          <attributes />
                                        </marker>
                                        <text><![CDATA[
]]></text>
                                        <marker class="ExceptionPropertyName">
                                          <contents>
                                            <text><![CDATA[SourceUri]]></text>
                                          </contents>
                                          <attributes />
                                        </marker>
                                        <text><![CDATA[: ]]></text>
                                        <marker class="ExceptionPropertyValue">
                                          <contents />
                                          <attributes />
                                        </marker>
                                        <text><![CDATA[
]]></text>
                                        <marker class="StackTrace">
                                          <contents>
                                            <text><![CDATA[   at System.Xml.XmlTextReaderImpl.Throw(Exception e)
   at System.Xml.XmlTextReaderImpl.Throw(String res, String arg)
   at System.Xml.XmlTextReaderImpl.ParseRootLevelWhitespace()
   at System.Xml.XmlTextReaderImpl.ParseDocumentContent()
   at System.Xml.XmlTextReaderImpl.Read()
   at System.Xml.Linq.XDocument.Load(XmlReader reader, LoadOptions options)
   at System.Xml.Linq.XDocument.Load(TextReader textReader, LoadOptions options)
   at System.Xml.Linq.XDocument.Load(TextReader textReader)
   at GPX.Server.Extension.Tests.MockServerTest.ExportGeoRSS_RSSFormat_Layer(String capabilities, String resourceName, String operationName, String operationInput, String outputFormat, String requestProperties, Int32 expectedResult, String itemElementName) in ]]></text>
                                            <marker class="CodeLocation">
                                              <contents>
                                                <text><![CDATA[C:\Git\arcgis-exporter-extension\GPX.Server.Extension.Tests\MockServerTest.cs:line 217]]></text>
                                              </contents>
                                              <attributes>
                                                <attribute name="line" value="217" />
                                                <attribute name="path" value="C:\Git\arcgis-exporter-extension\GPX.Server.Extension.Tests\MockServerTest.cs" />
                                              </attributes>
                                            </marker>
                                          </contents>
                                          <attributes />
                                        </marker>
                                      </contents>
                                      <attributes />
                                    </marker>
                                  </contents>
                                </section>
                              </contents>
                            </body>
                          </stream>
                        </streams>
                        <attachments />
                      </testLog>
                    </testStepRun>
                    <testStepRun startTime="2012-03-28T20:03:43.6617136+11:00" endTime="2012-03-28T20:03:44.0522752+11:00">
                      <testStep id="70e465d61683c39d" name="ExportGeoRSS_RSSFormat_Layer(&quot;&quot;, &quot;ExportLayers/2&quot;, &quot;ExportLayer&quot;, &quot;{\&quot;filterGeometry\&quot;:null,\&quot;geometryType\&quot;:null,\&quot;where\&quot;:null,\&quot;exportProperties\&quot;:{\&quot;Title\&quot;:\&quot;Californian EarthQuakes\&quot;,\&quot;ID\&quot;:\&quot;Feed Id\&quot;,\&quot;Language\&quot;:\&quot;en-us\&quot;,\&quot;CopyRight\&quot;:\&quot;Copyright 2011\&quot;,\&quot;Generator\&quot;:\&quot;http://www.mapbutcher.com\&quot;,\&quot;Description\&quot;:\&quot;A GeoRSS format of Californian EarthQuakes\&quot;,\&quot;Link\&quot;:{\&quot;BaseUri\&quot;:null,\&quot;Length\&quot;:0,\&quot;MediaType\&quot;:null,\&quot;RelationshipType\&quot;:null,\&quot;Title\&quot;:\&quot;Mapbutcher\&quot;,\&quot;Uri\&quot;:\&quot;http://www.mapbutcher.com\&quot;},\&quot;Author\&quot;:{\&quot;Email\&quot;:\&quot;mapbutcher@mapbutcher.com\&quot;,\&quot;Name\&quot;:\&quot;Simon\&quot;,\&quot;Uri\&quot;:\&quot;http://www.mapbutcher.com\&quot;},\&quot;GeometryFormat\&quot;:\&quot;GML\&quot;,\&quot;GeometryField\&quot;:\&quot;Shape\&quot;,\&quot;FeedFormat\&quot;:\&quot;Rss\&quot;,\&quot;Items\&quot;:[{\&quot;Key\&quot;:\&quot;Author\&quot;,\&quot;Value\&quot;:{\&quot;PostCondition\&quot;:null,\&quot;PreConditon\&quot;:null,\&quot;MappedContent\&quot;:null,\&quot;MappedContentAlias\&quot;:null,\&quot;FixedContent\&quot;:\&quot;Simon Hope\&quot;,\&quot;MappedContentDelimeter\&quot;:null,\&quot;AutoGenerate\&quot;:false}},{\&quot;Key\&quot;:\&quot;Content\&quot;,\&quot;Value\&quot;:{\&quot;PostCondition\&quot;:null,\&quot;PreConditon\&quot;:null,\&quot;MappedContent\&quot;:null,\&quot;MappedContentAlias\&quot;:null,\&quot;FixedContent\&quot;:null,\&quot;MappedContentDelimeter\&quot;:null,\&quot;AutoGenerate\&quot;:false}},{\&quot;Key\&quot;:\&quot;Contributors\&quot;,\&quot;Value\&quot;:{\&quot;PostCondition\&quot;:null,\&quot;PreConditon\&quot;:null,\&quot;MappedContent\&quot;:null,\&quot;MappedContentAlias\&quot;:null,\&quot;FixedContent\&quot;:\&quot;mapbutcher@mapbutcher.com\&quot;,\&quot;MappedContentDelimeter\&quot;:null,\&quot;AutoGenerate\&quot;:false}},{\&quot;Key\&quot;:\&quot;Copyright\&quot;,\&quot;Value\&quot;:{\&quot;PostCondition\&quot;:null,\&quot;PreConditon\&quot;:null,\&quot;MappedContent\&quot;:null,\&quot;MappedContentAlias\&quot;:null,\&quot;FixedContent\&quot;:\&quot;Copyright 2011\&quot;,\&quot;MappedContentDelimeter\&quot;:null,\&quot;AutoGenerate\&quot;:false}},{\&quot;Key\&quot;:\&quot;Id\&quot;,\&quot;Value\&quot;:{\&quot;PostCondition\&quot;:null,\&quot;PreConditon\&quot;:null,\&quot;MappedContent\&quot;:\&quot;UFI\&quot;,\&quot;MappedContentAlias\&quot;:null,\&quot;FixedContent\&quot;:null,\&quot;MappedContentDelimeter\&quot;:null,\&quot;AutoGenerate\&quot;:true}},{\&quot;Key\&quot;:\&quot;LastUpdatedTime\&quot;,\&quot;Value\&quot;:{\&quot;PostCondition\&quot;:null,\&quot;PreConditon\&quot;:null,\&quot;MappedContent\&quot;:null,\&quot;MappedContentAlias\&quot;:null,\&quot;FixedContent\&quot;:null,\&quot;MappedContentDelimeter\&quot;:null,\&quot;AutoGenerate\&quot;:false}},{\&quot;Key\&quot;:\&quot;Links\&quot;,\&quot;Value\&quot;:{\&quot;PostCondition\&quot;:null,\&quot;PreConditon\&quot;:null,\&quot;MappedContent\&quot;:null,\&quot;MappedContentAlias\&quot;:null,\&quot;FixedContent\&quot;:\&quot;http://www.mapbutcher.com\&quot;,\&quot;MappedContentDelimeter\&quot;:null,\&quot;AutoGenerate\&quot;:false}},{\&quot;Key\&quot;:\&quot;PublishDate\&quot;,\&quot;Value\&quot;:{\&quot;PostCondition\&quot;:null,\&quot;PreConditon\&quot;:null,\&quot;MappedContent\&quot;:null,\&quot;MappedContentAlias\&quot;:null,\&quot;FixedContent\&quot;:null,\&quot;MappedContentDelimeter\&quot;:null,\&quot;AutoGenerate\&quot;:true}},{\&quot;Key\&quot;:\&quot;Summary\&quot;,\&quot;Value\&quot;:{\&quot;PostCondition\&quot;:null,\&quot;PreConditon\&quot;:null,\&quot;MappedContent\&quot;:null,\&quot;MappedContentAlias\&quot;:null,\&quot;FixedContent\&quot;:null,\&quot;MappedContentDelimeter\&quot;:null,\&quot;AutoGenerate\&quot;:false}},{\&quot;Key\&quot;:\&quot;Title\&quot;,\&quot;Value\&quot;:{\&quot;PostCondition\&quot;:null,\&quot;PreConditon\&quot;:null,\&quot;MappedContent\&quot;:null,\&quot;MappedContentAlias\&quot;:null,\&quot;FixedContent\&quot;:null,\&quot;MappedContentDelimeter\&quot;:null,\&quot;AutoGenerate\&quot;:false}}]}}&quot;, &quot;georss&quot;, &quot;{}&quot;, 221, &quot;item&quot;)" fullName="GPX.Server.Extension.Tests/MockServerTest/ExportGeoRSS_RSSFormat_Layer/ExportGeoRSS_RSSFormat_Layer(&quot;&quot;, &quot;ExportLayers/2&quot;, &quot;ExportLayer&quot;, &quot;{\&quot;filterGeometry\&quot;:null,\&quot;geometryType\&quot;:null,\&quot;where\&quot;:null,\&quot;exportProperties\&quot;:{\&quot;Title\&quot;:\&quot;Californian EarthQuakes\&quot;,\&quot;ID\&quot;:\&quot;Feed Id\&quot;,\&quot;Language\&quot;:\&quot;en-us\&quot;,\&quot;CopyRight\&quot;:\&quot;Copyright 2011\&quot;,\&quot;Generator\&quot;:\&quot;http://www.mapbutcher.com\&quot;,\&quot;Description\&quot;:\&quot;A GeoRSS format of Californian EarthQuakes\&quot;,\&quot;Link\&quot;:{\&quot;BaseUri\&quot;:null,\&quot;Length\&quot;:0,\&quot;MediaType\&quot;:null,\&quot;RelationshipType\&quot;:null,\&quot;Title\&quot;:\&quot;Mapbutcher\&quot;,\&quot;Uri\&quot;:\&quot;http://www.mapbutcher.com\&quot;},\&quot;Author\&quot;:{\&quot;Email\&quot;:\&quot;mapbutcher@mapbutcher.com\&quot;,\&quot;Name\&quot;:\&quot;Simon\&quot;,\&quot;Uri\&quot;:\&quot;http://www.mapbutcher.com\&quot;},\&quot;GeometryFormat\&quot;:\&quot;GML\&quot;,\&quot;GeometryField\&quot;:\&quot;Shape\&quot;,\&quot;FeedFormat\&quot;:\&quot;Rss\&quot;,\&quot;Items\&quot;:[{\&quot;Key\&quot;:\&quot;Author\&quot;,\&quot;Value\&quot;:{\&quot;PostCondition\&quot;:null,\&quot;PreConditon\&quot;:null,\&quot;MappedContent\&quot;:null,\&quot;MappedContentAlias\&quot;:null,\&quot;FixedContent\&quot;:\&quot;Simon Hope\&quot;,\&quot;MappedContentDelimeter\&quot;:null,\&quot;AutoGenerate\&quot;:false}},{\&quot;Key\&quot;:\&quot;Content\&quot;,\&quot;Value\&quot;:{\&quot;PostCondition\&quot;:null,\&quot;PreConditon\&quot;:null,\&quot;MappedContent\&quot;:null,\&quot;MappedContentAlias\&quot;:null,\&quot;FixedContent\&quot;:null,\&quot;MappedContentDelimeter\&quot;:null,\&quot;AutoGenerate\&quot;:false}},{\&quot;Key\&quot;:\&quot;Contributors\&quot;,\&quot;Value\&quot;:{\&quot;PostCondition\&quot;:null,\&quot;PreConditon\&quot;:null,\&quot;MappedContent\&quot;:null,\&quot;MappedContentAlias\&quot;:null,\&quot;FixedContent\&quot;:\&quot;mapbutcher@mapbutcher.com\&quot;,\&quot;MappedContentDelimeter\&quot;:null,\&quot;AutoGenerate\&quot;:false}},{\&quot;Key\&quot;:\&quot;Copyright\&quot;,\&quot;Value\&quot;:{\&quot;PostCondition\&quot;:null,\&quot;PreConditon\&quot;:null,\&quot;MappedContent\&quot;:null,\&quot;MappedContentAlias\&quot;:null,\&quot;FixedContent\&quot;:\&quot;Copyright 2011\&quot;,\&quot;MappedContentDelimeter\&quot;:null,\&quot;AutoGenerate\&quot;:false}},{\&quot;Key\&quot;:\&quot;Id\&quot;,\&quot;Value\&quot;:{\&quot;PostCondition\&quot;:null,\&quot;PreConditon\&quot;:null,\&quot;MappedContent\&quot;:\&quot;UFI\&quot;,\&quot;MappedContentAlias\&quot;:null,\&quot;FixedContent\&quot;:null,\&quot;MappedContentDelimeter\&quot;:null,\&quot;AutoGenerate\&quot;:true}},{\&quot;Key\&quot;:\&quot;LastUpdatedTime\&quot;,\&quot;Value\&quot;:{\&quot;PostCondition\&quot;:null,\&quot;PreConditon\&quot;:null,\&quot;MappedContent\&quot;:null,\&quot;MappedContentAlias\&quot;:null,\&quot;FixedContent\&quot;:null,\&quot;MappedContentDelimeter\&quot;:null,\&quot;AutoGenerate\&quot;:false}},{\&quot;Key\&quot;:\&quot;Links\&quot;,\&quot;Value\&quot;:{\&quot;PostCondition\&quot;:null,\&quot;PreConditon\&quot;:null,\&quot;MappedContent\&quot;:null,\&quot;MappedContentAlias\&quot;:null,\&quot;FixedContent\&quot;:\&quot;http://www.mapbutcher.com\&quot;,\&quot;MappedContentDelimeter\&quot;:null,\&quot;AutoGenerate\&quot;:false}},{\&quot;Key\&quot;:\&quot;PublishDate\&quot;,\&quot;Value\&quot;:{\&quot;PostCondition\&quot;:null,\&quot;PreConditon\&quot;:null,\&quot;MappedContent\&quot;:null,\&quot;MappedContentAlias\&quot;:null,\&quot;FixedContent\&quot;:null,\&quot;MappedContentDelimeter\&quot;:null,\&quot;AutoGenerate\&quot;:true}},{\&quot;Key\&quot;:\&quot;Summary\&quot;,\&quot;Value\&quot;:{\&quot;PostCondition\&quot;:null,\&quot;PreConditon\&quot;:null,\&quot;MappedContent\&quot;:null,\&quot;MappedContentAlias\&quot;:null,\&quot;FixedContent\&quot;:null,\&quot;MappedContentDelimeter\&quot;:null,\&quot;AutoGenerate\&quot;:false}},{\&quot;Key\&quot;:\&quot;Title\&quot;,\&quot;Value\&quot;:{\&quot;PostCondition\&quot;:null,\&quot;PreConditon\&quot;:null,\&quot;MappedContent\&quot;:null,\&quot;MappedContentAlias\&quot;:null,\&quot;FixedContent\&quot;:null,\&quot;MappedContentDelimeter\&quot;:null,\&quot;AutoGenerate\&quot;:false}}]}}&quot;, &quot;georss&quot;, &quot;{}&quot;, 221, &quot;item&quot;)" testId="3329aded5f51c3be" isPrimary="false" isTestCase="true" isDynamic="false">
                        <codeReference assembly="GPX.Server.Extension.Tests, Version=1.0.0.0, Culture=neutral, PublicKeyToken=null" namespace="GPX.Server.Extension.Tests" type="GPX.Server.Extension.Tests.MockServerTest" member="ExportGeoRSS_RSSFormat_Layer" />
                        <codeLocation path="C:\Git\arcgis-exporter-extension\GPX.Server.Extension.Tests\MockServerTest.cs" line="210" />
                        <metadata>
                          <entry key="TestKind">
                            <value>Test</value>
                          </entry>
                          <entry key="Description">
                            <value>Export Points GML RSS</value>
                          </entry>
                        </metadata>
                      </testStep>
                      <children />
                      <result assertCount="0" duration="0.3721277">
                        <outcome status="failed" />
                      </result>
                      <testLog>
                        <streams>
                          <stream name="Failures">
                            <body>
                              <contents>
                                <section name="Execute">
                                  <contents>
                                    <marker class="Exception">
                                      <contents>
                                        <marker class="ExceptionType">
                                          <contents>
                                            <text><![CDATA[System.Xml.XmlException]]></text>
                                          </contents>
                                          <attributes />
                                        </marker>
                                        <text><![CDATA[: ]]></text>
                                        <marker class="ExceptionMessage">
                                          <contents>
                                            <text><![CDATA[Data at the root level is invalid. Line 1, position 1.]]></text>
                                          </contents>
                                          <attributes />
                                        </marker>
                                        <text><![CDATA[
]]></text>
                                        <marker class="ExceptionPropertyName">
                                          <contents>
                                            <text><![CDATA[LineNumber]]></text>
                                          </contents>
                                          <attributes />
                                        </marker>
                                        <text><![CDATA[: ]]></text>
                                        <marker class="ExceptionPropertyValue">
                                          <contents>
                                            <text><![CDATA[1]]></text>
                                          </contents>
                                          <attributes />
                                        </marker>
                                        <text><![CDATA[
]]></text>
                                        <marker class="ExceptionPropertyName">
                                          <contents>
                                            <text><![CDATA[LinePosition]]></text>
                                          </contents>
                                          <attributes />
                                        </marker>
                                        <text><![CDATA[: ]]></text>
                                        <marker class="ExceptionPropertyValue">
                                          <contents>
                                            <text><![CDATA[1]]></text>
                                          </contents>
                                          <attributes />
                                        </marker>
                                        <text><![CDATA[
]]></text>
                                        <marker class="ExceptionPropertyName">
                                          <contents>
                                            <text><![CDATA[SourceUri]]></text>
                                          </contents>
                                          <attributes />
                                        </marker>
                                        <text><![CDATA[: ]]></text>
                                        <marker class="ExceptionPropertyValue">
                                          <contents />
                                          <attributes />
                                        </marker>
                                        <text><![CDATA[
]]></text>
                                        <marker class="StackTrace">
                                          <contents>
                                            <text><![CDATA[   at System.Xml.XmlTextReaderImpl.Throw(Exception e)
   at System.Xml.XmlTextReaderImpl.Throw(String res, String arg)
   at System.Xml.XmlTextReaderImpl.ParseRootLevelWhitespace()
   at System.Xml.XmlTextReaderImpl.ParseDocumentContent()
   at System.Xml.XmlTextReaderImpl.Read()
   at System.Xml.Linq.XDocument.Load(XmlReader reader, LoadOptions options)
   at System.Xml.Linq.XDocument.Load(TextReader textReader, LoadOptions options)
   at System.Xml.Linq.XDocument.Load(TextReader textReader)
   at GPX.Server.Extension.Tests.MockServerTest.ExportGeoRSS_RSSFormat_Layer(String capabilities, String resourceName, String operationName, String operationInput, String outputFormat, String requestProperties, Int32 expectedResult, String itemElementName) in ]]></text>
                                            <marker class="CodeLocation">
                                              <contents>
                                                <text><![CDATA[C:\Git\arcgis-exporter-extension\GPX.Server.Extension.Tests\MockServerTest.cs:line 217]]></text>
                                              </contents>
                                              <attributes>
                                                <attribute name="line" value="217" />
                                                <attribute name="path" value="C:\Git\arcgis-exporter-extension\GPX.Server.Extension.Tests\MockServerTest.cs" />
                                              </attributes>
                                            </marker>
                                          </contents>
                                          <attributes />
                                        </marker>
                                      </contents>
                                      <attributes />
                                    </marker>
                                  </contents>
                                </section>
                              </contents>
                            </body>
                          </stream>
                        </streams>
                        <attachments />
                      </testLog>
                    </testStepRun>
                  </children>
                  <result assertCount="0" duration="1.9604997">
                    <outcome status="failed" />
                  </result>
                  <testLog>
                    <streams />
                    <attachments />
                  </testLog>
                </testStepRun>
                <testStepRun startTime="2012-03-28T20:03:44.0622896+11:00" endTime="2012-03-28T20:03:45.1939168+11:00">
                  <testStep id="db95bc1d7cc62dc6" name="ExportLayerResourceRequest" fullName="GPX.Server.Extension.Tests/MockServerTest/ExportLayerResourceRequest" testId="f502cd2677cbc474" isPrimary="true" isTestCase="false" isDynamic="false">
                    <codeReference assembly="GPX.Server.Extension.Tests, Version=1.0.0.0, Culture=neutral, PublicKeyToken=null" namespace="GPX.Server.Extension.Tests" type="GPX.Server.Extension.Tests.MockServerTest" member="ExportLayerResourceRequest" />
                    <codeLocation path="C:\Git\arcgis-exporter-extension\GPX.Server.Extension.Tests\MockServerTest.cs" line="54" />
                    <metadata>
                      <entry key="TestKind">
                        <value>Test</value>
                      </entry>
                    </metadata>
                  </testStep>
                  <children>
                    <testStepRun startTime="2012-03-28T20:03:44.0622896+11:00" endTime="2012-03-28T20:03:44.5830384+11:00">
                      <testStep id="561d45329bcf27f7" name="ExportLayerResourceRequest(&quot;&quot;, &quot;ExportLayers/12&quot;, &quot;&quot;, &quot;&quot;, &quot;json&quot;, &quot;{}&quot;, 0)" fullName="GPX.Server.Extension.Tests/MockServerTest/ExportLayerResourceRequest/ExportLayerResourceRequest(&quot;&quot;, &quot;ExportLayers/12&quot;, &quot;&quot;, &quot;&quot;, &quot;json&quot;, &quot;{}&quot;, 0)" testId="f502cd2677cbc474" isPrimary="false" isTestCase="true" isDynamic="false">
                        <codeReference assembly="GPX.Server.Extension.Tests, Version=1.0.0.0, Culture=neutral, PublicKeyToken=null" namespace="GPX.Server.Extension.Tests" type="GPX.Server.Extension.Tests.MockServerTest" member="ExportLayerResourceRequest" />
                        <codeLocation path="C:\Git\arcgis-exporter-extension\GPX.Server.Extension.Tests\MockServerTest.cs" line="54" />
                        <metadata>
                          <entry key="TestKind">
                            <value>Test</value>
                          </entry>
                          <entry key="Description">
                            <value>Invalid Export Layer Resource</value>
                          </entry>
                        </metadata>
                      </testStep>
                      <children />
                      <result assertCount="1" duration="0.549679">
                        <outcome status="passed" />
                      </result>
                      <testLog>
                        <streams />
                        <attachments />
                      </testLog>
                    </testStepRun>
                    <testStepRun startTime="2012-03-28T20:03:44.5830384+11:00" endTime="2012-03-28T20:03:45.1939168+11:00">
                      <testStep id="50f7b4c62d31504b" name="ExportLayerResourceRequest(&quot;&quot;, &quot;ExportLayers/2&quot;, &quot;&quot;, &quot;&quot;, &quot;json&quot;, &quot;{}&quot;, 1)" fullName="GPX.Server.Extension.Tests/MockServerTest/ExportLayerResourceRequest/ExportLayerResourceRequest(&quot;&quot;, &quot;ExportLayers/2&quot;, &quot;&quot;, &quot;&quot;, &quot;json&quot;, &quot;{}&quot;, 1)" testId="f502cd2677cbc474" isPrimary="false" isTestCase="true" isDynamic="false">
                        <codeReference assembly="GPX.Server.Extension.Tests, Version=1.0.0.0, Culture=neutral, PublicKeyToken=null" namespace="GPX.Server.Extension.Tests" type="GPX.Server.Extension.Tests.MockServerTest" member="ExportLayerResourceRequest" />
                        <codeLocation path="C:\Git\arcgis-exporter-extension\GPX.Server.Extension.Tests\MockServerTest.cs" line="54" />
                        <metadata>
                          <entry key="TestKind">
                            <value>Test</value>
                          </entry>
                          <entry key="Description">
                            <value>Valid Export Layer Resource</value>
                          </entry>
                        </metadata>
                      </testStep>
                      <children />
                      <result assertCount="1" duration="0.6101641">
                        <outcome status="failed" />
                      </result>
                      <testLog>
                        <streams>
                          <stream name="Failures">
                            <body>
                              <contents>
                                <marker class="AssertionFailure">
                                  <contents>
                                    <section name="Expected values to be equal.">
                                      <contents>
                                        <text><![CDATA[
]]></text>
                                        <marker class="Monospace">
                                          <contents>
                                            <marker class="Label">
                                              <contents>
                                                <text><![CDATA[Expected Value : ]]></text>
                                              </contents>
                                              <attributes />
                                            </marker>
                                            <marker class="DiffChange">
                                              <contents>
                                                <text><![CDATA[1]]></text>
                                              </contents>
                                              <attributes />
                                            </marker>
                                            <text><![CDATA[
]]></text>
                                            <marker class="Label">
                                              <contents>
                                                <text><![CDATA[Actual Value   : ]]></text>
                                              </contents>
                                              <attributes />
                                            </marker>
                                            <marker class="DiffChange">
                                              <contents>
                                                <text><![CDATA[0]]></text>
                                              </contents>
                                              <attributes />
                                            </marker>
                                            <text><![CDATA[
]]></text>
                                          </contents>
                                          <attributes />
                                        </marker>
                                        <text><![CDATA[
]]></text>
                                        <marker class="StackTrace">
                                          <contents>
                                            <text><![CDATA[   at GPX.Server.Extension.Tests.MockServerTest.ExportLayerResourceRequest(String capabilities, String resourceName, String operationName, String operationInput, String outputFormat, String requestProperties, Int32 expectedResult) in ]]></text>
                                            <marker class="CodeLocation">
                                              <contents>
                                                <text><![CDATA[C:\Git\arcgis-exporter-extension\GPX.Server.Extension.Tests\MockServerTest.cs:line 69]]></text>
                                              </contents>
                                              <attributes>
                                                <attribute name="line" value="69" />
                                                <attribute name="path" value="C:\Git\arcgis-exporter-extension\GPX.Server.Extension.Tests\MockServerTest.cs" />
                                              </attributes>
                                            </marker>
                                          </contents>
                                          <attributes />
                                        </marker>
                                        <text><![CDATA[
]]></text>
                                      </contents>
                                    </section>
                                  </contents>
                                  <attributes />
                                </marker>
                              </contents>
                            </body>
                          </stream>
                        </streams>
                        <attachments />
                      </testLog>
                    </testStepRun>
                  </children>
                  <result assertCount="2" duration="1.1626991">
                    <outcome status="failed" />
                  </result>
                  <testLog>
                    <streams />
                    <attachments />
                  </testLog>
                </testStepRun>
              </children>
              <result assertCount="2" duration="8.8037403999999988">
                <outcome status="failed" />
              </result>
              <testLog>
                <streams />
                <attachments />
              </testLog>
            </testStepRun>
          </children>
          <result assertCount="2" duration="8.8329413">
            <outcome status="failed" />
          </result>
          <testLog>
            <streams />
            <attachments />
          </testLog>
        </testStepRun>
      </children>
      <result assertCount="2" duration="11.0848401">
        <outcome status="failed" />
      </result>
      <testLog>
        <streams />
        <attachments />
      </testLog>
    </testStepRun>
    <statistics assertCount="2" duration="11.0854901" runCount="12" passedCount="1" failedCount="11" inconclusiveCount="0" skippedCount="0" testCount="12" stepCount="18">
      <outcomeSummaries>
        <outcomeSummary count="11">
          <outcome status="failed" />
        </outcomeSummary>
        <outcomeSummary count="1">
          <outcome status="passed" />
        </outcomeSummary>
      </outcomeSummaries>
    </statistics>
  </testPackageRun>
  <logEntries>
    <logEntry severity="info" message="Host started at 3/28/2012 8:03:34 PM." />
    <logEntry severity="info" message="Running under CLR v2.0.50727 runtime." />
    <logEntry severity="debug" message="Listening for connections on IPC port: 'IsolatedProcessHost.559bacda2f77c4e7'" />
    <logEntry severity="debug" message="Disabled plugin 'Gallio40': The plugin enable condition was not satisfied.  Please note that this is the intended behavior for plugins that must be hosted inside third party applications in order to work.  Enable condition: '${minFramework:NET40}'." />
    <logEntry severity="debug" message="Disabled plugin 'Gallio.VisualStudio.Shell100': The plugin enable condition was not satisfied.  Please note that this is the intended behavior for plugins that must be hosted inside third party applications in order to work.  Enable condition: '${process:DEVENV.EXE_V10.0} or ${process:VSTESTHOST.EXE_V10.0} or ${process:QTAGENT.EXE_V10.0} or ${process:QTAGENT32.EXE_V10.0} or ${process:QTDCAGENT.EXE_V10.0} or ${process:QTDCAGENT32.EXE_V10.0} or ${process:MSTEST.EXE_V10.0} or ${framework:NET40}'." />
    <logEntry severity="debug" message="Disabled plugin 'MbUnit40': The plugin depends on another disabled plugin: 'Gallio40'." />
    <logEntry severity="debug" message="Disabled plugin 'Gallio.VisualStudio.Tip100': The plugin depends on another disabled plugin: 'Gallio.VisualStudio.Shell100'." />
    <logEntry severity="info" message="Host stopped at 3/28/2012 8:03:45 PM." />
    <logEntry severity="info" message="Host process exited with code: 0" />
  </logEntries>
</report>