<?xml version="1.0" encoding="utf-8"?>
<report xmlns:xsi="http://www.w3.org/2001/XMLSchema-instance" xmlns:xsd="http://www.w3.org/2001/XMLSchema" xmlns="http://www.gallio.org/">
  <testPackage shadowCopy="false" debug="false">
    <files>
      <file>C:\Git\arcgis-exporter-extension\GPX.Server.Extension.Tests\bin\Debug\GPX.Server.Extension.Tests.dll</file>
    </files>
    <hintDirectories />
    <excludedFrameworkIds />
    <properties />
  </testPackage>
  <testModel>
    <test id="c2722843734a7a54" name="Root" fullName="" isTestCase="false">
      <codeReference />
      <codeLocation />
      <metadata>
        <entry key="TestKind">
          <value>Root</value>
        </entry>
      </metadata>
      <children>
        <test id="6dc504354be92436" name="GPX.Server.Extension.Tests" fullName="GPX.Server.Extension.Tests" isTestCase="false">
          <codeReference assembly="GPX.Server.Extension.Tests, Version=1.0.0.0, Culture=neutral, PublicKeyToken=null" />
          <codeLocation path="C:\Git\arcgis-exporter-extension\GPX.Server.Extension.Tests\bin\Debug\GPX.Server.Extension.Tests.DLL" />
          <metadata>
            <entry key="TestKind">
              <value>MbUnit v3 Assembly</value>
            </entry>
            <entry key="File">
              <value>C:\Git\arcgis-exporter-extension\GPX.Server.Extension.Tests\bin\Debug\GPX.Server.Extension.Tests.DLL</value>
            </entry>
            <entry key="CodeBase">
              <value>C:\Git\arcgis-exporter-extension\GPX.Server.Extension.Tests\bin\Debug\GPX.Server.Extension.Tests.DLL</value>
            </entry>
            <entry key="Company">
              <value>Geoplex</value>
            </entry>
            <entry key="Copyright">
              <value>Copyright Â© geoplex 2011</value>
            </entry>
            <entry key="FileVersion">
              <value>1.0.0.0</value>
            </entry>
            <entry key="Product">
              <value>GPX.Server.Extension.Tests</value>
            </entry>
            <entry key="Title">
              <value>GPX.Server.Extension.Tests</value>
            </entry>
            <entry key="Version">
              <value>1.0.0.0</value>
            </entry>
            <entry key="Framework">
              <value>MbUnit v3.3 build 454</value>
            </entry>
          </metadata>
          <children>
            <test id="260460c3946ccce2" name="MockServerTest" fullName="GPX.Server.Extension.Tests/MockServerTest" isTestCase="false">
              <codeReference assembly="GPX.Server.Extension.Tests, Version=1.0.0.0, Culture=neutral, PublicKeyToken=null" namespace="GPX.Server.Extension.Tests" type="GPX.Server.Extension.Tests.MockServerTest" />
              <codeLocation path="C:\Git\arcgis-exporter-extension\GPX.Server.Extension.Tests\MockServerTest.cs" />
              <metadata>
                <entry key="TestKind">
                  <value>Fixture</value>
                </entry>
              </metadata>
              <children>
                <test id="f502cd2677cbc474" name="ExportLayerResourceRequest" fullName="GPX.Server.Extension.Tests/MockServerTest/ExportLayerResourceRequest" isTestCase="true">
                  <codeReference assembly="GPX.Server.Extension.Tests, Version=1.0.0.0, Culture=neutral, PublicKeyToken=null" namespace="GPX.Server.Extension.Tests" type="GPX.Server.Extension.Tests.MockServerTest" member="ExportLayerResourceRequest" />
                  <codeLocation path="C:\Git\arcgis-exporter-extension\GPX.Server.Extension.Tests\MockServerTest.cs" line="54" />
                  <metadata>
                    <entry key="TestKind">
                      <value>Test</value>
                    </entry>
                  </metadata>
                  <children />
                  <parameters>
                    <parameter id="f502cd2677cbc474@capabilities" name="capabilities">
                      <codeReference assembly="GPX.Server.Extension.Tests, Version=1.0.0.0, Culture=neutral, PublicKeyToken=null" namespace="GPX.Server.Extension.Tests" type="GPX.Server.Extension.Tests.MockServerTest" member="ExportLayerResourceRequest" parameter="capabilities" />
                      <codeLocation />
                      <metadata />
                    </parameter>
                    <parameter id="f502cd2677cbc474@resourceName" name="resourceName">
                      <codeReference assembly="GPX.Server.Extension.Tests, Version=1.0.0.0, Culture=neutral, PublicKeyToken=null" namespace="GPX.Server.Extension.Tests" type="GPX.Server.Extension.Tests.MockServerTest" member="ExportLayerResourceRequest" parameter="resourceName" />
                      <codeLocation />
                      <metadata />
                    </parameter>
                    <parameter id="f502cd2677cbc474@operationName" name="operationName">
                      <codeReference assembly="GPX.Server.Extension.Tests, Version=1.0.0.0, Culture=neutral, PublicKeyToken=null" namespace="GPX.Server.Extension.Tests" type="GPX.Server.Extension.Tests.MockServerTest" member="ExportLayerResourceRequest" parameter="operationName" />
                      <codeLocation />
                      <metadata />
                    </parameter>
                    <parameter id="f502cd2677cbc474@operationInput" name="operationInput">
                      <codeReference assembly="GPX.Server.Extension.Tests, Version=1.0.0.0, Culture=neutral, PublicKeyToken=null" namespace="GPX.Server.Extension.Tests" type="GPX.Server.Extension.Tests.MockServerTest" member="ExportLayerResourceRequest" parameter="operationInput" />
                      <codeLocation />
                      <metadata />
                    </parameter>
                    <parameter id="f502cd2677cbc474@outputFormat" name="outputFormat">
                      <codeReference assembly="GPX.Server.Extension.Tests, Version=1.0.0.0, Culture=neutral, PublicKeyToken=null" namespace="GPX.Server.Extension.Tests" type="GPX.Server.Extension.Tests.MockServerTest" member="ExportLayerResourceRequest" parameter="outputFormat" />
                      <codeLocation />
                      <metadata />
                    </parameter>
                    <parameter id="f502cd2677cbc474@requestProperties" name="requestProperties">
                      <codeReference assembly="GPX.Server.Extension.Tests, Version=1.0.0.0, Culture=neutral, PublicKeyToken=null" namespace="GPX.Server.Extension.Tests" type="GPX.Server.Extension.Tests.MockServerTest" member="ExportLayerResourceRequest" parameter="requestProperties" />
                      <codeLocation />
                      <metadata />
                    </parameter>
                    <parameter id="f502cd2677cbc474@expectedResult" name="expectedResult">
                      <codeReference assembly="GPX.Server.Extension.Tests, Version=1.0.0.0, Culture=neutral, PublicKeyToken=null" namespace="GPX.Server.Extension.Tests" type="GPX.Server.Extension.Tests.MockServerTest" member="ExportLayerResourceRequest" parameter="expectedResult" />
                      <codeLocation />
                      <metadata />
                    </parameter>
                  </parameters>
                </test>
                <test id="3321bbe20b4d2ea" name="ExportGeoRSS_AtomFormat_Layer" fullName="GPX.Server.Extension.Tests/MockServerTest/ExportGeoRSS_AtomFormat_Layer" isTestCase="true">
                  <codeReference assembly="GPX.Server.Extension.Tests, Version=1.0.0.0, Culture=neutral, PublicKeyToken=null" namespace="GPX.Server.Extension.Tests" type="GPX.Server.Extension.Tests.MockServerTest" member="ExportGeoRSS_AtomFormat_Layer" />
                  <codeLocation path="C:\Git\arcgis-exporter-extension\GPX.Server.Extension.Tests\MockServerTest.cs" line="152" />
                  <metadata>
                    <entry key="TestKind">
                      <value>Test</value>
                    </entry>
                  </metadata>
                  <children />
                  <parameters>
                    <parameter id="3321bbe20b4d2ea@capabilities" name="capabilities">
                      <codeReference assembly="GPX.Server.Extension.Tests, Version=1.0.0.0, Culture=neutral, PublicKeyToken=null" namespace="GPX.Server.Extension.Tests" type="GPX.Server.Extension.Tests.MockServerTest" member="ExportGeoRSS_AtomFormat_Layer" parameter="capabilities" />
                      <codeLocation />
                      <metadata />
                    </parameter>
                    <parameter id="3321bbe20b4d2ea@resourceName" name="resourceName">
                      <codeReference assembly="GPX.Server.Extension.Tests, Version=1.0.0.0, Culture=neutral, PublicKeyToken=null" namespace="GPX.Server.Extension.Tests" type="GPX.Server.Extension.Tests.MockServerTest" member="ExportGeoRSS_AtomFormat_Layer" parameter="resourceName" />
                      <codeLocation />
                      <metadata />
                    </parameter>
                    <parameter id="3321bbe20b4d2ea@operationName" name="operationName">
                      <codeReference assembly="GPX.Server.Extension.Tests, Version=1.0.0.0, Culture=neutral, PublicKeyToken=null" namespace="GPX.Server.Extension.Tests" type="GPX.Server.Extension.Tests.MockServerTest" member="ExportGeoRSS_AtomFormat_Layer" parameter="operationName" />
                      <codeLocation />
                      <metadata />
                    </parameter>
                    <parameter id="3321bbe20b4d2ea@operationInput" name="operationInput">
                      <codeReference assembly="GPX.Server.Extension.Tests, Version=1.0.0.0, Culture=neutral, PublicKeyToken=null" namespace="GPX.Server.Extension.Tests" type="GPX.Server.Extension.Tests.MockServerTest" member="ExportGeoRSS_AtomFormat_Layer" parameter="operationInput" />
                      <codeLocation />
                      <metadata />
                    </parameter>
                    <parameter id="3321bbe20b4d2ea@outputFormat" name="outputFormat">
                      <codeReference assembly="GPX.Server.Extension.Tests, Version=1.0.0.0, Culture=neutral, PublicKeyToken=null" namespace="GPX.Server.Extension.Tests" type="GPX.Server.Extension.Tests.MockServerTest" member="ExportGeoRSS_AtomFormat_Layer" parameter="outputFormat" />
                      <codeLocation />
                      <metadata />
                    </parameter>
                    <parameter id="3321bbe20b4d2ea@requestProperties" name="requestProperties">
                      <codeReference assembly="GPX.Server.Extension.Tests, Version=1.0.0.0, Culture=neutral, PublicKeyToken=null" namespace="GPX.Server.Extension.Tests" type="GPX.Server.Extension.Tests.MockServerTest" member="ExportGeoRSS_AtomFormat_Layer" parameter="requestProperties" />
                      <codeLocation />
                      <metadata />
                    </parameter>
                    <parameter id="3321bbe20b4d2ea@expectedResult" name="expectedResult">
                      <codeReference assembly="GPX.Server.Extension.Tests, Version=1.0.0.0, Culture=neutral, PublicKeyToken=null" namespace="GPX.Server.Extension.Tests" type="GPX.Server.Extension.Tests.MockServerTest" member="ExportGeoRSS_AtomFormat_Layer" parameter="expectedResult" />
                      <codeLocation />
                      <metadata />
                    </parameter>
                    <parameter id="3321bbe20b4d2ea@nameSpace" name="nameSpace">
                      <codeReference assembly="GPX.Server.Extension.Tests, Version=1.0.0.0, Culture=neutral, PublicKeyToken=null" namespace="GPX.Server.Extension.Tests" type="GPX.Server.Extension.Tests.MockServerTest" member="ExportGeoRSS_AtomFormat_Layer" parameter="nameSpace" />
                      <codeLocation />
                      <metadata />
                    </parameter>
                    <parameter id="3321bbe20b4d2ea@itemElementName" name="itemElementName">
                      <codeReference assembly="GPX.Server.Extension.Tests, Version=1.0.0.0, Culture=neutral, PublicKeyToken=null" namespace="GPX.Server.Extension.Tests" type="GPX.Server.Extension.Tests.MockServerTest" member="ExportGeoRSS_AtomFormat_Layer" parameter="itemElementName" />
                      <codeLocation />
                      <metadata />
                    </parameter>
                  </parameters>
                </test>
                <test id="26ca2edc4106b260" name="ExportGeoJson" fullName="GPX.Server.Extension.Tests/MockServerTest/ExportGeoJson" isTestCase="true">
                  <codeReference assembly="GPX.Server.Extension.Tests, Version=1.0.0.0, Culture=neutral, PublicKeyToken=null" namespace="GPX.Server.Extension.Tests" type="GPX.Server.Extension.Tests.MockServerTest" member="ExportGeoJson" />
                  <codeLocation path="C:\Git\arcgis-exporter-extension\GPX.Server.Extension.Tests\MockServerTest.cs" line="255" />
                  <metadata>
                    <entry key="TestKind">
                      <value>Test</value>
                    </entry>
                  </metadata>
                  <children />
                  <parameters>
                    <parameter id="26ca2edc4106b260@capabilities" name="capabilities">
                      <codeReference assembly="GPX.Server.Extension.Tests, Version=1.0.0.0, Culture=neutral, PublicKeyToken=null" namespace="GPX.Server.Extension.Tests" type="GPX.Server.Extension.Tests.MockServerTest" member="ExportGeoJson" parameter="capabilities" />
                      <codeLocation />
                      <metadata />
                    </parameter>
                    <parameter id="26ca2edc4106b260@resourceName" name="resourceName">
                      <codeReference assembly="GPX.Server.Extension.Tests, Version=1.0.0.0, Culture=neutral, PublicKeyToken=null" namespace="GPX.Server.Extension.Tests" type="GPX.Server.Extension.Tests.MockServerTest" member="ExportGeoJson" parameter="resourceName" />
                      <codeLocation />
                      <metadata />
                    </parameter>
                    <parameter id="26ca2edc4106b260@operationName" name="operationName">
                      <codeReference assembly="GPX.Server.Extension.Tests, Version=1.0.0.0, Culture=neutral, PublicKeyToken=null" namespace="GPX.Server.Extension.Tests" type="GPX.Server.Extension.Tests.MockServerTest" member="ExportGeoJson" parameter="operationName" />
                      <codeLocation />
                      <metadata />
                    </parameter>
                    <parameter id="26ca2edc4106b260@operationInput" name="operationInput">
                      <codeReference assembly="GPX.Server.Extension.Tests, Version=1.0.0.0, Culture=neutral, PublicKeyToken=null" namespace="GPX.Server.Extension.Tests" type="GPX.Server.Extension.Tests.MockServerTest" member="ExportGeoJson" parameter="operationInput" />
                      <codeLocation />
                      <metadata />
                    </parameter>
                    <parameter id="26ca2edc4106b260@outputFormat" name="outputFormat">
                      <codeReference assembly="GPX.Server.Extension.Tests, Version=1.0.0.0, Culture=neutral, PublicKeyToken=null" namespace="GPX.Server.Extension.Tests" type="GPX.Server.Extension.Tests.MockServerTest" member="ExportGeoJson" parameter="outputFormat" />
                      <codeLocation />
                      <metadata />
                    </parameter>
                    <parameter id="26ca2edc4106b260@requestProperties" name="requestProperties">
                      <codeReference assembly="GPX.Server.Extension.Tests, Version=1.0.0.0, Culture=neutral, PublicKeyToken=null" namespace="GPX.Server.Extension.Tests" type="GPX.Server.Extension.Tests.MockServerTest" member="ExportGeoJson" parameter="requestProperties" />
                      <codeLocation />
                      <metadata />
                    </parameter>
                  </parameters>
                </test>
                <test id="3329aded5f51c3be" name="ExportGeoRSS_RSSFormat_Layer" fullName="GPX.Server.Extension.Tests/MockServerTest/ExportGeoRSS_RSSFormat_Layer" isTestCase="true">
                  <codeReference assembly="GPX.Server.Extension.Tests, Version=1.0.0.0, Culture=neutral, PublicKeyToken=null" namespace="GPX.Server.Extension.Tests" type="GPX.Server.Extension.Tests.MockServerTest" member="ExportGeoRSS_RSSFormat_Layer" />
                  <codeLocation path="C:\Git\arcgis-exporter-extension\GPX.Server.Extension.Tests\MockServerTest.cs" line="230" />
                  <metadata>
                    <entry key="TestKind">
                      <value>Test</value>
                    </entry>
                  </metadata>
                  <children />
                  <parameters>
                    <parameter id="3329aded5f51c3be@capabilities" name="capabilities">
                      <codeReference assembly="GPX.Server.Extension.Tests, Version=1.0.0.0, Culture=neutral, PublicKeyToken=null" namespace="GPX.Server.Extension.Tests" type="GPX.Server.Extension.Tests.MockServerTest" member="ExportGeoRSS_RSSFormat_Layer" parameter="capabilities" />
                      <codeLocation />
                      <metadata />
                    </parameter>
                    <parameter id="3329aded5f51c3be@resourceName" name="resourceName">
                      <codeReference assembly="GPX.Server.Extension.Tests, Version=1.0.0.0, Culture=neutral, PublicKeyToken=null" namespace="GPX.Server.Extension.Tests" type="GPX.Server.Extension.Tests.MockServerTest" member="ExportGeoRSS_RSSFormat_Layer" parameter="resourceName" />
                      <codeLocation />
                      <metadata />
                    </parameter>
                    <parameter id="3329aded5f51c3be@operationName" name="operationName">
                      <codeReference assembly="GPX.Server.Extension.Tests, Version=1.0.0.0, Culture=neutral, PublicKeyToken=null" namespace="GPX.Server.Extension.Tests" type="GPX.Server.Extension.Tests.MockServerTest" member="ExportGeoRSS_RSSFormat_Layer" parameter="operationName" />
                      <codeLocation />
                      <metadata />
                    </parameter>
                    <parameter id="3329aded5f51c3be@operationInput" name="operationInput">
                      <codeReference assembly="GPX.Server.Extension.Tests, Version=1.0.0.0, Culture=neutral, PublicKeyToken=null" namespace="GPX.Server.Extension.Tests" type="GPX.Server.Extension.Tests.MockServerTest" member="ExportGeoRSS_RSSFormat_Layer" parameter="operationInput" />
                      <codeLocation />
                      <metadata />
                    </parameter>
                    <parameter id="3329aded5f51c3be@outputFormat" name="outputFormat">
                      <codeReference assembly="GPX.Server.Extension.Tests, Version=1.0.0.0, Culture=neutral, PublicKeyToken=null" namespace="GPX.Server.Extension.Tests" type="GPX.Server.Extension.Tests.MockServerTest" member="ExportGeoRSS_RSSFormat_Layer" parameter="outputFormat" />
                      <codeLocation />
                      <metadata />
                    </parameter>
                    <parameter id="3329aded5f51c3be@requestProperties" name="requestProperties">
                      <codeReference assembly="GPX.Server.Extension.Tests, Version=1.0.0.0, Culture=neutral, PublicKeyToken=null" namespace="GPX.Server.Extension.Tests" type="GPX.Server.Extension.Tests.MockServerTest" member="ExportGeoRSS_RSSFormat_Layer" parameter="requestProperties" />
                      <codeLocation />
                      <metadata />
                    </parameter>
                    <parameter id="3329aded5f51c3be@expectedResult" name="expectedResult">
                      <codeReference assembly="GPX.Server.Extension.Tests, Version=1.0.0.0, Culture=neutral, PublicKeyToken=null" namespace="GPX.Server.Extension.Tests" type="GPX.Server.Extension.Tests.MockServerTest" member="ExportGeoRSS_RSSFormat_Layer" parameter="expectedResult" />
                      <codeLocation />
                      <metadata />
                    </parameter>
                    <parameter id="3329aded5f51c3be@itemElementName" name="itemElementName">
                      <codeReference assembly="GPX.Server.Extension.Tests, Version=1.0.0.0, Culture=neutral, PublicKeyToken=null" namespace="GPX.Server.Extension.Tests" type="GPX.Server.Extension.Tests.MockServerTest" member="ExportGeoRSS_RSSFormat_Layer" parameter="itemElementName" />
                      <codeLocation />
                      <metadata />
                    </parameter>
                  </parameters>
                </test>
              </children>
              <parameters />
            </test>
          </children>
          <parameters />
        </test>
      </children>
      <parameters />
    </test>
    <annotations />
  </testModel>
  <testPackageRun startTime="2012-05-01T21:57:05.4544688+10:00" endTime="2012-05-01T21:57:44.2802976+10:00">
    <testStepRun startTime="2012-05-01T21:57:07.287104+10:00" endTime="2012-05-01T21:57:44.2802976+10:00">
      <testStep id="f14ff3e89552b07b" name="Root" fullName="" testId="c2722843734a7a54" isPrimary="true" isTestCase="false" isDynamic="false">
        <codeReference />
        <codeLocation />
        <metadata>
          <entry key="TestKind">
            <value>Root</value>
          </entry>
        </metadata>
      </testStep>
      <children>
        <testStepRun startTime="2012-05-01T21:57:07.337176+10:00" endTime="2012-05-01T21:57:40.4948544+10:00">
          <testStep id="8c2dbcf24027a04e" name="GPX.Server.Extension.Tests" fullName="GPX.Server.Extension.Tests" testId="6dc504354be92436" isPrimary="true" isTestCase="false" isDynamic="false">
            <codeReference assembly="GPX.Server.Extension.Tests, Version=1.0.0.0, Culture=neutral, PublicKeyToken=null" />
            <codeLocation path="C:\Git\arcgis-exporter-extension\GPX.Server.Extension.Tests\bin\Debug\GPX.Server.Extension.Tests.DLL" />
            <metadata>
              <entry key="TestKind">
                <value>MbUnit v3 Assembly</value>
              </entry>
              <entry key="File">
                <value>C:\Git\arcgis-exporter-extension\GPX.Server.Extension.Tests\bin\Debug\GPX.Server.Extension.Tests.DLL</value>
              </entry>
              <entry key="CodeBase">
                <value>C:\Git\arcgis-exporter-extension\GPX.Server.Extension.Tests\bin\Debug\GPX.Server.Extension.Tests.DLL</value>
              </entry>
              <entry key="Company">
                <value>Geoplex</value>
              </entry>
              <entry key="Copyright">
                <value>Copyright Â© geoplex 2011</value>
              </entry>
              <entry key="FileVersion">
                <value>1.0.0.0</value>
              </entry>
              <entry key="Product">
                <value>GPX.Server.Extension.Tests</value>
              </entry>
              <entry key="Title">
                <value>GPX.Server.Extension.Tests</value>
              </entry>
              <entry key="Version">
                <value>1.0.0.0</value>
              </entry>
              <entry key="Framework">
                <value>MbUnit v3.3 build 454</value>
              </entry>
            </metadata>
          </testStep>
          <children>
            <testStepRun startTime="2012-05-01T21:57:07.3572048+10:00" endTime="2012-05-01T21:57:40.48484+10:00">
              <testStep id="bcc08088e3c2359" name="MockServerTest" fullName="GPX.Server.Extension.Tests/MockServerTest" testId="260460c3946ccce2" isPrimary="true" isTestCase="false" isDynamic="false">
                <codeReference assembly="GPX.Server.Extension.Tests, Version=1.0.0.0, Culture=neutral, PublicKeyToken=null" namespace="GPX.Server.Extension.Tests" type="GPX.Server.Extension.Tests.MockServerTest" />
                <codeLocation path="C:\Git\arcgis-exporter-extension\GPX.Server.Extension.Tests\MockServerTest.cs" />
                <metadata>
                  <entry key="TestKind">
                    <value>Fixture</value>
                  </entry>
                </metadata>
              </testStep>
              <children>
                <testStepRun startTime="2012-05-01T21:57:07.3772336+10:00" endTime="2012-05-01T21:57:09.94092+10:00">
                  <testStep id="e771e057ea186bb0" name="ExportGeoJson" fullName="GPX.Server.Extension.Tests/MockServerTest/ExportGeoJson" testId="26ca2edc4106b260" isPrimary="true" isTestCase="false" isDynamic="false">
                    <codeReference assembly="GPX.Server.Extension.Tests, Version=1.0.0.0, Culture=neutral, PublicKeyToken=null" namespace="GPX.Server.Extension.Tests" type="GPX.Server.Extension.Tests.MockServerTest" member="ExportGeoJson" />
                    <codeLocation path="C:\Git\arcgis-exporter-extension\GPX.Server.Extension.Tests\MockServerTest.cs" line="255" />
                    <metadata>
                      <entry key="TestKind">
                        <value>Test</value>
                      </entry>
                    </metadata>
                  </testStep>
                  <children>
                    <testStepRun startTime="2012-05-01T21:57:07.3972624+10:00" endTime="2012-05-01T21:57:09.94092+10:00">
                      <testStep id="6a7df19d1284ad85" name="ExportGeoJson(&quot;&quot;, &quot;ExportLayers/2&quot;, &quot;ExportLayer&quot;, &quot;{\&quot;filterGeometry\&quot;:null,\&quot;geometryType\&quot;:null,\&quot;where\&quot;:null,\&quot;exportProperties\&quot;:{\&quot;GeometryField\&quot;: \&quot;Shape\&quot;}}&quot;, &quot;geojson&quot;, &quot;{}&quot;)" fullName="GPX.Server.Extension.Tests/MockServerTest/ExportGeoJson/ExportGeoJson(&quot;&quot;, &quot;ExportLayers/2&quot;, &quot;ExportLayer&quot;, &quot;{\&quot;filterGeometry\&quot;:null,\&quot;geometryType\&quot;:null,\&quot;where\&quot;:null,\&quot;exportProperties\&quot;:{\&quot;GeometryField\&quot;: \&quot;Shape\&quot;}}&quot;, &quot;geojson&quot;, &quot;{}&quot;)" testId="26ca2edc4106b260" isPrimary="false" isTestCase="true" isDynamic="false">
                        <codeReference assembly="GPX.Server.Extension.Tests, Version=1.0.0.0, Culture=neutral, PublicKeyToken=null" namespace="GPX.Server.Extension.Tests" type="GPX.Server.Extension.Tests.MockServerTest" member="ExportGeoJson" />
                        <codeLocation path="C:\Git\arcgis-exporter-extension\GPX.Server.Extension.Tests\MockServerTest.cs" line="255" />
                        <metadata>
                          <entry key="TestKind">
                            <value>Test</value>
                          </entry>
                          <entry key="Description">
                            <value>Export Points as GeoJson</value>
                          </entry>
                        </metadata>
                      </testStep>
                      <children />
                      <result assertCount="0" duration="2.5348157">
                        <outcome status="passed" />
                      </result>
                      <testLog>
                        <streams>
                          <stream name="Log">
                            <body>
                              <contents>
                                <text><![CDATA[{
  "features": [
    {
      "id": "1",
      "geometry": {
        "coordinates": [
          -122.48108685999995,
          37.669933160000028
        ],
        "type": "Point",
        "crs": null,
        "bbox": null
      },
      "properties": {
        "OBJECTID": 6.0,
        "STATE": " CA",
        "DEPTH": 20,
        "DEATHS": 3000.0,
        "DAMAGE": 52400000.0,
        "MAG": 7.8,
        "MMI": 11,
        "LOCATION": "  Near San Francisco, California",
        "YEAR": 1906.0,
        "MONTH": 4,
        "DAY": 18,
        "HOUR": 13,
        "MINUTE": 12,
        "SECOND": 21.0
      },
      "type": "Feature",
      "crs": null,
      "bbox": null
    },
    {
      "id": "2",
      "geometry": {
        "coordinates": [
          -119.01793651299994,
          34.999969744000055
        ],
        "type": "Point",
        "crs": null,
        "bbox": null
      },
      "properties": {
        "OBJECTID": 7.0,
        "STATE": " CA",
        "DEPTH": 16,
        "DEATHS": 12.0,
        "DAMAGE": 6000000.0,
        "MAG": 7.48,
        "MMI": 11,
        "LOCATION": "  South of Bakersfield, California",
        "YEAR": 1952.0,
        "MONTH": 7,
        "DAY": 21,
        "HOUR": 11,
        "MINUTE": 52,
        "SECOND": 14.0
      },
      "type": "Feature",
      "crs": null,
      "bbox": null
    },
    {
      "id": "3",
      "geometry": {
        "coordinates": [
          -117.50088520199995,
          34.000015485000063
        ],
        "type": "Point",
        "crs": null,
        "bbox": null
      },
      "properties": {
        "OBJECTID": 69.0,
        "STATE": " CA",
        "DEPTH": 0,
        "DEATHS": 0.0,
        "DAMAGE": 0.0,
        "MAG": 6.0,
        "MMI": 8,
        "LOCATION": "  Near San Bernardino, California",
        "YEAR": 1858.0,
        "MONTH": 12,
        "DAY": 16,
        "HOUR": 10,
        "MINUTE": 0,
        "SECOND": 0.0
      },
      "type": "Feature",
      "crs": null,
      "bbox": null
    },
    {
      "id": "4",
      "geometry": {
        "coordinates": [
          -122.00106837299995,
          37.799926594000056
        ],
        "type": "Point",
        "crs": null,
        "bbox": null
      },
      "properties": {
        "OBJECTID": 70.0,
        "STATE": " CA",
        "DEPTH": 0,
        "DEATHS": 0.0,
        "DAMAGE": 0.0,
        "MAG": 5.59,
        "MMI": 8,
        "LOCATION": "  Near Dublin, California",
        "YEAR": 1861.0,
        "MONTH": 7,
        "DAY": 4,
        "HOUR": 0,
        "MINUTE": 11,
        "SECOND": 0.0
      },
      "type": "Feature",
      "crs": null,
      "bbox": null
    },
    {
      "id": "5",
      "geometry": {
        "coordinates": [
          -121.90106955899995,
          37.199947147000046
        ],
        "type": "Point",
        "crs": null,
        "bbox": null
      },
      "properties": {
        "OBJECTID": 71.0,
        "STATE": " CA",
        "DEPTH": 0,
        "DEATHS": 0.0,
        "DAMAGE": 50000.0,
        "MAG": 6.3,
        "MMI": 8,
        "LOCATION": "  Santa Cruz Mountains, California",
        "YEAR": 1865.0,
        "MONTH": 10,
        "DAY": 8,
        "HOUR": 20,
        "MINUTE": 46,
        "SECOND": 0.0
      },
      "type": "Feature",
      "crs": null,
      "bbox": null
    },
    {
      "id": "6",
      "geometry": {
        "coordinates": [
          -121.60105150599998,
          36.899955963000025
        ],
        "type": "Point",
        "crs": null,
        "bbox": null
      },
      "properties": {
        "OBJECTID": 73.0,
        "STATE": " CA",
        "DEPTH": 0,
        "DEATHS": 0.0,
        "DAMAGE": 0.0,
        "MAG": 6.0,
        "MMI": 8,
        "LOCATION": "  Near Corralitos, California",
        "YEAR": 1890.0,
        "MONTH": 4,
        "DAY": 24,
        "HOUR": 11,
        "MINUTE": 36,
        "SECOND": 0.0
      },
      "type": "Feature",
      "crs": null,
      "bbox": null
    },
    {
      "id": "7",
      "geometry": {
        "coordinates": [
          -122.40109224799994,
          38.299915405000036
        ],
        "type": "Point",
        "crs": null,
        "bbox": null
      },
      "properties": {
        "OBJECTID": 74.0,
        "STATE": " CA",
        "DEPTH": 0,
        "DEATHS": 0.0,
        "DAMAGE": 0.0,
        "MAG": 5.5,
        "MMI": 8,
        "LOCATION": "  Near Napa, California",
        "YEAR": 1891.0,
        "MONTH": 10,
        "DAY": 12,
        "HOUR": 6,
        "MINUTE": 28,
        "SECOND": 0.0
      },
      "type": "Feature",
      "crs": null,
      "bbox": null
    },
    {
      "id": "8",
      "geometry": {
        "coordinates": [
          -118.60092179999998,
          34.299999076000063
        ],
        "type": "Point",
        "crs": null,
        "bbox": null
      },
      "properties": {
        "OBJECTID": 76.0,
        "STATE": " CA",
        "DEPTH": 0,
        "DEATHS": 0.0,
        "DAMAGE": 0.0,
        "MAG": 5.4,
        "MMI": 8,
        "LOCATION": "  Near Newhall, California",
        "YEAR": 1893.0,
        "MONTH": 4,
        "DAY": 4,
        "HOUR": 19,
        "MINUTE": 40,
        "SECOND": 0.0
      },
      "type": "Feature",
      "crs": null,
      "bbox": null
    },
    {
      "id": "9",
      "geometry": {
        "coordinates": [
          -121.50105269299996,
          36.999946599000054
        ],
        "type": "Point",
        "crs": null,
        "bbox": null
      },
      "properties": {
        "OBJECTID": 77.0,
        "STATE": " CA",
        "DEPTH": 0,
        "DEATHS": 0.0,
        "DAMAGE": 0.0,
        "MAG": 6.19,
        "MMI": 8,
        "LOCATION": "  Near Gilroy, California",
        "YEAR": 1897.0,
        "MONTH": 6,
        "DAY": 20,
        "HOUR": 20,
        "MINUTE": 14,
        "SECOND": 0.0
      },
      "type": "Feature",
      "crs": null,
      "bbox": null
    },
    {
      "id": "10",
      "geometry": {
        "coordinates": [
          -122.40109224799994,
          38.199916592000079
        ],
        "type": "Point",
        "crs": null,
        "bbox": null
      },
      "properties": {
        "OBJECTID": 78.0,
        "STATE": " CA",
        "DEPTH": 0,
        "DEATHS": 0.0,
        "DAMAGE": 35000.0,
        "MAG": 6.19,
        "MMI": 8,
        "LOCATION": "  Southern Sonoma County, California",
        "YEAR": 1898.0,
        "MONTH": 3,
        "DAY": 31,
        "HOUR": 7,
        "MINUTE": 43,
        "SECOND": 0.0
      },
      "type": "Feature",
      "crs": null,
      "bbox": null
    },
    {
      "id": "11",
      "geometry": {
        "coordinates": [
          -123.80113229599999,
          39.19990180700006
        ],
        "type": "Point",
        "crs": null,
        "bbox": null
      },
      "properties": {
        "OBJECTID": 79.0,
        "STATE": " CA",
        "DEPTH": 0,
        "DEATHS": 0.0,
        "DAMAGE": 0.0,
        "MAG": 6.9,
        "MMI": 8,
        "LOCATION": "  Near Greenwood, California",
        "YEAR": 1898.0,
        "MONTH": 4,
        "DAY": 15,
        "HOUR": 7,
        "MINUTE": 7,
        "SECOND": 0.0
      },
      "type": "Feature",
      "crs": null,
      "bbox": null
    },
    {
      "id": "12",
      "geometry": {
        "coordinates": [
          -117.50088520199995,
          34.300003164000032
        ],
        "type": "Point",
        "crs": null,
        "bbox": null
      },
      "properties": {
        "OBJECTID": 80.0,
        "STATE": " CA",
        "DEPTH": 0,
        "DEATHS": 0.0,
        "DAMAGE": 0.0,
        "MAG": 6.5,
        "MMI": 8,
        "LOCATION": "  Lytle Creek Canyon, California",
        "YEAR": 1899.0,
        "MONTH": 7,
        "DAY": 22,
        "HOUR": 20,
        "MINUTE": 32,
        "SECOND": 0.0
      },
      "type": "Feature",
      "crs": null,
      "bbox": null
    },
    {
      "id": "13",
      "geometry": {
        "coordinates": [
          -120.50099154499998,
          35.999961968000036
        ],
        "type": "Point",
        "crs": null,
        "bbox": null
      },
      "properties": {
        "OBJECTID": 81.0,
        "STATE": " CA",
        "DEPTH": 0,
        "DEATHS": 0.0,
        "DAMAGE": 0.0,
        "MAG": 6.4,
        "MMI": 8,
        "LOCATION": "  Near Parkfield, California",
        "YEAR": 1901.0,
        "MONTH": 3,
        "DAY": 3,
        "HOUR": 7,
        "MINUTE": 45,
        "SECOND": 0.0
      },
      "type": "Feature",
      "crs": null,
      "bbox": null
    },
    {
      "id": "14",
      "geometry": {
        "coordinates": [
          -120.30099508599994,
          34.699985569000035
        ],
        "type": "Point",
        "crs": null,
        "bbox": null
      },
      "properties": {
        "OBJECTID": 82.0,
        "STATE": " CA",
        "DEPTH": 0,
        "DEATHS": 0.0,
        "DAMAGE": 0.0,
        "MAG": 5.4,
        "MMI": 8,
        "LOCATION": "  Near los Alamos, California",
        "YEAR": 1902.0,
        "MONTH": 7,
        "DAY": 31,
        "HOUR": 9,
        "MINUTE": 20,
        "SECOND": 0.0
      },
      "type": "Feature",
      "crs": null,
      "bbox": null
    },
    {
      "id": "15",
      "geometry": {
        "coordinates": [
          -120.400993315,
          34.599983251000026
        ],
        "type": "Point",
        "crs": null,
        "bbox": null
      },
      "properties": {
        "OBJECTID": 83.0,
        "STATE": " CA",
        "DEPTH": 0,
        "DEATHS": 0.0,
        "DAMAGE": 0.0,
        "MAG": 0.0,
        "MMI": 8,
        "LOCATION": " ",
        "YEAR": 1902.0,
        "MONTH": 8,
        "DAY": 1,
        "HOUR": 3,
        "MINUTE": 30,
        "SECOND": 0.0
      },
      "type": "Feature",
      "crs": null,
      "bbox": null
    },
    {
      "id": "16",
      "geometry": {
        "coordinates": [
          -115.50082423599997,
          32.900051316000031
        ],
        "type": "Point",
        "crs": null,
        "bbox": null
      },
      "properties": {
        "OBJECTID": 84.0,
        "STATE": " CA",
        "DEPTH": 0,
        "DEATHS": 0.0,
        "DAMAGE": 0.0,
        "MAG": 6.26,
        "MMI": 8,
        "LOCATION": "  Near Brawley, California",
        "YEAR": 1906.0,
        "MONTH": 4,
        "DAY": 19,
        "HOUR": 0,
        "MINUTE": 30,
        "SECOND": 0.0
      },
      "type": "Feature",
      "crs": null,
      "bbox": null
    },
    {
      "id": "17",
      "geometry": {
        "coordinates": [
          -124.20115675399995,
          40.499854842000047
        ],
        "type": "Point",
        "crs": null,
        "bbox": null
      },
      "properties": {
        "OBJECTID": 85.0,
        "STATE": " CA",
        "DEPTH": 0,
        "DEATHS": 0.0,
        "DAMAGE": 10000.0,
        "MAG": 6.4,
        "MMI": 8,
        "LOCATION": "  Near Scotia, California",
        "YEAR": 1909.0,
        "MONTH": 10,
        "DAY": 29,
        "HOUR": 6,
        "MINUTE": 45,
        "SECOND": 0.0
      },
      "type": "Feature",
      "crs": null,
      "bbox": null
    },
    {
      "id": "18",
      "geometry": {
        "coordinates": [
          -121.75106024099995,
          37.24994304900008
        ],
        "type": "Point",
        "crs": null,
        "bbox": null
      },
      "properties": {
        "OBJECTID": 86.0,
        "STATE": " CA",
        "DEPTH": 0,
        "DEATHS": 0.0,
        "DAMAGE": 0.0,
        "MAG": 6.59,
        "MMI": 8,
        "LOCATION": "  Near Coyote, California",
        "YEAR": 1911.0,
        "MONTH": 7,
        "DAY": 1,
        "HOUR": 22,
        "MINUTE": 0,
        "SECOND": 3.0
      },
      "type": "Feature",
      "crs": null,
      "bbox": null
    },
    {
      "id": "19",
      "geometry": {
        "coordinates": [
          -120.20098108599996,
          34.599983251000026
        ],
        "type": "Point",
        "crs": null,
        "bbox": null
      },
      "properties": {
        "OBJECTID": 87.0,
        "STATE": " CA",
        "DEPTH": 0,
        "DEATHS": 0.0,
        "DAMAGE": 0.0,
        "MAG": 5.19,
        "MMI": 8,
        "LOCATION": "  Near Los Alamos, California",
        "YEAR": 1915.0,
        "MONTH": 1,
        "DAY": 12,
        "HOUR": 4,
        "MINUTE": 31,
        "SECOND": 0.0
      },
      "type": "Feature",
      "crs": null,
      "bbox": null
    },
    {
      "id": "20",
      "geometry": {
        "coordinates": [
          -115.50082423599997,
          32.800052503000074
        ],
        "type": "Point",
        "crs": null,
        "bbox": null
      },
      "properties": {
        "OBJECTID": 88.0,
        "STATE": " CA",
        "DEPTH": 0,
        "DEATHS": 6.0,
        "DAMAGE": 90000.0,
        "MAG": 6.25,
        "MMI": 8,
        "LOCATION": "  North of Calexico, Imperial Valley, California",
        "YEAR": 1915.0,
        "MONTH": 6,
        "DAY": 23,
        "HOUR": 3,
        "MINUTE": 59,
        "SECOND": 0.0
      },
      "type": "Feature",
      "crs": null,
      "bbox": null
    },
    {
      "id": "21",
      "geometry": {
        "coordinates": [
          -115.50082423599997,
          32.800052503000074
        ],
        "type": "Point",
        "crs": null,
        "bbox": null
      },
      "properties": {
        "OBJECTID": 89.0,
        "STATE": " CA",
        "DEPTH": 0,
        "DEATHS": 0.0,
        "DAMAGE": 0.0,
        "MAG": 6.25,
        "MMI": 8,
        "LOCATION": "  North of Calexico, Imperial Valley, California",
        "YEAR": 1915.0,
        "MONTH": 6,
        "DAY": 23,
        "HOUR": 4,
        "MINUTE": 56,
        "SECOND": 0.0
      },
      "type": "Feature",
      "crs": null,
      "bbox": null
    },
    {
      "id": "22",
      "geometry": {
        "coordinates": [
          -118.50091539199997,
          34.000011397000037
        ],
        "type": "Point",
        "crs": null,
        "bbox": null
      },
      "properties": {
        "OBJECTID": 90.0,
        "STATE": " CA",
        "DEPTH": 0,
        "DEATHS": 0.0,
        "DAMAGE": 10000.0,
        "MAG": 4.9,
        "MMI": 8,
        "LOCATION": "  Near Indlewood, California",
        "YEAR": 1920.0,
        "MONTH": 6,
        "DAY": 22,
        "HOUR": 2,
        "MINUTE": 47,
        "SECOND": 0.0
      },
      "type": "Feature",
      "crs": null,
      "bbox": null
    },
    {
      "id": "23",
      "geometry": {
        "coordinates": [
          -124.50117480699998,
          40.499851337000052
        ],
        "type": "Point",
        "crs": null,
        "bbox": null
      },
      "properties": {
        "OBJECTID": 91.0,
        "STATE": " CA",
        "DEPTH": 0,
        "DEATHS": 0.0,
        "DAMAGE": 0.0,
        "MAG": 7.19,
        "MMI": 8,
        "LOCATION": "  Off the coast of Humboldt County, California",
        "YEAR": 1923.0,
        "MONTH": 1,
        "DAY": 22,
        "HOUR": 9,
        "MINUTE": 4,
        "SECOND": 18.0
      },
      "type": "Feature",
      "crs": null,
      "bbox": null
    },
    {
      "id": "24",
      "geometry": {
        "coordinates": [
          -124.60118880699997,
          40.999843653000028
        ],
        "type": "Point",
        "crs": null,
        "bbox": null
      },
      "properties": {
        "OBJECTID": 94.0,
        "STATE": " CA",
        "DEPTH": 0,
        "DEATHS": 0.0,
        "DAMAGE": 0.0,
        "MAG": 5.3,
        "MMI": 8,
        "LOCATION": "  Off the coast of Humboldt County, California",
        "YEAR": 1927.0,
        "MONTH": 8,
        "DAY": 20,
        "HOUR": 20,
        "MINUTE": 5,
        "SECOND": 44.0
      },
      "type": "Feature",
      "crs": null,
      "bbox": null
    },
    {
      "id": "25",
      "geometry": {
        "coordinates": [
          -120.80101018099998,
          34.699981480000076
        ],
        "type": "Point",
        "crs": null,
        "bbox": null
      },
      "properties": {
        "OBJECTID": 95.0,
        "STATE": " CA",
        "DEPTH": 0,
        "DEATHS": 0.0,
        "DAMAGE": 0.0,
        "MAG": 7.28,
        "MMI": 8,
        "LOCATION": "  Off the coast of Santa Barbara County, west of Lompoc, Calif",
        "YEAR": 1927.0,
        "MONTH": 11,
        "DAY": 4,
        "HOUR": 13,
        "MINUTE": 50,
        "SECOND": 0.0
      },
      "type": "Feature",
      "crs": null,
      "bbox": null
    },
    {
      "id": "26",
      "geometry": {
        "coordinates": [
          -124.50118239999995,
          40.749847203000058
        ],
        "type": "Point",
        "crs": null,
        "bbox": null
      },
      "properties": {
        "OBJECTID": 96.0,
        "STATE": " CA",
        "DEPTH": 0,
        "DEATHS": 1.0,
        "DAMAGE": 9000.0,
        "MAG": 6.4,
        "MMI": 8,
        "LOCATION": "  Off the coast of Humboldt County, west of Eureka, California",
        "YEAR": 1932.0,
        "MONTH": 6,
        "DAY": 6,
        "HOUR": 8,
        "MINUTE": 44,
        "SECOND": 22.0
      },
      "type": "Feature",
      "crs": null,
      "bbox": null
    },
    {
      "id": "27",
      "geometry": {
        "coordinates": [
          -117.96689584099994,
          33.616020439000067
        ],
        "type": "Point",
        "crs": null,
        "bbox": null
      },
      "properties": {
        "OBJECTID": 97.0,
        "STATE": " CA",
        "DEPTH": 16,
        "DEATHS": 115.0,
        "DAMAGE": 4000000.0,
        "MAG": 6.3,
        "MMI": 8,
        "LOCATION": "  Southeast of Long Beach, near Newport Beach, California",
        "YEAR": 1933.0,
        "MONTH": 3,
        "DAY": 11,
        "HOUR": 1,
        "MINUTE": 54,
        "SECOND": 7.8
      },
      "type": "Feature",
      "crs": null,
      "bbox": null
    },
    {
      "id": "28",
      "geometry": {
        "coordinates": [
          -120.33098620299995,
          35.79996492500004
        ],
        "type": "Point",
        "crs": null,
        "bbox": null
      },
      "properties": {
        "OBJECTID": 98.0,
        "STATE": " CA",
        "DEPTH": 16,
        "DEATHS": 0.0,
        "DAMAGE": 0.0,
        "MAG": 6.09,
        "MMI": 8,
        "LOCATION": "  Near Parkfield, California",
        "YEAR": 1934.0,
        "MONTH": 6,
        "DAY": 8,
        "HOUR": 4,
        "MINUTE": 47,
        "SECOND": 0.0
      },
      "type": "Feature",
      "crs": null,
      "bbox": null
    },
    {
      "id": "29",
      "geometry": {
        "coordinates": [
          -119.58396173699998,
          34.366996914000026
        ],
        "type": "Point",
        "crs": null,
        "bbox": null
      },
      "properties": {
        "OBJECTID": 99.0,
        "STATE": " CA",
        "DEPTH": 16,
        "DEATHS": 0.0,
        "DAMAGE": 10000.0,
        "MAG": 5.92,
        "MMI": 8,
        "LOCATION": "  Near Santa Barbara, California",
        "YEAR": 1941.0,
        "MONTH": 7,
        "DAY": 1,
        "HOUR": 7,
        "MINUTE": 50,
        "SECOND": 54.79
      },
      "type": "Feature",
      "crs": null,
      "bbox": null
    },
    {
      "id": "30",
      "geometry": {
        "coordinates": [
          -118.25090784499997,
          33.783020011000076
        ],
        "type": "Point",
        "crs": null,
        "bbox": null
      },
      "properties": {
        "OBJECTID": 100.0,
        "STATE": " CA",
        "DEPTH": 16,
        "DEATHS": 0.0,
        "DAMAGE": 110000.0,
        "MAG": 5.4,
        "MMI": 8,
        "LOCATION": "  Near Gardena, California",
        "YEAR": 1941.0,
        "MONTH": 11,
        "DAY": 14,
        "HOUR": 8,
        "MINUTE": 41,
        "SECOND": 36.29
      },
      "type": "Feature",
      "crs": null,
      "bbox": null
    },
    {
      "id": "31",
      "geometry": {
        "coordinates": [
          -115.56782557899999,
          33.117042702000049
        ],
        "type": "Point",
        "crs": null,
        "bbox": null
      },
      "properties": {
        "OBJECTID": 101.0,
        "STATE": " CA",
        "DEPTH": 16,
        "DEATHS": 0.0,
        "DAMAGE": 300000.0,
        "MAG": 5.5,
        "MMI": 8,
        "LOCATION": "  Near Calipatria, California",
        "YEAR": 1950.0,
        "MONTH": 7,
        "DAY": 29,
        "HOUR": 14,
        "MINUTE": 36,
        "SECOND": 32.0
      },
      "type": "Feature",
      "crs": null,
      "bbox": null
    },
    {
      "id": "32",
      "geometry": {
        "coordinates": [
          -118.91793068999999,
          35.332958398000073
        ],
        "type": "Point",
        "crs": null,
        "bbox": null
      },
      "properties": {
        "OBJECTID": 102.0,
        "STATE": " CA",
        "DEPTH": 16,
        "DEATHS": 2.0,
        "DAMAGE": 1000000.0,
        "MAG": 5.71,
        "MMI": 8,
        "LOCATION": "  East of Bakersfield, California",
        "YEAR": 1952.0,
        "MONTH": 8,
        "DAY": 22,
        "HOUR": 22,
        "MINUTE": 41,
        "SECOND": 24.0
      },
      "type": "Feature",
      "crs": null,
      "bbox": null
    },
    {
      "id": "33",
      "geometry": {
        "coordinates": [
          -121.68405889799999,
          36.932949345000054
        ],
        "type": "Point",
        "crs": null,
        "bbox": null
      },
      "properties": {
        "OBJECTID": 103.0,
        "STATE": " CA",
        "DEPTH": 0,
        "DEATHS": 0.0,
        "DAMAGE": 0.0,
        "MAG": 5.3,
        "MMI": 8,
        "LOCATION": "  East of Watsonville, California",
        "YEAR": 1954.0,
        "MONTH": 4,
        "DAY": 25,
        "HOUR": 20,
        "MINUTE": 33,
        "SECOND": 28.0
      },
      "type": "Feature",
      "crs": null,
      "bbox": null
    },
    {
      "id": "34",
      "geometry": {
        "coordinates": [
          -122.69309997499994,
          38.466911472000049
        ],
        "type": "Point",
        "crs": null,
        "bbox": null
      },
      "properties": {
        "OBJECTID": 104.0,
        "STATE": " CA",
        "DEPTH": 10,
        "DEATHS": 1.0,
        "DAMAGE": 835000.0,
        "MAG": 5.59,
        "MMI": 8,
        "LOCATION": "  Near Santa Rosa, California",
        "YEAR": 1969.0,
        "MONTH": 10,
        "DAY": 2,
        "HOUR": 4,
        "MINUTE": 56,
        "SECOND": 46.5
      },
      "type": "Feature",
      "crs": null,
      "bbox": null
    },
    {
      "id": "35",
      "geometry": {
        "coordinates": [
          -122.69309997499994,
          38.454914092000024
        ],
        "type": "Point",
        "crs": null,
        "bbox": null
      },
      "properties": {
        "OBJECTID": 105.0,
        "STATE": " CA",
        "DEPTH": 10,
        "DEATHS": 1.0,
        "DAMAGE": 835000.0,
        "MAG": 5.69,
        "MMI": 8,
        "LOCATION": "  Near Santa Rosa, California",
        "YEAR": 1969.0,
        "MONTH": 10,
        "DAY": 2,
        "HOUR": 6,
        "MINUTE": 19,
        "SECOND": 57.09
      },
      "type": "Feature",
      "crs": null,
      "bbox": null
    },
    {
      "id": "36",
      "geometry": {
        "coordinates": [
          -121.52908299099994,
          39.438888586000076
        ],
        "type": "Point",
        "crs": null,
        "bbox": null
      },
      "properties": {
        "OBJECTID": 106.0,
        "STATE": " CA",
        "DEPTH": 0,
        "DEATHS": 0.0,
        "DAMAGE": 250000.0,
        "MAG": 5.8,
        "MMI": 8,
        "LOCATION": "  Near Oroville, California",
        "YEAR": 1975.0,
        "MONTH": 8,
        "DAY": 1,
        "HOUR": 20,
        "MINUTE": 20,
        "SECOND": 12.89
      },
      "type": "Feature",
      "crs": null,
      "bbox": null
    },
    {
      "id": "37",
      "geometry": {
        "coordinates": [
          -120.30998202399996,
          36.232955898000057
        ],
        "type": "Point",
        "crs": null,
        "bbox": null
      },
      "properties": {
        "OBJECTID": 107.0,
        "STATE": " CA",
        "DEPTH": 10,
        "DEATHS": 0.0,
        "DAMAGE": 1000000.0,
        "MAG": 6.69,
        "MMI": 8,
        "LOCATION": "  Near Coalinga, California",
        "YEAR": 1983.0,
        "MONTH": 5,
        "DAY": 2,
        "HOUR": 23,
        "MINUTE": 42,
        "SECOND": 38.09
      },
      "type": "Feature",
      "crs": null,
      "bbox": null
    },
    {
      "id": "38",
      "geometry": {
        "coordinates": [
          -121.69905854499996,
          37.319938480000076
        ],
        "type": "Point",
        "crs": null,
        "bbox": null
      },
      "properties": {
        "OBJECTID": 108.0,
        "STATE": " CA",
        "DEPTH": 8,
        "DEATHS": 0.0,
        "DAMAGE": 800000.0,
        "MAG": 6.19,
        "MMI": 8,
        "LOCATION": "  Near Morgan Hill, California",
        "YEAR": 1984.0,
        "MONTH": 4,
        "DAY": 24,
        "HOUR": 21,
        "MINUTE": 15,
        "SECOND": 19.0
      },
      "type": "Feature",
      "crs": null,
      "bbox": null
    },
    {
      "id": "39",
      "geometry": {
        "coordinates": [
          -118.07890313299998,
          34.061012297000048
        ],
        "type": "Point",
        "crs": null,
        "bbox": null
      },
      "properties": {
        "OBJECTID": 109.0,
        "STATE": " CA",
        "DEPTH": 10,
        "DEATHS": 8.0,
        "DAMAGE": 35800000.0,
        "MAG": 5.9,
        "MMI": 8,
        "LOCATION": "  Near Whittier Narrows, California",
        "YEAR": 1987.0,
        "MONTH": 10,
        "DAY": 1,
        "HOUR": 14,
        "MINUTE": 42,
        "SECOND": 20.0
      },
      "type": "Feature",
      "crs": null,
      "bbox": null
    },
    {
      "id": "40",
      "geometry": {
        "coordinates": [
          -124.31716161699995,
          40.367855030000044
        ],
        "type": "Point",
        "crs": null,
        "bbox": null
      },
      "properties": {
        "OBJECTID": 142.0,
        "STATE": " CA",
        "DEPTH": 15,
        "DEATHS": 0.0,
        "DAMAGE": 6600000.0,
        "MAG": 7.09,
        "MMI": 8,
        "LOCATION": "  Near Coast of Northern Calif.",
        "YEAR": 1992.0,
        "MONTH": 4,
        "DAY": 25,
        "HOUR": 18,
        "MINUTE": 6,
        "SECOND": 4.21
      },
      "type": "Feature",
      "crs": null,
      "bbox": null
    },
    {
      "id": "41",
      "geometry": {
        "coordinates": [
          -116.82786541799999,
          34.203006617000028
        ],
        "type": "Point",
        "crs": null,
        "bbox": null
      },
      "properties": {
        "OBJECTID": 143.0,
        "STATE": " CA",
        "DEPTH": 5,
        "DEATHS": 0.0,
        "DAMAGE": 920000000.0,
        "MAG": 6.69,
        "MMI": 8,
        "LOCATION": "  Southern California",
        "YEAR": 1992.0,
        "MONTH": 6,
        "DAY": 28,
        "HOUR": 15,
        "MINUTE": 5,
        "SECOND": 30.7
      },
      "type": "Feature",
      "crs": null,
      "bbox": null
    },
    {
      "id": "42",
      "geometry": {
        "coordinates": [
          -121.60105150599998,
          36.899955963000025
        ],
        "type": "Point",
        "crs": null,
        "bbox": null
      },
      "properties": {
        "OBJECTID": 172.0,
        "STATE": " CA",
        "DEPTH": 0,
        "DEATHS": 0.0,
        "DAMAGE": 0.0,
        "MAG": 0.0,
        "MMI": 7,
        "LOCATION": "  Near San Juan Bautista, California",
        "YEAR": 1800.0,
        "MONTH": 10,
        "DAY": 11,
        "HOUR": 0,
        "MINUTE": 0,
        "SECOND": 0.0
      },
      "type": "Feature",
      "crs": null,
      "bbox": null
    },
    {
      "id": "43",
      "geometry": {
        "coordinates": [
          -117.30087297199998,
          33.000041952000061
        ],
        "type": "Point",
        "crs": null,
        "bbox": null
      },
      "properties": {
        "OBJECTID": 173.0,
        "STATE": " CA",
        "DEPTH": 0,
        "DEATHS": 0.0,
        "DAMAGE": 0.0,
        "MAG": 6.5,
        "MMI": 7,
        "LOCATION": "  San Diego region, California",
        "YEAR": 1800.0,
        "MONTH": 11,
        "DAY": 22,
        "HOUR": 21,
        "MINUTE": 30,
        "SECOND": 0.0
      },
      "type": "Feature",
      "crs": null,
      "bbox": null
    },
    {
      "id": "44",
      "geometry": {
        "coordinates": [
          -122.50109106199994,
          37.499943003000055
        ],
        "type": "Point",
        "crs": null,
        "bbox": null
      },
      "properties": {
        "OBJECTID": 174.0,
        "STATE": " CA",
        "DEPTH": 0,
        "DEATHS": 0.0,
        "DAMAGE": 0.0,
        "MAG": 0.0,
        "MMI": 7,
        "LOCATION": "  San Francisco, California",
        "YEAR": 1829.0,
        "MONTH": 9,
        "DAY": 0,
        "HOUR": 0,
        "MINUTE": 0,
        "SECOND": 0.0
      },
      "type": "Feature",
      "crs": null,
      "bbox": null
    },
    {
      "id": "45",
      "geometry": {
        "coordinates": [
          -120.60099795199994,
          35.499973157000056
        ],
        "type": "Point",
        "crs": null,
        "bbox": null
      },
      "properties": {
        "OBJECTID": 175.0,
        "STATE": " CA",
        "DEPTH": 0,
        "DEATHS": 0.0,
        "DAMAGE": 0.0,
        "MAG": 0.0,
        "MMI": 7,
        "LOCATION": "  San Louis Obispo, California",
        "YEAR": 1830.0,
        "MONTH": 0,
        "DAY": 0,
        "HOUR": 0,
        "MINUTE": 0,
        "SECOND": 0.0
      },
      "type": "Feature",
      "crs": null,
      "bbox": null
    },
    {
      "id": "46",
      "geometry": {
        "coordinates": [
          -122.301086425,
          37.49993891500003
        ],
        "type": "Point",
        "crs": null,
        "bbox": null
      },
      "properties": {
        "OBJECTID": 176.0,
        "STATE": " CA",
        "DEPTH": 0,
        "DEATHS": 0.0,
        "DAMAGE": 0.0,
        "MAG": 5.5,
        "MMI": 7,
        "LOCATION": "  South of San Francisco in San Mateo County, California",
        "YEAR": 1856.0,
        "MONTH": 2,
        "DAY": 15,
        "HOUR": 13,
        "MINUTE": 25,
        "SECOND": 0.0
      },
      "type": "Feature",
      "crs": null,
      "bbox": null
    },
    {
      "id": "47",
      "geometry": {
        "coordinates": [
          -121.90106955899995,
          37.49993891500003
        ],
        "type": "Point",
        "crs": null,
        "bbox": null
      },
      "properties": {
        "OBJECTID": 177.0,
        "STATE": " CA",
        "DEPTH": 0,
        "DEATHS": 0.0,
        "DAMAGE": 0.0,
        "MAG": 6.09,
        "MMI": 7,
        "LOCATION": "  North of San Jose, California",
        "YEAR": 1858.0,
        "MONTH": 11,
        "DAY": 26,
        "HOUR": 8,
        "MINUTE": 35,
        "SECOND": 0.0
      },
      "type": "Feature",
      "crs": null,
      "bbox": null
    },
    {
      "id": "48",
      "geometry": {
        "coordinates": [
          -124.20117194099998,
          40.799846610000031
        ],
        "type": "Point",
        "crs": null,
        "bbox": null
      },
      "properties": {
        "OBJECTID": 178.0,
        "STATE": " CA",
        "DEPTH": 0,
        "DEATHS": 0.0,
        "DAMAGE": 0.0,
        "MAG": 0.0,
        "MMI": 7,
        "LOCATION": "  Near Eureka, California",
        "YEAR": 1860.0,
        "MONTH": 11,
        "DAY": 13,
        "HOUR": 0,
        "MINUTE": 0,
        "SECOND": 0.0
      },
      "type": "Feature",
      "crs": null,
      "bbox": null
    },
    {
      "id": "49",
      "geometry": {
        "coordinates": [
          -117.20086656499996,
          32.700054273000035
        ],
        "type": "Point",
        "crs": null,
        "bbox": null
      },
      "properties": {
        "OBJECTID": 179.0,
        "STATE": " CA",
        "DEPTH": 0,
        "DEATHS": 0.0,
        "DAMAGE": 0.0,
        "MAG": 5.9,
        "MMI": 7,
        "LOCATION": "  Near San Diego, California",
        "YEAR": 1862.0,
        "MONTH": 5,
        "DAY": 27,
        "HOUR": 20,
        "MINUTE": 0,
        "SECOND": 0.0
      },
      "type": "Feature",
      "crs": null,
      "bbox": null
    },
    {
      "id": "50",
      "geometry": {
        "coordinates": [
          -122.60109688399996,
          38.399913634000029
        ],
        "type": "Point",
        "crs": null,
        "bbox": null
      },
      "properties": {
        "OBJECTID": 180.0,
        "STATE": " CA",
        "DEPTH": 0,
        "DEATHS": 0.0,
        "DAMAGE": 0.0,
        "MAG": 4.69,
        "MMI": 7,
        "LOCATION": "  Bennett Valley, California",
        "YEAR": 1865.0,
        "MONTH": 3,
        "DAY": 8,
        "HOUR": 14,
        "MINUTE": 30,
        "SECOND": 0.0
      },
      "type": "Feature",
      "crs": null,
      "bbox": null
    },
    {
      "id": "51",
      "geometry": {
        "coordinates": [
          -124.10116553499995,
          40.799850699000046
        ],
        "type": "Point",
        "crs": null,
        "bbox": null
      },
      "properties": {
        "OBJECTID": 181.0,
        "STATE": " CA",
        "DEPTH": 0,
        "DEATHS": 0.0,
        "DAMAGE": 0.0,
        "MAG": 5.4,
        "MMI": 7,
        "LOCATION": "  Near Eureka, California",
        "YEAR": 1865.0,
        "MONTH": 10,
        "DAY": 1,
        "HOUR": 17,
        "MINUTE": 15,
        "SECOND": 0.0
      },
      "type": "Feature",
      "crs": null,
      "bbox": null
    },
    {
      "id": "52",
      "geometry": {
        "coordinates": [
          -121.60105150599998,
          37.099944829000037
        ],
        "type": "Point",
        "crs": null,
        "bbox": null
      },
      "properties": {
        "OBJECTID": 182.0,
        "STATE": " CA",
        "DEPTH": 0,
        "DEATHS": 0.0,
        "DAMAGE": 0.0,
        "MAG": 5.4,
        "MMI": 7,
        "LOCATION": "  Near Gilroy, California",
        "YEAR": 1866.0,
        "MONTH": 3,
        "DAY": 26,
        "HOUR": 20,
        "MINUTE": 12,
        "SECOND": 0.0
      },
      "type": "Feature",
      "crs": null,
      "bbox": null
    },
    {
      "id": "53",
      "geometry": {
        "coordinates": [
          -123.10111256399995,
          39.099891896000031
        ],
        "type": "Point",
        "crs": null,
        "bbox": null
      },
      "properties": {
        "OBJECTID": 183.0,
        "STATE": " CA",
        "DEPTH": 0,
        "DEATHS": 0.0,
        "DAMAGE": 0.0,
        "MAG": 5.0,
        "MMI": 7,
        "LOCATION": "  Near Ukiah, California",
        "YEAR": 1869.0,
        "MONTH": 10,
        "DAY": 8,
        "HOUR": 9,
        "MINUTE": 30,
        "SECOND": 0.0
      },
      "type": "Feature",
      "crs": null,
      "bbox": null
    },
    {
      "id": "54",
      "geometry": {
        "coordinates": [
          -122.10107419499997,
          37.199947147000046
        ],
        "type": "Point",
        "crs": null,
        "bbox": null
      },
      "properties": {
        "OBJECTID": 184.0,
        "STATE": " CA",
        "DEPTH": 0,
        "DEATHS": 0.0,
        "DAMAGE": 0.0,
        "MAG": 5.8,
        "MMI": 7,
        "LOCATION": "  Near Santa Cruz, California",
        "YEAR": 1870.0,
        "MONTH": 2,
        "DAY": 17,
        "HOUR": 20,
        "MINUTE": 12,
        "SECOND": 0.0
      },
      "type": "Feature",
      "crs": null,
      "bbox": null
    },
    {
      "id": "55",
      "geometry": {
        "coordinates": [
          -124.20115675399995,
          40.39986011700006
        ],
        "type": "Point",
        "crs": null,
        "bbox": null
      },
      "properties": {
        "OBJECTID": 185.0,
        "STATE": " CA",
        "DEPTH": 0,
        "DEATHS": 0.0,
        "DAMAGE": 0.0,
        "MAG": 5.9,
        "MMI": 7,
        "LOCATION": "  Near Mattole, California",
        "YEAR": 1871.0,
        "MONTH": 3,
        "DAY": 2,
        "HOUR": 21,
        "MINUTE": 5,
        "SECOND": 0.0
      },
      "type": "Feature",
      "crs": null,
      "bbox": null
    },
    {
      "id": "56",
      "geometry": {
        "coordinates": [
          -124.00116730499997,
          40.699855973000069
        ],
        "type": "Point",
        "crs": null,
        "bbox": null
      },
      "properties": {
        "OBJECTID": 186.0,
        "STATE": " CA",
        "DEPTH": 0,
        "DEATHS": 0.0,
        "DAMAGE": 0.0,
        "MAG": 5.5,
        "MMI": 7,
        "LOCATION": "  Near Eureka, California",
        "YEAR": 1875.0,
        "MONTH": 9,
        "DAY": 30,
        "HOUR": 12,
        "MINUTE": 30,
        "SECOND": 0.0
      },
      "type": "Feature",
      "crs": null,
      "bbox": null
    },
    {
      "id": "57",
      "geometry": {
        "coordinates": [
          -124.00114452499997,
          40.099864844000081
        ],
        "type": "Point",
        "crs": null,
        "bbox": null
      },
      "properties": {
        "OBJECTID": 187.0,
        "STATE": " CA",
        "DEPTH": 0,
        "DEATHS": 0.0,
        "DAMAGE": 0.0,
        "MAG": 5.8,
        "MMI": 7,
        "LOCATION": "  Near Petrolia, California",
        "YEAR": 1878.0,
        "MONTH": 5,
        "DAY": 9,
        "HOUR": 4,
        "MINUTE": 25,
        "SECOND": 0.0
      },
      "type": "Feature",
      "crs": null,
      "bbox": null
    },
    {
      "id": "58",
      "geometry": {
        "coordinates": [
          -120.50099154499998,
          35.999961968000036
        ],
        "type": "Point",
        "crs": null,
        "bbox": null
      },
      "properties": {
        "OBJECTID": 188.0,
        "STATE": " CA",
        "DEPTH": 0,
        "DEATHS": 0.0,
        "DAMAGE": 0.0,
        "MAG": 5.59,
        "MMI": 7,
        "LOCATION": "  North of Imusdale, California",
        "YEAR": 1881.0,
        "MONTH": 2,
        "DAY": 2,
        "HOUR": 0,
        "MINUTE": 11,
        "SECOND": 0.0
      },
      "type": "Feature",
      "crs": null,
      "bbox": null
    },
    {
      "id": "59",
      "geometry": {
        "coordinates": [
          -122.00106837299995,
          37.199947147000046
        ],
        "type": "Point",
        "crs": null,
        "bbox": null
      },
      "properties": {
        "OBJECTID": 189.0,
        "STATE": " CA",
        "DEPTH": 0,
        "DEATHS": 0.0,
        "DAMAGE": 0.0,
        "MAG": 0.0,
        "MMI": 7,
        "LOCATION": "  Santa Cruz area, California",
        "YEAR": 1882.0,
        "MONTH": 6,
        "DAY": 27,
        "HOUR": 13,
        "MINUTE": 32,
        "SECOND": 0.0
      },
      "type": "Feature",
      "crs": null,
      "bbox": null
    },
    {
      "id": "60",
      "geometry": {
        "coordinates": [
          -121.60105150599998,
          36.899955963000025
        ],
        "type": "Point",
        "crs": null,
        "bbox": null
      },
      "properties": {
        "OBJECTID": 190.0,
        "STATE": " CA",
        "DEPTH": 0,
        "DEATHS": 0.0,
        "DAMAGE": 0.0,
        "MAG": 5.59,
        "MMI": 7,
        "LOCATION": "  Near Gilroy, California",
        "YEAR": 1883.0,
        "MONTH": 3,
        "DAY": 30,
        "HOUR": 15,
        "MINUTE": 45,
        "SECOND": 0.0
      },
      "type": "Feature",
      "crs": null,
      "bbox": null
    },
    {
      "id": "61",
      "geometry": {
        "coordinates": [
          -120.60105869799997,
          40.399898668000048
        ],
        "type": "Point",
        "crs": null,
        "bbox": null
      },
      "properties": {
        "OBJECTID": 191.0,
        "STATE": " CA",
        "DEPTH": 0,
        "DEATHS": 0.0,
        "DAMAGE": 0.0,
        "MAG": 5.69,
        "MMI": 7,
        "LOCATION": "  Near Susanville, California",
        "YEAR": 1885.0,
        "MONTH": 1,
        "DAY": 31,
        "HOUR": 5,
        "MINUTE": 45,
        "SECOND": 0.0
      },
      "type": "Feature",
      "crs": null,
      "bbox": null
    },
    {
      "id": "62",
      "geometry": {
        "coordinates": [
          -121.30104805599996,
          36.699962424000034
        ],
        "type": "Point",
        "crs": null,
        "bbox": null
      },
      "properties": {
        "OBJECTID": 192.0,
        "STATE": " CA",
        "DEPTH": 0,
        "DEATHS": 0.0,
        "DAMAGE": 0.0,
        "MAG": 5.5,
        "MMI": 7,
        "LOCATION": "  South of Hollister",
        "YEAR": 1885.0,
        "MONTH": 3,
        "DAY": 31,
        "HOUR": 7,
        "MINUTE": 56,
        "SECOND": 0.0
      },
      "type": "Feature",
      "crs": null,
      "bbox": null
    },
    {
      "id": "63",
      "geometry": {
        "coordinates": [
          -121.00102241099995,
          36.39996364700005
        ],
        "type": "Point",
        "crs": null,
        "bbox": null
      },
      "properties": {
        "OBJECTID": 193.0,
        "STATE": " CA",
        "DEPTH": 0,
        "DEATHS": 0.0,
        "DAMAGE": 0.0,
        "MAG": 6.19,
        "MMI": 7,
        "LOCATION": "  Southern San Benito County, California",
        "YEAR": 1885.0,
        "MONTH": 4,
        "DAY": 12,
        "HOUR": 4,
        "MINUTE": 5,
        "SECOND": 0.0
      },
      "type": "Feature",
      "crs": null,
      "bbox": null
    },
    {
      "id": "64",
      "geometry": {
        "coordinates": [
          -123.60112006499998,
          39.299892443000033
        ],
        "type": "Point",
        "crs": null,
        "bbox": null
      },
      "properties": {
        "OBJECTID": 194.0,
        "STATE": " CA",
        "DEPTH": 0,
        "DEATHS": 0.0,
        "DAMAGE": 0.0,
        "MAG": 4.9,
        "MMI": 7,
        "LOCATION": "  Near Halfway House, California",
        "YEAR": 1887.0,
        "MONTH": 12,
        "DAY": 3,
        "HOUR": 18,
        "MINUTE": 55,
        "SECOND": 0.0
      },
      "type": "Feature",
      "crs": null,
      "bbox": null
    },
    {
      "id": "65",
      "geometry": {
        "coordinates": [
          -120.70104991899996,
          39.699897627000041
        ],
        "type": "Point",
        "crs": null,
        "bbox": null
      },
      "properties": {
        "OBJECTID": 195.0,
        "STATE": " CA",
        "DEPTH": 0,
        "DEATHS": 0.0,
        "DAMAGE": 0.0,
        "MAG": 5.9,
        "MMI": 7,
        "LOCATION": "  Near Cromberg, California",
        "YEAR": 1888.0,
        "MONTH": 4,
        "DAY": 29,
        "HOUR": 4,
        "MINUTE": 48,
        "SECOND": 0.0
      },
      "type": "Feature",
      "crs": null,
      "bbox": null
    },
    {
      "id": "66",
      "geometry": {
        "coordinates": [
          -122.301086425,
          37.899925408000058
        ],
        "type": "Point",
        "crs": null,
        "bbox": null
      },
      "properties": {
        "OBJECTID": 196.0,
        "STATE": " CA",
        "DEPTH": 0,
        "DEATHS": 0.0,
        "DAMAGE": 0.0,
        "MAG": 4.3,
        "MMI": 7,
        "LOCATION": "  San Francisco Bay area, California",
        "YEAR": 1888.0,
        "MONTH": 11,
        "DAY": 18,
        "HOUR": 22,
        "MINUTE": 28,
        "SECOND": 0.0
      },
      "type": "Feature",
      "crs": null,
      "bbox": null
    },
    {
      "id": "67",
      "geometry": {
        "coordinates": [
          -121.90106955899995,
          37.999920133000046
        ],
        "type": "Point",
        "crs": null,
        "bbox": null
      },
      "properties": {
        "OBJECTID": 197.0,
        "STATE": " CA",
        "DEPTH": 0,
        "DEATHS": 0.0,
        "DAMAGE": 0.0,
        "MAG": 6.0,
        "MMI": 7,
        "LOCATION": "  West of Antioch, California",
        "YEAR": 1889.0,
        "MONTH": 5,
        "DAY": 19,
        "HOUR": 11,
        "MINUTE": 10,
        "SECOND": 0.0
      },
      "type": "Feature",
      "crs": null,
      "bbox": null
    },
    {
      "id": "68",
      "geometry": {
        "coordinates": [
          -120.70106510499994,
          40.499893392000047
        ],
        "type": "Point",
        "crs": null,
        "bbox": null
      },
      "properties": {
        "OBJECTID": 198.0,
        "STATE": " CA",
        "DEPTH": 0,
        "DEATHS": 0.0,
        "DAMAGE": 0.0,
        "MAG": 5.9,
        "MMI": 7,
        "LOCATION": "  North of Susanville, California",
        "YEAR": 1889.0,
        "MONTH": 6,
        "DAY": 20,
        "HOUR": 6,
        "MINUTE": 0,
        "SECOND": 0.0
      },
      "type": "Feature",
      "crs": null,
      "bbox": null
    },
    {
      "id": "69",
      "geometry": {
        "coordinates": [
          -122.20107242499995,
          37.799926594000056
        ],
        "type": "Point",
        "crs": null,
        "bbox": null
      },
      "properties": {
        "OBJECTID": 199.0,
        "STATE": " CA",
        "DEPTH": 0,
        "DEATHS": 0.0,
        "DAMAGE": 0.0,
        "MAG": 5.19,
        "MMI": 7,
        "LOCATION": "  San Francisco Bay area, California",
        "YEAR": 1889.0,
        "MONTH": 7,
        "DAY": 31,
        "HOUR": 12,
        "MINUTE": 47,
        "SECOND": 0.0
      },
      "type": "Feature",
      "crs": null,
      "bbox": null
    },
    {
      "id": "70",
      "geometry": {
        "coordinates": [
          -124.20115675399995,
          40.499854842000047
        ],
        "type": "Point",
        "crs": null,
        "bbox": null
      },
      "properties": {
        "OBJECTID": 200.0,
        "STATE": " CA",
        "DEPTH": 0,
        "DEATHS": 0.0,
        "DAMAGE": 0.0,
        "MAG": 6.0,
        "MMI": 7,
        "LOCATION": "  Near Ferndale, California",
        "YEAR": 1890.0,
        "MONTH": 7,
        "DAY": 26,
        "HOUR": 9,
        "MINUTE": 40,
        "SECOND": 0.0
      },
      "type": "Feature",
      "crs": null,
      "bbox": null
    },
    {
      "id": "71",
      "geometry": {
        "coordinates": [
          -122.60109688399996,
          38.399913634000029
        ],
        "type": "Point",
        "crs": null,
        "bbox": null
      },
      "properties": {
        "OBJECTID": 201.0,
        "STATE": " CA",
        "DEPTH": 0,
        "DEATHS": 0.0,
        "DAMAGE": 0.0,
        "MAG": 5.09,
        "MMI": 7,
        "LOCATION": "  East of Santa Rosa, California",
        "YEAR": 1893.0,
        "MONTH": 8,
        "DAY": 9,
        "HOUR": 9,
        "MINUTE": 15,
        "SECOND": 0.0
      },
      "type": "Feature",
      "crs": null,
      "bbox": null
    },
    {
      "id": "72",
      "geometry": {
        "coordinates": [
          -123.70114107499995,
          40.299865976000035
        ],
        "type": "Point",
        "crs": null,
        "bbox": null
      },
      "properties": {
        "OBJECTID": 202.0,
        "STATE": " CA",
        "DEPTH": 0,
        "DEATHS": 0.0,
        "DAMAGE": 0.0,
        "MAG": 5.8,
        "MMI": 7,
        "LOCATION": "  Southern Humboldt County, California",
        "YEAR": 1894.0,
        "MONTH": 9,
        "DAY": 30,
        "HOUR": 17,
        "MINUTE": 36,
        "SECOND": 0.0
      },
      "type": "Feature",
      "crs": null,
      "bbox": null
    },
    {
      "id": "73",
      "geometry": {
        "coordinates": [
          -121.70105732899998,
          36.899955963000025
        ],
        "type": "Point",
        "crs": null,
        "bbox": null
      },
      "properties": {
        "OBJECTID": 203.0,
        "STATE": " CA",
        "DEPTH": 0,
        "DEATHS": 0.0,
        "DAMAGE": 0.0,
        "MAG": 5.59,
        "MMI": 7,
        "LOCATION": "  Near Watsonville, California",
        "YEAR": 1899.0,
        "MONTH": 4,
        "DAY": 30,
        "HOUR": 22,
        "MINUTE": 41,
        "SECOND": 0.0
      },
      "type": "Feature",
      "crs": null,
      "bbox": null
    },
    {
      "id": "74",
      "geometry": {
        "coordinates": [
          -122.50108346799999,
          37.699931869000068
        ],
        "type": "Point",
        "crs": null,
        "bbox": null
      },
      "properties": {
        "OBJECTID": 204.0,
        "STATE": " CA",
        "DEPTH": 0,
        "DEATHS": 0.0,
        "DAMAGE": 0.0,
        "MAG": 5.4,
        "MMI": 7,
        "LOCATION": "  Near San Francisco, in northern San Mateo County, California",
        "YEAR": 1899.0,
        "MONTH": 6,
        "DAY": 2,
        "HOUR": 7,
        "MINUTE": 19,
        "SECOND": 0.0
      },
      "type": "Feature",
      "crs": null,
      "bbox": null
    },
    {
      "id": "75",
      "geometry": {
        "coordinates": [
          -121.50105269299996,
          37.199943642000051
        ],
        "type": "Point",
        "crs": null,
        "bbox": null
      },
      "properties": {
        "OBJECTID": 205.0,
        "STATE": " CA",
        "DEPTH": 0,
        "DEATHS": 0.0,
        "DAMAGE": 0.0,
        "MAG": 5.8,
        "MMI": 7,
        "LOCATION": "  Northeast of Watsonville, California",
        "YEAR": 1899.0,
        "MONTH": 7,
        "DAY": 6,
        "HOUR": 20,
        "MINUTE": 10,
        "SECOND": 0.0
      },
      "type": "Feature",
      "crs": null,
      "bbox": null
    },
    {
      "id": "76",
      "geometry": {
        "coordinates": [
          -122.70109569799996,
          38.399913634000029
        ],
        "type": "Point",
        "crs": null,
        "bbox": null
      },
      "properties": {
        "OBJECTID": 206.0,
        "STATE": " CA",
        "DEPTH": 0,
        "DEATHS": 0.0,
        "DAMAGE": 0.0,
        "MAG": 0.0,
        "MMI": 7,
        "LOCATION": "  Near Santa Rosa, California",
        "YEAR": 1899.0,
        "MONTH": 10,
        "DAY": 13,
        "HOUR": 5,
        "MINUTE": 0,
        "SECOND": 0.0
      },
      "type": "Feature",
      "crs": null,
      "bbox": null
    },
    {
      "id": "77",
      "geometry": {
        "coordinates": [
          -121.90107715199997,
          38.299911316000077
        ],
        "type": "Point",
        "crs": null,
        "bbox": null
      },
      "properties": {
        "OBJECTID": 207.0,
        "STATE": " CA",
        "DEPTH": 0,
        "DEATHS": 0.0,
        "DAMAGE": 0.0,
        "MAG": 5.4,
        "MMI": 7,
        "LOCATION": "  South of Elmira, California",
        "YEAR": 1902.0,
        "MONTH": 5,
        "DAY": 19,
        "HOUR": 18,
        "MINUTE": 31,
        "SECOND": 0.0
      },
      "type": "Feature",
      "crs": null,
      "bbox": null
    },
    {
      "id": "78",
      "geometry": {
        "coordinates": [
          -120.400993315,
          34.799980293000033
        ],
        "type": "Point",
        "crs": null,
        "bbox": null
      },
      "properties": {
        "OBJECTID": 208.0,
        "STATE": " CA",
        "DEPTH": 0,
        "DEATHS": 0.0,
        "DAMAGE": 0.0,
        "MAG": 5.4,
        "MMI": 7,
        "LOCATION": "  Near Los Alamos, California",
        "YEAR": 1902.0,
        "MONTH": 7,
        "DAY": 28,
        "HOUR": 6,
        "MINUTE": 57,
        "SECOND": 0.0
      },
      "type": "Feature",
      "crs": null,
      "bbox": null
    },
    {
      "id": "79",
      "geometry": {
        "coordinates": [
          -120.400993315,
          34.799980293000033
        ],
        "type": "Point",
        "crs": null,
        "bbox": null
      },
      "properties": {
        "OBJECTID": 209.0,
        "STATE": " CA",
        "DEPTH": 0,
        "DEATHS": 0.0,
        "DAMAGE": 0.0,
        "MAG": 0.0,
        "MMI": 7,
        "LOCATION": "  Near Los Alamos, California",
        "YEAR": 1902.0,
        "MONTH": 12,
        "DAY": 12,
        "HOUR": 0,
        "MINUTE": 0,
        "SECOND": 0.0
      },
      "type": "Feature",
      "crs": null,
      "bbox": null
    },
    {
      "id": "80",
      "geometry": {
        "coordinates": [
          -121.90106955899995,
          37.399940685000047
        ],
        "type": "Point",
        "crs": null,
        "bbox": null
      },
      "properties": {
        "OBJECTID": 210.0,
        "STATE": " CA",
        "DEPTH": 0,
        "DEATHS": 0.0,
        "DAMAGE": 0.0,
        "MAG": 5.8,
        "MMI": 7,
        "LOCATION": "  Near San Jose, California",
        "YEAR": 1903.0,
        "MONTH": 6,
        "DAY": 11,
        "HOUR": 13,
        "MINUTE": 12,
        "SECOND": 0.0
      },
      "type": "Feature",
      "crs": null,
      "bbox": null
    },
    {
      "id": "81",
      "geometry": {
        "coordinates": [
          -122.001083559,
          39.499885397000071
        ],
        "type": "Point",
        "crs": null,
        "bbox": null
      },
      "properties": {
        "OBJECTID": 211.0,
        "STATE": " CA",
        "DEPTH": 0,
        "DEATHS": 0.0,
        "DAMAGE": 0.0,
        "MAG": 4.5,
        "MMI": 7,
        "LOCATION": "  Near Willows, California",
        "YEAR": 1903.0,
        "MONTH": 7,
        "DAY": 24,
        "HOUR": 20,
        "MINUTE": 26,
        "SECOND": 0.0
      },
      "type": "Feature",
      "crs": null,
      "bbox": null
    },
    {
      "id": "82",
      "geometry": {
        "coordinates": [
          -121.80106373699999,
          37.299941871000044
        ],
        "type": "Point",
        "crs": null,
        "bbox": null
      },
      "properties": {
        "OBJECTID": 212.0,
        "STATE": " CA",
        "DEPTH": 0,
        "DEATHS": 0.0,
        "DAMAGE": 0.0,
        "MAG": 5.8,
        "MMI": 7,
        "LOCATION": "  Near San Jose, California",
        "YEAR": 1903.0,
        "MONTH": 8,
        "DAY": 3,
        "HOUR": 6,
        "MINUTE": 49,
        "SECOND": 0.0
      },
      "type": "Feature",
      "crs": null,
      "bbox": null
    },
    {
      "id": "83",
      "geometry": {
        "coordinates": [
          -124.00117489799999,
          40.999847157000033
        ],
        "type": "Point",
        "crs": null,
        "bbox": null
      },
      "properties": {
        "OBJECTID": 213.0,
        "STATE": " CA",
        "DEPTH": 0,
        "DEATHS": 0.0,
        "DAMAGE": 0.0,
        "MAG": 6.4,
        "MMI": 7,
        "LOCATION": "  Near Ferndale, California",
        "YEAR": 1906.0,
        "MONTH": 4,
        "DAY": 23,
        "HOUR": 9,
        "MINUTE": 10,
        "SECOND": 0.0
      },
      "type": "Feature",
      "crs": null,
      "bbox": null
    },
    {
      "id": "84",
      "geometry": {
        "coordinates": [
          -117.10086833499997,
          34.200008440000033
        ],
        "type": "Point",
        "crs": null,
        "bbox": null
      },
      "properties": {
        "OBJECTID": 214.0,
        "STATE": " CA",
        "DEPTH": 0,
        "DEATHS": 0.0,
        "DAMAGE": 0.0,
        "MAG": 5.3,
        "MMI": 7,
        "LOCATION": "  Near San Bernardino, California",
        "YEAR": 1907.0,
        "MONTH": 9,
        "DAY": 20,
        "HOUR": 1,
        "MINUTE": 54,
        "SECOND": 0.0
      },
      "type": "Feature",
      "crs": null,
      "bbox": null
    },
    {
      "id": "85",
      "geometry": {
        "coordinates": [
          -120.30104823899995,
          40.299899854000046
        ],
        "type": "Point",
        "crs": null,
        "bbox": null
      },
      "properties": {
        "OBJECTID": 215.0,
        "STATE": " CA",
        "DEPTH": 0,
        "DEATHS": 0.0,
        "DAMAGE": 0.0,
        "MAG": 0.0,
        "MMI": 7,
        "LOCATION": "  Honey Lake region, California",
        "YEAR": 1908.0,
        "MONTH": 1,
        "DAY": 27,
        "HOUR": 2,
        "MINUTE": 0,
        "SECOND": 0.0
      },
      "type": "Feature",
      "crs": null,
      "bbox": null
    },
    {
      "id": "86",
      "geometry": {
        "coordinates": [
          -124.00116730499997,
          40.799850699000046
        ],
        "type": "Point",
        "crs": null,
        "bbox": null
      },
      "properties": {
        "OBJECTID": 216.0,
        "STATE": " CA",
        "DEPTH": 0,
        "DEATHS": 0.0,
        "DAMAGE": 0.0,
        "MAG": 5.0,
        "MMI": 7,
        "LOCATION": "  Near Eureka, California",
        "YEAR": 1908.0,
        "MONTH": 8,
        "DAY": 18,
        "HOUR": 10,
        "MINUTE": 59,
        "SECOND": 0.0
      },
      "type": "Feature",
      "crs": null,
      "bbox": null
    },
    {
      "id": "87",
      "geometry": {
        "coordinates": [
          -124.00117489799999,
          40.999847157000033
        ],
        "type": "Point",
        "crs": null,
        "bbox": null
      },
      "properties": {
        "OBJECTID": 217.0,
        "STATE": " CA",
        "DEPTH": 0,
        "DEATHS": 0.0,
        "DAMAGE": 0.0,
        "MAG": 0.0,
        "MMI": 7,
        "LOCATION": "  Upper Mattole, California",
        "YEAR": 1909.0,
        "MONTH": 5,
        "DAY": 18,
        "HOUR": 1,
        "MINUTE": 19,
        "SECOND": 0.0
      },
      "type": "Feature",
      "crs": null,
      "bbox": null
    },
    {
      "id": "88",
      "geometry": {
        "coordinates": [
          -120.80105574099997,
          39.399898266000037
        ],
        "type": "Point",
        "crs": null,
        "bbox": null
      },
      "properties": {
        "OBJECTID": 218.0,
        "STATE": " CA",
        "DEPTH": 0,
        "DEATHS": 0.0,
        "DAMAGE": 0.0,
        "MAG": 5.69,
        "MMI": 7,
        "LOCATION": "  South of Downieville, California",
        "YEAR": 1909.0,
        "MONTH": 6,
        "DAY": 23,
        "HOUR": 7,
        "MINUTE": 24,
        "SECOND": 0.0
      },
      "type": "Feature",
      "crs": null,
      "bbox": null
    },
    {
      "id": "89",
      "geometry": {
        "coordinates": [
          -117.40087879499998,
          33.700019629000053
        ],
        "type": "Point",
        "crs": null,
        "bbox": null
      },
      "properties": {
        "OBJECTID": 219.0,
        "STATE": " CA",
        "DEPTH": 0,
        "DEATHS": 0.0,
        "DAMAGE": 0.0,
        "MAG": 6.0,
        "MMI": 7,
        "LOCATION": "  Lake Elsinore region, California",
        "YEAR": 1910.0,
        "MONTH": 5,
        "DAY": 15,
        "HOUR": 15,
        "MINUTE": 47,
        "SECOND": 0.0
      },
      "type": "Feature",
      "crs": null,
      "bbox": null
    },
    {
      "id": "90",
      "geometry": {
        "coordinates": [
          -122.00106837299995,
          37.169944933000068
        ],
        "type": "Point",
        "crs": null,
        "bbox": null
      },
      "properties": {
        "OBJECTID": 220.0,
        "STATE": " CA",
        "DEPTH": 0,
        "DEATHS": 0.0,
        "DAMAGE": 0.0,
        "MAG": 4.69,
        "MMI": 7,
        "LOCATION": "  Santa Clara County, California",
        "YEAR": 1914.0,
        "MONTH": 11,
        "DAY": 9,
        "HOUR": 2,
        "MINUTE": 31,
        "SECOND": 0.0
      },
      "type": "Feature",
      "crs": null,
      "bbox": null
    },
    {
      "id": "91",
      "geometry": {
        "coordinates": [
          -121.83110800499998,
          40.57987982700007
        ],
        "type": "Point",
        "crs": null,
        "bbox": null
      },
      "properties": {
        "OBJECTID": 221.0,
        "STATE": " CA",
        "DEPTH": 0,
        "DEATHS": 0.0,
        "DAMAGE": 0.0,
        "MAG": 0.0,
        "MMI": 7,
        "LOCATION": "  Near Whitmore, California",
        "YEAR": 1915.0,
        "MONTH": 2,
        "DAY": 22,
        "HOUR": 0,
        "MINUTE": 0,
        "SECOND": 0.0
      },
      "type": "Feature",
      "crs": null,
      "bbox": null
    },
    {
      "id": "92",
      "geometry": {
        "coordinates": [
          -121.25103755299995,
          36.669960210000056
        ],
        "type": "Point",
        "crs": null,
        "bbox": null
      },
      "properties": {
        "OBJECTID": 222.0,
        "STATE": " CA",
        "DEPTH": 0,
        "DEATHS": 0.0,
        "DAMAGE": 0.0,
        "MAG": 5.3,
        "MMI": 7,
        "LOCATION": "  Near Paicines, California",
        "YEAR": 1916.0,
        "MONTH": 8,
        "DAY": 6,
        "HOUR": 19,
        "MINUTE": 38,
        "SECOND": 0.0
      },
      "type": "Feature",
      "crs": null,
      "bbox": null
    },
    {
      "id": "93",
      "geometry": {
        "coordinates": [
          -118.90093225899994,
          34.899975019000067
        ],
        "type": "Point",
        "crs": null,
        "bbox": null
      },
      "properties": {
        "OBJECTID": 223.0,
        "STATE": " CA",
        "DEPTH": 0,
        "DEATHS": 0.0,
        "DAMAGE": 0.0,
        "MAG": 6.0,
        "MMI": 7,
        "LOCATION": "  Near Lebec, California",
        "YEAR": 1916.0,
        "MONTH": 10,
        "DAY": 23,
        "HOUR": 2,
        "MINUTE": 44,
        "SECOND": 0.0
      },
      "type": "Feature",
      "crs": null,
      "bbox": null
    },
    {
      "id": "94",
      "geometry": {
        "coordinates": [
          -120.75100726999995,
          35.169971582000073
        ],
        "type": "Point",
        "crs": null,
        "bbox": null
      },
      "properties": {
        "OBJECTID": 224.0,
        "STATE": " CA",
        "DEPTH": 0,
        "DEATHS": 0.0,
        "DAMAGE": 0.0,
        "MAG": 0.0,
        "MMI": 7,
        "LOCATION": "  Near Avila, California",
        "YEAR": 1916.0,
        "MONTH": 12,
        "DAY": 1,
        "HOUR": 22,
        "MINUTE": 53,
        "SECOND": 0.0
      },
      "type": "Feature",
      "crs": null,
      "bbox": null
    },
    {
      "id": "95",
      "geometry": {
        "coordinates": [
          -120.83106204399996,
          39.579898700000058
        ],
        "type": "Point",
        "crs": null,
        "bbox": null
      },
      "properties": {
        "OBJECTID": 225.0,
        "STATE": " CA",
        "DEPTH": 0,
        "DEATHS": 0.0,
        "DAMAGE": 0.0,
        "MAG": 0.0,
        "MMI": 7,
        "LOCATION": "  Downieville, California",
        "YEAR": 1918.0,
        "MONTH": 3,
        "DAY": 12,
        "HOUR": 10,
        "MINUTE": 30,
        "SECOND": 0.0
      },
      "type": "Feature",
      "crs": null,
      "bbox": null
    },
    {
      "id": "96",
      "geometry": {
        "coordinates": [
          -119.00093866499998,
          34.999969744000055
        ],
        "type": "Point",
        "crs": null,
        "bbox": null
      },
      "properties": {
        "OBJECTID": 226.0,
        "STATE": " CA",
        "DEPTH": 0,
        "DEATHS": 0.0,
        "DAMAGE": 0.0,
        "MAG": 5.0,
        "MMI": 7,
        "LOCATION": "  Near Maricopa, California",
        "YEAR": 1919.0,
        "MONTH": 2,
        "DAY": 16,
        "HOUR": 15,
        "MINUTE": 57,
        "SECOND": 0.0
      },
      "type": "Feature",
      "crs": null,
      "bbox": null
    },
    {
      "id": "97",
      "geometry": {
        "coordinates": [
          -124.17117323199994,
          40.82984940800003
        ],
        "type": "Point",
        "crs": null,
        "bbox": null
      },
      "properties": {
        "OBJECTID": 227.0,
        "STATE": " CA",
        "DEPTH": 0,
        "DEATHS": 0.0,
        "DAMAGE": 0.0,
        "MAG": 0.0,
        "MMI": 7,
        "LOCATION": "  Near Eureka, California",
        "YEAR": 1919.0,
        "MONTH": 9,
        "DAY": 15,
        "HOUR": 14,
        "MINUTE": 7,
        "SECOND": 0.0
      },
      "type": "Feature",
      "crs": null,
      "bbox": null
    },
    {
      "id": "98",
      "geometry": {
        "coordinates": [
          -121.83110041299995,
          40.499878206000062
        ],
        "type": "Point",
        "crs": null,
        "bbox": null
      },
      "properties": {
        "OBJECTID": 228.0,
        "STATE": " CA",
        "DEPTH": 0,
        "DEATHS": 0.0,
        "DAMAGE": 0.0,
        "MAG": 0.0,
        "MMI": 7,
        "LOCATION": "  Hot Springs, California",
        "YEAR": 1920.0,
        "MONTH": 7,
        "DAY": 23,
        "HOUR": 3,
        "MINUTE": 55,
        "SECOND": 0.0
      },
      "type": "Feature",
      "crs": null,
      "bbox": null
    },
    {
      "id": "99",
      "geometry": {
        "coordinates": [
          -117.25087765399996,
          34.000015485000063
        ],
        "type": "Point",
        "crs": null,
        "bbox": null
      },
      "properties": {
        "OBJECTID": 229.0,
        "STATE": " CA",
        "DEPTH": 0,
        "DEATHS": 0.0,
        "DAMAGE": 0.0,
        "MAG": 6.25,
        "MMI": 7,
        "LOCATION": "  Near Redlands, California",
        "YEAR": 1923.0,
        "MONTH": 7,
        "DAY": 23,
        "HOUR": 7,
        "MINUTE": 30,
        "SECOND": 26.0
      },
      "type": "Feature",
      "crs": null,
      "bbox": null
    },
    {
      "id": "100",
      "geometry": {
        "coordinates": [
          -119.50095376099995,
          34.499992614000064
        ],
        "type": "Point",
        "crs": null,
        "bbox": null
      },
      "properties": {
        "OBJECTID": 230.0,
        "STATE": " CA",
        "DEPTH": 0,
        "DEATHS": 0.0,
        "DAMAGE": 0.0,
        "MAG": 5.5,
        "MMI": 7,
        "LOCATION": "  Near Santa Barbara, California",
        "YEAR": 1926.0,
        "MONTH": 6,
        "DAY": 29,
        "HOUR": 23,
        "MINUTE": 21,
        "SECOND": 0.0
      },
      "type": "Feature",
      "crs": null,
      "bbox": null
    },
    {
      "id": "101",
      "geometry": {
        "coordinates": [
          -122.35108174299995,
          36.616958538000063
        ],
        "type": "Point",
        "crs": null,
        "bbox": null
      },
      "properties": {
        "OBJECTID": 231.0,
        "STATE": " CA",
        "DEPTH": 0,
        "DEATHS": 0.0,
        "DAMAGE": 0.0,
        "MAG": 6.09,
        "MMI": 7,
        "LOCATION": "  Off the coast of Monterey County, California",
        "YEAR": 1926.0,
        "MONTH": 10,
        "DAY": 22,
        "HOUR": 12,
        "MINUTE": 35,
        "SECOND": 0.0
      },
      "type": "Feature",
      "crs": null,
      "bbox": null
    },
    {
      "id": "102",
      "geometry": {
        "coordinates": [
          -122.18407457699999,
          36.549961283000073
        ],
        "type": "Point",
        "crs": null,
        "bbox": null
      },
      "properties": {
        "OBJECTID": 232.0,
        "STATE": " CA",
        "DEPTH": 0,
        "DEATHS": 0.0,
        "DAMAGE": 0.0,
        "MAG": 6.09,
        "MMI": 7,
        "LOCATION": "  Off the coast of Monterey County, California",
        "YEAR": 1926.0,
        "MONTH": 10,
        "DAY": 22,
        "HOUR": 13,
        "MINUTE": 35,
        "SECOND": 22.0
      },
      "type": "Feature",
      "crs": null,
      "bbox": null
    },
    {
      "id": "103",
      "geometry": {
        "coordinates": [
          -118.04090110699997,
          33.910015268000052
        ],
        "type": "Point",
        "crs": null,
        "bbox": null
      },
      "properties": {
        "OBJECTID": 233.0,
        "STATE": " CA",
        "DEPTH": 13,
        "DEATHS": 0.0,
        "DAMAGE": 0.0,
        "MAG": 4.69,
        "MMI": 7,
        "LOCATION": "  Near Whittier, California",
        "YEAR": 1929.0,
        "MONTH": 7,
        "DAY": 8,
        "HOUR": 16,
        "MINUTE": 46,
        "SECOND": 7.0
      },
      "type": "Feature",
      "crs": null,
      "bbox": null
    },
    {
      "id": "104",
      "geometry": {
        "coordinates": [
          -118.20092771299994,
          36.899932599000067
        ],
        "type": "Point",
        "crs": null,
        "bbox": null
      },
      "properties": {
        "OBJECTID": 234.0,
        "STATE": " CA",
        "DEPTH": 0,
        "DEATHS": 0.0,
        "DAMAGE": 0.0,
        "MAG": 5.5,
        "MMI": 7,
        "LOCATION": "  Southeast of Aberdeen, California",
        "YEAR": 1929.0,
        "MONTH": 11,
        "DAY": 28,
        "HOUR": 19,
        "MINUTE": 49,
        "SECOND": 0.0
      },
      "type": "Feature",
      "crs": null,
      "bbox": null
    },
    {
      "id": "105",
      "geometry": {
        "coordinates": [
          -116.90086369899996,
          34.200008440000033
        ],
        "type": "Point",
        "crs": null,
        "bbox": null
      },
      "properties": {
        "OBJECTID": 235.0,
        "STATE": " CA",
        "DEPTH": 0,
        "DEATHS": 0.0,
        "DAMAGE": 0.0,
        "MAG": 5.25,
        "MMI": 7,
        "LOCATION": "  Near Summit, California",
        "YEAR": 1930.0,
        "MONTH": 1,
        "DAY": 16,
        "HOUR": 0,
        "MINUTE": 24,
        "SECOND": 34.0
      },
      "type": "Feature",
      "crs": null,
      "bbox": null
    },
    {
      "id": "106",
      "geometry": {
        "coordinates": [
          -116.90086369899996,
          34.200008440000033
        ],
        "type": "Point",
        "crs": null,
        "bbox": null
      },
      "properties": {
        "OBJECTID": 236.0,
        "STATE": " CA",
        "DEPTH": 0,
        "DEATHS": 0.0,
        "DAMAGE": 0.0,
        "MAG": 5.09,
        "MMI": 7,
        "LOCATION": "  Near Summit, California",
        "YEAR": 1930.0,
        "MONTH": 1,
        "DAY": 16,
        "HOUR": 0,
        "MINUTE": 34,
        "SECOND": 0.0
      },
      "type": "Feature",
      "crs": null,
      "bbox": null
    },
    {
      "id": "107",
      "geometry": {
        "coordinates": [
          -115.50082423599997,
          33.000041952000061
        ],
        "type": "Point",
        "crs": null,
        "bbox": null
      },
      "properties": {
        "OBJECTID": 237.0,
        "STATE": " CA",
        "DEPTH": 0,
        "DEATHS": 0.0,
        "DAMAGE": 0.0,
        "MAG": 5.0,
        "MMI": 7,
        "LOCATION": "  Near Westmorland, California",
        "YEAR": 1930.0,
        "MONTH": 2,
        "DAY": 26,
        "HOUR": 2,
        "MINUTE": 30,
        "SECOND": 0.0
      },
      "type": "Feature",
      "crs": null,
      "bbox": null
    },
    {
      "id": "108",
      "geometry": {
        "coordinates": [
          -115.50082423599997,
          33.000041952000061
        ],
        "type": "Point",
        "crs": null,
        "bbox": null
      },
      "properties": {
        "OBJECTID": 238.0,
        "STATE": " CA",
        "DEPTH": 0,
        "DEATHS": 0.0,
        "DAMAGE": 0.0,
        "MAG": 4.5,
        "MMI": 7,
        "LOCATION": "  Near Brawley, California",
        "YEAR": 1930.0,
        "MONTH": 3,
        "DAY": 1,
        "HOUR": 23,
        "MINUTE": 44,
        "SECOND": 0.0
      },
      "type": "Feature",
      "crs": null,
      "bbox": null
    },
    {
      "id": "109",
      "geometry": {
        "coordinates": [
          -118.64391319299995,
          34.030006601000025
        ],
        "type": "Point",
        "crs": null,
        "bbox": null
      },
      "properties": {
        "OBJECTID": 239.0,
        "STATE": " CA",
        "DEPTH": 15,
        "DEATHS": 0.0,
        "DAMAGE": 0.0,
        "MAG": 5.25,
        "MMI": 7,
        "LOCATION": "  Santa Monica Bay, west of the Los Angeles Basin, California",
        "YEAR": 1930.0,
        "MONTH": 8,
        "DAY": 31,
        "HOUR": 0,
        "MINUTE": 40,
        "SECOND": 38.0
      },
      "type": "Feature",
      "crs": null,
      "bbox": null
    },
    {
      "id": "110",
      "geometry": {
        "coordinates": [
          -124.17117323199994,
          40.82984940800003
        ],
        "type": "Point",
        "crs": null,
        "bbox": null
      },
      "properties": {
        "OBJECTID": 240.0,
        "STATE": " CA",
        "DEPTH": 0,
        "DEATHS": 0.0,
        "DAMAGE": 0.0,
        "MAG": 5.0,
        "MMI": 7,
        "LOCATION": "  Near Eureka, California",
        "YEAR": 1930.0,
        "MONTH": 9,
        "DAY": 23,
        "HOUR": 2,
        "MINUTE": 56,
        "SECOND": 55.0
      },
      "type": "Feature",
      "crs": null,
      "bbox": null
    },
    {
      "id": "111",
      "geometry": {
        "coordinates": [
          -122.00107596599997,
          37.599933640000074
        ],
        "type": "Point",
        "crs": null,
        "bbox": null
      },
      "properties": {
        "OBJECTID": 241.0,
        "STATE": " CA",
        "DEPTH": 0,
        "DEATHS": 0.0,
        "DAMAGE": 0.0,
        "MAG": 4.5,
        "MMI": 7,
        "LOCATION": "  Near Niles, California",
        "YEAR": 1933.0,
        "MONTH": 5,
        "DAY": 16,
        "HOUR": 11,
        "MINUTE": 45,
        "SECOND": 26.0
      },
      "type": "Feature",
      "crs": null,
      "bbox": null
    },
    {
      "id": "112",
      "geometry": {
        "coordinates": [
          -120.33098620299995,
          35.79996492500004
        ],
        "type": "Point",
        "crs": null,
        "bbox": null
      },
      "properties": {
        "OBJECTID": 242.0,
        "STATE": " CA",
        "DEPTH": 16,
        "DEATHS": 0.0,
        "DAMAGE": 0.0,
        "MAG": 5.0,
        "MMI": 7,
        "LOCATION": "  Near Parkfield, California",
        "YEAR": 1934.0,
        "MONTH": 6,
        "DAY": 8,
        "HOUR": 4,
        "MINUTE": 30,
        "SECOND": 0.0
      },
      "type": "Feature",
      "crs": null,
      "bbox": null
    },
    {
      "id": "113",
      "geometry": {
        "coordinates": [
          -122.20107242499995,
          37.799926594000056
        ],
        "type": "Point",
        "crs": null,
        "bbox": null
      },
      "properties": {
        "OBJECTID": 243.0,
        "STATE": " CA",
        "DEPTH": 0,
        "DEATHS": 0.0,
        "DAMAGE": 0.0,
        "MAG": 4.5,
        "MMI": 7,
        "LOCATION": "  San Francisco Bay region, California",
        "YEAR": 1937.0,
        "MONTH": 3,
        "DAY": 8,
        "HOUR": 10,
        "MINUTE": 31,
        "SECOND": 12.0
      },
      "type": "Feature",
      "crs": null,
      "bbox": null
    },
    {
      "id": "114",
      "geometry": {
        "coordinates": [
          -121.45104978199998,
          36.799957149000079
        ],
        "type": "Point",
        "crs": null,
        "bbox": null
      },
      "properties": {
        "OBJECTID": 244.0,
        "STATE": " CA",
        "DEPTH": 0,
        "DEATHS": 0.0,
        "DAMAGE": 0.0,
        "MAG": 5.5,
        "MMI": 7,
        "LOCATION": "  Southwest of Hollister, California",
        "YEAR": 1939.0,
        "MONTH": 6,
        "DAY": 24,
        "HOUR": 13,
        "MINUTE": 2,
        "SECOND": 6.0
      },
      "type": "Feature",
      "crs": null,
      "bbox": null
    },
    {
      "id": "115",
      "geometry": {
        "coordinates": [
          -121.60108187999998,
          39.999881802000061
        ],
        "type": "Point",
        "crs": null,
        "bbox": null
      },
      "properties": {
        "OBJECTID": 245.0,
        "STATE": " CA",
        "DEPTH": 0,
        "DEATHS": 0.0,
        "DAMAGE": 0.0,
        "MAG": 5.69,
        "MMI": 7,
        "LOCATION": "  North of Paradise, California",
        "YEAR": 1940.0,
        "MONTH": 2,
        "DAY": 8,
        "HOUR": 8,
        "MINUTE": 5,
        "SECOND": 59.0
      },
      "type": "Feature",
      "crs": null,
      "bbox": null
    },
    {
      "id": "116",
      "geometry": {
        "coordinates": [
          -118.21790336499998,
          33.817020378000052
        ],
        "type": "Point",
        "crs": null,
        "bbox": null
      },
      "properties": {
        "OBJECTID": 246.0,
        "STATE": " CA",
        "DEPTH": 16,
        "DEATHS": 0.0,
        "DAMAGE": 0.0,
        "MAG": 4.9,
        "MMI": 7,
        "LOCATION": "  Near Gardena, California",
        "YEAR": 1941.0,
        "MONTH": 10,
        "DAY": 22,
        "HOUR": 6,
        "MINUTE": 57,
        "SECOND": 18.5
      },
      "type": "Feature",
      "crs": null,
      "bbox": null
    },
    {
      "id": "117",
      "geometry": {
        "coordinates": [
          -118.05590834799995,
          35.72494916800008
        ],
        "type": "Point",
        "crs": null,
        "bbox": null
      },
      "properties": {
        "OBJECTID": 247.0,
        "STATE": " CA",
        "DEPTH": 22,
        "DEATHS": 0.0,
        "DAMAGE": 0.0,
        "MAG": 6.05,
        "MMI": 7,
        "LOCATION": "  North of Walker Pass, California",
        "YEAR": 1946.0,
        "MONTH": 3,
        "DAY": 15,
        "HOUR": 13,
        "MINUTE": 49,
        "SECOND": 35.9
      },
      "type": "Feature",
      "crs": null,
      "bbox": null
    },
    {
      "id": "118",
      "geometry": {
        "coordinates": [
          -116.55086493099998,
          34.982986499000049
        ],
        "type": "Point",
        "crs": null,
        "bbox": null
      },
      "properties": {
        "OBJECTID": 248.0,
        "STATE": " CA",
        "DEPTH": 16,
        "DEATHS": 0.0,
        "DAMAGE": 0.0,
        "MAG": 6.51,
        "MMI": 7,
        "LOCATION": "  Near Manix, California",
        "YEAR": 1947.0,
        "MONTH": 4,
        "DAY": 10,
        "HOUR": 15,
        "MINUTE": 58,
        "SECOND": 6.0
      },
      "type": "Feature",
      "crs": null,
      "bbox": null
    },
    {
      "id": "119",
      "geometry": {
        "coordinates": [
          -116.38385017199994,
          33.933010054000079
        ],
        "type": "Point",
        "crs": null,
        "bbox": null
      },
      "properties": {
        "OBJECTID": 249.0,
        "STATE": " CA",
        "DEPTH": 16,
        "DEATHS": 0.0,
        "DAMAGE": 0.0,
        "MAG": 6.5,
        "MMI": 7,
        "LOCATION": "  Near Desert Hot Springs, California",
        "YEAR": 1948.0,
        "MONTH": 12,
        "DAY": 4,
        "HOUR": 23,
        "MINUTE": 43,
        "SECOND": 17.0
      },
      "type": "Feature",
      "crs": null,
      "bbox": null
    },
    {
      "id": "120",
      "geometry": {
        "coordinates": [
          -120.08103940099994,
          39.549907584000039
        ],
        "type": "Point",
        "crs": null,
        "bbox": null
      },
      "properties": {
        "OBJECTID": 250.0,
        "STATE": " CA",
        "DEPTH": 0,
        "DEATHS": 0.0,
        "DAMAGE": 0.0,
        "MAG": 6.0,
        "MMI": 7,
        "LOCATION": "  West of Reno, Nev.",
        "YEAR": 1948.0,
        "MONTH": 12,
        "DAY": 29,
        "HOUR": 12,
        "MINUTE": 53,
        "SECOND": 28.0
      },
      "type": "Feature",
      "crs": null,
      "bbox": null
    },
    {
      "id": "121",
      "geometry": {
        "coordinates": [
          -121.62105570799997,
          36.899955963000025
        ],
        "type": "Point",
        "crs": null,
        "bbox": null
      },
      "properties": {
        "OBJECTID": 251.0,
        "STATE": " CA",
        "DEPTH": 0,
        "DEATHS": 0.0,
        "DAMAGE": 0.0,
        "MAG": 4.5,
        "MMI": 7,
        "LOCATION": "  Near Watsonville, California",
        "YEAR": 1949.0,
        "MONTH": 1,
        "DAY": 1,
        "HOUR": 1,
        "MINUTE": 17,
        "SECOND": 54.0
      },
      "type": "Feature",
      "crs": null,
      "bbox": null
    },
    {
      "id": "122",
      "geometry": {
        "coordinates": [
          -121.48104849099997,
          37.019947296000055
        ],
        "type": "Point",
        "crs": null,
        "bbox": null
      },
      "properties": {
        "OBJECTID": 252.0,
        "STATE": " CA",
        "DEPTH": 0,
        "DEATHS": 0.0,
        "DAMAGE": 0.0,
        "MAG": 5.19,
        "MMI": 7,
        "LOCATION": "  Northwest of Hollister, California",
        "YEAR": 1949.0,
        "MONTH": 3,
        "DAY": 9,
        "HOUR": 12,
        "MINUTE": 28,
        "SECOND": 39.0
      },
      "type": "Feature",
      "crs": null,
      "bbox": null
    },
    {
      "id": "123",
      "geometry": {
        "coordinates": [
          -120.06803912299995,
          40.082904963000033
        ],
        "type": "Point",
        "crs": null,
        "bbox": null
      },
      "properties": {
        "OBJECTID": 253.0,
        "STATE": " CA",
        "DEPTH": 0,
        "DEATHS": 0.0,
        "DAMAGE": 0.0,
        "MAG": 5.59,
        "MMI": 7,
        "LOCATION": "  Near Herlong, California",
        "YEAR": 1950.0,
        "MONTH": 12,
        "DAY": 14,
        "HOUR": 13,
        "MINUTE": 24,
        "SECOND": 19.0
      },
      "type": "Feature",
      "crs": null,
      "bbox": null
    },
    {
      "id": "124",
      "geometry": {
        "coordinates": [
          -115.73383335199998,
          32.983051114000034
        ],
        "type": "Point",
        "crs": null,
        "bbox": null
      },
      "properties": {
        "OBJECTID": 254.0,
        "STATE": " CA",
        "DEPTH": 16,
        "DEATHS": 0.0,
        "DAMAGE": 0.0,
        "MAG": 5.59,
        "MMI": 7,
        "LOCATION": "  Near Westmorland, California",
        "YEAR": 1951.0,
        "MONTH": 1,
        "DAY": 24,
        "HOUR": 7,
        "MINUTE": 17,
        "SECOND": 2.59
      },
      "type": "Feature",
      "crs": null,
      "bbox": null
    },
    {
      "id": "125",
      "geometry": {
        "coordinates": [
          -124.80118584999997,
          40.282859952000081
        ],
        "type": "Point",
        "crs": null,
        "bbox": null
      },
      "properties": {
        "OBJECTID": 255.0,
        "STATE": " CA",
        "DEPTH": 0,
        "DEATHS": 0.0,
        "DAMAGE": 0.0,
        "MAG": 5.8,
        "MMI": 7,
        "LOCATION": "  Off Cape Mendocino, California",
        "YEAR": 1951.0,
        "MONTH": 10,
        "DAY": 8,
        "HOUR": 4,
        "MINUTE": 10,
        "SECOND": 35.0
      },
      "type": "Feature",
      "crs": null,
      "bbox": null
    },
    {
      "id": "126",
      "geometry": {
        "coordinates": [
          -115.40081782899995,
          33.100036677000048
        ],
        "type": "Point",
        "crs": null,
        "bbox": null
      },
      "properties": {
        "OBJECTID": 256.0,
        "STATE": " CA",
        "DEPTH": 16,
        "DEATHS": 0.0,
        "DAMAGE": 0.0,
        "MAG": 4.5,
        "MMI": 7,
        "LOCATION": "  Near Brawley, California",
        "YEAR": 1951.0,
        "MONTH": 12,
        "DAY": 5,
        "HOUR": 15,
        "MINUTE": 53,
        "SECOND": 14.0
      },
      "type": "Feature",
      "crs": null,
      "bbox": null
    },
    {
      "id": "127",
      "geometry": {
        "coordinates": [
          -118.83393091599999,
          34.999969744000055
        ],
        "type": "Point",
        "crs": null,
        "bbox": null
      },
      "properties": {
        "OBJECTID": 257.0,
        "STATE": " CA",
        "DEPTH": 16,
        "DEATHS": 0.0,
        "DAMAGE": 0.0,
        "MAG": 5.4,
        "MMI": 7,
        "LOCATION": "  Kern County, California",
        "YEAR": 1952.0,
        "MONTH": 7,
        "DAY": 23,
        "HOUR": 7,
        "MINUTE": 53,
        "SECOND": 19.0
      },
      "type": "Feature",
      "crs": null,
      "bbox": null
    },
    {
      "id": "128",
      "geometry": {
        "coordinates": [
          -118.81793187599999,
          35.216961129000026
        ],
        "type": "Point",
        "crs": null,
        "bbox": null
      },
      "properties": {
        "OBJECTID": 258.0,
        "STATE": " CA",
        "DEPTH": 16,
        "DEATHS": 0.0,
        "DAMAGE": 0.0,
        "MAG": 5.76,
        "MMI": 7,
        "LOCATION": "  Kern County, California",
        "YEAR": 1952.0,
        "MONTH": 7,
        "DAY": 23,
        "HOUR": 13,
        "MINUTE": 17,
        "SECOND": 5.0
      },
      "type": "Feature",
      "crs": null,
      "bbox": null
    },
    {
      "id": "129",
      "geometry": {
        "coordinates": [
          -118.85092934699998,
          35.382957220000037
        ],
        "type": "Point",
        "crs": null,
        "bbox": null
      },
      "properties": {
        "OBJECTID": 259.0,
        "STATE": " CA",
        "DEPTH": 16,
        "DEATHS": 0.0,
        "DAMAGE": 0.0,
        "MAG": 6.26,
        "MMI": 7,
        "LOCATION": "  Kern County, California",
        "YEAR": 1952.0,
        "MONTH": 7,
        "DAY": 29,
        "HOUR": 7,
        "MINUTE": 3,
        "SECOND": 47.0
      },
      "type": "Feature",
      "crs": null,
      "bbox": null
    },
    {
      "id": "130",
      "geometry": {
        "coordinates": [
          -124.41815923799999,
          40.199859569000068
        ],
        "type": "Point",
        "crs": null,
        "bbox": null
      },
      "properties": {
        "OBJECTID": 260.0,
        "STATE": " CA",
        "DEPTH": 0,
        "DEATHS": 0.0,
        "DAMAGE": 0.0,
        "MAG": 5.19,
        "MMI": 7,
        "LOCATION": "  Southwest of Petrolia, California",
        "YEAR": 1952.0,
        "MONTH": 9,
        "DAY": 22,
        "HOUR": 11,
        "MINUTE": 41,
        "SECOND": 25.0
      },
      "type": "Feature",
      "crs": null,
      "bbox": null
    },
    {
      "id": "131",
      "geometry": {
        "coordinates": [
          -121.14602658999996,
          35.767970935000051
        ],
        "type": "Point",
        "crs": null,
        "bbox": null
      },
      "properties": {
        "OBJECTID": 261.0,
        "STATE": " CA",
        "DEPTH": 10,
        "DEATHS": 0.0,
        "DAMAGE": 0.0,
        "MAG": 6.0,
        "MMI": 7,
        "LOCATION": "  Near Bryson, California",
        "YEAR": 1952.0,
        "MONTH": 11,
        "DAY": 22,
        "HOUR": 7,
        "MINUTE": 46,
        "SECOND": 36.0
      },
      "type": "Feature",
      "crs": null,
      "bbox": null
    },
    {
      "id": "132",
      "geometry": {
        "coordinates": [
          -115.71783431299997,
          32.950050139000041
        ],
        "type": "Point",
        "crs": null,
        "bbox": null
      },
      "properties": {
        "OBJECTID": 262.0,
        "STATE": " CA",
        "DEPTH": 16,
        "DEATHS": 0.0,
        "DAMAGE": 0.0,
        "MAG": 5.5,
        "MMI": 7,
        "LOCATION": "  Brawley area, California",
        "YEAR": 1953.0,
        "MONTH": 6,
        "DAY": 14,
        "HOUR": 4,
        "MINUTE": 17,
        "SECOND": 29.89
      },
      "type": "Feature",
      "crs": null,
      "bbox": null
    },
    {
      "id": "133",
      "geometry": {
        "coordinates": [
          -119.01793651299994,
          34.999969744000055
        ],
        "type": "Point",
        "crs": null,
        "bbox": null
      },
      "properties": {
        "OBJECTID": 263.0,
        "STATE": " CA",
        "DEPTH": 16,
        "DEATHS": 0.0,
        "DAMAGE": 0.0,
        "MAG": 5.9,
        "MMI": 7,
        "LOCATION": "  West of Wheeler Ridge, California",
        "YEAR": 1954.0,
        "MONTH": 1,
        "DAY": 12,
        "HOUR": 23,
        "MINUTE": 33,
        "SECOND": 49.0
      },
      "type": "Feature",
      "crs": null,
      "bbox": null
    },
    {
      "id": "134",
      "geometry": {
        "coordinates": [
          -124.16817447099999,
          40.782848178000052
        ],
        "type": "Point",
        "crs": null,
        "bbox": null
      },
      "properties": {
        "OBJECTID": 264.0,
        "STATE": " CA",
        "DEPTH": 0,
        "DEATHS": 0.0,
        "DAMAGE": 210000.0,
        "MAG": 6.5,
        "MMI": 7,
        "LOCATION": "  Near Eureka-Arcata, California",
        "YEAR": 1954.0,
        "MONTH": 12,
        "DAY": 21,
        "HOUR": 19,
        "MINUTE": 56,
        "SECOND": 24.39
      },
      "type": "Feature",
      "crs": null,
      "bbox": null
    },
    {
      "id": "135",
      "geometry": {
        "coordinates": [
          -121.78405771199999,
          37.366939710000054
        ],
        "type": "Point",
        "crs": null,
        "bbox": null
      },
      "properties": {
        "OBJECTID": 265.0,
        "STATE": " CA",
        "DEPTH": 0,
        "DEATHS": 0.0,
        "DAMAGE": 10000.0,
        "MAG": 5.5,
        "MMI": 7,
        "LOCATION": "  East of San Jose, California",
        "YEAR": 1955.0,
        "MONTH": 9,
        "DAY": 5,
        "HOUR": 2,
        "MINUTE": 1,
        "SECOND": 18.0
      },
      "type": "Feature",
      "crs": null,
      "bbox": null
    },
    {
      "id": "136",
      "geometry": {
        "coordinates": [
          -122.05107887699995,
          37.966922662000059
        ],
        "type": "Point",
        "crs": null,
        "bbox": null
      },
      "properties": {
        "OBJECTID": 266.0,
        "STATE": " CA",
        "DEPTH": 0,
        "DEATHS": 1.0,
        "DAMAGE": 100000.0,
        "MAG": 5.4,
        "MMI": 7,
        "LOCATION": "  Concord-Walnut Creek area, California",
        "YEAR": 1955.0,
        "MONTH": 10,
        "DAY": 24,
        "HOUR": 4,
        "MINUTE": 10,
        "SECOND": 44.0
      },
      "type": "Feature",
      "crs": null,
      "bbox": null
    },
    {
      "id": "137",
      "geometry": {
        "coordinates": [
          -115.50082423599997,
          33.000041952000061
        ],
        "type": "Point",
        "crs": null,
        "bbox": null
      },
      "properties": {
        "OBJECTID": 267.0,
        "STATE": " CA",
        "DEPTH": 16,
        "DEATHS": 0.0,
        "DAMAGE": 0.0,
        "MAG": 5.4,
        "MMI": 7,
        "LOCATION": "  Near Brawley, California",
        "YEAR": 1955.0,
        "MONTH": 12,
        "DAY": 17,
        "HOUR": 6,
        "MINUTE": 7,
        "SECOND": 29.0
      },
      "type": "Feature",
      "crs": null,
      "bbox": null
    },
    {
      "id": "138",
      "geometry": {
        "coordinates": [
          -122.48408503699994,
          37.666934983000033
        ],
        "type": "Point",
        "crs": null,
        "bbox": null
      },
      "properties": {
        "OBJECTID": 268.0,
        "STATE": " CA",
        "DEPTH": 0,
        "DEATHS": 1.0,
        "DAMAGE": 100000.0,
        "MAG": 5.3,
        "MMI": 7,
        "LOCATION": "  West of Daly City, California",
        "YEAR": 1957.0,
        "MONTH": 3,
        "DAY": 22,
        "HOUR": 19,
        "MINUTE": 44,
        "SECOND": 21.0
      },
      "type": "Feature",
      "crs": null,
      "bbox": null
    },
    {
      "id": "139",
      "geometry": {
        "coordinates": [
          -115.80883041799996,
          33.217040931000042
        ],
        "type": "Point",
        "crs": null,
        "bbox": null
      },
      "properties": {
        "OBJECTID": 269.0,
        "STATE": " CA",
        "DEPTH": 0,
        "DEATHS": 0.0,
        "DAMAGE": 0.0,
        "MAG": 5.19,
        "MMI": 7,
        "LOCATION": "  Southwest end of Salton Sea, California",
        "YEAR": 1957.0,
        "MONTH": 4,
        "DAY": 25,
        "HOUR": 21,
        "MINUTE": 57,
        "SECOND": 38.7
      },
      "type": "Feature",
      "crs": null,
      "bbox": null
    },
    {
      "id": "140",
      "geometry": {
        "coordinates": [
          -120.20103482299999,
          39.716903652000042
        ],
        "type": "Point",
        "crs": null,
        "bbox": null
      },
      "properties": {
        "OBJECTID": 270.0,
        "STATE": " CA",
        "DEPTH": 0,
        "DEATHS": 0.0,
        "DAMAGE": 0.0,
        "MAG": 5.59,
        "MMI": 7,
        "LOCATION": "  Northeast of Loyalton, California",
        "YEAR": 1959.0,
        "MONTH": 4,
        "DAY": 1,
        "HOUR": 18,
        "MINUTE": 18,
        "SECOND": 30.0
      },
      "type": "Feature",
      "crs": null,
      "bbox": null
    },
    {
      "id": "141",
      "geometry": {
        "coordinates": [
          -121.30104805599996,
          36.682960488000049
        ],
        "type": "Point",
        "crs": null,
        "bbox": null
      },
      "properties": {
        "OBJECTID": 271.0,
        "STATE": " CA",
        "DEPTH": 0,
        "DEATHS": 0.0,
        "DAMAGE": 2500.0,
        "MAG": 5.59,
        "MMI": 7,
        "LOCATION": "  South of Hollister, California",
        "YEAR": 1961.0,
        "MONTH": 4,
        "DAY": 9,
        "HOUR": 7,
        "MINUTE": 23,
        "SECOND": 16.0
      },
      "type": "Feature",
      "crs": null,
      "bbox": null
    },
    {
      "id": "142",
      "geometry": {
        "coordinates": [
          -121.30104805599996,
          36.682960488000049
        ],
        "type": "Point",
        "crs": null,
        "bbox": null
      },
      "properties": {
        "OBJECTID": 272.0,
        "STATE": " CA",
        "DEPTH": 0,
        "DEATHS": 0.0,
        "DAMAGE": 0.0,
        "MAG": 5.5,
        "MMI": 7,
        "LOCATION": "  South of Hollister, California",
        "YEAR": 1961.0,
        "MONTH": 4,
        "DAY": 9,
        "HOUR": 7,
        "MINUTE": 25,
        "SECOND": 41.0
      },
      "type": "Feature",
      "crs": null,
      "bbox": null
    },
    {
      "id": "143",
      "geometry": {
        "coordinates": [
          -123.09811380199994,
          39.115894439000044
        ],
        "type": "Point",
        "crs": null,
        "bbox": null
      },
      "properties": {
        "OBJECTID": 273.0,
        "STATE": " CA",
        "DEPTH": 10,
        "DEATHS": 0.0,
        "DAMAGE": 0.0,
        "MAG": 5.19,
        "MMI": 7,
        "LOCATION": "  Near Lakeport, California",
        "YEAR": 1962.0,
        "MONTH": 6,
        "DAY": 6,
        "HOUR": 17,
        "MINUTE": 50,
        "SECOND": 7.19
      },
      "type": "Feature",
      "crs": null,
      "bbox": null
    },
    {
      "id": "144",
      "geometry": {
        "coordinates": [
          -121.59805274599995,
          36.889953862000027
        ],
        "type": "Point",
        "crs": null,
        "bbox": null
      },
      "properties": {
        "OBJECTID": 274.0,
        "STATE": " CA",
        "DEPTH": 3,
        "DEATHS": 0.0,
        "DAMAGE": 0.0,
        "MAG": 5.4,
        "MMI": 7,
        "LOCATION": "  Near Watsonville, California",
        "YEAR": 1963.0,
        "MONTH": 9,
        "DAY": 14,
        "HOUR": 19,
        "MINUTE": 46,
        "SECOND": 17.0
      },
      "type": "Feature",
      "crs": null,
      "bbox": null
    },
    {
      "id": "145",
      "geometry": {
        "coordinates": [
          -121.69306160599996,
          37.054947057000049
        ],
        "type": "Point",
        "crs": null,
        "bbox": null
      },
      "properties": {
        "OBJECTID": 275.0,
        "STATE": " CA",
        "DEPTH": 0,
        "DEATHS": 0.0,
        "DAMAGE": 0.0,
        "MAG": 5.0,
        "MMI": 7,
        "LOCATION": "  Near Corralitos, California",
        "YEAR": 1964.0,
        "MONTH": 11,
        "DAY": 16,
        "HOUR": 2,
        "MINUTE": 46,
        "SECOND": 41.7
      },
      "type": "Feature",
      "crs": null,
      "bbox": null
    },
    {
      "id": "146",
      "geometry": {
        "coordinates": [
          -116.503860197,
          34.712993440000048
        ],
        "type": "Point",
        "crs": null,
        "bbox": null
      },
      "properties": {
        "OBJECTID": 276.0,
        "STATE": " CA",
        "DEPTH": 11,
        "DEATHS": 0.0,
        "DAMAGE": 0.0,
        "MAG": 5.19,
        "MMI": 7,
        "LOCATION": "  Southeast of Newberry, California",
        "YEAR": 1965.0,
        "MONTH": 9,
        "DAY": 25,
        "HOUR": 17,
        "MINUTE": 43,
        "SECOND": 44.09
      },
      "type": "Feature",
      "crs": null,
      "bbox": null
    },
    {
      "id": "147",
      "geometry": {
        "coordinates": [
          -120.49899276099995,
          35.954963612000029
        ],
        "type": "Point",
        "crs": null,
        "bbox": null
      },
      "properties": {
        "OBJECTID": 277.0,
        "STATE": " CA",
        "DEPTH": 0,
        "DEATHS": 0.0,
        "DAMAGE": 0.0,
        "MAG": 6.05,
        "MMI": 7,
        "LOCATION": "  Near Parkfield, California",
        "YEAR": 1966.0,
        "MONTH": 6,
        "DAY": 28,
        "HOUR": 4,
        "MINUTE": 26,
        "SECOND": 13.39
      },
      "type": "Feature",
      "crs": null,
      "bbox": null
    },
    {
      "id": "148",
      "geometry": {
        "coordinates": [
          -120.16104102199995,
          39.437907885000072
        ],
        "type": "Point",
        "crs": null,
        "bbox": null
      },
      "properties": {
        "OBJECTID": 278.0,
        "STATE": " CA",
        "DEPTH": 10,
        "DEATHS": 0.0,
        "DAMAGE": 0.0,
        "MAG": 6.0,
        "MMI": 7,
        "LOCATION": "  Near Boca, California",
        "YEAR": 1966.0,
        "MONTH": 9,
        "DAY": 12,
        "HOUR": 16,
        "MINUTE": 41,
        "SECOND": 2.59
      },
      "type": "Feature",
      "crs": null,
      "bbox": null
    },
    {
      "id": "149",
      "geometry": {
        "coordinates": [
          -116.12883748499996,
          33.190040399000054
        ],
        "type": "Point",
        "crs": null,
        "bbox": null
      },
      "properties": {
        "OBJECTID": 279.0,
        "STATE": " CA",
        "DEPTH": 11,
        "DEATHS": 0.0,
        "DAMAGE": 0.0,
        "MAG": 6.46,
        "MMI": 7,
        "LOCATION": "  Borrego Mountain, near Ocotillo Wells, California",
        "YEAR": 1968.0,
        "MONTH": 4,
        "DAY": 9,
        "HOUR": 2,
        "MINUTE": 28,
        "SECOND": 59.09
      },
      "type": "Feature",
      "crs": null,
      "bbox": null
    },
    {
      "id": "150",
      "geometry": {
        "coordinates": [
          -122.72609686099997,
          38.476913574000037
        ],
        "type": "Point",
        "crs": null,
        "bbox": null
      },
      "properties": {
        "OBJECTID": 280.0,
        "STATE": " CA",
        "DEPTH": 8,
        "DEATHS": 0.0,
        "DAMAGE": 0.0,
        "MAG": 4.59,
        "MMI": 7,
        "LOCATION": "  Near Santa Rosa, California",
        "YEAR": 1968.0,
        "MONTH": 4,
        "DAY": 25,
        "HOUR": 19,
        "MINUTE": 49,
        "SECOND": 45.2
      },
      "type": "Feature",
      "crs": null,
      "bbox": null
    },
    {
      "id": "151",
      "geometry": {
        "coordinates": [
          -124.67117314099994,
          40.289855698000054
        ],
        "type": "Point",
        "crs": null,
        "bbox": null
      },
      "properties": {
        "OBJECTID": 281.0,
        "STATE": " CA",
        "DEPTH": 0,
        "DEATHS": 0.0,
        "DAMAGE": 0.0,
        "MAG": 5.9,
        "MMI": 7,
        "LOCATION": "  Near Petrolia, California",
        "YEAR": 1968.0,
        "MONTH": 6,
        "DAY": 26,
        "HOUR": 1,
        "MINUTE": 42,
        "SECOND": 14.6
      },
      "type": "Feature",
      "crs": null,
      "bbox": null
    },
    {
      "id": "152",
      "geometry": {
        "coordinates": [
          -116.34784693099999,
          33.343032707000077
        ],
        "type": "Point",
        "crs": null,
        "bbox": null
      },
      "properties": {
        "OBJECTID": 282.0,
        "STATE": " CA",
        "DEPTH": 20,
        "DEATHS": 0.0,
        "DAMAGE": 0.0,
        "MAG": 5.8,
        "MMI": 7,
        "LOCATION": "  Near Borrego Springs, California",
        "YEAR": 1969.0,
        "MONTH": 4,
        "DAY": 28,
        "HOUR": 23,
        "MINUTE": 20,
        "SECOND": 42.9
      },
      "type": "Feature",
      "crs": null,
      "bbox": null
    },
    {
      "id": "153",
      "geometry": {
        "coordinates": [
          -117.54088601299998,
          34.270004455000048
        ],
        "type": "Point",
        "crs": null,
        "bbox": null
      },
      "properties": {
        "OBJECTID": 283.0,
        "STATE": " CA",
        "DEPTH": 8,
        "DEATHS": 0.0,
        "DAMAGE": 0.0,
        "MAG": 5.4,
        "MMI": 7,
        "LOCATION": "  Lytle Creek area, California",
        "YEAR": 1970.0,
        "MONTH": 9,
        "DAY": 12,
        "HOUR": 14,
        "MINUTE": 30,
        "SECOND": 53.0
      },
      "type": "Feature",
      "crs": null,
      "bbox": null
    },
    {
      "id": "154",
      "geometry": {
        "coordinates": [
          -118.51591503999998,
          34.285000013000058
        ],
        "type": "Point",
        "crs": null,
        "bbox": null
      },
      "properties": {
        "OBJECTID": 284.0,
        "STATE": " CA",
        "DEPTH": 2,
        "DEATHS": 0.0,
        "DAMAGE": 0.0,
        "MAG": 4.59,
        "MMI": 7,
        "LOCATION": "  Near San Fernando, California",
        "YEAR": 1971.0,
        "MONTH": 3,
        "DAY": 31,
        "HOUR": 14,
        "MINUTE": 52,
        "SECOND": 22.5
      },
      "type": "Feature",
      "crs": null,
      "bbox": null
    },
    {
      "id": "155",
      "geometry": {
        "coordinates": [
          -119.03993248999996,
          34.099006729000052
        ],
        "type": "Point",
        "crs": null,
        "bbox": null
      },
      "properties": {
        "OBJECTID": 285.0,
        "STATE": " CA",
        "DEPTH": 17,
        "DEATHS": 0.0,
        "DAMAGE": 100000.0,
        "MAG": 5.9,
        "MMI": 7,
        "LOCATION": "  Off the coast of Ventura County, near Point Mugu, California",
        "YEAR": 1973.0,
        "MONTH": 2,
        "DAY": 21,
        "HOUR": 14,
        "MINUTE": 45,
        "SECOND": 57.2
      },
      "type": "Feature",
      "crs": null,
      "bbox": null
    },
    {
      "id": "156",
      "geometry": {
        "coordinates": [
          -116.49085232599998,
          34.516994551000039
        ],
        "type": "Point",
        "crs": null,
        "bbox": null
      },
      "properties": {
        "OBJECTID": 286.0,
        "STATE": " CA",
        "DEPTH": 1,
        "DEATHS": 0.0,
        "DAMAGE": 0.0,
        "MAG": 5.0,
        "MMI": 7,
        "LOCATION": "  Galway Lake area, California",
        "YEAR": 1975.0,
        "MONTH": 6,
        "DAY": 1,
        "HOUR": 1,
        "MINUTE": 38,
        "SECOND": 48.79
      },
      "type": "Feature",
      "crs": null,
      "bbox": null
    },
    {
      "id": "157",
      "geometry": {
        "coordinates": [
          -124.28816989299997,
          40.537849275000042
        ],
        "type": "Point",
        "crs": null,
        "bbox": null
      },
      "properties": {
        "OBJECTID": 287.0,
        "STATE": " CA",
        "DEPTH": 22,
        "DEATHS": 0.0,
        "DAMAGE": 0.0,
        "MAG": 5.3,
        "MMI": 7,
        "LOCATION": "  Near Fontuna, California",
        "YEAR": 1975.0,
        "MONTH": 6,
        "DAY": 7,
        "HOUR": 8,
        "MINUTE": 46,
        "SECOND": 23.2
      },
      "type": "Feature",
      "crs": null,
      "bbox": null
    },
    {
      "id": "158",
      "geometry": {
        "coordinates": [
          -123.27412426099994,
          39.402885345000072
        ],
        "type": "Point",
        "crs": null,
        "bbox": null
      },
      "properties": {
        "OBJECTID": 288.0,
        "STATE": " CA",
        "DEPTH": 18,
        "DEATHS": 0.0,
        "DAMAGE": 0.0,
        "MAG": 4.82,
        "MMI": 7,
        "LOCATION": "  Near Willits, California",
        "YEAR": 1977.0,
        "MONTH": 11,
        "DAY": 22,
        "HOUR": 21,
        "MINUTE": 15,
        "SECOND": 53.9
      },
      "type": "Feature",
      "crs": null,
      "bbox": null
    },
    {
      "id": "159",
      "geometry": {
        "coordinates": [
          -119.68296816599997,
          34.396995624000056
        ],
        "type": "Point",
        "crs": null,
        "bbox": null
      },
      "properties": {
        "OBJECTID": 289.0,
        "STATE": " CA",
        "DEPTH": 13,
        "DEATHS": 0.0,
        "DAMAGE": 1200000.0,
        "MAG": 5.78,
        "MMI": 7,
        "LOCATION": "  Near Goleta, California",
        "YEAR": 1978.0,
        "MONTH": 8,
        "DAY": 13,
        "HOUR": 22,
        "MINUTE": 54,
        "SECOND": 52.79
      },
      "type": "Feature",
      "crs": null,
      "bbox": null
    },
    {
      "id": "160",
      "geometry": {
        "coordinates": [
          -124.41918199499997,
          40.922843714000066
        ],
        "type": "Point",
        "crs": null,
        "bbox": null
      },
      "properties": {
        "OBJECTID": 290.0,
        "STATE": " CA",
        "DEPTH": 22,
        "DEATHS": 0.0,
        "DAMAGE": 0.0,
        "MAG": 5.19,
        "MMI": 7,
        "LOCATION": "  Off the coast of Humboldt County, California",
        "YEAR": 1979.0,
        "MONTH": 2,
        "DAY": 3,
        "HOUR": 9,
        "MINUTE": 58,
        "SECOND": 16.0
      },
      "type": "Feature",
      "crs": null,
      "bbox": null
    },
    {
      "id": "161",
      "geometry": {
        "coordinates": [
          -116.44484698399998,
          34.325000824000028
        ],
        "type": "Point",
        "crs": null,
        "bbox": null
      },
      "properties": {
        "OBJECTID": 291.0,
        "STATE": " CA",
        "DEPTH": 1,
        "DEATHS": 0.0,
        "DAMAGE": 0.0,
        "MAG": 5.51,
        "MMI": 7,
        "LOCATION": "  Near Landers, California",
        "YEAR": 1979.0,
        "MONTH": 3,
        "DAY": 15,
        "HOUR": 21,
        "MINUTE": 7,
        "SECOND": 16.5
      },
      "type": "Feature",
      "crs": null,
      "bbox": null
    },
    {
      "id": "162",
      "geometry": {
        "coordinates": [
          -121.50405145399998,
          37.10194419700008
        ],
        "type": "Point",
        "crs": null,
        "bbox": null
      },
      "properties": {
        "OBJECTID": 292.0,
        "STATE": " CA",
        "DEPTH": 6,
        "DEATHS": 0.0,
        "DAMAGE": 50000.0,
        "MAG": 5.9,
        "MMI": 7,
        "LOCATION": "  Near Gilroy, California",
        "YEAR": 1979.0,
        "MONTH": 8,
        "DAY": 6,
        "HOUR": 17,
        "MINUTE": 5,
        "SECOND": 22.7
      },
      "type": "Feature",
      "crs": null,
      "bbox": null
    },
    {
      "id": "163",
      "geometry": {
        "coordinates": [
          -121.81706978499994,
          37.854922963000035
        ],
        "type": "Point",
        "crs": null,
        "bbox": null
      },
      "properties": {
        "OBJECTID": 293.0,
        "STATE": " CA",
        "DEPTH": 12,
        "DEATHS": 0.0,
        "DAMAGE": 1150000.0,
        "MAG": 5.8,
        "MMI": 7,
        "LOCATION": "  North of Livermore Valley, California",
        "YEAR": 1980.0,
        "MONTH": 1,
        "DAY": 24,
        "HOUR": 19,
        "MINUTE": 0,
        "SECOND": 9.5
      },
      "type": "Feature",
      "crs": null,
      "bbox": null
    },
    {
      "id": "164",
      "geometry": {
        "coordinates": [
          -121.74105813999995,
          37.736926910000079
        ],
        "type": "Point",
        "crs": null,
        "bbox": null
      },
      "properties": {
        "OBJECTID": 294.0,
        "STATE": " CA",
        "DEPTH": 15,
        "DEATHS": 0.0,
        "DAMAGE": 0.0,
        "MAG": 5.4,
        "MMI": 7,
        "LOCATION": "  Near Livermore, California",
        "YEAR": 1980.0,
        "MONTH": 1,
        "DAY": 27,
        "HOUR": 2,
        "MINUTE": 33,
        "SECOND": 36.0
      },
      "type": "Feature",
      "crs": null,
      "bbox": null
    },
    {
      "id": "165",
      "geometry": {
        "coordinates": [
          -118.84796154299994,
          37.589935043000025
        ],
        "type": "Point",
        "crs": null,
        "bbox": null
      },
      "properties": {
        "OBJECTID": 295.0,
        "STATE": " CA",
        "DEPTH": 8,
        "DEATHS": 0.0,
        "DAMAGE": 150000.0,
        "MAG": 6.21,
        "MMI": 7,
        "LOCATION": "  Mammoth Lakes area, California",
        "YEAR": 1980.0,
        "MONTH": 5,
        "DAY": 25,
        "HOUR": 16,
        "MINUTE": 33,
        "SECOND": 44.2
      },
      "type": "Feature",
      "crs": null,
      "bbox": null
    },
    {
      "id": "166",
      "geometry": {
        "coordinates": [
          -118.84296399699997,
          37.544933182000079
        ],
        "type": "Point",
        "crs": null,
        "bbox": null
      },
      "properties": {
        "OBJECTID": 296.0,
        "STATE": " CA",
        "DEPTH": 13,
        "DEATHS": 0.0,
        "DAMAGE": 150000.0,
        "MAG": 6.09,
        "MMI": 7,
        "LOCATION": "  Mammoth Lakes area, California",
        "YEAR": 1980.0,
        "MONTH": 5,
        "DAY": 25,
        "HOUR": 19,
        "MINUTE": 44,
        "SECOND": 51.0
      },
      "type": "Feature",
      "crs": null,
      "bbox": null
    },
    {
      "id": "167",
      "geometry": {
        "coordinates": [
          -124.25418062299997,
          41.116844403000073
        ],
        "type": "Point",
        "crs": null,
        "bbox": null
      },
      "properties": {
        "OBJECTID": 297.0,
        "STATE": " CA",
        "DEPTH": 19,
        "DEATHS": 0.0,
        "DAMAGE": 200000.0,
        "MAG": 7.23,
        "MMI": 7,
        "LOCATION": "  Off the coast of Humboldt County, California",
        "YEAR": 1980.0,
        "MONTH": 11,
        "DAY": 8,
        "HOUR": 10,
        "MINUTE": 27,
        "SECOND": 34.0
      },
      "type": "Feature",
      "crs": null,
      "bbox": null
    },
    {
      "id": "168",
      "geometry": {
        "coordinates": [
          -115.61882028899998,
          33.098041396000042
        ],
        "type": "Point",
        "crs": null,
        "bbox": null
      },
      "properties": {
        "OBJECTID": 298.0,
        "STATE": " CA",
        "DEPTH": 2,
        "DEATHS": 0.0,
        "DAMAGE": 300000.0,
        "MAG": 5.9,
        "MMI": 7,
        "LOCATION": "  Near Westmorland, California",
        "YEAR": 1981.0,
        "MONTH": 4,
        "DAY": 26,
        "HOUR": 12,
        "MINUTE": 9,
        "SECOND": 28.39
      },
      "type": "Feature",
      "crs": null,
      "bbox": null
    },
    {
      "id": "169",
      "geometry": {
        "coordinates": [
          -121.27603929899999,
          36.809959251000066
        ],
        "type": "Point",
        "crs": null,
        "bbox": null
      },
      "properties": {
        "OBJECTID": 299.0,
        "STATE": " CA",
        "DEPTH": 7,
        "DEATHS": 0.0,
        "DAMAGE": 80000.0,
        "MAG": 5.48,
        "MMI": 7,
        "LOCATION": "  Near Paicines, California",
        "YEAR": 1986.0,
        "MONTH": 1,
        "DAY": 26,
        "HOUR": 19,
        "MINUTE": 20,
        "SECOND": 51.2
      },
      "type": "Feature",
      "crs": null,
      "bbox": null
    },
    {
      "id": "170",
      "geometry": {
        "coordinates": [
          -116.60684959499997,
          33.999012004000065
        ],
        "type": "Point",
        "crs": null,
        "bbox": null
      },
      "properties": {
        "OBJECTID": 300.0,
        "STATE": " CA",
        "DEPTH": 12,
        "DEATHS": 0.0,
        "DAMAGE": 600000.0,
        "MAG": 6.19,
        "MMI": 7,
        "LOCATION": "  Near North Palm Springs, California",
        "YEAR": 1986.0,
        "MONTH": 7,
        "DAY": 8,
        "HOUR": 9,
        "MINUTE": 20,
        "SECOND": 44.5
      },
      "type": "Feature",
      "crs": null,
      "bbox": null
    },
    {
      "id": "171",
      "geometry": {
        "coordinates": [
          -124.44416797199995,
          40.371856688000037
        ],
        "type": "Point",
        "crs": null,
        "bbox": null
      },
      "properties": {
        "OBJECTID": 301.0,
        "STATE": " CA",
        "DEPTH": 15,
        "DEATHS": 0.0,
        "DAMAGE": 0.0,
        "MAG": 5.13,
        "MMI": 7,
        "LOCATION": "  Near Petrolia, California",
        "YEAR": 1986.0,
        "MONTH": 11,
        "DAY": 21,
        "HOUR": 23,
        "MINUTE": 33,
        "SECOND": 1.7
      },
      "type": "Feature",
      "crs": null,
      "bbox": null
    },
    {
      "id": "172",
      "geometry": {
        "coordinates": [
          -118.09889974199996,
          34.07401257500004
        ],
        "type": "Point",
        "crs": null,
        "bbox": null
      },
      "properties": {
        "OBJECTID": 302.0,
        "STATE": " CA",
        "DEPTH": 8,
        "DEATHS": 1.0,
        "DAMAGE": 0.0,
        "MAG": 5.21,
        "MMI": 7,
        "LOCATION": "  Near Whittier Narrows, California",
        "YEAR": 1987.0,
        "MONTH": 10,
        "DAY": 4,
        "HOUR": 10,
        "MINUTE": 59,
        "SECOND": 38.2
      },
      "type": "Feature",
      "crs": null,
      "bbox": null
    },
    {
      "id": "173",
      "geometry": {
        "coordinates": [
          -115.83883671999996,
          33.013049823000074
        ],
        "type": "Point",
        "crs": null,
        "bbox": null
      },
      "properties": {
        "OBJECTID": 303.0,
        "STATE": " CA",
        "DEPTH": 2,
        "DEATHS": 0.0,
        "DAMAGE": 300000.0,
        "MAG": 6.51,
        "MMI": 7,
        "LOCATION": "  West of Westmorland, California",
        "YEAR": 1987.0,
        "MONTH": 11,
        "DAY": 24,
        "HOUR": 13,
        "MINUTE": 15,
        "SECOND": 56.5
      },
      "type": "Feature",
      "crs": null,
      "bbox": null
    },
    {
      "id": "174",
      "geometry": {
        "coordinates": [
          -121.95307183999995,
          37.129947627000035
        ],
        "type": "Point",
        "crs": null,
        "bbox": null
      },
      "properties": {
        "OBJECTID": 304.0,
        "STATE": " CA",
        "DEPTH": 15,
        "DEATHS": 1.0,
        "DAMAGE": 0.0,
        "MAG": 5.4,
        "MMI": 7,
        "LOCATION": "  Near Redwood Estates, California",
        "YEAR": 1989.0,
        "MONTH": 8,
        "DAY": 8,
        "HOUR": 8,
        "MINUTE": 13,
        "SECOND": 27.5
      },
      "type": "Feature",
      "crs": null,
      "bbox": null
    },
    {
      "id": "175",
      "geometry": {
        "coordinates": [
          -124.31117227099998,
          40.740848583000059
        ],
        "type": "Point",
        "crs": null,
        "bbox": null
      },
      "properties": {
        "OBJECTID": 305.0,
        "STATE": " CA",
        "DEPTH": 23,
        "DEATHS": 0.0,
        "DAMAGE": 0.0,
        "MAG": 7.09,
        "MMI": 7,
        "LOCATION": "  Off coast of Northern California",
        "YEAR": 1994.0,
        "MONTH": 12,
        "DAY": 26,
        "HOUR": 14,
        "MINUTE": 10,
        "SECOND": 29.12
      },
      "type": "Feature",
      "crs": null,
      "bbox": null
    },
    {
      "id": "176",
      "geometry": {
        "coordinates": [
          -128.00137334699997,
          43.49982041700008
        ],
        "type": "Point",
        "crs": null,
        "bbox": null
      },
      "properties": {
        "OBJECTID": 393.0,
        "STATE": " OR",
        "DEPTH": 0,
        "DEATHS": 0.0,
        "DAMAGE": 0.0,
        "MAG": 5.5,
        "MMI": 7,
        "LOCATION": " ",
        "YEAR": 1947.0,
        "MONTH": 9,
        "DAY": 22,
        "HOUR": 2,
        "MINUTE": 16,
        "SECOND": 1.0
      },
      "type": "Feature",
      "crs": null,
      "bbox": null
    },
    {
      "id": "177",
      "geometry": {
        "coordinates": [
          -124.31117227099998,
          40.740848583000059
        ],
        "type": "Point",
        "crs": null,
        "bbox": null
      },
      "properties": {
        "OBJECTID": 423.0,
        "STATE": " CA",
        "DEPTH": 23,
        "DEATHS": 0.0,
        "DAMAGE": 210000.0,
        "MAG": 5.5,
        "MMI": 7,
        "LOCATION": "  Eureka, California",
        "YEAR": 1994.0,
        "MONTH": 12,
        "DAY": 26,
        "HOUR": 14,
        "MINUTE": 10,
        "SECOND": 29.1
      },
      "type": "Feature",
      "crs": null,
      "bbox": null
    },
    {
      "id": "178",
      "geometry": {
        "coordinates": [
          -124.13915237399999,
          40.231861152000079
        ],
        "type": "Point",
        "crs": null,
        "bbox": null
      },
      "properties": {
        "OBJECTID": 428.0,
        "STATE": " CA",
        "DEPTH": 2,
        "DEATHS": 0.0,
        "DAMAGE": 0.0,
        "MAG": 5.5,
        "MMI": 7,
        "LOCATION": "  Near Coast Of Northern Calif.",
        "YEAR": 1990.0,
        "MONTH": 1,
        "DAY": 16,
        "HOUR": 20,
        "MINUTE": 8,
        "SECOND": 22.0
      },
      "type": "Feature",
      "crs": null,
      "bbox": null
    },
    {
      "id": "179",
      "geometry": {
        "coordinates": [
          -117.70088983799997,
          34.140006932000063
        ],
        "type": "Point",
        "crs": null,
        "bbox": null
      },
      "properties": {
        "OBJECTID": 429.0,
        "STATE": " CA",
        "DEPTH": 5,
        "DEATHS": 0.0,
        "DAMAGE": 1270000.0,
        "MAG": 5.5,
        "MMI": 7,
        "LOCATION": "  Southern California",
        "YEAR": 1990.0,
        "MONTH": 2,
        "DAY": 28,
        "HOUR": 23,
        "MINUTE": 43,
        "SECOND": 36.59
      },
      "type": "Feature",
      "crs": null,
      "bbox": null
    },
    {
      "id": "180",
      "geometry": {
        "coordinates": [
          -118.00289908199994,
          34.262004643000068
        ],
        "type": "Point",
        "crs": null,
        "bbox": null
      },
      "properties": {
        "OBJECTID": 430.0,
        "STATE": " CA",
        "DEPTH": 11,
        "DEATHS": 2.0,
        "DAMAGE": 3350000.0,
        "MAG": 5.8,
        "MMI": 7,
        "LOCATION": "  Southern California",
        "YEAR": 1991.0,
        "MONTH": 6,
        "DAY": 28,
        "HOUR": 14,
        "MINUTE": 43,
        "SECOND": 54.5
      },
      "type": "Feature",
      "crs": null,
      "bbox": null
    },
    {
      "id": "181",
      "geometry": {
        "coordinates": [
          -124.34915911099995,
          40.234859329000074
        ],
        "type": "Point",
        "crs": null,
        "bbox": null
      },
      "properties": {
        "OBJECTID": 431.0,
        "STATE": " CA",
        "DEPTH": 12,
        "DEATHS": 0.0,
        "DAMAGE": 0.0,
        "MAG": 7.09,
        "MMI": 7,
        "LOCATION": "  Near Coast Northern California",
        "YEAR": 1991.0,
        "MONTH": 8,
        "DAY": 17,
        "HOUR": 19,
        "MINUTE": 29,
        "SECOND": 40.0
      },
      "type": "Feature",
      "crs": null,
      "bbox": null
    },
    {
      "id": "182",
      "geometry": {
        "coordinates": [
          -116.31884002099997,
          33.961009979000039
        ],
        "type": "Point",
        "crs": null,
        "bbox": null
      },
      "properties": {
        "OBJECTID": 432.0,
        "STATE": " CA",
        "DEPTH": 12,
        "DEATHS": 0.0,
        "DAMAGE": 0.0,
        "MAG": 6.3,
        "MMI": 7,
        "LOCATION": "  Southern California",
        "YEAR": 1992.0,
        "MONTH": 4,
        "DAY": 23,
        "HOUR": 4,
        "MINUTE": 50,
        "SECOND": 23.21
      },
      "type": "Feature",
      "crs": null,
      "bbox": null
    },
    {
      "id": "183",
      "geometry": {
        "coordinates": [
          -120.00102259299996,
          39.249908222000045
        ],
        "type": "Point",
        "crs": null,
        "bbox": null
      },
      "properties": {
        "OBJECTID": 699.0,
        "STATE": " NV",
        "DEPTH": 0,
        "DEATHS": 0.0,
        "DAMAGE": 0.0,
        "MAG": 4.3,
        "MMI": 6,
        "LOCATION": "  Near Lake Tahoe, Nevada",
        "YEAR": 1930.0,
        "MONTH": 4,
        "DAY": 9,
        "HOUR": 21,
        "MINUTE": 56,
        "SECOND": 47.0
      },
      "type": "Feature",
      "crs": null,
      "bbox": null
    },
    {
      "id": "184",
      "geometry": {
        "coordinates": [
          -118.93097711099995,
          38.249920087000078
        ],
        "type": "Point",
        "crs": null,
        "bbox": null
      },
      "properties": {
        "OBJECTID": 711.0,
        "STATE": " NV",
        "DEPTH": 0,
        "DEATHS": 0.0,
        "DAMAGE": 0.0,
        "MAG": 5.0,
        "MMI": 6,
        "LOCATION": "  Near Hawthorne, Nevada",
        "YEAR": 1956.0,
        "MONTH": 12,
        "DAY": 31,
        "HOUR": 17,
        "MINUTE": 37,
        "SECOND": 45.0
      },
      "type": "Feature",
      "crs": null,
      "bbox": null
    },
    {
      "id": "185",
      "geometry": {
        "coordinates": [
          -118.97097792199998,
          38.279914708000035
        ],
        "type": "Point",
        "crs": null,
        "bbox": null
      },
      "properties": {
        "OBJECTID": 712.0,
        "STATE": " NV",
        "DEPTH": 0,
        "DEATHS": 0.0,
        "DAMAGE": 0.0,
        "MAG": 5.09,
        "MMI": 6,
        "LOCATION": "  Near Hawthorne, Nevada",
        "YEAR": 1956.0,
        "MONTH": 12,
        "DAY": 31,
        "HOUR": 17,
        "MINUTE": 39,
        "SECOND": 24.0
      },
      "type": "Feature",
      "crs": null,
      "bbox": null
    },
    {
      "id": "186",
      "geometry": {
        "coordinates": [
          -121.32403583299998,
          35.827964850000058
        ],
        "type": "Point",
        "crs": null,
        "bbox": null
      },
      "properties": {
        "OBJECTID": 945.0,
        "STATE": " CA",
        "DEPTH": 8,
        "DEATHS": 0.0,
        "DAMAGE": 0.0,
        "MAG": 0.0,
        "MMI": 6,
        "LOCATION": "  Central California",
        "YEAR": 1991.0,
        "MONTH": 9,
        "DAY": 17,
        "HOUR": 21,
        "MINUTE": 10,
        "SECOND": 29.29
      },
      "type": "Feature",
      "crs": null,
      "bbox": null
    },
    {
      "id": "187",
      "geometry": {
        "coordinates": [
          -124.29116047699995,
          40.227859494000029
        ],
        "type": "Point",
        "crs": null,
        "bbox": null
      },
      "properties": {
        "OBJECTID": 948.0,
        "STATE": " CA",
        "DEPTH": 13,
        "DEATHS": 0.0,
        "DAMAGE": 0.0,
        "MAG": 0.0,
        "MMI": 6,
        "LOCATION": " ",
        "YEAR": 1992.0,
        "MONTH": 3,
        "DAY": 8,
        "HOUR": 3,
        "MINUTE": 43,
        "SECOND": 4.4
      },
      "type": "Feature",
      "crs": null,
      "bbox": null
    },
    {
      "id": "188",
      "geometry": {
        "coordinates": [
          -116.31984700599998,
          34.582992412000067
        ],
        "type": "Point",
        "crs": null,
        "bbox": null
      },
      "properties": {
        "OBJECTID": 949.0,
        "STATE": " CA",
        "DEPTH": 0,
        "DEATHS": 0.0,
        "DAMAGE": 0.0,
        "MAG": 0.0,
        "MMI": 6,
        "LOCATION": " ",
        "YEAR": 1992.0,
        "MONTH": 7,
        "DAY": 5,
        "HOUR": 21,
        "MINUTE": 18,
        "SECOND": 27.13
      },
      "type": "Feature",
      "crs": null,
      "bbox": null
    },
    {
      "id": "189",
      "geometry": {
        "coordinates": [
          -116.83785992599997,
          34.239005769000073
        ],
        "type": "Point",
        "crs": null,
        "bbox": null
      },
      "properties": {
        "OBJECTID": 950.0,
        "STATE": " CA",
        "DEPTH": 0,
        "DEATHS": 0.0,
        "DAMAGE": 0.0,
        "MAG": 0.0,
        "MMI": 6,
        "LOCATION": " ",
        "YEAR": 1992.0,
        "MONTH": 7,
        "DAY": 9,
        "HOUR": 1,
        "MINUTE": 43,
        "SECOND": 57.59
      },
      "type": "Feature",
      "crs": null,
      "bbox": null
    },
    {
      "id": "190",
      "geometry": {
        "coordinates": [
          -116.38784774199996,
          34.054008373000045
        ],
        "type": "Point",
        "crs": null,
        "bbox": null
      },
      "properties": {
        "OBJECTID": 951.0,
        "STATE": " CA",
        "DEPTH": 1,
        "DEATHS": 0.0,
        "DAMAGE": 0.0,
        "MAG": 0.0,
        "MMI": 6,
        "LOCATION": " ",
        "YEAR": 1992.0,
        "MONTH": 9,
        "DAY": 16,
        "HOUR": 12,
        "MINUTE": 27,
        "SECOND": 22.02
      },
      "type": "Feature",
      "crs": null,
      "bbox": null
    },
    {
      "id": "191",
      "geometry": {
        "coordinates": [
          -116.90087129299997,
          34.340003975000059
        ],
        "type": "Point",
        "crs": null,
        "bbox": null
      },
      "properties": {
        "OBJECTID": 952.0,
        "STATE": " CA",
        "DEPTH": 1,
        "DEATHS": 0.0,
        "DAMAGE": 0.0,
        "MAG": 0.0,
        "MMI": 6,
        "LOCATION": " ",
        "YEAR": 1992.0,
        "MONTH": 11,
        "DAY": 27,
        "HOUR": 16,
        "MINUTE": 0,
        "SECOND": 57.47
      },
      "type": "Feature",
      "crs": null,
      "bbox": null
    },
    {
      "id": "192",
      "geometry": {
        "coordinates": [
          -120.00102259299996,
          39.299907630000064
        ],
        "type": "Point",
        "crs": null,
        "bbox": null
      },
      "properties": {
        "OBJECTID": 996.0,
        "STATE": " NV",
        "DEPTH": 0,
        "DEATHS": 0.0,
        "DAMAGE": 0.0,
        "MAG": 6.0,
        "MMI": 5,
        "LOCATION": " ",
        "YEAR": 1857.0,
        "MONTH": 9,
        "DAY": 3,
        "HOUR": 3,
        "MINUTE": 5,
        "SECOND": 0.0
      },
      "type": "Feature",
      "crs": null,
      "bbox": null
    },
    {
      "id": "193",
      "geometry": {
        "coordinates": [
          -120.00101499999994,
          38.99990826800007
        ],
        "type": "Point",
        "crs": null,
        "bbox": null
      },
      "properties": {
        "OBJECTID": 997.0,
        "STATE": " NV",
        "DEPTH": 0,
        "DEATHS": 0.0,
        "DAMAGE": 0.0,
        "MAG": 4.5,
        "MMI": 5,
        "LOCATION": " ",
        "YEAR": 1888.0,
        "MONTH": 1,
        "DAY": 30,
        "HOUR": 6,
        "MINUTE": 35,
        "SECOND": 0.0
      },
      "type": "Feature",
      "crs": null,
      "bbox": null
    },
    {
      "id": "194",
      "geometry": {
        "coordinates": [
          -120.00105296699996,
          41.249896761000059
        ],
        "type": "Point",
        "crs": null,
        "bbox": null
      },
      "properties": {
        "OBJECTID": 1009.0,
        "STATE": " NV",
        "DEPTH": 0,
        "DEATHS": 0.0,
        "DAMAGE": 0.0,
        "MAG": 5.25,
        "MMI": 5,
        "LOCATION": " ",
        "YEAR": 1937.0,
        "MONTH": 6,
        "DAY": 18,
        "HOUR": 9,
        "MINUTE": 7,
        "SECOND": 26.0
      },
      "type": "Feature",
      "crs": null,
      "bbox": null
    },
    {
      "id": "195",
      "geometry": {
        "coordinates": [
          -126.10127264399995,
          42.749832236000032
        ],
        "type": "Point",
        "crs": null,
        "bbox": null
      },
      "properties": {
        "OBJECTID": 1046.0,
        "STATE": " OR",
        "DEPTH": 0,
        "DEATHS": 0.0,
        "DAMAGE": 0.0,
        "MAG": 6.0,
        "MMI": 5,
        "LOCATION": " ",
        "YEAR": 1938.0,
        "MONTH": 5,
        "DAY": 28,
        "HOUR": 10,
        "MINUTE": 14,
        "SECOND": 1.0
      },
      "type": "Feature",
      "crs": null,
      "bbox": null
    },
    {
      "id": "196",
      "geometry": {
        "coordinates": [
          -125.64225015799997,
          42.181839186000047
        ],
        "type": "Point",
        "crs": null,
        "bbox": null
      },
      "properties": {
        "OBJECTID": 1200.0,
        "STATE": " OR",
        "DEPTH": 0,
        "DEATHS": 0.0,
        "DAMAGE": 0.0,
        "MAG": 0.0,
        "MMI": 5,
        "LOCATION": "  Off Coast Of Oregon",
        "YEAR": 1991.0,
        "MONTH": 7,
        "DAY": 13,
        "HOUR": 2,
        "MINUTE": 50,
        "SECOND": 14.6
      },
      "type": "Feature",
      "crs": null,
      "bbox": null
    },
    {
      "id": "197",
      "geometry": {
        "coordinates": [
          -119.82097601499999,
          36.669948528000077
        ],
        "type": "Point",
        "crs": null,
        "bbox": null
      },
      "properties": {
        "OBJECTID": 1205.0,
        "STATE": " NV",
        "DEPTH": 10,
        "DEATHS": 0.0,
        "DAMAGE": 0.0,
        "MAG": 0.0,
        "MMI": 5,
        "LOCATION": "  Nevada",
        "YEAR": 1992.0,
        "MONTH": 4,
        "DAY": 6,
        "HOUR": 4,
        "MINUTE": 1,
        "SECOND": 29.0
      },
      "type": "Feature",
      "crs": null,
      "bbox": null
    },
    {
      "id": "198",
      "geometry": {
        "coordinates": [
          -118.40091716299997,
          34.411994686000071
        ],
        "type": "Point",
        "crs": null,
        "bbox": null
      },
      "properties": {
        "OBJECTID": 8.0,
        "STATE": " CA",
        "DEPTH": 8,
        "DEATHS": 65.0,
        "DAMAGE": 50500000.0,
        "MAG": 6.61,
        "MMI": 11,
        "LOCATION": "  North of San Fernando, California",
        "YEAR": 1971.0,
        "MONTH": 2,
        "DAY": 9,
        "HOUR": 14,
        "MINUTE": 0,
        "SECOND": 41.79
      },
      "type": "Feature",
      "crs": null,
      "bbox": null
    },
    {
      "id": "199",
      "geometry": {
        "coordinates": [
          -118.10092189099998,
          36.699932051000076
        ],
        "type": "Point",
        "crs": null,
        "bbox": null
      },
      "properties": {
        "OBJECTID": 13.0,
        "STATE": " CA",
        "DEPTH": 0,
        "DEATHS": 27.0,
        "DAMAGE": 25000.0,
        "MAG": 7.75,
        "MMI": 10,
        "LOCATION": "  Owens Valley, near Lone Pine, California",
        "YEAR": 1872.0,
        "MONTH": 3,
        "DAY": 26,
        "HOUR": 10,
        "MINUTE": 30,
        "SECOND": 0.0
      },
      "type": "Feature",
      "crs": null,
      "bbox": null
    },
    {
      "id": "200",
      "geometry": {
        "coordinates": [
          -115.50083182899999,
          32.73305875300008
        ],
        "type": "Point",
        "crs": null,
        "bbox": null
      },
      "properties": {
        "OBJECTID": 14.0,
        "STATE": " CA",
        "DEPTH": 16,
        "DEATHS": 9.0,
        "DAMAGE": 600000.0,
        "MAG": 7.09,
        "MMI": 10,
        "LOCATION": "  Imperial Valley, near El Centro, California",
        "YEAR": 1940.0,
        "MONTH": 5,
        "DAY": 19,
        "HOUR": 4,
        "MINUTE": 36,
        "SECOND": 40.9
      },
      "type": "Feature",
      "crs": null,
      "bbox": null
    },
    {
      "id": "201",
      "geometry": {
        "coordinates": [
          -120.30098749199999,
          35.699966695000057
        ],
        "type": "Point",
        "crs": null,
        "bbox": null
      },
      "properties": {
        "OBJECTID": 26.0,
        "STATE": " CA",
        "DEPTH": 0,
        "DEATHS": 1.0,
        "DAMAGE": 0.0,
        "MAG": 7.92,
        "MMI": 9,
        "LOCATION": "  Near Fort Tejon, California",
        "YEAR": 1857.0,
        "MONTH": 1,
        "DAY": 9,
        "HOUR": 16,
        "MINUTE": 24,
        "SECOND": 0.0
      },
      "type": "Feature",
      "crs": null,
      "bbox": null
    },
    {
      "id": "202",
      "geometry": {
        "coordinates": [
          -122.10107419499997,
          37.699931869000068
        ],
        "type": "Point",
        "crs": null,
        "bbox": null
      },
      "properties": {
        "OBJECTID": 27.0,
        "STATE": " CA",
        "DEPTH": 0,
        "DEATHS": 30.0,
        "DAMAGE": 35000.0,
        "MAG": 6.8,
        "MMI": 9,
        "LOCATION": "  Near Hayward, California",
        "YEAR": 1868.0,
        "MONTH": 10,
        "DAY": 21,
        "HOUR": 15,
        "MINUTE": 53,
        "SECOND": 0.0
      },
      "type": "Feature",
      "crs": null,
      "bbox": null
    },
    {
      "id": "203",
      "geometry": {
        "coordinates": [
          -118.50095394299996,
          37.499931322000066
        ],
        "type": "Point",
        "crs": null,
        "bbox": null
      },
      "properties": {
        "OBJECTID": 28.0,
        "STATE": " CA",
        "DEPTH": 0,
        "DEATHS": 0.0,
        "DAMAGE": 0.0,
        "MAG": 6.59,
        "MMI": 9,
        "LOCATION": "  Near Round Valley, California",
        "YEAR": 1872.0,
        "MONTH": 4,
        "DAY": 11,
        "HOUR": 19,
        "MINUTE": 0,
        "SECOND": 0.0
      },
      "type": "Feature",
      "crs": null,
      "bbox": null
    },
    {
      "id": "204",
      "geometry": {
        "coordinates": [
          -122.00107596599997,
          38.399910129000034
        ],
        "type": "Point",
        "crs": null,
        "bbox": null
      },
      "properties": {
        "OBJECTID": 29.0,
        "STATE": " CA",
        "DEPTH": 0,
        "DEATHS": 1.0,
        "DAMAGE": 22500.0,
        "MAG": 6.4,
        "MMI": 9,
        "LOCATION": "  Near Vacaville, California",
        "YEAR": 1892.0,
        "MONTH": 4,
        "DAY": 19,
        "HOUR": 10,
        "MINUTE": 50,
        "SECOND": 0.0
      },
      "type": "Feature",
      "crs": null,
      "bbox": null
    },
    {
      "id": "205",
      "geometry": {
        "coordinates": [
          -121.90107715199997,
          38.499908359000074
        ],
        "type": "Point",
        "crs": null,
        "bbox": null
      },
      "properties": {
        "OBJECTID": 30.0,
        "STATE": " CA",
        "DEPTH": 0,
        "DEATHS": 0.0,
        "DAMAGE": 0.0,
        "MAG": 6.19,
        "MMI": 9,
        "LOCATION": "  Near Winters, California",
        "YEAR": 1892.0,
        "MONTH": 4,
        "DAY": 21,
        "HOUR": 17,
        "MINUTE": 43,
        "SECOND": 0.0
      },
      "type": "Feature",
      "crs": null,
      "bbox": null
    },
    {
      "id": "206",
      "geometry": {
        "coordinates": [
          -117.00086192899994,
          33.800018443000056
        ],
        "type": "Point",
        "crs": null,
        "bbox": null
      },
      "properties": {
        "OBJECTID": 31.0,
        "STATE": " CA",
        "DEPTH": 0,
        "DEATHS": 0.0,
        "DAMAGE": 5000.0,
        "MAG": 6.73,
        "MMI": 9,
        "LOCATION": "  Hemet-San Jacinto, California",
        "YEAR": 1899.0,
        "MONTH": 12,
        "DAY": 25,
        "HOUR": 12,
        "MINUTE": 25,
        "SECOND": 0.0
      },
      "type": "Feature",
      "crs": null,
      "bbox": null
    },
    {
      "id": "207",
      "geometry": {
        "coordinates": [
          -117.00085433599998,
          33.750019035000037
        ],
        "type": "Point",
        "crs": null,
        "bbox": null
      },
      "properties": {
        "OBJECTID": 32.0,
        "STATE": " CA",
        "DEPTH": 0,
        "DEATHS": 1.0,
        "DAMAGE": 20000.0,
        "MAG": 6.73,
        "MMI": 9,
        "LOCATION": "  Near San Jacinto, California",
        "YEAR": 1918.0,
        "MONTH": 4,
        "DAY": 21,
        "HOUR": 22,
        "MINUTE": 32,
        "SECOND": 25.0
      },
      "type": "Feature",
      "crs": null,
      "bbox": null
    },
    {
      "id": "208",
      "geometry": {
        "coordinates": [
          -120.25097640399997,
          35.749965518000067
        ],
        "type": "Point",
        "crs": null,
        "bbox": null
      },
      "properties": {
        "OBJECTID": 33.0,
        "STATE": " CA",
        "DEPTH": 0,
        "DEATHS": 0.0,
        "DAMAGE": 0.0,
        "MAG": 6.5,
        "MMI": 9,
        "LOCATION": "  Cholame Valley area, California",
        "YEAR": 1922.0,
        "MONTH": 3,
        "DAY": 10,
        "HOUR": 11,
        "MINUTE": 21,
        "SECOND": 20.0
      },
      "type": "Feature",
      "crs": null,
      "bbox": null
    },
    {
      "id": "209",
      "geometry": {
        "coordinates": [
          -119.80097181299999,
          34.299999076000063
        ],
        "type": "Point",
        "crs": null,
        "bbox": null
      },
      "properties": {
        "OBJECTID": 34.0,
        "STATE": " CA",
        "DEPTH": 0,
        "DEATHS": 13.0,
        "DAMAGE": 800000.0,
        "MAG": 6.82,
        "MMI": 9,
        "LOCATION": "  Near Santa Barbara, in the Santa Barbara Channel, California",
        "YEAR": 1925.0,
        "MONTH": 6,
        "DAY": 29,
        "HOUR": 14,
        "MINUTE": 42,
        "SECOND": 16.0
      },
      "type": "Feature",
      "crs": null,
      "bbox": null
    },
    {
      "id": "210",
      "geometry": {
        "coordinates": [
          -115.48382580399999,
          32.766056223000078
        ],
        "type": "Point",
        "crs": null,
        "bbox": null
      },
      "properties": {
        "OBJECTID": 35.0,
        "STATE": " CA",
        "DEPTH": 16,
        "DEATHS": 9.0,
        "DAMAGE": 600000.0,
        "MAG": 5.5,
        "MMI": 9,
        "LOCATION": "  Imperial Valley, near El Centro, California",
        "YEAR": 1940.0,
        "MONTH": 5,
        "DAY": 19,
        "HOUR": 5,
        "MINUTE": 51,
        "SECOND": 34.0
      },
      "type": "Feature",
      "crs": null,
      "bbox": null
    },
    {
      "id": "211",
      "geometry": {
        "coordinates": [
          -121.88407112799996,
          37.035949840000058
        ],
        "type": "Point",
        "crs": null,
        "bbox": null
      },
      "properties": {
        "OBJECTID": 37.0,
        "STATE": " CA",
        "DEPTH": 19,
        "DEATHS": 63.0,
        "DAMAGE": 600000000.0,
        "MAG": 7.17,
        "MMI": 9,
        "LOCATION": "  Northeast of Santa Cruz and about 7 km south of Loma Prieta",
        "YEAR": 1989.0,
        "MONTH": 10,
        "DAY": 18,
        "HOUR": 0,
        "MINUTE": 4,
        "SECOND": 15.19
      },
      "type": "Feature",
      "crs": null,
      "bbox": null
    },
    {
      "id": "212",
      "geometry": {
        "coordinates": [
          -116.43684366699995,
          34.201003743000058
        ],
        "type": "Point",
        "crs": null,
        "bbox": null
      },
      "properties": {
        "OBJECTID": 38.0,
        "STATE": " CA",
        "DEPTH": 1,
        "DEATHS": 3.0,
        "DAMAGE": 9200000.0,
        "MAG": 7.59,
        "MMI": 9,
        "LOCATION": "  Landers, California",
        "YEAR": 1992.0,
        "MONTH": 6,
        "DAY": 28,
        "HOUR": 11,
        "MINUTE": 57,
        "SECOND": 34.11
      },
      "type": "Feature",
      "crs": null,
      "bbox": null
    },
    {
      "id": "213",
      "geometry": {
        "coordinates": [
          -118.53791802599994,
          34.213005213000031
        ],
        "type": "Point",
        "crs": null,
        "bbox": null
      },
      "properties": {
        "OBJECTID": 49.0,
        "STATE": " CA",
        "DEPTH": 18,
        "DEATHS": 60.0,
        "DAMAGE": 2000000000.0,
        "MAG": 6.8,
        "MMI": 9,
        "LOCATION": "  Northridge, California",
        "YEAR": 1994.0,
        "MONTH": 1,
        "DAY": 17,
        "HOUR": 12,
        "MINUTE": 30,
        "SECOND": 55.29
      },
      "type": "Feature",
      "crs": null,
      "bbox": null
    },
    {
      "id": "214",
      "geometry": {
        "coordinates": [
          -116.43684366699995,
          34.201003743000058
        ],
        "type": "Point",
        "crs": null,
        "bbox": null
      },
      "properties": {
        "OBJECTID": 51.0,
        "STATE": " CA",
        "DEPTH": 0,
        "DEATHS": 300.0,
        "DAMAGE": 0.0,
        "MAG": 0.0,
        "MMI": 9,
        "LOCATION": "  Southern California",
        "YEAR": 1992.0,
        "MONTH": 6,
        "DAY": 28,
        "HOUR": 11,
        "MINUTE": 57,
        "SECOND": 34.09
      },
      "type": "Feature",
      "crs": null,
      "bbox": null
    },
    {
      "id": "215",
      "geometry": {
        "coordinates": [
          -117.80089565999998,
          33.900016672000049
        ],
        "type": "Point",
        "crs": null,
        "bbox": null
      },
      "properties": {
        "OBJECTID": 62.0,
        "STATE": " CA",
        "DEPTH": 0,
        "DEATHS": 0.0,
        "DAMAGE": 0.0,
        "MAG": 6.0,
        "MMI": 8,
        "LOCATION": "  Los Angeles region, California",
        "YEAR": 1769.0,
        "MONTH": 7,
        "DAY": 28,
        "HOUR": 0,
        "MINUTE": 0,
        "SECOND": 0.0
      },
      "type": "Feature",
      "crs": null,
      "bbox": null
    },
    {
      "id": "216",
      "geometry": {
        "coordinates": [
          -122.50108346799999,
          37.799926594000056
        ],
        "type": "Point",
        "crs": null,
        "bbox": null
      },
      "properties": {
        "OBJECTID": 63.0,
        "STATE": " CA",
        "DEPTH": 0,
        "DEATHS": 0.0,
        "DAMAGE": 0.0,
        "MAG": 6.0,
        "MMI": 8,
        "LOCATION": "  San Francisco, California",
        "YEAR": 1808.0,
        "MONTH": 6,
        "DAY": 21,
        "HOUR": 0,
        "MINUTE": 0,
        "SECOND": 0.0
      },
      "type": "Feature",
      "crs": null,
      "bbox": null
    },
    {
      "id": "217",
      "geometry": {
        "coordinates": [
          -117.65089393599999,
          34.369999180000036
        ],
        "type": "Point",
        "crs": null,
        "bbox": null
      },
      "properties": {
        "OBJECTID": 64.0,
        "STATE": " CA",
        "DEPTH": 0,
        "DEATHS": 40.0,
        "DAMAGE": 0.0,
        "MAG": 6.9,
        "MMI": 8,
        "LOCATION": "  Southwest San Bernardino County, California",
        "YEAR": 1812.0,
        "MONTH": 12,
        "DAY": 8,
        "HOUR": 15,
        "MINUTE": 0,
        "SECOND": 0.0
      },
      "type": "Feature",
      "crs": null,
      "bbox": null
    },
    {
      "id": "218",
      "geometry": {
        "coordinates": [
          -119.90097062699999,
          34.20000084600008
        ],
        "type": "Point",
        "crs": null,
        "bbox": null
      },
      "properties": {
        "OBJECTID": 65.0,
        "STATE": " CA",
        "DEPTH": 0,
        "DEATHS": 1.0,
        "DAMAGE": 0.0,
        "MAG": 7.09,
        "MMI": 8,
        "LOCATION": "  West of Ventura in Santa Barbara Channel, California",
        "YEAR": 1812.0,
        "MONTH": 12,
        "DAY": 21,
        "HOUR": 19,
        "MINUTE": 0,
        "SECOND": 0.0
      },
      "type": "Feature",
      "crs": null,
      "bbox": null
    },
    {
      "id": "219",
      "geometry": {
        "coordinates": [
          -122.20107242499995,
          37.799926594000056
        ],
        "type": "Point",
        "crs": null,
        "bbox": null
      },
      "properties": {
        "OBJECTID": 66.0,
        "STATE": " CA",
        "DEPTH": 0,
        "DEATHS": 0.0,
        "DAMAGE": 0.0,
        "MAG": 6.8,
        "MMI": 8,
        "LOCATION": "  San Francisco Bay area, California",
        "YEAR": 1836.0,
        "MONTH": 6,
        "DAY": 10,
        "HOUR": 15,
        "MINUTE": 30,
        "SECOND": 0.0
      },
      "type": "Feature",
      "crs": null,
      "bbox": null
    },
    {
      "id": "220",
      "geometry": {
        "coordinates": [
          -122.40108465399999,
          37.599933640000074
        ],
        "type": "Point",
        "crs": null,
        "bbox": null
      },
      "properties": {
        "OBJECTID": 67.0,
        "STATE": " CA",
        "DEPTH": 0,
        "DEATHS": 0.0,
        "DAMAGE": 0.0,
        "MAG": 7.0,
        "MMI": 8,
        "LOCATION": "  San Francisco area, California",
        "YEAR": 1838.0,
        "MONTH": 6,
        "DAY": 0,
        "HOUR": 0,
        "MINUTE": 0,
        "SECOND": 0.0
      },
      "type": "Feature",
      "crs": null,
      "bbox": null
    },
    {
      "id": "221",
      "geometry": {
        "coordinates": [
          -118.10089852699997,
          34.100006122000025
        ],
        "type": "Point",
        "crs": null,
        "bbox": null
      },
      "properties": {
        "OBJECTID": 68.0,
        "STATE": " CA",
        "DEPTH": 0,
        "DEATHS": 0.0,
        "DAMAGE": 0.0,
        "MAG": 6.0,
        "MMI": 8,
        "LOCATION": "  Near San Gabriel, California",
        "YEAR": 1855.0,
        "MONTH": 7,
        "DAY": 11,
        "HOUR": 4,
        "MINUTE": 15,
        "SECOND": 0.0
      },
      "type": "Feature",
      "crs": null,
      "bbox": null
    }
  ],
  "type": "FeatureCollection",
  "crs": null,
  "bbox": null
}
]]></text>
                              </contents>
                            </body>
                          </stream>
                        </streams>
                        <attachments />
                      </testLog>
                    </testStepRun>
                  </children>
                  <result assertCount="0" duration="2.5717771">
                    <outcome status="passed" />
                  </result>
                  <testLog>
                    <streams />
                    <attachments />
                  </testLog>
                </testStepRun>
                <testStepRun startTime="2012-05-01T21:57:10.0210352+10:00" endTime="2012-05-01T21:57:21.106976+10:00">
                  <testStep id="892b821bb56e7ea8" name="ExportGeoRSS_AtomFormat_Layer" fullName="GPX.Server.Extension.Tests/MockServerTest/ExportGeoRSS_AtomFormat_Layer" testId="3321bbe20b4d2ea" isPrimary="true" isTestCase="false" isDynamic="false">
                    <codeReference assembly="GPX.Server.Extension.Tests, Version=1.0.0.0, Culture=neutral, PublicKeyToken=null" namespace="GPX.Server.Extension.Tests" type="GPX.Server.Extension.Tests.MockServerTest" member="ExportGeoRSS_AtomFormat_Layer" />
                    <codeLocation path="C:\Git\arcgis-exporter-extension\GPX.Server.Extension.Tests\MockServerTest.cs" line="152" />
                    <metadata>
                      <entry key="TestKind">
                        <value>Test</value>
                      </entry>
                    </metadata>
                  </testStep>
                  <children>
                    <testStepRun startTime="2012-05-01T21:57:10.0310496+10:00" endTime="2012-05-01T21:57:13.1855856+10:00">
                      <testStep id="53e3013095cb3002" name="ExportGeoRSS_AtomFormat_Layer(&quot;&quot;, &quot;ExportLayers/7&quot;, &quot;ExportLayer&quot;, &quot;{\&quot;filterGeometry\&quot;:null,\&quot;geometryType\&quot;:null,\&quot;where\&quot;:null,\&quot;exportProperties\&quot;:{\&quot;Title\&quot;:\&quot;Californian Rivers\&quot;,\&quot;ID\&quot;:\&quot;Feed Id\&quot;,\&quot;Language\&quot;:\&quot;en-us\&quot;,\&quot;CopyRight\&quot;:\&quot;Copyright 2011\&quot;,\&quot;Generator\&quot;:\&quot;http://www.mapbutcher.com\&quot;,\&quot;Description\&quot;:\&quot;A GeoRSS format of Californian Rivers\&quot;,\&quot;Link\&quot;:{\&quot;BaseUri\&quot;:null,\&quot;Length\&quot;:0,\&quot;MediaType\&quot;:null,\&quot;RelationshipType\&quot;:null,\&quot;Title\&quot;:\&quot;Mapbutcher\&quot;,\&quot;Uri\&quot;:\&quot;http://www.mapbutcher.com\&quot;},\&quot;Author\&quot;:{\&quot;Email\&quot;:\&quot;mapbutcher@mapbutcher.com\&quot;,\&quot;Name\&quot;:\&quot;Simon\&quot;,\&quot;Uri\&quot;:\&quot;http://www.mapbutcher.com\&quot;},\&quot;GeometryFormat\&quot;:\&quot;GML\&quot;,\&quot;GeometryField\&quot;:\&quot;Shape\&quot;,\&quot;FeedFormat\&quot;:\&quot;Atom\&quot;,\&quot;Items\&quot;:[{\&quot;Key\&quot;:\&quot;Author\&quot;,\&quot;Value\&quot;:{\&quot;PostCondition\&quot;:null,\&quot;PreConditon\&quot;:null,\&quot;MappedContent\&quot;:null,\&quot;MappedContentAlias\&quot;:null,\&quot;FixedContent\&quot;:\&quot;Simon Hope\&quot;,\&quot;MappedContentDelimeter\&quot;:null,\&quot;AutoGenerate\&quot;:false}},{\&quot;Key\&quot;:\&quot;Content\&quot;,\&quot;Value\&quot;:{\&quot;PostCondition\&quot;:null,\&quot;PreConditon\&quot;:null,\&quot;MappedContent\&quot;:null,\&quot;MappedContentAlias\&quot;:null,\&quot;FixedContent\&quot;:null,\&quot;MappedContentDelimeter\&quot;:null,\&quot;AutoGenerate\&quot;:false}},{\&quot;Key\&quot;:\&quot;Contributors\&quot;,\&quot;Value\&quot;:{\&quot;PostCondition\&quot;:null,\&quot;PreConditon\&quot;:null,\&quot;MappedContent\&quot;:null,\&quot;MappedContentAlias\&quot;:null,\&quot;FixedContent\&quot;:\&quot;mapbutcher@mapbutcher.com\&quot;,\&quot;MappedContentDelimeter\&quot;:null,\&quot;AutoGenerate\&quot;:false}},{\&quot;Key\&quot;:\&quot;Copyright\&quot;,\&quot;Value\&quot;:{\&quot;PostCondition\&quot;:null,\&quot;PreConditon\&quot;:null,\&quot;MappedContent\&quot;:null,\&quot;MappedContentAlias\&quot;:null,\&quot;FixedContent\&quot;:\&quot;Copyright 2011\&quot;,\&quot;MappedContentDelimeter\&quot;:null,\&quot;AutoGenerate\&quot;:false}},{\&quot;Key\&quot;:\&quot;Id\&quot;,\&quot;Value\&quot;:{\&quot;PostCondition\&quot;:null,\&quot;PreConditon\&quot;:null,\&quot;MappedContent\&quot;:\&quot;UFI\&quot;,\&quot;MappedContentAlias\&quot;:null,\&quot;FixedContent\&quot;:null,\&quot;MappedContentDelimeter\&quot;:null,\&quot;AutoGenerate\&quot;:true}},{\&quot;Key\&quot;:\&quot;LastUpdatedTime\&quot;,\&quot;Value\&quot;:{\&quot;PostCondition\&quot;:null,\&quot;PreConditon\&quot;:null,\&quot;MappedContent\&quot;:null,\&quot;MappedContentAlias\&quot;:null,\&quot;FixedContent\&quot;:null,\&quot;MappedContentDelimeter\&quot;:null,\&quot;AutoGenerate\&quot;:false}},{\&quot;Key\&quot;:\&quot;Links\&quot;,\&quot;Value\&quot;:{\&quot;PostCondition\&quot;:null,\&quot;PreConditon\&quot;:null,\&quot;MappedContent\&quot;:null,\&quot;MappedContentAlias\&quot;:null,\&quot;FixedContent\&quot;:\&quot;http://www.mapbutcher.com\&quot;,\&quot;MappedContentDelimeter\&quot;:null,\&quot;AutoGenerate\&quot;:false}},{\&quot;Key\&quot;:\&quot;PublishDate\&quot;,\&quot;Value\&quot;:{\&quot;PostCondition\&quot;:null,\&quot;PreConditon\&quot;:null,\&quot;MappedContent\&quot;:null,\&quot;MappedContentAlias\&quot;:null,\&quot;FixedContent\&quot;:null,\&quot;MappedContentDelimeter\&quot;:null,\&quot;AutoGenerate\&quot;:true}},{\&quot;Key\&quot;:\&quot;Summary\&quot;,\&quot;Value\&quot;:{\&quot;PostCondition\&quot;:null,\&quot;PreConditon\&quot;:null,\&quot;MappedContent\&quot;:null,\&quot;MappedContentAlias\&quot;:null,\&quot;FixedContent\&quot;:null,\&quot;MappedContentDelimeter\&quot;:null,\&quot;AutoGenerate\&quot;:false}},{\&quot;Key\&quot;:\&quot;Title\&quot;,\&quot;Value\&quot;:{\&quot;PostCondition\&quot;:null,\&quot;PreConditon\&quot;:null,\&quot;MappedContent\&quot;:null,\&quot;MappedContentAlias\&quot;:null,\&quot;FixedContent\&quot;:null,\&quot;MappedContentDelimeter\&quot;:null,\&quot;AutoGenerate\&quot;:false}}]}}&quot;, &quot;georss&quot;, &quot;{}&quot;, 500, &quot;http://www.w3.org/2005/Atom&quot;, &quot;entry&quot;)" fullName="GPX.Server.Extension.Tests/MockServerTest/ExportGeoRSS_AtomFormat_Layer/ExportGeoRSS_AtomFormat_Layer(&quot;&quot;, &quot;ExportLayers/7&quot;, &quot;ExportLayer&quot;, &quot;{\&quot;filterGeometry\&quot;:null,\&quot;geometryType\&quot;:null,\&quot;where\&quot;:null,\&quot;exportProperties\&quot;:{\&quot;Title\&quot;:\&quot;Californian Rivers\&quot;,\&quot;ID\&quot;:\&quot;Feed Id\&quot;,\&quot;Language\&quot;:\&quot;en-us\&quot;,\&quot;CopyRight\&quot;:\&quot;Copyright 2011\&quot;,\&quot;Generator\&quot;:\&quot;http://www.mapbutcher.com\&quot;,\&quot;Description\&quot;:\&quot;A GeoRSS format of Californian Rivers\&quot;,\&quot;Link\&quot;:{\&quot;BaseUri\&quot;:null,\&quot;Length\&quot;:0,\&quot;MediaType\&quot;:null,\&quot;RelationshipType\&quot;:null,\&quot;Title\&quot;:\&quot;Mapbutcher\&quot;,\&quot;Uri\&quot;:\&quot;http://www.mapbutcher.com\&quot;},\&quot;Author\&quot;:{\&quot;Email\&quot;:\&quot;mapbutcher@mapbutcher.com\&quot;,\&quot;Name\&quot;:\&quot;Simon\&quot;,\&quot;Uri\&quot;:\&quot;http://www.mapbutcher.com\&quot;},\&quot;GeometryFormat\&quot;:\&quot;GML\&quot;,\&quot;GeometryField\&quot;:\&quot;Shape\&quot;,\&quot;FeedFormat\&quot;:\&quot;Atom\&quot;,\&quot;Items\&quot;:[{\&quot;Key\&quot;:\&quot;Author\&quot;,\&quot;Value\&quot;:{\&quot;PostCondition\&quot;:null,\&quot;PreConditon\&quot;:null,\&quot;MappedContent\&quot;:null,\&quot;MappedContentAlias\&quot;:null,\&quot;FixedContent\&quot;:\&quot;Simon Hope\&quot;,\&quot;MappedContentDelimeter\&quot;:null,\&quot;AutoGenerate\&quot;:false}},{\&quot;Key\&quot;:\&quot;Content\&quot;,\&quot;Value\&quot;:{\&quot;PostCondition\&quot;:null,\&quot;PreConditon\&quot;:null,\&quot;MappedContent\&quot;:null,\&quot;MappedContentAlias\&quot;:null,\&quot;FixedContent\&quot;:null,\&quot;MappedContentDelimeter\&quot;:null,\&quot;AutoGenerate\&quot;:false}},{\&quot;Key\&quot;:\&quot;Contributors\&quot;,\&quot;Value\&quot;:{\&quot;PostCondition\&quot;:null,\&quot;PreConditon\&quot;:null,\&quot;MappedContent\&quot;:null,\&quot;MappedContentAlias\&quot;:null,\&quot;FixedContent\&quot;:\&quot;mapbutcher@mapbutcher.com\&quot;,\&quot;MappedContentDelimeter\&quot;:null,\&quot;AutoGenerate\&quot;:false}},{\&quot;Key\&quot;:\&quot;Copyright\&quot;,\&quot;Value\&quot;:{\&quot;PostCondition\&quot;:null,\&quot;PreConditon\&quot;:null,\&quot;MappedContent\&quot;:null,\&quot;MappedContentAlias\&quot;:null,\&quot;FixedContent\&quot;:\&quot;Copyright 2011\&quot;,\&quot;MappedContentDelimeter\&quot;:null,\&quot;AutoGenerate\&quot;:false}},{\&quot;Key\&quot;:\&quot;Id\&quot;,\&quot;Value\&quot;:{\&quot;PostCondition\&quot;:null,\&quot;PreConditon\&quot;:null,\&quot;MappedContent\&quot;:\&quot;UFI\&quot;,\&quot;MappedContentAlias\&quot;:null,\&quot;FixedContent\&quot;:null,\&quot;MappedContentDelimeter\&quot;:null,\&quot;AutoGenerate\&quot;:true}},{\&quot;Key\&quot;:\&quot;LastUpdatedTime\&quot;,\&quot;Value\&quot;:{\&quot;PostCondition\&quot;:null,\&quot;PreConditon\&quot;:null,\&quot;MappedContent\&quot;:null,\&quot;MappedContentAlias\&quot;:null,\&quot;FixedContent\&quot;:null,\&quot;MappedContentDelimeter\&quot;:null,\&quot;AutoGenerate\&quot;:false}},{\&quot;Key\&quot;:\&quot;Links\&quot;,\&quot;Value\&quot;:{\&quot;PostCondition\&quot;:null,\&quot;PreConditon\&quot;:null,\&quot;MappedContent\&quot;:null,\&quot;MappedContentAlias\&quot;:null,\&quot;FixedContent\&quot;:\&quot;http://www.mapbutcher.com\&quot;,\&quot;MappedContentDelimeter\&quot;:null,\&quot;AutoGenerate\&quot;:false}},{\&quot;Key\&quot;:\&quot;PublishDate\&quot;,\&quot;Value\&quot;:{\&quot;PostCondition\&quot;:null,\&quot;PreConditon\&quot;:null,\&quot;MappedContent\&quot;:null,\&quot;MappedContentAlias\&quot;:null,\&quot;FixedContent\&quot;:null,\&quot;MappedContentDelimeter\&quot;:null,\&quot;AutoGenerate\&quot;:true}},{\&quot;Key\&quot;:\&quot;Summary\&quot;,\&quot;Value\&quot;:{\&quot;PostCondition\&quot;:null,\&quot;PreConditon\&quot;:null,\&quot;MappedContent\&quot;:null,\&quot;MappedContentAlias\&quot;:null,\&quot;FixedContent\&quot;:null,\&quot;MappedContentDelimeter\&quot;:null,\&quot;AutoGenerate\&quot;:false}},{\&quot;Key\&quot;:\&quot;Title\&quot;,\&quot;Value\&quot;:{\&quot;PostCondition\&quot;:null,\&quot;PreConditon\&quot;:null,\&quot;MappedContent\&quot;:null,\&quot;MappedContentAlias\&quot;:null,\&quot;FixedContent\&quot;:null,\&quot;MappedContentDelimeter\&quot;:null,\&quot;AutoGenerate\&quot;:false}}]}}&quot;, &quot;georss&quot;, &quot;{}&quot;, 500, &quot;http://www.w3.org/2005/Atom&quot;, &quot;entry&quot;)" testId="3321bbe20b4d2ea" isPrimary="false" isTestCase="true" isDynamic="false">
                        <codeReference assembly="GPX.Server.Extension.Tests, Version=1.0.0.0, Culture=neutral, PublicKeyToken=null" namespace="GPX.Server.Extension.Tests" type="GPX.Server.Extension.Tests.MockServerTest" member="ExportGeoRSS_AtomFormat_Layer" />
                        <codeLocation path="C:\Git\arcgis-exporter-extension\GPX.Server.Extension.Tests\MockServerTest.cs" line="152" />
                        <metadata>
                          <entry key="TestKind">
                            <value>Test</value>
                          </entry>
                          <entry key="Description">
                            <value>Export Lines GML Atom - test assumes 500 feature limit threshhold set by mock server object</value>
                          </entry>
                        </metadata>
                      </testStep>
                      <children />
                      <result assertCount="1" duration="3.2326555">
                        <outcome status="passed" />
                      </result>
                      <testLog>
                        <streams />
                        <attachments />
                      </testLog>
                    </testStepRun>
                    <testStepRun startTime="2012-05-01T21:57:13.1956+10:00" endTime="2012-05-01T21:57:14.647688+10:00">
                      <testStep id="bf96ea3db0e4b359" name="ExportGeoRSS_AtomFormat_Layer(&quot;&quot;, &quot;ExportLayers/11&quot;, &quot;ExportLayer&quot;, &quot;{\&quot;filterGeometry\&quot;:null,\&quot;geometryType\&quot;:null,\&quot;where\&quot;:null,\&quot;exportProperties\&quot;:{\&quot;Title\&quot;:\&quot;Californian Urban Areas\&quot;,\&quot;ID\&quot;:\&quot;Feed Id\&quot;,\&quot;Language\&quot;:\&quot;en-us\&quot;,\&quot;CopyRight\&quot;:\&quot;Copyright 2011\&quot;,\&quot;Generator\&quot;:\&quot;http://www.mapbutcher.com\&quot;,\&quot;Description\&quot;:\&quot;A GeoRSS format of Californian Urban Areas\&quot;,\&quot;Link\&quot;:{\&quot;BaseUri\&quot;:null,\&quot;Length\&quot;:0,\&quot;MediaType\&quot;:null,\&quot;RelationshipType\&quot;:null,\&quot;Title\&quot;:\&quot;Mapbutcher\&quot;,\&quot;Uri\&quot;:\&quot;http://www.mapbutcher.com\&quot;},\&quot;Author\&quot;:{\&quot;Email\&quot;:\&quot;mapbutcher@mapbutcher.com\&quot;,\&quot;Name\&quot;:\&quot;Simon\&quot;,\&quot;Uri\&quot;:\&quot;http://www.mapbutcher.com\&quot;},\&quot;GeometryFormat\&quot;:\&quot;GML\&quot;,\&quot;GeometryField\&quot;:\&quot;Shape\&quot;,\&quot;FeedFormat\&quot;:\&quot;Atom\&quot;,\&quot;Items\&quot;:[{\&quot;Key\&quot;:\&quot;Author\&quot;,\&quot;Value\&quot;:{\&quot;PostCondition\&quot;:null,\&quot;PreConditon\&quot;:null,\&quot;MappedContent\&quot;:null,\&quot;MappedContentAlias\&quot;:null,\&quot;FixedContent\&quot;:\&quot;Simon Hope\&quot;,\&quot;MappedContentDelimeter\&quot;:null,\&quot;AutoGenerate\&quot;:false}},{\&quot;Key\&quot;:\&quot;Content\&quot;,\&quot;Value\&quot;:{\&quot;PostCondition\&quot;:null,\&quot;PreConditon\&quot;:null,\&quot;MappedContent\&quot;:null,\&quot;MappedContentAlias\&quot;:null,\&quot;FixedContent\&quot;:null,\&quot;MappedContentDelimeter\&quot;:null,\&quot;AutoGenerate\&quot;:false}},{\&quot;Key\&quot;:\&quot;Contributors\&quot;,\&quot;Value\&quot;:{\&quot;PostCondition\&quot;:null,\&quot;PreConditon\&quot;:null,\&quot;MappedContent\&quot;:null,\&quot;MappedContentAlias\&quot;:null,\&quot;FixedContent\&quot;:\&quot;mapbutcher@mapbutcher.com\&quot;,\&quot;MappedContentDelimeter\&quot;:null,\&quot;AutoGenerate\&quot;:false}},{\&quot;Key\&quot;:\&quot;Copyright\&quot;,\&quot;Value\&quot;:{\&quot;PostCondition\&quot;:null,\&quot;PreConditon\&quot;:null,\&quot;MappedContent\&quot;:null,\&quot;MappedContentAlias\&quot;:null,\&quot;FixedContent\&quot;:\&quot;Copyright 2011\&quot;,\&quot;MappedContentDelimeter\&quot;:null,\&quot;AutoGenerate\&quot;:false}},{\&quot;Key\&quot;:\&quot;Id\&quot;,\&quot;Value\&quot;:{\&quot;PostCondition\&quot;:null,\&quot;PreConditon\&quot;:null,\&quot;MappedContent\&quot;:\&quot;UFI\&quot;,\&quot;MappedContentAlias\&quot;:null,\&quot;FixedContent\&quot;:null,\&quot;MappedContentDelimeter\&quot;:null,\&quot;AutoGenerate\&quot;:true}},{\&quot;Key\&quot;:\&quot;LastUpdatedTime\&quot;,\&quot;Value\&quot;:{\&quot;PostCondition\&quot;:null,\&quot;PreConditon\&quot;:null,\&quot;MappedContent\&quot;:null,\&quot;MappedContentAlias\&quot;:null,\&quot;FixedContent\&quot;:null,\&quot;MappedContentDelimeter\&quot;:null,\&quot;AutoGenerate\&quot;:false}},{\&quot;Key\&quot;:\&quot;Links\&quot;,\&quot;Value\&quot;:{\&quot;PostCondition\&quot;:null,\&quot;PreConditon\&quot;:null,\&quot;MappedContent\&quot;:null,\&quot;MappedContentAlias\&quot;:null,\&quot;FixedContent\&quot;:\&quot;http://www.mapbutcher.com\&quot;,\&quot;MappedContentDelimeter\&quot;:null,\&quot;AutoGenerate\&quot;:false}},{\&quot;Key\&quot;:\&quot;PublishDate\&quot;,\&quot;Value\&quot;:{\&quot;PostCondition\&quot;:null,\&quot;PreConditon\&quot;:null,\&quot;MappedContent\&quot;:null,\&quot;MappedContentAlias\&quot;:null,\&quot;FixedContent\&quot;:null,\&quot;MappedContentDelimeter\&quot;:null,\&quot;AutoGenerate\&quot;:true}},{\&quot;Key\&quot;:\&quot;Summary\&quot;,\&quot;Value\&quot;:{\&quot;PostCondition\&quot;:null,\&quot;PreConditon\&quot;:null,\&quot;MappedContent\&quot;:null,\&quot;MappedContentAlias\&quot;:null,\&quot;FixedContent\&quot;:null,\&quot;MappedContentDelimeter\&quot;:null,\&quot;AutoGenerate\&quot;:false}},{\&quot;Key\&quot;:\&quot;Title\&quot;,\&quot;Value\&quot;:{\&quot;PostCondition\&quot;:null,\&quot;PreConditon\&quot;:null,\&quot;MappedContent\&quot;:null,\&quot;MappedContentAlias\&quot;:null,\&quot;FixedContent\&quot;:null,\&quot;MappedContentDelimeter\&quot;:null,\&quot;AutoGenerate\&quot;:false}}]}}&quot;, &quot;georss&quot;, &quot;{}&quot;, 38, &quot;http://www.w3.org/2005/Atom&quot;, &quot;entry&quot;)" fullName="GPX.Server.Extension.Tests/MockServerTest/ExportGeoRSS_AtomFormat_Layer/ExportGeoRSS_AtomFormat_Layer(&quot;&quot;, &quot;ExportLayers/11&quot;, &quot;ExportLayer&quot;, &quot;{\&quot;filterGeometry\&quot;:null,\&quot;geometryType\&quot;:null,\&quot;where\&quot;:null,\&quot;exportProperties\&quot;:{\&quot;Title\&quot;:\&quot;Californian Urban Areas\&quot;,\&quot;ID\&quot;:\&quot;Feed Id\&quot;,\&quot;Language\&quot;:\&quot;en-us\&quot;,\&quot;CopyRight\&quot;:\&quot;Copyright 2011\&quot;,\&quot;Generator\&quot;:\&quot;http://www.mapbutcher.com\&quot;,\&quot;Description\&quot;:\&quot;A GeoRSS format of Californian Urban Areas\&quot;,\&quot;Link\&quot;:{\&quot;BaseUri\&quot;:null,\&quot;Length\&quot;:0,\&quot;MediaType\&quot;:null,\&quot;RelationshipType\&quot;:null,\&quot;Title\&quot;:\&quot;Mapbutcher\&quot;,\&quot;Uri\&quot;:\&quot;http://www.mapbutcher.com\&quot;},\&quot;Author\&quot;:{\&quot;Email\&quot;:\&quot;mapbutcher@mapbutcher.com\&quot;,\&quot;Name\&quot;:\&quot;Simon\&quot;,\&quot;Uri\&quot;:\&quot;http://www.mapbutcher.com\&quot;},\&quot;GeometryFormat\&quot;:\&quot;GML\&quot;,\&quot;GeometryField\&quot;:\&quot;Shape\&quot;,\&quot;FeedFormat\&quot;:\&quot;Atom\&quot;,\&quot;Items\&quot;:[{\&quot;Key\&quot;:\&quot;Author\&quot;,\&quot;Value\&quot;:{\&quot;PostCondition\&quot;:null,\&quot;PreConditon\&quot;:null,\&quot;MappedContent\&quot;:null,\&quot;MappedContentAlias\&quot;:null,\&quot;FixedContent\&quot;:\&quot;Simon Hope\&quot;,\&quot;MappedContentDelimeter\&quot;:null,\&quot;AutoGenerate\&quot;:false}},{\&quot;Key\&quot;:\&quot;Content\&quot;,\&quot;Value\&quot;:{\&quot;PostCondition\&quot;:null,\&quot;PreConditon\&quot;:null,\&quot;MappedContent\&quot;:null,\&quot;MappedContentAlias\&quot;:null,\&quot;FixedContent\&quot;:null,\&quot;MappedContentDelimeter\&quot;:null,\&quot;AutoGenerate\&quot;:false}},{\&quot;Key\&quot;:\&quot;Contributors\&quot;,\&quot;Value\&quot;:{\&quot;PostCondition\&quot;:null,\&quot;PreConditon\&quot;:null,\&quot;MappedContent\&quot;:null,\&quot;MappedContentAlias\&quot;:null,\&quot;FixedContent\&quot;:\&quot;mapbutcher@mapbutcher.com\&quot;,\&quot;MappedContentDelimeter\&quot;:null,\&quot;AutoGenerate\&quot;:false}},{\&quot;Key\&quot;:\&quot;Copyright\&quot;,\&quot;Value\&quot;:{\&quot;PostCondition\&quot;:null,\&quot;PreConditon\&quot;:null,\&quot;MappedContent\&quot;:null,\&quot;MappedContentAlias\&quot;:null,\&quot;FixedContent\&quot;:\&quot;Copyright 2011\&quot;,\&quot;MappedContentDelimeter\&quot;:null,\&quot;AutoGenerate\&quot;:false}},{\&quot;Key\&quot;:\&quot;Id\&quot;,\&quot;Value\&quot;:{\&quot;PostCondition\&quot;:null,\&quot;PreConditon\&quot;:null,\&quot;MappedContent\&quot;:\&quot;UFI\&quot;,\&quot;MappedContentAlias\&quot;:null,\&quot;FixedContent\&quot;:null,\&quot;MappedContentDelimeter\&quot;:null,\&quot;AutoGenerate\&quot;:true}},{\&quot;Key\&quot;:\&quot;LastUpdatedTime\&quot;,\&quot;Value\&quot;:{\&quot;PostCondition\&quot;:null,\&quot;PreConditon\&quot;:null,\&quot;MappedContent\&quot;:null,\&quot;MappedContentAlias\&quot;:null,\&quot;FixedContent\&quot;:null,\&quot;MappedContentDelimeter\&quot;:null,\&quot;AutoGenerate\&quot;:false}},{\&quot;Key\&quot;:\&quot;Links\&quot;,\&quot;Value\&quot;:{\&quot;PostCondition\&quot;:null,\&quot;PreConditon\&quot;:null,\&quot;MappedContent\&quot;:null,\&quot;MappedContentAlias\&quot;:null,\&quot;FixedContent\&quot;:\&quot;http://www.mapbutcher.com\&quot;,\&quot;MappedContentDelimeter\&quot;:null,\&quot;AutoGenerate\&quot;:false}},{\&quot;Key\&quot;:\&quot;PublishDate\&quot;,\&quot;Value\&quot;:{\&quot;PostCondition\&quot;:null,\&quot;PreConditon\&quot;:null,\&quot;MappedContent\&quot;:null,\&quot;MappedContentAlias\&quot;:null,\&quot;FixedContent\&quot;:null,\&quot;MappedContentDelimeter\&quot;:null,\&quot;AutoGenerate\&quot;:true}},{\&quot;Key\&quot;:\&quot;Summary\&quot;,\&quot;Value\&quot;:{\&quot;PostCondition\&quot;:null,\&quot;PreConditon\&quot;:null,\&quot;MappedContent\&quot;:null,\&quot;MappedContentAlias\&quot;:null,\&quot;FixedContent\&quot;:null,\&quot;MappedContentDelimeter\&quot;:null,\&quot;AutoGenerate\&quot;:false}},{\&quot;Key\&quot;:\&quot;Title\&quot;,\&quot;Value\&quot;:{\&quot;PostCondition\&quot;:null,\&quot;PreConditon\&quot;:null,\&quot;MappedContent\&quot;:null,\&quot;MappedContentAlias\&quot;:null,\&quot;FixedContent\&quot;:null,\&quot;MappedContentDelimeter\&quot;:null,\&quot;AutoGenerate\&quot;:false}}]}}&quot;, &quot;georss&quot;, &quot;{}&quot;, 38, &quot;http://www.w3.org/2005/Atom&quot;, &quot;entry&quot;)" testId="3321bbe20b4d2ea" isPrimary="false" isTestCase="true" isDynamic="false">
                        <codeReference assembly="GPX.Server.Extension.Tests, Version=1.0.0.0, Culture=neutral, PublicKeyToken=null" namespace="GPX.Server.Extension.Tests" type="GPX.Server.Extension.Tests.MockServerTest" member="ExportGeoRSS_AtomFormat_Layer" />
                        <codeLocation path="C:\Git\arcgis-exporter-extension\GPX.Server.Extension.Tests\MockServerTest.cs" line="152" />
                        <metadata>
                          <entry key="TestKind">
                            <value>Test</value>
                          </entry>
                          <entry key="Description">
                            <value>Export Polygon GML Atom</value>
                          </entry>
                        </metadata>
                      </testStep>
                      <children />
                      <result assertCount="1" duration="1.4536774">
                        <outcome status="passed" />
                      </result>
                      <testLog>
                        <streams />
                        <attachments />
                      </testLog>
                    </testStepRun>
                    <testStepRun startTime="2012-05-01T21:57:14.647688+10:00" endTime="2012-05-01T21:57:16.0296752+10:00">
                      <testStep id="47b268d49008170" name="ExportGeoRSS_AtomFormat_Layer(&quot;&quot;, &quot;ExportLayers/2&quot;, &quot;ExportLayer&quot;, &quot;{\&quot;filterGeometry\&quot;:null,\&quot;geometryType\&quot;:null,\&quot;where\&quot;:null,\&quot;exportProperties\&quot;:{\&quot;Title\&quot;:\&quot;Californian EarthQuakes\&quot;,\&quot;ID\&quot;:\&quot;Feed Id\&quot;,\&quot;Language\&quot;:\&quot;en-us\&quot;,\&quot;CopyRight\&quot;:\&quot;Copyright 2011\&quot;,\&quot;Generator\&quot;:\&quot;http://www.mapbutcher.com\&quot;,\&quot;Description\&quot;:\&quot;A GeoRSS format of Californian EarthQuakes\&quot;,\&quot;Link\&quot;:{\&quot;BaseUri\&quot;:null,\&quot;Length\&quot;:0,\&quot;MediaType\&quot;:null,\&quot;RelationshipType\&quot;:null,\&quot;Title\&quot;:\&quot;Mapbutcher\&quot;,\&quot;Uri\&quot;:\&quot;http://www.mapbutcher.com\&quot;},\&quot;Author\&quot;:{\&quot;Email\&quot;:\&quot;mapbutcher@mapbutcher.com\&quot;,\&quot;Name\&quot;:\&quot;Simon\&quot;,\&quot;Uri\&quot;:\&quot;http://www.mapbutcher.com\&quot;},\&quot;GeometryFormat\&quot;:\&quot;simple\&quot;,\&quot;GeometryField\&quot;:\&quot;Shape\&quot;,\&quot;FeedFormat\&quot;:\&quot;Atom\&quot;,\&quot;Items\&quot;:[{\&quot;Key\&quot;:\&quot;Author\&quot;,\&quot;Value\&quot;:{\&quot;PostCondition\&quot;:null,\&quot;PreConditon\&quot;:null,\&quot;MappedContent\&quot;:null,\&quot;MappedContentAlias\&quot;:null,\&quot;FixedContent\&quot;:\&quot;Simon Hope\&quot;,\&quot;MappedContentDelimeter\&quot;:null,\&quot;AutoGenerate\&quot;:false}},{\&quot;Key\&quot;:\&quot;Content\&quot;,\&quot;Value\&quot;:{\&quot;PostCondition\&quot;:null,\&quot;PreConditon\&quot;:null,\&quot;MappedContent\&quot;:null,\&quot;MappedContentAlias\&quot;:null,\&quot;FixedContent\&quot;:null,\&quot;MappedContentDelimeter\&quot;:null,\&quot;AutoGenerate\&quot;:false}},{\&quot;Key\&quot;:\&quot;Contributors\&quot;,\&quot;Value\&quot;:{\&quot;PostCondition\&quot;:null,\&quot;PreConditon\&quot;:null,\&quot;MappedContent\&quot;:null,\&quot;MappedContentAlias\&quot;:null,\&quot;FixedContent\&quot;:\&quot;mapbutcher@mapbutcher.com\&quot;,\&quot;MappedContentDelimeter\&quot;:null,\&quot;AutoGenerate\&quot;:false}},{\&quot;Key\&quot;:\&quot;Copyright\&quot;,\&quot;Value\&quot;:{\&quot;PostCondition\&quot;:null,\&quot;PreConditon\&quot;:null,\&quot;MappedContent\&quot;:null,\&quot;MappedContentAlias\&quot;:null,\&quot;FixedContent\&quot;:\&quot;Copyright 2011\&quot;,\&quot;MappedContentDelimeter\&quot;:null,\&quot;AutoGenerate\&quot;:false}},{\&quot;Key\&quot;:\&quot;Id\&quot;,\&quot;Value\&quot;:{\&quot;PostCondition\&quot;:null,\&quot;PreConditon\&quot;:null,\&quot;MappedContent\&quot;:\&quot;UFI\&quot;,\&quot;MappedContentAlias\&quot;:null,\&quot;FixedContent\&quot;:null,\&quot;MappedContentDelimeter\&quot;:null,\&quot;AutoGenerate\&quot;:true}},{\&quot;Key\&quot;:\&quot;LastUpdatedTime\&quot;,\&quot;Value\&quot;:{\&quot;PostCondition\&quot;:null,\&quot;PreConditon\&quot;:null,\&quot;MappedContent\&quot;:null,\&quot;MappedContentAlias\&quot;:null,\&quot;FixedContent\&quot;:null,\&quot;MappedContentDelimeter\&quot;:null,\&quot;AutoGenerate\&quot;:false}},{\&quot;Key\&quot;:\&quot;Links\&quot;,\&quot;Value\&quot;:{\&quot;PostCondition\&quot;:null,\&quot;PreConditon\&quot;:null,\&quot;MappedContent\&quot;:null,\&quot;MappedContentAlias\&quot;:null,\&quot;FixedContent\&quot;:\&quot;http://www.mapbutcher.com\&quot;,\&quot;MappedContentDelimeter\&quot;:null,\&quot;AutoGenerate\&quot;:false}},{\&quot;Key\&quot;:\&quot;PublishDate\&quot;,\&quot;Value\&quot;:{\&quot;PostCondition\&quot;:null,\&quot;PreConditon\&quot;:null,\&quot;MappedContent\&quot;:null,\&quot;MappedContentAlias\&quot;:null,\&quot;FixedContent\&quot;:null,\&quot;MappedContentDelimeter\&quot;:null,\&quot;AutoGenerate\&quot;:true}},{\&quot;Key\&quot;:\&quot;Summary\&quot;,\&quot;Value\&quot;:{\&quot;PostCondition\&quot;:null,\&quot;PreConditon\&quot;:null,\&quot;MappedContent\&quot;:null,\&quot;MappedContentAlias\&quot;:null,\&quot;FixedContent\&quot;:null,\&quot;MappedContentDelimeter\&quot;:null,\&quot;AutoGenerate\&quot;:false}},{\&quot;Key\&quot;:\&quot;Title\&quot;,\&quot;Value\&quot;:{\&quot;PostCondition\&quot;:null,\&quot;PreConditon\&quot;:null,\&quot;MappedContent\&quot;:null,\&quot;MappedContentAlias\&quot;:null,\&quot;FixedContent\&quot;:null,\&quot;MappedContentDelimeter\&quot;:null,\&quot;AutoGenerate\&quot;:false}}]}}&quot;, &quot;georss&quot;, &quot;{}&quot;, 221, &quot;http://www.w3.org/2005/Atom&quot;, &quot;entry&quot;)" fullName="GPX.Server.Extension.Tests/MockServerTest/ExportGeoRSS_AtomFormat_Layer/ExportGeoRSS_AtomFormat_Layer(&quot;&quot;, &quot;ExportLayers/2&quot;, &quot;ExportLayer&quot;, &quot;{\&quot;filterGeometry\&quot;:null,\&quot;geometryType\&quot;:null,\&quot;where\&quot;:null,\&quot;exportProperties\&quot;:{\&quot;Title\&quot;:\&quot;Californian EarthQuakes\&quot;,\&quot;ID\&quot;:\&quot;Feed Id\&quot;,\&quot;Language\&quot;:\&quot;en-us\&quot;,\&quot;CopyRight\&quot;:\&quot;Copyright 2011\&quot;,\&quot;Generator\&quot;:\&quot;http://www.mapbutcher.com\&quot;,\&quot;Description\&quot;:\&quot;A GeoRSS format of Californian EarthQuakes\&quot;,\&quot;Link\&quot;:{\&quot;BaseUri\&quot;:null,\&quot;Length\&quot;:0,\&quot;MediaType\&quot;:null,\&quot;RelationshipType\&quot;:null,\&quot;Title\&quot;:\&quot;Mapbutcher\&quot;,\&quot;Uri\&quot;:\&quot;http://www.mapbutcher.com\&quot;},\&quot;Author\&quot;:{\&quot;Email\&quot;:\&quot;mapbutcher@mapbutcher.com\&quot;,\&quot;Name\&quot;:\&quot;Simon\&quot;,\&quot;Uri\&quot;:\&quot;http://www.mapbutcher.com\&quot;},\&quot;GeometryFormat\&quot;:\&quot;simple\&quot;,\&quot;GeometryField\&quot;:\&quot;Shape\&quot;,\&quot;FeedFormat\&quot;:\&quot;Atom\&quot;,\&quot;Items\&quot;:[{\&quot;Key\&quot;:\&quot;Author\&quot;,\&quot;Value\&quot;:{\&quot;PostCondition\&quot;:null,\&quot;PreConditon\&quot;:null,\&quot;MappedContent\&quot;:null,\&quot;MappedContentAlias\&quot;:null,\&quot;FixedContent\&quot;:\&quot;Simon Hope\&quot;,\&quot;MappedContentDelimeter\&quot;:null,\&quot;AutoGenerate\&quot;:false}},{\&quot;Key\&quot;:\&quot;Content\&quot;,\&quot;Value\&quot;:{\&quot;PostCondition\&quot;:null,\&quot;PreConditon\&quot;:null,\&quot;MappedContent\&quot;:null,\&quot;MappedContentAlias\&quot;:null,\&quot;FixedContent\&quot;:null,\&quot;MappedContentDelimeter\&quot;:null,\&quot;AutoGenerate\&quot;:false}},{\&quot;Key\&quot;:\&quot;Contributors\&quot;,\&quot;Value\&quot;:{\&quot;PostCondition\&quot;:null,\&quot;PreConditon\&quot;:null,\&quot;MappedContent\&quot;:null,\&quot;MappedContentAlias\&quot;:null,\&quot;FixedContent\&quot;:\&quot;mapbutcher@mapbutcher.com\&quot;,\&quot;MappedContentDelimeter\&quot;:null,\&quot;AutoGenerate\&quot;:false}},{\&quot;Key\&quot;:\&quot;Copyright\&quot;,\&quot;Value\&quot;:{\&quot;PostCondition\&quot;:null,\&quot;PreConditon\&quot;:null,\&quot;MappedContent\&quot;:null,\&quot;MappedContentAlias\&quot;:null,\&quot;FixedContent\&quot;:\&quot;Copyright 2011\&quot;,\&quot;MappedContentDelimeter\&quot;:null,\&quot;AutoGenerate\&quot;:false}},{\&quot;Key\&quot;:\&quot;Id\&quot;,\&quot;Value\&quot;:{\&quot;PostCondition\&quot;:null,\&quot;PreConditon\&quot;:null,\&quot;MappedContent\&quot;:\&quot;UFI\&quot;,\&quot;MappedContentAlias\&quot;:null,\&quot;FixedContent\&quot;:null,\&quot;MappedContentDelimeter\&quot;:null,\&quot;AutoGenerate\&quot;:true}},{\&quot;Key\&quot;:\&quot;LastUpdatedTime\&quot;,\&quot;Value\&quot;:{\&quot;PostCondition\&quot;:null,\&quot;PreConditon\&quot;:null,\&quot;MappedContent\&quot;:null,\&quot;MappedContentAlias\&quot;:null,\&quot;FixedContent\&quot;:null,\&quot;MappedContentDelimeter\&quot;:null,\&quot;AutoGenerate\&quot;:false}},{\&quot;Key\&quot;:\&quot;Links\&quot;,\&quot;Value\&quot;:{\&quot;PostCondition\&quot;:null,\&quot;PreConditon\&quot;:null,\&quot;MappedContent\&quot;:null,\&quot;MappedContentAlias\&quot;:null,\&quot;FixedContent\&quot;:\&quot;http://www.mapbutcher.com\&quot;,\&quot;MappedContentDelimeter\&quot;:null,\&quot;AutoGenerate\&quot;:false}},{\&quot;Key\&quot;:\&quot;PublishDate\&quot;,\&quot;Value\&quot;:{\&quot;PostCondition\&quot;:null,\&quot;PreConditon\&quot;:null,\&quot;MappedContent\&quot;:null,\&quot;MappedContentAlias\&quot;:null,\&quot;FixedContent\&quot;:null,\&quot;MappedContentDelimeter\&quot;:null,\&quot;AutoGenerate\&quot;:true}},{\&quot;Key\&quot;:\&quot;Summary\&quot;,\&quot;Value\&quot;:{\&quot;PostCondition\&quot;:null,\&quot;PreConditon\&quot;:null,\&quot;MappedContent\&quot;:null,\&quot;MappedContentAlias\&quot;:null,\&quot;FixedContent\&quot;:null,\&quot;MappedContentDelimeter\&quot;:null,\&quot;AutoGenerate\&quot;:false}},{\&quot;Key\&quot;:\&quot;Title\&quot;,\&quot;Value\&quot;:{\&quot;PostCondition\&quot;:null,\&quot;PreConditon\&quot;:null,\&quot;MappedContent\&quot;:null,\&quot;MappedContentAlias\&quot;:null,\&quot;FixedContent\&quot;:null,\&quot;MappedContentDelimeter\&quot;:null,\&quot;AutoGenerate\&quot;:false}}]}}&quot;, &quot;georss&quot;, &quot;{}&quot;, 221, &quot;http://www.w3.org/2005/Atom&quot;, &quot;entry&quot;)" testId="3321bbe20b4d2ea" isPrimary="false" isTestCase="true" isDynamic="false">
                        <codeReference assembly="GPX.Server.Extension.Tests, Version=1.0.0.0, Culture=neutral, PublicKeyToken=null" namespace="GPX.Server.Extension.Tests" type="GPX.Server.Extension.Tests.MockServerTest" member="ExportGeoRSS_AtomFormat_Layer" />
                        <codeLocation path="C:\Git\arcgis-exporter-extension\GPX.Server.Extension.Tests\MockServerTest.cs" line="152" />
                        <metadata>
                          <entry key="TestKind">
                            <value>Test</value>
                          </entry>
                          <entry key="Description">
                            <value>Export Points Simple Atom</value>
                          </entry>
                        </metadata>
                      </testStep>
                      <children />
                      <result assertCount="1" duration="1.3863203">
                        <outcome status="passed" />
                      </result>
                      <testLog>
                        <streams />
                        <attachments />
                      </testLog>
                    </testStepRun>
                    <testStepRun startTime="2012-05-01T21:57:16.0296752+10:00" endTime="2012-05-01T21:57:17.5718928+10:00">
                      <testStep id="dbe2509eaabd47df" name="ExportGeoRSS_AtomFormat_Layer(&quot;&quot;, &quot;ExportLayers/11&quot;, &quot;ExportLayer&quot;, &quot;{\&quot;filterGeometry\&quot;:null,\&quot;geometryType\&quot;:null,\&quot;where\&quot;:null,\&quot;exportProperties\&quot;:{\&quot;Title\&quot;:\&quot;Californian Urban Areas\&quot;,\&quot;ID\&quot;:\&quot;Feed Id\&quot;,\&quot;Language\&quot;:\&quot;en-us\&quot;,\&quot;CopyRight\&quot;:\&quot;Copyright 2011\&quot;,\&quot;Generator\&quot;:\&quot;http://www.mapbutcher.com\&quot;,\&quot;Description\&quot;:\&quot;A GeoRSS format of Californian Urban Areas\&quot;,\&quot;Link\&quot;:{\&quot;BaseUri\&quot;:null,\&quot;Length\&quot;:0,\&quot;MediaType\&quot;:null,\&quot;RelationshipType\&quot;:null,\&quot;Title\&quot;:\&quot;Mapbutcher\&quot;,\&quot;Uri\&quot;:\&quot;http://www.mapbutcher.com\&quot;},\&quot;Author\&quot;:{\&quot;Email\&quot;:\&quot;mapbutcher@mapbutcher.com\&quot;,\&quot;Name\&quot;:\&quot;Simon\&quot;,\&quot;Uri\&quot;:\&quot;http://www.mapbutcher.com\&quot;},\&quot;GeometryFormat\&quot;:\&quot;Simple\&quot;,\&quot;GeometryField\&quot;:\&quot;Shape\&quot;,\&quot;FeedFormat\&quot;:\&quot;Atom\&quot;,\&quot;Items\&quot;:[{\&quot;Key\&quot;:\&quot;Author\&quot;,\&quot;Value\&quot;:{\&quot;PostCondition\&quot;:null,\&quot;PreConditon\&quot;:null,\&quot;MappedContent\&quot;:null,\&quot;MappedContentAlias\&quot;:null,\&quot;FixedContent\&quot;:\&quot;Simon Hope\&quot;,\&quot;MappedContentDelimeter\&quot;:null,\&quot;AutoGenerate\&quot;:false}},{\&quot;Key\&quot;:\&quot;Content\&quot;,\&quot;Value\&quot;:{\&quot;PostCondition\&quot;:null,\&quot;PreConditon\&quot;:null,\&quot;MappedContent\&quot;:null,\&quot;MappedContentAlias\&quot;:null,\&quot;FixedContent\&quot;:null,\&quot;MappedContentDelimeter\&quot;:null,\&quot;AutoGenerate\&quot;:false}},{\&quot;Key\&quot;:\&quot;Contributors\&quot;,\&quot;Value\&quot;:{\&quot;PostCondition\&quot;:null,\&quot;PreConditon\&quot;:null,\&quot;MappedContent\&quot;:null,\&quot;MappedContentAlias\&quot;:null,\&quot;FixedContent\&quot;:\&quot;mapbutcher@mapbutcher.com\&quot;,\&quot;MappedContentDelimeter\&quot;:null,\&quot;AutoGenerate\&quot;:false}},{\&quot;Key\&quot;:\&quot;Copyright\&quot;,\&quot;Value\&quot;:{\&quot;PostCondition\&quot;:null,\&quot;PreConditon\&quot;:null,\&quot;MappedContent\&quot;:null,\&quot;MappedContentAlias\&quot;:null,\&quot;FixedContent\&quot;:\&quot;Copyright 2011\&quot;,\&quot;MappedContentDelimeter\&quot;:null,\&quot;AutoGenerate\&quot;:false}},{\&quot;Key\&quot;:\&quot;Id\&quot;,\&quot;Value\&quot;:{\&quot;PostCondition\&quot;:null,\&quot;PreConditon\&quot;:null,\&quot;MappedContent\&quot;:\&quot;UFI\&quot;,\&quot;MappedContentAlias\&quot;:null,\&quot;FixedContent\&quot;:null,\&quot;MappedContentDelimeter\&quot;:null,\&quot;AutoGenerate\&quot;:true}},{\&quot;Key\&quot;:\&quot;LastUpdatedTime\&quot;,\&quot;Value\&quot;:{\&quot;PostCondition\&quot;:null,\&quot;PreConditon\&quot;:null,\&quot;MappedContent\&quot;:null,\&quot;MappedContentAlias\&quot;:null,\&quot;FixedContent\&quot;:null,\&quot;MappedContentDelimeter\&quot;:null,\&quot;AutoGenerate\&quot;:false}},{\&quot;Key\&quot;:\&quot;Links\&quot;,\&quot;Value\&quot;:{\&quot;PostCondition\&quot;:null,\&quot;PreConditon\&quot;:null,\&quot;MappedContent\&quot;:null,\&quot;MappedContentAlias\&quot;:null,\&quot;FixedContent\&quot;:\&quot;http://www.mapbutcher.com\&quot;,\&quot;MappedContentDelimeter\&quot;:null,\&quot;AutoGenerate\&quot;:false}},{\&quot;Key\&quot;:\&quot;PublishDate\&quot;,\&quot;Value\&quot;:{\&quot;PostCondition\&quot;:null,\&quot;PreConditon\&quot;:null,\&quot;MappedContent\&quot;:null,\&quot;MappedContentAlias\&quot;:null,\&quot;FixedContent\&quot;:null,\&quot;MappedContentDelimeter\&quot;:null,\&quot;AutoGenerate\&quot;:true}},{\&quot;Key\&quot;:\&quot;Summary\&quot;,\&quot;Value\&quot;:{\&quot;PostCondition\&quot;:null,\&quot;PreConditon\&quot;:null,\&quot;MappedContent\&quot;:null,\&quot;MappedContentAlias\&quot;:null,\&quot;FixedContent\&quot;:null,\&quot;MappedContentDelimeter\&quot;:null,\&quot;AutoGenerate\&quot;:false}},{\&quot;Key\&quot;:\&quot;Title\&quot;,\&quot;Value\&quot;:{\&quot;PostCondition\&quot;:null,\&quot;PreConditon\&quot;:null,\&quot;MappedContent\&quot;:null,\&quot;MappedContentAlias\&quot;:null,\&quot;FixedContent\&quot;:null,\&quot;MappedContentDelimeter\&quot;:null,\&quot;AutoGenerate\&quot;:false}}]}}&quot;, &quot;georss&quot;, &quot;{}&quot;, 38, &quot;http://www.w3.org/2005/Atom&quot;, &quot;entry&quot;)" fullName="GPX.Server.Extension.Tests/MockServerTest/ExportGeoRSS_AtomFormat_Layer/ExportGeoRSS_AtomFormat_Layer(&quot;&quot;, &quot;ExportLayers/11&quot;, &quot;ExportLayer&quot;, &quot;{\&quot;filterGeometry\&quot;:null,\&quot;geometryType\&quot;:null,\&quot;where\&quot;:null,\&quot;exportProperties\&quot;:{\&quot;Title\&quot;:\&quot;Californian Urban Areas\&quot;,\&quot;ID\&quot;:\&quot;Feed Id\&quot;,\&quot;Language\&quot;:\&quot;en-us\&quot;,\&quot;CopyRight\&quot;:\&quot;Copyright 2011\&quot;,\&quot;Generator\&quot;:\&quot;http://www.mapbutcher.com\&quot;,\&quot;Description\&quot;:\&quot;A GeoRSS format of Californian Urban Areas\&quot;,\&quot;Link\&quot;:{\&quot;BaseUri\&quot;:null,\&quot;Length\&quot;:0,\&quot;MediaType\&quot;:null,\&quot;RelationshipType\&quot;:null,\&quot;Title\&quot;:\&quot;Mapbutcher\&quot;,\&quot;Uri\&quot;:\&quot;http://www.mapbutcher.com\&quot;},\&quot;Author\&quot;:{\&quot;Email\&quot;:\&quot;mapbutcher@mapbutcher.com\&quot;,\&quot;Name\&quot;:\&quot;Simon\&quot;,\&quot;Uri\&quot;:\&quot;http://www.mapbutcher.com\&quot;},\&quot;GeometryFormat\&quot;:\&quot;Simple\&quot;,\&quot;GeometryField\&quot;:\&quot;Shape\&quot;,\&quot;FeedFormat\&quot;:\&quot;Atom\&quot;,\&quot;Items\&quot;:[{\&quot;Key\&quot;:\&quot;Author\&quot;,\&quot;Value\&quot;:{\&quot;PostCondition\&quot;:null,\&quot;PreConditon\&quot;:null,\&quot;MappedContent\&quot;:null,\&quot;MappedContentAlias\&quot;:null,\&quot;FixedContent\&quot;:\&quot;Simon Hope\&quot;,\&quot;MappedContentDelimeter\&quot;:null,\&quot;AutoGenerate\&quot;:false}},{\&quot;Key\&quot;:\&quot;Content\&quot;,\&quot;Value\&quot;:{\&quot;PostCondition\&quot;:null,\&quot;PreConditon\&quot;:null,\&quot;MappedContent\&quot;:null,\&quot;MappedContentAlias\&quot;:null,\&quot;FixedContent\&quot;:null,\&quot;MappedContentDelimeter\&quot;:null,\&quot;AutoGenerate\&quot;:false}},{\&quot;Key\&quot;:\&quot;Contributors\&quot;,\&quot;Value\&quot;:{\&quot;PostCondition\&quot;:null,\&quot;PreConditon\&quot;:null,\&quot;MappedContent\&quot;:null,\&quot;MappedContentAlias\&quot;:null,\&quot;FixedContent\&quot;:\&quot;mapbutcher@mapbutcher.com\&quot;,\&quot;MappedContentDelimeter\&quot;:null,\&quot;AutoGenerate\&quot;:false}},{\&quot;Key\&quot;:\&quot;Copyright\&quot;,\&quot;Value\&quot;:{\&quot;PostCondition\&quot;:null,\&quot;PreConditon\&quot;:null,\&quot;MappedContent\&quot;:null,\&quot;MappedContentAlias\&quot;:null,\&quot;FixedContent\&quot;:\&quot;Copyright 2011\&quot;,\&quot;MappedContentDelimeter\&quot;:null,\&quot;AutoGenerate\&quot;:false}},{\&quot;Key\&quot;:\&quot;Id\&quot;,\&quot;Value\&quot;:{\&quot;PostCondition\&quot;:null,\&quot;PreConditon\&quot;:null,\&quot;MappedContent\&quot;:\&quot;UFI\&quot;,\&quot;MappedContentAlias\&quot;:null,\&quot;FixedContent\&quot;:null,\&quot;MappedContentDelimeter\&quot;:null,\&quot;AutoGenerate\&quot;:true}},{\&quot;Key\&quot;:\&quot;LastUpdatedTime\&quot;,\&quot;Value\&quot;:{\&quot;PostCondition\&quot;:null,\&quot;PreConditon\&quot;:null,\&quot;MappedContent\&quot;:null,\&quot;MappedContentAlias\&quot;:null,\&quot;FixedContent\&quot;:null,\&quot;MappedContentDelimeter\&quot;:null,\&quot;AutoGenerate\&quot;:false}},{\&quot;Key\&quot;:\&quot;Links\&quot;,\&quot;Value\&quot;:{\&quot;PostCondition\&quot;:null,\&quot;PreConditon\&quot;:null,\&quot;MappedContent\&quot;:null,\&quot;MappedContentAlias\&quot;:null,\&quot;FixedContent\&quot;:\&quot;http://www.mapbutcher.com\&quot;,\&quot;MappedContentDelimeter\&quot;:null,\&quot;AutoGenerate\&quot;:false}},{\&quot;Key\&quot;:\&quot;PublishDate\&quot;,\&quot;Value\&quot;:{\&quot;PostCondition\&quot;:null,\&quot;PreConditon\&quot;:null,\&quot;MappedContent\&quot;:null,\&quot;MappedContentAlias\&quot;:null,\&quot;FixedContent\&quot;:null,\&quot;MappedContentDelimeter\&quot;:null,\&quot;AutoGenerate\&quot;:true}},{\&quot;Key\&quot;:\&quot;Summary\&quot;,\&quot;Value\&quot;:{\&quot;PostCondition\&quot;:null,\&quot;PreConditon\&quot;:null,\&quot;MappedContent\&quot;:null,\&quot;MappedContentAlias\&quot;:null,\&quot;FixedContent\&quot;:null,\&quot;MappedContentDelimeter\&quot;:null,\&quot;AutoGenerate\&quot;:false}},{\&quot;Key\&quot;:\&quot;Title\&quot;,\&quot;Value\&quot;:{\&quot;PostCondition\&quot;:null,\&quot;PreConditon\&quot;:null,\&quot;MappedContent\&quot;:null,\&quot;MappedContentAlias\&quot;:null,\&quot;FixedContent\&quot;:null,\&quot;MappedContentDelimeter\&quot;:null,\&quot;AutoGenerate\&quot;:false}}]}}&quot;, &quot;georss&quot;, &quot;{}&quot;, 38, &quot;http://www.w3.org/2005/Atom&quot;, &quot;entry&quot;)" testId="3321bbe20b4d2ea" isPrimary="false" isTestCase="true" isDynamic="false">
                        <codeReference assembly="GPX.Server.Extension.Tests, Version=1.0.0.0, Culture=neutral, PublicKeyToken=null" namespace="GPX.Server.Extension.Tests" type="GPX.Server.Extension.Tests.MockServerTest" member="ExportGeoRSS_AtomFormat_Layer" />
                        <codeLocation path="C:\Git\arcgis-exporter-extension\GPX.Server.Extension.Tests\MockServerTest.cs" line="152" />
                        <metadata>
                          <entry key="TestKind">
                            <value>Test</value>
                          </entry>
                          <entry key="Description">
                            <value>Export Polygon Simple Atom</value>
                          </entry>
                        </metadata>
                      </testStep>
                      <children />
                      <result assertCount="1" duration="1.5419791999999999">
                        <outcome status="passed" />
                      </result>
                      <testLog>
                        <streams />
                        <attachments />
                      </testLog>
                    </testStepRun>
                    <testStepRun startTime="2012-05-01T21:57:17.5718928+10:00" endTime="2012-05-01T21:57:18.9739088+10:00">
                      <testStep id="1f4f26cdeb01b8ad" name="ExportGeoRSS_AtomFormat_Layer(&quot;&quot;, &quot;ExportLayers/2&quot;, &quot;ExportLayer&quot;, &quot;{\&quot;filterGeometry\&quot;:null,\&quot;geometryType\&quot;:null,\&quot;where\&quot;:null,\&quot;exportProperties\&quot;:{\&quot;Title\&quot;:\&quot;Californian EarthQuakes\&quot;,\&quot;ID\&quot;:\&quot;Feed Id\&quot;,\&quot;Language\&quot;:\&quot;en-us\&quot;,\&quot;CopyRight\&quot;:\&quot;Copyright 2011\&quot;,\&quot;Generator\&quot;:\&quot;http://www.mapbutcher.com\&quot;,\&quot;Description\&quot;:\&quot;A GeoRSS format of Californian EarthQuakes\&quot;,\&quot;Link\&quot;:{\&quot;BaseUri\&quot;:null,\&quot;Length\&quot;:0,\&quot;MediaType\&quot;:null,\&quot;RelationshipType\&quot;:null,\&quot;Title\&quot;:\&quot;Mapbutcher\&quot;,\&quot;Uri\&quot;:\&quot;http://www.mapbutcher.com\&quot;},\&quot;Author\&quot;:{\&quot;Email\&quot;:\&quot;mapbutcher@mapbutcher.com\&quot;,\&quot;Name\&quot;:\&quot;Simon\&quot;,\&quot;Uri\&quot;:\&quot;http://www.mapbutcher.com\&quot;},\&quot;GeometryFormat\&quot;:\&quot;GML\&quot;,\&quot;GeometryField\&quot;:\&quot;Shape\&quot;,\&quot;FeedFormat\&quot;:\&quot;Atom\&quot;,\&quot;Items\&quot;:[{\&quot;Key\&quot;:\&quot;Author\&quot;,\&quot;Value\&quot;:{\&quot;PostCondition\&quot;:null,\&quot;PreConditon\&quot;:null,\&quot;MappedContent\&quot;:null,\&quot;MappedContentAlias\&quot;:null,\&quot;FixedContent\&quot;:\&quot;Simon Hope\&quot;,\&quot;MappedContentDelimeter\&quot;:null,\&quot;AutoGenerate\&quot;:false}},{\&quot;Key\&quot;:\&quot;Content\&quot;,\&quot;Value\&quot;:{\&quot;PostCondition\&quot;:null,\&quot;PreConditon\&quot;:null,\&quot;MappedContent\&quot;:null,\&quot;MappedContentAlias\&quot;:null,\&quot;FixedContent\&quot;:null,\&quot;MappedContentDelimeter\&quot;:null,\&quot;AutoGenerate\&quot;:false}},{\&quot;Key\&quot;:\&quot;Contributors\&quot;,\&quot;Value\&quot;:{\&quot;PostCondition\&quot;:null,\&quot;PreConditon\&quot;:null,\&quot;MappedContent\&quot;:null,\&quot;MappedContentAlias\&quot;:null,\&quot;FixedContent\&quot;:\&quot;mapbutcher@mapbutcher.com\&quot;,\&quot;MappedContentDelimeter\&quot;:null,\&quot;AutoGenerate\&quot;:false}},{\&quot;Key\&quot;:\&quot;Copyright\&quot;,\&quot;Value\&quot;:{\&quot;PostCondition\&quot;:null,\&quot;PreConditon\&quot;:null,\&quot;MappedContent\&quot;:null,\&quot;MappedContentAlias\&quot;:null,\&quot;FixedContent\&quot;:\&quot;Copyright 2011\&quot;,\&quot;MappedContentDelimeter\&quot;:null,\&quot;AutoGenerate\&quot;:false}},{\&quot;Key\&quot;:\&quot;Id\&quot;,\&quot;Value\&quot;:{\&quot;PostCondition\&quot;:null,\&quot;PreConditon\&quot;:null,\&quot;MappedContent\&quot;:\&quot;UFI\&quot;,\&quot;MappedContentAlias\&quot;:null,\&quot;FixedContent\&quot;:null,\&quot;MappedContentDelimeter\&quot;:null,\&quot;AutoGenerate\&quot;:true}},{\&quot;Key\&quot;:\&quot;LastUpdatedTime\&quot;,\&quot;Value\&quot;:{\&quot;PostCondition\&quot;:null,\&quot;PreConditon\&quot;:null,\&quot;MappedContent\&quot;:null,\&quot;MappedContentAlias\&quot;:null,\&quot;FixedContent\&quot;:null,\&quot;MappedContentDelimeter\&quot;:null,\&quot;AutoGenerate\&quot;:false}},{\&quot;Key\&quot;:\&quot;Links\&quot;,\&quot;Value\&quot;:{\&quot;PostCondition\&quot;:null,\&quot;PreConditon\&quot;:null,\&quot;MappedContent\&quot;:null,\&quot;MappedContentAlias\&quot;:null,\&quot;FixedContent\&quot;:\&quot;http://www.mapbutcher.com\&quot;,\&quot;MappedContentDelimeter\&quot;:null,\&quot;AutoGenerate\&quot;:false}},{\&quot;Key\&quot;:\&quot;PublishDate\&quot;,\&quot;Value\&quot;:{\&quot;PostCondition\&quot;:null,\&quot;PreConditon\&quot;:null,\&quot;MappedContent\&quot;:null,\&quot;MappedContentAlias\&quot;:null,\&quot;FixedContent\&quot;:null,\&quot;MappedContentDelimeter\&quot;:null,\&quot;AutoGenerate\&quot;:true}},{\&quot;Key\&quot;:\&quot;Summary\&quot;,\&quot;Value\&quot;:{\&quot;PostCondition\&quot;:null,\&quot;PreConditon\&quot;:null,\&quot;MappedContent\&quot;:null,\&quot;MappedContentAlias\&quot;:null,\&quot;FixedContent\&quot;:null,\&quot;MappedContentDelimeter\&quot;:null,\&quot;AutoGenerate\&quot;:false}},{\&quot;Key\&quot;:\&quot;Title\&quot;,\&quot;Value\&quot;:{\&quot;PostCondition\&quot;:null,\&quot;PreConditon\&quot;:null,\&quot;MappedContent\&quot;:null,\&quot;MappedContentAlias\&quot;:null,\&quot;FixedContent\&quot;:null,\&quot;MappedContentDelimeter\&quot;:null,\&quot;AutoGenerate\&quot;:false}}]}}&quot;, &quot;georss&quot;, &quot;{}&quot;, 221, &quot;http://www.w3.org/2005/Atom&quot;, &quot;entry&quot;)" fullName="GPX.Server.Extension.Tests/MockServerTest/ExportGeoRSS_AtomFormat_Layer/ExportGeoRSS_AtomFormat_Layer(&quot;&quot;, &quot;ExportLayers/2&quot;, &quot;ExportLayer&quot;, &quot;{\&quot;filterGeometry\&quot;:null,\&quot;geometryType\&quot;:null,\&quot;where\&quot;:null,\&quot;exportProperties\&quot;:{\&quot;Title\&quot;:\&quot;Californian EarthQuakes\&quot;,\&quot;ID\&quot;:\&quot;Feed Id\&quot;,\&quot;Language\&quot;:\&quot;en-us\&quot;,\&quot;CopyRight\&quot;:\&quot;Copyright 2011\&quot;,\&quot;Generator\&quot;:\&quot;http://www.mapbutcher.com\&quot;,\&quot;Description\&quot;:\&quot;A GeoRSS format of Californian EarthQuakes\&quot;,\&quot;Link\&quot;:{\&quot;BaseUri\&quot;:null,\&quot;Length\&quot;:0,\&quot;MediaType\&quot;:null,\&quot;RelationshipType\&quot;:null,\&quot;Title\&quot;:\&quot;Mapbutcher\&quot;,\&quot;Uri\&quot;:\&quot;http://www.mapbutcher.com\&quot;},\&quot;Author\&quot;:{\&quot;Email\&quot;:\&quot;mapbutcher@mapbutcher.com\&quot;,\&quot;Name\&quot;:\&quot;Simon\&quot;,\&quot;Uri\&quot;:\&quot;http://www.mapbutcher.com\&quot;},\&quot;GeometryFormat\&quot;:\&quot;GML\&quot;,\&quot;GeometryField\&quot;:\&quot;Shape\&quot;,\&quot;FeedFormat\&quot;:\&quot;Atom\&quot;,\&quot;Items\&quot;:[{\&quot;Key\&quot;:\&quot;Author\&quot;,\&quot;Value\&quot;:{\&quot;PostCondition\&quot;:null,\&quot;PreConditon\&quot;:null,\&quot;MappedContent\&quot;:null,\&quot;MappedContentAlias\&quot;:null,\&quot;FixedContent\&quot;:\&quot;Simon Hope\&quot;,\&quot;MappedContentDelimeter\&quot;:null,\&quot;AutoGenerate\&quot;:false}},{\&quot;Key\&quot;:\&quot;Content\&quot;,\&quot;Value\&quot;:{\&quot;PostCondition\&quot;:null,\&quot;PreConditon\&quot;:null,\&quot;MappedContent\&quot;:null,\&quot;MappedContentAlias\&quot;:null,\&quot;FixedContent\&quot;:null,\&quot;MappedContentDelimeter\&quot;:null,\&quot;AutoGenerate\&quot;:false}},{\&quot;Key\&quot;:\&quot;Contributors\&quot;,\&quot;Value\&quot;:{\&quot;PostCondition\&quot;:null,\&quot;PreConditon\&quot;:null,\&quot;MappedContent\&quot;:null,\&quot;MappedContentAlias\&quot;:null,\&quot;FixedContent\&quot;:\&quot;mapbutcher@mapbutcher.com\&quot;,\&quot;MappedContentDelimeter\&quot;:null,\&quot;AutoGenerate\&quot;:false}},{\&quot;Key\&quot;:\&quot;Copyright\&quot;,\&quot;Value\&quot;:{\&quot;PostCondition\&quot;:null,\&quot;PreConditon\&quot;:null,\&quot;MappedContent\&quot;:null,\&quot;MappedContentAlias\&quot;:null,\&quot;FixedContent\&quot;:\&quot;Copyright 2011\&quot;,\&quot;MappedContentDelimeter\&quot;:null,\&quot;AutoGenerate\&quot;:false}},{\&quot;Key\&quot;:\&quot;Id\&quot;,\&quot;Value\&quot;:{\&quot;PostCondition\&quot;:null,\&quot;PreConditon\&quot;:null,\&quot;MappedContent\&quot;:\&quot;UFI\&quot;,\&quot;MappedContentAlias\&quot;:null,\&quot;FixedContent\&quot;:null,\&quot;MappedContentDelimeter\&quot;:null,\&quot;AutoGenerate\&quot;:true}},{\&quot;Key\&quot;:\&quot;LastUpdatedTime\&quot;,\&quot;Value\&quot;:{\&quot;PostCondition\&quot;:null,\&quot;PreConditon\&quot;:null,\&quot;MappedContent\&quot;:null,\&quot;MappedContentAlias\&quot;:null,\&quot;FixedContent\&quot;:null,\&quot;MappedContentDelimeter\&quot;:null,\&quot;AutoGenerate\&quot;:false}},{\&quot;Key\&quot;:\&quot;Links\&quot;,\&quot;Value\&quot;:{\&quot;PostCondition\&quot;:null,\&quot;PreConditon\&quot;:null,\&quot;MappedContent\&quot;:null,\&quot;MappedContentAlias\&quot;:null,\&quot;FixedContent\&quot;:\&quot;http://www.mapbutcher.com\&quot;,\&quot;MappedContentDelimeter\&quot;:null,\&quot;AutoGenerate\&quot;:false}},{\&quot;Key\&quot;:\&quot;PublishDate\&quot;,\&quot;Value\&quot;:{\&quot;PostCondition\&quot;:null,\&quot;PreConditon\&quot;:null,\&quot;MappedContent\&quot;:null,\&quot;MappedContentAlias\&quot;:null,\&quot;FixedContent\&quot;:null,\&quot;MappedContentDelimeter\&quot;:null,\&quot;AutoGenerate\&quot;:true}},{\&quot;Key\&quot;:\&quot;Summary\&quot;,\&quot;Value\&quot;:{\&quot;PostCondition\&quot;:null,\&quot;PreConditon\&quot;:null,\&quot;MappedContent\&quot;:null,\&quot;MappedContentAlias\&quot;:null,\&quot;FixedContent\&quot;:null,\&quot;MappedContentDelimeter\&quot;:null,\&quot;AutoGenerate\&quot;:false}},{\&quot;Key\&quot;:\&quot;Title\&quot;,\&quot;Value\&quot;:{\&quot;PostCondition\&quot;:null,\&quot;PreConditon\&quot;:null,\&quot;MappedContent\&quot;:null,\&quot;MappedContentAlias\&quot;:null,\&quot;FixedContent\&quot;:null,\&quot;MappedContentDelimeter\&quot;:null,\&quot;AutoGenerate\&quot;:false}}]}}&quot;, &quot;georss&quot;, &quot;{}&quot;, 221, &quot;http://www.w3.org/2005/Atom&quot;, &quot;entry&quot;)" testId="3321bbe20b4d2ea" isPrimary="false" isTestCase="true" isDynamic="false">
                        <codeReference assembly="GPX.Server.Extension.Tests, Version=1.0.0.0, Culture=neutral, PublicKeyToken=null" namespace="GPX.Server.Extension.Tests" type="GPX.Server.Extension.Tests.MockServerTest" member="ExportGeoRSS_AtomFormat_Layer" />
                        <codeLocation path="C:\Git\arcgis-exporter-extension\GPX.Server.Extension.Tests\MockServerTest.cs" line="152" />
                        <metadata>
                          <entry key="TestKind">
                            <value>Test</value>
                          </entry>
                          <entry key="Description">
                            <value>Export Points GML Atom</value>
                          </entry>
                        </metadata>
                      </testStep>
                      <children />
                      <result assertCount="1" duration="1.4031761">
                        <outcome status="passed" />
                      </result>
                      <testLog>
                        <streams />
                        <attachments />
                      </testLog>
                    </testStepRun>
                    <testStepRun startTime="2012-05-01T21:57:18.9739088+10:00" endTime="2012-05-01T21:57:21.106976+10:00">
                      <testStep id="9e85e8fe8cf23938" name="ExportGeoRSS_AtomFormat_Layer(&quot;&quot;, &quot;ExportLayers/7&quot;, &quot;ExportLayer&quot;, &quot;{\&quot;filterGeometry\&quot;:null,\&quot;geometryType\&quot;:null,\&quot;where\&quot;:null,\&quot;exportProperties\&quot;:{\&quot;Title\&quot;:\&quot;Californian Rivers\&quot;,\&quot;ID\&quot;:\&quot;Feed Id\&quot;,\&quot;Language\&quot;:\&quot;en-us\&quot;,\&quot;CopyRight\&quot;:\&quot;Copyright 2011\&quot;,\&quot;Generator\&quot;:\&quot;http://www.mapbutcher.com\&quot;,\&quot;Description\&quot;:\&quot;A GeoRSS format of Californian Rivers\&quot;,\&quot;Link\&quot;:{\&quot;BaseUri\&quot;:null,\&quot;Length\&quot;:0,\&quot;MediaType\&quot;:null,\&quot;RelationshipType\&quot;:null,\&quot;Title\&quot;:\&quot;Mapbutcher\&quot;,\&quot;Uri\&quot;:\&quot;http://www.mapbutcher.com\&quot;},\&quot;Author\&quot;:{\&quot;Email\&quot;:\&quot;mapbutcher@mapbutcher.com\&quot;,\&quot;Name\&quot;:\&quot;Simon\&quot;,\&quot;Uri\&quot;:\&quot;http://www.mapbutcher.com\&quot;},\&quot;GeometryFormat\&quot;:\&quot;simple\&quot;,\&quot;GeometryField\&quot;:\&quot;Shape\&quot;,\&quot;FeedFormat\&quot;:\&quot;Atom\&quot;,\&quot;Items\&quot;:[{\&quot;Key\&quot;:\&quot;Author\&quot;,\&quot;Value\&quot;:{\&quot;PostCondition\&quot;:null,\&quot;PreConditon\&quot;:null,\&quot;MappedContent\&quot;:null,\&quot;MappedContentAlias\&quot;:null,\&quot;FixedContent\&quot;:\&quot;Simon Hope\&quot;,\&quot;MappedContentDelimeter\&quot;:null,\&quot;AutoGenerate\&quot;:false}},{\&quot;Key\&quot;:\&quot;Content\&quot;,\&quot;Value\&quot;:{\&quot;PostCondition\&quot;:null,\&quot;PreConditon\&quot;:null,\&quot;MappedContent\&quot;:null,\&quot;MappedContentAlias\&quot;:null,\&quot;FixedContent\&quot;:null,\&quot;MappedContentDelimeter\&quot;:null,\&quot;AutoGenerate\&quot;:false}},{\&quot;Key\&quot;:\&quot;Contributors\&quot;,\&quot;Value\&quot;:{\&quot;PostCondition\&quot;:null,\&quot;PreConditon\&quot;:null,\&quot;MappedContent\&quot;:null,\&quot;MappedContentAlias\&quot;:null,\&quot;FixedContent\&quot;:\&quot;mapbutcher@mapbutcher.com\&quot;,\&quot;MappedContentDelimeter\&quot;:null,\&quot;AutoGenerate\&quot;:false}},{\&quot;Key\&quot;:\&quot;Copyright\&quot;,\&quot;Value\&quot;:{\&quot;PostCondition\&quot;:null,\&quot;PreConditon\&quot;:null,\&quot;MappedContent\&quot;:null,\&quot;MappedContentAlias\&quot;:null,\&quot;FixedContent\&quot;:\&quot;Copyright 2011\&quot;,\&quot;MappedContentDelimeter\&quot;:null,\&quot;AutoGenerate\&quot;:false}},{\&quot;Key\&quot;:\&quot;Id\&quot;,\&quot;Value\&quot;:{\&quot;PostCondition\&quot;:null,\&quot;PreConditon\&quot;:null,\&quot;MappedContent\&quot;:\&quot;UFI\&quot;,\&quot;MappedContentAlias\&quot;:null,\&quot;FixedContent\&quot;:null,\&quot;MappedContentDelimeter\&quot;:null,\&quot;AutoGenerate\&quot;:true}},{\&quot;Key\&quot;:\&quot;LastUpdatedTime\&quot;,\&quot;Value\&quot;:{\&quot;PostCondition\&quot;:null,\&quot;PreConditon\&quot;:null,\&quot;MappedContent\&quot;:null,\&quot;MappedContentAlias\&quot;:null,\&quot;FixedContent\&quot;:null,\&quot;MappedContentDelimeter\&quot;:null,\&quot;AutoGenerate\&quot;:false}},{\&quot;Key\&quot;:\&quot;Links\&quot;,\&quot;Value\&quot;:{\&quot;PostCondition\&quot;:null,\&quot;PreConditon\&quot;:null,\&quot;MappedContent\&quot;:null,\&quot;MappedContentAlias\&quot;:null,\&quot;FixedContent\&quot;:\&quot;http://www.mapbutcher.com\&quot;,\&quot;MappedContentDelimeter\&quot;:null,\&quot;AutoGenerate\&quot;:false}},{\&quot;Key\&quot;:\&quot;PublishDate\&quot;,\&quot;Value\&quot;:{\&quot;PostCondition\&quot;:null,\&quot;PreConditon\&quot;:null,\&quot;MappedContent\&quot;:null,\&quot;MappedContentAlias\&quot;:null,\&quot;FixedContent\&quot;:null,\&quot;MappedContentDelimeter\&quot;:null,\&quot;AutoGenerate\&quot;:true}},{\&quot;Key\&quot;:\&quot;Summary\&quot;,\&quot;Value\&quot;:{\&quot;PostCondition\&quot;:null,\&quot;PreConditon\&quot;:null,\&quot;MappedContent\&quot;:null,\&quot;MappedContentAlias\&quot;:null,\&quot;FixedContent\&quot;:null,\&quot;MappedContentDelimeter\&quot;:null,\&quot;AutoGenerate\&quot;:false}},{\&quot;Key\&quot;:\&quot;Title\&quot;,\&quot;Value\&quot;:{\&quot;PostCondition\&quot;:null,\&quot;PreConditon\&quot;:null,\&quot;MappedContent\&quot;:null,\&quot;MappedContentAlias\&quot;:null,\&quot;FixedContent\&quot;:null,\&quot;MappedContentDelimeter\&quot;:null,\&quot;AutoGenerate\&quot;:false}}]}}&quot;, &quot;georss&quot;, &quot;{}&quot;, 500, &quot;http://www.w3.org/2005/Atom&quot;, &quot;entry&quot;)" fullName="GPX.Server.Extension.Tests/MockServerTest/ExportGeoRSS_AtomFormat_Layer/ExportGeoRSS_AtomFormat_Layer(&quot;&quot;, &quot;ExportLayers/7&quot;, &quot;ExportLayer&quot;, &quot;{\&quot;filterGeometry\&quot;:null,\&quot;geometryType\&quot;:null,\&quot;where\&quot;:null,\&quot;exportProperties\&quot;:{\&quot;Title\&quot;:\&quot;Californian Rivers\&quot;,\&quot;ID\&quot;:\&quot;Feed Id\&quot;,\&quot;Language\&quot;:\&quot;en-us\&quot;,\&quot;CopyRight\&quot;:\&quot;Copyright 2011\&quot;,\&quot;Generator\&quot;:\&quot;http://www.mapbutcher.com\&quot;,\&quot;Description\&quot;:\&quot;A GeoRSS format of Californian Rivers\&quot;,\&quot;Link\&quot;:{\&quot;BaseUri\&quot;:null,\&quot;Length\&quot;:0,\&quot;MediaType\&quot;:null,\&quot;RelationshipType\&quot;:null,\&quot;Title\&quot;:\&quot;Mapbutcher\&quot;,\&quot;Uri\&quot;:\&quot;http://www.mapbutcher.com\&quot;},\&quot;Author\&quot;:{\&quot;Email\&quot;:\&quot;mapbutcher@mapbutcher.com\&quot;,\&quot;Name\&quot;:\&quot;Simon\&quot;,\&quot;Uri\&quot;:\&quot;http://www.mapbutcher.com\&quot;},\&quot;GeometryFormat\&quot;:\&quot;simple\&quot;,\&quot;GeometryField\&quot;:\&quot;Shape\&quot;,\&quot;FeedFormat\&quot;:\&quot;Atom\&quot;,\&quot;Items\&quot;:[{\&quot;Key\&quot;:\&quot;Author\&quot;,\&quot;Value\&quot;:{\&quot;PostCondition\&quot;:null,\&quot;PreConditon\&quot;:null,\&quot;MappedContent\&quot;:null,\&quot;MappedContentAlias\&quot;:null,\&quot;FixedContent\&quot;:\&quot;Simon Hope\&quot;,\&quot;MappedContentDelimeter\&quot;:null,\&quot;AutoGenerate\&quot;:false}},{\&quot;Key\&quot;:\&quot;Content\&quot;,\&quot;Value\&quot;:{\&quot;PostCondition\&quot;:null,\&quot;PreConditon\&quot;:null,\&quot;MappedContent\&quot;:null,\&quot;MappedContentAlias\&quot;:null,\&quot;FixedContent\&quot;:null,\&quot;MappedContentDelimeter\&quot;:null,\&quot;AutoGenerate\&quot;:false}},{\&quot;Key\&quot;:\&quot;Contributors\&quot;,\&quot;Value\&quot;:{\&quot;PostCondition\&quot;:null,\&quot;PreConditon\&quot;:null,\&quot;MappedContent\&quot;:null,\&quot;MappedContentAlias\&quot;:null,\&quot;FixedContent\&quot;:\&quot;mapbutcher@mapbutcher.com\&quot;,\&quot;MappedContentDelimeter\&quot;:null,\&quot;AutoGenerate\&quot;:false}},{\&quot;Key\&quot;:\&quot;Copyright\&quot;,\&quot;Value\&quot;:{\&quot;PostCondition\&quot;:null,\&quot;PreConditon\&quot;:null,\&quot;MappedContent\&quot;:null,\&quot;MappedContentAlias\&quot;:null,\&quot;FixedContent\&quot;:\&quot;Copyright 2011\&quot;,\&quot;MappedContentDelimeter\&quot;:null,\&quot;AutoGenerate\&quot;:false}},{\&quot;Key\&quot;:\&quot;Id\&quot;,\&quot;Value\&quot;:{\&quot;PostCondition\&quot;:null,\&quot;PreConditon\&quot;:null,\&quot;MappedContent\&quot;:\&quot;UFI\&quot;,\&quot;MappedContentAlias\&quot;:null,\&quot;FixedContent\&quot;:null,\&quot;MappedContentDelimeter\&quot;:null,\&quot;AutoGenerate\&quot;:true}},{\&quot;Key\&quot;:\&quot;LastUpdatedTime\&quot;,\&quot;Value\&quot;:{\&quot;PostCondition\&quot;:null,\&quot;PreConditon\&quot;:null,\&quot;MappedContent\&quot;:null,\&quot;MappedContentAlias\&quot;:null,\&quot;FixedContent\&quot;:null,\&quot;MappedContentDelimeter\&quot;:null,\&quot;AutoGenerate\&quot;:false}},{\&quot;Key\&quot;:\&quot;Links\&quot;,\&quot;Value\&quot;:{\&quot;PostCondition\&quot;:null,\&quot;PreConditon\&quot;:null,\&quot;MappedContent\&quot;:null,\&quot;MappedContentAlias\&quot;:null,\&quot;FixedContent\&quot;:\&quot;http://www.mapbutcher.com\&quot;,\&quot;MappedContentDelimeter\&quot;:null,\&quot;AutoGenerate\&quot;:false}},{\&quot;Key\&quot;:\&quot;PublishDate\&quot;,\&quot;Value\&quot;:{\&quot;PostCondition\&quot;:null,\&quot;PreConditon\&quot;:null,\&quot;MappedContent\&quot;:null,\&quot;MappedContentAlias\&quot;:null,\&quot;FixedContent\&quot;:null,\&quot;MappedContentDelimeter\&quot;:null,\&quot;AutoGenerate\&quot;:true}},{\&quot;Key\&quot;:\&quot;Summary\&quot;,\&quot;Value\&quot;:{\&quot;PostCondition\&quot;:null,\&quot;PreConditon\&quot;:null,\&quot;MappedContent\&quot;:null,\&quot;MappedContentAlias\&quot;:null,\&quot;FixedContent\&quot;:null,\&quot;MappedContentDelimeter\&quot;:null,\&quot;AutoGenerate\&quot;:false}},{\&quot;Key\&quot;:\&quot;Title\&quot;,\&quot;Value\&quot;:{\&quot;PostCondition\&quot;:null,\&quot;PreConditon\&quot;:null,\&quot;MappedContent\&quot;:null,\&quot;MappedContentAlias\&quot;:null,\&quot;FixedContent\&quot;:null,\&quot;MappedContentDelimeter\&quot;:null,\&quot;AutoGenerate\&quot;:false}}]}}&quot;, &quot;georss&quot;, &quot;{}&quot;, 500, &quot;http://www.w3.org/2005/Atom&quot;, &quot;entry&quot;)" testId="3321bbe20b4d2ea" isPrimary="false" isTestCase="true" isDynamic="false">
                        <codeReference assembly="GPX.Server.Extension.Tests, Version=1.0.0.0, Culture=neutral, PublicKeyToken=null" namespace="GPX.Server.Extension.Tests" type="GPX.Server.Extension.Tests.MockServerTest" member="ExportGeoRSS_AtomFormat_Layer" />
                        <codeLocation path="C:\Git\arcgis-exporter-extension\GPX.Server.Extension.Tests\MockServerTest.cs" line="152" />
                        <metadata>
                          <entry key="TestKind">
                            <value>Test</value>
                          </entry>
                          <entry key="Description">
                            <value>Export Lines Simple Atom - test assumes 500 feature limit threshhold set by mock server object</value>
                          </entry>
                        </metadata>
                      </testStep>
                      <children />
                      <result assertCount="1" duration="2.1226692">
                        <outcome status="passed" />
                      </result>
                      <testLog>
                        <streams />
                        <attachments />
                      </testLog>
                    </testStepRun>
                  </children>
                  <result assertCount="6" duration="11.156714">
                    <outcome status="passed" />
                  </result>
                  <testLog>
                    <streams />
                    <attachments />
                  </testLog>
                </testStepRun>
                <testStepRun startTime="2012-05-01T21:57:21.106976+10:00" endTime="2012-05-01T21:57:33.4647456+10:00">
                  <testStep id="e8e64cdc6187404b" name="ExportGeoRSS_RSSFormat_Layer" fullName="GPX.Server.Extension.Tests/MockServerTest/ExportGeoRSS_RSSFormat_Layer" testId="3329aded5f51c3be" isPrimary="true" isTestCase="false" isDynamic="false">
                    <codeReference assembly="GPX.Server.Extension.Tests, Version=1.0.0.0, Culture=neutral, PublicKeyToken=null" namespace="GPX.Server.Extension.Tests" type="GPX.Server.Extension.Tests.MockServerTest" member="ExportGeoRSS_RSSFormat_Layer" />
                    <codeLocation path="C:\Git\arcgis-exporter-extension\GPX.Server.Extension.Tests\MockServerTest.cs" line="230" />
                    <metadata>
                      <entry key="TestKind">
                        <value>Test</value>
                      </entry>
                    </metadata>
                  </testStep>
                  <children>
                    <testStepRun startTime="2012-05-01T21:57:21.106976+10:00" endTime="2012-05-01T21:57:23.2901152+10:00">
                      <testStep id="cddbe10f9db3fc2b" name="ExportGeoRSS_RSSFormat_Layer(&quot;&quot;, &quot;ExportLayers/2&quot;, &quot;ExportLayer&quot;, &quot;{\&quot;filterGeometry\&quot;:null,\&quot;geometryType\&quot;:null,\&quot;where\&quot;:null,\&quot;exportProperties\&quot;:{\&quot;Title\&quot;:\&quot;Californian EarthQuakes\&quot;,\&quot;ID\&quot;:\&quot;Feed Id\&quot;,\&quot;Language\&quot;:\&quot;en-us\&quot;,\&quot;CopyRight\&quot;:\&quot;Copyright 2011\&quot;,\&quot;Generator\&quot;:\&quot;http://www.mapbutcher.com\&quot;,\&quot;Description\&quot;:\&quot;A GeoRSS format of Californian EarthQuakes\&quot;,\&quot;Link\&quot;:{\&quot;BaseUri\&quot;:null,\&quot;Length\&quot;:0,\&quot;MediaType\&quot;:null,\&quot;RelationshipType\&quot;:null,\&quot;Title\&quot;:\&quot;Mapbutcher\&quot;,\&quot;Uri\&quot;:\&quot;http://www.mapbutcher.com\&quot;},\&quot;Author\&quot;:{\&quot;Email\&quot;:\&quot;mapbutcher@mapbutcher.com\&quot;,\&quot;Name\&quot;:\&quot;Simon\&quot;,\&quot;Uri\&quot;:\&quot;http://www.mapbutcher.com\&quot;},\&quot;GeometryFormat\&quot;:\&quot;simple\&quot;,\&quot;GeometryField\&quot;:\&quot;Shape\&quot;,\&quot;FeedFormat\&quot;:\&quot;Rss\&quot;,\&quot;Items\&quot;:[{\&quot;Key\&quot;:\&quot;Author\&quot;,\&quot;Value\&quot;:{\&quot;PostCondition\&quot;:null,\&quot;PreConditon\&quot;:null,\&quot;MappedContent\&quot;:null,\&quot;MappedContentAlias\&quot;:null,\&quot;FixedContent\&quot;:\&quot;Simon Hope\&quot;,\&quot;MappedContentDelimeter\&quot;:null,\&quot;AutoGenerate\&quot;:false}},{\&quot;Key\&quot;:\&quot;Content\&quot;,\&quot;Value\&quot;:{\&quot;PostCondition\&quot;:null,\&quot;PreConditon\&quot;:null,\&quot;MappedContent\&quot;:null,\&quot;MappedContentAlias\&quot;:null,\&quot;FixedContent\&quot;:null,\&quot;MappedContentDelimeter\&quot;:null,\&quot;AutoGenerate\&quot;:false}},{\&quot;Key\&quot;:\&quot;Contributors\&quot;,\&quot;Value\&quot;:{\&quot;PostCondition\&quot;:null,\&quot;PreConditon\&quot;:null,\&quot;MappedContent\&quot;:null,\&quot;MappedContentAlias\&quot;:null,\&quot;FixedContent\&quot;:\&quot;mapbutcher@mapbutcher.com\&quot;,\&quot;MappedContentDelimeter\&quot;:null,\&quot;AutoGenerate\&quot;:false}},{\&quot;Key\&quot;:\&quot;Copyright\&quot;,\&quot;Value\&quot;:{\&quot;PostCondition\&quot;:null,\&quot;PreConditon\&quot;:null,\&quot;MappedContent\&quot;:null,\&quot;MappedContentAlias\&quot;:null,\&quot;FixedContent\&quot;:\&quot;Copyright 2011\&quot;,\&quot;MappedContentDelimeter\&quot;:null,\&quot;AutoGenerate\&quot;:false}},{\&quot;Key\&quot;:\&quot;Id\&quot;,\&quot;Value\&quot;:{\&quot;PostCondition\&quot;:null,\&quot;PreConditon\&quot;:null,\&quot;MappedContent\&quot;:\&quot;UFI\&quot;,\&quot;MappedContentAlias\&quot;:null,\&quot;FixedContent\&quot;:null,\&quot;MappedContentDelimeter\&quot;:null,\&quot;AutoGenerate\&quot;:true}},{\&quot;Key\&quot;:\&quot;LastUpdatedTime\&quot;,\&quot;Value\&quot;:{\&quot;PostCondition\&quot;:null,\&quot;PreConditon\&quot;:null,\&quot;MappedContent\&quot;:null,\&quot;MappedContentAlias\&quot;:null,\&quot;FixedContent\&quot;:null,\&quot;MappedContentDelimeter\&quot;:null,\&quot;AutoGenerate\&quot;:false}},{\&quot;Key\&quot;:\&quot;Links\&quot;,\&quot;Value\&quot;:{\&quot;PostCondition\&quot;:null,\&quot;PreConditon\&quot;:null,\&quot;MappedContent\&quot;:null,\&quot;MappedContentAlias\&quot;:null,\&quot;FixedContent\&quot;:\&quot;http://www.mapbutcher.com\&quot;,\&quot;MappedContentDelimeter\&quot;:null,\&quot;AutoGenerate\&quot;:false}},{\&quot;Key\&quot;:\&quot;PublishDate\&quot;,\&quot;Value\&quot;:{\&quot;PostCondition\&quot;:null,\&quot;PreConditon\&quot;:null,\&quot;MappedContent\&quot;:null,\&quot;MappedContentAlias\&quot;:null,\&quot;FixedContent\&quot;:null,\&quot;MappedContentDelimeter\&quot;:null,\&quot;AutoGenerate\&quot;:true}},{\&quot;Key\&quot;:\&quot;Summary\&quot;,\&quot;Value\&quot;:{\&quot;PostCondition\&quot;:null,\&quot;PreConditon\&quot;:null,\&quot;MappedContent\&quot;:null,\&quot;MappedContentAlias\&quot;:null,\&quot;FixedContent\&quot;:null,\&quot;MappedContentDelimeter\&quot;:null,\&quot;AutoGenerate\&quot;:false}},{\&quot;Key\&quot;:\&quot;Title\&quot;,\&quot;Value\&quot;:{\&quot;PostCondition\&quot;:null,\&quot;PreConditon\&quot;:null,\&quot;MappedContent\&quot;:null,\&quot;MappedContentAlias\&quot;:null,\&quot;FixedContent\&quot;:null,\&quot;MappedContentDelimeter\&quot;:null,\&quot;AutoGenerate\&quot;:false}}]}}&quot;, &quot;georss&quot;, &quot;{}&quot;, 221, &quot;item&quot;)" fullName="GPX.Server.Extension.Tests/MockServerTest/ExportGeoRSS_RSSFormat_Layer/ExportGeoRSS_RSSFormat_Layer(&quot;&quot;, &quot;ExportLayers/2&quot;, &quot;ExportLayer&quot;, &quot;{\&quot;filterGeometry\&quot;:null,\&quot;geometryType\&quot;:null,\&quot;where\&quot;:null,\&quot;exportProperties\&quot;:{\&quot;Title\&quot;:\&quot;Californian EarthQuakes\&quot;,\&quot;ID\&quot;:\&quot;Feed Id\&quot;,\&quot;Language\&quot;:\&quot;en-us\&quot;,\&quot;CopyRight\&quot;:\&quot;Copyright 2011\&quot;,\&quot;Generator\&quot;:\&quot;http://www.mapbutcher.com\&quot;,\&quot;Description\&quot;:\&quot;A GeoRSS format of Californian EarthQuakes\&quot;,\&quot;Link\&quot;:{\&quot;BaseUri\&quot;:null,\&quot;Length\&quot;:0,\&quot;MediaType\&quot;:null,\&quot;RelationshipType\&quot;:null,\&quot;Title\&quot;:\&quot;Mapbutcher\&quot;,\&quot;Uri\&quot;:\&quot;http://www.mapbutcher.com\&quot;},\&quot;Author\&quot;:{\&quot;Email\&quot;:\&quot;mapbutcher@mapbutcher.com\&quot;,\&quot;Name\&quot;:\&quot;Simon\&quot;,\&quot;Uri\&quot;:\&quot;http://www.mapbutcher.com\&quot;},\&quot;GeometryFormat\&quot;:\&quot;simple\&quot;,\&quot;GeometryField\&quot;:\&quot;Shape\&quot;,\&quot;FeedFormat\&quot;:\&quot;Rss\&quot;,\&quot;Items\&quot;:[{\&quot;Key\&quot;:\&quot;Author\&quot;,\&quot;Value\&quot;:{\&quot;PostCondition\&quot;:null,\&quot;PreConditon\&quot;:null,\&quot;MappedContent\&quot;:null,\&quot;MappedContentAlias\&quot;:null,\&quot;FixedContent\&quot;:\&quot;Simon Hope\&quot;,\&quot;MappedContentDelimeter\&quot;:null,\&quot;AutoGenerate\&quot;:false}},{\&quot;Key\&quot;:\&quot;Content\&quot;,\&quot;Value\&quot;:{\&quot;PostCondition\&quot;:null,\&quot;PreConditon\&quot;:null,\&quot;MappedContent\&quot;:null,\&quot;MappedContentAlias\&quot;:null,\&quot;FixedContent\&quot;:null,\&quot;MappedContentDelimeter\&quot;:null,\&quot;AutoGenerate\&quot;:false}},{\&quot;Key\&quot;:\&quot;Contributors\&quot;,\&quot;Value\&quot;:{\&quot;PostCondition\&quot;:null,\&quot;PreConditon\&quot;:null,\&quot;MappedContent\&quot;:null,\&quot;MappedContentAlias\&quot;:null,\&quot;FixedContent\&quot;:\&quot;mapbutcher@mapbutcher.com\&quot;,\&quot;MappedContentDelimeter\&quot;:null,\&quot;AutoGenerate\&quot;:false}},{\&quot;Key\&quot;:\&quot;Copyright\&quot;,\&quot;Value\&quot;:{\&quot;PostCondition\&quot;:null,\&quot;PreConditon\&quot;:null,\&quot;MappedContent\&quot;:null,\&quot;MappedContentAlias\&quot;:null,\&quot;FixedContent\&quot;:\&quot;Copyright 2011\&quot;,\&quot;MappedContentDelimeter\&quot;:null,\&quot;AutoGenerate\&quot;:false}},{\&quot;Key\&quot;:\&quot;Id\&quot;,\&quot;Value\&quot;:{\&quot;PostCondition\&quot;:null,\&quot;PreConditon\&quot;:null,\&quot;MappedContent\&quot;:\&quot;UFI\&quot;,\&quot;MappedContentAlias\&quot;:null,\&quot;FixedContent\&quot;:null,\&quot;MappedContentDelimeter\&quot;:null,\&quot;AutoGenerate\&quot;:true}},{\&quot;Key\&quot;:\&quot;LastUpdatedTime\&quot;,\&quot;Value\&quot;:{\&quot;PostCondition\&quot;:null,\&quot;PreConditon\&quot;:null,\&quot;MappedContent\&quot;:null,\&quot;MappedContentAlias\&quot;:null,\&quot;FixedContent\&quot;:null,\&quot;MappedContentDelimeter\&quot;:null,\&quot;AutoGenerate\&quot;:false}},{\&quot;Key\&quot;:\&quot;Links\&quot;,\&quot;Value\&quot;:{\&quot;PostCondition\&quot;:null,\&quot;PreConditon\&quot;:null,\&quot;MappedContent\&quot;:null,\&quot;MappedContentAlias\&quot;:null,\&quot;FixedContent\&quot;:\&quot;http://www.mapbutcher.com\&quot;,\&quot;MappedContentDelimeter\&quot;:null,\&quot;AutoGenerate\&quot;:false}},{\&quot;Key\&quot;:\&quot;PublishDate\&quot;,\&quot;Value\&quot;:{\&quot;PostCondition\&quot;:null,\&quot;PreConditon\&quot;:null,\&quot;MappedContent\&quot;:null,\&quot;MappedContentAlias\&quot;:null,\&quot;FixedContent\&quot;:null,\&quot;MappedContentDelimeter\&quot;:null,\&quot;AutoGenerate\&quot;:true}},{\&quot;Key\&quot;:\&quot;Summary\&quot;,\&quot;Value\&quot;:{\&quot;PostCondition\&quot;:null,\&quot;PreConditon\&quot;:null,\&quot;MappedContent\&quot;:null,\&quot;MappedContentAlias\&quot;:null,\&quot;FixedContent\&quot;:null,\&quot;MappedContentDelimeter\&quot;:null,\&quot;AutoGenerate\&quot;:false}},{\&quot;Key\&quot;:\&quot;Title\&quot;,\&quot;Value\&quot;:{\&quot;PostCondition\&quot;:null,\&quot;PreConditon\&quot;:null,\&quot;MappedContent\&quot;:null,\&quot;MappedContentAlias\&quot;:null,\&quot;FixedContent\&quot;:null,\&quot;MappedContentDelimeter\&quot;:null,\&quot;AutoGenerate\&quot;:false}}]}}&quot;, &quot;georss&quot;, &quot;{}&quot;, 221, &quot;item&quot;)" testId="3329aded5f51c3be" isPrimary="false" isTestCase="true" isDynamic="false">
                        <codeReference assembly="GPX.Server.Extension.Tests, Version=1.0.0.0, Culture=neutral, PublicKeyToken=null" namespace="GPX.Server.Extension.Tests" type="GPX.Server.Extension.Tests.MockServerTest" member="ExportGeoRSS_RSSFormat_Layer" />
                        <codeLocation path="C:\Git\arcgis-exporter-extension\GPX.Server.Extension.Tests\MockServerTest.cs" line="230" />
                        <metadata>
                          <entry key="TestKind">
                            <value>Test</value>
                          </entry>
                          <entry key="Description">
                            <value>Export Points Simple RSS</value>
                          </entry>
                        </metadata>
                      </testStep>
                      <children />
                      <result assertCount="1" duration="2.1839979">
                        <outcome status="passed" />
                      </result>
                      <testLog>
                        <streams>
                          <stream name="Log">
                            <body>
                              <contents>
                                <text><![CDATA[<?xml version="1.0" encoding="utf-8"?><rss xmlns:a10="http://www.w3.org/2005/Atom" version="2.0"><channel xmlns:georss="http://www.georss.org/georss"><title>Californian EarthQuakes</title><description>A GeoRSS format of Californian EarthQuakes</description><language>en-us</language><copyright>Copyright 2011</copyright><managingEditor>mapbutcher@mapbutcher.com</managingEditor><generator>http://www.mapbutcher.com</generator><a10:id>d46446c7-fb06-43bb-98a6-a6441af605a6</a10:id><a10:link title="Mapbutcher" href="http://www.mapbutcher.com/" /><item><guid isPermaLink="false">b4e5bdd2-c14f-4de0-a6ae-8ba69820eaa1</guid><a10:author><a10:name>Simon Hope</a10:name></a10:author><title /><description /><pubDate>Tue, 01 May 2012 21:57:23 +1000</pubDate><a10:link href="http://www.mapbutcher.com/" /><a10:rights type="text">Copyright 2011</a10:rights><a10:content type="text"></a10:content><a10:contributor><a10:name>mapbutcher@mapbutcher.com</a10:name></a10:contributor><georss:point>37.66993316 -122.48108686</georss:point></item><item><guid isPermaLink="false">82df4700-142b-443e-b67f-0f69009d85c3</guid><a10:author><a10:name>Simon Hope</a10:name></a10:author><title /><description /><pubDate>Tue, 01 May 2012 21:57:23 +1000</pubDate><a10:link href="http://www.mapbutcher.com/" /><a10:rights type="text">Copyright 2011</a10:rights><a10:content type="text"></a10:content><a10:contributor><a10:name>mapbutcher@mapbutcher.com</a10:name></a10:contributor><georss:point>34.9999697440001 -119.017936513</georss:point></item><item><guid isPermaLink="false">c5b5587d-1be9-471f-94df-f74c9eddae98</guid><a10:author><a10:name>Simon Hope</a10:name></a10:author><title /><description /><pubDate>Tue, 01 May 2012 21:57:23 +1000</pubDate><a10:link href="http://www.mapbutcher.com/" /><a10:rights type="text">Copyright 2011</a10:rights><a10:content type="text"></a10:content><a10:contributor><a10:name>mapbutcher@mapbutcher.com</a10:name></a10:contributor><georss:point>34.0000154850001 -117.500885202</georss:point></item><item><guid isPermaLink="false">64471b07-f844-43a8-bdf2-42a2d9fb43ef</guid><a10:author><a10:name>Simon Hope</a10:name></a10:author><title /><description /><pubDate>Tue, 01 May 2012 21:57:23 +1000</pubDate><a10:link href="http://www.mapbutcher.com/" /><a10:rights type="text">Copyright 2011</a10:rights><a10:content type="text"></a10:content><a10:contributor><a10:name>mapbutcher@mapbutcher.com</a10:name></a10:contributor><georss:point>37.7999265940001 -122.001068373</georss:point></item><item><guid isPermaLink="false">8bdaf383-7a1f-405b-99b3-604e0fae5dc7</guid><a10:author><a10:name>Simon Hope</a10:name></a10:author><title /><description /><pubDate>Tue, 01 May 2012 21:57:23 +1000</pubDate><a10:link href="http://www.mapbutcher.com/" /><a10:rights type="text">Copyright 2011</a10:rights><a10:content type="text"></a10:content><a10:contributor><a10:name>mapbutcher@mapbutcher.com</a10:name></a10:contributor><georss:point>37.199947147 -121.901069559</georss:point></item><item><guid isPermaLink="false">72ff57d2-0145-4007-be59-cf09f4eb7d86</guid><a10:author><a10:name>Simon Hope</a10:name></a10:author><title /><description /><pubDate>Tue, 01 May 2012 21:57:23 +1000</pubDate><a10:link href="http://www.mapbutcher.com/" /><a10:rights type="text">Copyright 2011</a10:rights><a10:content type="text"></a10:content><a10:contributor><a10:name>mapbutcher@mapbutcher.com</a10:name></a10:contributor><georss:point>36.899955963 -121.601051506</georss:point></item><item><guid isPermaLink="false">535f399a-22a4-4f00-90c4-4cceae8bcbe1</guid><a10:author><a10:name>Simon Hope</a10:name></a10:author><title /><description /><pubDate>Tue, 01 May 2012 21:57:23 +1000</pubDate><a10:link href="http://www.mapbutcher.com/" /><a10:rights type="text">Copyright 2011</a10:rights><a10:content type="text"></a10:content><a10:contributor><a10:name>mapbutcher@mapbutcher.com</a10:name></a10:contributor><georss:point>38.299915405 -122.401092248</georss:point></item><item><guid isPermaLink="false">e447be6e-d7c4-4cb8-badb-9d6d69e4792f</guid><a10:author><a10:name>Simon Hope</a10:name></a10:author><title /><description /><pubDate>Tue, 01 May 2012 21:57:23 +1000</pubDate><a10:link href="http://www.mapbutcher.com/" /><a10:rights type="text">Copyright 2011</a10:rights><a10:content type="text"></a10:content><a10:contributor><a10:name>mapbutcher@mapbutcher.com</a10:name></a10:contributor><georss:point>34.2999990760001 -118.6009218</georss:point></item><item><guid isPermaLink="false">5a663b1e-f2f9-49a5-8252-df5387bcac0c</guid><a10:author><a10:name>Simon Hope</a10:name></a10:author><title /><description /><pubDate>Tue, 01 May 2012 21:57:23 +1000</pubDate><a10:link href="http://www.mapbutcher.com/" /><a10:rights type="text">Copyright 2011</a10:rights><a10:content type="text"></a10:content><a10:contributor><a10:name>mapbutcher@mapbutcher.com</a10:name></a10:contributor><georss:point>36.9999465990001 -121.501052693</georss:point></item><item><guid isPermaLink="false">d5df7a8f-ce07-4b17-be81-ca593d4ce47f</guid><a10:author><a10:name>Simon Hope</a10:name></a10:author><title /><description /><pubDate>Tue, 01 May 2012 21:57:23 +1000</pubDate><a10:link href="http://www.mapbutcher.com/" /><a10:rights type="text">Copyright 2011</a10:rights><a10:content type="text"></a10:content><a10:contributor><a10:name>mapbutcher@mapbutcher.com</a10:name></a10:contributor><georss:point>38.1999165920001 -122.401092248</georss:point></item><item><guid isPermaLink="false">c4e49970-948d-4496-adfa-6430dc3c8f68</guid><a10:author><a10:name>Simon Hope</a10:name></a10:author><title /><description /><pubDate>Tue, 01 May 2012 21:57:23 +1000</pubDate><a10:link href="http://www.mapbutcher.com/" /><a10:rights type="text">Copyright 2011</a10:rights><a10:content type="text"></a10:content><a10:contributor><a10:name>mapbutcher@mapbutcher.com</a10:name></a10:contributor><georss:point>39.1999018070001 -123.801132296</georss:point></item><item><guid isPermaLink="false">76d55e9c-ae3c-4039-949a-ae9b1957b9a7</guid><a10:author><a10:name>Simon Hope</a10:name></a10:author><title /><description /><pubDate>Tue, 01 May 2012 21:57:23 +1000</pubDate><a10:link href="http://www.mapbutcher.com/" /><a10:rights type="text">Copyright 2011</a10:rights><a10:content type="text"></a10:content><a10:contributor><a10:name>mapbutcher@mapbutcher.com</a10:name></a10:contributor><georss:point>34.300003164 -117.500885202</georss:point></item><item><guid isPermaLink="false">a956062f-462b-46bc-9bda-d59e97491038</guid><a10:author><a10:name>Simon Hope</a10:name></a10:author><title /><description /><pubDate>Tue, 01 May 2012 21:57:23 +1000</pubDate><a10:link href="http://www.mapbutcher.com/" /><a10:rights type="text">Copyright 2011</a10:rights><a10:content type="text"></a10:content><a10:contributor><a10:name>mapbutcher@mapbutcher.com</a10:name></a10:contributor><georss:point>35.999961968 -120.500991545</georss:point></item><item><guid isPermaLink="false">c4a72f1f-5c91-42c2-8a89-7536c33ae59f</guid><a10:author><a10:name>Simon Hope</a10:name></a10:author><title /><description /><pubDate>Tue, 01 May 2012 21:57:23 +1000</pubDate><a10:link href="http://www.mapbutcher.com/" /><a10:rights type="text">Copyright 2011</a10:rights><a10:content type="text"></a10:content><a10:contributor><a10:name>mapbutcher@mapbutcher.com</a10:name></a10:contributor><georss:point>34.699985569 -120.300995086</georss:point></item><item><guid isPermaLink="false">a7f7ca25-1e39-42c3-90fe-b2282bed324b</guid><a10:author><a10:name>Simon Hope</a10:name></a10:author><title /><description /><pubDate>Tue, 01 May 2012 21:57:23 +1000</pubDate><a10:link href="http://www.mapbutcher.com/" /><a10:rights type="text">Copyright 2011</a10:rights><a10:content type="text"></a10:content><a10:contributor><a10:name>mapbutcher@mapbutcher.com</a10:name></a10:contributor><georss:point>34.599983251 -120.400993315</georss:point></item><item><guid isPermaLink="false">06697027-772b-4618-9450-413e48db77ae</guid><a10:author><a10:name>Simon Hope</a10:name></a10:author><title /><description /><pubDate>Tue, 01 May 2012 21:57:23 +1000</pubDate><a10:link href="http://www.mapbutcher.com/" /><a10:rights type="text">Copyright 2011</a10:rights><a10:content type="text"></a10:content><a10:contributor><a10:name>mapbutcher@mapbutcher.com</a10:name></a10:contributor><georss:point>32.900051316 -115.500824236</georss:point></item><item><guid isPermaLink="false">e820a085-d32c-47b8-9e17-6aaf8c2dad41</guid><a10:author><a10:name>Simon Hope</a10:name></a10:author><title /><description /><pubDate>Tue, 01 May 2012 21:57:23 +1000</pubDate><a10:link href="http://www.mapbutcher.com/" /><a10:rights type="text">Copyright 2011</a10:rights><a10:content type="text"></a10:content><a10:contributor><a10:name>mapbutcher@mapbutcher.com</a10:name></a10:contributor><georss:point>40.499854842 -124.201156754</georss:point></item><item><guid isPermaLink="false">9ca90b45-fcad-4999-b811-6bf6b2adce21</guid><a10:author><a10:name>Simon Hope</a10:name></a10:author><title /><description /><pubDate>Tue, 01 May 2012 21:57:23 +1000</pubDate><a10:link href="http://www.mapbutcher.com/" /><a10:rights type="text">Copyright 2011</a10:rights><a10:content type="text"></a10:content><a10:contributor><a10:name>mapbutcher@mapbutcher.com</a10:name></a10:contributor><georss:point>37.2499430490001 -121.751060241</georss:point></item><item><guid isPermaLink="false">7d26a260-2a53-45fe-899d-8f51bd91d75b</guid><a10:author><a10:name>Simon Hope</a10:name></a10:author><title /><description /><pubDate>Tue, 01 May 2012 21:57:23 +1000</pubDate><a10:link href="http://www.mapbutcher.com/" /><a10:rights type="text">Copyright 2011</a10:rights><a10:content type="text"></a10:content><a10:contributor><a10:name>mapbutcher@mapbutcher.com</a10:name></a10:contributor><georss:point>34.599983251 -120.200981086</georss:point></item><item><guid isPermaLink="false">930f0c01-d20d-43f5-b2a9-5688879affaf</guid><a10:author><a10:name>Simon Hope</a10:name></a10:author><title /><description /><pubDate>Tue, 01 May 2012 21:57:23 +1000</pubDate><a10:link href="http://www.mapbutcher.com/" /><a10:rights type="text">Copyright 2011</a10:rights><a10:content type="text"></a10:content><a10:contributor><a10:name>mapbutcher@mapbutcher.com</a10:name></a10:contributor><georss:point>32.8000525030001 -115.500824236</georss:point></item><item><guid isPermaLink="false">922fc76e-0ffd-4501-bf23-b923a73cb96d</guid><a10:author><a10:name>Simon Hope</a10:name></a10:author><title /><description /><pubDate>Tue, 01 May 2012 21:57:23 +1000</pubDate><a10:link href="http://www.mapbutcher.com/" /><a10:rights type="text">Copyright 2011</a10:rights><a10:content type="text"></a10:content><a10:contributor><a10:name>mapbutcher@mapbutcher.com</a10:name></a10:contributor><georss:point>32.8000525030001 -115.500824236</georss:point></item><item><guid isPermaLink="false">3b775120-94e8-4ae7-9e11-7e480361a243</guid><a10:author><a10:name>Simon Hope</a10:name></a10:author><title /><description /><pubDate>Tue, 01 May 2012 21:57:23 +1000</pubDate><a10:link href="http://www.mapbutcher.com/" /><a10:rights type="text">Copyright 2011</a10:rights><a10:content type="text"></a10:content><a10:contributor><a10:name>mapbutcher@mapbutcher.com</a10:name></a10:contributor><georss:point>34.000011397 -118.500915392</georss:point></item><item><guid isPermaLink="false">1c12cdb8-2ef5-49a7-b09f-a361faa91e3c</guid><a10:author><a10:name>Simon Hope</a10:name></a10:author><title /><description /><pubDate>Tue, 01 May 2012 21:57:23 +1000</pubDate><a10:link href="http://www.mapbutcher.com/" /><a10:rights type="text">Copyright 2011</a10:rights><a10:content type="text"></a10:content><a10:contributor><a10:name>mapbutcher@mapbutcher.com</a10:name></a10:contributor><georss:point>40.4998513370001 -124.501174807</georss:point></item><item><guid isPermaLink="false">f0046bd3-0fa9-4f84-a1c5-0bd2be79ef52</guid><a10:author><a10:name>Simon Hope</a10:name></a10:author><title /><description /><pubDate>Tue, 01 May 2012 21:57:23 +1000</pubDate><a10:link href="http://www.mapbutcher.com/" /><a10:rights type="text">Copyright 2011</a10:rights><a10:content type="text"></a10:content><a10:contributor><a10:name>mapbutcher@mapbutcher.com</a10:name></a10:contributor><georss:point>40.999843653 -124.601188807</georss:point></item><item><guid isPermaLink="false">cd1ade23-131d-477f-8f1d-5522012949fc</guid><a10:author><a10:name>Simon Hope</a10:name></a10:author><title /><description /><pubDate>Tue, 01 May 2012 21:57:23 +1000</pubDate><a10:link href="http://www.mapbutcher.com/" /><a10:rights type="text">Copyright 2011</a10:rights><a10:content type="text"></a10:content><a10:contributor><a10:name>mapbutcher@mapbutcher.com</a10:name></a10:contributor><georss:point>34.6999814800001 -120.801010181</georss:point></item><item><guid isPermaLink="false">de30caa1-098c-463c-917a-e1c884954e89</guid><a10:author><a10:name>Simon Hope</a10:name></a10:author><title /><description /><pubDate>Tue, 01 May 2012 21:57:23 +1000</pubDate><a10:link href="http://www.mapbutcher.com/" /><a10:rights type="text">Copyright 2011</a10:rights><a10:content type="text"></a10:content><a10:contributor><a10:name>mapbutcher@mapbutcher.com</a10:name></a10:contributor><georss:point>40.7498472030001 -124.5011824</georss:point></item><item><guid isPermaLink="false">bd2e5a47-390b-4e0a-8ff3-672629c9a7d3</guid><a10:author><a10:name>Simon Hope</a10:name></a10:author><title /><description /><pubDate>Tue, 01 May 2012 21:57:23 +1000</pubDate><a10:link href="http://www.mapbutcher.com/" /><a10:rights type="text">Copyright 2011</a10:rights><a10:content type="text"></a10:content><a10:contributor><a10:name>mapbutcher@mapbutcher.com</a10:name></a10:contributor><georss:point>33.6160204390001 -117.966895841</georss:point></item><item><guid isPermaLink="false">9a838062-979b-4dae-9773-4e1552e61bf3</guid><a10:author><a10:name>Simon Hope</a10:name></a10:author><title /><description /><pubDate>Tue, 01 May 2012 21:57:23 +1000</pubDate><a10:link href="http://www.mapbutcher.com/" /><a10:rights type="text">Copyright 2011</a10:rights><a10:content type="text"></a10:content><a10:contributor><a10:name>mapbutcher@mapbutcher.com</a10:name></a10:contributor><georss:point>35.799964925 -120.330986203</georss:point></item><item><guid isPermaLink="false">33fe9644-9c8d-4be9-abbb-f3288c520ed3</guid><a10:author><a10:name>Simon Hope</a10:name></a10:author><title /><description /><pubDate>Tue, 01 May 2012 21:57:23 +1000</pubDate><a10:link href="http://www.mapbutcher.com/" /><a10:rights type="text">Copyright 2011</a10:rights><a10:content type="text"></a10:content><a10:contributor><a10:name>mapbutcher@mapbutcher.com</a10:name></a10:contributor><georss:point>34.366996914 -119.583961737</georss:point></item><item><guid isPermaLink="false">17b45c8d-87de-4d9c-9571-297a61e69170</guid><a10:author><a10:name>Simon Hope</a10:name></a10:author><title /><description /><pubDate>Tue, 01 May 2012 21:57:23 +1000</pubDate><a10:link href="http://www.mapbutcher.com/" /><a10:rights type="text">Copyright 2011</a10:rights><a10:content type="text"></a10:content><a10:contributor><a10:name>mapbutcher@mapbutcher.com</a10:name></a10:contributor><georss:point>33.7830200110001 -118.250907845</georss:point></item><item><guid isPermaLink="false">a3430b05-87e0-4863-820b-15d47fa59caf</guid><a10:author><a10:name>Simon Hope</a10:name></a10:author><title /><description /><pubDate>Tue, 01 May 2012 21:57:23 +1000</pubDate><a10:link href="http://www.mapbutcher.com/" /><a10:rights type="text">Copyright 2011</a10:rights><a10:content type="text"></a10:content><a10:contributor><a10:name>mapbutcher@mapbutcher.com</a10:name></a10:contributor><georss:point>33.117042702 -115.567825579</georss:point></item><item><guid isPermaLink="false">40374dba-9dbf-4627-ae0c-4ad69b7f76f1</guid><a10:author><a10:name>Simon Hope</a10:name></a10:author><title /><description /><pubDate>Tue, 01 May 2012 21:57:23 +1000</pubDate><a10:link href="http://www.mapbutcher.com/" /><a10:rights type="text">Copyright 2011</a10:rights><a10:content type="text"></a10:content><a10:contributor><a10:name>mapbutcher@mapbutcher.com</a10:name></a10:contributor><georss:point>35.3329583980001 -118.91793069</georss:point></item><item><guid isPermaLink="false">9872e42c-981f-4c65-b866-c4fb0881f1aa</guid><a10:author><a10:name>Simon Hope</a10:name></a10:author><title /><description /><pubDate>Tue, 01 May 2012 21:57:23 +1000</pubDate><a10:link href="http://www.mapbutcher.com/" /><a10:rights type="text">Copyright 2011</a10:rights><a10:content type="text"></a10:content><a10:contributor><a10:name>mapbutcher@mapbutcher.com</a10:name></a10:contributor><georss:point>36.9329493450001 -121.684058898</georss:point></item><item><guid isPermaLink="false">88a450f7-274b-484c-bd95-ebe0236a01e6</guid><a10:author><a10:name>Simon Hope</a10:name></a10:author><title /><description /><pubDate>Tue, 01 May 2012 21:57:23 +1000</pubDate><a10:link href="http://www.mapbutcher.com/" /><a10:rights type="text">Copyright 2011</a10:rights><a10:content type="text"></a10:content><a10:contributor><a10:name>mapbutcher@mapbutcher.com</a10:name></a10:contributor><georss:point>38.466911472 -122.693099975</georss:point></item><item><guid isPermaLink="false">116c7873-d56b-4425-be29-d28a28616e27</guid><a10:author><a10:name>Simon Hope</a10:name></a10:author><title /><description /><pubDate>Tue, 01 May 2012 21:57:23 +1000</pubDate><a10:link href="http://www.mapbutcher.com/" /><a10:rights type="text">Copyright 2011</a10:rights><a10:content type="text"></a10:content><a10:contributor><a10:name>mapbutcher@mapbutcher.com</a10:name></a10:contributor><georss:point>38.454914092 -122.693099975</georss:point></item><item><guid isPermaLink="false">e0dc9431-c0d1-4954-a254-858aea75dbd2</guid><a10:author><a10:name>Simon Hope</a10:name></a10:author><title /><description /><pubDate>Tue, 01 May 2012 21:57:23 +1000</pubDate><a10:link href="http://www.mapbutcher.com/" /><a10:rights type="text">Copyright 2011</a10:rights><a10:content type="text"></a10:content><a10:contributor><a10:name>mapbutcher@mapbutcher.com</a10:name></a10:contributor><georss:point>39.4388885860001 -121.529082991</georss:point></item><item><guid isPermaLink="false">319dba2a-08d0-496d-a124-0b862e2be4cc</guid><a10:author><a10:name>Simon Hope</a10:name></a10:author><title /><description /><pubDate>Tue, 01 May 2012 21:57:23 +1000</pubDate><a10:link href="http://www.mapbutcher.com/" /><a10:rights type="text">Copyright 2011</a10:rights><a10:content type="text"></a10:content><a10:contributor><a10:name>mapbutcher@mapbutcher.com</a10:name></a10:contributor><georss:point>36.2329558980001 -120.309982024</georss:point></item><item><guid isPermaLink="false">642f31b7-c8ff-4553-a98f-f9de5e61a931</guid><a10:author><a10:name>Simon Hope</a10:name></a10:author><title /><description /><pubDate>Tue, 01 May 2012 21:57:23 +1000</pubDate><a10:link href="http://www.mapbutcher.com/" /><a10:rights type="text">Copyright 2011</a10:rights><a10:content type="text"></a10:content><a10:contributor><a10:name>mapbutcher@mapbutcher.com</a10:name></a10:contributor><georss:point>37.3199384800001 -121.699058545</georss:point></item><item><guid isPermaLink="false">79c77c7f-a6e2-4824-b038-0a32baaac296</guid><a10:author><a10:name>Simon Hope</a10:name></a10:author><title /><description /><pubDate>Tue, 01 May 2012 21:57:23 +1000</pubDate><a10:link href="http://www.mapbutcher.com/" /><a10:rights type="text">Copyright 2011</a10:rights><a10:content type="text"></a10:content><a10:contributor><a10:name>mapbutcher@mapbutcher.com</a10:name></a10:contributor><georss:point>34.061012297 -118.078903133</georss:point></item><item><guid isPermaLink="false">71543e46-1f05-48cd-a01c-447e515512d9</guid><a10:author><a10:name>Simon Hope</a10:name></a10:author><title /><description /><pubDate>Tue, 01 May 2012 21:57:23 +1000</pubDate><a10:link href="http://www.mapbutcher.com/" /><a10:rights type="text">Copyright 2011</a10:rights><a10:content type="text"></a10:content><a10:contributor><a10:name>mapbutcher@mapbutcher.com</a10:name></a10:contributor><georss:point>40.36785503 -124.317161617</georss:point></item><item><guid isPermaLink="false">91d7ece9-8390-4f41-bd8a-a269560eed56</guid><a10:author><a10:name>Simon Hope</a10:name></a10:author><title /><description /><pubDate>Tue, 01 May 2012 21:57:23 +1000</pubDate><a10:link href="http://www.mapbutcher.com/" /><a10:rights type="text">Copyright 2011</a10:rights><a10:content type="text"></a10:content><a10:contributor><a10:name>mapbutcher@mapbutcher.com</a10:name></a10:contributor><georss:point>34.203006617 -116.827865418</georss:point></item><item><guid isPermaLink="false">84eba9e5-3429-4399-91d5-4041e834759e</guid><a10:author><a10:name>Simon Hope</a10:name></a10:author><title /><description /><pubDate>Tue, 01 May 2012 21:57:23 +1000</pubDate><a10:link href="http://www.mapbutcher.com/" /><a10:rights type="text">Copyright 2011</a10:rights><a10:content type="text"></a10:content><a10:contributor><a10:name>mapbutcher@mapbutcher.com</a10:name></a10:contributor><georss:point>36.899955963 -121.601051506</georss:point></item><item><guid isPermaLink="false">ba04356b-7de1-4923-8f5a-a2aabca03972</guid><a10:author><a10:name>Simon Hope</a10:name></a10:author><title /><description /><pubDate>Tue, 01 May 2012 21:57:23 +1000</pubDate><a10:link href="http://www.mapbutcher.com/" /><a10:rights type="text">Copyright 2011</a10:rights><a10:content type="text"></a10:content><a10:contributor><a10:name>mapbutcher@mapbutcher.com</a10:name></a10:contributor><georss:point>33.0000419520001 -117.300872972</georss:point></item><item><guid isPermaLink="false">86329a40-e362-4fa2-8c68-b57ae0f31a5f</guid><a10:author><a10:name>Simon Hope</a10:name></a10:author><title /><description /><pubDate>Tue, 01 May 2012 21:57:23 +1000</pubDate><a10:link href="http://www.mapbutcher.com/" /><a10:rights type="text">Copyright 2011</a10:rights><a10:content type="text"></a10:content><a10:contributor><a10:name>mapbutcher@mapbutcher.com</a10:name></a10:contributor><georss:point>37.4999430030001 -122.501091062</georss:point></item><item><guid isPermaLink="false">f3c8e79f-b803-446e-8323-8ff612105e41</guid><a10:author><a10:name>Simon Hope</a10:name></a10:author><title /><description /><pubDate>Tue, 01 May 2012 21:57:23 +1000</pubDate><a10:link href="http://www.mapbutcher.com/" /><a10:rights type="text">Copyright 2011</a10:rights><a10:content type="text"></a10:content><a10:contributor><a10:name>mapbutcher@mapbutcher.com</a10:name></a10:contributor><georss:point>35.4999731570001 -120.600997952</georss:point></item><item><guid isPermaLink="false">fb1a8469-ebb1-4c06-82d6-839ab5bd2a91</guid><a10:author><a10:name>Simon Hope</a10:name></a10:author><title /><description /><pubDate>Tue, 01 May 2012 21:57:23 +1000</pubDate><a10:link href="http://www.mapbutcher.com/" /><a10:rights type="text">Copyright 2011</a10:rights><a10:content type="text"></a10:content><a10:contributor><a10:name>mapbutcher@mapbutcher.com</a10:name></a10:contributor><georss:point>37.499938915 -122.301086425</georss:point></item><item><guid isPermaLink="false">49128d7e-e37c-4320-bc8a-ebc123ede528</guid><a10:author><a10:name>Simon Hope</a10:name></a10:author><title /><description /><pubDate>Tue, 01 May 2012 21:57:23 +1000</pubDate><a10:link href="http://www.mapbutcher.com/" /><a10:rights type="text">Copyright 2011</a10:rights><a10:content type="text"></a10:content><a10:contributor><a10:name>mapbutcher@mapbutcher.com</a10:name></a10:contributor><georss:point>37.499938915 -121.901069559</georss:point></item><item><guid isPermaLink="false">8bc76cab-194c-4baf-9928-26c3c09d51cd</guid><a10:author><a10:name>Simon Hope</a10:name></a10:author><title /><description /><pubDate>Tue, 01 May 2012 21:57:23 +1000</pubDate><a10:link href="http://www.mapbutcher.com/" /><a10:rights type="text">Copyright 2011</a10:rights><a10:content type="text"></a10:content><a10:contributor><a10:name>mapbutcher@mapbutcher.com</a10:name></a10:contributor><georss:point>40.79984661 -124.201171941</georss:point></item><item><guid isPermaLink="false">39112728-23b4-42fe-b046-5a3f1a84ed30</guid><a10:author><a10:name>Simon Hope</a10:name></a10:author><title /><description /><pubDate>Tue, 01 May 2012 21:57:23 +1000</pubDate><a10:link href="http://www.mapbutcher.com/" /><a10:rights type="text">Copyright 2011</a10:rights><a10:content type="text"></a10:content><a10:contributor><a10:name>mapbutcher@mapbutcher.com</a10:name></a10:contributor><georss:point>32.700054273 -117.200866565</georss:point></item><item><guid isPermaLink="false">c74b5bc0-5853-4fee-93bc-bef19154fb66</guid><a10:author><a10:name>Simon Hope</a10:name></a10:author><title /><description /><pubDate>Tue, 01 May 2012 21:57:23 +1000</pubDate><a10:link href="http://www.mapbutcher.com/" /><a10:rights type="text">Copyright 2011</a10:rights><a10:content type="text"></a10:content><a10:contributor><a10:name>mapbutcher@mapbutcher.com</a10:name></a10:contributor><georss:point>38.399913634 -122.601096884</georss:point></item><item><guid isPermaLink="false">1ebe2e3e-f390-4981-b945-844c5397f7fc</guid><a10:author><a10:name>Simon Hope</a10:name></a10:author><title /><description /><pubDate>Tue, 01 May 2012 21:57:23 +1000</pubDate><a10:link href="http://www.mapbutcher.com/" /><a10:rights type="text">Copyright 2011</a10:rights><a10:content type="text"></a10:content><a10:contributor><a10:name>mapbutcher@mapbutcher.com</a10:name></a10:contributor><georss:point>40.799850699 -124.101165535</georss:point></item><item><guid isPermaLink="false">76d9882f-4f5e-4d78-ad21-11fecea92cf8</guid><a10:author><a10:name>Simon Hope</a10:name></a10:author><title /><description /><pubDate>Tue, 01 May 2012 21:57:23 +1000</pubDate><a10:link href="http://www.mapbutcher.com/" /><a10:rights type="text">Copyright 2011</a10:rights><a10:content type="text"></a10:content><a10:contributor><a10:name>mapbutcher@mapbutcher.com</a10:name></a10:contributor><georss:point>37.099944829 -121.601051506</georss:point></item><item><guid isPermaLink="false">6ddd86d0-bcbd-4409-a80f-0b00b3ac0105</guid><a10:author><a10:name>Simon Hope</a10:name></a10:author><title /><description /><pubDate>Tue, 01 May 2012 21:57:23 +1000</pubDate><a10:link href="http://www.mapbutcher.com/" /><a10:rights type="text">Copyright 2011</a10:rights><a10:content type="text"></a10:content><a10:contributor><a10:name>mapbutcher@mapbutcher.com</a10:name></a10:contributor><georss:point>39.099891896 -123.101112564</georss:point></item><item><guid isPermaLink="false">e34e5655-3b9c-47de-946d-87448e0ceb18</guid><a10:author><a10:name>Simon Hope</a10:name></a10:author><title /><description /><pubDate>Tue, 01 May 2012 21:57:23 +1000</pubDate><a10:link href="http://www.mapbutcher.com/" /><a10:rights type="text">Copyright 2011</a10:rights><a10:content type="text"></a10:content><a10:contributor><a10:name>mapbutcher@mapbutcher.com</a10:name></a10:contributor><georss:point>37.199947147 -122.101074195</georss:point></item><item><guid isPermaLink="false">a731fb3e-92fd-4c1c-9024-dcff85e9ad39</guid><a10:author><a10:name>Simon Hope</a10:name></a10:author><title /><description /><pubDate>Tue, 01 May 2012 21:57:23 +1000</pubDate><a10:link href="http://www.mapbutcher.com/" /><a10:rights type="text">Copyright 2011</a10:rights><a10:content type="text"></a10:content><a10:contributor><a10:name>mapbutcher@mapbutcher.com</a10:name></a10:contributor><georss:point>40.3998601170001 -124.201156754</georss:point></item><item><guid isPermaLink="false">6370d768-f082-46c6-a6dc-f3b362b357e0</guid><a10:author><a10:name>Simon Hope</a10:name></a10:author><title /><description /><pubDate>Tue, 01 May 2012 21:57:23 +1000</pubDate><a10:link href="http://www.mapbutcher.com/" /><a10:rights type="text">Copyright 2011</a10:rights><a10:content type="text"></a10:content><a10:contributor><a10:name>mapbutcher@mapbutcher.com</a10:name></a10:contributor><georss:point>40.6998559730001 -124.001167305</georss:point></item><item><guid isPermaLink="false">6ae7812e-be3b-49bb-96f3-14b84b8e65c0</guid><a10:author><a10:name>Simon Hope</a10:name></a10:author><title /><description /><pubDate>Tue, 01 May 2012 21:57:23 +1000</pubDate><a10:link href="http://www.mapbutcher.com/" /><a10:rights type="text">Copyright 2011</a10:rights><a10:content type="text"></a10:content><a10:contributor><a10:name>mapbutcher@mapbutcher.com</a10:name></a10:contributor><georss:point>40.0998648440001 -124.001144525</georss:point></item><item><guid isPermaLink="false">b91c2cb6-5915-4074-b97d-2fc41aa4b1dc</guid><a10:author><a10:name>Simon Hope</a10:name></a10:author><title /><description /><pubDate>Tue, 01 May 2012 21:57:23 +1000</pubDate><a10:link href="http://www.mapbutcher.com/" /><a10:rights type="text">Copyright 2011</a10:rights><a10:content type="text"></a10:content><a10:contributor><a10:name>mapbutcher@mapbutcher.com</a10:name></a10:contributor><georss:point>35.999961968 -120.500991545</georss:point></item><item><guid isPermaLink="false">cc5b9aed-488d-401f-b7a2-e27d289faaa7</guid><a10:author><a10:name>Simon Hope</a10:name></a10:author><title /><description /><pubDate>Tue, 01 May 2012 21:57:23 +1000</pubDate><a10:link href="http://www.mapbutcher.com/" /><a10:rights type="text">Copyright 2011</a10:rights><a10:content type="text"></a10:content><a10:contributor><a10:name>mapbutcher@mapbutcher.com</a10:name></a10:contributor><georss:point>37.199947147 -122.001068373</georss:point></item><item><guid isPermaLink="false">5bf2f9a3-d8ca-4808-886b-e0f45ae2a9cd</guid><a10:author><a10:name>Simon Hope</a10:name></a10:author><title /><description /><pubDate>Tue, 01 May 2012 21:57:23 +1000</pubDate><a10:link href="http://www.mapbutcher.com/" /><a10:rights type="text">Copyright 2011</a10:rights><a10:content type="text"></a10:content><a10:contributor><a10:name>mapbutcher@mapbutcher.com</a10:name></a10:contributor><georss:point>36.899955963 -121.601051506</georss:point></item><item><guid isPermaLink="false">b6d8c0f2-752d-42aa-89b6-22ed263431f9</guid><a10:author><a10:name>Simon Hope</a10:name></a10:author><title /><description /><pubDate>Tue, 01 May 2012 21:57:23 +1000</pubDate><a10:link href="http://www.mapbutcher.com/" /><a10:rights type="text">Copyright 2011</a10:rights><a10:content type="text"></a10:content><a10:contributor><a10:name>mapbutcher@mapbutcher.com</a10:name></a10:contributor><georss:point>40.399898668 -120.601058698</georss:point></item><item><guid isPermaLink="false">cfcd1a64-0e2e-44ea-b3e7-72d8e5b620e1</guid><a10:author><a10:name>Simon Hope</a10:name></a10:author><title /><description /><pubDate>Tue, 01 May 2012 21:57:23 +1000</pubDate><a10:link href="http://www.mapbutcher.com/" /><a10:rights type="text">Copyright 2011</a10:rights><a10:content type="text"></a10:content><a10:contributor><a10:name>mapbutcher@mapbutcher.com</a10:name></a10:contributor><georss:point>36.699962424 -121.301048056</georss:point></item><item><guid isPermaLink="false">80605377-f55b-41f7-853c-784d65dfed5a</guid><a10:author><a10:name>Simon Hope</a10:name></a10:author><title /><description /><pubDate>Tue, 01 May 2012 21:57:23 +1000</pubDate><a10:link href="http://www.mapbutcher.com/" /><a10:rights type="text">Copyright 2011</a10:rights><a10:content type="text"></a10:content><a10:contributor><a10:name>mapbutcher@mapbutcher.com</a10:name></a10:contributor><georss:point>36.3999636470001 -121.001022411</georss:point></item><item><guid isPermaLink="false">69091d68-b4e4-4421-a281-7d1035321ad9</guid><a10:author><a10:name>Simon Hope</a10:name></a10:author><title /><description /><pubDate>Tue, 01 May 2012 21:57:23 +1000</pubDate><a10:link href="http://www.mapbutcher.com/" /><a10:rights type="text">Copyright 2011</a10:rights><a10:content type="text"></a10:content><a10:contributor><a10:name>mapbutcher@mapbutcher.com</a10:name></a10:contributor><georss:point>39.299892443 -123.601120065</georss:point></item><item><guid isPermaLink="false">11ca0eca-59e7-4375-b90f-0ef1ba2c6500</guid><a10:author><a10:name>Simon Hope</a10:name></a10:author><title /><description /><pubDate>Tue, 01 May 2012 21:57:23 +1000</pubDate><a10:link href="http://www.mapbutcher.com/" /><a10:rights type="text">Copyright 2011</a10:rights><a10:content type="text"></a10:content><a10:contributor><a10:name>mapbutcher@mapbutcher.com</a10:name></a10:contributor><georss:point>39.699897627 -120.701049919</georss:point></item><item><guid isPermaLink="false">f70516ee-3624-4c59-9f67-82cfa3d36b71</guid><a10:author><a10:name>Simon Hope</a10:name></a10:author><title /><description /><pubDate>Tue, 01 May 2012 21:57:23 +1000</pubDate><a10:link href="http://www.mapbutcher.com/" /><a10:rights type="text">Copyright 2011</a10:rights><a10:content type="text"></a10:content><a10:contributor><a10:name>mapbutcher@mapbutcher.com</a10:name></a10:contributor><georss:point>37.8999254080001 -122.301086425</georss:point></item><item><guid isPermaLink="false">79c88a6c-5b4b-4495-a350-7161a402f505</guid><a10:author><a10:name>Simon Hope</a10:name></a10:author><title /><description /><pubDate>Tue, 01 May 2012 21:57:23 +1000</pubDate><a10:link href="http://www.mapbutcher.com/" /><a10:rights type="text">Copyright 2011</a10:rights><a10:content type="text"></a10:content><a10:contributor><a10:name>mapbutcher@mapbutcher.com</a10:name></a10:contributor><georss:point>37.999920133 -121.901069559</georss:point></item><item><guid isPermaLink="false">cad0eb0b-4097-4fe4-8caa-07226174f89d</guid><a10:author><a10:name>Simon Hope</a10:name></a10:author><title /><description /><pubDate>Tue, 01 May 2012 21:57:23 +1000</pubDate><a10:link href="http://www.mapbutcher.com/" /><a10:rights type="text">Copyright 2011</a10:rights><a10:content type="text"></a10:content><a10:contributor><a10:name>mapbutcher@mapbutcher.com</a10:name></a10:contributor><georss:point>40.499893392 -120.701065105</georss:point></item><item><guid isPermaLink="false">50a887da-1662-47f7-b8a3-62ef17bb073a</guid><a10:author><a10:name>Simon Hope</a10:name></a10:author><title /><description /><pubDate>Tue, 01 May 2012 21:57:23 +1000</pubDate><a10:link href="http://www.mapbutcher.com/" /><a10:rights type="text">Copyright 2011</a10:rights><a10:content type="text"></a10:content><a10:contributor><a10:name>mapbutcher@mapbutcher.com</a10:name></a10:contributor><georss:point>37.7999265940001 -122.201072425</georss:point></item><item><guid isPermaLink="false">834dcce2-0f07-4353-84d0-4299509f4fa7</guid><a10:author><a10:name>Simon Hope</a10:name></a10:author><title /><description /><pubDate>Tue, 01 May 2012 21:57:23 +1000</pubDate><a10:link href="http://www.mapbutcher.com/" /><a10:rights type="text">Copyright 2011</a10:rights><a10:content type="text"></a10:content><a10:contributor><a10:name>mapbutcher@mapbutcher.com</a10:name></a10:contributor><georss:point>40.499854842 -124.201156754</georss:point></item><item><guid isPermaLink="false">3fbbaf48-a99f-407d-bc83-883610e6365e</guid><a10:author><a10:name>Simon Hope</a10:name></a10:author><title /><description /><pubDate>Tue, 01 May 2012 21:57:23 +1000</pubDate><a10:link href="http://www.mapbutcher.com/" /><a10:rights type="text">Copyright 2011</a10:rights><a10:content type="text"></a10:content><a10:contributor><a10:name>mapbutcher@mapbutcher.com</a10:name></a10:contributor><georss:point>38.399913634 -122.601096884</georss:point></item><item><guid isPermaLink="false">71bdfc20-73b4-4918-b640-18ffe24eeef5</guid><a10:author><a10:name>Simon Hope</a10:name></a10:author><title /><description /><pubDate>Tue, 01 May 2012 21:57:23 +1000</pubDate><a10:link href="http://www.mapbutcher.com/" /><a10:rights type="text">Copyright 2011</a10:rights><a10:content type="text"></a10:content><a10:contributor><a10:name>mapbutcher@mapbutcher.com</a10:name></a10:contributor><georss:point>40.299865976 -123.701141075</georss:point></item><item><guid isPermaLink="false">3a3abba3-15c4-487f-9374-f02440f74d9f</guid><a10:author><a10:name>Simon Hope</a10:name></a10:author><title /><description /><pubDate>Tue, 01 May 2012 21:57:23 +1000</pubDate><a10:link href="http://www.mapbutcher.com/" /><a10:rights type="text">Copyright 2011</a10:rights><a10:content type="text"></a10:content><a10:contributor><a10:name>mapbutcher@mapbutcher.com</a10:name></a10:contributor><georss:point>36.899955963 -121.701057329</georss:point></item><item><guid isPermaLink="false">7dc01ef7-241d-4495-b591-6d7b11dc1391</guid><a10:author><a10:name>Simon Hope</a10:name></a10:author><title /><description /><pubDate>Tue, 01 May 2012 21:57:23 +1000</pubDate><a10:link href="http://www.mapbutcher.com/" /><a10:rights type="text">Copyright 2011</a10:rights><a10:content type="text"></a10:content><a10:contributor><a10:name>mapbutcher@mapbutcher.com</a10:name></a10:contributor><georss:point>37.6999318690001 -122.501083468</georss:point></item><item><guid isPermaLink="false">f77ebad0-3320-48c7-8bf4-64c9bb1f3bbc</guid><a10:author><a10:name>Simon Hope</a10:name></a10:author><title /><description /><pubDate>Tue, 01 May 2012 21:57:23 +1000</pubDate><a10:link href="http://www.mapbutcher.com/" /><a10:rights type="text">Copyright 2011</a10:rights><a10:content type="text"></a10:content><a10:contributor><a10:name>mapbutcher@mapbutcher.com</a10:name></a10:contributor><georss:point>37.1999436420001 -121.501052693</georss:point></item><item><guid isPermaLink="false">cd2cec1a-4d7e-45fe-82d8-a42892f48ab7</guid><a10:author><a10:name>Simon Hope</a10:name></a10:author><title /><description /><pubDate>Tue, 01 May 2012 21:57:23 +1000</pubDate><a10:link href="http://www.mapbutcher.com/" /><a10:rights type="text">Copyright 2011</a10:rights><a10:content type="text"></a10:content><a10:contributor><a10:name>mapbutcher@mapbutcher.com</a10:name></a10:contributor><georss:point>38.399913634 -122.701095698</georss:point></item><item><guid isPermaLink="false">693ae76b-a269-4d03-b29a-550b0d89ba65</guid><a10:author><a10:name>Simon Hope</a10:name></a10:author><title /><description /><pubDate>Tue, 01 May 2012 21:57:23 +1000</pubDate><a10:link href="http://www.mapbutcher.com/" /><a10:rights type="text">Copyright 2011</a10:rights><a10:content type="text"></a10:content><a10:contributor><a10:name>mapbutcher@mapbutcher.com</a10:name></a10:contributor><georss:point>38.2999113160001 -121.901077152</georss:point></item><item><guid isPermaLink="false">ebfaac2f-c427-4167-b76c-77d4230d8d69</guid><a10:author><a10:name>Simon Hope</a10:name></a10:author><title /><description /><pubDate>Tue, 01 May 2012 21:57:23 +1000</pubDate><a10:link href="http://www.mapbutcher.com/" /><a10:rights type="text">Copyright 2011</a10:rights><a10:content type="text"></a10:content><a10:contributor><a10:name>mapbutcher@mapbutcher.com</a10:name></a10:contributor><georss:point>34.799980293 -120.400993315</georss:point></item><item><guid isPermaLink="false">acef0d32-ba7d-4602-8083-7dfaf7687b06</guid><a10:author><a10:name>Simon Hope</a10:name></a10:author><title /><description /><pubDate>Tue, 01 May 2012 21:57:23 +1000</pubDate><a10:link href="http://www.mapbutcher.com/" /><a10:rights type="text">Copyright 2011</a10:rights><a10:content type="text"></a10:content><a10:contributor><a10:name>mapbutcher@mapbutcher.com</a10:name></a10:contributor><georss:point>34.799980293 -120.400993315</georss:point></item><item><guid isPermaLink="false">841357d7-05b4-422a-aab2-2d7bdc0f0666</guid><a10:author><a10:name>Simon Hope</a10:name></a10:author><title /><description /><pubDate>Tue, 01 May 2012 21:57:23 +1000</pubDate><a10:link href="http://www.mapbutcher.com/" /><a10:rights type="text">Copyright 2011</a10:rights><a10:content type="text"></a10:content><a10:contributor><a10:name>mapbutcher@mapbutcher.com</a10:name></a10:contributor><georss:point>37.399940685 -121.901069559</georss:point></item><item><guid isPermaLink="false">d171c0e0-5545-46a5-86be-dbd66b035c2c</guid><a10:author><a10:name>Simon Hope</a10:name></a10:author><title /><description /><pubDate>Tue, 01 May 2012 21:57:23 +1000</pubDate><a10:link href="http://www.mapbutcher.com/" /><a10:rights type="text">Copyright 2011</a10:rights><a10:content type="text"></a10:content><a10:contributor><a10:name>mapbutcher@mapbutcher.com</a10:name></a10:contributor><georss:point>39.4998853970001 -122.001083559</georss:point></item><item><guid isPermaLink="false">d9241c10-940f-4f89-8398-46aabd1f6fd3</guid><a10:author><a10:name>Simon Hope</a10:name></a10:author><title /><description /><pubDate>Tue, 01 May 2012 21:57:23 +1000</pubDate><a10:link href="http://www.mapbutcher.com/" /><a10:rights type="text">Copyright 2011</a10:rights><a10:content type="text"></a10:content><a10:contributor><a10:name>mapbutcher@mapbutcher.com</a10:name></a10:contributor><georss:point>37.299941871 -121.801063737</georss:point></item><item><guid isPermaLink="false">64d97b8f-c43e-43e1-8cca-31e8dbb6a959</guid><a10:author><a10:name>Simon Hope</a10:name></a10:author><title /><description /><pubDate>Tue, 01 May 2012 21:57:23 +1000</pubDate><a10:link href="http://www.mapbutcher.com/" /><a10:rights type="text">Copyright 2011</a10:rights><a10:content type="text"></a10:content><a10:contributor><a10:name>mapbutcher@mapbutcher.com</a10:name></a10:contributor><georss:point>40.999847157 -124.001174898</georss:point></item><item><guid isPermaLink="false">1f2be797-456c-4bce-a4d3-2501d2a3860c</guid><a10:author><a10:name>Simon Hope</a10:name></a10:author><title /><description /><pubDate>Tue, 01 May 2012 21:57:23 +1000</pubDate><a10:link href="http://www.mapbutcher.com/" /><a10:rights type="text">Copyright 2011</a10:rights><a10:content type="text"></a10:content><a10:contributor><a10:name>mapbutcher@mapbutcher.com</a10:name></a10:contributor><georss:point>34.20000844 -117.100868335</georss:point></item><item><guid isPermaLink="false">f6d4d5b6-56a1-45f1-a7dd-078c16abc085</guid><a10:author><a10:name>Simon Hope</a10:name></a10:author><title /><description /><pubDate>Tue, 01 May 2012 21:57:23 +1000</pubDate><a10:link href="http://www.mapbutcher.com/" /><a10:rights type="text">Copyright 2011</a10:rights><a10:content type="text"></a10:content><a10:contributor><a10:name>mapbutcher@mapbutcher.com</a10:name></a10:contributor><georss:point>40.299899854 -120.301048239</georss:point></item><item><guid isPermaLink="false">1cc477f3-f469-4b94-9c7d-a81c53fe5907</guid><a10:author><a10:name>Simon Hope</a10:name></a10:author><title /><description /><pubDate>Tue, 01 May 2012 21:57:23 +1000</pubDate><a10:link href="http://www.mapbutcher.com/" /><a10:rights type="text">Copyright 2011</a10:rights><a10:content type="text"></a10:content><a10:contributor><a10:name>mapbutcher@mapbutcher.com</a10:name></a10:contributor><georss:point>40.799850699 -124.001167305</georss:point></item><item><guid isPermaLink="false">d58b25f4-4ebf-4444-9367-3cdf4659551b</guid><a10:author><a10:name>Simon Hope</a10:name></a10:author><title /><description /><pubDate>Tue, 01 May 2012 21:57:23 +1000</pubDate><a10:link href="http://www.mapbutcher.com/" /><a10:rights type="text">Copyright 2011</a10:rights><a10:content type="text"></a10:content><a10:contributor><a10:name>mapbutcher@mapbutcher.com</a10:name></a10:contributor><georss:point>40.999847157 -124.001174898</georss:point></item><item><guid isPermaLink="false">fd248a77-218e-4131-ba12-94dd4ddd5879</guid><a10:author><a10:name>Simon Hope</a10:name></a10:author><title /><description /><pubDate>Tue, 01 May 2012 21:57:23 +1000</pubDate><a10:link href="http://www.mapbutcher.com/" /><a10:rights type="text">Copyright 2011</a10:rights><a10:content type="text"></a10:content><a10:contributor><a10:name>mapbutcher@mapbutcher.com</a10:name></a10:contributor><georss:point>39.399898266 -120.801055741</georss:point></item><item><guid isPermaLink="false">5a4baa29-c248-4845-ada4-c59d636620e5</guid><a10:author><a10:name>Simon Hope</a10:name></a10:author><title /><description /><pubDate>Tue, 01 May 2012 21:57:23 +1000</pubDate><a10:link href="http://www.mapbutcher.com/" /><a10:rights type="text">Copyright 2011</a10:rights><a10:content type="text"></a10:content><a10:contributor><a10:name>mapbutcher@mapbutcher.com</a10:name></a10:contributor><georss:point>33.7000196290001 -117.400878795</georss:point></item><item><guid isPermaLink="false">c2c8f60c-fb46-4ba8-ae06-72ebef83fc82</guid><a10:author><a10:name>Simon Hope</a10:name></a10:author><title /><description /><pubDate>Tue, 01 May 2012 21:57:23 +1000</pubDate><a10:link href="http://www.mapbutcher.com/" /><a10:rights type="text">Copyright 2011</a10:rights><a10:content type="text"></a10:content><a10:contributor><a10:name>mapbutcher@mapbutcher.com</a10:name></a10:contributor><georss:point>37.1699449330001 -122.001068373</georss:point></item><item><guid isPermaLink="false">f011a3cb-52a9-478f-9d2d-9338336a9b8d</guid><a10:author><a10:name>Simon Hope</a10:name></a10:author><title /><description /><pubDate>Tue, 01 May 2012 21:57:23 +1000</pubDate><a10:link href="http://www.mapbutcher.com/" /><a10:rights type="text">Copyright 2011</a10:rights><a10:content type="text"></a10:content><a10:contributor><a10:name>mapbutcher@mapbutcher.com</a10:name></a10:contributor><georss:point>40.5798798270001 -121.831108005</georss:point></item><item><guid isPermaLink="false">550eefa9-48c5-4d7a-aa1c-5d8206f0190f</guid><a10:author><a10:name>Simon Hope</a10:name></a10:author><title /><description /><pubDate>Tue, 01 May 2012 21:57:23 +1000</pubDate><a10:link href="http://www.mapbutcher.com/" /><a10:rights type="text">Copyright 2011</a10:rights><a10:content type="text"></a10:content><a10:contributor><a10:name>mapbutcher@mapbutcher.com</a10:name></a10:contributor><georss:point>36.6699602100001 -121.251037553</georss:point></item><item><guid isPermaLink="false">bfd4e0ba-5974-427f-91e5-ddbc0527c590</guid><a10:author><a10:name>Simon Hope</a10:name></a10:author><title /><description /><pubDate>Tue, 01 May 2012 21:57:23 +1000</pubDate><a10:link href="http://www.mapbutcher.com/" /><a10:rights type="text">Copyright 2011</a10:rights><a10:content type="text"></a10:content><a10:contributor><a10:name>mapbutcher@mapbutcher.com</a10:name></a10:contributor><georss:point>34.8999750190001 -118.900932259</georss:point></item><item><guid isPermaLink="false">210d4151-ffa1-44f7-b48c-c2acdc4a22b8</guid><a10:author><a10:name>Simon Hope</a10:name></a10:author><title /><description /><pubDate>Tue, 01 May 2012 21:57:23 +1000</pubDate><a10:link href="http://www.mapbutcher.com/" /><a10:rights type="text">Copyright 2011</a10:rights><a10:content type="text"></a10:content><a10:contributor><a10:name>mapbutcher@mapbutcher.com</a10:name></a10:contributor><georss:point>35.1699715820001 -120.75100727</georss:point></item><item><guid isPermaLink="false">09d06281-9551-40ac-be69-687831a87134</guid><a10:author><a10:name>Simon Hope</a10:name></a10:author><title /><description /><pubDate>Tue, 01 May 2012 21:57:23 +1000</pubDate><a10:link href="http://www.mapbutcher.com/" /><a10:rights type="text">Copyright 2011</a10:rights><a10:content type="text"></a10:content><a10:contributor><a10:name>mapbutcher@mapbutcher.com</a10:name></a10:contributor><georss:point>39.5798987000001 -120.831062044</georss:point></item><item><guid isPermaLink="false">497efa37-51b2-42de-b55a-a580937edf7f</guid><a10:author><a10:name>Simon Hope</a10:name></a10:author><title /><description /><pubDate>Tue, 01 May 2012 21:57:23 +1000</pubDate><a10:link href="http://www.mapbutcher.com/" /><a10:rights type="text">Copyright 2011</a10:rights><a10:content type="text"></a10:content><a10:contributor><a10:name>mapbutcher@mapbutcher.com</a10:name></a10:contributor><georss:point>34.9999697440001 -119.000938665</georss:point></item><item><guid isPermaLink="false">c8f6ff79-89f1-440d-9acb-a6c6512d47db</guid><a10:author><a10:name>Simon Hope</a10:name></a10:author><title /><description /><pubDate>Tue, 01 May 2012 21:57:23 +1000</pubDate><a10:link href="http://www.mapbutcher.com/" /><a10:rights type="text">Copyright 2011</a10:rights><a10:content type="text"></a10:content><a10:contributor><a10:name>mapbutcher@mapbutcher.com</a10:name></a10:contributor><georss:point>40.829849408 -124.171173232</georss:point></item><item><guid isPermaLink="false">e362e8e3-7e61-4f7e-9b97-1e38af0b7e14</guid><a10:author><a10:name>Simon Hope</a10:name></a10:author><title /><description /><pubDate>Tue, 01 May 2012 21:57:23 +1000</pubDate><a10:link href="http://www.mapbutcher.com/" /><a10:rights type="text">Copyright 2011</a10:rights><a10:content type="text"></a10:content><a10:contributor><a10:name>mapbutcher@mapbutcher.com</a10:name></a10:contributor><georss:point>40.4998782060001 -121.831100413</georss:point></item><item><guid isPermaLink="false">63869ad6-97f8-4158-b0b6-ae5fc18609cc</guid><a10:author><a10:name>Simon Hope</a10:name></a10:author><title /><description /><pubDate>Tue, 01 May 2012 21:57:23 +1000</pubDate><a10:link href="http://www.mapbutcher.com/" /><a10:rights type="text">Copyright 2011</a10:rights><a10:content type="text"></a10:content><a10:contributor><a10:name>mapbutcher@mapbutcher.com</a10:name></a10:contributor><georss:point>34.0000154850001 -117.250877654</georss:point></item><item><guid isPermaLink="false">2717cf1e-848e-4de1-82e1-9265b093d8d1</guid><a10:author><a10:name>Simon Hope</a10:name></a10:author><title /><description /><pubDate>Tue, 01 May 2012 21:57:23 +1000</pubDate><a10:link href="http://www.mapbutcher.com/" /><a10:rights type="text">Copyright 2011</a10:rights><a10:content type="text"></a10:content><a10:contributor><a10:name>mapbutcher@mapbutcher.com</a10:name></a10:contributor><georss:point>34.4999926140001 -119.500953761</georss:point></item><item><guid isPermaLink="false">ee166122-7539-4fd4-b8e3-9f9149fde108</guid><a10:author><a10:name>Simon Hope</a10:name></a10:author><title /><description /><pubDate>Tue, 01 May 2012 21:57:23 +1000</pubDate><a10:link href="http://www.mapbutcher.com/" /><a10:rights type="text">Copyright 2011</a10:rights><a10:content type="text"></a10:content><a10:contributor><a10:name>mapbutcher@mapbutcher.com</a10:name></a10:contributor><georss:point>36.6169585380001 -122.351081743</georss:point></item><item><guid isPermaLink="false">644b9bfb-0018-457e-974a-facf4aa38a51</guid><a10:author><a10:name>Simon Hope</a10:name></a10:author><title /><description /><pubDate>Tue, 01 May 2012 21:57:23 +1000</pubDate><a10:link href="http://www.mapbutcher.com/" /><a10:rights type="text">Copyright 2011</a10:rights><a10:content type="text"></a10:content><a10:contributor><a10:name>mapbutcher@mapbutcher.com</a10:name></a10:contributor><georss:point>36.5499612830001 -122.184074577</georss:point></item><item><guid isPermaLink="false">7e96c6fa-5eb7-44b5-8dda-5806656649d1</guid><a10:author><a10:name>Simon Hope</a10:name></a10:author><title /><description /><pubDate>Tue, 01 May 2012 21:57:23 +1000</pubDate><a10:link href="http://www.mapbutcher.com/" /><a10:rights type="text">Copyright 2011</a10:rights><a10:content type="text"></a10:content><a10:contributor><a10:name>mapbutcher@mapbutcher.com</a10:name></a10:contributor><georss:point>33.9100152680001 -118.040901107</georss:point></item><item><guid isPermaLink="false">c3a74bcf-b342-437b-b5c6-d3305dd21ec4</guid><a10:author><a10:name>Simon Hope</a10:name></a10:author><title /><description /><pubDate>Tue, 01 May 2012 21:57:23 +1000</pubDate><a10:link href="http://www.mapbutcher.com/" /><a10:rights type="text">Copyright 2011</a10:rights><a10:content type="text"></a10:content><a10:contributor><a10:name>mapbutcher@mapbutcher.com</a10:name></a10:contributor><georss:point>36.8999325990001 -118.200927713</georss:point></item><item><guid isPermaLink="false">ab0a8334-a161-44c6-b922-a8b62dc574cc</guid><a10:author><a10:name>Simon Hope</a10:name></a10:author><title /><description /><pubDate>Tue, 01 May 2012 21:57:23 +1000</pubDate><a10:link href="http://www.mapbutcher.com/" /><a10:rights type="text">Copyright 2011</a10:rights><a10:content type="text"></a10:content><a10:contributor><a10:name>mapbutcher@mapbutcher.com</a10:name></a10:contributor><georss:point>34.20000844 -116.900863699</georss:point></item><item><guid isPermaLink="false">5cc7817b-9bf9-4949-8a81-579596174d51</guid><a10:author><a10:name>Simon Hope</a10:name></a10:author><title /><description /><pubDate>Tue, 01 May 2012 21:57:23 +1000</pubDate><a10:link href="http://www.mapbutcher.com/" /><a10:rights type="text">Copyright 2011</a10:rights><a10:content type="text"></a10:content><a10:contributor><a10:name>mapbutcher@mapbutcher.com</a10:name></a10:contributor><georss:point>34.20000844 -116.900863699</georss:point></item><item><guid isPermaLink="false">faa66364-dba4-4643-9a52-3116a0c2f6f1</guid><a10:author><a10:name>Simon Hope</a10:name></a10:author><title /><description /><pubDate>Tue, 01 May 2012 21:57:23 +1000</pubDate><a10:link href="http://www.mapbutcher.com/" /><a10:rights type="text">Copyright 2011</a10:rights><a10:content type="text"></a10:content><a10:contributor><a10:name>mapbutcher@mapbutcher.com</a10:name></a10:contributor><georss:point>33.0000419520001 -115.500824236</georss:point></item><item><guid isPermaLink="false">2ddce55c-ebee-4783-abea-ab6a2e9ce3ab</guid><a10:author><a10:name>Simon Hope</a10:name></a10:author><title /><description /><pubDate>Tue, 01 May 2012 21:57:23 +1000</pubDate><a10:link href="http://www.mapbutcher.com/" /><a10:rights type="text">Copyright 2011</a10:rights><a10:content type="text"></a10:content><a10:contributor><a10:name>mapbutcher@mapbutcher.com</a10:name></a10:contributor><georss:point>33.0000419520001 -115.500824236</georss:point></item><item><guid isPermaLink="false">fca65f5e-197e-4730-a49d-b6d352739c13</guid><a10:author><a10:name>Simon Hope</a10:name></a10:author><title /><description /><pubDate>Tue, 01 May 2012 21:57:23 +1000</pubDate><a10:link href="http://www.mapbutcher.com/" /><a10:rights type="text">Copyright 2011</a10:rights><a10:content type="text"></a10:content><a10:contributor><a10:name>mapbutcher@mapbutcher.com</a10:name></a10:contributor><georss:point>34.030006601 -118.643913193</georss:point></item><item><guid isPermaLink="false">ad0a138a-ae7a-4a04-aebe-4d604e73641e</guid><a10:author><a10:name>Simon Hope</a10:name></a10:author><title /><description /><pubDate>Tue, 01 May 2012 21:57:23 +1000</pubDate><a10:link href="http://www.mapbutcher.com/" /><a10:rights type="text">Copyright 2011</a10:rights><a10:content type="text"></a10:content><a10:contributor><a10:name>mapbutcher@mapbutcher.com</a10:name></a10:contributor><georss:point>40.829849408 -124.171173232</georss:point></item><item><guid isPermaLink="false">0c456a4a-daa6-4fb5-ad4e-d734de594147</guid><a10:author><a10:name>Simon Hope</a10:name></a10:author><title /><description /><pubDate>Tue, 01 May 2012 21:57:23 +1000</pubDate><a10:link href="http://www.mapbutcher.com/" /><a10:rights type="text">Copyright 2011</a10:rights><a10:content type="text"></a10:content><a10:contributor><a10:name>mapbutcher@mapbutcher.com</a10:name></a10:contributor><georss:point>37.5999336400001 -122.001075966</georss:point></item><item><guid isPermaLink="false">48dcde53-2ce4-4ed7-9332-d36974f6cf72</guid><a10:author><a10:name>Simon Hope</a10:name></a10:author><title /><description /><pubDate>Tue, 01 May 2012 21:57:23 +1000</pubDate><a10:link href="http://www.mapbutcher.com/" /><a10:rights type="text">Copyright 2011</a10:rights><a10:content type="text"></a10:content><a10:contributor><a10:name>mapbutcher@mapbutcher.com</a10:name></a10:contributor><georss:point>35.799964925 -120.330986203</georss:point></item><item><guid isPermaLink="false">9b9d157d-820a-4aa6-ba83-388305b94705</guid><a10:author><a10:name>Simon Hope</a10:name></a10:author><title /><description /><pubDate>Tue, 01 May 2012 21:57:23 +1000</pubDate><a10:link href="http://www.mapbutcher.com/" /><a10:rights type="text">Copyright 2011</a10:rights><a10:content type="text"></a10:content><a10:contributor><a10:name>mapbutcher@mapbutcher.com</a10:name></a10:contributor><georss:point>37.7999265940001 -122.201072425</georss:point></item><item><guid isPermaLink="false">86e6251b-ac2a-4ea2-92ea-cb170e566824</guid><a10:author><a10:name>Simon Hope</a10:name></a10:author><title /><description /><pubDate>Tue, 01 May 2012 21:57:23 +1000</pubDate><a10:link href="http://www.mapbutcher.com/" /><a10:rights type="text">Copyright 2011</a10:rights><a10:content type="text"></a10:content><a10:contributor><a10:name>mapbutcher@mapbutcher.com</a10:name></a10:contributor><georss:point>36.7999571490001 -121.451049782</georss:point></item><item><guid isPermaLink="false">c56c2eac-0212-4aff-984f-a6d62f25dfed</guid><a10:author><a10:name>Simon Hope</a10:name></a10:author><title /><description /><pubDate>Tue, 01 May 2012 21:57:23 +1000</pubDate><a10:link href="http://www.mapbutcher.com/" /><a10:rights type="text">Copyright 2011</a10:rights><a10:content type="text"></a10:content><a10:contributor><a10:name>mapbutcher@mapbutcher.com</a10:name></a10:contributor><georss:point>39.9998818020001 -121.60108188</georss:point></item><item><guid isPermaLink="false">d1a67468-0d0b-405c-b20f-6d9626d80620</guid><a10:author><a10:name>Simon Hope</a10:name></a10:author><title /><description /><pubDate>Tue, 01 May 2012 21:57:23 +1000</pubDate><a10:link href="http://www.mapbutcher.com/" /><a10:rights type="text">Copyright 2011</a10:rights><a10:content type="text"></a10:content><a10:contributor><a10:name>mapbutcher@mapbutcher.com</a10:name></a10:contributor><georss:point>33.8170203780001 -118.217903365</georss:point></item><item><guid isPermaLink="false">7da1582d-6e93-495b-a218-1bfbc38ce589</guid><a10:author><a10:name>Simon Hope</a10:name></a10:author><title /><description /><pubDate>Tue, 01 May 2012 21:57:23 +1000</pubDate><a10:link href="http://www.mapbutcher.com/" /><a10:rights type="text">Copyright 2011</a10:rights><a10:content type="text"></a10:content><a10:contributor><a10:name>mapbutcher@mapbutcher.com</a10:name></a10:contributor><georss:point>35.7249491680001 -118.055908348</georss:point></item><item><guid isPermaLink="false">ad96070c-3b96-4da8-8021-5442dea54dea</guid><a10:author><a10:name>Simon Hope</a10:name></a10:author><title /><description /><pubDate>Tue, 01 May 2012 21:57:23 +1000</pubDate><a10:link href="http://www.mapbutcher.com/" /><a10:rights type="text">Copyright 2011</a10:rights><a10:content type="text"></a10:content><a10:contributor><a10:name>mapbutcher@mapbutcher.com</a10:name></a10:contributor><georss:point>34.982986499 -116.550864931</georss:point></item><item><guid isPermaLink="false">9c83c431-e9b9-4652-99a3-7083a04de2dc</guid><a10:author><a10:name>Simon Hope</a10:name></a10:author><title /><description /><pubDate>Tue, 01 May 2012 21:57:23 +1000</pubDate><a10:link href="http://www.mapbutcher.com/" /><a10:rights type="text">Copyright 2011</a10:rights><a10:content type="text"></a10:content><a10:contributor><a10:name>mapbutcher@mapbutcher.com</a10:name></a10:contributor><georss:point>33.9330100540001 -116.383850172</georss:point></item><item><guid isPermaLink="false">12de28a7-af94-4c84-b1b0-010f823c40a1</guid><a10:author><a10:name>Simon Hope</a10:name></a10:author><title /><description /><pubDate>Tue, 01 May 2012 21:57:23 +1000</pubDate><a10:link href="http://www.mapbutcher.com/" /><a10:rights type="text">Copyright 2011</a10:rights><a10:content type="text"></a10:content><a10:contributor><a10:name>mapbutcher@mapbutcher.com</a10:name></a10:contributor><georss:point>39.549907584 -120.081039401</georss:point></item><item><guid isPermaLink="false">c55cf841-eb06-4699-a00c-f3c0ef6cb43e</guid><a10:author><a10:name>Simon Hope</a10:name></a10:author><title /><description /><pubDate>Tue, 01 May 2012 21:57:23 +1000</pubDate><a10:link href="http://www.mapbutcher.com/" /><a10:rights type="text">Copyright 2011</a10:rights><a10:content type="text"></a10:content><a10:contributor><a10:name>mapbutcher@mapbutcher.com</a10:name></a10:contributor><georss:point>36.899955963 -121.621055708</georss:point></item><item><guid isPermaLink="false">c67b2c76-db09-4f6b-93b4-39a720dfd897</guid><a10:author><a10:name>Simon Hope</a10:name></a10:author><title /><description /><pubDate>Tue, 01 May 2012 21:57:23 +1000</pubDate><a10:link href="http://www.mapbutcher.com/" /><a10:rights type="text">Copyright 2011</a10:rights><a10:content type="text"></a10:content><a10:contributor><a10:name>mapbutcher@mapbutcher.com</a10:name></a10:contributor><georss:point>37.0199472960001 -121.481048491</georss:point></item><item><guid isPermaLink="false">b26fbe32-6697-4a47-837a-551371bcb557</guid><a10:author><a10:name>Simon Hope</a10:name></a10:author><title /><description /><pubDate>Tue, 01 May 2012 21:57:23 +1000</pubDate><a10:link href="http://www.mapbutcher.com/" /><a10:rights type="text">Copyright 2011</a10:rights><a10:content type="text"></a10:content><a10:contributor><a10:name>mapbutcher@mapbutcher.com</a10:name></a10:contributor><georss:point>40.082904963 -120.068039123</georss:point></item><item><guid isPermaLink="false">c051bde7-e828-4591-b8e2-c8ff61298fa3</guid><a10:author><a10:name>Simon Hope</a10:name></a10:author><title /><description /><pubDate>Tue, 01 May 2012 21:57:23 +1000</pubDate><a10:link href="http://www.mapbutcher.com/" /><a10:rights type="text">Copyright 2011</a10:rights><a10:content type="text"></a10:content><a10:contributor><a10:name>mapbutcher@mapbutcher.com</a10:name></a10:contributor><georss:point>32.983051114 -115.733833352</georss:point></item><item><guid isPermaLink="false">f2c0ecd8-3ce5-4b9e-bdaa-b3c6d4894930</guid><a10:author><a10:name>Simon Hope</a10:name></a10:author><title /><description /><pubDate>Tue, 01 May 2012 21:57:23 +1000</pubDate><a10:link href="http://www.mapbutcher.com/" /><a10:rights type="text">Copyright 2011</a10:rights><a10:content type="text"></a10:content><a10:contributor><a10:name>mapbutcher@mapbutcher.com</a10:name></a10:contributor><georss:point>40.2828599520001 -124.80118585</georss:point></item><item><guid isPermaLink="false">94f84545-1b50-4d9c-992b-f0a3d308a686</guid><a10:author><a10:name>Simon Hope</a10:name></a10:author><title /><description /><pubDate>Tue, 01 May 2012 21:57:23 +1000</pubDate><a10:link href="http://www.mapbutcher.com/" /><a10:rights type="text">Copyright 2011</a10:rights><a10:content type="text"></a10:content><a10:contributor><a10:name>mapbutcher@mapbutcher.com</a10:name></a10:contributor><georss:point>33.100036677 -115.400817829</georss:point></item><item><guid isPermaLink="false">30203112-0f06-4156-bf43-c5c65f1e3ee3</guid><a10:author><a10:name>Simon Hope</a10:name></a10:author><title /><description /><pubDate>Tue, 01 May 2012 21:57:23 +1000</pubDate><a10:link href="http://www.mapbutcher.com/" /><a10:rights type="text">Copyright 2011</a10:rights><a10:content type="text"></a10:content><a10:contributor><a10:name>mapbutcher@mapbutcher.com</a10:name></a10:contributor><georss:point>34.9999697440001 -118.833930916</georss:point></item><item><guid isPermaLink="false">b3598adf-a6bf-4526-8b62-27da9c52fd6d</guid><a10:author><a10:name>Simon Hope</a10:name></a10:author><title /><description /><pubDate>Tue, 01 May 2012 21:57:23 +1000</pubDate><a10:link href="http://www.mapbutcher.com/" /><a10:rights type="text">Copyright 2011</a10:rights><a10:content type="text"></a10:content><a10:contributor><a10:name>mapbutcher@mapbutcher.com</a10:name></a10:contributor><georss:point>35.216961129 -118.817931876</georss:point></item><item><guid isPermaLink="false">a2781846-734d-4861-a934-36af4ef71dff</guid><a10:author><a10:name>Simon Hope</a10:name></a10:author><title /><description /><pubDate>Tue, 01 May 2012 21:57:23 +1000</pubDate><a10:link href="http://www.mapbutcher.com/" /><a10:rights type="text">Copyright 2011</a10:rights><a10:content type="text"></a10:content><a10:contributor><a10:name>mapbutcher@mapbutcher.com</a10:name></a10:contributor><georss:point>35.38295722 -118.850929347</georss:point></item><item><guid isPermaLink="false">5bf87f10-bb64-470c-b8e3-0c8d709083b2</guid><a10:author><a10:name>Simon Hope</a10:name></a10:author><title /><description /><pubDate>Tue, 01 May 2012 21:57:23 +1000</pubDate><a10:link href="http://www.mapbutcher.com/" /><a10:rights type="text">Copyright 2011</a10:rights><a10:content type="text"></a10:content><a10:contributor><a10:name>mapbutcher@mapbutcher.com</a10:name></a10:contributor><georss:point>40.1998595690001 -124.418159238</georss:point></item><item><guid isPermaLink="false">33b602f3-2149-4fb9-b6b3-78b790fdd38b</guid><a10:author><a10:name>Simon Hope</a10:name></a10:author><title /><description /><pubDate>Tue, 01 May 2012 21:57:23 +1000</pubDate><a10:link href="http://www.mapbutcher.com/" /><a10:rights type="text">Copyright 2011</a10:rights><a10:content type="text"></a10:content><a10:contributor><a10:name>mapbutcher@mapbutcher.com</a10:name></a10:contributor><georss:point>35.7679709350001 -121.14602659</georss:point></item><item><guid isPermaLink="false">ea7422e0-50f8-4a91-abea-29dbe26c838f</guid><a10:author><a10:name>Simon Hope</a10:name></a10:author><title /><description /><pubDate>Tue, 01 May 2012 21:57:23 +1000</pubDate><a10:link href="http://www.mapbutcher.com/" /><a10:rights type="text">Copyright 2011</a10:rights><a10:content type="text"></a10:content><a10:contributor><a10:name>mapbutcher@mapbutcher.com</a10:name></a10:contributor><georss:point>32.950050139 -115.717834313</georss:point></item><item><guid isPermaLink="false">513c3347-684b-4d54-9075-a04c2a070744</guid><a10:author><a10:name>Simon Hope</a10:name></a10:author><title /><description /><pubDate>Tue, 01 May 2012 21:57:23 +1000</pubDate><a10:link href="http://www.mapbutcher.com/" /><a10:rights type="text">Copyright 2011</a10:rights><a10:content type="text"></a10:content><a10:contributor><a10:name>mapbutcher@mapbutcher.com</a10:name></a10:contributor><georss:point>34.9999697440001 -119.017936513</georss:point></item><item><guid isPermaLink="false">d4cbdd54-61eb-458d-8df5-9d692e45facc</guid><a10:author><a10:name>Simon Hope</a10:name></a10:author><title /><description /><pubDate>Tue, 01 May 2012 21:57:23 +1000</pubDate><a10:link href="http://www.mapbutcher.com/" /><a10:rights type="text">Copyright 2011</a10:rights><a10:content type="text"></a10:content><a10:contributor><a10:name>mapbutcher@mapbutcher.com</a10:name></a10:contributor><georss:point>40.7828481780001 -124.168174471</georss:point></item><item><guid isPermaLink="false">92bd44ce-439c-4445-ad1b-4fce8ad0db99</guid><a10:author><a10:name>Simon Hope</a10:name></a10:author><title /><description /><pubDate>Tue, 01 May 2012 21:57:23 +1000</pubDate><a10:link href="http://www.mapbutcher.com/" /><a10:rights type="text">Copyright 2011</a10:rights><a10:content type="text"></a10:content><a10:contributor><a10:name>mapbutcher@mapbutcher.com</a10:name></a10:contributor><georss:point>37.3669397100001 -121.784057712</georss:point></item><item><guid isPermaLink="false">df80ecba-d4c2-407d-b2fe-e08aaf12d359</guid><a10:author><a10:name>Simon Hope</a10:name></a10:author><title /><description /><pubDate>Tue, 01 May 2012 21:57:23 +1000</pubDate><a10:link href="http://www.mapbutcher.com/" /><a10:rights type="text">Copyright 2011</a10:rights><a10:content type="text"></a10:content><a10:contributor><a10:name>mapbutcher@mapbutcher.com</a10:name></a10:contributor><georss:point>37.9669226620001 -122.051078877</georss:point></item><item><guid isPermaLink="false">6c91dfa3-7dfd-4949-87bf-e2dd5d7d26ce</guid><a10:author><a10:name>Simon Hope</a10:name></a10:author><title /><description /><pubDate>Tue, 01 May 2012 21:57:23 +1000</pubDate><a10:link href="http://www.mapbutcher.com/" /><a10:rights type="text">Copyright 2011</a10:rights><a10:content type="text"></a10:content><a10:contributor><a10:name>mapbutcher@mapbutcher.com</a10:name></a10:contributor><georss:point>33.0000419520001 -115.500824236</georss:point></item><item><guid isPermaLink="false">be2ea33b-ac48-47b0-853e-e074b17a3f63</guid><a10:author><a10:name>Simon Hope</a10:name></a10:author><title /><description /><pubDate>Tue, 01 May 2012 21:57:23 +1000</pubDate><a10:link href="http://www.mapbutcher.com/" /><a10:rights type="text">Copyright 2011</a10:rights><a10:content type="text"></a10:content><a10:contributor><a10:name>mapbutcher@mapbutcher.com</a10:name></a10:contributor><georss:point>37.666934983 -122.484085037</georss:point></item><item><guid isPermaLink="false">ae1712af-b1e3-4573-8cfa-a3e3b7bc16e9</guid><a10:author><a10:name>Simon Hope</a10:name></a10:author><title /><description /><pubDate>Tue, 01 May 2012 21:57:23 +1000</pubDate><a10:link href="http://www.mapbutcher.com/" /><a10:rights type="text">Copyright 2011</a10:rights><a10:content type="text"></a10:content><a10:contributor><a10:name>mapbutcher@mapbutcher.com</a10:name></a10:contributor><georss:point>33.217040931 -115.808830418</georss:point></item><item><guid isPermaLink="false">9816f0e2-0bc1-486c-a8f1-6a62eae3d11e</guid><a10:author><a10:name>Simon Hope</a10:name></a10:author><title /><description /><pubDate>Tue, 01 May 2012 21:57:23 +1000</pubDate><a10:link href="http://www.mapbutcher.com/" /><a10:rights type="text">Copyright 2011</a10:rights><a10:content type="text"></a10:content><a10:contributor><a10:name>mapbutcher@mapbutcher.com</a10:name></a10:contributor><georss:point>39.716903652 -120.201034823</georss:point></item><item><guid isPermaLink="false">a5dc9a9f-c6ed-48ce-968e-0ff66ebfbe03</guid><a10:author><a10:name>Simon Hope</a10:name></a10:author><title /><description /><pubDate>Tue, 01 May 2012 21:57:23 +1000</pubDate><a10:link href="http://www.mapbutcher.com/" /><a10:rights type="text">Copyright 2011</a10:rights><a10:content type="text"></a10:content><a10:contributor><a10:name>mapbutcher@mapbutcher.com</a10:name></a10:contributor><georss:point>36.682960488 -121.301048056</georss:point></item><item><guid isPermaLink="false">361c60f3-4a52-4ad5-b395-530f788419a5</guid><a10:author><a10:name>Simon Hope</a10:name></a10:author><title /><description /><pubDate>Tue, 01 May 2012 21:57:23 +1000</pubDate><a10:link href="http://www.mapbutcher.com/" /><a10:rights type="text">Copyright 2011</a10:rights><a10:content type="text"></a10:content><a10:contributor><a10:name>mapbutcher@mapbutcher.com</a10:name></a10:contributor><georss:point>36.682960488 -121.301048056</georss:point></item><item><guid isPermaLink="false">37c42c83-7663-4cb6-8ed1-1231065c7e7b</guid><a10:author><a10:name>Simon Hope</a10:name></a10:author><title /><description /><pubDate>Tue, 01 May 2012 21:57:23 +1000</pubDate><a10:link href="http://www.mapbutcher.com/" /><a10:rights type="text">Copyright 2011</a10:rights><a10:content type="text"></a10:content><a10:contributor><a10:name>mapbutcher@mapbutcher.com</a10:name></a10:contributor><georss:point>39.115894439 -123.098113802</georss:point></item><item><guid isPermaLink="false">b9cc7f1d-aa25-4020-941e-dc594332c1fb</guid><a10:author><a10:name>Simon Hope</a10:name></a10:author><title /><description /><pubDate>Tue, 01 May 2012 21:57:23 +1000</pubDate><a10:link href="http://www.mapbutcher.com/" /><a10:rights type="text">Copyright 2011</a10:rights><a10:content type="text"></a10:content><a10:contributor><a10:name>mapbutcher@mapbutcher.com</a10:name></a10:contributor><georss:point>36.889953862 -121.598052746</georss:point></item><item><guid isPermaLink="false">8ae641e8-5cc6-4287-96e1-5e3c7087d00d</guid><a10:author><a10:name>Simon Hope</a10:name></a10:author><title /><description /><pubDate>Tue, 01 May 2012 21:57:23 +1000</pubDate><a10:link href="http://www.mapbutcher.com/" /><a10:rights type="text">Copyright 2011</a10:rights><a10:content type="text"></a10:content><a10:contributor><a10:name>mapbutcher@mapbutcher.com</a10:name></a10:contributor><georss:point>37.054947057 -121.693061606</georss:point></item><item><guid isPermaLink="false">2c32559d-b21f-446a-b92d-39c956584fc1</guid><a10:author><a10:name>Simon Hope</a10:name></a10:author><title /><description /><pubDate>Tue, 01 May 2012 21:57:23 +1000</pubDate><a10:link href="http://www.mapbutcher.com/" /><a10:rights type="text">Copyright 2011</a10:rights><a10:content type="text"></a10:content><a10:contributor><a10:name>mapbutcher@mapbutcher.com</a10:name></a10:contributor><georss:point>34.71299344 -116.503860197</georss:point></item><item><guid isPermaLink="false">7c3efbd1-2c70-4c07-912c-e7dfd088759c</guid><a10:author><a10:name>Simon Hope</a10:name></a10:author><title /><description /><pubDate>Tue, 01 May 2012 21:57:23 +1000</pubDate><a10:link href="http://www.mapbutcher.com/" /><a10:rights type="text">Copyright 2011</a10:rights><a10:content type="text"></a10:content><a10:contributor><a10:name>mapbutcher@mapbutcher.com</a10:name></a10:contributor><georss:point>35.954963612 -120.498992761</georss:point></item><item><guid isPermaLink="false">add5d838-dd6f-453e-b205-c4aa00d04c61</guid><a10:author><a10:name>Simon Hope</a10:name></a10:author><title /><description /><pubDate>Tue, 01 May 2012 21:57:23 +1000</pubDate><a10:link href="http://www.mapbutcher.com/" /><a10:rights type="text">Copyright 2011</a10:rights><a10:content type="text"></a10:content><a10:contributor><a10:name>mapbutcher@mapbutcher.com</a10:name></a10:contributor><georss:point>39.4379078850001 -120.161041022</georss:point></item><item><guid isPermaLink="false">d73df719-39d1-4820-922f-558c4a3d7f45</guid><a10:author><a10:name>Simon Hope</a10:name></a10:author><title /><description /><pubDate>Tue, 01 May 2012 21:57:23 +1000</pubDate><a10:link href="http://www.mapbutcher.com/" /><a10:rights type="text">Copyright 2011</a10:rights><a10:content type="text"></a10:content><a10:contributor><a10:name>mapbutcher@mapbutcher.com</a10:name></a10:contributor><georss:point>33.1900403990001 -116.128837485</georss:point></item><item><guid isPermaLink="false">e87a88fb-0424-4e1c-923d-b005b0ccc2ea</guid><a10:author><a10:name>Simon Hope</a10:name></a10:author><title /><description /><pubDate>Tue, 01 May 2012 21:57:23 +1000</pubDate><a10:link href="http://www.mapbutcher.com/" /><a10:rights type="text">Copyright 2011</a10:rights><a10:content type="text"></a10:content><a10:contributor><a10:name>mapbutcher@mapbutcher.com</a10:name></a10:contributor><georss:point>38.476913574 -122.726096861</georss:point></item><item><guid isPermaLink="false">14d471db-9fc0-4db7-a95d-510b20e28b0e</guid><a10:author><a10:name>Simon Hope</a10:name></a10:author><title /><description /><pubDate>Tue, 01 May 2012 21:57:23 +1000</pubDate><a10:link href="http://www.mapbutcher.com/" /><a10:rights type="text">Copyright 2011</a10:rights><a10:content type="text"></a10:content><a10:contributor><a10:name>mapbutcher@mapbutcher.com</a10:name></a10:contributor><georss:point>40.2898556980001 -124.671173141</georss:point></item><item><guid isPermaLink="false">21730df1-f500-425a-a784-20d7726c90da</guid><a10:author><a10:name>Simon Hope</a10:name></a10:author><title /><description /><pubDate>Tue, 01 May 2012 21:57:23 +1000</pubDate><a10:link href="http://www.mapbutcher.com/" /><a10:rights type="text">Copyright 2011</a10:rights><a10:content type="text"></a10:content><a10:contributor><a10:name>mapbutcher@mapbutcher.com</a10:name></a10:contributor><georss:point>33.3430327070001 -116.347846931</georss:point></item><item><guid isPermaLink="false">c3c3c63c-d207-4b4f-80f6-3d7cfd61940b</guid><a10:author><a10:name>Simon Hope</a10:name></a10:author><title /><description /><pubDate>Tue, 01 May 2012 21:57:23 +1000</pubDate><a10:link href="http://www.mapbutcher.com/" /><a10:rights type="text">Copyright 2011</a10:rights><a10:content type="text"></a10:content><a10:contributor><a10:name>mapbutcher@mapbutcher.com</a10:name></a10:contributor><georss:point>34.270004455 -117.540886013</georss:point></item><item><guid isPermaLink="false">2413e594-3ff2-4019-8a09-528bf15e5df3</guid><a10:author><a10:name>Simon Hope</a10:name></a10:author><title /><description /><pubDate>Tue, 01 May 2012 21:57:23 +1000</pubDate><a10:link href="http://www.mapbutcher.com/" /><a10:rights type="text">Copyright 2011</a10:rights><a10:content type="text"></a10:content><a10:contributor><a10:name>mapbutcher@mapbutcher.com</a10:name></a10:contributor><georss:point>34.2850000130001 -118.51591504</georss:point></item><item><guid isPermaLink="false">b7ca1a7e-e369-45c2-8852-1bb700db38fd</guid><a10:author><a10:name>Simon Hope</a10:name></a10:author><title /><description /><pubDate>Tue, 01 May 2012 21:57:23 +1000</pubDate><a10:link href="http://www.mapbutcher.com/" /><a10:rights type="text">Copyright 2011</a10:rights><a10:content type="text"></a10:content><a10:contributor><a10:name>mapbutcher@mapbutcher.com</a10:name></a10:contributor><georss:point>34.0990067290001 -119.03993249</georss:point></item><item><guid isPermaLink="false">c8ca0093-98da-402b-8714-7958b6f6ed3e</guid><a10:author><a10:name>Simon Hope</a10:name></a10:author><title /><description /><pubDate>Tue, 01 May 2012 21:57:23 +1000</pubDate><a10:link href="http://www.mapbutcher.com/" /><a10:rights type="text">Copyright 2011</a10:rights><a10:content type="text"></a10:content><a10:contributor><a10:name>mapbutcher@mapbutcher.com</a10:name></a10:contributor><georss:point>34.516994551 -116.490852326</georss:point></item><item><guid isPermaLink="false">6c3e3c1c-e056-4fe2-ada1-5aea7eeb6ac4</guid><a10:author><a10:name>Simon Hope</a10:name></a10:author><title /><description /><pubDate>Tue, 01 May 2012 21:57:23 +1000</pubDate><a10:link href="http://www.mapbutcher.com/" /><a10:rights type="text">Copyright 2011</a10:rights><a10:content type="text"></a10:content><a10:contributor><a10:name>mapbutcher@mapbutcher.com</a10:name></a10:contributor><georss:point>40.537849275 -124.288169893</georss:point></item><item><guid isPermaLink="false">5419579d-9bd6-4527-87a3-bda60c526149</guid><a10:author><a10:name>Simon Hope</a10:name></a10:author><title /><description /><pubDate>Tue, 01 May 2012 21:57:23 +1000</pubDate><a10:link href="http://www.mapbutcher.com/" /><a10:rights type="text">Copyright 2011</a10:rights><a10:content type="text"></a10:content><a10:contributor><a10:name>mapbutcher@mapbutcher.com</a10:name></a10:contributor><georss:point>39.4028853450001 -123.274124261</georss:point></item><item><guid isPermaLink="false">8ab9d14c-4d3a-402d-8644-a1a7a3f04bf2</guid><a10:author><a10:name>Simon Hope</a10:name></a10:author><title /><description /><pubDate>Tue, 01 May 2012 21:57:23 +1000</pubDate><a10:link href="http://www.mapbutcher.com/" /><a10:rights type="text">Copyright 2011</a10:rights><a10:content type="text"></a10:content><a10:contributor><a10:name>mapbutcher@mapbutcher.com</a10:name></a10:contributor><georss:point>34.3969956240001 -119.682968166</georss:point></item><item><guid isPermaLink="false">46562686-32b5-43a5-bd39-1caee767d86f</guid><a10:author><a10:name>Simon Hope</a10:name></a10:author><title /><description /><pubDate>Tue, 01 May 2012 21:57:23 +1000</pubDate><a10:link href="http://www.mapbutcher.com/" /><a10:rights type="text">Copyright 2011</a10:rights><a10:content type="text"></a10:content><a10:contributor><a10:name>mapbutcher@mapbutcher.com</a10:name></a10:contributor><georss:point>40.9228437140001 -124.419181995</georss:point></item><item><guid isPermaLink="false">ad5bb61e-78a8-4881-8e90-d731fd57bd26</guid><a10:author><a10:name>Simon Hope</a10:name></a10:author><title /><description /><pubDate>Tue, 01 May 2012 21:57:23 +1000</pubDate><a10:link href="http://www.mapbutcher.com/" /><a10:rights type="text">Copyright 2011</a10:rights><a10:content type="text"></a10:content><a10:contributor><a10:name>mapbutcher@mapbutcher.com</a10:name></a10:contributor><georss:point>34.325000824 -116.444846984</georss:point></item><item><guid isPermaLink="false">21e98b96-473c-4256-989f-2356ac3a2b05</guid><a10:author><a10:name>Simon Hope</a10:name></a10:author><title /><description /><pubDate>Tue, 01 May 2012 21:57:23 +1000</pubDate><a10:link href="http://www.mapbutcher.com/" /><a10:rights type="text">Copyright 2011</a10:rights><a10:content type="text"></a10:content><a10:contributor><a10:name>mapbutcher@mapbutcher.com</a10:name></a10:contributor><georss:point>37.1019441970001 -121.504051454</georss:point></item><item><guid isPermaLink="false">d25501ff-f1ea-4375-9284-ff880e19a24d</guid><a10:author><a10:name>Simon Hope</a10:name></a10:author><title /><description /><pubDate>Tue, 01 May 2012 21:57:23 +1000</pubDate><a10:link href="http://www.mapbutcher.com/" /><a10:rights type="text">Copyright 2011</a10:rights><a10:content type="text"></a10:content><a10:contributor><a10:name>mapbutcher@mapbutcher.com</a10:name></a10:contributor><georss:point>37.854922963 -121.817069785</georss:point></item><item><guid isPermaLink="false">d350f77f-168f-4e69-8d37-fca0029000d0</guid><a10:author><a10:name>Simon Hope</a10:name></a10:author><title /><description /><pubDate>Tue, 01 May 2012 21:57:23 +1000</pubDate><a10:link href="http://www.mapbutcher.com/" /><a10:rights type="text">Copyright 2011</a10:rights><a10:content type="text"></a10:content><a10:contributor><a10:name>mapbutcher@mapbutcher.com</a10:name></a10:contributor><georss:point>37.7369269100001 -121.74105814</georss:point></item><item><guid isPermaLink="false">756c3fd5-daab-4398-b9cb-4c403c80752f</guid><a10:author><a10:name>Simon Hope</a10:name></a10:author><title /><description /><pubDate>Tue, 01 May 2012 21:57:23 +1000</pubDate><a10:link href="http://www.mapbutcher.com/" /><a10:rights type="text">Copyright 2011</a10:rights><a10:content type="text"></a10:content><a10:contributor><a10:name>mapbutcher@mapbutcher.com</a10:name></a10:contributor><georss:point>37.589935043 -118.847961543</georss:point></item><item><guid isPermaLink="false">e0b8c6f6-2550-446e-8694-d785a41b87c9</guid><a10:author><a10:name>Simon Hope</a10:name></a10:author><title /><description /><pubDate>Tue, 01 May 2012 21:57:23 +1000</pubDate><a10:link href="http://www.mapbutcher.com/" /><a10:rights type="text">Copyright 2011</a10:rights><a10:content type="text"></a10:content><a10:contributor><a10:name>mapbutcher@mapbutcher.com</a10:name></a10:contributor><georss:point>37.5449331820001 -118.842963997</georss:point></item><item><guid isPermaLink="false">0965522a-0ef0-4cbc-9bf9-7a76af6e2cac</guid><a10:author><a10:name>Simon Hope</a10:name></a10:author><title /><description /><pubDate>Tue, 01 May 2012 21:57:23 +1000</pubDate><a10:link href="http://www.mapbutcher.com/" /><a10:rights type="text">Copyright 2011</a10:rights><a10:content type="text"></a10:content><a10:contributor><a10:name>mapbutcher@mapbutcher.com</a10:name></a10:contributor><georss:point>41.1168444030001 -124.254180623</georss:point></item><item><guid isPermaLink="false">1cbb828c-63c9-42c2-a7af-c6554c1268d2</guid><a10:author><a10:name>Simon Hope</a10:name></a10:author><title /><description /><pubDate>Tue, 01 May 2012 21:57:23 +1000</pubDate><a10:link href="http://www.mapbutcher.com/" /><a10:rights type="text">Copyright 2011</a10:rights><a10:content type="text"></a10:content><a10:contributor><a10:name>mapbutcher@mapbutcher.com</a10:name></a10:contributor><georss:point>33.098041396 -115.618820289</georss:point></item><item><guid isPermaLink="false">7b649b83-93bb-42b7-a1dc-72b613df580b</guid><a10:author><a10:name>Simon Hope</a10:name></a10:author><title /><description /><pubDate>Tue, 01 May 2012 21:57:23 +1000</pubDate><a10:link href="http://www.mapbutcher.com/" /><a10:rights type="text">Copyright 2011</a10:rights><a10:content type="text"></a10:content><a10:contributor><a10:name>mapbutcher@mapbutcher.com</a10:name></a10:contributor><georss:point>36.8099592510001 -121.276039299</georss:point></item><item><guid isPermaLink="false">a8e86bfc-d432-4e3a-86c4-bfbb540f7599</guid><a10:author><a10:name>Simon Hope</a10:name></a10:author><title /><description /><pubDate>Tue, 01 May 2012 21:57:23 +1000</pubDate><a10:link href="http://www.mapbutcher.com/" /><a10:rights type="text">Copyright 2011</a10:rights><a10:content type="text"></a10:content><a10:contributor><a10:name>mapbutcher@mapbutcher.com</a10:name></a10:contributor><georss:point>33.9990120040001 -116.606849595</georss:point></item><item><guid isPermaLink="false">edab3fec-c527-4076-831d-7da8b3d9cf85</guid><a10:author><a10:name>Simon Hope</a10:name></a10:author><title /><description /><pubDate>Tue, 01 May 2012 21:57:23 +1000</pubDate><a10:link href="http://www.mapbutcher.com/" /><a10:rights type="text">Copyright 2011</a10:rights><a10:content type="text"></a10:content><a10:contributor><a10:name>mapbutcher@mapbutcher.com</a10:name></a10:contributor><georss:point>40.371856688 -124.444167972</georss:point></item><item><guid isPermaLink="false">693efbca-9183-4f14-b7e6-2177326e2e87</guid><a10:author><a10:name>Simon Hope</a10:name></a10:author><title /><description /><pubDate>Tue, 01 May 2012 21:57:23 +1000</pubDate><a10:link href="http://www.mapbutcher.com/" /><a10:rights type="text">Copyright 2011</a10:rights><a10:content type="text"></a10:content><a10:contributor><a10:name>mapbutcher@mapbutcher.com</a10:name></a10:contributor><georss:point>34.074012575 -118.098899742</georss:point></item><item><guid isPermaLink="false">762bf95c-667c-48dc-b2d4-2705c957c8da</guid><a10:author><a10:name>Simon Hope</a10:name></a10:author><title /><description /><pubDate>Tue, 01 May 2012 21:57:23 +1000</pubDate><a10:link href="http://www.mapbutcher.com/" /><a10:rights type="text">Copyright 2011</a10:rights><a10:content type="text"></a10:content><a10:contributor><a10:name>mapbutcher@mapbutcher.com</a10:name></a10:contributor><georss:point>33.0130498230001 -115.83883672</georss:point></item><item><guid isPermaLink="false">a1bc9cb3-8445-4435-9933-dfb33f0545a3</guid><a10:author><a10:name>Simon Hope</a10:name></a10:author><title /><description /><pubDate>Tue, 01 May 2012 21:57:23 +1000</pubDate><a10:link href="http://www.mapbutcher.com/" /><a10:rights type="text">Copyright 2011</a10:rights><a10:content type="text"></a10:content><a10:contributor><a10:name>mapbutcher@mapbutcher.com</a10:name></a10:contributor><georss:point>37.129947627 -121.95307184</georss:point></item><item><guid isPermaLink="false">35dc678f-df8e-416d-b892-9262846ac8e6</guid><a10:author><a10:name>Simon Hope</a10:name></a10:author><title /><description /><pubDate>Tue, 01 May 2012 21:57:23 +1000</pubDate><a10:link href="http://www.mapbutcher.com/" /><a10:rights type="text">Copyright 2011</a10:rights><a10:content type="text"></a10:content><a10:contributor><a10:name>mapbutcher@mapbutcher.com</a10:name></a10:contributor><georss:point>40.7408485830001 -124.311172271</georss:point></item><item><guid isPermaLink="false">49bcd6dc-b3c3-477e-861a-08c4bdc2adef</guid><a10:author><a10:name>Simon Hope</a10:name></a10:author><title /><description /><pubDate>Tue, 01 May 2012 21:57:23 +1000</pubDate><a10:link href="http://www.mapbutcher.com/" /><a10:rights type="text">Copyright 2011</a10:rights><a10:content type="text"></a10:content><a10:contributor><a10:name>mapbutcher@mapbutcher.com</a10:name></a10:contributor><georss:point>43.4998204170001 -128.001373347</georss:point></item><item><guid isPermaLink="false">fccaec68-fde0-4e44-a090-bb082de5e241</guid><a10:author><a10:name>Simon Hope</a10:name></a10:author><title /><description /><pubDate>Tue, 01 May 2012 21:57:23 +1000</pubDate><a10:link href="http://www.mapbutcher.com/" /><a10:rights type="text">Copyright 2011</a10:rights><a10:content type="text"></a10:content><a10:contributor><a10:name>mapbutcher@mapbutcher.com</a10:name></a10:contributor><georss:point>40.7408485830001 -124.311172271</georss:point></item><item><guid isPermaLink="false">373d41fd-d148-4742-9ce9-b9b37000d8cb</guid><a10:author><a10:name>Simon Hope</a10:name></a10:author><title /><description /><pubDate>Tue, 01 May 2012 21:57:23 +1000</pubDate><a10:link href="http://www.mapbutcher.com/" /><a10:rights type="text">Copyright 2011</a10:rights><a10:content type="text"></a10:content><a10:contributor><a10:name>mapbutcher@mapbutcher.com</a10:name></a10:contributor><georss:point>40.2318611520001 -124.139152374</georss:point></item><item><guid isPermaLink="false">0ea4790f-ac84-4e49-939a-979d2978540b</guid><a10:author><a10:name>Simon Hope</a10:name></a10:author><title /><description /><pubDate>Tue, 01 May 2012 21:57:23 +1000</pubDate><a10:link href="http://www.mapbutcher.com/" /><a10:rights type="text">Copyright 2011</a10:rights><a10:content type="text"></a10:content><a10:contributor><a10:name>mapbutcher@mapbutcher.com</a10:name></a10:contributor><georss:point>34.1400069320001 -117.700889838</georss:point></item><item><guid isPermaLink="false">64c89c3d-f081-4073-8e16-baf184823807</guid><a10:author><a10:name>Simon Hope</a10:name></a10:author><title /><description /><pubDate>Tue, 01 May 2012 21:57:23 +1000</pubDate><a10:link href="http://www.mapbutcher.com/" /><a10:rights type="text">Copyright 2011</a10:rights><a10:content type="text"></a10:content><a10:contributor><a10:name>mapbutcher@mapbutcher.com</a10:name></a10:contributor><georss:point>34.2620046430001 -118.002899082</georss:point></item><item><guid isPermaLink="false">ac13c187-843d-4323-800a-79e2655cda5a</guid><a10:author><a10:name>Simon Hope</a10:name></a10:author><title /><description /><pubDate>Tue, 01 May 2012 21:57:23 +1000</pubDate><a10:link href="http://www.mapbutcher.com/" /><a10:rights type="text">Copyright 2011</a10:rights><a10:content type="text"></a10:content><a10:contributor><a10:name>mapbutcher@mapbutcher.com</a10:name></a10:contributor><georss:point>40.2348593290001 -124.349159111</georss:point></item><item><guid isPermaLink="false">32aa7ae0-053a-4652-b415-ae9c28f1fab8</guid><a10:author><a10:name>Simon Hope</a10:name></a10:author><title /><description /><pubDate>Tue, 01 May 2012 21:57:23 +1000</pubDate><a10:link href="http://www.mapbutcher.com/" /><a10:rights type="text">Copyright 2011</a10:rights><a10:content type="text"></a10:content><a10:contributor><a10:name>mapbutcher@mapbutcher.com</a10:name></a10:contributor><georss:point>33.961009979 -116.318840021</georss:point></item><item><guid isPermaLink="false">699d6271-3d98-43f9-b0fd-1144bb4fe874</guid><a10:author><a10:name>Simon Hope</a10:name></a10:author><title /><description /><pubDate>Tue, 01 May 2012 21:57:23 +1000</pubDate><a10:link href="http://www.mapbutcher.com/" /><a10:rights type="text">Copyright 2011</a10:rights><a10:content type="text"></a10:content><a10:contributor><a10:name>mapbutcher@mapbutcher.com</a10:name></a10:contributor><georss:point>39.249908222 -120.001022593</georss:point></item><item><guid isPermaLink="false">8a9ddc0c-4295-43fb-b5d2-06710f0aa6ae</guid><a10:author><a10:name>Simon Hope</a10:name></a10:author><title /><description /><pubDate>Tue, 01 May 2012 21:57:23 +1000</pubDate><a10:link href="http://www.mapbutcher.com/" /><a10:rights type="text">Copyright 2011</a10:rights><a10:content type="text"></a10:content><a10:contributor><a10:name>mapbutcher@mapbutcher.com</a10:name></a10:contributor><georss:point>38.2499200870001 -118.930977111</georss:point></item><item><guid isPermaLink="false">c60a44ed-35ac-4e3c-848f-c71c07efe8f3</guid><a10:author><a10:name>Simon Hope</a10:name></a10:author><title /><description /><pubDate>Tue, 01 May 2012 21:57:23 +1000</pubDate><a10:link href="http://www.mapbutcher.com/" /><a10:rights type="text">Copyright 2011</a10:rights><a10:content type="text"></a10:content><a10:contributor><a10:name>mapbutcher@mapbutcher.com</a10:name></a10:contributor><georss:point>38.279914708 -118.970977922</georss:point></item><item><guid isPermaLink="false">ed5b4c90-2b81-4325-b9a1-3798fc983f60</guid><a10:author><a10:name>Simon Hope</a10:name></a10:author><title /><description /><pubDate>Tue, 01 May 2012 21:57:23 +1000</pubDate><a10:link href="http://www.mapbutcher.com/" /><a10:rights type="text">Copyright 2011</a10:rights><a10:content type="text"></a10:content><a10:contributor><a10:name>mapbutcher@mapbutcher.com</a10:name></a10:contributor><georss:point>35.8279648500001 -121.324035833</georss:point></item><item><guid isPermaLink="false">884f6c9c-5eb2-4b2e-a30b-2964f32e0430</guid><a10:author><a10:name>Simon Hope</a10:name></a10:author><title /><description /><pubDate>Tue, 01 May 2012 21:57:23 +1000</pubDate><a10:link href="http://www.mapbutcher.com/" /><a10:rights type="text">Copyright 2011</a10:rights><a10:content type="text"></a10:content><a10:contributor><a10:name>mapbutcher@mapbutcher.com</a10:name></a10:contributor><georss:point>40.227859494 -124.291160477</georss:point></item><item><guid isPermaLink="false">2fa2b34f-659e-4e53-8a00-cee8e688e314</guid><a10:author><a10:name>Simon Hope</a10:name></a10:author><title /><description /><pubDate>Tue, 01 May 2012 21:57:23 +1000</pubDate><a10:link href="http://www.mapbutcher.com/" /><a10:rights type="text">Copyright 2011</a10:rights><a10:content type="text"></a10:content><a10:contributor><a10:name>mapbutcher@mapbutcher.com</a10:name></a10:contributor><georss:point>34.5829924120001 -116.319847006</georss:point></item><item><guid isPermaLink="false">f7364f65-ac57-4441-bea2-40ee79e870df</guid><a10:author><a10:name>Simon Hope</a10:name></a10:author><title /><description /><pubDate>Tue, 01 May 2012 21:57:23 +1000</pubDate><a10:link href="http://www.mapbutcher.com/" /><a10:rights type="text">Copyright 2011</a10:rights><a10:content type="text"></a10:content><a10:contributor><a10:name>mapbutcher@mapbutcher.com</a10:name></a10:contributor><georss:point>34.2390057690001 -116.837859926</georss:point></item><item><guid isPermaLink="false">e281988c-8590-4b7a-a857-5a909e5271d3</guid><a10:author><a10:name>Simon Hope</a10:name></a10:author><title /><description /><pubDate>Tue, 01 May 2012 21:57:23 +1000</pubDate><a10:link href="http://www.mapbutcher.com/" /><a10:rights type="text">Copyright 2011</a10:rights><a10:content type="text"></a10:content><a10:contributor><a10:name>mapbutcher@mapbutcher.com</a10:name></a10:contributor><georss:point>34.054008373 -116.387847742</georss:point></item><item><guid isPermaLink="false">75d529e4-43d3-46e0-86b3-ac820dc16ee6</guid><a10:author><a10:name>Simon Hope</a10:name></a10:author><title /><description /><pubDate>Tue, 01 May 2012 21:57:23 +1000</pubDate><a10:link href="http://www.mapbutcher.com/" /><a10:rights type="text">Copyright 2011</a10:rights><a10:content type="text"></a10:content><a10:contributor><a10:name>mapbutcher@mapbutcher.com</a10:name></a10:contributor><georss:point>34.3400039750001 -116.900871293</georss:point></item><item><guid isPermaLink="false">fac3a4f3-f16f-4dcc-9b8b-06344a52d6f5</guid><a10:author><a10:name>Simon Hope</a10:name></a10:author><title /><description /><pubDate>Tue, 01 May 2012 21:57:23 +1000</pubDate><a10:link href="http://www.mapbutcher.com/" /><a10:rights type="text">Copyright 2011</a10:rights><a10:content type="text"></a10:content><a10:contributor><a10:name>mapbutcher@mapbutcher.com</a10:name></a10:contributor><georss:point>39.2999076300001 -120.001022593</georss:point></item><item><guid isPermaLink="false">49e6245a-d6c7-4b54-aa52-42e83fb2b129</guid><a10:author><a10:name>Simon Hope</a10:name></a10:author><title /><description /><pubDate>Tue, 01 May 2012 21:57:23 +1000</pubDate><a10:link href="http://www.mapbutcher.com/" /><a10:rights type="text">Copyright 2011</a10:rights><a10:content type="text"></a10:content><a10:contributor><a10:name>mapbutcher@mapbutcher.com</a10:name></a10:contributor><georss:point>38.9999082680001 -120.001015</georss:point></item><item><guid isPermaLink="false">ed3d9996-67f1-42fd-a398-98d4644d66ea</guid><a10:author><a10:name>Simon Hope</a10:name></a10:author><title /><description /><pubDate>Tue, 01 May 2012 21:57:23 +1000</pubDate><a10:link href="http://www.mapbutcher.com/" /><a10:rights type="text">Copyright 2011</a10:rights><a10:content type="text"></a10:content><a10:contributor><a10:name>mapbutcher@mapbutcher.com</a10:name></a10:contributor><georss:point>41.2498967610001 -120.001052967</georss:point></item><item><guid isPermaLink="false">bd1723c6-d781-4fc1-a918-bb02b48e642c</guid><a10:author><a10:name>Simon Hope</a10:name></a10:author><title /><description /><pubDate>Tue, 01 May 2012 21:57:23 +1000</pubDate><a10:link href="http://www.mapbutcher.com/" /><a10:rights type="text">Copyright 2011</a10:rights><a10:content type="text"></a10:content><a10:contributor><a10:name>mapbutcher@mapbutcher.com</a10:name></a10:contributor><georss:point>42.749832236 -126.101272644</georss:point></item><item><guid isPermaLink="false">e66fab48-eb42-44c5-877f-41a1191b11ed</guid><a10:author><a10:name>Simon Hope</a10:name></a10:author><title /><description /><pubDate>Tue, 01 May 2012 21:57:23 +1000</pubDate><a10:link href="http://www.mapbutcher.com/" /><a10:rights type="text">Copyright 2011</a10:rights><a10:content type="text"></a10:content><a10:contributor><a10:name>mapbutcher@mapbutcher.com</a10:name></a10:contributor><georss:point>42.181839186 -125.642250158</georss:point></item><item><guid isPermaLink="false">15c14015-2484-4d6a-a9a0-0df58b360af3</guid><a10:author><a10:name>Simon Hope</a10:name></a10:author><title /><description /><pubDate>Tue, 01 May 2012 21:57:23 +1000</pubDate><a10:link href="http://www.mapbutcher.com/" /><a10:rights type="text">Copyright 2011</a10:rights><a10:content type="text"></a10:content><a10:contributor><a10:name>mapbutcher@mapbutcher.com</a10:name></a10:contributor><georss:point>36.6699485280001 -119.820976015</georss:point></item><item><guid isPermaLink="false">49124545-42c2-4016-9d8f-cabd2cb3656c</guid><a10:author><a10:name>Simon Hope</a10:name></a10:author><title /><description /><pubDate>Tue, 01 May 2012 21:57:23 +1000</pubDate><a10:link href="http://www.mapbutcher.com/" /><a10:rights type="text">Copyright 2011</a10:rights><a10:content type="text"></a10:content><a10:contributor><a10:name>mapbutcher@mapbutcher.com</a10:name></a10:contributor><georss:point>34.4119946860001 -118.400917163</georss:point></item><item><guid isPermaLink="false">a0ed32a4-fe17-44ef-98f2-b395fd81440d</guid><a10:author><a10:name>Simon Hope</a10:name></a10:author><title /><description /><pubDate>Tue, 01 May 2012 21:57:23 +1000</pubDate><a10:link href="http://www.mapbutcher.com/" /><a10:rights type="text">Copyright 2011</a10:rights><a10:content type="text"></a10:content><a10:contributor><a10:name>mapbutcher@mapbutcher.com</a10:name></a10:contributor><georss:point>36.6999320510001 -118.100921891</georss:point></item><item><guid isPermaLink="false">3553588c-e43d-4e1b-9b10-b1acadaef0bd</guid><a10:author><a10:name>Simon Hope</a10:name></a10:author><title /><description /><pubDate>Tue, 01 May 2012 21:57:23 +1000</pubDate><a10:link href="http://www.mapbutcher.com/" /><a10:rights type="text">Copyright 2011</a10:rights><a10:content type="text"></a10:content><a10:contributor><a10:name>mapbutcher@mapbutcher.com</a10:name></a10:contributor><georss:point>32.7330587530001 -115.500831829</georss:point></item><item><guid isPermaLink="false">5bd5f101-777f-46f4-83fe-ea257c2b6de0</guid><a10:author><a10:name>Simon Hope</a10:name></a10:author><title /><description /><pubDate>Tue, 01 May 2012 21:57:23 +1000</pubDate><a10:link href="http://www.mapbutcher.com/" /><a10:rights type="text">Copyright 2011</a10:rights><a10:content type="text"></a10:content><a10:contributor><a10:name>mapbutcher@mapbutcher.com</a10:name></a10:contributor><georss:point>35.6999666950001 -120.300987492</georss:point></item><item><guid isPermaLink="false">09212a71-f0a5-4825-9189-4acb6a0782a3</guid><a10:author><a10:name>Simon Hope</a10:name></a10:author><title /><description /><pubDate>Tue, 01 May 2012 21:57:23 +1000</pubDate><a10:link href="http://www.mapbutcher.com/" /><a10:rights type="text">Copyright 2011</a10:rights><a10:content type="text"></a10:content><a10:contributor><a10:name>mapbutcher@mapbutcher.com</a10:name></a10:contributor><georss:point>37.6999318690001 -122.101074195</georss:point></item><item><guid isPermaLink="false">0e75af7c-25ce-41c3-823e-cee1969e6bb5</guid><a10:author><a10:name>Simon Hope</a10:name></a10:author><title /><description /><pubDate>Tue, 01 May 2012 21:57:23 +1000</pubDate><a10:link href="http://www.mapbutcher.com/" /><a10:rights type="text">Copyright 2011</a10:rights><a10:content type="text"></a10:content><a10:contributor><a10:name>mapbutcher@mapbutcher.com</a10:name></a10:contributor><georss:point>37.4999313220001 -118.500953943</georss:point></item><item><guid isPermaLink="false">4c944e70-45d2-4ba2-9f4c-eb91c34f1cdb</guid><a10:author><a10:name>Simon Hope</a10:name></a10:author><title /><description /><pubDate>Tue, 01 May 2012 21:57:23 +1000</pubDate><a10:link href="http://www.mapbutcher.com/" /><a10:rights type="text">Copyright 2011</a10:rights><a10:content type="text"></a10:content><a10:contributor><a10:name>mapbutcher@mapbutcher.com</a10:name></a10:contributor><georss:point>38.399910129 -122.001075966</georss:point></item><item><guid isPermaLink="false">da7388e2-f2e1-442e-94fd-4fd0be96653f</guid><a10:author><a10:name>Simon Hope</a10:name></a10:author><title /><description /><pubDate>Tue, 01 May 2012 21:57:23 +1000</pubDate><a10:link href="http://www.mapbutcher.com/" /><a10:rights type="text">Copyright 2011</a10:rights><a10:content type="text"></a10:content><a10:contributor><a10:name>mapbutcher@mapbutcher.com</a10:name></a10:contributor><georss:point>38.4999083590001 -121.901077152</georss:point></item><item><guid isPermaLink="false">6b2042f8-697b-4c68-af81-d5b3541f0207</guid><a10:author><a10:name>Simon Hope</a10:name></a10:author><title /><description /><pubDate>Tue, 01 May 2012 21:57:23 +1000</pubDate><a10:link href="http://www.mapbutcher.com/" /><a10:rights type="text">Copyright 2011</a10:rights><a10:content type="text"></a10:content><a10:contributor><a10:name>mapbutcher@mapbutcher.com</a10:name></a10:contributor><georss:point>33.8000184430001 -117.000861929</georss:point></item><item><guid isPermaLink="false">a51f68ba-f6bf-4ac3-87cc-d37d6c258fec</guid><a10:author><a10:name>Simon Hope</a10:name></a10:author><title /><description /><pubDate>Tue, 01 May 2012 21:57:23 +1000</pubDate><a10:link href="http://www.mapbutcher.com/" /><a10:rights type="text">Copyright 2011</a10:rights><a10:content type="text"></a10:content><a10:contributor><a10:name>mapbutcher@mapbutcher.com</a10:name></a10:contributor><georss:point>33.750019035 -117.000854336</georss:point></item><item><guid isPermaLink="false">8bc292e8-1b11-4f3d-93c8-b38f89a9baad</guid><a10:author><a10:name>Simon Hope</a10:name></a10:author><title /><description /><pubDate>Tue, 01 May 2012 21:57:23 +1000</pubDate><a10:link href="http://www.mapbutcher.com/" /><a10:rights type="text">Copyright 2011</a10:rights><a10:content type="text"></a10:content><a10:contributor><a10:name>mapbutcher@mapbutcher.com</a10:name></a10:contributor><georss:point>35.7499655180001 -120.250976404</georss:point></item><item><guid isPermaLink="false">117d88a7-ff5a-4e3e-b228-794c28e66d45</guid><a10:author><a10:name>Simon Hope</a10:name></a10:author><title /><description /><pubDate>Tue, 01 May 2012 21:57:23 +1000</pubDate><a10:link href="http://www.mapbutcher.com/" /><a10:rights type="text">Copyright 2011</a10:rights><a10:content type="text"></a10:content><a10:contributor><a10:name>mapbutcher@mapbutcher.com</a10:name></a10:contributor><georss:point>34.2999990760001 -119.800971813</georss:point></item><item><guid isPermaLink="false">abdb908a-12ea-45fc-8793-874cbddb02ed</guid><a10:author><a10:name>Simon Hope</a10:name></a10:author><title /><description /><pubDate>Tue, 01 May 2012 21:57:23 +1000</pubDate><a10:link href="http://www.mapbutcher.com/" /><a10:rights type="text">Copyright 2011</a10:rights><a10:content type="text"></a10:content><a10:contributor><a10:name>mapbutcher@mapbutcher.com</a10:name></a10:contributor><georss:point>32.7660562230001 -115.483825804</georss:point></item><item><guid isPermaLink="false">ec9af3f6-dfb6-48c5-8094-819f07db2fa0</guid><a10:author><a10:name>Simon Hope</a10:name></a10:author><title /><description /><pubDate>Tue, 01 May 2012 21:57:23 +1000</pubDate><a10:link href="http://www.mapbutcher.com/" /><a10:rights type="text">Copyright 2011</a10:rights><a10:content type="text"></a10:content><a10:contributor><a10:name>mapbutcher@mapbutcher.com</a10:name></a10:contributor><georss:point>37.0359498400001 -121.884071128</georss:point></item><item><guid isPermaLink="false">e6489afb-cf11-479a-9592-b56f0a3f1782</guid><a10:author><a10:name>Simon Hope</a10:name></a10:author><title /><description /><pubDate>Tue, 01 May 2012 21:57:23 +1000</pubDate><a10:link href="http://www.mapbutcher.com/" /><a10:rights type="text">Copyright 2011</a10:rights><a10:content type="text"></a10:content><a10:contributor><a10:name>mapbutcher@mapbutcher.com</a10:name></a10:contributor><georss:point>34.2010037430001 -116.436843667</georss:point></item><item><guid isPermaLink="false">dd03dbbb-9f13-4d48-b99f-2cc6712e9e56</guid><a10:author><a10:name>Simon Hope</a10:name></a10:author><title /><description /><pubDate>Tue, 01 May 2012 21:57:23 +1000</pubDate><a10:link href="http://www.mapbutcher.com/" /><a10:rights type="text">Copyright 2011</a10:rights><a10:content type="text"></a10:content><a10:contributor><a10:name>mapbutcher@mapbutcher.com</a10:name></a10:contributor><georss:point>34.213005213 -118.537918026</georss:point></item><item><guid isPermaLink="false">5a6b1774-d589-48a4-8731-9f2038ed70e0</guid><a10:author><a10:name>Simon Hope</a10:name></a10:author><title /><description /><pubDate>Tue, 01 May 2012 21:57:23 +1000</pubDate><a10:link href="http://www.mapbutcher.com/" /><a10:rights type="text">Copyright 2011</a10:rights><a10:content type="text"></a10:content><a10:contributor><a10:name>mapbutcher@mapbutcher.com</a10:name></a10:contributor><georss:point>34.2010037430001 -116.436843667</georss:point></item><item><guid isPermaLink="false">38ae84f6-e360-4b7a-b9e9-27ecaf19deab</guid><a10:author><a10:name>Simon Hope</a10:name></a10:author><title /><description /><pubDate>Tue, 01 May 2012 21:57:23 +1000</pubDate><a10:link href="http://www.mapbutcher.com/" /><a10:rights type="text">Copyright 2011</a10:rights><a10:content type="text"></a10:content><a10:contributor><a10:name>mapbutcher@mapbutcher.com</a10:name></a10:contributor><georss:point>33.900016672 -117.80089566</georss:point></item><item><guid isPermaLink="false">91e9a1f5-ba43-4e75-a88b-36d418381e8e</guid><a10:author><a10:name>Simon Hope</a10:name></a10:author><title /><description /><pubDate>Tue, 01 May 2012 21:57:23 +1000</pubDate><a10:link href="http://www.mapbutcher.com/" /><a10:rights type="text">Copyright 2011</a10:rights><a10:content type="text"></a10:content><a10:contributor><a10:name>mapbutcher@mapbutcher.com</a10:name></a10:contributor><georss:point>37.7999265940001 -122.501083468</georss:point></item><item><guid isPermaLink="false">c2e7d8af-895b-4887-ab0f-c1acc2a673c5</guid><a10:author><a10:name>Simon Hope</a10:name></a10:author><title /><description /><pubDate>Tue, 01 May 2012 21:57:23 +1000</pubDate><a10:link href="http://www.mapbutcher.com/" /><a10:rights type="text">Copyright 2011</a10:rights><a10:content type="text"></a10:content><a10:contributor><a10:name>mapbutcher@mapbutcher.com</a10:name></a10:contributor><georss:point>34.36999918 -117.650893936</georss:point></item><item><guid isPermaLink="false">954580ac-827f-4a71-b5c6-6a5b5527f9e3</guid><a10:author><a10:name>Simon Hope</a10:name></a10:author><title /><description /><pubDate>Tue, 01 May 2012 21:57:23 +1000</pubDate><a10:link href="http://www.mapbutcher.com/" /><a10:rights type="text">Copyright 2011</a10:rights><a10:content type="text"></a10:content><a10:contributor><a10:name>mapbutcher@mapbutcher.com</a10:name></a10:contributor><georss:point>34.2000008460001 -119.900970627</georss:point></item><item><guid isPermaLink="false">e476df8e-3cb9-422a-85a6-e66152d38375</guid><a10:author><a10:name>Simon Hope</a10:name></a10:author><title /><description /><pubDate>Tue, 01 May 2012 21:57:23 +1000</pubDate><a10:link href="http://www.mapbutcher.com/" /><a10:rights type="text">Copyright 2011</a10:rights><a10:content type="text"></a10:content><a10:contributor><a10:name>mapbutcher@mapbutcher.com</a10:name></a10:contributor><georss:point>37.7999265940001 -122.201072425</georss:point></item><item><guid isPermaLink="false">4aa09a0d-b71a-4149-8794-f361e3ad3869</guid><a10:author><a10:name>Simon Hope</a10:name></a10:author><title /><description /><pubDate>Tue, 01 May 2012 21:57:23 +1000</pubDate><a10:link href="http://www.mapbutcher.com/" /><a10:rights type="text">Copyright 2011</a10:rights><a10:content type="text"></a10:content><a10:contributor><a10:name>mapbutcher@mapbutcher.com</a10:name></a10:contributor><georss:point>37.5999336400001 -122.401084654</georss:point></item><item><guid isPermaLink="false">30e75845-43f7-4da8-ab4f-9ced17234da9</guid><a10:author><a10:name>Simon Hope</a10:name></a10:author><title /><description /><pubDate>Tue, 01 May 2012 21:57:23 +1000</pubDate><a10:link href="http://www.mapbutcher.com/" /><a10:rights type="text">Copyright 2011</a10:rights><a10:content type="text"></a10:content><a10:contributor><a10:name>mapbutcher@mapbutcher.com</a10:name></a10:contributor><georss:point>34.100006122 -118.100898527</georss:point></item></channel></rss>
]]></text>
                              </contents>
                            </body>
                          </stream>
                        </streams>
                        <attachments />
                      </testLog>
                    </testStepRun>
                    <testStepRun startTime="2012-05-01T21:57:23.2901152+10:00" endTime="2012-05-01T21:57:25.4231824+10:00">
                      <testStep id="7141c82ef8e4f1a8" name="ExportGeoRSS_RSSFormat_Layer(&quot;&quot;, &quot;ExportLayers/7&quot;, &quot;ExportLayer&quot;, &quot;{\&quot;filterGeometry\&quot;:null,\&quot;geometryType\&quot;:null,\&quot;where\&quot;:null,\&quot;exportProperties\&quot;:{\&quot;Title\&quot;:\&quot;Californian Rivers\&quot;,\&quot;ID\&quot;:\&quot;Feed Id\&quot;,\&quot;Language\&quot;:\&quot;en-us\&quot;,\&quot;CopyRight\&quot;:\&quot;Copyright 2011\&quot;,\&quot;Generator\&quot;:\&quot;http://www.mapbutcher.com\&quot;,\&quot;Description\&quot;:\&quot;A GeoRSS format of Californian Rivers\&quot;,\&quot;Link\&quot;:{\&quot;BaseUri\&quot;:null,\&quot;Length\&quot;:0,\&quot;MediaType\&quot;:null,\&quot;RelationshipType\&quot;:null,\&quot;Title\&quot;:\&quot;Mapbutcher\&quot;,\&quot;Uri\&quot;:\&quot;http://www.mapbutcher.com\&quot;},\&quot;Author\&quot;:{\&quot;Email\&quot;:\&quot;mapbutcher@mapbutcher.com\&quot;,\&quot;Name\&quot;:\&quot;Simon\&quot;,\&quot;Uri\&quot;:\&quot;http://www.mapbutcher.com\&quot;},\&quot;GeometryFormat\&quot;:\&quot;simple\&quot;,\&quot;GeometryField\&quot;:\&quot;Shape\&quot;,\&quot;FeedFormat\&quot;:\&quot;Rss\&quot;,\&quot;Items\&quot;:[{\&quot;Key\&quot;:\&quot;Author\&quot;,\&quot;Value\&quot;:{\&quot;PostCondition\&quot;:null,\&quot;PreConditon\&quot;:null,\&quot;MappedContent\&quot;:null,\&quot;MappedContentAlias\&quot;:null,\&quot;FixedContent\&quot;:\&quot;Simon Hope\&quot;,\&quot;MappedContentDelimeter\&quot;:null,\&quot;AutoGenerate\&quot;:false}},{\&quot;Key\&quot;:\&quot;Content\&quot;,\&quot;Value\&quot;:{\&quot;PostCondition\&quot;:null,\&quot;PreConditon\&quot;:null,\&quot;MappedContent\&quot;:null,\&quot;MappedContentAlias\&quot;:null,\&quot;FixedContent\&quot;:null,\&quot;MappedContentDelimeter\&quot;:null,\&quot;AutoGenerate\&quot;:false}},{\&quot;Key\&quot;:\&quot;Contributors\&quot;,\&quot;Value\&quot;:{\&quot;PostCondition\&quot;:null,\&quot;PreConditon\&quot;:null,\&quot;MappedContent\&quot;:null,\&quot;MappedContentAlias\&quot;:null,\&quot;FixedContent\&quot;:\&quot;mapbutcher@mapbutcher.com\&quot;,\&quot;MappedContentDelimeter\&quot;:null,\&quot;AutoGenerate\&quot;:false}},{\&quot;Key\&quot;:\&quot;Copyright\&quot;,\&quot;Value\&quot;:{\&quot;PostCondition\&quot;:null,\&quot;PreConditon\&quot;:null,\&quot;MappedContent\&quot;:null,\&quot;MappedContentAlias\&quot;:null,\&quot;FixedContent\&quot;:\&quot;Copyright 2011\&quot;,\&quot;MappedContentDelimeter\&quot;:null,\&quot;AutoGenerate\&quot;:false}},{\&quot;Key\&quot;:\&quot;Id\&quot;,\&quot;Value\&quot;:{\&quot;PostCondition\&quot;:null,\&quot;PreConditon\&quot;:null,\&quot;MappedContent\&quot;:\&quot;UFI\&quot;,\&quot;MappedContentAlias\&quot;:null,\&quot;FixedContent\&quot;:null,\&quot;MappedContentDelimeter\&quot;:null,\&quot;AutoGenerate\&quot;:true}},{\&quot;Key\&quot;:\&quot;LastUpdatedTime\&quot;,\&quot;Value\&quot;:{\&quot;PostCondition\&quot;:null,\&quot;PreConditon\&quot;:null,\&quot;MappedContent\&quot;:null,\&quot;MappedContentAlias\&quot;:null,\&quot;FixedContent\&quot;:null,\&quot;MappedContentDelimeter\&quot;:null,\&quot;AutoGenerate\&quot;:false}},{\&quot;Key\&quot;:\&quot;Links\&quot;,\&quot;Value\&quot;:{\&quot;PostCondition\&quot;:null,\&quot;PreConditon\&quot;:null,\&quot;MappedContent\&quot;:null,\&quot;MappedContentAlias\&quot;:null,\&quot;FixedContent\&quot;:\&quot;http://www.mapbutcher.com\&quot;,\&quot;MappedContentDelimeter\&quot;:null,\&quot;AutoGenerate\&quot;:false}},{\&quot;Key\&quot;:\&quot;PublishDate\&quot;,\&quot;Value\&quot;:{\&quot;PostCondition\&quot;:null,\&quot;PreConditon\&quot;:null,\&quot;MappedContent\&quot;:null,\&quot;MappedContentAlias\&quot;:null,\&quot;FixedContent\&quot;:null,\&quot;MappedContentDelimeter\&quot;:null,\&quot;AutoGenerate\&quot;:true}},{\&quot;Key\&quot;:\&quot;Summary\&quot;,\&quot;Value\&quot;:{\&quot;PostCondition\&quot;:null,\&quot;PreConditon\&quot;:null,\&quot;MappedContent\&quot;:null,\&quot;MappedContentAlias\&quot;:null,\&quot;FixedContent\&quot;:null,\&quot;MappedContentDelimeter\&quot;:null,\&quot;AutoGenerate\&quot;:false}},{\&quot;Key\&quot;:\&quot;Title\&quot;,\&quot;Value\&quot;:{\&quot;PostCondition\&quot;:null,\&quot;PreConditon\&quot;:null,\&quot;MappedContent\&quot;:null,\&quot;MappedContentAlias\&quot;:null,\&quot;FixedContent\&quot;:null,\&quot;MappedContentDelimeter\&quot;:null,\&quot;AutoGenerate\&quot;:false}}]}}&quot;, &quot;georss&quot;, &quot;{}&quot;, 500, &quot;item&quot;)" fullName="GPX.Server.Extension.Tests/MockServerTest/ExportGeoRSS_RSSFormat_Layer/ExportGeoRSS_RSSFormat_Layer(&quot;&quot;, &quot;ExportLayers/7&quot;, &quot;ExportLayer&quot;, &quot;{\&quot;filterGeometry\&quot;:null,\&quot;geometryType\&quot;:null,\&quot;where\&quot;:null,\&quot;exportProperties\&quot;:{\&quot;Title\&quot;:\&quot;Californian Rivers\&quot;,\&quot;ID\&quot;:\&quot;Feed Id\&quot;,\&quot;Language\&quot;:\&quot;en-us\&quot;,\&quot;CopyRight\&quot;:\&quot;Copyright 2011\&quot;,\&quot;Generator\&quot;:\&quot;http://www.mapbutcher.com\&quot;,\&quot;Description\&quot;:\&quot;A GeoRSS format of Californian Rivers\&quot;,\&quot;Link\&quot;:{\&quot;BaseUri\&quot;:null,\&quot;Length\&quot;:0,\&quot;MediaType\&quot;:null,\&quot;RelationshipType\&quot;:null,\&quot;Title\&quot;:\&quot;Mapbutcher\&quot;,\&quot;Uri\&quot;:\&quot;http://www.mapbutcher.com\&quot;},\&quot;Author\&quot;:{\&quot;Email\&quot;:\&quot;mapbutcher@mapbutcher.com\&quot;,\&quot;Name\&quot;:\&quot;Simon\&quot;,\&quot;Uri\&quot;:\&quot;http://www.mapbutcher.com\&quot;},\&quot;GeometryFormat\&quot;:\&quot;simple\&quot;,\&quot;GeometryField\&quot;:\&quot;Shape\&quot;,\&quot;FeedFormat\&quot;:\&quot;Rss\&quot;,\&quot;Items\&quot;:[{\&quot;Key\&quot;:\&quot;Author\&quot;,\&quot;Value\&quot;:{\&quot;PostCondition\&quot;:null,\&quot;PreConditon\&quot;:null,\&quot;MappedContent\&quot;:null,\&quot;MappedContentAlias\&quot;:null,\&quot;FixedContent\&quot;:\&quot;Simon Hope\&quot;,\&quot;MappedContentDelimeter\&quot;:null,\&quot;AutoGenerate\&quot;:false}},{\&quot;Key\&quot;:\&quot;Content\&quot;,\&quot;Value\&quot;:{\&quot;PostCondition\&quot;:null,\&quot;PreConditon\&quot;:null,\&quot;MappedContent\&quot;:null,\&quot;MappedContentAlias\&quot;:null,\&quot;FixedContent\&quot;:null,\&quot;MappedContentDelimeter\&quot;:null,\&quot;AutoGenerate\&quot;:false}},{\&quot;Key\&quot;:\&quot;Contributors\&quot;,\&quot;Value\&quot;:{\&quot;PostCondition\&quot;:null,\&quot;PreConditon\&quot;:null,\&quot;MappedContent\&quot;:null,\&quot;MappedContentAlias\&quot;:null,\&quot;FixedContent\&quot;:\&quot;mapbutcher@mapbutcher.com\&quot;,\&quot;MappedContentDelimeter\&quot;:null,\&quot;AutoGenerate\&quot;:false}},{\&quot;Key\&quot;:\&quot;Copyright\&quot;,\&quot;Value\&quot;:{\&quot;PostCondition\&quot;:null,\&quot;PreConditon\&quot;:null,\&quot;MappedContent\&quot;:null,\&quot;MappedContentAlias\&quot;:null,\&quot;FixedContent\&quot;:\&quot;Copyright 2011\&quot;,\&quot;MappedContentDelimeter\&quot;:null,\&quot;AutoGenerate\&quot;:false}},{\&quot;Key\&quot;:\&quot;Id\&quot;,\&quot;Value\&quot;:{\&quot;PostCondition\&quot;:null,\&quot;PreConditon\&quot;:null,\&quot;MappedContent\&quot;:\&quot;UFI\&quot;,\&quot;MappedContentAlias\&quot;:null,\&quot;FixedContent\&quot;:null,\&quot;MappedContentDelimeter\&quot;:null,\&quot;AutoGenerate\&quot;:true}},{\&quot;Key\&quot;:\&quot;LastUpdatedTime\&quot;,\&quot;Value\&quot;:{\&quot;PostCondition\&quot;:null,\&quot;PreConditon\&quot;:null,\&quot;MappedContent\&quot;:null,\&quot;MappedContentAlias\&quot;:null,\&quot;FixedContent\&quot;:null,\&quot;MappedContentDelimeter\&quot;:null,\&quot;AutoGenerate\&quot;:false}},{\&quot;Key\&quot;:\&quot;Links\&quot;,\&quot;Value\&quot;:{\&quot;PostCondition\&quot;:null,\&quot;PreConditon\&quot;:null,\&quot;MappedContent\&quot;:null,\&quot;MappedContentAlias\&quot;:null,\&quot;FixedContent\&quot;:\&quot;http://www.mapbutcher.com\&quot;,\&quot;MappedContentDelimeter\&quot;:null,\&quot;AutoGenerate\&quot;:false}},{\&quot;Key\&quot;:\&quot;PublishDate\&quot;,\&quot;Value\&quot;:{\&quot;PostCondition\&quot;:null,\&quot;PreConditon\&quot;:null,\&quot;MappedContent\&quot;:null,\&quot;MappedContentAlias\&quot;:null,\&quot;FixedContent\&quot;:null,\&quot;MappedContentDelimeter\&quot;:null,\&quot;AutoGenerate\&quot;:true}},{\&quot;Key\&quot;:\&quot;Summary\&quot;,\&quot;Value\&quot;:{\&quot;PostCondition\&quot;:null,\&quot;PreConditon\&quot;:null,\&quot;MappedContent\&quot;:null,\&quot;MappedContentAlias\&quot;:null,\&quot;FixedContent\&quot;:null,\&quot;MappedContentDelimeter\&quot;:null,\&quot;AutoGenerate\&quot;:false}},{\&quot;Key\&quot;:\&quot;Title\&quot;,\&quot;Value\&quot;:{\&quot;PostCondition\&quot;:null,\&quot;PreConditon\&quot;:null,\&quot;MappedContent\&quot;:null,\&quot;MappedContentAlias\&quot;:null,\&quot;FixedContent\&quot;:null,\&quot;MappedContentDelimeter\&quot;:null,\&quot;AutoGenerate\&quot;:false}}]}}&quot;, &quot;georss&quot;, &quot;{}&quot;, 500, &quot;item&quot;)" testId="3329aded5f51c3be" isPrimary="false" isTestCase="true" isDynamic="false">
                        <codeReference assembly="GPX.Server.Extension.Tests, Version=1.0.0.0, Culture=neutral, PublicKeyToken=null" namespace="GPX.Server.Extension.Tests" type="GPX.Server.Extension.Tests.MockServerTest" member="ExportGeoRSS_RSSFormat_Layer" />
                        <codeLocation path="C:\Git\arcgis-exporter-extension\GPX.Server.Extension.Tests\MockServerTest.cs" line="230" />
                        <metadata>
                          <entry key="TestKind">
                            <value>Test</value>
                          </entry>
                          <entry key="Description">
                            <value>Export Lines Simple Rss - test assumes 500 feature limit threshhold set by mock server object</value>
                          </entry>
                        </metadata>
                      </testStep>
                      <children />
                      <result assertCount="1" duration="2.1144156">
                        <outcome status="passed" />
                      </result>
                      <testLog>
                        <streams>
                          <stream name="Log">
                            <body>
                              <contents>
                                <text><![CDATA[<?xml version="1.0" encoding="utf-8"?><rss xmlns:a10="http://www.w3.org/2005/Atom" version="2.0"><channel xmlns:georss="http://www.georss.org/georss"><title>Californian Rivers</title><description>A GeoRSS format of Californian Rivers</description><language>en-us</language><copyright>Copyright 2011</copyright><managingEditor>mapbutcher@mapbutcher.com</managingEditor><generator>http://www.mapbutcher.com</generator><a10:id>acb3bbf1-00d1-48c6-bd36-a9c0b22c4c3b</a10:id><a10:link title="Mapbutcher" href="http://www.mapbutcher.com/" /><item><guid isPermaLink="false">32d8460a-11e0-4501-a191-be40f2e66268</guid><a10:author><a10:name>Simon Hope</a10:name></a10:author><title /><description /><pubDate>Tue, 01 May 2012 21:57:24 +1000</pubDate><a10:link href="http://www.mapbutcher.com/" /><a10:rights type="text">Copyright 2011</a10:rights><a10:content type="text"></a10:content><a10:contributor><a10:name>mapbutcher@mapbutcher.com</a10:name></a10:contributor><georss:line>41.94659 -124.20976 41.94267 -124.20518</georss:line></item><item><guid isPermaLink="false">f927f699-33cc-46b9-a607-e40af94038b1</guid><a10:author><a10:name>Simon Hope</a10:name></a10:author><title /><description /><pubDate>Tue, 01 May 2012 21:57:24 +1000</pubDate><a10:link href="http://www.mapbutcher.com/" /><a10:rights type="text">Copyright 2011</a10:rights><a10:content type="text"></a10:content><a10:contributor><a10:name>mapbutcher@mapbutcher.com</a10:name></a10:contributor><georss:line>38.05092 -122.26346 38.04814 -122.26628 38.04495 -122.26675 38.0413 -122.26778 38.03987 -122.27065 38.03797 -122.27467 38.03698 -122.27814 38.03333 -122.27917 38.02922 -122.28076 38.0269 -122.28302 38.02503 -122.28529 38.02227 -122.28752 38.02129 -122.29041 38.02171 -122.29218 38.01943 -122.29267 38.01714 -122.29375 38.01431 -122.29832 38.01197 -122.30173 38.01007 -122.30517 38.00996 -122.30984 38.01028 -122.3157 38.00929 -122.31975 38.00643 -122.32549 38.00123 -122.33463 38.00107 -122.34164 38.00275 -122.34755 38.00538 -122.35116 38.00759 -122.35358 38.00794 -122.35827 38.00784 -122.36235 38.0096 -122.36476 38.01091 -122.36715 38.0104 -122.36947 38.00901 -122.37057 38.00536 -122.3716 38.00401 -122.37096 38.00312 -122.37035 38.00042 -122.36966 37.99774 -122.36781 37.99594 -122.36715 37.99509 -122.36478 37.99377 -122.36298 37.98968 -122.3634 37.98693 -122.36446 37.98371 -122.36667 37.98003 -122.36887 37.97771 -122.37112 37.97539 -122.37336 37.97396 -122.37622 37.97474 -122.38152 37.97507 -122.38678 37.97274 -122.38961 37.96958 -122.3889 37.96732 -122.38882 37.96501 -122.39047 37.96495 -122.39281 37.96166 -122.39793 37.96034 -122.39613 37.95897 -122.39666 37.95703 -122.4024 37.95705 -122.40126 37.95621 -122.39831 37.95392 -122.39938 37.95342 -122.40112 37.95335 -122.40403 37.95508 -122.4076 37.95636 -122.41116 37.95947 -122.41362 37.96217 -122.41489 37.963 -122.41784 37.96296 -122.41959 37.96244 -122.42249 37.96239 -122.42424 37.96279 -122.4266 37.96412 -122.42782 37.96452 -122.43017 37.96403 -122.4319 37.96221 -122.43183 37.96132 -122.43121 37.96 -122.42941 37.95866 -122.42876 37.95686 -122.42811 37.95512 -122.42513 37.95336 -122.42272 37.9511 -122.42263 37.94835 -122.42368 37.94698 -122.42422 37.94701 -122.42305 37.94707 -122.42014 37.94622 -122.41776 37.94444 -122.41653 37.94267 -122.4147 37.94042 -122.41403 37.93813 -122.41511 37.93675 -122.41564 37.93494 -122.41557 37.9336 -122.41493 37.93136 -122.41367 37.93005 -122.41129 37.93059 -122.40781 37.92978 -122.40369 37.92897 -122.39957 37.92816 -122.39545 37.92321 -122.39409 37.92145 -122.39169 37.9197 -122.3887 37.91703 -122.38685 37.91522 -122.38677 37.91383 -122.38789 37.9106 -122.3901 37.90878 -122.39061 37.90838 -122.38826 37.91022 -122.38716 37.91162 -122.38547 37.91259 -122.38259 37.91088 -122.37843 37.91143 -122.37437 37.9073 -122.37654 37.90467 -122.37236 37.90478 -122.36769 37.90752 -122.36722 37.9093 -122.36845 37.91019 -122.36907 37.91379 -122.37038 37.91342 -122.36686 37.91033 -122.36324 37.90901 -122.36144 37.91137 -122.35744 37.91364 -122.35754 37.91464 -122.35349 37.91336 -122.34994 37.90972 -122.35038 37.90832 -122.35207 37.90747 -122.34971 37.90805 -122.34447 37.90905 -122.34043 37.90962 -122.33521 37.90793 -122.32989 37.90487 -122.3251 37.90264 -122.32327 37.89944 -122.32431 37.89809 -122.32426 37.89731 -122.31839 37.89421 -122.31535 37.89106 -122.31407 37.89009 -122.31695 37.8905 -122.31872 37.89 -122.32103 37.88866 -122.3204 37.88599 -122.31796 37.88239 -122.31666 37.87973 -122.31422 37.87522 -122.31288 37.87071 -122.31213 37.8693 -122.31441 37.86834 -122.3167 37.86739 -122.31842 37.86474 -122.3154 37.8639 -122.31245 37.86122 -122.3106 37.85404 -122.30741 37.84683 -122.30539 37.84233 -122.30405 37.84005 -122.30455 37.83957 -122.30569 37.83772 -122.30737 37.83638 -122.30616 37.83506 -122.30436 37.83326 -122.30371 37.83147 -122.30305 37.8301 -122.30301 37.8287 -122.3047 37.82718 -122.31222 37.82712 -122.31455 37.82752 -122.31689 37.82838 -122.31868 37.82742 -122.32098 37.82649 -122.32211 37.82505 -122.32555 37.82452 -122.32903 37.82213 -122.33418 37.82076 -122.33471 37.81899 -122.33289 37.81908 -122.32882 37.81916 -122.32533 37.8183 -122.32354 37.81926 -122.32124 37.82064 -122.32014 37.82116 -122.31724 37.82032 -122.31429 37.81944 -122.3131 37.81854 -122.31306 37.81891 -122.31657 37.81887 -122.31832 37.81563 -122.32111 37.81287 -122.32275 37.81099 -122.32559 37.81002 -122.32847 37.80995 -122.33138 37.80943 -122.33427 37.80895 -122.33543 37.80715 -122.33477 37.80634 -122.33066 37.80546 -122.32946 37.80416 -122.32708 37.80281 -122.32645 37.80056 -122.32578 37.79736 -122.32682 37.79646 -122.32678 37.79612 -122.32153 37.79447 -122.31448 37.79375 -122.30629 37.793 -122.29985 37.79538 -122.2947 37.79597 -122.28889 37.79517 -122.2842 37.79303 -122.2783 37.79038 -122.27528 37.78952 -122.2735 37.78962 -122.26884 37.78786 -122.26645 37.7861 -122.26405 37.78479 -122.26167 37.78719 -122.25594 37.78591 -122.2524 37.78327 -122.2488 37.77969 -122.24693 37.77565 -122.24503 37.77257 -122.24083 37.77041 -122.23609 37.76823 -122.23193 37.76423 -122.22829 37.75929 -122.22636 37.75886 -122.22517 37.75889 -122.22401 37.75983 -122.2223 37.76077 -122.22117 37.75854 -122.21934 37.75627 -122.21925 37.75271 -122.21622 37.75094 -122.2144 37.74914 -122.21375 37.74646 -122.21191 37.74513 -122.21069 37.74285 -122.2112 37.74325 -122.21354 37.74545 -122.21653 37.74678 -122.21774 37.74497 -122.21767 37.74273 -122.21643 37.73825 -122.21394 37.73515 -122.21091 37.73285 -122.21258 37.73415 -122.21495 37.73863 -122.21745 37.7431 -122.22052 37.74533 -122.22176 37.74707 -122.22533 37.747 -122.22823 37.74783 -122.23177 37.74773 -122.23642 37.74677 -122.23871 37.74492 -122.24039 37.74172 -122.24143 37.73809 -122.24188 37.73668 -122.24416 37.7375 -122.24768 37.73741 -122.25175 37.73918 -122.25357 37.74144 -122.25423 37.74231 -122.25543 37.74138 -122.25656 37.74001 -122.2571 37.73776 -122.25642 37.73555 -122.25401 37.732 -122.25039 37.7303 -122.24509 37.73033 -122.24393 37.72816 -122.23977 37.72733 -122.23624 37.72694 -122.23331 37.72469 -122.23265 37.72281 -122.23549 37.71955 -122.23944 37.71951 -122.2412 37.71991 -122.24354 37.71853 -122.24465 37.71719 -122.24344 37.71406 -122.24157 37.71101 -122.23621 37.70883 -122.23206 37.70483 -122.22842 37.7022 -122.22426 37.69999 -122.22185 37.6987 -122.21889 37.69921 -122.216 37.70242 -122.21437 37.70605 -122.2145 37.70878 -122.21402 37.71108 -122.21236 37.71253 -122.20834 37.71357 -122.20255 37.7127 -122.20078 37.71132 -122.20189 37.70763 -122.20467 37.70583 -122.20402 37.70233 -122.19807 37.70335 -122.19287 37.69661 -122.1903 37.69034 -122.18658 37.68586 -122.18409 37.68273 -122.18224 37.68142 -122.17986 37.68146 -122.17812 37.67968 -122.17631 37.6779 -122.17508 37.6766 -122.17213 37.67572 -122.17093 37.67124 -122.16844 37.66859 -122.16544 37.66363 -122.16409 37.65778 -122.16214 37.65195 -122.15902 37.64832 -122.15889 37.64471 -122.15818 37.64289 -122.1587 37.63974 -122.15742 37.6375 -122.15618 37.63479 -122.1555 37.63161 -122.15597 37.62978 -122.15649 37.628 -122.15526 37.62712 -122.15406 37.62171 -122.15271 37.61627 -122.15251 37.61221 -122.15179 37.60814 -122.15106 37.6059 -122.14982 37.60365 -122.14915 37.60187 -122.14735 37.59959 -122.14785 37.59728 -122.15009 37.59409 -122.15056 37.59228 -122.15049 37.58821 -122.14977 37.58279 -122.14899 37.57833 -122.14535 37.57208 -122.14106 37.56627 -122.13737 37.56223 -122.13548 37.56182 -122.13314 37.56002 -122.1325 37.55866 -122.13245 37.5555 -122.13176 37.54971 -122.12691 37.5457 -122.12386 37.54079 -122.1202 37.5345 -122.11766 37.5282 -122.11511 37.52371 -122.11321 37.51054 -122.11391 37.50512 -122.11314 37.50289 -122.11132 37.50161 -122.1078 37.50128 -122.10198 37.50139 -122.09676 37.50194 -122.09214 37.50518 -122.08935 37.50568 -122.08704 37.50388 -122.0864 37.50125 -122.08224 37.49911 -122.07579 37.49833 -122.06996 37.49754 -122.06471 37.49669 -122.06178 37.49452 -122.05706 37.49278 -122.05352 37.49144 -122.05289 37.49093 -122.0552 37.48954 -122.05689 37.48682 -122.0568 37.48412 -122.05554 37.48052 -122.05426 37.47781 -122.05417 37.47643 -122.0547 37.4746 -122.05579 37.471 -122.05451 37.46874 -122.05386 37.46607 -122.05145 37.46662 -122.04682 37.46899 -122.04226 37.46871 -122.03355 37.46843 -122.02542 37.46817 -122.01614 37.46884 -122.00571 37.46856 -121.997 37.46639 -121.99229 37.46278 -121.99158 37.46135 -121.99502 37.46346 -122.00263 37.4628 -122.01247 37.4618 -122.01707 37.46038 -122.01993 37.459 -122.02104 37.45188 -122.02009 37.45804 -122.02333 37.4603 -122.02399 37.46071 -122.02574 37.46201 -122.02869 37.46103 -122.03214 37.45866 -122.03727 37.45499 -122.03946 37.45275 -122.03765 37.44926 -122.03115 37.44917 -122.03579 37.45136 -122.03934 37.449 -122.0439 37.44753 -122.04906 37.44743 -122.0537 37.44781 -122.0572 37.44592 -122.06119 37.44493 -122.06464 37.44625 -122.067 37.44893 -122.06883 37.44933 -122.07117 37.44928 -122.07349 37.44874 -122.07752 37.45138 -122.08167 37.45134 -122.08341 37.45085 -122.08514 37.45128 -122.08631 37.45163 -122.09097 37.45248 -122.09389 37.45285 -122.09738 37.45512 -122.09747 37.45778 -122.10046 37.45997 -122.10401 37.46168 -122.10871 37.46425 -122.11576 37.4678 -122.11937 37.46954 -122.12291 37.47223 -122.12417 37.47717 -122.12666 37.48443 -122.12634 37.49042 -122.12713 37.49708 -122.12852 37.50156 -122.131 37.50467 -122.13402 37.50643 -122.13641 37.50814 -122.14111 37.50718 -122.14397 37.50528 -122.14796 37.50319 -122.15109 37.50154 -122.15305 37.5006 -122.15418 37.4997 -122.15415 37.49927 -122.15298 37.49747 -122.15233 37.49607 -122.15402 37.49425 -122.15453 37.4934 -122.1516 37.49256 -122.14867 37.4926 -122.14693 37.49079 -122.14687 37.49028 -122.14917 37.48975 -122.15263 37.4897 -122.15495 37.49102 -122.15675 37.49371 -122.15858 37.49736 -122.15755 37.49824 -122.15874 37.49773 -122.16105 37.49856 -122.16456 37.4985 -122.16746 37.50027 -122.16926 37.50387 -122.17055 37.50518 -122.17292 37.50959 -122.17888 37.5136 -122.18193 37.51765 -122.18324 37.52079 -122.18451 37.52029 -122.18681 37.51939 -122.18678 37.51799 -122.18848 37.51794 -122.1908 37.5197 -122.19318 37.52188 -122.19674 37.5227 -122.20084 37.52128 -122.20368 37.51897 -122.20535 37.51765 -122.20355 37.5164 -122.19886 37.51649 -122.1948 37.51384 -122.19122 37.51284 -122.19583 37.51392 -122.19813 37.51495 -122.20116 37.51491 -122.20461 37.51435 -122.20924 37.51342 -122.21037 37.50881 -122.21368 37.5083 -122.21598 37.51284 -122.21615 37.51743 -122.21341 37.52068 -122.21004 37.5225 -122.21011 37.52521 -122.21021 37.52484 -122.20672 37.52766 -122.20217 37.53048 -122.19763 37.53276 -122.19714 37.53544 -122.19897 37.53812 -122.20081 37.54032 -122.2038 37.53934 -122.20724 37.54018 -122.21017 37.54057 -122.2131 37.54046 -122.21774 37.54179 -122.21953 37.54352 -122.22308 37.54161 -122.22707 37.53886 -122.22871 37.53699 -122.23096 37.53649 -122.23327 37.54015 -122.23166 37.54519 -122.22952 37.54749 -122.22787 37.54971 -122.23027 37.55145 -122.23324 37.5523 -122.23618 37.55174 -122.2408 37.55167 -122.2437 37.55162 -122.24603 37.54976 -122.24828 37.54788 -122.25111 37.54465 -122.25331 37.54285 -122.25266 37.5406 -122.252 37.53828 -122.25423 37.53868 -122.25658 37.54139 -122.25726 37.54547 -122.25741 37.54957 -122.2564 37.5519 -122.25358 37.5529 -122.24956 37.55743 -122.24972 37.55967 -122.25097 37.56326 -122.25284 37.5668 -122.25645 37.56856 -122.25884 37.57163 -122.2636 37.57291 -122.26714 37.57331 -122.26948 37.57279 -122.27236 37.57137 -122.27522 37.5708 -122.27984 37.57155 -122.28684 37.57149 -122.28975 37.57142 -122.29265 37.57047 -122.29436 37.56866 -122.29429 37.56828 -122.29137 37.56696 -122.28957 37.56562 -122.28836 37.56469 -122.28948 37.56373 -122.29178 37.56553 -122.29243 37.5668 -122.29655 37.57039 -122.29784 37.57127 -122.29903 37.57211 -122.30197 37.57387 -122.30436 37.57563 -122.30676 37.57735 -122.31088 37.57955 -122.31387 37.58041 -122.31565 37.58217 -122.31804 37.58484 -122.32047 37.58798 -122.32175 37.59066 -122.32359 37.59014 -122.32648 37.58866 -122.33165 37.58763 -122.33684 37.58792 -122.34382 37.58954 -122.35202 37.5908 -122.35613 37.59564 -122.36272 37.6005 -122.36813 37.60137 -122.36991 37.60225 -122.3711 37.60443 -122.37468 37.60619 -122.37707 37.61022 -122.37897 37.61253 -122.37732 37.61396 -122.37447 37.61265 -122.37209 37.6136 -122.37038 37.61636 -122.36874 37.61817 -122.36881 37.61993 -122.37121 37.62357 -122.37077 37.62495 -122.36966 37.62674 -122.37089 37.62802 -122.37443 37.62884 -122.37794 37.62969 -122.38031 37.63056 -122.38209 37.63369 -122.38395 37.63636 -122.3858 37.63859 -122.38763 37.63895 -122.39172 37.63797 -122.39458 37.6393 -122.3958 37.64022 -122.39525 37.64072 -122.39352 37.64341 -122.3948 37.64703 -122.39494 37.64932 -122.39386 37.6503 -122.39099 37.6499 -122.38865 37.65092 -122.38404 37.65368 -122.3824 37.65549 -122.38247 37.65588 -122.38539 37.65762 -122.38837 37.66032 -122.38906 37.66262 -122.38799 37.66451 -122.38457 37.66629 -122.3858 37.66344 -122.3915 37.66522 -122.39274 37.66799 -122.39053 37.67259 -122.38779 37.67395 -122.38785 37.67944 -122.38573 37.68398 -122.38591 37.69073 -122.38792 37.69611 -122.39046 37.70107 -122.39182 37.70513 -122.39256 37.70966 -122.39273 37.71109 -122.38988 37.71204 -122.38817 37.71382 -122.3894 37.71605 -122.39124 37.71791 -122.38898 37.71862 -122.38899 37.72063 -122.38908 37.722 -122.38856 37.72205 -122.38681 37.72211 -122.3839 37.7249 -122.3811 37.72449 -122.37934 37.72361 -122.37814 37.72154 -122.37859 37.7186 -122.3791 37.71731 -122.37615 37.7178 -122.37442 37.71695 -122.37206 37.71609 -122.37029 37.71613 -122.36853 37.71845 -122.36629 37.72207 -122.36644 37.72487 -122.36305 37.72811 -122.36027 37.72899 -122.36147 37.73116 -122.36562 37.73201 -122.36799 37.7324 -122.37091 37.73143 -122.37321 37.73179 -122.3773 37.73403 -122.37855 37.73628 -122.37922 37.73853 -122.37988 37.74077 -122.38113 37.74206 -122.38409 37.74431 -122.38477 37.74525 -122.38364 37.74614 -122.38425 37.74696 -122.38778 37.74786 -122.3884 37.7488 -122.38669 37.75159 -122.38389 37.7525 -122.38392 37.75336 -122.3857 37.7552 -122.38461 37.76017 -122.38538 37.76198 -122.38546 37.76693 -122.3874 37.77552 -122.38831 37.78817 -122.38998 37.79085 -122.39182 37.79394 -122.39545 37.80061 -122.40095 37.80238 -122.40276 37.80414 -122.40517 37.80635 -122.40759 37.80806 -122.41173 37.80843 -122.41525 37.80924 -122.41936 37.8068 -122.42683 37.80719 -122.42918 37.80714 -122.43151 37.80661 -122.4344 37.80657 -122.43615 37.80564 -122.43728 37.80738 -122.44026 37.80687 -122.44257 37.80677 -122.44665 37.80718 -122.44841 37.80666 -122.4513 37.80564 -122.45592 37.80458 -122.4623 37.80447 -122.46695 37.80532 -122.46931 37.80839 -122.47352 37.80874 -122.47762 37.81007 -122.47883 37.81004 -122.48 37.81091 -122.48178 37.80908 -122.48229 37.80685 -122.48103 37.80549 -122.48098 37.79998 -122.48367 37.79723 -122.48473 37.79449 -122.48578 37.79218 -122.48743 37.78986 -122.48967 37.78841 -122.49311 37.78741 -122.49715 37.7878 -122.49949 37.78906 -122.50362 37.78849 -122.50826 37.78617 -122.5105 37.78566 -122.5128 37.78331 -122.5162 37.78102 -122.51728 37.77562 -122.51531 37.77112 -122.51396 37.76841 -122.51385 37.76252 -122.51361 37.75661 -122.51395 37.75392 -122.51268 37.74986 -122.51193 37.74581 -122.5106 37.73584 -122.5102 37.71912 -122.50777 37.71284 -122.50519 37.70921 -122.50504 37.70471 -122.50369 37.69434 -122.50153 37.68804 -122.49953 37.68352 -122.49876 37.6781 -122.49796 37.67449 -122.49723 37.67132 -122.4971 37.66903 -122.49817 37.6672 -122.49868 37.66495 -122.49801 37.66271 -122.49676 37.65774 -122.49597 37.65185 -122.49574 37.6473 -122.49613 37.63687 -122.49629 37.62687 -122.49705 37.62233 -122.49744 37.62141 -122.49799 37.62048 -122.49911 37.62001 -122.49968 37.61909 -122.50023 37.61685 -122.49897 37.61502 -122.49948 37.61275 -122.49997 37.61005 -122.4987 37.6087 -122.49864 37.60725 -122.50207 37.60632 -122.50319 37.60496 -122.50314 37.60271 -122.50246 37.60227 -122.50187 37.59998 -122.50294 37.59903 -122.50464 37.5981 -122.50578 37.59713 -122.50806 37.59663 -122.50978 37.59659 -122.51153 37.59835 -122.51392 37.5974 -122.51563 37.59649 -122.51559 37.59602 -122.51615 37.59503 -122.5196 37.59502 -122.52018 37.59315 -122.52243 37.59271 -122.52183 37.59094 -122.52001 37.59048 -122.51999 37.58869 -122.51934 37.58688 -122.51926 37.58459 -122.51975 37.58188 -122.51965 37.57961 -122.51955 37.5778 -122.51948 37.57687 -122.5206 37.57594 -122.52115 37.57457 -122.52167 37.57321 -122.52161 37.57233 -122.52042 37.57055 -122.51918 37.56964 -122.51914 37.56827 -122.51967 37.56736 -122.51963 37.56696 -122.51788 37.56652 -122.51727 37.56472 -122.51662 37.56383 -122.51601 37.56245 -122.51653 37.56109 -122.51647 37.55927 -122.51698 37.55747 -122.51633 37.55613 -122.51569 37.5525 -122.51554 37.55022 -122.51603 37.54382 -122.5181 37.54243 -122.5192 37.54106 -122.51972 37.53789 -122.5196 37.53697 -122.52014 37.53556 -122.52182 37.53421 -122.52177 37.53331 -122.52115 37.53196 -122.5211 37.53062 -122.51988 37.52928 -122.51925 37.52701 -122.51915 37.52612 -122.51854 37.52114 -122.51833 37.51937 -122.51652 37.51535 -122.51404 37.5118 -122.51099 37.50741 -122.505 37.5061 -122.50321 37.5043 -122.50256 37.50384 -122.50254 37.50206 -122.5013 37.49844 -122.50116 37.49708 -122.50111 37.49575 -122.49989 37.49532 -122.49871 37.49579 -122.49815 37.4967 -122.49819 37.49851 -122.49826 37.4999 -122.49715 37.50222 -122.49493 37.50274 -122.49205 37.50372 -122.48918 37.50341 -122.48337 37.50126 -122.47864 37.4996 -122.47219 37.49701 -122.46686 37.4917 -122.46143 37.49125 -122.46141 37.48814 -122.45838 37.47743 -122.45158 37.47247 -122.45022 37.46661 -122.44882 37.45893 -122.44736 37.45079 -122.44645 37.44582 -122.44567 37.44175 -122.44551 37.43947 -122.446 37.4372 -122.44592 37.43451 -122.44464 37.43274 -122.44283 37.43008 -122.44041 37.42733 -122.44146 37.42511 -122.43964 37.42423 -122.43844 37.42245 -122.43721 37.42019 -122.43654 37.41613 -122.4358 37.41344 -122.43454 37.41211 -122.43333 37.41124 -122.43155 37.41037 -122.43036 37.40813 -122.42911 37.40543 -122.42842 37.40406 -122.42837 37.40229 -122.42656 37.40097 -122.42477 37.39873 -122.4241 37.39738 -122.42347 37.39421 -122.42335 37.39193 -122.42384 37.39058 -122.4232 37.38923 -122.42315 37.3888 -122.42197 37.38792 -122.42078 37.38659 -122.41957 37.38572 -122.4178 37.38482 -122.41776 37.38257 -122.41709 37.38168 -122.41647 37.38079 -122.41528 37.37945 -122.41465 37.37767 -122.41342 37.37635 -122.41164 37.37455 -122.41099 37.37185 -122.4103 37.37047 -122.41083 37.36687 -122.40952 37.36417 -122.40884 37.36195 -122.40702 37.35931 -122.40343 37.35751 -122.40279 37.35706 -122.40277 37.35571 -122.40214 37.35255 -122.40144 37.34892 -122.40187 37.34075 -122.40214 37.33667 -122.40198 37.33303 -122.40241 37.3312 -122.40292 37.32802 -122.40337 37.32571 -122.40502 37.32344 -122.40493 37.32119 -122.40427 37.3189 -122.40533 37.31707 -122.40585 37.31301 -122.40511 37.30661 -122.40717 37.30205 -122.40815 37.29979 -122.40807 37.29796 -122.40857 37.29571 -122.4079 37.29207 -122.40834 37.28798 -122.40876 37.28434 -122.40919 37.2807 -122.40963 37.27706 -122.41007 37.27477 -122.41113 37.27157 -122.41217 37.27068 -122.41155 37.26976 -122.4121 37.26791 -122.41319 37.26746 -122.41316 37.26609 -122.41369 37.26473 -122.41364 37.26156 -122.41351 37.25833 -122.4157 37.25605 -122.41619 37.25193 -122.41776 37.24828 -122.41878 37.24463 -122.41979 37.24191 -122.41969 37.2392 -122.419 37.23603 -122.41888 37.23244 -122.41758 37.22886 -122.4157 37.22754 -122.41392 37.22531 -122.41209 37.22079 -122.41134 37.21812 -122.4095 37.21449 -122.40936 37.21401 -122.4105 37.214 -122.41107 37.21442 -122.41225 37.21261 -122.41218 37.21128 -122.41097 37.21038 -122.41035 37.20768 -122.40968 37.20495 -122.41014 37.20042 -122.40997 37.19773 -122.40871 37.19641 -122.40692 37.19417 -122.40568 37.19064 -122.4015 37.18748 -122.40079 37.1839 -122.39892 37.18211 -122.3977 37.1808 -122.39591 37.18082 -122.39475 37.18131 -122.39362 37.18224 -122.3925 37.18319 -122.39081 37.18331 -122.3856 37.18198 -122.3844 37.17984 -122.37911 37.17761 -122.3773 37.17587 -122.37434 37.17411 -122.37196 37.17233 -122.37074 37.17056 -122.36893 37.16832 -122.36769 37.16339 -122.3652 37.15977 -122.36448 37.15707 -122.36379 37.15527 -122.36314 37.1539 -122.36367 37.15252 -122.3642 37.15165 -122.36301 37.15122 -122.36184 37.15081 -122.36008 37.14904 -122.35828 37.14772 -122.35651 37.14729 -122.35533 37.14736 -122.35245 37.14696 -122.35012 37.1452 -122.34775 37.14342 -122.34652 37.14251 -122.34649 37.14072 -122.34526 37.13854 -122.34171 37.1363 -122.34048 37.1345 -122.33983 37.13269 -122.33976 37.12906 -122.33962 37.12633 -122.3401 37.1245 -122.3406 37.12267 -122.34169 37.1204 -122.3416 37.11951 -122.34099 37.11818 -122.33978 37.11824 -122.3369 37.11782 -122.33573 37.11737 -122.33514 37.11604 -122.33393 37.11379 -122.33327 37.11338 -122.33152 37.11295 -122.33035 37.11437 -122.32809 37.11627 -122.32413 37.11827 -122.31612 37.11353 -122.30554 37.11002 -122.30022 37.10607 -122.29488 37.10255 -122.29012 37.10033 -122.28773 37.09858 -122.28536 37.09547 -122.28236 37.09279 -122.28053 37.09055 -122.27929 37.08921 -122.27866 37.08835 -122.27632 37.08747 -122.27513 37.0857 -122.27334 37.08527 -122.27216 37.08393 -122.27154 37.0821 -122.27205 37.07941 -122.2708 37.07809 -122.26901 37.07766 -122.26785 37.07679 -122.26608 37.0759 -122.26547 37.07455 -122.26485 37.07096 -122.26356 37.06964 -122.26178 37.06874 -122.26117 37.06741 -122.25996 37.06606 -122.25991 37.06427 -122.2587 37.06293 -122.25749 37.06115 -122.25627 37.05895 -122.2533 37.05766 -122.25037 37.05679 -122.24861 37.05409 -122.24736 37.05099 -122.24435 37.04744 -122.24077 37.04524 -122.2378 37.04346 -122.23601 37.04215 -122.23423 37.04173 -122.23248 37.03993 -122.23184 37.03722 -122.23116 37.03229 -122.22868 37.0296 -122.22742 37.02691 -122.22617 37.02561 -122.22324 37.02568 -122.22037 37.0248 -122.21918 37.02301 -122.21796 37.02258 -122.21679 37.02039 -122.21325 37.01951 -122.21207 37.01773 -122.21085 37.01685 -122.20966 37.01594 -122.20963 37.01507 -122.20787 37.01419 -122.20669 37.01422 -122.20554 37.01335 -122.20377 37.01247 -122.20259 37.01163 -122.19967 37.01029 -122.19847 37.00942 -122.19671 37.00766 -122.19434 37.00504 -122.19021 37.00191 -122.18779 36.99883 -122.18365 36.99626 -122.17664 36.99362 -122.17308 36.99006 -122.17007 36.98924 -122.16601 36.98751 -122.16248 36.98618 -122.16071 36.98441 -122.15892 36.98307 -122.15772 36.98173 -122.1571 36.98084 -122.15649 36.97903 -122.15585 36.97815 -122.15466 36.97774 -122.15292 36.97832 -122.14718 36.97745 -122.14542 36.97658 -122.14366 36.97482 -122.14129 36.97304 -122.1395 36.97081 -122.13769 36.96947 -122.13707 36.96904 -122.1359 36.96906 -122.13475 36.96866 -122.13243 36.96779 -122.13067 36.96647 -122.1289 36.96655 -122.12544 36.96612 -122.12428 36.9657 -122.12253 36.96482 -122.12135 36.96439 -122.12018 36.96351 -122.119 36.96354 -122.11784 36.96311 -122.11668 36.96049 -122.11198 36.95875 -122.10846 36.95792 -122.10497 36.95712 -122.09976 36.95546 -122.09279 36.95507 -122.0899 36.95419 -122.08871 36.95377 -122.08698 36.95426 -122.08526 36.95431 -122.08296 36.9548 -122.08125 36.95393 -122.07949 36.95216 -122.07713 36.95087 -122.0742 36.95045 -122.07246 36.95006 -122.06956 36.95008 -122.06841 36.94967 -122.06667 36.95016 -122.06496 36.95063 -122.06382 36.95068 -122.06152 36.95027 -122.05978 36.95029 -122.05863 36.94985 -122.05804 36.94994 -122.05401 36.95092 -122.05058 36.9519 -122.04659 36.95287 -122.04374 36.95336 -122.04203 36.95338 -122.04145 36.95254 -122.03796 36.95214 -122.03565 36.95264 -122.03336 36.95269 -122.03106 36.95274 -122.02876 36.95367 -122.02763 36.95641 -122.02657 36.95822 -122.02664 36.96235 -122.02448 36.96569 -122.01652 36.96574 -122.01421 36.96584 -122.00961 36.96543 -122.00729 36.96413 -122.00436 36.96288 -121.99914 36.96115 -121.99505 36.96168 -121.99104 36.9622 -121.98817 36.96178 -121.98643 36.95911 -121.98403 36.95822 -121.98286 36.95693 -121.97935 36.95653 -121.97703 36.95655 -121.97588 36.95657 -121.97472 36.95752 -121.97303 36.958 -121.97131 36.95939 -121.97021 36.95989 -121.96793 36.96176 -121.9651 36.96406 -121.96345 36.96591 -121.96178 36.96822 -121.95956 36.9696 -121.95845 36.97149 -121.95506 36.97198 -121.95334 36.97293 -121.95107 36.97482 -121.94767 36.97623 -121.94484 36.97764 -121.94258 36.97903 -121.9409 36.98001 -121.93747 36.97961 -121.93458 36.97879 -121.93051 36.97838 -121.9282 36.97795 -121.92703 36.97755 -121.92471 36.97668 -121.92238 36.97451 -121.9177 36.9715 -121.90954 36.96888 -121.90427 36.96624 -121.90015 36.96228 -121.89426 36.95697 -121.88776 36.9503 -121.88063 36.94585 -121.87646 36.93427 -121.86572 36.92846 -121.86151 36.91997 -121.8549 36.91369 -121.85126 36.90876 -121.84822 36.90383 -121.84519 36.89845 -121.84214 36.89533 -121.83916 36.88638 -121.83313 36.88145 -121.8301 36.87429 -121.82527 36.87159 -121.82403 36.8662 -121.82099 36.86081 -121.81852 36.85722 -121.81611 36.85589 -121.81492 36.855 -121.81374 36.85457 -121.81258 36.85551 -121.81088 36.85648 -121.80803 36.85603 -121.80744 36.85422 -121.80739 36.85329 -121.80851 36.85146 -121.8096 36.84963 -121.81012 36.84828 -121.8095 36.84557 -121.80885 36.84243 -121.80702 36.83793 -121.80516 36.83163 -121.80267 36.82759 -121.80024 36.82402 -121.79726 36.82133 -121.79602 36.81729 -121.7936 36.81414 -121.79236 36.81188 -121.79171 36.81052 -121.79167 36.81008 -121.79108 36.81104 -121.78824 36.81245 -121.78598 36.81387 -121.78257 36.81534 -121.77687 36.81585 -121.77401 36.81543 -121.77227 36.81316 -121.7722 36.81217 -121.77677 36.81118 -121.78077 36.80977 -121.7836 36.80974 -121.78532 36.80833 -121.78757 36.80739 -121.78928 36.806 -121.79095 36.80371 -121.79204 36.80053 -121.79252 36.7955 -121.79466 36.78957 -121.79678 36.7841 -121.79776 36.78183 -121.79826 36.77909 -121.79933 36.77588 -121.80096 36.77132 -121.80196 36.76679 -121.80183 36.76497 -121.80235 36.76407 -121.80174 36.76131 -121.80396 36.75994 -121.80449 36.75811 -121.80501 36.75675 -121.80496 36.7545 -121.80432 36.75359 -121.80429 36.7527 -121.80369 36.7473 -121.80123 36.74639 -121.8012 36.74502 -121.80173 36.74499 -121.80345 36.74994 -121.80533 36.75174 -121.80653 36.75217 -121.80712 36.75078 -121.8088 36.73628 -121.80836 36.73129 -121.8082 36.72676 -121.80807 36.72221 -121.80849 36.7154 -121.80886 36.70857 -121.81038 36.70403 -121.81081 36.69994 -121.81126 36.69399 -121.81394 36.68808 -121.81434 36.68398 -121.81536 36.68214 -121.81645 36.6771 -121.81917 36.67391 -121.82021 36.67071 -121.82126 36.66888 -121.82236 36.66476 -121.82395 36.65883 -121.82606 36.65379 -121.82877 36.65057 -121.83097 36.64595 -121.83484 36.63907 -121.83922 36.63079 -121.8447 36.62204 -121.85188 36.6174 -121.85689 36.61416 -121.86023 36.61274 -121.86305 36.61089 -121.86529 36.609 -121.86867 36.60619 -121.87317 36.60431 -121.87656 36.60335 -121.87939 36.60238 -121.8828 36.60275 -121.88683 36.60315 -121.8897 36.60355 -121.89201 36.60669 -121.89383 36.60939 -121.89507 36.61254 -121.89631 36.61703 -121.89875 36.61926 -121.90054 36.62455 -121.90816 36.6272 -121.91169 36.62894 -121.91518 36.62981 -121.91751 36.63064 -121.92097 36.63287 -121.92278 36.63422 -121.92339 36.63467 -121.92397 36.63598 -121.92632 36.63728 -121.92922 36.63899 -121.93444 36.63895 -121.93616 36.63891 -121.93845 36.63754 -121.93898 36.63569 -121.94064 36.63433 -121.9406 36.63253 -121.93996 36.63026 -121.9399 36.62934 -121.94044 36.62932 -121.94158 36.62839 -121.9427 36.62793 -121.94326 36.6261 -121.94377 36.62429 -121.94372 36.62246 -121.94423 36.62017 -121.9453 36.61697 -121.94634 36.61421 -121.94855 36.61236 -121.95021 36.61141 -121.95247 36.61136 -121.95477 36.61267 -121.9571 36.61263 -121.95939 36.61126 -121.95992 36.60895 -121.96156 36.60438 -121.96371 36.60073 -121.96474 36.59846 -121.96466 36.59619 -121.96458 36.59345 -121.96564 36.59116 -121.96671 36.58843 -121.9672 36.58751 -121.96774 36.58565 -121.96998 36.58562 -121.97112 36.5856 -121.97227 36.58556 -121.97456 36.58508 -121.97569 36.58504 -121.97741 36.58365 -121.97908 36.58273 -121.97962 36.58226 -121.98018 36.58046 -121.97955 36.57958 -121.97837 36.576 -121.97596 36.57241 -121.97412 36.57062 -121.97292 36.57018 -121.97233 36.56934 -121.96886 36.56848 -121.96655 36.5641 -121.95895 36.5628 -121.95605 36.56239 -121.95374 36.56286 -121.95318 36.56515 -121.95211 36.56608 -121.951 36.56702 -121.9493 36.5675 -121.94817 36.56707 -121.94701 36.56618 -121.94584 36.56623 -121.94355 36.56579 -121.94296 36.56444 -121.94234 36.56353 -121.94231 36.56263 -121.94228 36.56174 -121.94111 36.56222 -121.93998 36.56228 -121.93712 36.56139 -121.93594 36.56052 -121.9342 36.55827 -121.93355 36.55781 -121.93353 36.55421 -121.93227 36.55105 -121.93159 36.54921 -121.93269 36.54692 -121.93375 36.54554 -121.93485 36.54462 -121.93539 36.54235 -121.93533 36.541 -121.93471 36.54011 -121.9341 36.53882 -121.93063 36.53701 -121.93057 36.53521 -121.92994 36.53205 -121.92869 36.5298 -121.92805 36.52705 -121.9291 36.52613 -121.93021 36.52563 -121.9325 36.52512 -121.93534 36.52463 -121.93704 36.52367 -121.9393 36.52275 -121.93985 36.5227 -121.94271 36.52442 -121.94734 36.52531 -121.94794 36.52528 -121.94966 36.52479 -121.95137 36.52475 -121.95309 36.52563 -121.95425 36.52561 -121.95541 36.52514 -121.95654 36.52377 -121.95706 36.52197 -121.95643 36.52107 -121.95583 36.52016 -121.9558 36.51884 -121.95404 36.51841 -121.95288 36.51708 -121.95112 36.51574 -121.94993 36.51486 -121.94875 36.5149 -121.94704 36.51401 -121.94586 36.51266 -121.94524 36.51086 -121.94461 36.50996 -121.94459 36.50818 -121.94281 36.50683 -121.94219 36.50594 -121.94159 36.50365 -121.94209 36.50319 -121.94265 36.50231 -121.94147 36.50096 -121.94086 36.50053 -121.9397 36.50008 -121.93968 36.49917 -121.93965 36.49638 -121.943 36.49453 -121.94466 36.49405 -121.94579 36.49315 -121.94576 36.49225 -121.94516 36.49092 -121.94397 36.48957 -121.94335 36.48867 -121.94275 36.48507 -121.94149 36.48237 -121.94025 36.48012 -121.93961 36.47558 -121.93946 36.47243 -121.93822 36.47067 -121.93587 36.46842 -121.93465 36.4662 -121.93229 36.46263 -121.92931 36.45903 -121.92805 36.45676 -121.92798 36.45583 -121.92909 36.45491 -121.92963 36.45444 -121.93077 36.45261 -121.93128 36.4508 -121.93122 36.44992 -121.93005 36.44858 -121.92886 36.44543 -121.92762 36.44139 -121.92519 36.43916 -121.92341 36.43465 -121.92212 36.43151 -121.9203 36.42973 -121.91853 36.4275 -121.91674 36.42478 -121.91666 36.4225 -121.91715 36.42067 -121.91824 36.41793 -121.91872 36.41657 -121.91868 36.41388 -121.91745 36.41161 -121.91738 36.40936 -121.91673 36.40799 -121.91669 36.40574 -121.91605 36.40438 -121.916 36.40304 -121.91482 36.40261 -121.91366 36.40263 -121.91251 36.4022 -121.91135 36.40044 -121.90901 36.39909 -121.9084 36.39864 -121.90839 36.39505 -121.90598 36.39233 -121.9059 36.39052 -121.90584 36.38872 -121.90521 36.38602 -121.90398 36.38466 -121.90394 36.38147 -121.90441 36.37872 -121.90604 36.37688 -121.90712 36.37598 -121.90709 36.3737 -121.90759 36.37279 -121.90756 36.37102 -121.90522 36.36605 -121.90449 36.36329 -121.90611 36.36193 -121.90607 36.36104 -121.90547 36.35967 -121.906 36.35827 -121.90767 36.35736 -121.90764 36.35601 -121.90702 36.35377 -121.90581 36.35289 -121.90464 36.35065 -121.90285 36.34753 -121.90047 36.34488 -121.89696 36.34218 -121.89573 36.33947 -121.89507 36.3372 -121.895 36.33538 -121.89551 36.33266 -121.89542 36.33128 -121.89595 36.3299 -121.89705 36.32763 -121.89698 36.32582 -121.89692 36.32357 -121.89628 36.32175 -121.89622 36.31948 -121.89615 36.31447 -121.89713 36.31171 -121.89933 36.30896 -121.90038 36.30797 -121.90492 36.30663 -121.90373 36.30441 -121.90138 36.30399 -121.89966 36.30448 -121.89796 36.30499 -121.89512 36.30459 -121.89225 36.30376 -121.88823 36.30198 -121.88646 36.30019 -121.88526 36.29704 -121.88402 36.29572 -121.88226 36.29438 -121.88107 36.2944 -121.87994 36.29353 -121.8782 36.29264 -121.87703 36.29128 -121.87698 36.2904 -121.87582 36.2895 -121.87521 36.28778 -121.87059 36.286 -121.86882 36.28423 -121.86649 36.28156 -121.86411 36.28161 -121.86127 36.28164 -121.86012 36.28211 -121.85899 36.28125 -121.85669 36.27948 -121.85435 36.2777 -121.85258 36.27549 -121.84966 36.2728 -121.84786 36.26517 -121.84363 36.25935 -121.84002 36.25575 -121.8382 36.25486 -121.8376 36.25441 -121.83701 36.25306 -121.83698 36.25034 -121.83632 36.24945 -121.83572 36.24903 -121.834 36.24816 -121.83169 36.24683 -121.83051 36.24503 -121.82988 36.24369 -121.8287 36.24326 -121.82754 36.24328 -121.8264 36.24197 -121.82351 36.24111 -121.8212 36.24023 -121.82003 36.23935 -121.81829 36.23756 -121.81709 36.23622 -121.81592 36.23532 -121.81532 36.23491 -121.81359 36.23447 -121.81244 36.23405 -121.81071 36.23408 -121.80957 36.23365 -121.80842 36.23414 -121.80615 36.23466 -121.80274 36.23515 -121.80105 36.23383 -121.79873 36.23257 -121.79355 36.23127 -121.79009 36.22907 -121.78717 36.22821 -121.78429 36.22826 -121.78144 36.22739 -121.7797 36.22563 -121.77679 36.22477 -121.77449 36.22345 -121.77216 36.22169 -121.76926 36.2195 -121.76521 36.21595 -121.76111 36.21329 -121.75761 36.21153 -121.7547 36.2116 -121.75128 36.21074 -121.7484 36.21031 -121.74724 36.20943 -121.74551 36.20768 -121.7426 36.20635 -121.74085 36.20544 -121.74082 36.20456 -121.73965 36.20457 -121.73852 36.20415 -121.73679 36.20283 -121.73504 36.20195 -121.73331 36.20104 -121.73328 36.20062 -121.73155 36.19976 -121.72925 36.19934 -121.72752 36.19937 -121.72581 36.19851 -121.72351 36.19719 -121.72119 36.19585 -121.72001 36.19496 -121.71884 36.19228 -121.71648 36.19142 -121.71418 36.1901 -121.71186 36.1883 -121.71066 36.18607 -121.70889 36.18297 -121.70481 36.17848 -121.7024 36.1758 -121.70004 36.17005 -121.69189 36.16829 -121.68899 36.16785 -121.68784 36.16743 -121.68611 36.16656 -121.68438 36.16524 -121.68206 36.16302 -121.67915 36.16123 -121.67796 36.16079 -121.67738 36.15854 -121.67617 36.1563 -121.67439 36.15452 -121.67263 36.15185 -121.66971 36.14787 -121.66447 36.14609 -121.66213 36.14386 -121.65979 36.14209 -121.65746 36.14165 -121.65688 36.1394 -121.65568 36.13761 -121.65449 36.13314 -121.65094 36.13134 -121.64975 36.12956 -121.64799 36.12732 -121.64622 36.12333 -121.64098 36.12159 -121.63694 36.12026 -121.63519 36.11891 -121.63458 36.11711 -121.63396 36.1162 -121.63394 36.1144 -121.63332 36.11125 -121.63152 36.10901 -121.62975 36.10813 -121.62858 36.10633 -121.62739 36.10498 -121.62678 36.10274 -121.62501 36.10094 -121.62439 36.09734 -121.62315 36.09462 -121.62251 36.09192 -121.62129 36.09011 -121.62124 36.0874 -121.62059 36.08651 -121.61943 36.08561 -121.6194 36.08339 -121.6165 36.08159 -121.6153 36.07979 -121.61469 36.0789 -121.61353 36.07532 -121.61058 36.07445 -121.60884 36.0722 -121.60764 36.07043 -121.60532 36.07003 -121.60189 36.06826 -121.59956 36.06559 -121.59664 36.06517 -121.59435 36.06292 -121.59373 36.0602 -121.59365 36.05838 -121.5936 36.05704 -121.59242 36.0557 -121.59125 36.05435 -121.59064 36.0539 -121.59063 36.05254 -121.59059 36.05206 -121.59171 36.0516 -121.59227 36.05114 -121.59283 36.05023 -121.5928 36.04888 -121.5922 36.04622 -121.58871 36.04443 -121.58695 36.04042 -121.58286 36.03682 -121.58105 36.03278 -121.57867 36.02827 -121.57684 36.02513 -121.57504 36.02333 -121.57385 36.02201 -121.57155 36.02068 -121.5698 36.02028 -121.56695 36.02031 -121.56524 36.0208 -121.56298 36.01992 -121.56125 36.01999 -121.55784 36.01914 -121.55383 36.01876 -121.54984 36.01834 -121.54755 36.01612 -121.54465 36.01526 -121.54235 36.01537 -121.53609 36.01495 -121.53381 36.01362 -121.53207 36.01185 -121.52917 36.01098 -121.52744 36.01055 -121.52573 36.00921 -121.52455 36.00922 -121.52399 36.00789 -121.52224 36.00701 -121.52052 36.00661 -121.51709 36.0062 -121.5148 36.00445 -121.51077 36.00224 -121.5073 36.00001 -121.50496 35.99642 -121.50259 35.99283 -121.50022 35.99058 -121.49903 35.98788 -121.49782 35.9861 -121.4955 35.98252 -121.49256 35.97936 -121.49191 35.97395 -121.48949 35.96854 -121.48765 35.96357 -121.48638 35.95995 -121.48571 35.95678 -121.48506 35.95407 -121.48443 35.95181 -121.48437 35.95 -121.48375 35.94867 -121.48201 35.94595 -121.48137 35.94415 -121.48076 35.9419 -121.47956 35.93966 -121.4778 35.93831 -121.4772 35.93604 -121.47713 35.93467 -121.47767 35.93059 -121.47756 35.92886 -121.4724 35.92753 -121.47066 35.92617 -121.47063 35.92526 -121.4706 35.92388 -121.4717 35.92251 -121.47224 35.92111 -121.47447 35.92065 -121.47503 35.91973 -121.47557 35.91928 -121.47556 35.91838 -121.47497 35.91703 -121.47437 35.91477 -121.47374 35.91387 -121.47314 35.91298 -121.47256 35.90983 -121.47077 35.90716 -121.46729 35.90583 -121.46555 35.90447 -121.46552 35.90403 -121.46494 35.90218 -121.4666 35.90128 -121.46658 35.89947 -121.46596 35.89813 -121.46479 35.89633 -121.46361 35.89453 -121.46299 35.89179 -121.46406 35.88861 -121.46397 35.88726 -121.46337 35.88546 -121.46275 35.88411 -121.46216 35.88189 -121.45869 35.88101 -121.45696 35.87969 -121.45466 35.87658 -121.45117 35.87569 -121.45001 35.87299 -121.44824 35.8721 -121.44708 35.8712 -121.44649 35.87124 -121.44479 35.86946 -121.44247 35.86811 -121.44187 35.86631 -121.44069 35.86634 -121.43899 35.86589 -121.43841 35.86547 -121.43669 35.8646 -121.4344 35.86191 -121.43206 35.86148 -121.43092 35.8597 -121.4286 35.85884 -121.42574 35.85843 -121.42289 35.85757 -121.42003 35.8567 -121.41774 35.85537 -121.41544 35.85358 -121.41425 35.85225 -121.41251 35.84999 -121.41132 35.84776 -121.40956 35.8455 -121.40837 35.8446 -121.40835 35.84193 -121.40488 35.83922 -121.40424 35.83699 -121.40135 35.83342 -121.39786 35.82938 -121.39492 35.8267 -121.39258 35.82356 -121.39024 35.82178 -121.38792 35.81912 -121.38388 35.81648 -121.37871 35.81516 -121.37584 35.81381 -121.37524 35.812 -121.3752 35.81112 -121.37347 35.81071 -121.37062 35.80981 -121.37003 35.80849 -121.36716 35.80806 -121.36545 35.80672 -121.36428 35.80629 -121.36314 35.8045 -121.36139 35.80451 -121.36082 35.80407 -121.35968 35.80273 -121.35851 35.80141 -121.35564 35.79963 -121.35333 35.79784 -121.35159 35.79427 -121.34809 35.79294 -121.34579 35.78981 -121.34288 35.78801 -121.34171 35.78533 -121.33937 35.7849 -121.33766 35.78312 -121.33535 35.78177 -121.33475 35.77951 -121.33413 35.77816 -121.33353 35.77727 -121.33237 35.77592 -121.3312 35.77279 -121.32829 35.7701 -121.32653 35.76511 -121.32641 35.76374 -121.32638 35.76191 -121.32803 35.76098 -121.32915 35.75963 -121.32854 35.75783 -121.32737 35.7574 -121.32565 35.75696 -121.32508 35.757 -121.32224 35.75611 -121.32109 35.75477 -121.31992 35.75297 -121.31875 35.75071 -121.31812 35.7489 -121.31808 35.74707 -121.3186 35.74432 -121.32024 35.74251 -121.3202 35.73846 -121.31783 35.73437 -121.31831 35.73166 -121.31767 35.7303 -121.31707 35.72672 -121.31416 35.72402 -121.31296 35.71949 -121.31228 35.7172 -121.31336 35.71537 -121.31445 35.71357 -121.31328 35.71313 -121.3127 35.7109 -121.30981 35.71048 -121.30811 35.70598 -121.30516 35.7024 -121.30225 35.70063 -121.29937 35.69885 -121.29649 35.69348 -121.29184 35.68583 -121.28769 35.68538 -121.28712 35.68175 -121.28703 35.6804 -121.28643 35.67857 -121.28752 35.67768 -121.2858 35.67318 -121.28343 35.67 -121.28393 35.66635 -121.28497 35.665 -121.28381 35.66549 -121.28212 35.66732 -121.28103 35.66917 -121.27881 35.66785 -121.27595 35.66698 -121.27309 35.66749 -121.26971 35.66571 -121.2674 35.6648 -121.26738 35.66502 -121.26492 35.66508 -121.26418 35.66534 -121.26117 35.66492 -121.2589 35.65871 -121.24969 35.65559 -121.24566 35.65428 -121.24223 35.65342 -121.23882 35.65349 -121.23428 35.65174 -121.22971 35.65272 -121.22464 35.6506 -121.2144 35.64794 -121.20981 35.6466 -121.20865 35.64434 -121.20747 35.6421 -121.20572 35.64166 -121.20457 35.64218 -121.20006 35.63858 -121.19828 35.63547 -121.19368 35.63549 -121.19199 35.64 -121.19379 35.64229 -121.1927 35.6428 -121.18875 35.6424 -121.18478 35.64158 -121.17854 35.63939 -121.17339 35.63583 -121.16766 35.63227 -121.16248 35.63003 -121.16074 35.6242 -121.15608 35.6197 -121.15316 35.6188 -121.15257 35.61656 -121.15026 35.6157 -121.14685 35.60983 -121.14502 35.60668 -121.14269 35.60534 -121.14097 35.60134 -121.13522 35.60046 -121.13294 35.59555 -121.12718 35.5924 -121.12486 35.58158 -121.12009 35.57846 -121.1155 35.57396 -121.11314 35.57079 -121.11252 35.56809 -121.11076 35.56493 -121.10899 35.56135 -121.10609 35.55956 -121.10379 35.55638 -121.10429 35.55141 -121.10249 35.54783 -121.09846 35.5456 -121.09615 35.54247 -121.09269 35.54023 -121.09039 35.53799 -121.08807 35.53531 -121.08463 35.53352 -121.08289 35.52681 -121.07541 35.52411 -121.07365 35.51741 -121.06561 35.51518 -121.06274 35.51292 -121.06156 35.50935 -121.05753 35.50937 -121.05527 35.50579 -121.05181 35.50492 -121.0484 35.50222 -121.04665 35.50042 -121.04549 35.49908 -121.04433 35.4973 -121.04147 35.49549 -121.04086 35.49462 -121.03802 35.49281 -121.03742 35.49057 -121.03568 35.49017 -121.03172 35.48568 -121.02711 35.48481 -121.02427 35.48256 -121.02309 35.47897 -121.01964 35.4736 -121.01388 35.47045 -121.01156 35.46732 -121.00811 35.46461 -121.00693 35.46372 -121.00578 35.46238 -121.00349 35.4606 -121.0012 35.46062 -120.99894 35.46201 -120.99728 35.46249 -120.99559 35.46387 -120.99393 35.4648 -120.99225 35.46438 -120.98942 35.46303 -120.98826 35.46127 -120.98371 35.46049 -120.97353 35.46013 -120.96618 35.45742 -120.965 35.45658 -120.9599 35.4548 -120.95647 35.45261 -120.95022 35.45171 -120.94965 35.44854 -120.94901 35.44765 -120.94731 35.4486 -120.9445 35.44861 -120.94337 35.44863 -120.94112 35.44775 -120.93941 35.44732 -120.93714 35.44875 -120.93208 35.44884 -120.92418 35.44887 -120.92192 35.44889 -120.92023 35.44892 -120.91741 35.4503 -120.91574 35.44988 -120.91348 35.44853 -120.91232 35.44902 -120.90894 35.4491 -120.90273 35.44686 -120.89987 35.44284 -120.89415 35.43792 -120.88841 35.43071 -120.88377 35.4271 -120.88145 35.4226 -120.87854 35.4199 -120.8768 35.41539 -120.8739 35.40908 -120.8704 35.40457 -120.86806 35.40005 -120.86629 35.39281 -120.8639 35.38783 -120.86325 35.37738 -120.86362 35.37556 -120.86359 35.3742 -120.86414 35.37372 -120.86638 35.37233 -120.86918 35.37051 -120.86915 35.36961 -120.86856 35.36871 -120.86799 35.37102 -120.86408 35.3738 -120.85905 35.37292 -120.85678 35.37069 -120.85392 35.36571 -120.85214 35.36253 -120.85208 35.36031 -120.84866 35.35036 -120.8451 35.34764 -120.84449 35.34631 -120.84222 35.34493 -120.84332 35.34491 -120.84557 35.34355 -120.84499 35.34222 -120.84214 35.3418 -120.83932 35.34094 -120.83479 35.34007 -120.83139 35.33828 -120.82967 35.33689 -120.8319 35.33321 -120.83635 35.33271 -120.83972 35.33357 -120.84425 35.33264 -120.84648 35.33037 -120.84644 35.32857 -120.84472 35.32724 -120.84245 35.32587 -120.84242 35.32449 -120.84465 35.32352 -120.85027 35.32121 -120.85361 35.31979 -120.85809 35.31792 -120.86314 35.31517 -120.86591 35.31743 -120.86651 35.32428 -120.86324 35.32703 -120.86047 35.33429 -120.86117 35.33704 -120.8584 35.34248 -120.85906 35.3484 -120.85748 35.35746 -120.85876 35.3602 -120.85768 35.36203 -120.85659 35.36476 -120.85607 35.36747 -120.85725 35.36972 -120.85841 35.37061 -120.86012 35.36923 -120.86179 35.36878 -120.86178 35.36742 -120.8612 35.3638 -120.86057 35.36198 -120.8611 35.35743 -120.86214 35.35015 -120.86314 35.34334 -120.86359 35.33833 -120.86462 35.33378 -120.86567 35.32968 -120.86672 35.32376 -120.86831 35.31784 -120.87046 35.30461 -120.87585 35.29867 -120.87914 35.29684 -120.88023 35.28222 -120.88841 35.2804 -120.88894 35.27814 -120.88777 35.27585 -120.88942 35.27628 -120.89224 35.27535 -120.89336 35.27353 -120.89389 35.27217 -120.89386 35.27035 -120.89383 35.26808 -120.89379 35.26718 -120.89377 35.26445 -120.89428 35.26171 -120.89536 35.2608 -120.8959 35.25895 -120.89869 35.2567 -120.89696 35.25355 -120.89465 35.25219 -120.89462 35.24897 -120.89795 35.24313 -120.89277 35.23955 -120.88821 35.23866 -120.88706 35.23732 -120.88478 35.23106 -120.87679 35.22701 -120.87334 35.22204 -120.87156 35.21941 -120.86363 35.21627 -120.8602 35.21356 -120.85847 35.21266 -120.85789 35.20995 -120.85727 35.20909 -120.85276 35.20684 -120.85046 35.20644 -120.84595 35.2033 -120.84252 35.20242 -120.84082 35.19883 -120.83682 35.19794 -120.83456 35.19844 -120.83063 35.19713 -120.82666 35.19447 -120.82099 35.19223 -120.81757 35.19002 -120.81247 35.18823 -120.81019 35.18692 -120.80567 35.18649 -120.80341 35.1816 -120.79433 35.18029 -120.78923 35.17538 -120.78184 35.17088 -120.77839 35.16866 -120.77385 35.16552 -120.76986 35.16462 -120.76872 35.16154 -120.75967 35.16339 -120.75576 35.16431 -120.75522 35.16793 -120.75584 35.17292 -120.75648 35.17475 -120.75539 35.17658 -120.7543 35.1789 -120.74927 35.18036 -120.74029 35.18 -120.73129 35.17912 -120.72845 35.17598 -120.72503 35.176 -120.72278 35.17649 -120.71941 35.1756 -120.71771 35.17698 -120.71548 35.17703 -120.71155 35.17262 -120.69854 35.16993 -120.69569 35.16634 -120.69112 35.16409 -120.68941 35.16185 -120.68656 35.16095 -120.68486 35.16008 -120.68203 35.15964 -120.67978 35.15784 -120.67863 35.15424 -120.67576 35.15335 -120.67406 35.15336 -120.67237 35.15385 -120.66844 35.15392 -120.66225 35.15127 -120.65434 35.14588 -120.64864 35.14273 -120.64578 35.13597 -120.64005 35.12149 -120.63478 35.11923 -120.63419 35.10246 -120.63113 35.09701 -120.63105 35.08976 -120.62981 35.08249 -120.63027 35.0775 -120.62964 35.07388 -120.62902 35.0657 -120.62946 35.0607 -120.63052 35.05161 -120.63094 35.04115 -120.63303 35.03342 -120.63404 35.02159 -120.63667 35.01477 -120.6377 35.00656 -120.64038 34.99564 -120.64359 34.98561 -120.6468 34.97513 -120.65114 34.97149 -120.65221 34.95964 -120.65596 34.94872 -120.65859 34.94052 -120.66128 34.93732 -120.66348 34.93503 -120.66512 34.93412 -120.66566 34.9323 -120.6662 34.9314 -120.66506 34.9296 -120.66335 34.92278 -120.66438 34.91548 -120.66763 34.91047 -120.66924 34.90774 -120.66975 34.90546 -120.67084 34.90455 -120.67082 34.90456 -120.66914 34.90368 -120.66689 34.90369 -120.66521 34.90417 -120.66353 34.9042 -120.66017 34.90472 -120.65345 34.9052 -120.65009 34.90387 -120.64783 34.90162 -120.645 34.89982 -120.64385 34.89711 -120.64268 34.89531 -120.64098 34.8935 -120.63983 34.89123 -120.63979 34.88896 -120.63976 34.88624 -120.63917 34.88442 -120.63914 34.88262 -120.63743 34.88174 -120.63518 34.87994 -120.6329 34.87815 -120.63007 34.87637 -120.62669 34.87413 -120.6233 34.87054 -120.6182 34.8665 -120.61366 34.86244 -120.61136 34.85882 -120.61018 34.85428 -120.61012 34.84837 -120.6106 34.84655 -120.61057 34.84064 -120.61105 34.83518 -120.61265 34.82153 -120.61525 34.80559 -120.62006 34.79966 -120.62222 34.79055 -120.62488 34.7837 -120.62869 34.7796 -120.63032 34.77412 -120.63303 34.76866 -120.63463 34.76637 -120.63628 34.76182 -120.63733 34.76091 -120.63731 34.75865 -120.63672 34.75685 -120.63502 34.7555 -120.63276 34.75416 -120.63106 34.75189 -120.63103 34.74917 -120.63042 34.74644 -120.63039 34.74373 -120.62923 34.74192 -120.62865 34.73966 -120.62749 34.73876 -120.62636 34.73879 -120.62357 34.73744 -120.62186 34.7352 -120.61903 34.73294 -120.61732 34.72979 -120.61449 34.72618 -120.6122 34.72482 -120.61162 34.72166 -120.60989 34.71849 -120.60928 34.71668 -120.60815 34.71533 -120.60699 34.71307 -120.60529 34.71127 -120.60358 34.70901 -120.60244 34.7063 -120.60128 34.70448 -120.60181 34.7013 -120.60177 34.69947 -120.6023 34.69719 -120.60339 34.69355 -120.60445 34.68899 -120.60606 34.67988 -120.60873 34.67213 -120.61141 34.66803 -120.61359 34.66073 -120.61628 34.65207 -120.62063 34.64295 -120.62385 34.63792 -120.62657 34.63017 -120.63036 34.62696 -120.63255 34.6215 -120.63415 34.61694 -120.63631 34.61283 -120.63792 34.60963 -120.64011 34.60826 -120.64121 34.60688 -120.64287 34.60642 -120.64286 34.60506 -120.64284 34.60279 -120.64225 34.60144 -120.64111 34.60008 -120.64109 34.59645 -120.64104 34.59508 -120.64157 34.5928 -120.64266 34.59142 -120.64375 34.59049 -120.64597 34.58913 -120.64651 34.58686 -120.64592 34.58459 -120.64589 34.58277 -120.64586 34.58185 -120.64752 34.58093 -120.64862 34.58046 -120.65029 34.57954 -120.6514 34.57817 -120.65193 34.57819 -120.65026 34.5782 -120.64858 34.57913 -120.64692 34.57914 -120.64581 34.5787 -120.64413 34.57643 -120.64353 34.57554 -120.64185 34.57238 -120.64012 34.57148 -120.639 34.56921 -120.63896 34.56739 -120.6395 34.56602 -120.64003 34.56512 -120.63946 34.56466 -120.63945 34.56377 -120.63776 34.56333 -120.63664 34.56336 -120.63329 34.56202 -120.63103 34.55977 -120.62877 34.55753 -120.62595 34.55617 -120.62537 34.55573 -120.62369 34.55574 -120.62257 34.55669 -120.61868 34.55627 -120.61421 34.55676 -120.61143 34.55722 -120.61032 34.55813 -120.60977 34.55906 -120.60811 34.55908 -120.60532 34.55957 -120.60143 34.5587 -120.5975 34.55828 -120.59359 34.55833 -120.58857 34.55835 -120.58634 34.55794 -120.58187 34.55796 -120.57964 34.55347 -120.574 34.55305 -120.57064 34.55216 -120.56784 34.55082 -120.56559 34.54903 -120.56333 34.54543 -120.55882 34.54364 -120.55544 34.54099 -120.54816 34.53922 -120.54256 34.53746 -120.53584 34.53344 -120.52797 34.53077 -120.52124 34.52628 -120.51617 34.52222 -120.51165 34.5177 -120.50935 34.51319 -120.50595 34.50233 -120.50024 34.49961 -120.49964 34.49826 -120.49851 34.49691 -120.49682 34.49602 -120.49513 34.49421 -120.494 34.4924 -120.49286 34.4906 -120.49117 34.48835 -120.48891 34.4861 -120.48608 34.48294 -120.48326 34.47978 -120.48099 34.47888 -120.48042 34.47663 -120.47816 34.47254 -120.47755 34.4671 -120.47581 34.46347 -120.47577 34.46166 -120.47519 34.45985 -120.47461 34.45712 -120.47401 34.45486 -120.47288 34.45168 -120.47283 34.45123 -120.47227 34.4517 -120.4706 34.45172 -120.46838 34.45085 -120.4639 34.44995 -120.46278 34.4486 -120.46165 34.44588 -120.45994 34.4459 -120.45882 34.445 -120.4577 34.445 -120.45658 34.44456 -120.45547 34.44548 -120.4538 34.44867 -120.45329 34.44958 -120.45274 34.45004 -120.45219 34.45143 -120.4483 34.45237 -120.44441 34.45287 -120.43996 34.45291 -120.43383 34.45203 -120.42992 34.45115 -120.42712 34.45208 -120.42379 34.45302 -120.42046 34.45488 -120.41547 34.45722 -120.40602 34.45683 -120.39766 34.45689 -120.3893 34.45739 -120.38373 34.45788 -120.37872 34.45882 -120.37482 34.45887 -120.36758 34.45891 -120.36257 34.45985 -120.35812 34.45987 -120.35533 34.45945 -120.35199 34.45946 -120.34975 34.45994 -120.34642 34.45995 -120.34475 34.45996 -120.34308 34.46089 -120.3403 34.46228 -120.33697 34.46322 -120.33308 34.46414 -120.33141 34.46373 -120.32416 34.4656 -120.31693 34.467 -120.31248 34.46793 -120.30916 34.4684 -120.30693 34.46795 -120.30525 34.46796 -120.30414 34.46889 -120.30192 34.47117 -120.30027 34.47163 -120.29861 34.4721 -120.29638 34.47166 -120.29414 34.47076 -120.29302 34.46943 -120.2891 34.46855 -120.28464 34.4672 -120.28184 34.46721 -120.28072 34.46814 -120.2785 34.46815 -120.27627 34.46909 -120.27126 34.46866 -120.26791 34.46779 -120.26234 34.4678 -120.26122 34.46828 -120.25621 34.46787 -120.25007 34.46837 -120.24284 34.4684 -120.23837 34.46888 -120.23392 34.46981 -120.22947 34.47028 -120.2278 34.47077 -120.22223 34.47034 -120.21777 34.47038 -120.21107 34.47041 -120.20773 34.46998 -120.20216 34.47004 -120.19324 34.4696 -120.191 34.46962 -120.18655 34.47055 -120.18377 34.47058 -120.17819 34.47015 -120.17429 34.47016 -120.1715 34.47018 -120.16816 34.47159 -120.15981 34.47162 -120.15534 34.4721 -120.15033 34.4726 -120.14253 34.47217 -120.13807 34.47085 -120.13026 34.46909 -120.11965 34.46774 -120.11574 34.4646 -120.10902 34.46326 -120.10622 34.46056 -120.09952 34.46012 -120.09784 34.46014 -120.09394 34.45974 -120.08391 34.45931 -120.07833 34.46023 -120.075 34.46161 -120.07333 34.46253 -120.07056 34.46254 -120.06889 34.46209 -120.06665 34.46165 -120.06386 34.46167 -120.06052 34.46077 -120.05717 34.46124 -120.05383 34.46172 -120.04881 34.46219 -120.04603 34.46311 -120.04325 34.46178 -120.03655 34.46043 -120.03375 34.45999 -120.03097 34.45909 -120.02929 34.45864 -120.0265 34.45865 -120.02483 34.45957 -120.02261 34.46049 -120.02094 34.46053 -120.01258 34.46008 -120.01035 34.46009 -120.00812 34.45919 -120.00477 34.45829 -120.00365 34.45785 -120.00085 34.45605 -119.99751 34.4556 -119.99583 34.45333 -119.99358 34.45153 -119.9919 34.45063 -119.98967 34.45063 -119.988 34.45019 -119.98632 34.4502 -119.98298 34.44884 -119.98129 34.44749 -119.98018 34.44614 -119.97682 34.44343 -119.97124 34.43983 -119.96453 34.43713 -119.95782 34.43624 -119.9528 34.43534 -119.9489 34.43536 -119.94556 34.43492 -119.94166 34.43493 -119.93887 34.43539 -119.93609 34.43541 -119.93275 34.43406 -119.92828 34.43407 -119.92549 34.43317 -119.92215 34.43137 -119.91767 34.42912 -119.9132 34.42641 -119.90874 34.42505 -119.90594 34.42416 -119.90315 34.4228 -119.90147 34.4219 -119.89924 34.42236 -119.8959 34.42101 -119.89256 34.4192 -119.8892 34.41785 -119.88641 34.41649 -119.88528 34.41513 -119.88472 34.41377 -119.88416 34.4115 -119.88248 34.41105 -119.88192 34.40969 -119.88136 34.40878 -119.8808 34.40833 -119.87912 34.40879 -119.87801 34.40926 -119.87523 34.40926 -119.873 34.40973 -119.86799 34.40975 -119.86353 34.40976 -119.86019 34.40931 -119.85741 34.40841 -119.85517 34.40796 -119.85239 34.40751 -119.85127 34.40616 -119.84681 34.40571 -119.84569 34.40708 -119.84347 34.41117 -119.84293 34.41527 -119.83905 34.41619 -119.83627 34.41619 -119.83516 34.41665 -119.83349 34.41756 -119.83237 34.41803 -119.8296 34.41804 -119.8257 34.4176 -119.81901 34.41716 -119.81567 34.41716 -119.81232 34.41808 -119.80843 34.41855 -119.8023 34.41901 -119.80008 34.41813 -119.79116 34.41768 -119.78726 34.41588 -119.78224 34.41498 -119.77946 34.41317 -119.77611 34.41091 -119.77109 34.41046 -119.76774 34.40956 -119.7644 34.40911 -119.76105 34.40685 -119.75771 34.40595 -119.75492 34.40459 -119.7538 34.40368 -119.75269 34.40414 -119.74934 34.40415 -119.746 34.40279 -119.74432 34.40234 -119.74321 34.40143 -119.7421 34.40053 -119.7382 34.39872 -119.73596 34.39781 -119.73318 34.39601 -119.7276 34.39647 -119.72427 34.39648 -119.71814 34.39648 -119.71591 34.39558 -119.71368 34.39558 -119.70923 34.39696 -119.70366 34.40105 -119.69978 34.40197 -119.6981 34.40334 -119.69254 34.40425 -119.69199 34.40652 -119.69366 34.40833 -119.69366 34.41061 -119.69089 34.41335 -119.68477 34.41654 -119.67587 34.4161 -119.66973 34.41701 -119.66584 34.41702 -119.65804 34.41793 -119.65302 34.41794 -119.65024 34.41749 -119.64522 34.4175 -119.64243 34.41659 -119.64021 34.41614 -119.63742 34.41614 -119.63575 34.41705 -119.63241 34.41797 -119.62962 34.41888 -119.62572 34.41933 -119.62238 34.41934 -119.61904 34.41935 -119.61124 34.41844 -119.6079 34.41799 -119.60512 34.41845 -119.60345 34.41845 -119.60122 34.41845 -119.59843 34.41663 -119.59454 34.41482 -119.58897 34.41346 -119.58395 34.41256 -119.57726 34.41256 -119.57392 34.41301 -119.57281 34.41302 -119.56278 34.41075 -119.56 34.40984 -119.55944 34.40667 -119.55499 34.40394 -119.55164 34.40303 -119.54774 34.40213 -119.54607 34.40122 -119.54328 34.40031 -119.54161 34.39849 -119.5405 34.39622 -119.53883 34.39668 -119.53603 34.39713 -119.53325 34.39623 -119.53046 34.39168 -119.52489 34.38986 -119.521 34.38895 -119.51933 34.38714 -119.5171 34.38623 -119.51208 34.38487 -119.50652 34.38441 -119.50207 34.38441 -119.49706 34.38396 -119.4926 34.3835 -119.49093 34.38169 -119.48759 34.38078 -119.48592 34.37851 -119.48537 34.37623 -119.48481 34.37351 -119.48258 34.37305 -119.48147 34.37305 -119.4798 34.37305 -119.4759 34.3735 -119.47368 34.37396 -119.46922 34.37214 -119.46478 34.37123 -119.46088 34.3685 -119.45809 34.36668 -119.45586 34.36396 -119.45364 34.35987 -119.45142 34.35669 -119.44753 34.35487 -119.44418 34.35395 -119.44141 34.35305 -119.43806 34.35304 -119.43529 34.35259 -119.43417 34.35304 -119.43139 34.35077 -119.4286 34.34758 -119.42583 34.34395 -119.42138 34.33986 -119.41749 34.33622 -119.41415 34.33485 -119.41193 34.33349 -119.40859 34.33167 -119.40693 34.3294 -119.40415 34.32712 -119.40192 34.32348 -119.3997 34.31985 -119.39636 34.31758 -119.39414 34.31621 -119.39137 34.31575 -119.38858 34.31575 -119.38691 34.3162 -119.38525 34.31665 -119.38135 34.31756 -119.37746 34.31756 -119.37523 34.31665 -119.37245 34.31528 -119.37022 34.31255 -119.36634 34.30754 -119.35967 34.3039 -119.35467 34.30162 -119.3519 34.29799 -119.34801 34.29617 -119.34579 34.29207 -119.3419 34.28934 -119.33968 34.28615 -119.33524 34.28433 -119.33135 34.28296 -119.32913 34.28114 -119.32525 34.27932 -119.3208 34.27704 -119.31692 34.27567 -119.31247 34.2743 -119.31025 34.27384 -119.30636 34.27292 -119.29969 34.27337 -119.29691 34.27382 -119.29413 34.27382 -119.28968 34.27245 -119.28635 34.27016 -119.28191 34.26425 -119.27692 34.26197 -119.27526 34.2597 -119.27415 34.25469 -119.27084 34.25151 -119.26973 34.25196 -119.26695 34.25196 -119.26528 34.24559 -119.26086 34.24286 -119.26086 34.24241 -119.26309 34.24105 -119.26421 34.24241 -119.26531 34.24514 -119.2653 34.24696 -119.26641 34.24832 -119.26641 34.25014 -119.26862 34.24787 -119.26919 34.24696 -119.26864 34.24378 -119.26809 34.2406 -119.26755 34.23742 -119.26644 34.23196 -119.26535 34.22514 -119.26259 34.2174 -119.25872 34.21286 -119.25707 34.21058 -119.25541 34.19875 -119.24879 34.19238 -119.24603 34.18602 -119.24383 34.17782 -119.23886 34.16964 -119.235 34.1669 -119.23279 34.16053 -119.22891 34.16234 -119.22668 34.16507 -119.22613 34.16734 -119.22556 34.16824 -119.22222 34.16642 -119.22168 34.1646 -119.22168 34.16233 -119.22114 34.16006 -119.22392 34.15916 -119.22504 34.15689 -119.22504 34.1496 -119.22007 34.14687 -119.21786 34.14595 -119.21564 34.14686 -119.21342 34.14777 -119.2123 34.15049 -119.21175 34.15186 -119.21174 34.15458 -119.21062 34.15366 -119.20895 34.1523 -119.2073 34.15048 -119.20675 34.14865 -119.20342 34.14729 -119.20454 34.14776 -119.20953 34.1473 -119.20953 34.14685 -119.21065 34.14595 -119.2112 34.14503 -119.2101 34.14547 -119.20288 34.14501 -119.20066 34.14363 -119.19623 34.1418 -119.19234 34.13724 -119.18571 34.13086 -119.17741 34.12218 -119.16524 34.11854 -119.16026 34.11534 -119.15306 34.11123 -119.14809 34.10941 -119.14477 34.10712 -119.13979 34.10118 -119.13149 34.09981 -119.12817 34.09751 -119.12041 34.09659 -119.11653 34.0952 -119.11044 34.0961 -119.10711 34.09837 -119.10432 34.09926 -119.10155 34.09971 -119.09933 34.09969 -119.09433 34.1006 -119.09433 34.10151 -119.09488 34.10197 -119.09709 34.10198 -119.09931 34.10154 -119.10209 34.10154 -119.10375 34.10155 -119.10597 34.1011 -119.10819 34.10066 -119.11097 34.10158 -119.11318 34.10204 -119.11707 34.10296 -119.11928 34.10433 -119.12149 34.10525 -119.1237 34.10525 -119.12592 34.1048 -119.12814 34.10572 -119.12981 34.10572 -119.13147 34.10757 -119.13867 34.10938 -119.137 34.10846 -119.13201 34.10845 -119.13035 34.10936 -119.12979 34.11026 -119.12812 34.11117 -119.12756 34.11344 -119.12755 34.11435 -119.12643 34.11343 -119.12477 34.11252 -119.12367 34.11161 -119.12312 34.11024 -119.12368 34.10934 -119.12313 34.10888 -119.12258 34.10796 -119.12036 34.10659 -119.11815 34.10567 -119.11427 34.10475 -119.10984 34.10382 -119.10596 34.10336 -119.10374 34.10381 -119.10207 34.10426 -119.10097 34.10562 -119.1004 34.10653 -119.09985 34.10698 -119.09984 34.10743 -119.09873 34.10652 -119.09596 34.10651 -119.09374 34.10559 -119.09264 34.10423 -119.09209 34.10332 -119.09098 34.10331 -119.08932 34.10285 -119.08821 34.10103 -119.08656 34.10012 -119.0849 34.09828 -119.08047 34.09646 -119.07993 34.09601 -119.08048 34.09602 -119.0827 34.09785 -119.08602 34.09922 -119.08823 34.09968 -119.0899 34.09877 -119.0899 34.09785 -119.08768 34.09557 -119.08382 34.09373 -119.07994 34.09236 -119.07662 34.09098 -119.0733 34.0896 -119.06887 34.08504 -119.06335 34.08548 -119.06057 34.08502 -119.05836 34.08318 -119.05393 34.08362 -119.05059 34.0836 -119.04394 34.08175 -119.03619 34.07946 -119.03232 34.07717 -119.02734 34.07534 -119.02457 34.07169 -119.02072 34.07031 -119.01795 34.0703 -119.01518 34.06938 -119.01297 34.06802 -119.01242 34.06709 -119.00966 34.06618 -119.00855 34.06617 -119.00634 34.0657 -119.00246 34.06477 -118.99803 34.06338 -118.99249 34.06155 -118.98862 34.06017 -118.98531 34.0597 -118.98198 34.05832 -118.97755 34.05739 -118.97368 34.05281 -118.96539 34.05005 -118.95932 34.04638 -118.95158 34.04545 -118.94771 34.04361 -118.94162 34.04313 -118.9383 34.04312 -118.93553 34.04447 -118.93275 34.04581 -118.92775 34.04533 -118.92387 34.04441 -118.92166 34.04304 -118.9189 34.04212 -118.9178 34.04119 -118.91282 34.04116 -118.90727 34.0393 -118.89953 34.03837 -118.89455 34.03788 -118.88789 34.03694 -118.88235 34.03688 -118.87183 34.03595 -118.86851 34.03548 -118.86463 34.03455 -118.86131 34.03454 -118.85909 34.03407 -118.85522 34.03268 -118.85135 34.03176 -118.84914 34.03083 -118.84638 34.02304 -118.83481 34.01982 -118.82874 34.01524 -118.82268 34.01112 -118.81718 34.00792 -118.81443 34.0029 -118.8106 34.00107 -118.80895 33.99969 -118.80675 33.99968 -118.80564 34.00058 -118.80397 34.00195 -118.80396 34.00286 -118.80396 34.00421 -118.80283 34.0042 -118.80173 34.00555 -118.79784 34.0069 -118.7956 34.00825 -118.79393 34.01006 -118.7928 34.01278 -118.79167 34.0155 -118.78999 34.01686 -118.78942 34.01912 -118.78718 34.02091 -118.78329 34.02181 -118.78106 34.02269 -118.77606 34.0231 -118.76941 34.02397 -118.76331 34.02441 -118.76164 34.0253 -118.7572 34.02619 -118.75553 34.02845 -118.75273 34.03108 -118.73885 34.03151 -118.73441 34.03099 -118.725 34.03049 -118.7178 34.03048 -118.71613 34.02953 -118.71115 34.02951 -118.70838 34.02995 -118.70449 34.03038 -118.70227 34.03173 -118.69949 34.03215 -118.6956 34.03259 -118.69338 34.03212 -118.69061 34.03119 -118.68785 34.03025 -118.68398 34.03024 -118.68177 34.03115 -118.68121 34.03114 -118.68009 34.0325 -118.67953 34.03431 -118.6784 34.03566 -118.67728 34.03746 -118.67393 34.03789 -118.67116 34.03783 -118.66228 34.03734 -118.6573 34.03723 -118.64234 34.03675 -118.64013 34.03674 -118.63736 34.03672 -118.63458 34.03715 -118.63181 34.03757 -118.62737 34.03709 -118.6235 34.03661 -118.62128 34.03613 -118.61741 34.03564 -118.61298 34.03561 -118.6091 34.0365 -118.60632 34.03784 -118.60353 34.03828 -118.60186 34.03815 -118.58468 34.03767 -118.58136 34.039 -118.57691 34.03942 -118.57303 34.03985 -118.56969 34.03983 -118.56693 34.03935 -118.56416 34.03749 -118.55864 34.03743 -118.55199 34.03786 -118.54865 34.03737 -118.54423 34.03642 -118.5398 34.03363 -118.53208 34.02991 -118.52271 34.02576 -118.51555 34.023 -118.51115 34.01979 -118.50731 34.01657 -118.50347 34.01199 -118.4991 34.00693 -118.49252 34.00326 -118.48869 33.99778 -118.48598 33.99091 -118.47998 33.98633 -118.47561 33.9822 -118.47123 33.9767 -118.46687 33.97257 -118.4625 33.96938 -118.46087 33.96664 -118.4598 33.96069 -118.45545 33.95565 -118.45164 33.95428 -118.45055 33.94743 -118.44677 33.93873 -118.4408 33.92639 -118.43377 33.91132 -118.42622 33.89579 -118.41759 33.88346 -118.41223 33.87341 -118.40684 33.86793 -118.4047 33.86245 -118.40202 33.85286 -118.39828 33.85013 -118.39776 33.84832 -118.39834 33.84829 -118.39558 33.84692 -118.39504 33.84648 -118.39671 33.84466 -118.39618 33.84327 -118.39288 33.83687 -118.39021 33.82959 -118.38976 33.82731 -118.38924 33.8205 -118.38988 33.81323 -118.39054 33.80869 -118.39116 33.80551 -118.39176 33.80237 -118.39622 33.80193 -118.39734 33.79971 -118.40344 33.79836 -118.40457 33.79792 -118.40569 33.79564 -118.40572 33.79427 -118.40518 33.79292 -118.40575 33.79201 -118.40687 33.79066 -118.40855 33.78888 -118.41133 33.78754 -118.41467 33.78576 -118.41856 33.78306 -118.42136 33.78079 -118.4225 33.77853 -118.42363 33.77719 -118.42587 33.77628 -118.42587 33.77492 -118.42645 33.77401 -118.4259 33.77308 -118.42426 33.77308 -118.42371 33.77261 -118.42206 33.77123 -118.42097 33.77032 -118.42043 33.76941 -118.42044 33.76896 -118.42155 33.76806 -118.42212 33.76577 -118.42104 33.76531 -118.4205 33.76302 -118.41777 33.763 -118.41666 33.76163 -118.41558 33.76027 -118.4156 33.7589 -118.41507 33.75707 -118.41454 33.75615 -118.41344 33.75433 -118.41237 33.75296 -118.41183 33.75251 -118.41239 33.75114 -118.41186 33.75023 -118.41187 33.74931 -118.41133 33.74795 -118.41135 33.74612 -118.41083 33.74294 -118.41087 33.74111 -118.40979 33.7411 -118.40813 33.74154 -118.40702 33.74107 -118.40482 33.74059 -118.40318 33.74013 -118.40207 33.7383 -118.40044 33.73782 -118.3988 33.7369 -118.39715 33.73689 -118.39549 33.73778 -118.39382 33.73822 -118.39216 33.73956 -118.38993 33.73955 -118.38882 33.73999 -118.38716 33.74087 -118.38439 33.74177 -118.38328 33.7422 -118.38106 33.74218 -118.37885 33.74171 -118.37665 33.73987 -118.37447 33.73759 -118.3745 33.73758 -118.37284 33.73894 -118.37227 33.73939 -118.37171 33.73938 -118.37061 33.7389 -118.36841 33.73889 -118.3673 33.73933 -118.36564 33.73931 -118.36453 33.73976 -118.36343 33.73974 -118.36121 33.73882 -118.36012 33.73788 -118.35793 33.73606 -118.35685 33.73559 -118.35575 33.73421 -118.35467 33.73192 -118.35249 33.73009 -118.35197 33.73009 -118.35142 33.72872 -118.35088 33.72779 -118.34924 33.72776 -118.34593 33.72775 -118.34483 33.72404 -118.33771 33.72263 -118.33276 33.72076 -118.32837 33.71936 -118.32452 33.71889 -118.32288 33.7175 -118.32069 33.71748 -118.31903 33.71564 -118.31685 33.71518 -118.31575 33.71516 -118.31465 33.71606 -118.31298 33.71558 -118.31133 33.71466 -118.30969 33.7128 -118.30585 33.7114 -118.30201 33.71137 -118.29926 33.7109 -118.29816 33.71043 -118.29651 33.70952 -118.29652 33.70906 -118.29597 33.70813 -118.29433 33.70631 -118.29381 33.7054 -118.29382 33.70493 -118.29218 33.70491 -118.29107 33.70489 -118.28886 33.70533 -118.2872 33.70668 -118.28552 33.70803 -118.28495 33.71029 -118.28326 33.71395 -118.28486 33.71531 -118.28484 33.71621 -118.28372 33.7171 -118.28205 33.718 -118.28093 33.71981 -118.28091 33.72256 -118.28197 33.72346 -118.2814 33.72391 -118.28084 33.7239 -118.27974 33.72297 -118.27809 33.72206 -118.27811 33.72114 -118.27702 33.71932 -118.27705 33.7175 -118.27653 33.71613 -118.27654 33.71567 -118.276 33.71476 -118.27547 33.71475 -118.27491 33.7161 -118.27379 33.71747 -118.27431 33.71884 -118.27429 33.71975 -118.27428 33.72066 -118.27482 33.72341 -118.27699 33.72523 -118.2775 33.72568 -118.2764 33.7243 -118.27477 33.72293 -118.27423 33.7211 -118.2737 33.72064 -118.27261 33.72018 -118.27206 33.72017 -118.27151 33.72244 -118.27148 33.72519 -118.27309 33.7284 -118.27525 33.73251 -118.27684 33.73616 -118.27789 33.73843 -118.2784 33.74071 -118.27837 33.74388 -118.27721 33.74614 -118.27608 33.74706 -118.27661 33.74842 -118.2766 33.75023 -118.27546 33.75158 -118.27378 33.75294 -118.27431 33.75385 -118.2743 33.75433 -118.27595 33.75435 -118.27871 33.75391 -118.27982 33.75394 -118.28258 33.75441 -118.28368 33.75443 -118.28589 33.75353 -118.287 33.75399 -118.28755 33.75491 -118.28809 33.75536 -118.28753 33.75625 -118.28586 33.75624 -118.28475 33.75667 -118.28309 33.75666 -118.28198 33.75619 -118.28089 33.75663 -118.27923 33.75754 -118.27866 33.75934 -118.27697 33.7607 -118.27695 33.76389 -118.27746 33.76572 -118.27798 33.76753 -118.27795 33.7689 -118.27793 33.77072 -118.2779 33.76979 -118.27626 33.76706 -118.27575 33.76791 -118.27077 33.76066 -118.27309 33.75794 -118.27368 33.75657 -118.27315 33.7561 -118.2715 33.75564 -118.27096 33.75608 -118.26984 33.75743 -118.26927 33.75881 -118.2698 33.76243 -118.26809 33.76287 -118.26698 33.7624 -118.26588 33.7615 -118.26645 33.75969 -118.26703 33.7565 -118.26707 33.75332 -118.26658 33.75962 -118.26096 33.76326 -118.26144 33.76602 -118.26361 33.76642 -118.25919 33.76232 -118.25814 33.77089 -118.25137 33.77584 -118.24687 33.77674 -118.24576 33.77718 -118.24409 33.77671 -118.24355 33.77626 -118.24355 33.77445 -118.24469 33.77265 -118.24638 33.77131 -118.24805 33.7695 -118.24918 33.76815 -118.25031 33.76495 -118.2487 33.76806 -118.24203 33.7724 -118.22318 33.77771 -118.21038 33.77589 -118.20986 33.77236 -118.21986 33.77054 -118.21934 33.77406 -118.20934 33.77224 -118.20882 33.77004 -118.21548 33.76554 -118.21997 33.75822 -118.21622 33.75814 -118.2085 33.75768 -118.20795 33.75767 -118.2074 33.75585 -118.20743 33.75542 -118.20909 33.75362 -118.21133 33.75093 -118.21524 33.74594 -118.21587 33.74084 -118.20712 33.74358 -118.20763 33.74771 -118.21198 33.75129 -118.20585 33.74583 -118.20594 33.74579 -118.20262 33.75216 -118.20251 33.75164 -118.19645 33.74845 -118.1965 33.74796 -118.19265 33.74477 -118.19215 33.74071 -118.19553 33.74078 -118.20216 33.73898 -118.20384 33.73878 -118.18562 33.75385 -118.1909 33.75851 -118.20131 33.76173 -118.20457 33.76263 -118.20345 33.76307 -118.20234 33.7644 -118.19955 33.76481 -118.19513 33.76433 -118.19292 33.7634 -118.19128 33.76293 -118.18964 33.76379 -118.1852 33.76468 -118.18408 33.76466 -118.18243 33.76463 -118.17912 33.76411 -118.1736 33.76215 -118.16148 33.76118 -118.15597 33.75928 -118.14938 33.75735 -118.14001 33.75408 -118.1329 33.75176 -118.12907 33.74898 -118.1247 33.74665 -118.12032 33.74619 -118.11922 33.74617 -118.11812 33.74754 -118.1181 33.74892 -118.11918 33.75077 -118.12246 33.75262 -118.12519 33.75356 -118.12683 33.75586 -118.12955 33.75723 -118.12952 33.75995 -118.12948 33.76175 -118.12779 33.76218 -118.12557 33.76217 -118.12447 33.76308 -118.12445 33.764 -118.12554 33.76584 -118.12717 33.76631 -118.12881 33.76724 -118.13046 33.77044 -118.1315 33.77135 -118.13148 33.77179 -118.13037 33.7704 -118.12819 33.76579 -118.12274 33.76118 -118.11841 33.75841 -118.11459 33.75703 -118.11296 33.75563 -118.11022 33.7547 -118.10858 33.75423 -118.10748 33.75335 -118.10915 33.75246 -118.11138 33.75111 -118.11251 33.74931 -118.1142 33.74613 -118.11426 33.7434 -118.1143 33.74156 -118.11268 33.74062 -118.10994 33.7406 -118.10828 33.7392 -118.10555 33.73782 -118.10446 33.73735 -118.10281 33.73642 -118.10062 33.73594 -118.09898 33.73637 -118.09731 33.73682 -118.0962 33.73677 -118.09233 33.7363 -118.09124 33.73628 -118.08958 33.73673 -118.08902 33.73758 -118.08459 33.73711 -118.08294 33.73478 -118.07857 33.73703 -118.07687 33.73837 -118.07462 33.73745 -118.07354 33.73246 -118.07529 33.73113 -118.07752 33.7293 -118.07645 33.72968 -118.07092 33.72739 -118.06985 33.72142 -118.06499 33.71632 -118.05737 33.71402 -118.0552 33.71268 -118.05688 33.71408 -118.05961 33.72238 -118.06885 33.72469 -118.07156 33.72933 -118.07922 33.73346 -118.0819 33.73485 -118.08408 33.73492 -118.09016 33.73495 -118.09237 33.73496 -118.09348 33.73452 -118.09403 33.73176 -118.09187 33.72995 -118.09301 33.72949 -118.09246 33.72947 -118.09081 33.72854 -118.08917 33.72807 -118.08752 33.7253 -118.08426 33.72161 -118.07991 33.71793 -118.07665 33.71655 -118.07503 33.71471 -118.0734 33.71286 -118.07123 33.711 -118.06795 33.70914 -118.06467 33.70684 -118.06306 33.69487 -118.05113 33.68798 -118.0452 33.68199 -118.03923 33.67645 -118.03271 33.67045 -118.02621 33.66812 -118.02184 33.66443 -118.01804 33.65981 -118.01261 33.6561 -118.00662 33.6533 -118.00115 33.65052 -117.99734 33.64771 -117.99133 33.64536 -117.98531 33.64304 -117.9815 33.6393 -117.9744 33.63467 -117.96842 33.6314 -117.96132 33.62999 -117.95859 33.62767 -117.95477 33.62486 -117.94876 33.62251 -117.9433 33.61927 -117.93895 33.61649 -117.93514 33.61282 -117.93246 33.60822 -117.92924 33.60685 -117.92872 33.60546 -117.92654 33.60453 -117.92546 33.6045 -117.92326 33.60448 -117.9216 33.60398 -117.9183 33.60157 -117.90843 33.59966 -117.90186 33.59819 -117.89471 33.59628 -117.88814 33.59439 -117.88267 33.59483 -117.88211 33.59711 -117.88261 33.5985 -117.88424 33.59945 -117.88642 33.59993 -117.88862 33.59997 -117.89137 33.60281 -117.89958 33.60421 -117.90231 33.60514 -117.9034 33.60608 -117.90558 33.60519 -117.90726 33.60522 -117.90946 33.60661 -117.91109 33.6071 -117.91383 33.60761 -117.91768 33.6081 -117.91988 33.60813 -117.92208 33.60862 -117.92483 33.60957 -117.92757 33.61049 -117.92865 33.61232 -117.92971 33.61323 -117.9297 33.6123 -117.92806 33.61183 -117.92696 33.61091 -117.92588 33.61181 -117.92532 33.61318 -117.92583 33.61456 -117.92691 33.61685 -117.92797 33.61821 -117.92794 33.61958 -117.92847 33.62003 -117.9279 33.62 -117.9257 33.61861 -117.92352 33.61626 -117.91806 33.61486 -117.91533 33.61346 -117.91315 33.61341 -117.90984 33.61476 -117.90816 33.61836 -117.90533 33.62015 -117.90364 33.62149 -117.90141 33.62236 -117.89864 33.62279 -117.89697 33.62547 -117.89361 33.62773 -117.89246 33.62909 -117.89243 33.63137 -117.89294 33.63681 -117.89172 33.64 -117.89165 33.64228 -117.89216 33.64501 -117.89265 33.64682 -117.89207 33.64909 -117.89146 33.65088 -117.88922 33.65176 -117.887 33.6517 -117.88259 33.65073 -117.87875 33.64888 -117.87658 33.64705 -117.87551 33.64614 -117.87608 33.64615 -117.87663 33.64664 -117.87883 33.64757 -117.88047 33.64625 -117.88326 33.64534 -117.88382 33.64353 -117.88441 33.64173 -117.88555 33.64037 -117.88613 33.63857 -117.88727 33.63628 -117.88622 33.63446 -117.88625 33.63264 -117.88574 33.63128 -117.88631 33.62946 -117.8858 33.62854 -117.88527 33.6272 -117.88696 33.6263 -117.88808 33.62542 -117.88975 33.62408 -117.89143 33.62273 -117.89256 33.62183 -117.89313 33.62 -117.89262 33.61863 -117.89209 33.61726 -117.89212 33.61591 -117.89325 33.61547 -117.89381 33.61686 -117.89544 33.61823 -117.89596 33.61914 -117.89649 33.61964 -117.89924 33.61875 -117.90091 33.61742 -117.90314 33.61562 -117.90484 33.61291 -117.90599 33.61154 -117.90547 33.61016 -117.9044 33.61013 -117.90219 33.61055 -117.89998 33.61051 -117.89722 33.6109 -117.8928 33.61041 -117.89006 33.60902 -117.88788 33.6067 -117.88517 33.60396 -117.88412 33.60304 -117.88304 33.60028 -117.88089 33.59753 -117.87984 33.59571 -117.87988 33.59388 -117.87882 33.59067 -117.87724 33.59201 -117.875 33.59198 -117.87334 33.59104 -117.87116 33.58736 -117.86794 33.58595 -117.86465 33.58455 -117.86248 33.58406 -117.86028 33.58267 -117.85811 33.58173 -117.85648 33.58034 -117.8543 33.57987 -117.85321 33.57894 -117.85158 33.578 -117.84939 33.57658 -117.84612 33.5752 -117.84449 33.57334 -117.84177 33.57193 -117.83904 33.56962 -117.83634 33.56823 -117.83472 33.56546 -117.83202 33.5636 -117.82931 33.56264 -117.82547 33.56169 -117.82274 33.55848 -117.82115 33.5571 -117.82008 33.55483 -117.82013 33.55437 -117.82014 33.55344 -117.81905 33.55343 -117.81796 33.55388 -117.81739 33.55341 -117.8163 33.55248 -117.81522 33.55202 -117.81522 33.55156 -117.81469 33.55064 -117.81416 33.55063 -117.81304 33.55152 -117.81193 33.55197 -117.81136 33.55194 -117.80917 33.55102 -117.80863 33.55009 -117.80755 33.54735 -117.8065 33.54643 -117.80543 33.54597 -117.80544 33.54596 -117.80434 33.54548 -117.80324 33.54543 -117.79993 33.54541 -117.79829 33.54492 -117.79609 33.54352 -117.79337 33.54304 -117.79173 33.54256 -117.79008 33.54206 -117.78679 33.54113 -117.78571 33.54019 -117.78352 33.53833 -117.78136 33.53513 -117.77978 33.53143 -117.77601 33.52728 -117.77224 33.52403 -117.76791 33.52172 -117.76575 33.51897 -117.76417 33.51666 -117.76146 33.51482 -117.7604 33.51388 -117.75822 33.51249 -117.75715 33.51202 -117.75606 33.5111 -117.75553 33.50833 -117.75229 33.50416 -117.74742 33.50048 -117.74475 33.49908 -117.74258 33.4977 -117.74151 33.49586 -117.74045 33.49358 -117.73995 33.49175 -117.73944 33.49038 -117.73892 33.48945 -117.73785 33.48899 -117.7373 33.4876 -117.73568 33.48804 -117.73457 33.48758 -117.73403 33.48712 -117.73404 33.4862 -117.73351 33.48576 -117.73407 33.48483 -117.73299 33.48436 -117.7319 33.48342 -117.73027 33.48107 -117.72537 33.47878 -117.72432 33.47602 -117.72273 33.47372 -117.72113 33.4719 -117.72063 33.47096 -117.71899 33.46822 -117.71796 33.46593 -117.71691 33.46363 -117.71531 33.46135 -117.71536 33.46044 -117.71538 33.45948 -117.7121 33.45944 -117.70935 33.46031 -117.70658 33.46166 -117.706 33.46298 -117.70322 33.46293 -117.69991 33.46151 -117.69665 33.46106 -117.69666 33.46104 -117.69501 33.46103 -117.69446 33.46099 -117.69225 33.46143 -117.69115 33.4614 -117.6895 33.46133 -117.68455 33.46035 -117.68072 33.45943 -117.67963 33.45849 -117.67801 33.45754 -117.67528 33.45475 -117.67149 33.45238 -117.66549 33.45004 -117.66115 33.44768 -117.65625 33.4449 -117.65302 33.44304 -117.65031 33.44022 -117.64542 33.43744 -117.64218 33.43557 -117.63893 33.43187 -117.63516 33.42862 -117.63139 33.42677 -117.62923 33.42585 -117.62871 33.424 -117.6271 33.42215 -117.62495 33.42028 -117.62169 33.41844 -117.62064 33.41798 -117.62009 33.41521 -117.61796 33.41338 -117.61691 33.4115 -117.61365 33.40964 -117.6115 33.40689 -117.6099 33.40227 -117.60561 33.3995 -117.60349 33.39629 -117.60191 33.39444 -117.6003 33.3903 -117.59766 33.38801 -117.59661 33.38663 -117.59554 33.3857 -117.59447 33.38431 -117.59286 33.3843 -117.5923 33.38245 -117.5907 33.38103 -117.58743 33.37964 -117.58582 33.37912 -117.58199 33.37722 -117.57709 33.37578 -117.57272 33.37436 -117.56891 33.37296 -117.56729 33.37156 -117.56513 33.36872 -117.5586 33.36635 -117.55316 33.36215 -117.54668 33.35889 -117.54236 33.35516 -117.53696 33.35188 -117.53154 33.34723 -117.52561 33.34397 -117.5213 33.33976 -117.51481 33.3351 -117.50888 33.3286 -117.50136 33.32349 -117.49545 33.31839 -117.49008 33.31144 -117.48312 33.30357 -117.47508 33.29388 -117.46764 33.28464 -117.45965 33.27631 -117.45217 33.26614 -117.44311 33.25736 -117.4362 33.24951 -117.42981 33.24029 -117.42347 33.2329 -117.41763 33.23059 -117.41549 33.22459 -117.41071 33.21489 -117.40329 33.21578 -117.40217 33.21761 -117.40266 33.21938 -117.39988 33.21477 -117.39671 33.21388 -117.39783 33.21483 -117.4 33.21395 -117.40166 33.20424 -117.39315 33.19962 -117.38943 33.19453 -117.38519 33.19036 -117.38091 33.18157 -117.37347 33.17509 -117.36761 33.16863 -117.36285 33.16399 -117.35804 33.158 -117.35436 33.15339 -117.3512 33.14924 -117.34857 33.14601 -117.34592 33.14368 -117.34325 33.14045 -117.34114 33.13633 -117.33961 33.13266 -117.33807 33.12758 -117.33437 33.1239 -117.33228 33.11839 -117.32969 33.10919 -117.32501 33.09863 -117.32037 33.08532 -117.31416 33.07658 -117.31003 33.06284 -117.30548 33.05503 -117.30186 33.04815 -117.29932 33.04494 -117.29777 33.0399 -117.29626 33.03486 -117.29476 33.02933 -117.29108 33.02194 -117.28582 33.01827 -117.28428 33.0123 -117.28171 33.00772 -117.2802 33.00315 -117.27978 33.00224 -117.27926 32.9981 -117.27773 32.9926 -117.27515 32.98757 -117.2742 32.98207 -117.27271 32.9752 -117.27072 32.97247 -117.27025 32.96651 -117.26878 32.96243 -117.26944 32.95834 -117.26955 32.9519 -117.26645 32.94412 -117.26449 32.93587 -117.26199 32.92855 -117.26 32.92079 -117.25913 32.91256 -117.25718 32.90615 -117.25572 32.89975 -117.25426 32.89654 -117.25326 32.89199 -117.25339 32.88837 -117.25459 32.88517 -117.25413 32.88286 -117.25256 32.87967 -117.2521 32.87509 -117.25114 32.87055 -117.25182 32.86465 -117.25307 32.85967 -117.25431 32.85472 -117.25718 32.85112 -117.25947 32.84935 -117.26225 32.84894 -117.26444 32.84898 -117.26662 32.84948 -117.26879 32.84997 -117.27042 32.84956 -117.27261 32.84869 -117.27483 32.8478 -117.27594 32.84601 -117.27763 32.84422 -117.27932 32.84242 -117.28046 32.84062 -117.2816 32.83744 -117.28224 32.83517 -117.2823 32.83288 -117.28182 32.83013 -117.28081 32.82739 -117.28033 32.8233 -117.28045 32.82101 -117.27997 32.8201 -117.27999 32.81915 -117.27784 32.81866 -117.27621 32.81726 -117.27461 32.81588 -117.27411 32.81404 -117.27307 32.81265 -117.27147 32.81079 -117.26988 32.80851 -117.2694 32.80756 -117.26779 32.80708 -117.26617 32.80613 -117.26456 32.80473 -117.26295 32.80242 -117.26084 32.79827 -117.25877 32.79231 -117.25622 32.78589 -117.25421 32.78041 -117.25382 32.7713 -117.25354 32.76128 -117.25382 32.7581 -117.25391 32.75805 -117.25118 32.75755 -117.24902 32.75797 -117.24737 32.7584 -117.24627 32.75932 -117.24679 32.7598 -117.24786 32.76073 -117.24892 32.76211 -117.24944 32.76347 -117.2494 32.76484 -117.24936 32.76618 -117.24823 32.76663 -117.24767 32.76479 -117.24663 32.76343 -117.24722 32.76251 -117.2467 32.76249 -117.24561 32.76429 -117.24446 32.7661 -117.24387 32.7679 -117.24272 32.76882 -117.24324 32.76973 -117.24322 32.77021 -117.24483 32.77113 -117.24481 32.77339 -117.2442 32.77432 -117.24527 32.77389 -117.24637 32.77255 -117.2475 32.77211 -117.2486 32.77304 -117.24966 32.77443 -117.25072 32.77579 -117.25014 32.77666 -117.24847 32.7771 -117.24737 32.77754 -117.24681 32.77802 -117.24789 32.77895 -117.24895 32.77898 -117.25059 32.77944 -117.25058 32.7808 -117.24999 32.78168 -117.24888 32.7826 -117.2494 32.78355 -117.25101 32.78677 -117.25256 32.78812 -117.25197 32.78947 -117.25084 32.79031 -117.24754 32.79026 -117.24481 32.7893 -117.24266 32.78745 -117.24107 32.78515 -117.24005 32.78288 -117.24011 32.7806 -117.24017 32.77919 -117.23804 32.77871 -117.23696 32.77868 -117.23532 32.78 -117.2331 32.78226 -117.23195 32.78452 -117.23134 32.7877 -117.2307 32.78952 -117.23064 32.78951 -117.2301 32.78949 -117.22901 32.78992 -117.22791 32.79173 -117.22731 32.79309 -117.22672 32.79486 -117.22449 32.79573 -117.22228 32.79525 -117.22121 32.79432 -117.22014 32.79296 -117.22073 32.79203 -117.21966 32.79152 -117.21695 32.79194 -117.21475 32.79326 -117.21253 32.79419 -117.21359 32.79422 -117.21523 32.79514 -117.21575 32.79602 -117.21409 32.79598 -117.21191 32.79503 -117.2103 32.79366 -117.20979 32.79228 -117.20928 32.78955 -117.20937 32.78684 -117.21053 32.78184 -117.21122 32.77913 -117.21239 32.77685 -117.21191 32.77502 -117.21142 32.77134 -117.20989 32.76904 -117.20886 32.76723 -117.20947 32.76588 -117.21004 32.76499 -117.21117 32.76411 -117.21282 32.76416 -117.215 32.76423 -117.21883 32.76528 -117.22588 32.76533 -117.22807 32.7649 -117.22971 32.76583 -117.23023 32.76676 -117.2313 32.76816 -117.23289 32.76818 -117.23399 32.76775 -117.23508 32.76683 -117.23512 32.7664 -117.23622 32.76689 -117.23784 32.76693 -117.24002 32.76649 -117.24058 32.76513 -117.24117 32.76468 -117.24117 32.7633 -117.24067 32.76281 -117.23905 32.76277 -117.23687 32.76229 -117.23579 32.76135 -117.23418 32.76044 -117.23421 32.75908 -117.23479 32.75822 -117.237 32.75916 -117.23861 32.7601 -117.24022 32.76014 -117.24185 32.7597 -117.24296 32.75743 -117.24357 32.75515 -117.24309 32.75426 -117.2442 32.75384 -117.24585 32.75388 -117.24803 32.75528 -117.24963 32.75486 -117.25127 32.75261 -117.25298 32.74855 -117.25472 32.74355 -117.25541 32.73766 -117.25667 32.73311 -117.25735 32.73038 -117.25742 32.72856 -117.25747 32.72628 -117.25754 32.72448 -117.25868 32.72175 -117.25876 32.71992 -117.25826 32.71717 -117.25725 32.71352 -117.25681 32.70575 -117.25594 32.7021 -117.25549 32.69938 -117.25612 32.69664 -117.25565 32.69434 -117.25462 32.69158 -117.25361 32.68837 -117.25207 32.68377 -117.25002 32.6783 -117.24963 32.67188 -117.24763 32.6673 -117.24667 32.66547 -117.24618 32.66455 -117.24566 32.66407 -117.24404 32.66359 -117.24297 32.664 -117.24078 32.66534 -117.23965 32.6667 -117.23906 32.66896 -117.23845 32.67032 -117.23787 32.67261 -117.23834 32.67443 -117.2383 32.6758 -117.2388 32.67945 -117.23869 32.68125 -117.23756 32.68257 -117.23534 32.68485 -117.23528 32.68676 -117.23958 32.68996 -117.24058 32.69634 -117.24094 32.7022 -117.2375 32.70768 -117.23844 32.71705 -117.22836 32.71777 -117.21907 32.72498 -117.21504 32.72712 -117.20789 32.72682 -117.19318 32.72612 -117.18121 32.72097 -117.17427 32.71368 -117.17448 32.70916 -117.17625 32.70583 -117.16926 32.69179 -117.15113 32.68272 -117.13124 32.67855 -117.12755 32.6688 -117.11912 32.6671 -117.12462 32.66335 -117.11983 32.65743 -117.12 32.64547 -117.11437 32.64234 -117.11719 32.63912 -117.11565 32.63409 -117.11472 32.63305 -117.10876 32.62844 -117.10617 32.62421 -117.1003 32.61188 -117.0985 32.6074 -117.10245 32.6065 -117.10302 32.6025 -117.10749 32.59937 -117.11031 32.59715 -117.1131 32.60192 -117.1233 32.60472 -117.12649 32.60887 -117.12908 32.61484 -117.13108 32.62033 -117.13255 32.62941 -117.13065 32.62951 -117.13554 32.64014 -117.14285 32.64891 -117.14804 32.66276 -117.15689 32.67105 -117.16155 32.67411 -117.15547 32.6769 -117.15811 32.67344 -117.16694 32.67802 -117.16789 32.68611 -117.16275 32.69627 -117.16954 32.6987 -117.1771 32.7021 -117.18736 32.71278 -117.1974 32.7125 -117.20614 32.70948 -117.2144 32.70554 -117.22215 32.69925 -117.22668 32.68881 -117.22862 32.68423 -117.22712 32.68236 -117.22499 32.68143 -117.22393 32.68141 -117.22284 32.68274 -117.22117 32.6845 -117.21784 32.68575 -117.21236 32.68654 -117.20634 32.68644 -117.20144 32.68589 -117.19655 32.6849 -117.19276 32.68298 -117.18791 32.68155 -117.18468 32.67924 -117.18312 32.67784 -117.18153 32.67599 -117.17995 32.67596 -117.17886 32.67454 -117.17617 32.67313 -117.17403 32.67081 -117.17192 32.66755 -117.16821 32.6634 -117.16615 32.66018 -117.1646 32.65739 -117.16196 32.65552 -117.15929 32.64766 -117.15408 32.64165 -117.14989 32.6343 -117.14684 32.62877 -117.14374 32.62185 -117.13959 32.61406 -117.13764 32.60764 -117.13565 32.59805 -117.13431 32.58801 -117.13351 32.57571 -117.13388 32.56796 -117.13357 32.56113 -117.13377 32.55792 -117.13277 32.55471 -117.13178 32.55242 -117.13131 32.54828 -117.12926 32.54645 -117.12877 32.53637 -117.12635 32.53043 -117.12543 38.06571 -122.27103 38.06844 -122.27055 38.07112 -122.27241 38.07335 -122.27425 38.076 -122.27727 38.07775 -122.28026 38.07951 -122.28267 38.08217 -122.2851 38.08394 -122.28693 38.0893 -122.29064 38.09418 -122.2955 38.09728 -122.29855 38.10044 -122.29925 38.10264 -122.30226 38.11147 -122.31255 38.11364 -122.31673 38.1158 -122.32149 38.11884 -122.32745 38.12276 -122.33405 38.12585 -122.33768 38.12847 -122.34246 38.13066 -122.34547 38.13456 -122.35323 38.13801 -122.36098 38.14098 -122.36987 38.1457 -122.38118 38.14824 -122.38889 38.15105 -122.40422 38.15193 -122.40543 38.15233 -122.40778 38.15094 -122.40891 38.14916 -122.40766 38.14552 -122.4081 38.14323 -122.40918 38.13771 -122.41248 38.13353 -122.4164 38.13026 -122.42037 38.1265 -122.42608 38.12456 -122.43127 38.12084 -122.43523 38.11845 -122.4404 38.11789 -122.44505 38.11594 -122.45025 38.11544 -122.45257 38.11766 -122.45441 38.11903 -122.45388 38.12038 -122.45452 38.12216 -122.45576 38.11982 -122.4586 38.1175 -122.46085 38.11654 -122.46314 38.11547 -122.47012 38.11484 -122.47712 38.11378 -122.48352 38.1127 -122.49049 38.11168 -122.49513 38.11069 -122.4986 38.10933 -122.49855 38.10759 -122.49556 38.10408 -122.49073 38.10133 -122.49179 38.09363 -122.49148 38.09274 -122.49085 38.09055 -122.48784 38.08511 -122.48762 38.08058 -122.48744 38.07741 -122.48731 38.0738 -122.48658 38.06969 -122.48758 38.06512 -122.48915 38.06144 -122.49134 38.05729 -122.49409 38.05272 -122.49567 38.05089 -122.49618 38.04953 -122.49612 38.04776 -122.49429 38.04684 -122.49484 38.04499 -122.49652 38.03809 -122.50032 38.03262 -122.50185 38.02988 -122.50233 38.02718 -122.50163 38.02313 -122.5003 38.01998 -122.49959 38.0164 -122.49769 38.01509 -122.49529 38.01381 -122.49232 38.01252 -122.48934 38.01031 -122.48692 38.00856 -122.48451 38.00728 -122.48096 38.00557 -122.47679 38.00476 -122.47267 38.00167 -122.46904 38.00046 -122.46315 37.99866 -122.46249 37.99782 -122.45954 37.9956 -122.4577 37.99335 -122.45702 37.99162 -122.45345 37.98848 -122.45216 37.98576 -122.45204 37.98256 -122.45308 37.98116 -122.45478 37.98016 -122.45882 37.98008 -122.46175 37.98137 -122.46472 37.98357 -122.46773 37.98438 -122.47185 37.98252 -122.47353 37.97973 -122.47633 37.97789 -122.47743 37.97516 -122.47791 37.9733 -122.47958 37.97325 -122.48191 37.97367 -122.4831 37.97226 -122.48538 37.96989 -122.48937 37.97026 -122.49289 37.97067 -122.49466 37.97016 -122.49698 37.96877 -122.49809 37.96738 -122.4992 37.96373 -122.50022 37.961 -122.50069 37.96056 -122.50009 37.95967 -122.49947 37.95974 -122.49655 37.95889 -122.49419 37.95575 -122.49289 37.95306 -122.49161 37.94992 -122.49031 37.9481 -122.49024 37.94636 -122.48725 37.94513 -122.48195 37.94333 -122.48129 37.94197 -122.48123 37.9406 -122.48177 37.93961 -122.48523 37.93862 -122.48869 37.93673 -122.49153 37.93666 -122.49445 37.93793 -122.498 37.9406 -122.50044 37.94096 -122.50397 37.94317 -122.50639 37.94447 -122.50878 37.94396 -122.51109 37.94217 -122.51044 37.94043 -122.50745 37.93863 -122.50679 37.93726 -122.50732 37.93137 -122.50707 37.92645 -122.50396 37.92337 -122.50033 37.92122 -122.49557 37.92088 -122.49089 37.92007 -122.48677 37.91743 -122.48375 37.91568 -122.48076 37.91299 -122.47948 37.91074 -122.47881 37.90852 -122.47697 37.90712 -122.47866 37.90575 -122.47919 37.90353 -122.47735 37.90224 -122.47438 37.9005 -122.47139 37.89737 -122.46951 37.89699 -122.46658 37.89614 -122.46422 37.89394 -122.46121 37.89355 -122.45886 37.89363 -122.45536 37.8937 -122.45245 37.89282 -122.45125 37.89061 -122.44882 37.8857 -122.44571 37.88396 -122.44273 37.88218 -122.44149 37.88035 -122.44199 37.87984 -122.44431 37.87844 -122.44601 37.87568 -122.44765 37.87334 -122.45047 37.87144 -122.45389 37.87181 -122.45741 37.87082 -122.46087 37.87168 -122.46265 37.87118 -122.46497 37.86934 -122.46606 37.86796 -122.46658 37.86666 -122.4642 37.864 -122.46176 37.86264 -122.46171 37.86276 -122.46279 37.86304 -122.46405 37.86433 -122.46703 37.86694 -122.47121 37.86961 -122.47365 37.87228 -122.47551 37.87453 -122.47618 37.87819 -122.47516 37.88139 -122.47412 37.88361 -122.47596 37.88538 -122.47778 37.88757 -122.48079 37.88887 -122.48318 37.89019 -122.48498 37.89281 -122.48917 37.89414 -122.49039 37.89454 -122.49274 37.894 -122.49622 37.89341 -122.50145 37.89244 -122.50433 37.89104 -122.50602 37.8888 -122.50476 37.88431 -122.50283 37.88164 -122.50097 37.87892 -122.50086 37.87839 -122.50375 37.8788 -122.50552 37.87783 -122.5084 37.87689 -122.50953 37.87417 -122.50941 37.87242 -122.50701 37.87156 -122.50523 37.87072 -122.50227 37.86895 -122.50045 37.86715 -122.49979 37.86494 -122.49738 37.86364 -122.49499 37.86148 -122.49081 37.85888 -122.48605 37.85807 -122.48193 37.85629 -122.4807 37.85447 -122.48062 37.84855 -122.48154 37.84718 -122.48208 37.8454 -122.48083 37.8436 -122.48018 37.84183 -122.47836 37.83915 -122.47651 37.83736 -122.47585 37.83601 -122.47521 37.83325 -122.47685 37.83275 -122.47858 37.83274 -122.47916 37.83226 -122.48031 37.83089 -122.48083 37.82907 -122.48077 37.82727 -122.48011 37.82499 -122.4806 37.82495 -122.48235 37.82492 -122.48351 37.82534 -122.48528 37.8262 -122.48706 37.82703 -122.49001 37.82605 -122.49288 37.82556 -122.49461 37.82373 -122.49512 37.82232 -122.4974 37.82086 -122.50142 37.82029 -122.50606 37.82425 -122.51088 37.82465 -122.51323 37.82494 -122.51965 37.82531 -122.52316 37.8248 -122.52547 37.82252 -122.52596 37.82157 -122.52768 37.82059 -122.53055 37.81922 -122.53108 37.81514 -122.53091 37.81556 -122.5321 37.81827 -122.53278 37.82007 -122.53344 37.82182 -122.53584 37.82273 -122.53588 37.82451 -122.53712 37.82498 -122.53656 37.82679 -122.53664 37.82814 -122.53727 37.82901 -122.53848 37.83036 -122.53912 37.83207 -122.54327 37.83335 -122.54623 37.83417 -122.54977 37.8355 -122.55099 37.83641 -122.55103 37.83954 -122.5529 37.84132 -122.55414 37.8422 -122.55534 37.84262 -122.55653 37.84349 -122.55774 37.84439 -122.55836 37.84525 -122.56014 37.84617 -122.55959 37.84752 -122.56023 37.84841 -122.56085 37.84927 -122.56264 37.85015 -122.56384 37.85149 -122.56448 37.85191 -122.56567 37.85279 -122.56687 37.85319 -122.56921 37.85314 -122.57096 37.85402 -122.57217 37.85621 -122.57517 37.8571 -122.5758 37.85842 -122.5776 37.85881 -122.57995 37.85878 -122.58112 37.85736 -122.58339 37.85779 -122.58457 37.8582 -122.58634 37.86043 -122.5876 37.86128 -122.58997 37.86169 -122.59174 37.86438 -122.59301 37.86794 -122.5955 37.8706 -122.59794 37.87235 -122.60035 37.87365 -122.60274 37.87408 -122.60392 37.87495 -122.60512 37.87536 -122.60689 37.87624 -122.60809 37.87662 -122.61102 37.87748 -122.61281 37.87787 -122.61517 37.87739 -122.61631 37.87735 -122.61806 37.87685 -122.61978 37.87771 -122.62157 37.87859 -122.62277 37.87949 -122.62282 37.88038 -122.62344 37.88081 -122.62462 37.88072 -122.62811 37.88113 -122.62988 37.88248 -122.62994 37.88337 -122.63056 37.88472 -122.6312 37.88608 -122.63126 37.88741 -122.63248 37.88872 -122.63429 37.89182 -122.63734 37.89534 -122.64157 37.89664 -122.64396 37.89927 -122.64758 37.90011 -122.64994 37.90431 -122.66296 37.9055 -122.66943 37.90585 -122.67354 37.90623 -122.67648 37.90568 -122.67995 37.90561 -122.68287 37.90369 -122.68687 37.90174 -122.69204 37.89845 -122.69656 37.89746 -122.69944 37.89651 -122.70115 37.89514 -122.70168 37.89373 -122.70336 37.89414 -122.70513 37.89411 -122.7063 37.89539 -122.70927 37.89717 -122.71052 37.89802 -122.71288 37.89978 -122.71471 37.90065 -122.71651 37.90146 -122.72004 37.90141 -122.72179 37.90179 -122.72472 37.90263 -122.72709 37.9053 -122.72896 37.90846 -122.72968 37.91119 -122.72922 37.91476 -122.73171 37.91611 -122.73177 37.91791 -122.73243 37.92194 -122.73436 37.92544 -122.73918 37.92938 -122.74461 37.93061 -122.74934 37.93411 -122.75416 37.93496 -122.75653 37.93536 -122.7583 37.93525 -122.76238 37.93565 -122.76473 37.93607 -122.76592 37.93738 -122.76773 37.93916 -122.76897 37.9405 -122.76962 37.94139 -122.77025 37.94271 -122.77206 37.94311 -122.77383 37.943 -122.77791 37.94389 -122.77853 37.94434 -122.77855 37.94572 -122.77803 37.94661 -122.77865 37.94706 -122.77867 37.94794 -122.77988 37.94744 -122.78161 37.94692 -122.78392 37.9478 -122.78513 37.94916 -122.78519 37.95006 -122.78523 37.95098 -122.78468 37.95369 -122.78539 37.95728 -122.78672 37.96175 -122.78925 37.96665 -122.79239 37.97243 -122.79674 37.97686 -122.80045 37.97863 -122.80228 37.98035 -122.80585 37.983 -122.80831 37.98476 -122.81014 37.98425 -122.81246 37.98509 -122.81483 37.98732 -122.8161 37.99134 -122.81862 37.99443 -122.82169 37.9962 -122.82352 37.9983 -122.82946 38.00055 -122.83015 38.00139 -122.83252 38.00358 -122.83554 38.00706 -122.84096 38.01653 -122.8595 38.01951 -122.86666 38.02161 -122.8726 38.02323 -122.87968 38.02529 -122.88738 38.02644 -122.89503 38.02754 -122.90444 38.02768 -122.91556 38.02839 -122.92205 38.02876 -122.92554 38.02956 -122.92967 38.03175 -122.93211 38.03311 -122.93217 38.03316 -122.93043 38.03143 -122.92742 38.02905 -122.92129 38.02889 -122.92087 38.02903 -122.9162 38.02919 -122.91036 38.02893 -122.90334 38.02861 -122.89864 38.02869 -122.89572 38.0292 -122.89341 38.03012 -122.89287 38.03371 -122.8942 38.03638 -122.89608 38.03501 -122.8966 38.03365 -122.89654 38.03227 -122.89706 38.03129 -122.89993 38.03121 -122.90285 38.03158 -122.90579 38.03196 -122.90874 38.03372 -122.91057 38.03461 -122.91119 38.03596 -122.91125 38.03878 -122.90788 38.0415 -122.908 38.04331 -122.90809 38.04738 -122.90828 38.04911 -122.91129 38.05 -122.91191 38.04906 -122.91303 38.04769 -122.91356 38.04541 -122.91404 38.0436 -122.91396 38.04222 -122.91447 38.04039 -122.91497 38.0381 -122.91604 38.03493 -122.91589 38.0335 -122.91816 38.03436 -122.91995 38.03342 -122.92108 38.03286 -122.92515 38.03506 -122.92759 38.03543 -122.93053 38.03536 -122.93286 38.0367 -122.93351 38.03761 -122.93356 38.03853 -122.93301 38.03942 -122.93364 38.04167 -122.93433 38.0425 -122.93729 38.04424 -122.93971 38.04558 -122.94035 38.04744 -122.93869 38.05019 -122.93765 38.05249 -122.93658 38.05435 -122.93492 38.05487 -122.9326 38.05771 -122.92978 38.05909 -122.92754 38.05962 -122.92464 38.06237 -122.9236 38.0633 -122.92306 38.06555 -122.92374 38.06797 -122.91801 38.06987 -122.91517 38.07126 -122.91406 38.07085 -122.91229 38.07181 -122.91058 38.07228 -122.91002 38.0736 -122.91125 38.07311 -122.91298 38.07306 -122.91473 38.07212 -122.91586 38.06976 -122.91926 38.06833 -122.92153 38.07056 -122.92281 38.07048 -122.92573 38.06912 -122.92567 38.06726 -122.92733 38.0645 -122.92896 38.06352 -122.93125 38.06252 -122.93472 38.06432 -122.93539 38.06703 -122.93551 38.07468 -122.93762 38.07698 -122.93656 38.07837 -122.93546 38.0811 -122.935 38.08243 -122.93623 38.08515 -122.93636 38.08704 -122.93352 38.08844 -122.93241 38.09021 -122.93367 38.08924 -122.93596 38.08689 -122.93877 38.08555 -122.93813 38.08465 -122.93809 38.0828 -122.93917 38.08277 -122.94034 38.08096 -122.94025 38.07913 -122.94076 38.07819 -122.94188 38.07682 -122.9424 38.07593 -122.94177 38.07366 -122.94167 38.06954 -122.94323 38.06635 -122.94366 38.06269 -122.94466 38.06038 -122.94631 38.0603 -122.94923 38.06065 -122.95276 38.06104 -122.95512 38.06238 -122.95576 38.06329 -122.95581 38.06691 -122.95598 38.06961 -122.95669 38.07189 -122.95621 38.07414 -122.9569 38.07501 -122.95811 38.07498 -122.95928 38.07407 -122.95924 38.07272 -122.95918 38.06955 -122.95902 38.06681 -122.95948 38.06542 -122.96059 38.06317 -122.95989 38.06047 -122.95918 38.05871 -122.95734 38.05743 -122.95436 38.05656 -122.95315 38.05208 -122.95119 38.05025 -122.95169 38.0493 -122.9534 38.05017 -122.95461 38.05277 -122.95882 38.05405 -122.96181 38.054 -122.96356 38.05264 -122.96349 38.05177 -122.96229 38.04957 -122.95985 38.04655 -122.95444 38.04349 -122.9502 38.03995 -122.94711 38.03644 -122.94286 38.03515 -122.94045 38.03518 -122.93929 38.03384 -122.93864 38.03335 -122.93979 38.03149 -122.94145 38.03091 -122.94611 38.03034 -122.95017 38.02783 -122.95882 38.02439 -122.96801 38.01873 -122.97593 38.01269 -122.98091 38.00715 -122.98415 38.00259 -122.98511 38.00034 -122.98441 37.9981 -122.98373 37.99724 -122.98193 37.99684 -122.98016 37.99554 -122.97776 37.99561 -122.97543 37.99479 -122.97247 37.99308 -122.96888 37.9922 -122.96767 37.98997 -122.96639 37.98953 -122.96579 37.98905 -122.96693 37.99032 -122.96992 37.98979 -122.97282 37.99066 -122.97402 37.99108 -122.97521 37.99194 -122.97701 37.99281 -122.97822 37.99224 -122.98228 37.99216 -122.9852 37.99253 -122.98814 37.99293 -122.98991 37.9938 -122.99112 37.99372 -122.99403 37.99323 -122.99519 37.99362 -122.99754 37.99352 -123.00104 37.993 -123.00335 37.99293 -123.00568 37.99419 -123.00925 37.99508 -123.00988 37.99546 -123.01224 37.99498 -123.01338 37.99404 -123.0145 37.99354 -123.01624 37.9935 -123.0174 37.99343 -123.01974 37.99426 -123.0227 37.99421 -123.02445 37.9951 -123.02507 37.996 -123.02512 37.99694 -123.02399 37.99834 -123.02289 37.99932 -123.02002 38.00028 -123.01831 38.00082 -123.01541 38.00129 -123.01485 38.00223 -123.01373 38.00407 -123.01265 38.00823 -123.00992 38.01374 -123.00784 38.01925 -123.00518 38.02433 -123.00192 38.03217 -122.99761 38.03769 -122.99495 38.05513 -122.98759 38.06342 -122.98331 38.07304 -122.97966 38.08498 -122.97438 38.0974 -122.96853 38.11251 -122.96339 38.12307 -122.95861 38.1327 -122.95496 38.14048 -122.95241 38.14686 -122.95153 38.15142 -122.95058 38.15638 -122.95139 38.16272 -122.95169 38.16586 -122.95301 38.16811 -122.9537 38.16945 -122.95435 38.17076 -122.95617 38.17168 -122.95563 38.1735 -122.95571 38.17531 -122.9558 38.17662 -122.95762 38.17838 -122.95946 38.18009 -122.96305 38.18095 -122.96485 38.1822 -122.96843 38.18357 -122.96849 38.18722 -122.96749 38.1886 -122.96696 38.1904 -122.96764 38.19357 -122.96779 38.19585 -122.96731 38.19853 -122.96861 38.20123 -122.96932 38.20345 -122.97118 38.2061 -122.97366 38.20873 -122.97672 38.21313 -122.98161 38.21581 -122.98291 38.21989 -122.98311 38.22125 -122.98317 38.22435 -122.98566 38.22563 -122.98866 38.22786 -122.98993 38.22873 -122.99115 38.23544 -122.9944 38.23719 -122.99683 38.23989 -122.99754 38.24036 -122.99698 38.24084 -122.99583 38.23996 -122.99519 38.23826 -122.99101 38.23568 -122.9862 38.23484 -122.98381 38.23034 -122.98243 38.22816 -122.97939 38.22548 -122.9781 38.22464 -122.97571 38.22332 -122.97389 38.22158 -122.97146 38.20397 -122.95245 38.20129 -122.95116 38.20134 -122.9494 38.19641 -122.94741 38.19545 -122.94913 38.19495 -122.95086 38.19399 -122.95258 38.1931 -122.95194 38.19318 -122.94902 38.19278 -122.94724 38.19285 -122.9449 38.19333 -122.94376 38.19244 -122.94312 38.19115 -122.94072 38.18981 -122.94007 38.18803 -122.93882 38.18763 -122.93704 38.18766 -122.93587 38.18679 -122.93466 38.17739 -122.93012 38.17559 -122.92945 38.17564 -122.9277 38.17297 -122.92581 38.17116 -122.92573 38.17027 -122.9251 38.16851 -122.92326 38.16767 -122.92088 38.16544 -122.91961 38.1605 -122.91762 38.15918 -122.91639 38.15921 -122.91521 38.15795 -122.91164 38.1566 -122.911 38.15619 -122.90981 38.15432 -122.91148 38.15342 -122.91143 38.15161 -122.91135 38.15065 -122.90959 38.15034 -122.90898 38.149 -122.90713 38.14675 -122.90644 38.14541 -122.90579 38.14323 -122.90276 38.13925 -122.89906 38.13791 -122.89842 38.13654 -122.89894 38.13382 -122.89882 38.13207 -122.89639 38.1321 -122.89523 38.13168 -122.89404 38.13173 -122.89228 38.13087 -122.89048 38.12819 -122.88919 38.12689 -122.88679 38.1238 -122.88372 38.12201 -122.88305 38.12156 -122.88303 38.1185 -122.87879 38.08736 -122.83992 38.08738 -122.83933 38.08786 -122.83819 38.08623 -122.83167 38.08763 -122.82999 38.08946 -122.82948 38.09124 -122.83073 38.09567 -122.83444 38.10093 -122.84112 38.10493 -122.84423 38.10627 -122.84487 38.10668 -122.84665 38.10522 -122.85009 38.10649 -122.85366 38.11419 -122.85401 38.11587 -122.85877 38.11581 -122.86111 38.11623 -122.8623 38.1162 -122.86347 38.11794 -122.86589 38.11929 -122.86654 38.12112 -122.86604 38.12296 -122.86495 38.12524 -122.86447 38.12789 -122.86693 38.12876 -122.86814 38.13049 -122.87115 38.13135 -122.87295 38.13313 -122.8742 38.13629 -122.87492 38.13897 -122.87622 38.14072 -122.87864 38.14158 -122.88044 38.14197 -122.8828 38.1424 -122.8834 38.14328 -122.88461 38.14415 -122.88583 38.14596 -122.88591 38.1473 -122.88656 38.14816 -122.88835 38.14853 -122.8913 38.15078 -122.89199 38.15122 -122.89259 38.15343 -122.89445 38.15567 -122.89573 38.15792 -122.89642 38.15881 -122.89704 38.1606 -122.89771 38.16195 -122.89835 38.16278 -122.90074 38.16453 -122.90316 38.16631 -122.90442 38.16945 -122.90573 38.17212 -122.90762 38.17348 -122.90768 38.1748 -122.90891 38.17568 -122.91013 38.17881 -122.91144 38.18194 -122.91335 38.18597 -122.91528 38.18948 -122.91955 38.19033 -122.92135 38.2011 -122.92536 38.20333 -122.92664 38.20423 -122.92727 38.20602 -122.92794 38.20964 -122.92811 38.21238 -122.92765 38.21741 -122.92612 38.21878 -122.92561 38.22014 -122.92567 38.21733 -122.92905 38.215 -122.93129 38.21223 -122.93291 38.21126 -122.93522 38.21301 -122.93764 38.21521 -122.94009 38.21653 -122.94132 38.21783 -122.94373 38.2187 -122.94495 38.21954 -122.94733 38.21857 -122.94962 38.21486 -122.95238 38.21434 -122.9547 38.21478 -122.95531 38.21659 -122.95539 38.21933 -122.95493 38.22068 -122.955 38.22389 -122.95398 38.22659 -122.95469 38.22929 -122.95541 38.23154 -122.95609 38.23372 -122.95913 38.23367 -122.96088 38.23315 -122.96321 38.23082 -122.96545 38.23255 -122.96846 38.23203 -122.97078 38.23108 -122.9725 38.23196 -122.97313 38.23284 -122.97433 38.23651 -122.97276 38.23881 -122.97169 38.24201 -122.97066 38.24429 -122.97019 38.24748 -122.96975 38.24974 -122.96986 38.25154 -122.97054 38.25424 -122.97124 38.25692 -122.97254 38.26182 -122.97571 38.26494 -122.97762 38.26627 -122.97885 38.26715 -122.97948 38.26852 -122.97955 38.27066 -122.98375 38.27285 -122.98679 38.27327 -122.98798 38.27457 -122.98981 38.27548 -122.98985 38.27684 -122.98991 38.27909 -122.99061 38.28088 -122.99128 38.28259 -122.99488 38.283 -122.99666 38.29642 -123.00317 38.29638 -123.00433 38.29679 -123.00612 38.29675 -123.00729 38.29806 -123.00911 38.30071 -123.01158 38.30248 -123.01343 38.30422 -123.01586 38.30548 -123.01944 38.30897 -123.02431 38.31155 -123.02912 38.31271 -123.03622 38.31295 -123.04327 38.31192 -123.04792 38.31091 -123.05139 38.30851 -123.05598 38.30658 -123.05999 38.30389 -123.05869 38.30347 -123.05749 38.30396 -123.05634 38.30354 -123.05515 38.30223 -123.05332 38.30041 -123.05382 38.29902 -123.05492 38.29853 -123.05608 38.29848 -123.05784 38.29842 -123.05959 38.29883 -123.06137 38.29966 -123.06376 38.30055 -123.06439 38.30231 -123.06624 38.30365 -123.06689 38.30547 -123.06698 38.30636 -123.0676 38.30766 -123.06943 38.30946 -123.07011 38.31169 -123.07139 38.31348 -123.07206 38.31395 -123.0715 38.31533 -123.07098 38.31577 -123.07159 38.31617 -123.07336 38.31834 -123.07641 38.31967 -123.07764 38.32143 -123.07949 38.3223 -123.08071 38.3237 -123.07961 38.32372 -123.07902 38.32284 -123.0778 38.32289 -123.07604 38.32336 -123.07548 38.32474 -123.07496 38.32704 -123.07389 38.33068 -123.07349 38.3398 -123.07158 38.34665 -123.07015 38.35299 -123.07046 38.35975 -123.07196 38.36514 -123.07399 38.36871 -123.07593 38.37312 -123.08025 38.37622 -123.08275 38.38071 -123.08414 38.38651 -123.08736 38.38965 -123.0887 38.39185 -123.09116 38.39355 -123.09476 38.39218 -123.09528 38.39215 -123.09646 38.39253 -123.09882 38.39478 -123.09953 38.3957 -123.09898 38.39796 -123.09909 38.40021 -123.09979 38.40425 -123.10117 38.40739 -123.10249 38.41142 -123.10445 38.41541 -123.10759 38.41668 -123.11059 38.41842 -123.11303 38.42105 -123.1161 38.42192 -123.11732 38.4237 -123.11858 38.42595 -123.11928 38.42729 -123.11993 38.42767 -123.1223 38.42854 -123.12352 38.43126 -123.12366 38.43487 -123.12442 38.43711 -123.12512 38.43887 -123.12697 38.43877 -123.13049 38.44014 -123.12997 38.44196 -123.13007 38.44424 -123.12959 38.44783 -123.13094 38.44962 -123.13161 38.45093 -123.13345 38.45356 -123.13652 38.45438 -123.1395 38.45476 -123.14188 38.45469 -123.14422 38.45509 -123.146 38.45643 -123.14666 38.4573 -123.14788 38.45863 -123.14912 38.45992 -123.15154 38.46034 -123.15273 38.46074 -123.15452 38.46162 -123.15515 38.46298 -123.15522 38.46336 -123.15759 38.46512 -123.15944 38.46645 -123.16068 38.46688 -123.16129 38.4668 -123.16423 38.46902 -123.16552 38.47342 -123.17045 38.47472 -123.17228 38.47552 -123.17584 38.47815 -123.17892 38.48292 -123.18622 38.48594 -123.19167 38.48933 -123.19949 38.49015 -123.20247 38.49145 -123.2043 38.4923 -123.20611 38.49318 -123.20733 38.49356 -123.2097 38.49439 -123.2121 38.49477 -123.21447 38.49564 -123.21569 38.49601 -123.21866 38.49686 -123.22047 38.49726 -123.22225 38.49893 -123.22704 38.50067 -123.22949 38.50152 -123.2313 38.50143 -123.23423 38.50323 -123.23492 38.50462 -123.23381 38.50502 -123.2356 38.50723 -123.23747 38.50857 -123.23813 38.50901 -123.23874 38.50888 -123.24285 38.50928 -123.24464 38.51014 -123.24645 38.51102 -123.24709 38.5114 -123.24946 38.51091 -123.25061 38.50907 -123.25169 38.50856 -123.25343 38.5099 -123.25409 38.5103 -123.25587 38.51297 -123.25777 38.51527 -123.25671 38.51616 -123.25735 38.51563 -123.25968 38.51691 -123.2621 38.51996 -123.26638 38.52262 -123.26828 38.52391 -123.2707 38.52661 -123.27143 38.52798 -123.27091 38.52929 -123.27274 38.53018 -123.27338 38.53148 -123.27522 38.53141 -123.27757 38.53087 -123.28048 38.5331 -123.28177 38.53398 -123.2824 38.5344 -123.28361 38.53525 -123.28542 38.53745 -123.28789 38.53878 -123.28854 38.53918 -123.29033 38.54004 -123.29214 38.53998 -123.2939 38.54214 -123.29755 38.54344 -123.29939 38.54476 -123.30063 38.5461 -123.30128 38.54601 -123.30422 38.54643 -123.30543 38.54683 -123.30721 38.54908 -123.30791 38.55136 -123.30745 38.55451 -123.3082 38.55536 -123.31001 38.55532 -123.31119 38.55571 -123.31356 38.55915 -123.31963 38.55947 -123.32377 38.56034 -123.325 38.56074 -123.32678 38.56253 -123.32746 38.56429 -123.32932 38.56516 -123.33055 38.56499 -123.33584 38.56586 -123.33707 38.56851 -123.33956 38.57073 -123.34086 38.57208 -123.34151 38.573 -123.34097 38.57568 -123.34229 38.57708 -123.34119 38.58122 -123.33905 38.58207 -123.34086 38.58383 -123.34272 38.58738 -123.34526 38.5905 -123.34719 38.59227 -123.34846 38.59402 -123.35033 38.59575 -123.35336 38.59696 -123.35815 38.59647 -123.35929 38.59596 -123.36104 38.59728 -123.36228 38.59906 -123.36356 38.60166 -123.36723 38.60291 -123.37083 38.60421 -123.37267 38.60554 -123.37392 38.60693 -123.37281 38.60742 -123.37166 38.60793 -123.36992 38.6084 -123.36935 38.61112 -123.3695 38.61291 -123.37018 38.61333 -123.37138 38.61418 -123.37319 38.61499 -123.37618 38.61805 -123.37988 38.62247 -123.38366 38.62553 -123.38736 38.62774 -123.38924 38.62862 -123.38988 38.63085 -123.39117 38.63309 -123.39188 38.63441 -123.39314 38.63572 -123.39497 38.63751 -123.39566 38.63885 -123.39632 38.64104 -123.3988 38.64235 -123.40063 38.64367 -123.40189 38.64544 -123.40316 38.64725 -123.40325 38.64855 -123.40509 38.65031 -123.40695 38.65205 -123.40941 38.65335 -123.41125 38.6538 -123.41127 38.65427 -123.41071 38.65384 -123.4101 38.65569 -123.40901 38.65924 -123.41156 38.66235 -123.4135 38.66452 -123.41656 38.66722 -123.4173 38.67077 -123.41985 38.6725 -123.4223 38.67507 -123.42715 38.67585 -123.43133 38.67758 -123.43378 38.67934 -123.43565 38.68156 -123.43694 38.68209 -123.43462 38.68438 -123.43414 38.68571 -123.43481 38.68796 -123.43552 38.6893 -123.43618 38.68972 -123.43739 38.691 -123.43981 38.69323 -123.44112 38.69726 -123.44251 38.69991 -123.44501 38.70077 -123.44624 38.70206 -123.44867 38.70332 -123.45169 38.70462 -123.45354 38.70634 -123.45658 38.70772 -123.45606 38.70993 -123.45795 38.71038 -123.45798 38.71168 -123.45982 38.71257 -123.46046 38.71385 -123.46288 38.7156 -123.46475 38.71738 -123.46603 38.71819 -123.46902 38.72071 -123.47507 38.72196 -123.47868 38.72372 -123.48054 38.72456 -123.48236 38.72451 -123.48412 38.72534 -123.48653 38.72709 -123.4884 38.72926 -123.49147 38.73107 -123.49157 38.73285 -123.49284 38.73588 -123.49715 38.73756 -123.50137 38.73884 -123.5038 38.73963 -123.50739 38.73956 -123.50975 38.73901 -123.51267 38.73984 -123.51508 38.74246 -123.51817 38.74555 -123.52071 38.74685 -123.52255 38.74815 -123.52439 38.74812 -123.52557 38.74851 -123.52737 38.74983 -123.52862 38.75074 -123.52866 38.75349 -123.52764 38.75528 -123.52833 38.75613 -123.53014 38.75741 -123.53258 38.75917 -123.53445 38.76098 -123.53455 38.76277 -123.53524 38.76635 -123.53662 38.76856 -123.53851 38.77071 -123.54218 38.77201 -123.54402 38.7729 -123.54466 38.77469 -123.54535 38.77605 -123.54543 38.77687 -123.54784 38.77774 -123.54906 38.77814 -123.55086 38.779 -123.55209 38.78034 -123.55275 38.78119 -123.55457 38.78204 -123.5564 38.78332 -123.55882 38.78417 -123.56065 38.78366 -123.56239 38.78317 -123.56355 38.78358 -123.56475 38.78584 -123.56487 38.78767 -123.56438 38.7886 -123.56385 38.78901 -123.56506 38.79248 -123.56997 38.79768 -123.57735 38.80028 -123.58105 38.80115 -123.58228 38.80109 -123.58405 38.8006 -123.58521 38.80009 -123.58694 38.80091 -123.58936 38.80133 -123.59056 38.80176 -123.59118 38.80393 -123.59425 38.80527 -123.59492 38.80657 -123.59676 38.80651 -123.59853 38.80687 -123.60151 38.80682 -123.60269 38.80722 -123.60448 38.80812 -123.60454 38.80913 -123.60164 38.81052 -123.60053 38.81141 -123.60117 38.81228 -123.6024 38.8145 -123.60371 38.8172 -123.60445 38.81895 -123.60633 38.82029 -123.60699 38.82202 -123.60945 38.82462 -123.61315 38.8259 -123.61559 38.82672 -123.618 38.82663 -123.62095 38.82793 -123.6228 38.82972 -123.62349 38.83011 -123.62528 38.83094 -123.62769 38.83314 -123.62959 38.83577 -123.6327 38.83663 -123.63393 38.83838 -123.6358 38.83968 -123.63765 38.84189 -123.63956 38.84267 -123.64315 38.84443 -123.64503 38.84484 -123.64623 38.84657 -123.6487 38.84968 -123.65065 38.85189 -123.65255 38.85456 -123.65388 38.85726 -123.65462 38.85949 -123.65594 38.86264 -123.65671 38.86533 -123.65746 38.86756 -123.65876 38.86931 -123.66064 38.87193 -123.66374 38.87368 -123.66562 38.87496 -123.66806 38.8758 -123.66988 38.87663 -123.67229 38.87793 -123.67415 38.87925 -123.67541 38.88011 -123.67664 38.8805 -123.67844 38.88045 -123.68021 38.88218 -123.68267 38.88306 -123.68332 38.88485 -123.68401 38.88751 -123.68594 38.88928 -123.68723 38.89017 -123.68787 38.89237 -123.68977 38.89455 -123.69226 38.8967 -123.69594 38.89884 -123.69961 38.90101 -123.70269 38.90276 -123.70457 38.90494 -123.70706 38.9076 -123.70899 38.90844 -123.71082 38.91021 -123.7121 38.91114 -123.71156 38.91297 -123.71107 38.91429 -123.71234 38.9151 -123.71535 38.91549 -123.71714 38.91724 -123.71902 38.91763 -123.72082 38.91753 -123.72378 38.91704 -123.72493 38.91696 -123.72729 38.91782 -123.72852 38.91916 -123.72919 38.92095 -123.72989 38.92321 -123.73002 38.92501 -123.73072 38.9268 -123.73141 38.92816 -123.73149 38.92912 -123.72977 38.92962 -123.72862 38.93054 -123.72808 38.93237 -123.72759 38.93416 -123.72829 38.93595 -123.72899 38.93725 -123.73083 38.93857 -123.7321 38.9408 -123.73341 38.94123 -123.73403 38.94481 -123.73543 38.94792 -123.73738 38.95057 -123.73931 38.95275 -123.74181 38.95408 -123.74307 38.95545 -123.74255 38.95592 -123.742 38.95554 -123.7402 38.95516 -123.7378 38.95479 -123.73541 38.95485 -123.73364 38.95538 -123.7313 38.95682 -123.72901 38.96153 -123.72396 38.96667 -123.71952 38.97458 -123.71405 38.98564 -123.70877 38.99399 -123.70332 39.00228 -123.69965 39.01195 -123.69547 39.01699 -123.69398 39.02022 -123.69239 39.02248 -123.69252 39.02477 -123.69206 39.02658 -123.69217 39.02749 -123.69221 39.02886 -123.6917 39.02977 -123.69176 39.03162 -123.69068 39.03298 -123.69076 39.03475 -123.69205 39.03654 -123.69274 39.03831 -123.69403 39.03963 -123.6953 39.04099 -123.69537 39.04146 -123.69481 39.04286 -123.6937 39.04335 -123.69254 39.04469 -123.69321 39.0465 -123.69331 39.04788 -123.6928 39.04879 -123.69286 39.05059 -123.69296 39.05237 -123.69424 39.05367 -123.69611 39.05593 -123.69624 39.05686 -123.69569 39.05778 -123.69515 39.05871 -123.69461 39.06089 -123.69711 39.06311 -123.69843 39.06443 -123.69969 39.06622 -123.70039 39.068 -123.70168 39.06845 -123.7017 39.07022 -123.70299 39.07337 -123.70377 39.07518 -123.70387 39.07742 -123.7046 39.0792 -123.70588 39.08056 -123.70596 39.08148 -123.70542 39.08284 -123.7055 39.08642 -123.70689 39.08955 -123.70826 39.09177 -123.70958 39.09491 -123.71095 39.09719 -123.71049 39.09857 -123.70997 39.1004 -123.70948 39.10264 -123.71021 39.10347 -123.71263 39.10567 -123.71454 39.10744 -123.71583 39.10925 -123.71593 39.11107 -123.71604 39.11244 -123.71552 39.11291 -123.71496 39.11384 -123.71442 39.11605 -123.71632 39.1178 -123.71821 39.11957 -123.7195 39.12136 -123.7202 39.12183 -123.71963 39.12274 -123.71969 39.12414 -123.71857 39.12547 -123.71925 39.12636 -123.71989 39.12768 -123.72116 39.12947 -123.72186 39.13085 -123.72134 39.13309 -123.72207 39.13569 -123.72578 39.13742 -123.72826 39.13915 -123.73074 39.13956 -123.73194 39.13948 -123.73431 39.13897 -123.73606 39.13936 -123.73787 39.14161 -123.73859 39.14294 -123.73927 39.14387 -123.73872 39.14524 -123.73821 39.14529 -123.73703 39.14623 -123.73589 39.14667 -123.73651 39.14755 -123.73716 39.14843 -123.73781 39.1493 -123.73904 39.15064 -123.73972 39.15247 -123.73923 39.15297 -123.73807 39.15436 -123.73696 39.15531 -123.73583 39.15757 -123.73596 39.15798 -123.73717 39.15885 -123.73841 39.15971 -123.73965 39.16107 -123.73973 39.16286 -123.74043 39.16325 -123.74223 39.16368 -123.74285 39.16455 -123.74409 39.1663 -123.74598 39.16941 -123.74794 39.17116 -123.74982 39.17289 -123.7523 39.17466 -123.75359 39.17602 -123.75368 39.17738 -123.75375 39.1787 -123.75502 39.17956 -123.75626 39.18133 -123.75755 39.18403 -123.7583 39.18582 -123.759 39.18668 -123.76024 39.18891 -123.76156 39.19066 -123.76344 39.19194 -123.7659 39.19233 -123.7677 39.19315 -123.77013 39.194 -123.77197 39.19488 -123.77261 39.19667 -123.77331 39.1976 -123.77277 39.19854 -123.77164 39.199 -123.77166 39.19947 -123.7711 39.20128 -123.7712 39.20307 -123.7719 39.20707 -123.77451 39.20931 -123.77525 39.21154 -123.77656 39.21289 -123.77664 39.21339 -123.77548 39.21388 -123.77432 39.21347 -123.77311 39.21353 -123.77133 39.21445 -123.77079 39.21534 -123.77144 39.21711 -123.77273 39.21933 -123.77405 39.22018 -123.77589 39.2215 -123.77715 39.22327 -123.77844 39.22419 -123.7779 39.22514 -123.77676 39.22522 -123.77439 39.22573 -123.77264 39.22621 -123.77206 39.22711 -123.77213 39.22798 -123.77336 39.22927 -123.77522 39.23053 -123.77827 39.2314 -123.77951 39.2323 -123.77956 39.23413 -123.77908 39.23506 -123.77853 39.23691 -123.77746 39.23831 -123.77635 39.23922 -123.77641 39.2401 -123.77705 39.24047 -123.77945 39.24134 -123.78069 39.24537 -123.78212 39.2485 -123.78349 39.25029 -123.78419 39.25159 -123.78606 39.252 -123.78727 39.25288 -123.78791 39.25379 -123.78797 39.25474 -123.78683 39.25478 -123.78564 39.25525 -123.78508 39.25708 -123.78459 39.25795 -123.78584 39.25836 -123.78705 39.25925 -123.7877 39.26009 -123.78953 39.26143 -123.7902 39.26324 -123.79031 39.26548 -123.79104 39.26727 -123.79174 39.26953 -123.79187 39.27132 -123.79257 39.27219 -123.79382 39.2726 -123.79504 39.27209 -123.79679 39.27161 -123.79736 39.27067 -123.79849 39.27061 -123.80027 39.27238 -123.80157 39.27458 -123.80348 39.27728 -123.80424 39.27956 -123.80378 39.28092 -123.80386 39.2823 -123.80334 39.28368 -123.80283 39.28456 -123.80348 39.28547 -123.80354 39.28635 -123.80418 39.28816 -123.80429 39.28997 -123.8044 39.2909 -123.80386 39.29137 -123.80329 39.29187 -123.80213 39.29145 -123.80092 39.29104 -123.7997 39.29016 -123.79905 39.28929 -123.79781 39.29022 -123.79727 39.29115 -123.79673 39.2916 -123.79676 39.29294 -123.79743 39.29428 -123.79811 39.29656 -123.79765 39.29747 -123.7977 39.29889 -123.796 39.30072 -123.79552 39.30117 -123.79554 39.30247 -123.79741 39.30197 -123.79856 39.30148 -123.79973 39.30189 -123.80094 39.30138 -123.8027 39.30136 -123.80329 39.30086 -123.80445 39.30078 -123.80682 39.3016 -123.80926 39.30331 -123.81233 39.30556 -123.81306 39.30832 -123.81203 39.31062 -123.81098 39.31161 -123.80866 39.31216 -123.80572 39.3127 -123.80337 39.31409 -123.80226 39.31548 -123.80175 39.31726 -123.80244 39.31949 -123.80377 39.32037 -123.80442 39.32124 -123.80566 39.32208 -123.8075 39.32346 -123.80698 39.32531 -123.8059 39.32622 -123.80596 39.3271 -123.8066 39.32754 -123.80723 39.32797 -123.80785 39.32748 -123.80901 39.32696 -123.81076 39.32694 -123.81136 39.32826 -123.81263 39.32914 -123.81328 39.33046 -123.81454 39.33133 -123.81579 39.33219 -123.81703 39.33355 -123.81711 39.33443 -123.81776 39.33624 -123.81786 39.33758 -123.81854 39.33801 -123.81916 39.34021 -123.82108 39.34155 -123.82175 39.3433 -123.82365 39.34373 -123.82427 39.34637 -123.82681 39.34861 -123.82754 39.34999 -123.82702 39.35091 -123.82648 39.35188 -123.82475 39.35283 -123.82362 39.35332 -123.82246 39.35466 -123.82314 39.35736 -123.82389 39.35915 -123.82459 39.36051 -123.82468 39.36098 -123.82411 39.36057 -123.82289 39.35927 -123.82103 39.35931 -123.81984 39.35935 -123.81865 39.36069 -123.81932 39.36114 -123.81935 39.36291 -123.82065 39.36421 -123.82251 39.36505 -123.82435 39.36592 -123.82559 39.36773 -123.82571 39.36821 -123.82513 39.3687 -123.82397 39.36966 -123.82224 39.37201 -123.82 39.37249 -123.81944 39.37335 -123.82068 39.3738 -123.8207 39.37471 -123.82076 39.37475 -123.81956 39.37613 -123.81905 39.37701 -123.8197 39.37833 -123.82098 39.37969 -123.82105 39.38057 -123.8217 39.38193 -123.82178 39.38469 -123.82076 39.38564 -123.81963 39.38702 -123.81911 39.38794 -123.81857 39.38885 -123.81862 39.39017 -123.81989 39.39109 -123.81935 39.39154 -123.81938 39.39159 -123.81819 39.39251 -123.81765 39.39385 -123.81832 39.39474 -123.81898 39.39603 -123.82084 39.39737 -123.82152 39.39784 -123.82095 39.39832 -123.82038 39.40013 -123.82049 39.40194 -123.82059 39.4033 -123.82068 39.40509 -123.82138 39.40554 -123.82141 39.40694 -123.8203 39.40836 -123.8186 39.4084 -123.81741 39.40887 -123.81684 39.40982 -123.8157 39.41166 -123.81522 39.41484 -123.81481 39.41756 -123.81497 39.4198 -123.8157 39.42065 -123.81754 39.42196 -123.81882 39.42287 -123.81887 39.42379 -123.81833 39.42474 -123.81719 39.42478 -123.816 39.42485 -123.81422 39.4249 -123.81243 39.42587 -123.8107 39.42678 -123.81075 39.42723 -123.81078 39.42812 -123.81143 39.42944 -123.81271 39.42982 -123.81451 39.43024 -123.81573 39.43112 -123.81638 39.43153 -123.8176 39.43244 -123.81765 39.4338 -123.81773 39.43514 -123.81841 39.436 -123.81965 39.43689 -123.8203 39.43781 -123.81976 39.43826 -123.81979 39.43833 -123.818 39.43791 -123.81679 39.43884 -123.81625 39.43888 -123.81506 39.4403 -123.81335 39.44119 -123.814 39.44251 -123.81527 39.44429 -123.81597 39.44522 -123.81543 39.44705 -123.81495 39.44891 -123.81387 39.45072 -123.81397 39.4516 -123.81462 39.45298 -123.81411 39.4535 -123.81235 39.45533 -123.81186 39.45673 -123.81075 39.45856 -123.81026 39.46037 -123.81037 39.4613 -123.80983 39.46222 -123.80929 39.46317 -123.80815 39.46364 -123.80759 39.46545 -123.80769 39.46679 -123.80837 39.4686 -123.80848 39.46998 -123.80797 39.47002 -123.80677 39.47052 -123.80561 39.47147 -123.80447 39.47373 -123.80461 39.47692 -123.8042 39.47918 -123.80434 39.48101 -123.80385 39.4833 -123.80339 39.48468 -123.80287 39.48557 -123.80352 39.48688 -123.80479 39.48731 -123.80542 39.48822 -123.80547 39.48874 -123.80371 39.4888 -123.80193 39.48888 -123.79955 39.48894 -123.79775 39.48986 -123.79722 39.49358 -123.79446 39.49636 -123.79283 39.49916 -123.79061 39.5019 -123.79018 39.50793 -123.78635 39.51487 -123.78259 39.5204 -123.77993 39.52686 -123.77673 39.53329 -123.77473 39.53971 -123.77272 39.54611 -123.77131 39.54885 -123.77087 39.55391 -123.76878 39.55708 -123.76897 39.56025 -123.76916 39.56297 -123.76932 39.56476 -123.77002 39.56696 -123.77194 39.56873 -123.77324 39.57007 -123.77392 39.5732 -123.7753 39.57361 -123.77652 39.57447 -123.77776 39.57625 -123.77906 39.57761 -123.77914 39.57942 -123.77925 39.58262 -123.77824 39.58396 -123.77892 39.58616 -123.78085 39.5888 -123.78339 39.59189 -123.78596 39.59366 -123.78726 39.59545 -123.78797 39.59724 -123.78867 39.60082 -123.79008 39.60399 -123.79027 39.60585 -123.78918 39.60677 -123.78864 39.60772 -123.78751 39.60959 -123.78582 39.6128 -123.78482 39.61826 -123.78455 39.62095 -123.7853 39.62322 -123.78544 39.62363 -123.78665 39.62406 -123.78728 39.62495 -123.78793 39.62587 -123.78739 39.62682 -123.78625 39.62865 -123.78576 39.63133 -123.78712 39.63446 -123.7885 39.63672 -123.78863 39.63903 -123.78757 39.64224 -123.78657 39.64499 -123.78554 39.64901 -123.78757 39.65399 -123.78786 39.65578 -123.78857 39.65848 -123.78933 39.6612 -123.78949 39.66297 -123.79079 39.66428 -123.79206 39.66558 -123.79394 39.66739 -123.79404 39.67104 -123.79366 39.67424 -123.79266 39.67828 -123.79409 39.68234 -123.79494 39.68639 -123.79578 39.68952 -123.79716 39.69172 -123.79909 39.69436 -123.80164 39.69565 -123.8035 39.6974 -123.8054 39.69876 -123.80549 39.701 -123.80622 39.70372 -123.80638 39.70549 -123.80769 39.70771 -123.80901 39.7099 -123.81154 39.71206 -123.81467 39.71292 -123.81591 39.71719 -123.82395 39.72019 -123.82892 39.72237 -123.83144 39.72416 -123.83215 39.72641 -123.83289 39.72871 -123.83183 39.73009 -123.83131 39.73147 -123.8308 39.73374 -123.83093 39.7355 -123.83223 39.73631 -123.83527 39.73725 -123.83413 39.73911 -123.83305 39.74003 -123.8325 39.74273 -123.83327 39.74631 -123.83468 39.74856 -123.83541 39.75074 -123.83794 39.75344 -123.8387 39.75613 -123.83946 39.75973 -123.84028 39.76292 -123.83987 39.76658 -123.8389 39.77116 -123.83797 39.77432 -123.83817 39.77793 -123.83898 39.78155 -123.8392 39.78696 -123.84013 39.79192 -123.84103 39.79372 -123.84173 39.79732 -123.84254 39.80271 -123.84407 39.80539 -123.84544 39.80716 -123.84674 39.80804 -123.8474 39.80897 -123.84686 39.80989 -123.84631 39.81263 -123.84588 39.81397 -123.84656 39.81669 -123.84673 39.81846 -123.84803 39.82206 -123.84885 39.82476 -123.84961 39.82834 -123.85102 39.83145 -123.85301 39.83322 -123.85432 39.83492 -123.85741 39.83707 -123.86115 39.83826 -123.86601 39.84111 -123.87518 39.84539 -123.88264 39.84879 -123.88944 39.85142 -123.892 39.85271 -123.89388 39.85403 -123.89516 39.8553 -123.89764 39.8557 -123.89946 39.85611 -123.90068 39.85697 -123.90193 39.85878 -123.90205 39.86008 -123.90392 39.86049 -123.90515 39.86133 -123.907 39.86356 -123.90833 39.86618 -123.9109 39.86797 -123.91161 39.87289 -123.91371 39.87511 -123.91505 39.87691 -123.91576 39.87827 -123.91584 39.8823 -123.91728 39.88318 -123.91794 39.88674 -123.91996 39.88806 -123.92124 39.88937 -123.92252 39.89697 -123.92599 39.90145 -123.92747 39.90594 -123.92894 39.90819 -123.92968 39.91034 -123.93282 39.91205 -123.93592 39.91373 -123.93963 39.91583 -123.94456 39.92012 -123.95142 39.92226 -123.95516 39.92446 -123.9571 39.92623 -123.95841 39.92979 -123.96043 39.93246 -123.9618 39.93562 -123.96259 39.93781 -123.96453 39.94178 -123.96778 39.94532 -123.97041 39.94888 -123.97243 39.9533 -123.97571 39.95776 -123.97778 39.96126 -123.98161 39.96475 -123.98543 39.96775 -123.99042 39.96816 -123.99165 39.96902 -123.9929 39.97116 -123.99664 39.97336 -123.99858 39.97644 -124.00118 39.97867 -124.00252 39.98305 -124.007 39.98566 -124.01017 39.98783 -124.01271 39.99131 -124.01714 39.99301 -124.02025 39.99435 -124.02093 39.99659 -124.02168 39.99926 -124.02304 40.0023 -124.02684 40.00578 -124.03127 40.01186 -124.03886 40.01494 -124.04147 40.01664 -124.04458 40.01962 -124.05019 40.02259 -124.05579 40.02378 -124.06067 40.0241 -124.0643 40.02356 -124.06667 40.02168 -124.06835 40.01937 -124.0694 40.01933 -124.0706 40.01972 -124.07243 40.02369 -124.07569 40.02677 -124.07829 40.02895 -124.08084 40.03072 -124.08215 40.03164 -124.08161 40.03395 -124.08056 40.03579 -124.08007 40.0366 -124.08253 40.03934 -124.08211 40.04068 -124.08279 40.04297 -124.08234 40.04704 -124.0826 40.05114 -124.08225 40.05707 -124.08144 40.06071 -124.08106 40.06162 -124.08112 40.0652 -124.08256 40.07145 -124.08536 40.07632 -124.08868 40.07854 -124.09003 40.08029 -124.09194 40.08113 -124.0938 40.08202 -124.09446 40.08381 -124.09518 40.08643 -124.09776 40.08994 -124.10098 40.0943 -124.10608 40.09874 -124.10877 40.10096 -124.11012 40.10313 -124.11267 40.1035 -124.1151 40.1052 -124.11822 40.106 -124.12128 40.10774 -124.12319 40.1086 -124.12446 40.10987 -124.12695 40.11282 -124.13316 40.11439 -124.13988 40.116 -124.14541 40.11675 -124.14967 40.11712 -124.1521 40.11837 -124.1552 40.12002 -124.15952 40.1217 -124.16324 40.12331 -124.16876 40.12404 -124.17362 40.12526 -124.17731 40.12742 -124.18047 40.12912 -124.18359 40.12939 -124.18842 40.13245 -124.19164 40.13639 -124.19551 40.14033 -124.19938 40.14339 -124.20259 40.14652 -124.204 40.14869 -124.20655 40.15134 -124.20853 40.15222 -124.20919 40.15485 -124.21178 40.15791 -124.21499 40.1614 -124.21883 40.16355 -124.22198 40.16477 -124.22569 40.1669 -124.22944 40.16955 -124.23142 40.17127 -124.23395 40.17256 -124.23584 40.17637 -124.24332 40.17965 -124.25257 40.18178 -124.25633 40.18255 -124.25999 40.18429 -124.26192 40.18647 -124.26448 40.18866 -124.26643 40.19036 -124.26956 40.19253 -124.27211 40.19555 -124.27654 40.19767 -124.28029 40.19977 -124.28465 40.20104 -124.28715 40.20274 -124.29028 40.20486 -124.29404 40.20747 -124.29723 40.21052 -124.30045 40.21568 -124.30803 40.22041 -124.31498 40.22297 -124.31937 40.22428 -124.32066 40.22514 -124.32193 40.22691 -124.32326 40.22915 -124.32401 40.23091 -124.32533 40.23401 -124.32735 40.23621 -124.32931 40.2379 -124.33244 40.24001 -124.33681 40.24204 -124.34297 40.24371 -124.3467 40.24455 -124.34857 40.24498 -124.34921 40.24541 -124.34984 40.24715 -124.35176 40.25023 -124.35439 40.25197 -124.35632 40.25419 -124.35767 40.25586 -124.3614 40.2576 -124.36333 40.25937 -124.36465 40.2607 -124.36535 40.26208 -124.36484 40.26304 -124.3637 40.2644 -124.36379 40.26759 -124.3634 40.26981 -124.36477 40.27484 -124.3639 40.27755 -124.36408 40.28263 -124.36201 40.28818 -124.35938 40.29142 -124.35779 40.29371 -124.35734 40.29599 -124.35689 40.29873 -124.35648 40.30149 -124.35545 40.30426 -124.35443 40.30702 -124.35342 40.30888 -124.35233 40.31121 -124.35069 40.3135 -124.35023 40.31715 -124.34988 40.31982 -124.35126 40.32387 -124.35214 40.32654 -124.35353 40.32924 -124.35432 40.33102 -124.35504 40.33147 -124.35508 40.33362 -124.35824 40.33539 -124.35957 40.33715 -124.3609 40.33939 -124.36166 40.34257 -124.36187 40.34571 -124.36269 40.36337 -124.36389 40.36654 -124.36411 40.37956 -124.36803 40.38941 -124.37172 40.39549 -124.37878 40.40155 -124.38645 40.40234 -124.38953 40.40368 -124.39022 40.4063 -124.39282 40.40764 -124.39352 40.40943 -124.39424 40.41207 -124.39624 40.41425 -124.3988 40.41646 -124.40017 40.41737 -124.40023 40.4187 -124.40092 40.42092 -124.40229 40.42364 -124.40247 40.42638 -124.40206 40.42862 -124.40282 40.42996 -124.40351 40.43262 -124.40491 40.43389 -124.40742 40.43516 -124.40992 40.43602 -124.41119 40.4383 -124.41074 40.44105 -124.41032 40.44617 -124.40705 40.45453 -124.40218 40.46154 -124.39722 40.47033 -124.39298 40.47354 -124.39199 40.47585 -124.39094 40.48047 -124.38883 40.48783 -124.38631 40.49334 -124.38488 40.4952 -124.3838 40.49749 -124.38335 40.49882 -124.38404 40.50059 -124.38538 40.50147 -124.38604 40.50371 -124.3868 40.50462 -124.38686 40.506 -124.38635 40.50962 -124.3866 40.51567 -124.38277 40.51753 -124.38169 40.5203 -124.38067 40.53154 -124.37175 40.54131 -124.36576 40.54731 -124.36314 40.55517 -124.35944 40.56118 -124.35682 40.5658 -124.35471 40.57044 -124.352 40.57649 -124.34817 40.5825 -124.34554 40.58898 -124.34235 40.59036 -124.34184 40.59777 -124.3381 40.60337 -124.33424 40.61211 -124.33119 40.6149 -124.32957 40.61723 -124.3279 40.61914 -124.32561 40.62056 -124.32389 40.62288 -124.32283 41.99972 -124.21202 41.99383 -124.21109 41.98977 -124.2102 41.988 -124.20885 41.98666 -124.20814 41.98303 -124.20789 41.97807 -124.20694 41.97217 -124.20654 41.96761 -124.20686 41.9644 -124.20787 41.95979 -124.20942 41.95748 -124.21049 41.95428 -124.2109 41.95063 -124.21127 41.94972 -124.2112 41.94882 -124.21115 41.94659 -124.20976 41.547 -124.0853 41.5526 -124.09367 41.55519 -124.09752 41.55925 -124.0984 41.56147 -124.09978 41.56461 -124.10121 41.56771 -124.10326 41.57088 -124.10346 41.5727 -124.10358 41.57408 -124.10306 41.57546 -124.10253 41.57682 -124.10262 41.57814 -124.10394 41.57904 -124.104 41.5795 -124.10403 41.58049 -124.10163 41.5819 -124.10049 41.58553 -124.10074 41.58775 -124.10211 41.58997 -124.10349 41.59215 -124.10609 41.59351 -124.10618 41.59492 -124.10503 41.5963 -124.10452 41.59768 -124.10399 41.59997 -124.10352 41.60221 -124.10429 41.60398 -124.10564 41.60528 -124.10756 41.60616 -124.10823 41.60839 -124.1096 41.6097 -124.11092 41.61238 -124.11233 41.61413 -124.11429 41.61401 -124.11736 41.61628 -124.11751 41.61812 -124.11701 41.61903 -124.11707 41.62082 -124.11781 41.62265 -124.11731 41.62717 -124.11823 41.62984 -124.11963 41.63029 -124.11965 41.63655 -124.12253 41.63925 -124.12332 41.64102 -124.12467 41.64368 -124.12669 41.64946 -124.13014 41.65298 -124.13345 41.65472 -124.13541 41.65921 -124.13694 41.66277 -124.13902 41.6677 -124.14119 41.67126 -124.14327 41.67357 -124.1422 41.67495 -124.14167 41.67767 -124.14185 41.68037 -124.14265 41.68354 -124.14286 41.68663 -124.14552 41.68758 -124.14436 41.69209 -124.14527 41.69479 -124.14606 41.6962 -124.14493 41.70297 -124.146 41.71061 -124.14835 41.7169 -124.15061 41.72225 -124.15343 41.72799 -124.15812 41.73457 -124.16472 41.7394 -124.16935 41.74192 -124.17506 41.74317 -124.17822 41.74355 -124.1801 41.74351 -124.18133 41.74394 -124.18197 41.74392 -124.18259 41.74433 -124.18385 41.74564 -124.18517 41.74694 -124.1871 41.74775 -124.18962 41.74855 -124.19275 41.74894 -124.19463 41.74841 -124.19643 41.74701 -124.19758 41.74556 -124.19994 41.74506 -124.20114 41.74542 -124.20363 41.74622 -124.20676 41.74785 -124.2118 41.74955 -124.215 41.75042 -124.21629 41.75218 -124.21764 41.75352 -124.21835 41.75438 -124.21964 41.75524 -124.22092 41.75563 -124.22279 41.75697 -124.2235 41.75874 -124.22485 41.76218 -124.23002 41.76779 -124.2384 41.76996 -124.24102 41.77119 -124.2448 41.77066 -124.24661 41.7706 -124.24846 41.77101 -124.24972 41.77234 -124.25042 41.7732 -124.25172 41.77581 -124.25498 41.77803 -124.25636 41.7789 -124.25765 41.78069 -124.25839 41.78205 -124.25848 41.78345 -124.25735 41.78443 -124.25556 41.78585 -124.25381 41.78686 -124.25141 41.78828 -124.24966 41.79016 -124.24794 41.79157 -124.2468 41.79438 -124.24453 41.79951 -124.24117 41.80601 -124.2373 41.8125 -124.23404 41.81619 -124.23244 41.82218 -124.23038 41.82681 -124.22822 41.83465 -124.22505 41.84063 -124.22299 41.84616 -124.22089 41.85578 -124.21907 41.86312 -124.2171 41.86816 -124.21621 41.87233 -124.21402 41.87965 -124.21266 41.89065 -124.21032 41.89938 -124.20782 41.9021 -124.208 41.90621 -124.20766 41.91258 -124.20747 41.91623 -124.2071 41.92169 -124.20685 41.92534 -124.20647 41.92852 -124.2067 41.93172 -124.20629 41.93446 -124.20586 41.93721 -124.20542 41.94267 -124.20518 41.54385 -124.08449 41.53977 -124.08421 41.53569 -124.08395 41.53068 -124.08424 41.52886 -124.08412 41.52698 -124.08584 41.52521 -124.0845 41.52476 -124.08447 41.52426 -124.08566 41.52332 -124.08683 41.522 -124.08552 41.51932 -124.08411 41.51839 -124.08466 41.5152 -124.08508 41.51248 -124.0849 41.5098 -124.08349 41.50665 -124.08267 41.50399 -124.08066 41.50132 -124.07925 41.49817 -124.07844 41.49361 -124.07876 41.4905 -124.07671 41.48648 -124.07461 41.48198 -124.07371 41.47703 -124.07215 41.47032 -124.06927 41.46624 -124.069 41.46216 -124.06873 41.4576 -124.06905 41.4535 -124.0694 41.44761 -124.06902 41.44176 -124.06741 41.4363 -124.06767 41.42583 -124.06821 41.41626 -124.06882 41.40985 -124.07024 41.4062 -124.07062 41.40346 -124.07105 41.40026 -124.07146 41.39573 -124.07117 41.39025 -124.07204 41.38612 -124.07299 41.38336 -124.07404 41.38062 -124.07447 41.37695 -124.07546 41.37604 -124.0754 41.37149 -124.07572 41.36557 -124.07595 41.35957 -124.07862 41.3477 -124.0803 41.33805 -124.08334 41.33071 -124.08532 41.32613 -124.08624 41.32337 -124.08729 41.32099 -124.09019 41.31926 -124.08764 41.31652 -124.08807 41.3119 -124.09022 41.30552 -124.09103 41.30275 -124.09207 41.29953 -124.09309 41.29768 -124.09419 41.29584 -124.09468 41.29355 -124.09514 41.29083 -124.09496 41.28811 -124.09479 41.28583 -124.09525 41.28399 -124.09574 41.27894 -124.09725 41.27525 -124.09885 41.27203 -124.09986 41.2697 -124.10154 41.2665 -124.10194 41.26419 -124.10302 41.26147 -124.10284 41.2583 -124.10263 41.2537 -124.10417 41.24634 -124.10675 41.24081 -124.10883 41.23758 -124.11046 41.23708 -124.11165 41.23524 -124.11214 41.23254 -124.11135 41.22801 -124.11105 41.22296 -124.11256 41.21558 -124.11574 41.20776 -124.11829 41.20176 -124.12095 41.19762 -124.12251 41.18607 -124.12787 41.17687 -124.13094 41.16946 -124.13473 41.16351 -124.13616 41.15751 -124.13882 41.15152 -124.14088 41.1469 -124.14301 41.14319 -124.14521 41.14036 -124.14809 41.13939 -124.14985 41.13884 -124.15226 41.13921 -124.15472 41.14003 -124.15722 41.14041 -124.15908 41.14035 -124.1609 41.14028 -124.16273 41.13933 -124.16389 41.13835 -124.16566 41.13652 -124.16615 41.13518 -124.16545 41.13339 -124.16473 41.13156 -124.16521 41.13015 -124.16634 41.1292 -124.1675 41.12782 -124.16802 41.12603 -124.16729 41.12342 -124.16406 41.12122 -124.16209 41.11986 -124.16199 41.11753 -124.16367 41.11531 -124.16231 41.11438 -124.16286 41.11302 -124.16277 41.11121 -124.16265 41.10983 -124.16317 41.10797 -124.16427 41.10706 -124.16421 41.10527 -124.16348 41.10346 -124.16335 41.10249 -124.16512 41.10111 -124.16564 41.10061 -124.16683 41.0997 -124.16677 41.09798 -124.16422 41.09576 -124.16285 41.09349 -124.1627 41.08995 -124.16003 41.08821 -124.15808 41.08687 -124.15738 41.08596 -124.15733 41.08497 -124.1597 41.0849 -124.16152 41.08352 -124.16204 41.08268 -124.16016 41.0818 -124.15949 41.07953 -124.15934 41.07772 -124.15922 41.07543 -124.15968 41.0731 -124.16135 41.07126 -124.16184 41.069 -124.1617 41.06766 -124.161 41.06678 -124.16032 41.06634 -124.15969 41.06643 -124.15726 41.06605 -124.1554 41.06519 -124.15412 41.06296 -124.15276 41.06072 -124.152 41.05888 -124.15249 41.05563 -124.15472 41.05424 -124.15523 41.0515 -124.15566 41.05019 -124.15436 41.04976 -124.15372 41.05027 -124.15192 41.05168 -124.15079 41.05394 -124.15094 41.05492 -124.14918 41.05634 -124.14744 41.05691 -124.14442 41.05561 -124.14252 41.05307 -124.13747 41.04835 -124.12984 41.04568 -124.12844 41.0435 -124.12586 41.04083 -124.12447 41.03951 -124.12316 41.03679 -124.12299 41.03545 -124.12228 41.03323 -124.12093 41.03192 -124.11962 41.03108 -124.11773 41.02974 -124.11703 41.02933 -124.11579 41.02752 -124.11567 41.02613 -124.11619 41.02387 -124.11604 41.02203 -124.11653 41.01932 -124.11636 41.01748 -124.11684 41.01476 -124.11666 41.01109 -124.11765 41.00654 -124.11795 41.00106 -124.11881 40.99651 -124.11913 40.99333 -124.11892 40.99147 -124.12002 40.99055 -124.12057 40.98964 -124.12051 40.98735 -124.12096 40.98321 -124.12252 40.97453 -124.12379 40.96443 -124.12678 40.95478 -124.12981 40.94283 -124.1339 40.94144 -124.13441 40.93549 -124.13585 40.93456 -124.1364 40.9272 -124.13896 40.91755 -124.14198 40.91202 -124.14406 40.90326 -124.14774 40.89497 -124.15085 40.88668 -124.15396 40.88251 -124.15612 40.88063 -124.15782 40.87833 -124.15889 40.87604 -124.15935 40.87328 -124.16038 40.87049 -124.16203 40.86444 -124.16589 40.8533 -124.17245 40.84218 -124.17841 40.82776 -124.18779 40.81614 -124.19492 40.81288 -124.19714 40.804 -124.20385 40.79186 -124.21277 40.78543 -124.21478 40.78172 -124.21696 40.77703 -124.2209 40.77096 -124.22536 40.76584 -124.22866 40.76344 -124.23215 40.76077 -124.23075 40.75825 -124.22512 40.75838 -124.22148 40.76027 -124.21978 40.76348 -124.21878 40.76631 -124.21593 40.76865 -124.21426 40.77254 -124.20724 40.77625 -124.20505 40.77813 -124.20335 40.77958 -124.20102 40.78101 -124.19929 40.78753 -124.19486 40.79073 -124.19447 40.79661 -124.19485 40.80166 -124.19336 40.80402 -124.19109 40.80767 -124.19072 40.81052 -124.18726 40.8138 -124.18443 40.81767 -124.17801 40.82191 -124.17403 40.82469 -124.17239 40.8357 -124.16946 40.83894 -124.16785 40.84408 -124.16393 40.84962 -124.16126 40.85151 -124.15956 40.85334 -124.15907 40.85662 -124.15624 40.86031 -124.15466 40.86398 -124.15369 40.86411 -124.15005 40.86235 -124.14871 40.86209 -124.14322 40.86227 -124.13837 40.86009 -124.13579 40.85873 -124.1357 40.85608 -124.13371 40.85626 -124.12885 40.85231 -124.12494 40.85109 -124.12122 40.85023 -124.11994 40.8536 -124.11469 40.85507 -124.11174 40.85751 -124.10703 40.8563 -124.1027 40.85514 -124.09715 40.85335 -124.09642 40.84839 -124.09549 40.84615 -124.09473 40.84626 -124.09171 40.84634 -124.08928 40.83819 -124.08875 40.83184 -124.08834 40.82677 -124.09045 40.82299 -124.09445 40.81379 -124.11028 40.81277 -124.11324 40.81223 -124.11565 40.81122 -124.11861 40.81027 -124.11977 40.80794 -124.12144 40.80739 -124.12384 40.80495 -124.12854 40.80551 -124.1383 40.80759 -124.1433 40.80884 -124.14642 40.80654 -124.15965 40.8093 -124.15861 40.81014 -124.16049 40.80858 -124.16586 40.80428 -124.17165 40.80069 -124.18297 40.79276 -124.18852 40.79095 -124.1884 40.78637 -124.18932 40.78033 -124.19317 40.77613 -124.19592 40.76927 -124.1973 40.7656 -124.19827 40.76515 -124.19823 40.76645 -124.20015 40.76826 -124.20026 40.76959 -124.20097 40.76769 -124.20327 40.76588 -124.20315 40.75645 -124.20009 40.75376 -124.19931 40.74818 -124.20258 40.74309 -124.20528 40.7406 -124.21119 40.73843 -124.22076 40.73616 -124.22061 40.73397 -124.21864 40.73499 -124.21568 40.7341 -124.21501 40.72805 -124.21886 40.72574 -124.21992 40.72434 -124.22104 40.72296 -124.22156 40.72155 -124.22268 40.7202 -124.22259 40.71666 -124.21992 40.70774 -124.21568 40.70377 -124.21239 40.70008 -124.21396 40.69907 -124.21693 40.69752 -124.22168 40.69476 -124.22271 40.69377 -124.22507 40.69005 -124.22725 40.68246 -124.22371 40.68407 -124.22928 40.68799 -124.2338 40.68932 -124.23448 40.6908 -124.24369 40.69202 -124.24741 40.69361 -124.25359 40.69476 -124.25913 40.69732 -124.26356 40.69949 -124.26613 40.70133 -124.26564 40.70425 -124.26038 40.70647 -124.26174 40.70921 -124.26131 40.73775 -124.23894 40.74301 -124.23199 40.7431 -124.22958 40.74273 -124.22712 40.74633 -124.22797 40.74763 -124.22988 40.74856 -124.22994 40.75209 -124.23199 40.75467 -124.23581 40.7436 -124.24054 40.72631 -124.25336 40.69551 -124.27557 40.68284 -124.28625 40.67913 -124.28842 40.67124 -124.29275 40.65541 -124.3032 40.65124 -124.30534 40.64331 -124.31087 40.63817 -124.31477 40.63352 -124.31749 40.63026 -124.31969 40.62843 -124.32018 34.07898 -120.36778 34.07942 -120.36835 34.0785 -120.37 34.0726 -120.36938 34.06895 -120.37156 34.06573 -120.3754 34.06298 -120.3787 34.06114 -120.38145 34.0593 -120.38531 34.05745 -120.38861 34.05561 -120.39137 34.05421 -120.39634 34.0537 -120.40298 34.05594 -120.408 34.05681 -120.413 34.05952 -120.41525 34.05493 -120.42019 34.05214 -120.42847 34.04206 -120.43833 34.04112 -120.44221 34.04109 -120.44553 34.04015 -120.44995 34.03606 -120.44935 34.03239 -120.45319 34.03382 -120.44544 34.03432 -120.44045 34.03299 -120.43545 34.0294 -120.42986 34.02991 -120.42322 34.0322 -120.42047 34.03358 -120.41883 34.03542 -120.41608 34.03544 -120.41331 34.03457 -120.40831 34.03101 -120.39829 34.0288 -120.3905 34.02748 -120.38495 34.02344 -120.37825 34.0203 -120.37267 34.01806 -120.36766 34.01767 -120.35989 34.02132 -120.35716 34.02228 -120.35052 34.02279 -120.34332 34.02331 -120.33447 34.02245 -120.32725 34.02161 -120.31782 34.02348 -120.31063 34.02398 -120.30454 34.02446 -120.29956 34.02629 -120.29791 34.02895 -120.30847 34.03211 -120.31072 34.03574 -120.31187 34.03983 -120.31302 34.04477 -120.32139 34.047 -120.32695 34.05152 -120.33088 34.05194 -120.33477 34.05006 -120.34417 34.05001 -120.35027 34.05223 -120.35806 34.05674 -120.36199 34.06133 -120.35706 34.06495 -120.35876 34.06858 -120.3588 34.07084 -120.36214 34.07718 -120.36388 34.07898 -120.36778 34.01986 -119.35798 34.01668 -119.35687 34.01532 -119.35854 34.01487 -119.36076 34.01441 -119.36408 34.01397 -119.37405 34.01579 -119.37572 34.0176 -119.37294 34.01896 -119.36684 34.01941 -119.36185 34.01986 -119.35798 34.00991 -119.40842 34.009 -119.41063 34.00811 -119.42172 34.00993 -119.42726 34.01266 -119.43169 34.01402 -119.43557 34.01539 -119.44056 34.01675 -119.44055 34.01811 -119.43224 34.01902 -119.4278 34.01856 -119.42171 34.01583 -119.41618 34.01401 -119.41507 34.01037 -119.41008 34.00991 -119.40842 34.00945 -119.40398 34.00581 -119.399 34.0049 -119.39236 34.00762 -119.38404 34.00898 -119.38182 34.0108 -119.38016 34.01216 -119.37794 34.01307 -119.37794 34.01398 -119.38237 34.01126 -119.38736 34.01081 -119.3929 34.01081 -119.39677 34.01172 -119.39844 34.00945 -119.40398 34.03677 -119.52202 34.03268 -119.52423 34.03131 -119.527 34.02858 -119.52922 34.02676 -119.5331 34.0254 -119.54252 34.02085 -119.54639 34.01676 -119.54473 34.01403 -119.54916 34.00994 -119.54805 34.00767 -119.54916 34.00448 -119.55193 34.00312 -119.55303 34.0013 -119.55358 34.0013 -119.55691 33.99994 -119.55968 33.99947 -119.56799 33.99902 -119.57242 33.99629 -119.57796 33.99355 -119.58516 33.99173 -119.59015 33.99173 -119.59735 33.99036 -119.60289 33.99172 -119.60843 33.99034 -119.61618 33.99125 -119.62615 33.99033 -119.63225 33.9885 -119.63889 33.98986 -119.64554 33.98984 -119.65772 33.98574 -119.66492 33.98301 -119.67101 33.98209 -119.67432 33.97982 -119.67654 33.97935 -119.68318 33.97707 -119.68594 33.97388 -119.69314 33.9725 -119.69923 33.96841 -119.70087 33.97113 -119.70642 33.96611 -119.71361 33.96111 -119.72134 33.962 -119.72688 33.96336 -119.73187 33.96334 -119.73796 33.96605 -119.74628 33.96468 -119.74905 33.96559 -119.75071 33.96376 -119.75458 33.9633 -119.75735 33.96148 -119.759 33.96192 -119.76565 33.96418 -119.77064 33.96463 -119.77341 33.96462 -119.77618 33.9628 -119.7795 33.96141 -119.7889 33.96549 -119.7939 33.96548 -119.79833 33.96453 -119.81161 33.96042 -119.81935 33.96632 -119.8227 33.96994 -119.8288 33.96993 -119.83213 33.97128 -119.83491 33.97171 -119.84432 33.96806 -119.84763 33.96987 -119.85262 33.97395 -119.85651 33.9753 -119.85818 33.97621 -119.85874 33.98029 -119.86485 33.98206 -119.8776 33.98524 -119.87762 33.98843 -119.87708 33.9916 -119.8793 33.99432 -119.88154 33.99523 -119.88154 34.00067 -119.8849 34.00613 -119.88658 34.00658 -119.88769 34.01158 -119.88716 34.01432 -119.88385 34.01796 -119.88276 34.01979 -119.87945 34.02525 -119.87781 34.02707 -119.87782 34.02979 -119.87727 34.03207 -119.87673 34.03388 -119.87785 34.0366 -119.88008 34.03931 -119.8873 34.04476 -119.88844 34.04883 -119.89455 34.05018 -119.89678 34.05154 -119.89956 34.05335 -119.90179 34.05425 -119.90456 34.05696 -119.90845 34.05877 -119.91235 34.06102 -119.91735 34.05872 -119.92509 34.06007 -119.92954 34.06324 -119.93122 34.06281 -119.92456 34.06464 -119.9218 34.06601 -119.91959 34.06873 -119.92127 34.07054 -119.92405 34.07464 -119.9213 34.07965 -119.92022 34.07832 -119.90912 34.07743 -119.90468 34.07654 -119.89968 34.07746 -119.89526 34.0752 -119.89358 34.07657 -119.8886 34.07659 -119.88361 34.07569 -119.88194 34.0757 -119.87695 34.07391 -119.87083 34.07301 -119.86529 34.07394 -119.86086 34.07078 -119.85307 34.06763 -119.84308 34.06493 -119.8342 34.06176 -119.82753 34.05723 -119.82197 34.05451 -119.81918 34.05634 -119.81531 34.05408 -119.81197 34.05684 -119.79923 34.05912 -119.79647 34.05777 -119.78981 34.0596 -119.78593 34.0578 -119.77983 34.05737 -119.76819 34.06011 -119.7621 34.0583 -119.7571 34.05513 -119.75543 34.05468 -119.74989 34.05287 -119.74877 34.05287 -119.74545 34.05152 -119.74267 34.04835 -119.73545 34.05018 -119.72991 34.0452 -119.71937 34.04521 -119.71272 34.03931 -119.70494 34.03568 -119.70382 34.03387 -119.69994 34.03206 -119.69495 34.02253 -119.68771 34.02208 -119.68272 34.02209 -119.67829 34.02118 -119.67442 34.01846 -119.66998 34.01984 -119.66222 34.02167 -119.65502 34.01803 -119.65169 34.01896 -119.64172 34.01623 -119.63894 34.01533 -119.63395 34.01715 -119.62785 34.01897 -119.62343 34.01852 -119.61954 34.03217 -119.60626 34.03762 -119.6096 34.04217 -119.6085 34.04399 -119.60462 34.04718 -119.60074 34.05082 -119.59686 34.05583 -119.58578 34.05265 -119.58134 34.05175 -119.57468 34.05493 -119.57358 34.05447 -119.56859 34.05766 -119.56416 34.05584 -119.55972 34.05085 -119.55639 34.04676 -119.54585 34.04676 -119.54031 34.04404 -119.53033 34.03904 -119.52589 34.03677 -119.52202 34.03954 -120.05415 34.03819 -120.05136 34.03865 -120.04859 34.03776 -120.04526 34.03595 -120.04469 34.03231 -120.04522 34.02731 -120.04519 34.02092 -120.04958 34.01592 -120.05121 34.01228 -120.05007 34.00775 -120.04838 34.00093 -120.04778 33.9946 -120.03997 33.98785 -120.02608 33.98517 -120.01554 33.98336 -120.01331 33.98112 -120.00665 33.98389 -119.99503 33.9853 -119.98452 33.98487 -119.98009 33.98259 -119.98007 33.97804 -119.98115 33.97214 -119.98056 33.96623 -119.97942 33.95896 -119.97826 33.95761 -119.97549 33.95353 -119.97269 33.94762 -119.97266 33.94354 -119.96986 33.94307 -119.97318 33.9435 -119.97928 33.94393 -119.98648 33.94342 -119.99754 33.94202 -120.00806 33.93973 -120.01025 33.93741 -120.02076 33.93285 -120.02515 33.92873 -120.03122 33.9255 -120.04116 33.92185 -120.0439 33.92001 -120.04942 33.91636 -120.05106 33.91495 -120.05935 33.91446 -120.0682 33.91306 -120.07483 33.90985 -120.08089 33.91116 -120.09252 33.90976 -120.09915 33.90791 -120.10468 33.90242 -120.11127 33.89878 -120.11069 33.89696 -120.11234 33.89602 -120.1173 33.89646 -120.12007 33.8969 -120.12285 33.89916 -120.12563 33.90005 -120.12896 33.90275 -120.13341 33.90364 -120.13728 33.90635 -120.14008 33.90815 -120.14452 33.9104 -120.14842 33.9122 -120.15176 33.91265 -120.15176 33.91446 -120.15398 33.91353 -120.15785 33.91534 -120.15952 33.91715 -120.16064 33.9185 -120.16287 33.91803 -120.16563 33.91892 -120.16896 33.92163 -120.1712 33.9239 -120.17343 33.92748 -120.18177 33.93112 -120.18124 33.9361 -120.18406 33.94109 -120.18576 33.94472 -120.18856 33.9488 -120.1897 33.95151 -120.1925 33.95331 -120.19639 33.95375 -120.19917 33.95692 -120.20029 33.9619 -120.20311 33.96552 -120.20647 33.96915 -120.20761 33.97369 -120.20931 33.97775 -120.21433 33.98135 -120.21935 33.98451 -120.2227 33.98996 -120.22386 33.99221 -120.22665 33.99401 -120.23 33.99489 -120.23554 33.99623 -120.23888 33.9994 -120.24057 34.00211 -120.24336 34.00253 -120.24891 34.00524 -120.2517 34.00571 -120.24783 34.00665 -120.24451 34.00894 -120.24177 34.01167 -120.24014 34.01126 -120.23403 34.01265 -120.22961 34.01268 -120.22518 34.01271 -120.2213 34.00869 -120.20908 34.00739 -120.19854 34.01019 -120.18581 34.00886 -120.18027 34.00933 -120.1775 34.01071 -120.17474 34.01073 -120.17252 34.0103 -120.16698 34.02084 -120.15266 34.02586 -120.14882 34.02771 -120.14274 34.02821 -120.13554 34.02507 -120.12775 34.0251 -120.12111 34.0224 -120.1161 34.02199 -120.10834 34.02247 -120.10335 34.0216 -120.09613 34.02301 -120.08727 34.02394 -120.08174 34.02671 -120.07455 34.0299 -120.07236 34.03128 -120.06905 34.03266 -120.06573 34.03723 -120.06133 34.03906 -120.05802 34.03954 -120.05415 33.4775 -119.04472 33.47158 -119.04365 33.46838 -119.04147 33.46655 -119.03873 33.46745 -119.03542 33.47108 -119.03374 33.47472 -119.03207 33.48062 -119.02929 33.48518 -119.03146 33.48835 -119.03034 33.49108 -119.03033 33.49109 -119.03197 33.49019 -119.03473 33.48747 -119.03585 33.48476 -119.04082 33.48524 -119.04907 33.48251 -119.04799 33.4775 -119.04472 33.22863 -119.52069 33.22317 -119.51575 33.2209 -119.50423 33.21953 -119.4982 33.2209 -119.4938 33.21862 -119.48448 33.21498 -119.47571 33.21589 -119.46529 33.21634 -119.45925 33.2177 -119.45486 33.21952 -119.44883 33.2186 -119.44115 33.22179 -119.43841 33.22452 -119.43621 33.22679 -119.43621 33.22725 -119.43346 33.2277 -119.43072 33.23088 -119.42798 33.23316 -119.43456 33.23681 -119.44223 33.23999 -119.44608 33.24773 -119.451 33.25092 -119.45539 33.25502 -119.45978 33.25911 -119.46472 33.26139 -119.47076 33.26276 -119.47734 33.26412 -119.48008 33.26412 -119.48667 33.26731 -119.49106 33.26731 -119.50039 33.27186 -119.50478 33.27504 -119.51137 33.27914 -119.51795 33.28096 -119.5229 33.28369 -119.52619 33.28551 -119.53168 33.28642 -119.53607 33.28186 -119.54101 33.28141 -119.5487 33.28049 -119.55419 33.27503 -119.55748 33.2723 -119.56407 33.27593 -119.5723 33.27866 -119.5756 33.28048 -119.58219 33.27957 -119.58274 33.27411 -119.57999 33.26728 -119.57504 33.26183 -119.57613 33.25728 -119.57339 33.25409 -119.56898 33.24499 -119.56349 33.23999 -119.5558 33.23727 -119.55306 33.23499 -119.54922 33.23227 -119.5388 33.23045 -119.52892 33.22863 -119.52069 33.04269 -118.61265 33.04311 -118.60936 33.04174 -118.60773 33.04127 -118.60664 33.0399 -118.60557 33.03808 -118.60558 33.03628 -118.60835 33.03629 -118.60999 33.03722 -118.61217 33.03997 -118.61432 33.04133 -118.61376 33.04178 -118.6132 33.04269 -118.61265 33.03388 -118.5925 33.03373 -118.59576 33.03359 -118.59908 33.03349 -118.60126 33.03172 -118.6073 33.02489 -118.60683 33.01852 -118.60745 33.01488 -118.60749 33.0148 -118.59764 33.01158 -118.59331 33.00882 -118.58951 33.00287 -118.58575 32.99192 -118.58259 32.98597 -118.57829 32.97686 -118.57784 32.97001 -118.57519 32.96405 -118.57088 32.95899 -118.56438 32.95303 -118.55898 32.94479 -118.55307 32.93201 -118.5494 32.91697 -118.54794 32.90508 -118.54098 32.90593 -118.53442 32.89724 -118.52905 32.88579 -118.52209 32.88116 -118.51341 32.8752 -118.50748 32.86792 -118.50812 32.85968 -118.5033 32.85146 -118.50012 32.84957 -118.49305 32.8441 -118.49258 32.84353 -118.47948 32.83939 -118.47408 32.83252 -118.4698 32.82973 -118.46328 32.82191 -118.45465 32.81869 -118.45142 32.82001 -118.44704 32.81588 -118.44327 32.81492 -118.43783 32.81123 -118.43297 32.79889 -118.42822 32.80878 -118.41499 32.80964 -118.40952 32.81049 -118.40296 32.81779 -118.4045 32.82046 -118.39791 32.82407 -118.39404 32.8258 -118.38528 32.82346 -118.37822 32.81932 -118.37446 32.82106 -118.36679 32.81963 -118.36026 32.81596 -118.35704 32.81454 -118.3516 32.81817 -118.34991 32.8228 -118.35803 32.83611 -118.36821 32.84307 -118.38122 32.85504 -118.3947 32.86564 -118.40874 32.87441 -118.42119 32.88086 -118.42929 32.88823 -118.43848 32.89516 -118.44877 32.90068 -118.4558 32.90573 -118.4601 32.91033 -118.46496 32.91586 -118.47253 32.92052 -118.48396 32.92925 -118.49368 32.93615 -118.50179 32.94761 -118.5104 32.96181 -118.52006 32.96872 -118.52982 32.97696 -118.53464 32.98158 -118.54279 32.99482 -118.5481 33.00075 -118.54967 33.0049 -118.55563 33.00494 -118.56001 33.01315 -118.56264 33.01956 -118.56695 33.02362 -118.56307 33.02638 -118.56632 33.02823 -118.56904 33.02961 -118.57175 33.03421 -118.57662 33.03016 -118.5827 33.02885 -118.59037 33.03388 -118.5925 40.8162 -124.16544 40.81635 -124.16454 40.81687 -124.16276 40.81698 -124.15972 40.81569 -124.15781 40.81385 -124.1583 40.8124 -124.16064 40.81187 -124.1619 40.81141 -124.163 40.81082 -124.16661 40.80793 -124.17129 40.80592 -124.17663 40.80632 -124.17786 40.8077 -124.17735 40.81232 -124.17522 40.81559 -124.173 40.81615 -124.17001 40.81576 -124.16815 40.8162 -124.16544 37.85361 -122.44151 37.85366 -122.43919 37.85281 -122.43682 37.85204 -122.43096 37.85209 -122.42921 37.85261 -122.42632 37.8554 -122.42351 37.85906 -122.42191 37.86444 -122.42445 37.86665 -122.42687 37.87022 -122.42934 37.87198 -122.43175 37.87192 -122.43408 37.86956 -122.43806 37.86724 -122.44031 37.86534 -122.44373 37.86255 -122.44654 37.85935 -122.44758 37.85707 -122.44807 37.85528 -122.44742 37.85444 -122.44447 37.85361 -122.44151 37.81217 -122.37226 37.81442 -122.37293 37.82005 -122.36499 37.82467 -122.36829 37.82799 -122.37068 37.83209 -122.37362 37.83058 -122.37997 37.82734 -122.38276 37.82257 -122.38029 37.81952 -122.37872 37.8139 -122.37582 37.80981 -122.37625 37.80498 -122.36965 37.80597 -122.3662 37.80616 -122.36322 37.80921 -122.3634 37.81154 -122.36058 37.81424 -122.36127 37.81466 -122.36303 37.81414 -122.36593 37.81227 -122.36819 37.81217 -122.37226 37.75652 -122.22858 37.75188 -122.23308 37.74987 -122.24174 37.75236 -122.25231 37.75446 -122.25938 37.7588 -122.26827 37.76043 -122.27649 37.76756 -122.282 37.76974 -122.28558 37.76863 -122.29427 37.77023 -122.30365 37.77338 -122.30493 37.77662 -122.30215 37.77932 -122.30283 37.78001 -122.31218 37.77546 -122.31316 37.77667 -122.31962 37.77932 -122.32263 37.77965 -122.32789 37.78126 -122.33669 37.79307 -122.33598 37.79533 -122.33607 37.78976 -122.30264 37.79049 -122.29044 37.79109 -122.28405 37.78854 -122.27638 37.78592 -122.2722 37.78276 -122.2715 37.78019 -122.265 37.78117 -122.26154 37.77893 -122.26029 37.77724 -122.25498 37.77417 -122.25021 37.77425 -122.24672 37.77076 -122.24076 37.76818 -122.23426 37.76149 -122.22935 37.75652 -122.22858 34.06467 -120.33546 34.06695 -120.33327 34.067 -120.32716 34.06383 -120.32491 34.0611 -120.32544 34.06063 -120.32765 34.06015 -120.33208 34.06058 -120.33486 34.06284 -120.3371 34.06467 -120.33546 33.75129 -118.24782 33.74352 -118.24353 33.74168 -118.24135 33.74064 -118.22977 33.74371 -118.21978 33.74553 -118.21975 33.74293 -118.23139 33.74394 -118.24076 33.74532 -118.24184 33.75172 -118.24506 33.75698 -118.22729 33.75239 -118.2235 33.75416 -118.21906 33.75917 -118.22008 33.7665 -118.22437 33.76787 -118.22491 33.76313 -118.24873 33.76094 -118.25706 33.75779 -118.25987 33.75192 -118.26382 33.75147 -118.26439 33.74878 -118.26775 33.74654 -118.27055 33.74339 -118.27336 33.74112 -118.27395 33.73976 -118.27452 33.72195 -118.26762 33.72237 -118.26485 33.73698 -118.26959 33.73786 -118.26681 33.73372 -118.26301 33.73826 -118.26239 33.74185 -118.25791 33.74452 -118.25235 33.74681 -118.25342 33.74997 -118.25115 33.75129 -118.24782 33.30979 -118.30758 33.31523 -118.30677 33.31838 -118.3063 33.32206 -118.30575 33.32449 -118.30766 33.32797 -118.31038 33.33034 -118.31221 33.33366 -118.31331 33.3399 -118.31536 33.34263 -118.31998 33.34358 -118.32159 33.34488 -118.32379 33.34731 -118.32789 33.35068 -118.32966 33.35308 -118.33092 33.35569 -118.33228 33.36057 -118.33484 33.36252 -118.33754 33.36424 -118.33993 33.36742 -118.34433 33.37147 -118.34995 33.37335 -118.35255 33.37626 -118.35659 33.37971 -118.35945 33.38263 -118.36188 33.38503 -118.36387 33.389 -118.36716 33.39162 -118.36933 33.39645 -118.37334 33.39972 -118.37204 33.40191 -118.37117 33.40506 -118.36992 33.40914 -118.36876 33.40918 -118.3726 33.40921 -118.37595 33.40926 -118.3814 33.41137 -118.38456 33.41434 -118.38903 33.41801 -118.39228 33.41873 -118.39636 33.41917 -118.39887 33.41994 -118.40325 33.42105 -118.40619 33.42173 -118.40797 33.42231 -118.4095 33.42334 -118.41222 33.42394 -118.4138 33.42471 -118.41582 33.4258 -118.41872 33.4274 -118.42294 33.42767 -118.42682 33.42793 -118.43064 33.42755 -118.435 33.4271 -118.44 33.42877 -118.44304 33.42997 -118.44523 33.4322 -118.44928 33.43361 -118.45422 33.43591 -118.45914 33.4369 -118.46129 33.43871 -118.46515 33.44192 -118.46841 33.44243 -118.47445 33.44746 -118.47769 33.44706 -118.4832 33.44393 -118.48929 33.44216 -118.49537 33.44266 -118.50031 33.4486 -118.50298 33.45148 -118.50518 33.45501 -118.50786 33.45778 -118.51222 33.45958 -118.51665 33.46038 -118.51864 33.46136 -118.52106 33.46289 -118.52481 33.46606 -118.52312 33.46703 -118.53027 33.47023 -118.53188 33.47434 -118.53458 33.47758 -118.54059 33.47626 -118.54611 33.47609 -118.5522 33.47603 -118.5544 33.47591 -118.55877 33.47549 -118.56263 33.47599 -118.56923 33.47687 -118.57426 33.47742 -118.57747 33.47612 -118.58463 33.47707 -118.58958 33.47794 -118.5946 33.47832 -118.59682 33.47897 -118.60056 33.47811 -118.60608 33.47551 -118.60506 33.47263 -118.60394 33.46939 -118.6011 33.46717 -118.59915 33.46511 -118.59734 33.4621 -118.5947 33.45951 -118.59187 33.45782 -118.59002 33.45567 -118.58766 33.45399 -118.58583 33.45232 -118.58399 33.45016 -118.58163 33.44783 -118.57396 33.44147 -118.57569 33.43869 -118.56967 33.43616 -118.56667 33.43272 -118.56259 33.43225 -118.56094 33.43272 -118.55683 33.43305 -118.55399 33.43343 -118.55068 33.43395 -118.54607 33.43298 -118.53893 33.43111 -118.53236 33.42968 -118.52467 33.42828 -118.52029 33.43094 -118.51311 33.4349 -118.50658 33.43494 -118.50151 33.43186 -118.5048 33.43042 -118.50635 33.42818 -118.50874 33.4252 -118.50522 33.42312 -118.50276 33.42307 -118.49723 33.42304 -118.49341 33.42035 -118.49052 33.41799 -118.48798 33.41463 -118.48749 33.4127 -118.48721 33.41092 -118.48695 33.40751 -118.48646 33.40245 -118.48536 33.39794 -118.48438 33.39349 -118.48193 33.39016 -118.48009 33.38773 -118.47852 33.38513 -118.47685 33.38254 -118.47578 33.38105 -118.47855 33.38062 -118.48131 33.37765 -118.48367 33.37429 -118.48634 33.36837 -118.48476 33.36385 -118.48867 33.36115 -118.492 33.35432 -118.49155 33.3518 -118.48938 33.34928 -118.48721 33.34651 -118.4823 33.34238 -118.47796 33.33644 -118.47639 33.33231 -118.4715 33.32726 -118.46662 33.32312 -118.46172 33.32145 -118.45891 33.32004 -118.45292 33.32026 -118.44803 33.32023 -118.44473 33.32021 -118.44196 33.32016 -118.4365 33.31779 -118.42719 33.31852 -118.42398 33.31943 -118.41999 33.32042 -118.41563 33.32038 -118.41235 33.32033 -118.40629 33.32159 -118.39822 33.32247 -118.39252 33.32024 -118.3873 33.31866 -118.3838 33.31855 -118.37844 33.31838 -118.37396 33.31813 -118.36732 33.31762 -118.36184 33.31527 -118.35473 33.31276 -118.35291 33.30931 -118.35043 33.30637 -118.34422 33.30444 -118.34014 33.30234 -118.3357 33.30145 -118.3324 33.29998 -118.32695 33.30265 -118.32087 33.3035 -118.31536 33.3094 -118.31418 33.30979 -118.30758 32.77571 -117.2234 32.78024 -117.22218 32.78338 -117.21991 32.78655 -117.21873 32.78789 -117.2176 32.78876 -117.21539 32.78827 -117.21377 32.78644 -117.21327 32.78465 -117.21496 32.78331 -117.21609 32.78195 -117.21667 32.77967 -117.21674 32.7783 -117.21624 32.77737 -117.21517 32.77645 -117.21465 32.77602 -117.2163 32.77651 -117.21793 32.77699 -117.219 32.77562 -117.21904 32.77469 -117.21798 32.7733 -117.21693 32.77235 -117.21478 32.7714 -117.21316 32.77046 -117.21155 32.76818 -117.21162 32.76682 -117.21165 32.76639 -117.21276 32.76551 -117.21442 32.76601 -117.21659 32.76738 -117.21709 32.7683 -117.21707 32.76924 -117.21868 32.77017 -117.21974 32.77067 -117.22191 32.76976 -117.22194 32.76885 -117.22196 32.76839 -117.22198 32.76797 -117.22363 32.76848 -117.22634 32.76897 -117.22796 32.77036 -117.22901 32.77126 -117.22844 32.77124 -117.22735 32.77257 -117.22568 32.77438 -117.22507 32.77571 -117.2234 37.77986 -123.17215 37.7804 -123.16927 37.78045 -123.16752 37.78271 -123.16763 37.78308 -123.17056 37.78444 -123.17063 37.787 -123.176 37.78738 -123.17835 37.78686 -123.18066 37.78505 -123.18057 37.78194 -123.17809 37.77986 -123.17215 37.77598 -123.10437 37.77513 -123.10258 37.77335 -123.10133 37.77199 -123.10126 37.77093 -123.10645 37.77133 -123.10822 37.77312 -123.10889 37.77454 -123.10722 37.77598 -123.10437 37.76382 -123.10145 37.76389 -123.09912 37.7631 -123.095 37.7622 -123.09496 37.76122 -123.09724 37.76075 -123.0978 37.76068 -123.10013 37.76201 -123.10136 37.76382 -123.10145 37.73045 -123.03286 37.72962 -123.02991 37.7292 -123.02872 37.72831 -123.0281 37.72781 -123.02982 37.72866 -123.03161 37.72816 -123.03333 37.72908 -123.03279 37.73045 -123.03286 37.70268 -123.00475 37.70397 -123.00715 37.70166 -123.00878 37.69944 -123.00694 37.69947 -123.00577 37.69907 -123.00401 37.69912 -123.00226 37.70268 -123.00475 37.70332 -122.99838 37.70298 -122.99429 37.70118 -122.99362 37.69791 -122.99696 37.70015 -122.99824 37.70239 -122.99892 37.70332 -122.99838</georss:line></item><item><guid isPermaLink="false">85ad2be3-57be-4f75-8525-acb4f0387df2</guid><a10:author><a10:name>Simon Hope</a10:name></a10:author><title /><description /><pubDate>Tue, 01 May 2012 21:57:24 +1000</pubDate><a10:link href="http://www.mapbutcher.com/" /><a10:rights type="text">Copyright 2011</a10:rights><a10:content type="text"></a10:content><a10:contributor><a10:name>mapbutcher@mapbutcher.com</a10:name></a10:contributor><georss:line>41.99385 -122.96081 41.98811 -122.97164 41.98344 -122.97635 41.98102 -122.98179 41.98043 -122.9867 41.98209 -122.99235 41.98373 -122.99922 41.98628 -123.00553 41.98835 -123.01305 41.99089 -123.01997 41.99428 -123.02879 41.99549 -123.03442 41.99675 -123.03819 41.99754 -123.04255 41.99791 -123.04565 41.99786 -123.04751 41.99823 -123.05061 41.99796 -123.06049 41.99725 -123.06973 41.99522 -123.07704 41.99902 -123.08774 41.99733 -123.0994 41.99845 -123.1081 41.99598 -123.11539 41.99802 -123.12353 41.99741 -123.12906 41.99937 -123.14028 41.99921 -123.14584 42.00045 -123.15022 42.00403 -123.15227 42.00633 -123.15115 42.00663 -123.15136 42.00766 -123.15207</georss:line></item><item><guid isPermaLink="false">ff244624-2993-4e5f-a2d2-46a05ea1d132</guid><a10:author><a10:name>Simon Hope</a10:name></a10:author><title /><description /><pubDate>Tue, 01 May 2012 21:57:24 +1000</pubDate><a10:link href="http://www.mapbutcher.com/" /><a10:rights type="text">Copyright 2011</a10:rights><a10:content type="text"></a10:content><a10:contributor><a10:name>mapbutcher@mapbutcher.com</a10:name></a10:contributor><georss:line>41.98207 -122.32462 41.97847 -122.32323</georss:line></item><item><guid isPermaLink="false">b8e2be8f-2ecd-4bca-8302-e23052c449bc</guid><a10:author><a10:name>Simon Hope</a10:name></a10:author><title /><description /><pubDate>Tue, 01 May 2012 21:57:24 +1000</pubDate><a10:link href="http://www.mapbutcher.com/" /><a10:rights type="text">Copyright 2011</a10:rights><a10:content type="text"></a10:content><a10:contributor><a10:name>mapbutcher@mapbutcher.com</a10:name></a10:contributor><georss:line>41.97847 -122.32323 41.97397 -122.3212</georss:line></item><item><guid isPermaLink="false">f57c1f12-2d4c-4b87-87c4-e3209f0c7a23</guid><a10:author><a10:name>Simon Hope</a10:name></a10:author><title /><description /><pubDate>Tue, 01 May 2012 21:57:24 +1000</pubDate><a10:link href="http://www.mapbutcher.com/" /><a10:rights type="text">Copyright 2011</a10:rights><a10:content type="text"></a10:content><a10:contributor><a10:name>mapbutcher@mapbutcher.com</a10:name></a10:contributor><georss:line>41.96872 -122.39447 41.9747 -122.39101 41.98157 -122.38821 41.9854 -122.37971 41.99046 -122.37684 41.99409 -122.37698 41.99906 -122.37843 42.00229 -122.37609 42.00873 -122.36803 42.00959 -122.36695</georss:line></item><item><guid isPermaLink="false">66452b96-a749-43f5-bc44-f5891269b09f</guid><a10:author><a10:name>Simon Hope</a10:name></a10:author><title /><description /><pubDate>Tue, 01 May 2012 21:57:24 +1000</pubDate><a10:link href="http://www.mapbutcher.com/" /><a10:rights type="text">Copyright 2011</a10:rights><a10:content type="text"></a10:content><a10:contributor><a10:name>mapbutcher@mapbutcher.com</a10:name></a10:contributor><georss:line>41.97847 -122.32323 41.97601 -122.33178 41.97167 -122.34334 41.96785 -122.35182 41.96585 -122.35977 41.96436 -122.36588 41.96197 -122.37073</georss:line></item><item><guid isPermaLink="false">15194961-2def-42fc-8da7-f3904c70fdff</guid><a10:author><a10:name>Simon Hope</a10:name></a10:author><title /><description /><pubDate>Tue, 01 May 2012 21:57:24 +1000</pubDate><a10:link href="http://www.mapbutcher.com/" /><a10:rights type="text">Copyright 2011</a10:rights><a10:content type="text"></a10:content><a10:contributor><a10:name>mapbutcher@mapbutcher.com</a10:name></a10:contributor><georss:line>42.00848 -122.18346 42.00811 -122.1838 42.0064 -122.18535 42.00627 -122.19152 41.99939 -122.19496 41.99169 -122.19343 41.98664 -122.19632 41.98028 -122.19608 41.97662 -122.19717 41.97292 -122.20074 41.97139 -122.20871 41.96582 -122.21405 41.96113 -122.22128 41.96333 -122.22445 41.96404 -122.23374 41.96342 -122.24174 41.96278 -122.25036 41.96132 -122.25524</georss:line></item><item><guid isPermaLink="false">a177276e-eca1-4e13-869c-98cd256f8121</guid><a10:author><a10:name>Simon Hope</a10:name></a10:author><title /><description /><pubDate>Tue, 01 May 2012 21:57:24 +1000</pubDate><a10:link href="http://www.mapbutcher.com/" /><a10:rights type="text">Copyright 2011</a10:rights><a10:content type="text"></a10:content><a10:contributor><a10:name>mapbutcher@mapbutcher.com</a10:name></a10:contributor><georss:line>41.93838 -121.50325 41.95292 -121.50305 41.9652 -121.50217 41.97692 -121.50745 41.98497 -121.5157 41.9908 -121.52081 41.99781 -121.52695 41.999 -121.528</georss:line></item><item><guid isPermaLink="false">a4d47936-4e41-4729-ada4-fcf32433109b</guid><a10:author><a10:name>Simon Hope</a10:name></a10:author><title /><description /><pubDate>Tue, 01 May 2012 21:57:24 +1000</pubDate><a10:link href="http://www.mapbutcher.com/" /><a10:rights type="text">Copyright 2011</a10:rights><a10:content type="text"></a10:content><a10:contributor><a10:name>mapbutcher@mapbutcher.com</a10:name></a10:contributor><georss:line>41.93114 -122.42871 41.93271 -122.41952</georss:line></item><item><guid isPermaLink="false">11abbd02-9e81-4684-86d3-7ad6118491b6</guid><a10:author><a10:name>Simon Hope</a10:name></a10:author><title /><description /><pubDate>Tue, 01 May 2012 21:57:24 +1000</pubDate><a10:link href="http://www.mapbutcher.com/" /><a10:rights type="text">Copyright 2011</a10:rights><a10:content type="text"></a10:content><a10:contributor><a10:name>mapbutcher@mapbutcher.com</a10:name></a10:contributor><georss:line>41.93014 -122.43299 41.93114 -122.42871</georss:line></item><item><guid isPermaLink="false">0ad2343d-fc15-4cab-b981-bc96eb73dda8</guid><a10:author><a10:name>Simon Hope</a10:name></a10:author><title /><description /><pubDate>Tue, 01 May 2012 21:57:24 +1000</pubDate><a10:link href="http://www.mapbutcher.com/" /><a10:rights type="text">Copyright 2011</a10:rights><a10:content type="text"></a10:content><a10:contributor><a10:name>mapbutcher@mapbutcher.com</a10:name></a10:contributor><georss:line>41.92656 -121.07905 41.9321 -121.07115 41.93754 -121.07189 41.94653 -121.08012 41.95191 -121.08579 41.95368 -121.08954 41.95681 -121.09332 41.95903 -121.09768 41.95612 -121.11243 41.96371 -121.12248 41.96267 -121.13295 41.97622 -121.13882 41.97998 -121.16485 41.98404 -121.1668 41.99115 -121.17932 41.99065 -121.18301 41.9966 -121.20203 41.99754 -121.20502</georss:line></item><item><guid isPermaLink="false">48215445-9e5b-46ac-a19f-0656e70ce416</guid><a10:author><a10:name>Simon Hope</a10:name></a10:author><title /><description /><pubDate>Tue, 01 May 2012 21:57:24 +1000</pubDate><a10:link href="http://www.mapbutcher.com/" /><a10:rights type="text">Copyright 2011</a10:rights><a10:content type="text"></a10:content><a10:contributor><a10:name>mapbutcher@mapbutcher.com</a10:name></a10:contributor><georss:line>41.96167 -120.82368 41.95694 -120.84211 41.9473 -120.8518 41.94003 -120.8529 41.9326 -120.86755 41.92987 -120.86812 41.92534 -120.86742 41.92121 -120.87165 41.9175 -120.87898 41.91649 -120.88821 41.90918 -120.89239 41.90772 -120.90161 41.91493 -120.90669 41.91205 -120.92081 41.91278 -120.93625 41.91862 -120.94193 41.92036 -120.94875 41.9325 -120.95948 41.93875 -120.96949 41.93958 -120.9763 41.93675 -120.98549 41.93353 -120.98912 41.92669 -120.99144 41.91581 -120.98997 41.91307 -120.99115 41.91213 -120.9936 41.91346 -120.99671 41.91476 -121.00167 41.91383 -121.00412 41.90424 -121.00823</georss:line></item><item><guid isPermaLink="false">e8759d44-e0a4-4428-b4b6-212e583ee295</guid><a10:author><a10:name>Simon Hope</a10:name></a10:author><title /><description /><pubDate>Tue, 01 May 2012 21:57:24 +1000</pubDate><a10:link href="http://www.mapbutcher.com/" /><a10:rights type="text">Copyright 2011</a10:rights><a10:content type="text"></a10:content><a10:contributor><a10:name>mapbutcher@mapbutcher.com</a10:name></a10:contributor><georss:line>41.90424 -121.00823 41.9037 -121.01562 41.89914 -121.01737 41.89453 -121.02283 41.89174 -121.02832 41.8974 -121.04879 41.89687 -121.05556 41.8995 -121.06303 41.89805 -121.07039 41.89932 -121.07782</georss:line></item><item><guid isPermaLink="false">2b2f93b8-46dc-4444-a3aa-18c8ff2d497b</guid><a10:author><a10:name>Simon Hope</a10:name></a10:author><title /><description /><pubDate>Tue, 01 May 2012 21:57:24 +1000</pubDate><a10:link href="http://www.mapbutcher.com/" /><a10:rights type="text">Copyright 2011</a10:rights><a10:content type="text"></a10:content><a10:contributor><a10:name>mapbutcher@mapbutcher.com</a10:name></a10:contributor><georss:line>41.99982 -123.62439 41.99891 -123.62489 41.99703 -123.62592 41.99472 -123.62701 41.99289 -123.62752 41.99062 -123.62739 41.98924 -123.62792 41.98737 -123.62967 41.98553 -123.63017 41.98419 -123.62948 41.98194 -123.62872 41.98056 -123.62926 41.97916 -123.63042 41.97868 -123.631 41.97221 -123.63433 41.96718 -123.63527 41.96085 -123.63428 41.95588 -123.63336 41.95103 -123.62875 41.94659 -123.6254 41.94216 -123.62206 41.93543 -123.61919 41.92772 -123.61874 41.91764 -123.62123 41.91034 -123.62203 41.9044 -123.62292 41.89896 -123.6226 41.89667 -123.62308 41.89484 -123.62359 41.89255 -123.62407 41.89119 -123.62399 41.88894 -123.62324 41.88715 -123.62251 41.88496 -123.61992 41.8832 -123.61797</georss:line></item><item><guid isPermaLink="false">d7961404-764d-4658-a1d6-fed9b29e95d2</guid><a10:author><a10:name>Simon Hope</a10:name></a10:author><title /><description /><pubDate>Tue, 01 May 2012 21:57:24 +1000</pubDate><a10:link href="http://www.mapbutcher.com/" /><a10:rights type="text">Copyright 2011</a10:rights><a10:content type="text"></a10:content><a10:contributor><a10:name>mapbutcher@mapbutcher.com</a10:name></a10:contributor><georss:line>41.84782 -123.97054 41.84963 -123.97066 41.85141 -123.972 41.85231 -123.97206 41.85417 -123.97095 41.85654 -123.96802 41.85885 -123.96693 41.86071 -123.96581 41.86253 -123.96593 41.86434 -123.96604 41.86704 -123.96684 41.86885 -123.96696 41.87067 -123.96707 41.873 -123.96537 41.87579 -123.9637 41.87807 -123.96323 41.87991 -123.96272 41.88174 -123.96223 41.88308 -123.96293 41.88393 -123.96483 41.88432 -123.96671 41.88516 -123.96861 41.88691 -123.97057 41.88911 -123.97257 41.89 -123.97324 41.89084 -123.97515 41.89212 -123.9777 41.89251 -123.97958 41.89292 -123.98083 41.89424 -123.98215 41.89508 -123.98406 41.89495 -123.98775 41.89534 -123.98963 41.89709 -123.9916 41.89834 -123.99477 41.89921 -123.99606 41.90137 -123.99928 41.90266 -124.00121 41.90353 -124.00251 41.90394 -124.00377 41.90571 -124.00511 41.90751 -124.00584 41.90886 -124.00594 41.91064 -124.00729 41.91293 -124.00681 41.91567 -124.00638 41.9175 -124.00587 41.91973 -124.00726 41.92204 -124.00617 41.92437 -124.00446 41.92582 -124.00209 41.92681 -123.99968 41.92912 -123.9986 41.93143 -123.99751 41.9324 -123.99572 41.93381 -123.99458 41.9361 -123.9941 41.93798 -123.99237 41.93981 -123.99187 41.94205 -123.99263 41.9448 -123.9922 41.94715 -123.98988 41.94769 -123.98743 41.94782 -123.98373 41.94933 -123.97952 41.95035 -123.97649 41.95222 -123.97475 41.95453 -123.97367 41.95695 -123.9695 41.96062 -123.9685 41.96298 -123.96618 41.96395 -123.96439 41.96276 -123.95937 41.96325 -123.95816 41.96595 -123.95895 41.96913 -123.95915 41.97137 -123.95992 41.97324 -123.9588 41.97412 -123.95947 41.97676 -123.96211 41.97857 -123.96223 41.98086 -123.96175 41.98354 -123.96317 41.98438 -123.96507 41.98521 -123.9676 41.98609 -123.96827 41.98795 -123.96715 41.98935 -123.96601 41.99162 -123.96616 41.9943 -123.96756 41.99521 -123.96762 41.99622 -123.96459 41.99624 -123.96451 41.99716 -123.96039</georss:line></item><item><guid isPermaLink="false">087488e6-b8e9-4c53-8ea7-6b1a2d7eb379</guid><a10:author><a10:name>Simon Hope</a10:name></a10:author><title /><description /><pubDate>Tue, 01 May 2012 21:57:24 +1000</pubDate><a10:link href="http://www.mapbutcher.com/" /><a10:rights type="text">Copyright 2011</a10:rights><a10:content type="text"></a10:content><a10:contributor><a10:name>mapbutcher@mapbutcher.com</a10:name></a10:contributor><georss:line>41.93729 -123.68847 41.93878 -123.69844 41.93857 -123.7188 41.92929 -123.73862 41.91971 -123.75348 41.91522 -123.76555 41.90567 -123.76559 41.89969 -123.76769 41.89209 -123.77772 41.89036 -123.78872 41.88706 -123.79222 41.87846 -123.81823 41.88131 -123.82828 41.86389 -123.83275 41.86459 -123.83897 41.86889 -123.84602 41.86731 -123.85271 41.86407 -123.85435 41.86023 -123.86028 41.85951 -123.86826 41.86144 -123.87825 41.85983 -123.88556 41.85568 -123.88715 41.85236 -123.89126 41.84525 -123.91302 41.84144 -123.91833 41.84365 -123.93327 41.83832 -123.94279 41.84618 -123.9655 41.84782 -123.97054</georss:line></item><item><guid isPermaLink="false">f890f8e3-cd16-4b60-9fac-d040aa522555</guid><a10:author><a10:name>Simon Hope</a10:name></a10:author><title /><description /><pubDate>Tue, 01 May 2012 21:57:24 +1000</pubDate><a10:link href="http://www.mapbutcher.com/" /><a10:rights type="text">Copyright 2011</a10:rights><a10:content type="text"></a10:content><a10:contributor><a10:name>mapbutcher@mapbutcher.com</a10:name></a10:contributor><georss:line>41.8293 -120.13492 41.8334 -120.13372 41.84065 -120.13625 41.84516 -120.14307 41.84785 -120.14803 41.85328 -120.15301 41.85826 -120.15614 41.8655 -120.16113 41.87273 -120.16737 41.87677 -120.17664 41.88174 -120.18224 41.89531 -120.19039 41.89943 -120.18611 41.90216 -120.18306 41.90807 -120.18311 41.9135 -120.18625 41.91712 -120.18876 41.92074 -120.19064 41.92574 -120.19007 41.93389 -120.19509 41.94117 -120.1927 41.94662 -120.19213 41.94842 -120.19524 41.94373 -120.22295</georss:line></item><item><guid isPermaLink="false">221e6f79-f96c-4a6f-a12d-f1fd9f571854</guid><a10:author><a10:name>Simon Hope</a10:name></a10:author><title /><description /><pubDate>Tue, 01 May 2012 21:57:24 +1000</pubDate><a10:link href="http://www.mapbutcher.com/" /><a10:rights type="text">Copyright 2011</a10:rights><a10:content type="text"></a10:content><a10:contributor><a10:name>mapbutcher@mapbutcher.com</a10:name></a10:contributor><georss:line>41.93114 -122.42871 41.92567 -122.42972 41.92664 -122.44704 41.91613 -122.44968 41.91309 -122.46313 41.90261 -122.46454 41.90282 -122.47504 41.89585 -122.48214 41.89151 -122.49306 41.89561 -122.51174 41.88419 -122.55319 41.87274 -122.55701 41.8433 -122.57236 41.82983 -122.58472 41.8262 -122.60367</georss:line></item><item><guid isPermaLink="false">6946776c-a3db-4b4b-a2c1-b535e7c26039</guid><a10:author><a10:name>Simon Hope</a10:name></a10:author><title /><description /><pubDate>Tue, 01 May 2012 21:57:24 +1000</pubDate><a10:link href="http://www.mapbutcher.com/" /><a10:rights type="text">Copyright 2011</a10:rights><a10:content type="text"></a10:content><a10:contributor><a10:name>mapbutcher@mapbutcher.com</a10:name></a10:contributor><georss:line>41.84782 -123.97054 41.84864 -123.97306 41.84919 -123.98359 41.84793 -123.99338 41.84405 -124.00053 41.84519 -124.00677 41.84234 -124.01029 41.83953 -124.01257 41.83837 -124.0199 41.83549 -124.02403 41.83606 -124.03394 41.83379 -124.03379 41.83036 -124.02802 41.82673 -124.02779 41.82306 -124.02878 41.81697 -124.03394 41.80794 -124.04507 41.80593 -124.05048 41.80133 -124.05203 41.79522 -124.0578</georss:line></item><item><guid isPermaLink="false">396d2225-642b-4b7a-a1ca-af83037c6693</guid><a10:author><a10:name>Simon Hope</a10:name></a10:author><title /><description /><pubDate>Tue, 01 May 2012 21:57:24 +1000</pubDate><a10:link href="http://www.mapbutcher.com/" /><a10:rights type="text">Copyright 2011</a10:rights><a10:content type="text"></a10:content><a10:contributor><a10:name>mapbutcher@mapbutcher.com</a10:name></a10:contributor><georss:line>41.8262 -122.60367 41.83002 -122.61493 41.83082 -122.61928 41.83117 -122.6236 41.82425 -122.64672 41.82493 -122.65599 41.83373 -122.66749 41.83993 -122.67393 41.84385 -122.68089 41.84996 -122.69103 41.85138 -122.70713 41.86169 -122.71254 41.85975 -122.71738 41.85952 -122.72662 41.85844 -122.73335 41.86225 -122.74463 41.85484 -122.75045 41.85175 -122.76449 41.85243 -122.77377 41.85584 -122.78256 41.85926 -122.79073 41.86227 -122.79766 41.86242 -122.80939 41.86589 -122.81571 41.8547 -122.8269 41.84448 -122.83566 41.83536 -122.83707 41.83296 -122.84189 41.82785 -122.84596 41.82903 -122.85342 41.8329 -122.86162 41.83441 -122.8734 41.83833 -122.87975 41.84075 -122.89159 41.84002 -122.90202 41.84256 -122.90894 41.83672 -122.92345 41.8345 -122.93874 41.8297 -122.94837 41.82623 -122.9593 41.8193 -122.96326 41.81821 -122.97 41.81937 -122.97746 41.82339 -122.98012 41.82454 -122.98819 41.82617 -122.99505 41.82409 -123.00481 41.82029 -123.01078 41.821 -123.01821 41.81147 -123.01773 41.80175 -123.02402 41.79083 -123.02471 41.78878 -123.03323</georss:line></item><item><guid isPermaLink="false">21a3dd47-da8b-4955-ab3d-5e2afefd312d</guid><a10:author><a10:name>Simon Hope</a10:name></a10:author><title /><description /><pubDate>Tue, 01 May 2012 21:57:24 +1000</pubDate><a10:link href="http://www.mapbutcher.com/" /><a10:rights type="text">Copyright 2011</a10:rights><a10:content type="text"></a10:content><a10:contributor><a10:name>mapbutcher@mapbutcher.com</a10:name></a10:contributor><georss:line>41.78705 -123.37755 41.79383 -123.37854 41.8031 -123.38768 41.81864 -123.38485 41.83459 -123.38326 41.84317 -123.38497 41.85207 -123.39101 41.85535 -123.40292 41.86526 -123.40594 41.86923 -123.40986 41.87044 -123.41486 41.87252 -123.42115 41.87698 -123.42387 41.87999 -123.42959 41.88262 -123.43282 41.8853 -123.4342 41.89026 -123.43572 41.89962 -123.4418 41.90498 -123.44457 41.90797 -123.45091 41.90964 -123.45594 41.91428 -123.46732 41.92419 -123.47034 41.92907 -123.47433 41.93491 -123.47651 41.94256 -123.47881 41.96443 -123.49179 41.9795 -123.50439 41.98078 -123.50694 41.98341 -123.51018</georss:line></item><item><guid isPermaLink="false">7f5afff1-a8b2-4709-8250-a8d5258c9474</guid><a10:author><a10:name>Simon Hope</a10:name></a10:author><title /><description /><pubDate>Tue, 01 May 2012 21:57:24 +1000</pubDate><a10:link href="http://www.mapbutcher.com/" /><a10:rights type="text">Copyright 2011</a10:rights><a10:content type="text"></a10:content><a10:contributor><a10:name>mapbutcher@mapbutcher.com</a10:name></a10:contributor><georss:line>41.92822 -124.20235 41.92736 -124.20221 41.92144 -124.20127 41.91523 -124.19715 41.91314 -124.19207 41.91322 -124.17725 41.91084 -124.16784 41.90696 -124.16202 41.89886 -124.15962 41.89094 -124.15231 41.88656 -124.14769 41.88071 -124.14607 41.87877 -124.13668 41.87584 -124.1297 41.86654 -124.12292 41.85472 -124.12275 41.84568 -124.12154 41.8354 -124.11654 41.82631 -124.11656 41.82009 -124.11245 41.81947 -124.10439 41.815 -124.10225 41.81457 -124.1016 41.81377 -124.09846 41.81274 -124.08915 41.81022 -124.08344 41.80384 -124.08363 41.80045 -124.08958 41.7927 -124.0903 41.78651 -124.0597 41.78655 -124.05847 41.79334 -124.05952 41.79522 -124.0578</georss:line></item><item><guid isPermaLink="false">3e9ec871-e843-4604-8c1a-336402017563</guid><a10:author><a10:name>Simon Hope</a10:name></a10:author><title /><description /><pubDate>Tue, 01 May 2012 21:57:24 +1000</pubDate><a10:link href="http://www.mapbutcher.com/" /><a10:rights type="text">Copyright 2011</a10:rights><a10:content type="text"></a10:content><a10:contributor><a10:name>mapbutcher@mapbutcher.com</a10:name></a10:contributor><georss:line>41.78705 -123.37755 41.78207 -123.39206 41.77708 -123.39178</georss:line></item><item><guid isPermaLink="false">b1765b6e-0a72-4194-aa73-94afee1c4460</guid><a10:author><a10:name>Simon Hope</a10:name></a10:author><title /><description /><pubDate>Tue, 01 May 2012 21:57:24 +1000</pubDate><a10:link href="http://www.mapbutcher.com/" /><a10:rights type="text">Copyright 2011</a10:rights><a10:content type="text"></a10:content><a10:contributor><a10:name>mapbutcher@mapbutcher.com</a10:name></a10:contributor><georss:line>41.78878 -123.03323 41.7823 -123.03783 41.78806 -123.04305 41.7882 -123.05415 41.78519 -123.06447 41.78314 -123.07298 41.79361 -123.08831 41.80685 -123.10254 41.8119 -123.11697 41.81474 -123.12884 41.82492 -123.13861 41.83126 -123.15559 41.83569 -123.17554 41.8341 -123.18348 41.82811 -123.18625 41.82617 -123.19046 41.82828 -123.19611 41.83535 -123.20327 41.83704 -123.20768 41.84047 -123.21464 41.84286 -123.22648 41.85344 -123.23753 41.85265 -123.24921 41.85933 -123.25388 41.85657 -123.27039 41.86325 -123.27506 41.86412 -123.29177 41.86387 -123.30039 41.86053 -123.30576 41.85003 -123.30766 41.83942 -123.29721 41.83536 -123.29637 41.82182 -123.29317 41.81476 -123.30142 41.81081 -123.3123 41.79948 -123.31107 41.79575 -123.31456 41.80184 -123.32352 41.79667 -123.32941 41.79105 -123.31985 41.79121 -123.31432 41.7851 -123.30598 41.78132 -123.3107 41.78248 -123.31754 41.78141 -123.32302 41.765 -123.33999 41.77056 -123.35139 41.77766 -123.34191 41.78505 -123.33801 41.79469 -123.35024 41.80147 -123.35123 41.80452 -123.35571 41.80562 -123.3644 41.79371 -123.36744 41.79045 -123.37035 41.78705 -123.37755</georss:line></item><item><guid isPermaLink="false">543b5b73-0314-479c-a864-411969013f19</guid><a10:author><a10:name>Simon Hope</a10:name></a10:author><title /><description /><pubDate>Tue, 01 May 2012 21:57:24 +1000</pubDate><a10:link href="http://www.mapbutcher.com/" /><a10:rights type="text">Copyright 2011</a10:rights><a10:content type="text"></a10:content><a10:contributor><a10:name>mapbutcher@mapbutcher.com</a10:name></a10:contributor><georss:line>41.91494 -120.62789 41.9082 -120.61915 41.90049 -120.61779 41.89147 -120.61086 41.88692 -120.6114 41.8829 -120.60455 41.86874 -120.61358 41.86136 -120.6264 41.85861 -120.63007 41.86217 -120.63752 41.85563 -120.65836 41.85556 -120.66637 41.85368 -120.67374 41.85404 -120.68422 41.85761 -120.69044 41.86028 -120.69666 41.85422 -120.71319 41.85144 -120.7193 41.85049 -120.7236 41.84814 -120.73157 41.844 -120.73766 41.84122 -120.74377 41.83618 -120.74799 41.82519 -120.75765 41.8229 -120.76008 41.81827 -120.76862 41.8141 -120.77717 41.81219 -120.78575 41.80985 -120.79372 41.80299 -120.7979 41.79168 -120.794 41.78625 -120.79205 41.78258 -120.79629 41.77662 -120.80234 41.77295 -120.80534 41.76654 -120.81077 41.76147 -120.81867 41.7631 -120.83655 41.75358 -120.83453 41.74679 -120.83316 41.74179 -120.83307 41.73629 -120.83788 41.73167 -120.84641 41.73066 -120.85623 41.72647 -120.86538</georss:line></item><item><guid isPermaLink="false">5fb275ef-f48d-4744-9092-536b704d7f0f</guid><a10:author><a10:name>Simon Hope</a10:name></a10:author><title /><description /><pubDate>Tue, 01 May 2012 21:57:24 +1000</pubDate><a10:link href="http://www.mapbutcher.com/" /><a10:rights type="text">Copyright 2011</a10:rights><a10:content type="text"></a10:content><a10:contributor><a10:name>mapbutcher@mapbutcher.com</a10:name></a10:contributor><georss:line>41.72647 -120.86538 41.72775 -120.87279 41.72993 -120.88083 41.73301 -120.89073 41.73476 -120.89693 41.74199 -120.90015 41.74642 -120.91008 41.74186 -120.91183 41.74078 -120.92781 41.7475 -120.93533 41.75708 -120.93183 41.75973 -120.93804 41.76147 -120.94485 41.7664 -120.95049 41.77412 -120.95126 41.77951 -120.95568 41.78305 -120.96438 41.78801 -120.96756 41.79569 -120.9708 41.79929 -120.97334 41.80424 -120.97775 41.81008 -120.9828 41.81458 -120.9866 41.8191 -120.98853 41.82404 -120.99357 41.82993 -120.99431 41.8331 -120.99561 41.83763 -120.99632 41.84211 -121.00135 41.84433 -121.0051 41.84843 -121.00395 41.85074 -121.00092 41.85396 -120.99729 41.85902 -120.99247 41.86628 -120.99262 41.87394 -120.99772 41.88071 -121.00095 41.89664 -120.99759 41.90424 -121.00823</georss:line></item><item><guid isPermaLink="false">14212e95-f8ed-4ef5-90ee-43876cb22d14</guid><a10:author><a10:name>Simon Hope</a10:name></a10:author><title /><description /><pubDate>Tue, 01 May 2012 21:57:24 +1000</pubDate><a10:link href="http://www.mapbutcher.com/" /><a10:rights type="text">Copyright 2011</a10:rights><a10:content type="text"></a10:content><a10:contributor><a10:name>mapbutcher@mapbutcher.com</a10:name></a10:contributor><georss:line>41.72279 -120.26927 41.74648 -120.25538 41.75283 -120.25668 41.77043 -120.2741 41.77812 -120.27911 41.789 -120.28046 41.79626 -120.28239 41.80489 -120.28187 41.81256 -120.28873 41.82071 -120.29314 41.82793 -120.30061 41.83335 -120.30437 41.83652 -120.30687 41.84509 -120.3156 41.84827 -120.3144 41.85188 -120.31814 41.85637 -120.32682 41.86043 -120.33057 41.86587 -120.3331 41.87083 -120.33685 41.87989 -120.34066 41.88166 -120.34869 41.88663 -120.35122 41.89022 -120.35867 41.89016 -120.36791</georss:line></item><item><guid isPermaLink="false">22b78e82-f9e9-4bde-9feb-b2d79eee0781</guid><a10:author><a10:name>Simon Hope</a10:name></a10:author><title /><description /><pubDate>Tue, 01 May 2012 21:57:24 +1000</pubDate><a10:link href="http://www.mapbutcher.com/" /><a10:rights type="text">Copyright 2011</a10:rights><a10:content type="text"></a10:content><a10:contributor><a10:name>mapbutcher@mapbutcher.com</a10:name></a10:contributor><georss:line>41.77708 -123.39178 41.76722 -123.40232 41.76149 -123.39646 41.75167 -123.39037 41.74421 -123.39674 41.73714 -123.40496 41.72428 -123.42455 41.72623 -123.43513 41.71555 -123.44254 41.70595 -123.44446</georss:line></item><item><guid isPermaLink="false">a7ab41e5-b980-4d74-9194-b046041ea946</guid><a10:author><a10:name>Simon Hope</a10:name></a10:author><title /><description /><pubDate>Tue, 01 May 2012 21:57:24 +1000</pubDate><a10:link href="http://www.mapbutcher.com/" /><a10:rights type="text">Copyright 2011</a10:rights><a10:content type="text"></a10:content><a10:contributor><a10:name>mapbutcher@mapbutcher.com</a10:name></a10:contributor><georss:line>41.70595 -123.44446 41.70321 -123.45969 41.71081 -123.46381 41.71167 -123.47986 41.71572 -123.49609 41.71618 -123.51028 41.72106 -123.51425 41.72444 -123.52245 41.7291 -123.53318 41.73512 -123.54401 41.73254 -123.5537 41.73012 -123.55849 41.73048 -123.56159 41.72936 -123.5683 41.72905 -123.57813 41.72878 -123.58673 41.72767 -123.59283 41.72887 -123.59782 41.73339 -123.5987 41.74142 -123.60348 41.73996 -123.62064 41.74241 -123.6294 41.74637 -123.63333 41.7513 -123.63547 41.75804 -123.63771 41.76074 -123.63849 41.76357 -123.63557 41.77238 -123.62994 41.77837 -123.62721 41.78334 -123.62812 41.79376 -123.62935 41.80528 -123.63866 41.81046 -123.64697 41.8176 -123.65109 41.82577 -123.65158 41.83081 -123.65003 41.84529 -123.65212 41.84734 -123.64484 41.85186 -123.64573 41.85381 -123.64153 41.85801 -123.63807 41.85987 -123.63695 41.86393 -123.6378 41.86851 -123.63684 41.87553 -123.63047 41.8773 -123.61761</georss:line></item><item><guid isPermaLink="false">11bdc689-4cc0-4cc6-8dd9-914f751764bb</guid><a10:author><a10:name>Simon Hope</a10:name></a10:author><title /><description /><pubDate>Tue, 01 May 2012 21:57:24 +1000</pubDate><a10:link href="http://www.mapbutcher.com/" /><a10:rights type="text">Copyright 2011</a10:rights><a10:content type="text"></a10:content><a10:contributor><a10:name>mapbutcher@mapbutcher.com</a10:name></a10:contributor><georss:line>41.69709 -122.53152 41.7012 -122.5114 41.70401 -122.50783 41.71185 -122.50262 41.71401 -122.48795 41.71526 -122.47323 41.71546 -122.46462 41.70676 -122.44765 41.70052 -122.42278 41.70172 -122.40991 41.70383 -122.39708 41.70861 -122.3862 41.71744 -122.37733 41.72211 -122.37138 41.72654 -122.35617 41.73447 -122.34665 41.73705 -122.3326 41.7421 -122.33034 41.74644 -122.31882 41.751 -122.31777 41.75017 -122.29373 41.75056 -122.27589 41.75707 -122.26877 41.75623 -122.2441 41.76096 -122.23566 41.75939 -122.22391 41.76183 -122.216 41.76202 -122.20677 41.76356 -122.19821 41.76547 -122.19398 41.77453 -122.19494 41.77911 -122.19327 41.79033 -122.19986 41.79377 -122.20861</georss:line></item><item><guid isPermaLink="false">f368325c-c741-4439-a217-783906d17163</guid><a10:author><a10:name>Simon Hope</a10:name></a10:author><title /><description /><pubDate>Tue, 01 May 2012 21:57:24 +1000</pubDate><a10:link href="http://www.mapbutcher.com/" /><a10:rights type="text">Copyright 2011</a10:rights><a10:content type="text"></a10:content><a10:contributor><a10:name>mapbutcher@mapbutcher.com</a10:name></a10:contributor><georss:line>41.69709 -122.53152 41.7011 -122.53539 41.70953 -122.54375 41.71397 -122.54763 41.7148 -122.55136 41.7174 -122.5564 41.71963 -122.55833 41.72276 -122.56032 41.72557 -122.55675 41.7358 -122.56581 41.74022 -122.57093 41.74909 -122.57994 41.75812 -122.58218 41.76315 -122.58056 41.76579 -122.58437 41.7692 -122.59375 41.77599 -122.59467 41.79143 -122.61383 41.80001 -122.59696 41.80466 -122.61134 41.80758 -122.60345 41.80953 -122.598 41.80238 -122.59275 41.80518 -122.5898 41.81026 -122.58633 41.81436 -122.58589 41.81663 -122.58599 41.82114 -122.58742 41.82156 -122.58867 41.8195 -122.59905 41.8262 -122.60367</georss:line></item><item><guid isPermaLink="false">c4f4db80-e386-41ad-8312-c76a9271247a</guid><a10:author><a10:name>Simon Hope</a10:name></a10:author><title /><description /><pubDate>Tue, 01 May 2012 21:57:24 +1000</pubDate><a10:link href="http://www.mapbutcher.com/" /><a10:rights type="text">Copyright 2011</a10:rights><a10:content type="text"></a10:content><a10:contributor><a10:name>mapbutcher@mapbutcher.com</a10:name></a10:contributor><georss:line>41.66414 -122.50365 41.66719 -122.50932 41.67175 -122.50829 41.67982 -122.51294 41.68065 -122.51605 41.68398 -122.52911 41.69123 -122.53004 41.69709 -122.53152</georss:line></item><item><guid isPermaLink="false">1e5e2775-5d60-4e86-bf21-b4a960a22067</guid><a10:author><a10:name>Simon Hope</a10:name></a10:author><title /><description /><pubDate>Tue, 01 May 2012 21:57:24 +1000</pubDate><a10:link href="http://www.mapbutcher.com/" /><a10:rights type="text">Copyright 2011</a10:rights><a10:content type="text"></a10:content><a10:contributor><a10:name>mapbutcher@mapbutcher.com</a10:name></a10:contributor><georss:line>41.65034 -120.66603 41.65584 -120.66059 41.66219 -120.6607 41.66496 -120.65644 41.66869 -120.64483 41.67598 -120.64187 41.68139 -120.64626 41.69821 -120.64408 41.70363 -120.64724 41.71362 -120.64679 41.71768 -120.64993 41.72633 -120.647 41.73216 -120.65509 41.73904 -120.6472</georss:line></item><item><guid isPermaLink="false">fd39df25-3d65-49b8-85e1-9e34d97fd5de</guid><a10:author><a10:name>Simon Hope</a10:name></a10:author><title /><description /><pubDate>Tue, 01 May 2012 21:57:24 +1000</pubDate><a10:link href="http://www.mapbutcher.com/" /><a10:rights type="text">Copyright 2011</a10:rights><a10:content type="text"></a10:content><a10:contributor><a10:name>mapbutcher@mapbutcher.com</a10:name></a10:contributor><georss:line>41.79348 -123.70822 41.78831 -123.71346 41.78633 -123.71827 41.78022 -123.72468 41.77003 -123.73022 41.76764 -123.73377 41.75325 -123.72921 41.74439 -123.73606 41.72067 -123.73895 41.7135 -123.74959 41.69693 -123.75597 41.68881 -123.76778 41.67556 -123.77006 41.66583 -123.77561 41.6572 -123.78924 41.65167 -123.80489 41.64269 -123.81541 41.65021 -123.82141 41.65015 -123.82325 41.65112 -123.835 41.65138 -123.84055 41.64833 -123.8502 41.64839 -123.86189 41.65332 -123.86404 41.66026 -123.8737 41.67535 -123.87095 41.68241 -123.87692 41.68332 -123.89052 41.67748 -123.90185 41.67893 -123.9124 41.68248 -123.91508 41.68428 -123.92873 41.69553 -123.93191 41.70478 -123.94049 41.70931 -123.94078 41.71465 -123.9442 41.7256 -123.95598 41.72528 -123.96519 41.72347 -123.978 41.73341 -123.97987 41.74548 -123.98557 41.74533 -123.98988 41.75324 -123.99777 41.75982 -124.00436 41.76231 -123.99835 41.7682 -123.99873 41.76701 -124.00667 41.77123 -124.01619 41.77812 -124.01417 41.78023 -124.01862 41.78997 -124.02602 41.792 -124.03294 41.79418 -124.03555 41.79632 -124.05232 41.79522 -124.0578</georss:line></item><item><guid isPermaLink="false">162e61f2-d5b5-4c97-b1f7-972ce4ca1522</guid><a10:author><a10:name>Simon Hope</a10:name></a10:author><title /><description /><pubDate>Tue, 01 May 2012 21:57:24 +1000</pubDate><a10:link href="http://www.mapbutcher.com/" /><a10:rights type="text">Copyright 2011</a10:rights><a10:content type="text"></a10:content><a10:contributor><a10:name>mapbutcher@mapbutcher.com</a10:name></a10:contributor><georss:line>41.70292 -120.45599 41.69695 -120.46452 41.68929 -120.45765 41.67799 -120.45012 41.66941 -120.44386 41.65996 -120.43267 41.65047 -120.42763 41.64497 -120.43431 41.64002 -120.42872 41.63777 -120.42561 41.63237 -120.4194</georss:line></item><item><guid isPermaLink="false">a95e2282-4848-4ba3-975f-6bec7c164148</guid><a10:author><a10:name>Simon Hope</a10:name></a10:author><title /><description /><pubDate>Tue, 01 May 2012 21:57:24 +1000</pubDate><a10:link href="http://www.mapbutcher.com/" /><a10:rights type="text">Copyright 2011</a10:rights><a10:content type="text"></a10:content><a10:contributor><a10:name>mapbutcher@mapbutcher.com</a10:name></a10:contributor><georss:line>41.60437 -122.86297 41.60876 -122.86871 41.61279 -122.88795 41.61295 -122.89902 41.61781 -122.90417 41.6209 -122.90801 41.62564 -122.91746 41.62734 -122.92184 41.62661 -122.93226 41.62502 -122.94078 41.62399 -122.94504 41.62547 -122.95802 41.63079 -122.96258 41.6329 -122.96883 41.63538 -122.97755 41.63154 -122.98536 41.63895 -122.99679 41.63512 -123.02058 41.64204 -123.03323 41.64177 -123.04305 41.63888 -123.04905 41.63553 -123.05502 41.63666 -123.06369 41.62975 -123.08362 41.63257 -123.09606 41.63003 -123.10577 41.63438 -123.11275 41.64289 -123.11687 41.64755 -123.11282 41.66029 -123.11224 41.66723 -123.10767 41.67058 -123.1017 41.67873 -123.10273 41.68186 -123.08813 41.68621 -123.07851 41.68728 -123.07303 41.69024 -123.06456 41.69086 -123.05844 41.69977 -123.03182 41.70397 -123.02773 41.70695 -123.01865 41.71291 -123.01649 41.71973 -123.01621 41.72029 -123.01254 41.72728 -123.00612 41.73694 -123.00168 41.74492 -123.00886 41.74813 -123.00778 41.76146 -123.01892 41.77159 -123.03052 41.77229 -123.03794 41.78016 -123.0328 41.78878 -123.03323</georss:line></item><item><guid isPermaLink="false">3f3214e1-d907-4994-b6e4-7f81ef159f21</guid><a10:author><a10:name>Simon Hope</a10:name></a10:author><title /><description /><pubDate>Tue, 01 May 2012 21:57:24 +1000</pubDate><a10:link href="http://www.mapbutcher.com/" /><a10:rights type="text">Copyright 2011</a10:rights><a10:content type="text"></a10:content><a10:contributor><a10:name>mapbutcher@mapbutcher.com</a10:name></a10:contributor><georss:line>41.59098 -122.85373 41.59639 -122.85522 41.59984 -122.86214 41.60391 -122.86295 41.60437 -122.86297</georss:line></item><item><guid isPermaLink="false">c3fe1d1d-3a5f-411b-b382-9a7e3fed2ad1</guid><a10:author><a10:name>Simon Hope</a10:name></a10:author><title /><description /><pubDate>Tue, 01 May 2012 21:57:24 +1000</pubDate><a10:link href="http://www.mapbutcher.com/" /><a10:rights type="text">Copyright 2011</a10:rights><a10:content type="text"></a10:content><a10:contributor><a10:name>mapbutcher@mapbutcher.com</a10:name></a10:contributor><georss:line>41.57776 -123.21857 41.59742 -123.22944 41.59893 -123.25594 41.60532 -123.27042 41.60606 -123.27599 41.61216 -123.28492 41.62112 -123.28909 41.62464 -123.29297 41.6287 -123.2938 41.63756 -123.30166 41.64362 -123.31183 41.65835 -123.32063 41.65995 -123.32809 41.66562 -123.33578 41.67119 -123.34716 41.67525 -123.34799 41.68412 -123.35525 41.6959 -123.35651 41.7 -123.35612 41.70379 -123.35079 41.70733 -123.35406 41.71811 -123.35835 41.71883 -123.36454 41.72781 -123.36812 41.73022 -123.36333 41.73587 -123.35686 41.73772 -123.35574 41.74362 -123.35606 41.74854 -123.3588 41.75389 -123.36217 41.76278 -123.36881 41.77108 -123.37975 41.77454 -123.38548 41.77662 -123.39175 41.77708 -123.39178</georss:line></item><item><guid isPermaLink="false">d1c0a43f-556e-4890-a40e-d3552632a47d</guid><a10:author><a10:name>Simon Hope</a10:name></a10:author><title /><description /><pubDate>Tue, 01 May 2012 21:57:24 +1000</pubDate><a10:link href="http://www.mapbutcher.com/" /><a10:rights type="text">Copyright 2011</a10:rights><a10:content type="text"></a10:content><a10:contributor><a10:name>mapbutcher@mapbutcher.com</a10:name></a10:contributor><georss:line>41.57632 -122.43235 41.58175 -122.43319 41.58983 -122.43722 41.59361 -122.45088 41.59849 -122.45538 41.6017 -122.45429 41.60661 -122.45818 41.60505 -122.46672 41.60665 -122.47601 41.61459 -122.48617 41.62289 -122.48038 41.62657 -122.47869 41.63018 -122.47946 41.63146 -122.4832 41.63048 -122.48623 41.63343 -122.49619 41.6465 -122.50043 41.6555 -122.5039 41.65745 -122.49844 41.66065 -122.49735 41.66243 -122.49928 41.66414 -122.50365</georss:line></item><item><guid isPermaLink="false">96ed8829-597e-4181-a780-3025426b3cdd</guid><a10:author><a10:name>Simon Hope</a10:name></a10:author><title /><description /><pubDate>Tue, 01 May 2012 21:57:24 +1000</pubDate><a10:link href="http://www.mapbutcher.com/" /><a10:rights type="text">Copyright 2011</a10:rights><a10:content type="text"></a10:content><a10:contributor><a10:name>mapbutcher@mapbutcher.com</a10:name></a10:contributor><georss:line>41.57621 -120.6292 41.59175 -120.61779</georss:line></item><item><guid isPermaLink="false">3ff0d55c-fa09-4ae3-b932-e8b04feb18ef</guid><a10:author><a10:name>Simon Hope</a10:name></a10:author><title /><description /><pubDate>Tue, 01 May 2012 21:57:24 +1000</pubDate><a10:link href="http://www.mapbutcher.com/" /><a10:rights type="text">Copyright 2011</a10:rights><a10:content type="text"></a10:content><a10:contributor><a10:name>mapbutcher@mapbutcher.com</a10:name></a10:contributor><georss:line>41.54073 -122.37931 41.54527 -122.37949 41.54746 -122.38327 41.54647 -122.38691 41.54367 -122.38986 41.54488 -122.39667 41.54938 -122.3987 41.55828 -122.40643 41.5612 -122.41821 41.56461 -122.42818 41.57632 -122.43235</georss:line></item><item><guid isPermaLink="false">da4492ec-5444-4b2f-90de-1ff5695a75d4</guid><a10:author><a10:name>Simon Hope</a10:name></a10:author><title /><description /><pubDate>Tue, 01 May 2012 21:57:24 +1000</pubDate><a10:link href="http://www.mapbutcher.com/" /><a10:rights type="text">Copyright 2011</a10:rights><a10:content type="text"></a10:content><a10:contributor><a10:name>mapbutcher@mapbutcher.com</a10:name></a10:contributor><georss:line>41.5066 -123.08533 41.50953 -123.07811 41.50938 -123.06705 41.50726 -123.06142 41.50342 -123.05264 41.49924 -123.03955 41.49764 -123.03149 41.49833 -123.02293 41.50171 -123.01574 41.50641 -123.00983 41.51206 -123.00275 41.51572 -123.00171 41.51778 -122.99261 41.51897 -122.98223 41.52436 -122.96777 41.52637 -122.9605 41.53027 -122.95087 41.53464 -122.94004 41.53669 -122.93155 41.5369 -122.92358 41.53806 -122.91443 41.54108 -122.90292 41.54447 -122.8951 41.54654 -122.88599 41.54953 -122.87569 41.5524 -122.87031 41.55926 -122.86818 41.5648 -122.86476 41.57214 -122.86205 41.5777 -122.85801 41.58047 -122.85629 41.58232 -122.85516 41.59098 -122.85373</georss:line></item><item><guid isPermaLink="false">60185ce8-5254-4a4f-95df-0806f4ed0679</guid><a10:author><a10:name>Simon Hope</a10:name></a10:author><title /><description /><pubDate>Tue, 01 May 2012 21:57:24 +1000</pubDate><a10:link href="http://www.mapbutcher.com/" /><a10:rights type="text">Copyright 2011</a10:rights><a10:content type="text"></a10:content><a10:contributor><a10:name>mapbutcher@mapbutcher.com</a10:name></a10:contributor><georss:line>41.49105 -120.60944 41.50075 -120.58998 41.50669 -120.58578 41.5108 -120.58339 41.5154 -120.57549 41.51915 -120.56144 41.5255 -120.56153 41.53597 -120.55801 41.54086 -120.57035 41.55578 -120.57733 41.55618 -120.5847 41.56744 -120.59408 41.56826 -120.60452 41.57227 -120.61379 41.57632 -120.61755 41.574 -120.62303 41.57442 -120.62672 41.57621 -120.6292</georss:line></item><item><guid isPermaLink="false">d338a09c-279a-4792-be38-8d066602d417</guid><a10:author><a10:name>Simon Hope</a10:name></a10:author><title /><description /><pubDate>Tue, 01 May 2012 21:57:24 +1000</pubDate><a10:link href="http://www.mapbutcher.com/" /><a10:rights type="text">Copyright 2011</a10:rights><a10:content type="text"></a10:content><a10:contributor><a10:name>mapbutcher@mapbutcher.com</a10:name></a10:contributor><georss:line>41.47435 -122.57834 41.48088 -122.57127 41.49051 -122.54838 41.49678 -122.5327 41.50846 -122.51909 41.52425 -122.52345 41.53588 -122.51167 41.54094 -122.50883 41.55222 -122.51176 41.56282 -122.50546 41.58109 -122.50072 41.60046 -122.50768 41.6122 -122.51064 41.61578 -122.51265 41.62493 -122.50996 41.62819 -122.50642 41.63852 -122.51178 41.64368 -122.50462 41.64809 -122.51035 41.6594 -122.51206 41.66228 -122.50542 41.66414 -122.50365</georss:line></item><item><guid isPermaLink="false">6ed3bf46-1b6e-401b-8587-86896c732b62</guid><a10:author><a10:name>Simon Hope</a10:name></a10:author><title /><description /><pubDate>Tue, 01 May 2012 21:57:24 +1000</pubDate><a10:link href="http://www.mapbutcher.com/" /><a10:rights type="text">Copyright 2011</a10:rights><a10:content type="text"></a10:content><a10:contributor><a10:name>mapbutcher@mapbutcher.com</a10:name></a10:contributor><georss:line>41.47379 -122.71261 41.48262 -122.70443 41.48818 -122.69978 41.49693 -122.69527 41.50922 -122.69398 41.51559 -122.69366 41.52795 -122.68931 41.53441 -122.6853 41.54175 -122.68257 41.55077 -122.68481 41.55755 -122.68635 41.56518 -122.68977 41.5701 -122.69306 41.57319 -122.69627 41.57531 -122.70251 41.57876 -122.71004 41.58222 -122.71695 41.58385 -122.7244 41.59541 -122.73414 41.60078 -122.73746 41.60535 -122.73644 41.60778 -122.7298 41.61116 -122.72196 41.61671 -122.71792 41.62086 -122.71565 41.62447 -122.71643 41.6289 -122.72093 41.63012 -122.72652 41.63124 -122.7364 41.63271 -122.75001 41.62978 -122.75786 41.6273 -122.76635 41.6223 -122.78455 41.6234 -122.79443 41.624 -122.80676 41.62632 -122.82223 41.62669 -122.82532 41.62707 -122.82841 41.62424 -122.83258 41.62004 -122.83668 41.61401 -122.84131 41.61076 -122.84422 41.60927 -122.84908 41.60687 -122.85387 41.60446 -122.85929 41.60437 -122.86297</georss:line></item><item><guid isPermaLink="false">108d88fb-3df0-4eae-a92b-37f075ca91b6</guid><a10:author><a10:name>Simon Hope</a10:name></a10:author><title /><description /><pubDate>Tue, 01 May 2012 21:57:24 +1000</pubDate><a10:link href="http://www.mapbutcher.com/" /><a10:rights type="text">Copyright 2011</a10:rights><a10:content type="text"></a10:content><a10:contributor><a10:name>mapbutcher@mapbutcher.com</a10:name></a10:contributor><georss:line>41.63237 -120.4194 41.62963 -120.42059 41.62098 -120.42416 41.61462 -120.4247 41.60828 -120.42338 41.60143 -120.4282 41.59235 -120.42931 41.58868 -120.43479 41.58093 -120.4396 41.57774 -120.44017 41.56909 -120.44374 41.56545 -120.44553 41.54537 -120.45937 41.54216 -120.46301 41.53348 -120.47086 41.52662 -120.47752 41.51978 -120.48172 41.50747 -120.48829 41.49927 -120.49308 41.49514 -120.49854 41.4927 -120.51996 41.48628 -120.52845 41.48125 -120.53267 41.4784 -120.54856 41.47105 -120.55888</georss:line></item><item><guid isPermaLink="false">8ca31567-c755-47ba-b173-18aff4c3dddd</guid><a10:author><a10:name>Simon Hope</a10:name></a10:author><title /><description /><pubDate>Tue, 01 May 2012 21:57:24 +1000</pubDate><a10:link href="http://www.mapbutcher.com/" /><a10:rights type="text">Copyright 2011</a10:rights><a10:content type="text"></a10:content><a10:contributor><a10:name>mapbutcher@mapbutcher.com</a10:name></a10:contributor><georss:line>41.47105 -120.55888 41.46777 -120.57108 41.47184 -120.57359 41.47498 -120.57732 41.47355 -120.58588 41.48801 -120.59346 41.49105 -120.60944</georss:line></item><item><guid isPermaLink="false">c8e87ab6-008f-4ce5-b2f1-680c22c1cbbf</guid><a10:author><a10:name>Simon Hope</a10:name></a10:author><title /><description /><pubDate>Tue, 01 May 2012 21:57:24 +1000</pubDate><a10:link href="http://www.mapbutcher.com/" /><a10:rights type="text">Copyright 2011</a10:rights><a10:content type="text"></a10:content><a10:contributor><a10:name>mapbutcher@mapbutcher.com</a10:name></a10:contributor><georss:line>41.43443 -120.54117 41.44351 -120.54131 41.44938 -120.54507 41.45166 -120.54327 41.45438 -120.54453 41.45885 -120.55195 41.47105 -120.55888</georss:line></item><item><guid isPermaLink="false">7504ab30-a58c-45b2-b871-411ac103d502</guid><a10:author><a10:name>Simon Hope</a10:name></a10:author><title /><description /><pubDate>Tue, 01 May 2012 21:57:24 +1000</pubDate><a10:link href="http://www.mapbutcher.com/" /><a10:rights type="text">Copyright 2011</a10:rights><a10:content type="text"></a10:content><a10:contributor><a10:name>mapbutcher@mapbutcher.com</a10:name></a10:contributor><georss:line>41.42244 -123.93188 41.42405 -123.92463 41.42652 -123.91866 41.43213 -123.9141 41.4377 -123.91077 41.44147 -123.90671 41.4448 -123.90263 41.44632 -123.89781 41.44468 -123.89281 41.44225 -123.88407 41.44071 -123.876 41.4421 -123.86198 41.44291 -123.85161 41.44505 -123.84193 41.4461 -123.8377 41.44767 -123.83167 41.45239 -123.82643 41.45707 -123.82243 41.46574 -123.82112 41.47407 -123.81673 41.47875 -123.81271 41.48066 -123.80976 41.48988 -123.79253 41.4934 -123.78232 41.49881 -123.76975 41.50172 -123.7644 41.50602 -123.75791 41.51154 -123.75579 41.51795 -123.75434 41.52533 -123.7511 41.52945 -123.75012 41.53275 -123.74664 41.53804 -123.73775 41.54043 -123.73421 41.54568 -123.72654 41.54947 -123.72186 41.55414 -123.71783 41.56156 -123.71336 41.57 -123.70527</georss:line></item><item><guid isPermaLink="false">6c0c1cf6-a2bb-40bf-86e0-09855965391a</guid><a10:author><a10:name>Simon Hope</a10:name></a10:author><title /><description /><pubDate>Tue, 01 May 2012 21:57:24 +1000</pubDate><a10:link href="http://www.mapbutcher.com/" /><a10:rights type="text">Copyright 2011</a10:rights><a10:content type="text"></a10:content><a10:contributor><a10:name>mapbutcher@mapbutcher.com</a10:name></a10:contributor><georss:line>41.42244 -123.93188 41.42913 -123.93537 41.43703 -123.93035 41.44316 -123.93687 41.45359 -123.93752 41.45761 -123.93962 41.46051 -123.94778 41.46491 -123.95174 41.47322 -123.94797 41.47814 -123.95012 41.48249 -123.95592 41.4867 -123.96539 41.49296 -123.96824 41.50114 -123.96815 41.50933 -123.96805 41.5114 -123.97371 41.51028 -123.97977 41.50124 -123.99148 41.50677 -124.00227 41.51858 -124.0024 41.52069 -124.00684 41.52182 -124.01366 41.51826 -124.02449 41.51769 -124.04041 41.52385 -124.04634 41.53062 -124.05007 41.53142 -124.05051</georss:line></item><item><guid isPermaLink="false">b16af52a-0dab-4675-a963-09e06def1bc2</guid><a10:author><a10:name>Simon Hope</a10:name></a10:author><title /><description /><pubDate>Tue, 01 May 2012 21:57:24 +1000</pubDate><a10:link href="http://www.mapbutcher.com/" /><a10:rights type="text">Copyright 2011</a10:rights><a10:content type="text"></a10:content><a10:contributor><a10:name>mapbutcher@mapbutcher.com</a10:name></a10:contributor><georss:line>41.39872 -120.3343 41.40364 -120.34539 41.41224 -120.34917 41.41718 -120.3578 41.42206 -120.37439 41.42374 -120.39462 41.42685 -120.40385 41.42899 -120.42165 41.42663 -120.43447 41.44405 -120.47269 41.44569 -120.49538 41.44468 -120.50885 41.44822 -120.51993 41.44314 -120.53088 41.43539 -120.53506 41.43443 -120.54117</georss:line></item><item><guid isPermaLink="false">cca413f2-4407-474c-a665-5b853fd408f2</guid><a10:author><a10:name>Simon Hope</a10:name></a10:author><title /><description /><pubDate>Tue, 01 May 2012 21:57:24 +1000</pubDate><a10:link href="http://www.mapbutcher.com/" /><a10:rights type="text">Copyright 2011</a10:rights><a10:content type="text"></a10:content><a10:contributor><a10:name>mapbutcher@mapbutcher.com</a10:name></a10:contributor><georss:line>41.70595 -123.44446 41.69057 -123.44236 41.67242 -123.42657 41.66579 -123.43543 41.6618 -123.4469 41.654 -123.44953 41.64962 -123.45912 41.64221 -123.46362 41.63096 -123.45992 41.6162 -123.46707 41.61457 -123.49033 41.61121 -123.49629 41.60658 -123.4991 41.60047 -123.50552 41.5998 -123.51224 41.5961 -123.51449 41.59221 -123.50812 41.57779 -123.51897 41.57811 -123.53742 41.56685 -123.53432 41.55928 -123.52959 41.54746 -123.53014 41.53874 -123.53271 41.53197 -123.53109 41.52052 -123.53411 41.50866 -123.53589 41.50293 -123.53004 41.49076 -123.52689 41.47702 -123.51628 41.46796 -123.51515 41.46865 -123.50784 41.46648 -123.50464 41.46153 -123.50314 41.46128 -123.51109 41.45635 -123.50897 41.45246 -123.50262 41.44762 -123.49743 41.44392 -123.49967 41.44458 -123.50769 41.44212 -123.51368 41.43634 -123.50967 41.41013 -123.5051 41.4055 -123.50791 41.38892 -123.50084 41.38699 -123.5044 41.38293 -123.50356</georss:line></item><item><guid isPermaLink="false">6ea725be-86f0-4479-bd0a-46d424453c3e</guid><a10:author><a10:name>Simon Hope</a10:name></a10:author><title /><description /><pubDate>Tue, 01 May 2012 21:57:24 +1000</pubDate><a10:link href="http://www.mapbutcher.com/" /><a10:rights type="text">Copyright 2011</a10:rights><a10:content type="text"></a10:content><a10:contributor><a10:name>mapbutcher@mapbutcher.com</a10:name></a10:contributor><georss:line>41.37627 -122.54037 41.38968 -122.52992 41.39979 -122.52485 41.405 -122.51588 41.41888 -122.50483 41.43269 -122.49684 41.43271 -122.47662 41.43519 -122.46754 41.44133 -122.45737 41.44878 -122.4491 41.45685 -122.45374 41.4636 -122.45647 41.47387 -122.46365 41.48095 -122.47192 41.48629 -122.47643 41.49411 -122.47247 41.49941 -122.4592 41.50557 -122.44781 41.51618 -122.44089 41.524 -122.4363 41.5281 -122.43586 41.53261 -122.43728 41.53336 -122.44406 41.5373 -122.45036 41.54371 -122.44818 41.55286 -122.44549 41.55963 -122.44701 41.56654 -122.44299 41.57117 -122.43889 41.57632 -122.43235</georss:line></item><item><guid isPermaLink="false">ed2c503c-bf27-46cf-9862-c3a74ebd3208</guid><a10:author><a10:name>Simon Hope</a10:name></a10:author><title /><description /><pubDate>Tue, 01 May 2012 21:57:24 +1000</pubDate><a10:link href="http://www.mapbutcher.com/" /><a10:rights type="text">Copyright 2011</a10:rights><a10:content type="text"></a10:content><a10:contributor><a10:name>mapbutcher@mapbutcher.com</a10:name></a10:contributor><georss:line>41.37447 -123.42467 41.38235 -123.4196 41.38977 -123.4145 41.40169 -123.41087 41.40612 -123.39948 41.41253 -123.39799 41.415 -123.39139 41.42715 -123.38041 41.43604 -123.3717 41.43817 -123.3614 41.43884 -123.35408 41.43955 -123.34554 41.44293 -123.33897 41.44509 -123.32745 41.44631 -123.31708 41.45396 -123.30401 41.46064 -123.29333 41.46528 -123.2899 41.47023 -123.27605 41.47386 -123.27625 41.47947 -123.2557 41.48552 -123.2505 41.48846 -123.24329 41.49642 -123.23513 41.4961 -123.21487 41.49892 -123.21133 41.50828 -123.202 41.51181 -123.18992 41.51823 -123.17184 41.51609 -123.15147 41.50885 -123.13453</georss:line></item><item><guid isPermaLink="false">c958f868-bc8c-40c3-88ff-69847f7bcc35</guid><a10:author><a10:name>Simon Hope</a10:name></a10:author><title /><description /><pubDate>Tue, 01 May 2012 21:57:24 +1000</pubDate><a10:link href="http://www.mapbutcher.com/" /><a10:rights type="text">Copyright 2011</a10:rights><a10:content type="text"></a10:content><a10:contributor><a10:name>mapbutcher@mapbutcher.com</a10:name></a10:contributor><georss:line>41.37447 -123.42467 41.37011 -123.43362 41.37351 -123.44116 41.36839 -123.44516 41.37085 -123.45387 41.37593 -123.4658 41.37432 -123.47367 41.37448 -123.48287 41.37836 -123.48982 41.38293 -123.50356</georss:line></item><item><guid isPermaLink="false">9e1cc127-32aa-432b-a8c0-e1c78cc2f2b5</guid><a10:author><a10:name>Simon Hope</a10:name></a10:author><title /><description /><pubDate>Tue, 01 May 2012 21:57:24 +1000</pubDate><a10:link href="http://www.mapbutcher.com/" /><a10:rights type="text">Copyright 2011</a10:rights><a10:content type="text"></a10:content><a10:contributor><a10:name>mapbutcher@mapbutcher.com</a10:name></a10:contributor><georss:line>41.35214 -120.23341 41.35846 -120.2402 41.36159 -120.24758 41.3638 -120.25679 41.36238 -120.26717 41.3587 -120.2757 41.36001 -120.28429 41.36317 -120.28738 41.3654 -120.29353 41.36396 -120.30636 41.37073 -120.31194 41.37159 -120.31869 41.38831 -120.3299 41.39872 -120.3343</georss:line></item><item><guid isPermaLink="false">7c4b083f-143c-498f-aba4-ad940d720b03</guid><a10:author><a10:name>Simon Hope</a10:name></a10:author><title /><description /><pubDate>Tue, 01 May 2012 21:57:24 +1000</pubDate><a10:link href="http://www.mapbutcher.com/" /><a10:rights type="text">Copyright 2011</a10:rights><a10:content type="text"></a10:content><a10:contributor><a10:name>mapbutcher@mapbutcher.com</a10:name></a10:contributor><georss:line>41.36664 -120.38105 41.37522 -120.38667 41.37931 -120.38733 41.38338 -120.38921 41.38426 -120.39351 41.38377 -120.39779 41.38102 -120.40204 41.38052 -120.40877 41.37822 -120.41241 41.37683 -120.41729 41.37587 -120.42462 41.37535 -120.43318 41.37531 -120.43869 41.37571 -120.44604 41.36889 -120.44778 41.36609 -120.45815 41.35877 -120.466 41.35594 -120.48004 41.35909 -120.48376 41.36044 -120.48561 41.36132 -120.4893 41.35986 -120.50152 41.35983 -120.50519 41.35837 -120.51802 41.35558 -120.52593 41.34827 -120.53255 41.34637 -120.54293</georss:line></item><item><guid isPermaLink="false">62fb39d6-046f-4962-859c-ba5ab184880e</guid><a10:author><a10:name>Simon Hope</a10:name></a10:author><title /><description /><pubDate>Tue, 01 May 2012 21:57:24 +1000</pubDate><a10:link href="http://www.mapbutcher.com/" /><a10:rights type="text">Copyright 2011</a10:rights><a10:content type="text"></a10:content><a10:contributor><a10:name>mapbutcher@mapbutcher.com</a10:name></a10:contributor><georss:line>41.34637 -120.54293 41.35632 -120.54675 41.36133 -120.54437 41.36813 -120.5457 41.37084 -120.54697 41.37806 -120.55197 41.3826 -120.55265 41.3894 -120.55275 41.39806 -120.54859 41.40574 -120.5536 41.41533 -120.54579 41.41721 -120.53847 41.42358 -120.53611 41.42671 -120.54228 41.43443 -120.54117</georss:line></item><item><guid isPermaLink="false">db2ce453-8f42-4da2-a8b2-8442d1c2b47a</guid><a10:author><a10:name>Simon Hope</a10:name></a10:author><title /><description /><pubDate>Tue, 01 May 2012 21:57:24 +1000</pubDate><a10:link href="http://www.mapbutcher.com/" /><a10:rights type="text">Copyright 2011</a10:rights><a10:content type="text"></a10:content><a10:contributor><a10:name>mapbutcher@mapbutcher.com</a10:name></a10:contributor><georss:line>41.34187 -122.47768 41.35335 -122.47205 41.36084 -122.46257 41.36284 -122.45469 41.36537 -122.44317 41.36959 -122.43722 41.37508 -122.43562 41.38234 -122.43591 41.38731 -122.43674 41.39275 -122.43696 41.40363 -122.43803 41.40876 -122.43211 41.41379 -122.43049 41.43584 -122.43937 41.44414 -122.43359 41.45583 -122.43898 41.46358 -122.43746 41.47393 -122.44157 41.47762 -122.43928 41.48184 -122.43332 41.48911 -122.43301 41.49868 -122.43157 41.49963 -122.42976</georss:line></item><item><guid isPermaLink="false">7d114db5-ca77-4ec2-9d84-2a3b7b4c9602</guid><a10:author><a10:name>Simon Hope</a10:name></a10:author><title /><description /><pubDate>Tue, 01 May 2012 21:57:24 +1000</pubDate><a10:link href="http://www.mapbutcher.com/" /><a10:rights type="text">Copyright 2011</a10:rights><a10:content type="text"></a10:content><a10:contributor><a10:name>mapbutcher@mapbutcher.com</a10:name></a10:contributor><georss:line>41.33107 -120.26745 41.33147 -120.2748 41.33822 -120.28465 41.33361 -120.29745 41.33306 -120.31212 41.32026 -120.32665 41.3175 -120.33212 41.31025 -120.33143 41.30882 -120.34058 41.32785 -120.3457 41.33363 -120.36351 41.33857 -120.37214 41.34716 -120.37592 41.35577 -120.37908 41.36664 -120.38105</georss:line></item><item><guid isPermaLink="false">f3cf203f-360a-440e-a856-f5168dfd3874</guid><a10:author><a10:name>Simon Hope</a10:name></a10:author><title /><description /><pubDate>Tue, 01 May 2012 21:57:24 +1000</pubDate><a10:link href="http://www.mapbutcher.com/" /><a10:rights type="text">Copyright 2011</a10:rights><a10:content type="text"></a10:content><a10:contributor><a10:name>mapbutcher@mapbutcher.com</a10:name></a10:contributor><georss:line>41.41901 -122.63229 41.41092 -122.62887 41.40579 -122.63416 41.40014 -122.64248 41.39787 -122.66075 41.38386 -122.67667 41.37584 -122.68855 41.37105 -122.69874 41.3681 -122.70779 41.3666 -122.71323 41.35596 -122.72071 41.34632 -122.72517 41.33912 -122.72239 41.3314 -122.72265 41.32684 -122.72305 41.32043 -122.7252 41.31401 -122.72797 41.31035 -122.72903 41.30916 -122.73998 41.30502 -122.74224 41.30342 -122.75134 41.30461 -122.75813 41.30998 -122.76144</georss:line></item><item><guid isPermaLink="false">ff40dd8f-0669-425c-8344-2b2a14bb4c25</guid><a10:author><a10:name>Simon Hope</a10:name></a10:author><title /><description /><pubDate>Tue, 01 May 2012 21:57:24 +1000</pubDate><a10:link href="http://www.mapbutcher.com/" /><a10:rights type="text">Copyright 2011</a10:rights><a10:content type="text"></a10:content><a10:contributor><a10:name>mapbutcher@mapbutcher.com</a10:name></a10:contributor><georss:line>41.30998 -122.76144 41.30282 -122.77517 41.3021 -122.78554 41.30321 -122.79538 41.30622 -122.80164 41.31334 -122.80748 41.32402 -122.81594 41.33569 -122.82139 41.3401 -122.82649 41.34873 -122.82629 41.35514 -122.82414 41.37323 -122.82683 41.38723 -122.82994 41.39479 -122.83582 41.40162 -122.83553 41.4028 -122.84232 41.40862 -122.84566 41.41171 -122.84887 41.42035 -122.84867 41.42357 -122.84698 41.42908 -122.84479 41.44021 -122.85329 41.44009 -122.85757 41.44917 -122.85801 41.46255 -122.85006 41.46705 -122.8515 41.48164 -122.84913 41.49123 -122.84713 41.49519 -122.85223 41.50969 -122.85353 41.51702 -122.85081 41.527 -122.85129 41.53572 -122.84802 41.54003 -122.83964 41.54548 -122.83928 41.55133 -122.8414 41.55851 -122.84481 41.56752 -122.84769 41.57348 -122.84553 41.58034 -122.84401 41.58438 -122.84543 41.59098 -122.85373</georss:line></item><item><guid isPermaLink="false">019fb05f-b6bb-4231-9f4d-22bb572887ac</guid><a10:author><a10:name>Simon Hope</a10:name></a10:author><title /><description /><pubDate>Tue, 01 May 2012 21:57:24 +1000</pubDate><a10:link href="http://www.mapbutcher.com/" /><a10:rights type="text">Copyright 2011</a10:rights><a10:content type="text"></a10:content><a10:contributor><a10:name>mapbutcher@mapbutcher.com</a10:name></a10:contributor><georss:line>41.38293 -123.50356 41.3762 -123.50073 41.37273 -123.49563 41.36606 -123.49097 41.36077 -123.50047 41.35423 -123.50622 41.34964 -123.5078 41.34331 -123.50682 41.33598 -123.50886 41.33397 -123.51486 41.32682 -123.52547 41.31003 -123.52512 41.30721 -123.52802 41.30292 -123.53451 41.29823 -123.53914 41.2912 -123.54608 41.28868 -123.55389 41.28664 -123.56111 41.29151 -123.56506 41.29041 -123.57112 41.28492 -123.57202 41.28165 -123.5749 41.27886 -123.57718 41.27685 -123.58318 41.27297 -123.60499 41.26341 -123.60565 41.2616 -123.60555 41.25693 -123.60956</georss:line></item><item><guid isPermaLink="false">a0755e5a-0eaa-4eef-a194-594173da9f86</guid><a10:author><a10:name>Simon Hope</a10:name></a10:author><title /><description /><pubDate>Tue, 01 May 2012 21:57:24 +1000</pubDate><a10:link href="http://www.mapbutcher.com/" /><a10:rights type="text">Copyright 2011</a10:rights><a10:content type="text"></a10:content><a10:contributor><a10:name>mapbutcher@mapbutcher.com</a10:name></a10:contributor><georss:line>41.40271 -122.14703 41.40287 -122.13908 41.39893 -122.13219 41.39953 -122.12486 41.39788 -122.11683 41.39878 -122.09482 41.40112 -122.09123 41.40396 -122.08582 41.40493 -122.08279 41.40462 -122.07543 41.40697 -122.07123 41.39942 -122.063 41.39814 -122.05866 41.39643 -122.0537 41.39428 -122.0475 41.39253 -122.04437 41.3903 -122.04245 41.38628 -122.03864 41.38225 -122.03604 41.38016 -122.02678 41.37982 -122.02126 41.3746 -122.00944 41.37106 -122.00503 41.36708 -121.99937 41.36043 -121.99119 41.34982 -121.97673 41.34675 -121.97112 41.34231 -121.96606 41.33875 -121.96227 41.33648 -121.96219 41.33286 -121.96146 41.3279 -121.96006 41.32153 -121.96044 41.31564 -121.96024 41.30984 -121.95453 41.30402 -121.95066 41.29284 -121.94171 41.28837 -121.93789 41.28023 -121.93638 41.27797 -121.93568 41.2766 -121.93625 41.27246 -121.93916 41.26526 -121.93586 41.25612 -121.93921</georss:line></item><item><guid isPermaLink="false">156fb74e-028c-407a-b1ce-2ff3ed1f61a5</guid><a10:author><a10:name>Simon Hope</a10:name></a10:author><title /><description /><pubDate>Tue, 01 May 2012 21:57:24 +1000</pubDate><a10:link href="http://www.mapbutcher.com/" /><a10:rights type="text">Copyright 2011</a10:rights><a10:content type="text"></a10:content><a10:contributor><a10:name>mapbutcher@mapbutcher.com</a10:name></a10:contributor><georss:line>41.42357 -123.19388 41.43162 -123.18266 41.43646 -123.15654 41.44477 -123.15145 41.44493 -123.14594 41.44371 -123.14098 41.43488 -123.13194 41.43368 -123.12636 41.43197 -123.12259 41.42939 -123.11755 41.42773 -123.11195 41.42101 -123.10854 41.40753 -123.10356 41.39901 -123.09946 41.38919 -123.09344 41.38474 -123.09015 41.37846 -123.08738 41.37171 -123.0852 41.36775 -123.08071 41.36101 -123.07792 41.35603 -123.07767 41.35106 -123.0768 41.34655 -123.07535 41.34067 -123.07444 41.33404 -123.06798 41.32968 -123.06164 41.31879 -123.06109 41.31334 -123.06142 41.31091 -123.06681 41.30491 -123.07018 41.30066 -123.07608 41.29646 -123.08015 41.29448 -123.08617 41.29008 -123.11347 41.2939 -123.12284 41.29191 -123.12886 41.2957 -123.13945 41.29627 -123.15111 41.2969 -123.16093 41.29852 -123.16774 41.30518 -123.17298 41.3129 -123.17339 41.3146 -123.17715 41.30993 -123.18181 41.31028 -123.18549 41.30577 -123.19994 41.3046 -123.20906 41.29762 -123.21481 41.29041 -123.2438 41.28576 -123.24783 41.27441 -123.26313 41.27358 -123.27593 41.26935 -123.28059 41.26993 -123.29163 41.26815 -123.30561 41.26224 -123.3059 41.25981 -123.31127 41.25963 -123.31738 41.25732 -123.31847 41.25401 -123.32319</georss:line></item><item><guid isPermaLink="false">6e731cc6-ece4-439a-986e-a331312a2d02</guid><a10:author><a10:name>Simon Hope</a10:name></a10:author><title /><description /><pubDate>Tue, 01 May 2012 21:57:24 +1000</pubDate><a10:link href="http://www.mapbutcher.com/" /><a10:rights type="text">Copyright 2011</a10:rights><a10:content type="text"></a10:content><a10:contributor><a10:name>mapbutcher@mapbutcher.com</a10:name></a10:contributor><georss:line>41.25401 -123.32319 41.2525 -123.328 41.25596 -123.33369 41.26088 -123.3364 41.26302 -123.3408 41.26789 -123.34473 41.27143 -123.34798 41.27266 -123.35233 41.278 -123.35568 41.2805 -123.36317 41.28179 -123.36568 41.28304 -123.36942 41.2871 -123.37026 41.29509 -123.36152 41.30025 -123.37098 41.30509 -123.37614 41.30956 -123.37884 41.31498 -123.37975 41.31849 -123.38361 41.32315 -123.37959 41.32825 -123.37619 41.33299 -123.36972 41.33778 -123.37672 41.34029 -123.38359 41.33826 -123.39082 41.33195 -123.40394 41.33636 -123.40847 41.3424 -123.40391 41.34856 -123.41037 41.35276 -123.40693 41.35631 -123.40958 41.35894 -123.41279 41.36201 -123.41602 41.3688 -123.41701 41.37447 -123.42467</georss:line></item><item><guid isPermaLink="false">1922fc00-1f77-4f40-9ac2-500cf90149c1</guid><a10:author><a10:name>Simon Hope</a10:name></a10:author><title /><description /><pubDate>Tue, 01 May 2012 21:57:24 +1000</pubDate><a10:link href="http://www.mapbutcher.com/" /><a10:rights type="text">Copyright 2011</a10:rights><a10:content type="text"></a10:content><a10:contributor><a10:name>mapbutcher@mapbutcher.com</a10:name></a10:contributor><georss:line>41.34275 -120.20884 41.33771 -120.21796 41.33765 -120.22775 41.3326 -120.23871 41.31213 -120.24767 41.30711 -120.25128 41.29892 -120.25486 41.2808 -120.24978 41.27125 -120.25335 41.26986 -120.25883 41.27254 -120.26436 41.27157 -120.27596 41.2765 -120.2858 41.27601 -120.29191 41.27187 -120.30103 41.25685 -120.30697 41.25005 -120.30689 41.24681 -120.31602</georss:line></item><item><guid isPermaLink="false">1e90d3b9-be10-47e8-ab18-4f3df0da82fb</guid><a10:author><a10:name>Simon Hope</a10:name></a10:author><title /><description /><pubDate>Tue, 01 May 2012 21:57:24 +1000</pubDate><a10:link href="http://www.mapbutcher.com/" /><a10:rights type="text">Copyright 2011</a10:rights><a10:content type="text"></a10:content><a10:contributor><a10:name>mapbutcher@mapbutcher.com</a10:name></a10:contributor><georss:line>41.25693 -123.60956 41.25082 -123.62999 41.24396 -123.64549 41.23507 -123.65353</georss:line></item><item><guid isPermaLink="false">8426987c-c513-421c-8b3f-bf81556c0ad2</guid><a10:author><a10:name>Simon Hope</a10:name></a10:author><title /><description /><pubDate>Tue, 01 May 2012 21:57:24 +1000</pubDate><a10:link href="http://www.mapbutcher.com/" /><a10:rights type="text">Copyright 2011</a10:rights><a10:content type="text"></a10:content><a10:contributor><a10:name>mapbutcher@mapbutcher.com</a10:name></a10:contributor><georss:line>41.23507 -123.65353 41.23631 -123.65726 41.2434 -123.66257 41.2558 -123.65842 41.26104 -123.66484 41.27247 -123.67653 41.27594 -123.68163 41.28347 -123.68758 41.29007 -123.69409 41.30025 -123.70204 41.30444 -123.69923 41.3111 -123.70391 41.31926 -123.7044 41.32134 -123.71003 41.32613 -123.71644 41.32679 -123.72382 41.32754 -123.72877 41.32966 -123.73318 41.33552 -123.73476 41.33867 -123.73556 41.3465 -123.73235 41.35853 -123.72573 41.3705 -123.72093 41.3774 -123.71828 41.38334 -123.71741 41.39201 -123.71609 41.40299 -123.71368 41.41219 -123.72404 41.42274 -123.721 41.42867 -123.72013 41.43112 -123.71476 41.43592 -123.70707 41.44022 -123.70058 41.4392 -123.6901 41.4422 -123.68169 41.44147 -123.67613 41.4423 -123.66453 41.43716 -123.64093 41.44687 -123.62187</georss:line></item><item><guid isPermaLink="false">f3563978-f4bb-473f-a178-5e2f962017d5</guid><a10:author><a10:name>Simon Hope</a10:name></a10:author><title /><description /><pubDate>Tue, 01 May 2012 21:57:24 +1000</pubDate><a10:link href="http://www.mapbutcher.com/" /><a10:rights type="text">Copyright 2011</a10:rights><a10:content type="text"></a10:content><a10:contributor><a10:name>mapbutcher@mapbutcher.com</a10:name></a10:contributor><georss:line>41.24681 -120.31602 41.24448 -120.32699 41.24037 -120.32999 41.23489 -120.33543 41.23077 -120.34087 41.22891 -120.34757 41.23206 -120.35249 41.22787 -120.3671 41.22736 -120.37626 41.23004 -120.38179 41.2318 -120.38914 41.23085 -120.39585 41.22582 -120.40128 41.2285 -120.40804 41.22705 -120.41901</georss:line></item><item><guid isPermaLink="false">b3188b02-c95a-4519-8d27-a88d8b80d04a</guid><a10:author><a10:name>Simon Hope</a10:name></a10:author><title /><description /><pubDate>Tue, 01 May 2012 21:57:24 +1000</pubDate><a10:link href="http://www.mapbutcher.com/" /><a10:rights type="text">Copyright 2011</a10:rights><a10:content type="text"></a10:content><a10:contributor><a10:name>mapbutcher@mapbutcher.com</a10:name></a10:contributor><georss:line>41.22705 -120.41901 41.22657 -120.42328 41.22564 -120.42754 41.22287 -120.433 41.22329 -120.43729 41.22599 -120.44037 41.22961 -120.44225 41.23454 -120.45148 41.23763 -120.46191 41.23529 -120.47104 41.23344 -120.47651 41.23245 -120.48688 41.23375 -120.49422 41.23548 -120.50525 41.23633 -120.51259 41.23855 -120.51874 41.24303 -120.52674 41.25385 -120.53484 41.26244 -120.53925 41.26923 -120.54179 41.27918 -120.545 41.28645 -120.54449 41.29329 -120.5397 41.30146 -120.54044 41.30917 -120.53994 41.32051 -120.54133 41.34637 -120.54293</georss:line></item><item><guid isPermaLink="false">1b7c247a-213a-4228-90cb-efffb403c712</guid><a10:author><a10:name>Simon Hope</a10:name></a10:author><title /><description /><pubDate>Tue, 01 May 2012 21:57:24 +1000</pubDate><a10:link href="http://www.mapbutcher.com/" /><a10:rights type="text">Copyright 2011</a10:rights><a10:content type="text"></a10:content><a10:contributor><a10:name>mapbutcher@mapbutcher.com</a10:name></a10:contributor><georss:line>41.2203 -120.41282 41.22705 -120.41901</georss:line></item><item><guid isPermaLink="false">795a7041-1259-4e82-ba03-350fb84e310e</guid><a10:author><a10:name>Simon Hope</a10:name></a10:author><title /><description /><pubDate>Tue, 01 May 2012 21:57:24 +1000</pubDate><a10:link href="http://www.mapbutcher.com/" /><a10:rights type="text">Copyright 2011</a10:rights><a10:content type="text"></a10:content><a10:contributor><a10:name>mapbutcher@mapbutcher.com</a10:name></a10:contributor><georss:line>41.23507 -123.65353 41.22878 -123.65132 41.2181 -123.64458 41.203 -123.66203 41.1961 -123.66468 41.19462 -123.66826 41.18902 -123.67281 41.18249 -123.67793 41.18106 -123.70778</georss:line></item><item><guid isPermaLink="false">a27d1534-8aee-439c-a9ed-71c5a227e5d1</guid><a10:author><a10:name>Simon Hope</a10:name></a10:author><title /><description /><pubDate>Tue, 01 May 2012 21:57:24 +1000</pubDate><a10:link href="http://www.mapbutcher.com/" /><a10:rights type="text">Copyright 2011</a10:rights><a10:content type="text"></a10:content><a10:contributor><a10:name>mapbutcher@mapbutcher.com</a10:name></a10:contributor><georss:line>41.18106 -123.70778 41.19226 -123.72617 41.19182 -123.73958 41.19413 -123.75194 41.2106 -123.7621 41.214 -123.76903 41.22556 -123.77646 41.23572 -123.77157 41.24596 -123.77769 41.25324 -123.77752 41.26206 -123.78539 41.26816 -123.79311 41.27105 -123.80185 41.27072 -123.81161 41.27715 -123.82302 41.27455 -123.83265 41.27473 -123.85407 41.28622 -123.86335 41.29156 -123.86674 41.29943 -123.87579 41.30456 -123.87183 41.30875 -123.86903 41.31027 -123.86423 41.31046 -123.85873 41.31056 -123.85567 41.3116 -123.85207 41.31572 -123.8511 41.3205 -123.85751 41.32764 -123.86102 41.33317 -123.85891 41.33688 -123.85669 41.34092 -123.85816 41.34528 -123.86333 41.34398 -123.87489 41.35638 -123.88424 41.36484 -123.90253 41.37516 -123.90623 41.37918 -123.9212 41.38593 -123.92345 41.39199 -123.9318 41.39828 -123.93404 41.40376 -123.93316 41.40914 -123.93533 41.41752 -123.94261 41.42088 -123.9373 41.42244 -123.93188</georss:line></item><item><guid isPermaLink="false">b5e342b2-7fb0-4074-a17e-d7c96ee98936</guid><a10:author><a10:name>Simon Hope</a10:name></a10:author><title /><description /><pubDate>Tue, 01 May 2012 21:57:24 +1000</pubDate><a10:link href="http://www.mapbutcher.com/" /><a10:rights type="text">Copyright 2011</a10:rights><a10:content type="text"></a10:content><a10:contributor><a10:name>mapbutcher@mapbutcher.com</a10:name></a10:contributor><georss:line>41.22779 -120.1515 41.21234 -120.15624 41.2082 -120.16597 41.2032 -120.16776 41.19777 -120.16526 41.19001 -120.17374 41.18492 -120.192 41.17488 -120.20228 41.17349 -120.20837 41.17711 -120.20962 41.1839 -120.21335 41.19249 -120.21771 41.19568 -120.21652 41.20343 -120.20866 41.20979 -120.20873 41.21296 -120.20998 41.21832 -120.22469 41.22373 -120.23147 41.22503 -120.24125 41.22952 -120.25107 41.22718 -120.26143 41.23302 -120.27126 41.24108 -120.28907 41.23784 -120.30003 41.24006 -120.30739 41.24092 -120.31412 41.24681 -120.31602</georss:line></item><item><guid isPermaLink="false">c8a1115d-6496-43af-935a-7a31ad7ef163</guid><a10:author><a10:name>Simon Hope</a10:name></a10:author><title /><description /><pubDate>Tue, 01 May 2012 21:57:24 +1000</pubDate><a10:link href="http://www.mapbutcher.com/" /><a10:rights type="text">Copyright 2011</a10:rights><a10:content type="text"></a10:content><a10:contributor><a10:name>mapbutcher@mapbutcher.com</a10:name></a10:contributor><georss:line>41.19394 -120.99491 41.19247 -121.00343 41.18834 -121.00761 41.19002 -121.01925 41.18587 -121.02466 41.18882 -121.04364 41.1887 -121.05341 41.18815 -121.06133 41.18897 -121.06868 41.18707 -121.07596 41.18653 -121.08205 41.18374 -121.08749 41.18 -121.09656 41.17815 -121.09956 41.17533 -121.10683 41.17389 -121.11351 41.1697 -121.12196 41.1669 -121.12739 41.16359 -121.1383 41.15483 -121.14847</georss:line></item><item><guid isPermaLink="false">023b5370-89e3-4696-b755-b235b589c093</guid><a10:author><a10:name>Simon Hope</a10:name></a10:author><title /><description /><pubDate>Tue, 01 May 2012 21:57:24 +1000</pubDate><a10:link href="http://www.mapbutcher.com/" /><a10:rights type="text">Copyright 2011</a10:rights><a10:content type="text"></a10:content><a10:contributor><a10:name>mapbutcher@mapbutcher.com</a10:name></a10:contributor><georss:line>41.15483 -121.14847 41.16885 -121.15245 41.17432 -121.15075 41.18285 -121.15828 41.18648 -121.15775 41.19154 -121.15298 41.19432 -121.14816 41.20613 -121.14783 41.2103 -121.14059 41.21535 -121.13644 41.21904 -121.13165 41.22496 -121.13055 41.23131 -121.1307 41.23861 -121.12782 41.24231 -121.1218 41.24815 -121.12682 41.26709 -121.13581 41.27298 -121.13656 41.27719 -121.12749 41.28719 -121.1265 41.29308 -121.12663 41.30665 -121.13061 41.31659 -121.1339 41.3212 -121.1285 41.3253 -121.12737 41.33111 -121.13423 41.34695 -121.13827 41.3604 -121.11472 41.36482 -121.08911 41.35859 -121.07857 41.36145 -121.06762 41.35518 -121.06013 41.35673 -121.04487 41.36177 -121.0407 41.36504 -121.03281 41.37545 -121.0361 41.37848 -121.04841 41.38401 -121.04118 41.38998 -121.03519 41.39646 -121.02493 41.40052 -121.02685 41.40616 -121.01044 41.41659 -121.01128 41.41397 -121.00264 41.41144 -120.98605 41.40654 -120.97799 41.40247 -120.97668 41.39618 -120.97104 41.39576 -120.96796 41.40093 -120.95216 41.39961 -120.94846 41.4006 -120.94173 41.40477 -120.93385 41.40306 -120.92464 41.40766 -120.91861 41.41189 -120.90583 41.41973 -120.89435 41.42247 -120.89318 41.4285 -120.88043 41.4326 -120.87929 41.43592 -120.86649 41.44282 -120.85744 41.43926 -120.85062 41.43707 -120.84323 41.43306 -120.83642 41.4299 -120.83452 41.42494 -120.83136 41.42503 -120.82279 41.42825 -120.81857 41.43144 -120.81679 41.43104 -120.81187 41.42789 -120.80937 41.4211 -120.80679 41.42134 -120.78352 41.41544 -120.78342 41.41506 -120.77667 41.4215 -120.76821 41.42528 -120.75236 41.42915 -120.72792 41.44463 -120.72329 41.45103 -120.7185 41.45517 -120.71245 41.4525 -120.70627 41.45119 -120.70135 41.45712 -120.69839 41.4621 -120.69969 41.46935 -120.70043 41.47306 -120.69252 41.47992 -120.68651 41.47592 -120.67786 41.47461 -120.67232 41.47651 -120.66315 41.47751 -120.65214 41.48033 -120.64115 41.48592 -120.62531 41.49105 -120.60944</georss:line></item><item><guid isPermaLink="false">c289acea-cd52-4572-9aad-35dd52acc2ac</guid><a10:author><a10:name>Simon Hope</a10:name></a10:author><title /><description /><pubDate>Tue, 01 May 2012 21:57:24 +1000</pubDate><a10:link href="http://www.mapbutcher.com/" /><a10:rights type="text">Copyright 2011</a10:rights><a10:content type="text"></a10:content><a10:contributor><a10:name>mapbutcher@mapbutcher.com</a10:name></a10:contributor><georss:line>41.12076 -122.84485 41.12118 -122.84608 41.12423 -122.85111 41.12826 -122.85313 41.13323 -122.85398 41.13783 -122.85176 41.14156 -122.84827 41.14884 -122.8474 41.15872 -122.85152 41.16389 -122.86216 41.16822 -122.8703 41.16919 -122.885 41.17034 -122.893 41.17154 -122.89916 41.17319 -122.90535 41.18391 -122.91197</georss:line></item><item><guid isPermaLink="false">102790bc-5907-44bf-aafa-958eed90beb4</guid><a10:author><a10:name>Simon Hope</a10:name></a10:author><title /><description /><pubDate>Tue, 01 May 2012 21:57:24 +1000</pubDate><a10:link href="http://www.mapbutcher.com/" /><a10:rights type="text">Copyright 2011</a10:rights><a10:content type="text"></a10:content><a10:contributor><a10:name>mapbutcher@mapbutcher.com</a10:name></a10:contributor><georss:line>41.12777 -121.73469 41.1338 -121.75317 41.1347 -121.7532 41.14489 -121.74194 41.15578 -121.74228 41.16585 -121.73711 41.18392 -121.74195 41.19038 -121.73605 41.19252 -121.7178 41.19128 -121.71043 41.18816 -121.70728 41.18639 -121.70479 41.18464 -121.70046 41.18473 -121.69558 41.18391 -121.69006 41.18263 -121.68575 41.18086 -121.68263 41.17864 -121.68012 41.17826 -121.67583 41.17702 -121.66847 41.17347 -121.66348 41.17495 -121.65681 41.18219 -121.65826 41.18598 -121.6486 41.1838 -121.64304 41.18388 -121.63815 41.18441 -121.6339 41.18491 -121.63086 41.18728 -121.62482 41.18597 -121.62173 41.18559 -121.61745 41.18518 -121.615 41.18704 -121.612 41.18813 -121.60104 41.18641 -121.5955 41.18326 -121.59357 41.18058 -121.59105 41.17609 -121.58847 41.17431 -121.58598 41.17118 -121.58283 41.16445 -121.57836 41.15859 -121.57575 41.15186 -121.57128 41.14637 -121.57417 41.14361 -121.57592 41.14047 -121.574 41.12762 -121.58216 41.11824 -121.57335 41.11603 -121.56963 41.11565 -121.56534 41.11393 -121.5592 41.11307 -121.55612</georss:line></item><item><guid isPermaLink="false">39005d5b-c698-455f-8ce9-56683d58abe6</guid><a10:author><a10:name>Simon Hope</a10:name></a10:author><title /><description /><pubDate>Tue, 01 May 2012 21:57:24 +1000</pubDate><a10:link href="http://www.mapbutcher.com/" /><a10:rights type="text">Copyright 2011</a10:rights><a10:content type="text"></a10:content><a10:contributor><a10:name>mapbutcher@mapbutcher.com</a10:name></a10:contributor><georss:line>41.10664 -123.45008 41.11478 -123.45114 41.12107 -123.45332 41.13411 -123.45773 41.13711 -123.46339 41.14347 -123.46313 41.15371 -123.46981 41.15756 -123.47736 41.16332 -123.48196 41.16725 -123.48706 41.17112 -123.494 41.17724 -123.50168 41.18018 -123.50918 41.18581 -123.51805 41.18924 -123.52435 41.19094 -123.52811 41.19347 -123.53437 41.19651 -123.53882 41.19815 -123.54441 41.20233 -123.55565 41.20592 -123.55708 41.20998 -123.55792 41.21499 -123.5576 41.21916 -123.55479 41.22508 -123.55451 41.22886 -123.54984 41.23485 -123.54713 41.24074 -123.54746 41.24433 -123.5489 41.24965 -123.55286 41.25391 -123.56168 41.25554 -123.56788 41.25997 -123.5712 41.25891 -123.57603 41.25684 -123.58385 41.25651 -123.59424 41.25594 -123.59787 41.25667 -123.60342 41.25693 -123.60956</georss:line></item><item><guid isPermaLink="false">61b95a80-cf77-4033-9c75-2112f8afef7e</guid><a10:author><a10:name>Simon Hope</a10:name></a10:author><title /><description /><pubDate>Tue, 01 May 2012 21:57:24 +1000</pubDate><a10:link href="http://www.mapbutcher.com/" /><a10:rights type="text">Copyright 2011</a10:rights><a10:content type="text"></a10:content><a10:contributor><a10:name>mapbutcher@mapbutcher.com</a10:name></a10:contributor><georss:line>41.33103 -122.55249 41.32324 -122.55521 41.30614 -122.56793 41.30059 -122.57198 41.29174 -122.58138 41.28846 -122.58551 41.28281 -122.59383 41.27128 -122.60127 41.26561 -122.6108 41.26138 -122.61673 41.25663 -122.62508 41.24847 -122.64307 41.23845 -122.64445 41.22982 -122.64468 41.21976 -122.64729 41.20932 -122.64743 41.2052 -122.64847 41.19476 -122.64861 41.18787 -122.65197 41.18096 -122.65594 41.17546 -122.65813 41.16536 -122.66257 41.15623 -122.6646 41.14426 -122.67139 41.13895 -122.68397 41.13184 -122.69585 41.12896 -122.70183 41.12352 -122.70158 41.11158 -122.70714 41.10519 -122.70868 41.09507 -122.71371 41.09474 -122.70882 41.08889 -122.70672 41.0853 -122.70534</georss:line></item><item><guid isPermaLink="false">a88f4ed0-bddf-45f7-80c7-d7501b493065</guid><a10:author><a10:name>Simon Hope</a10:name></a10:author><title /><description /><pubDate>Tue, 01 May 2012 21:57:24 +1000</pubDate><a10:link href="http://www.mapbutcher.com/" /><a10:rights type="text">Copyright 2011</a10:rights><a10:content type="text"></a10:content><a10:contributor><a10:name>mapbutcher@mapbutcher.com</a10:name></a10:contributor><georss:line>41.0817 -120.37568 41.09992 -120.36493 41.1072 -120.36197 41.10992 -120.362 41.11851 -120.36699 41.12348 -120.37009 41.13123 -120.36592 41.13531 -120.36597 41.13848 -120.36723 41.14252 -120.37338 41.14934 -120.37164 41.15567 -120.37476 41.162 -120.3785 41.16605 -120.38222 41.17781 -120.38908</georss:line></item><item><guid isPermaLink="false">1d18e492-1ff6-402e-a6a1-3c1e923b9c95</guid><a10:author><a10:name>Simon Hope</a10:name></a10:author><title /><description /><pubDate>Tue, 01 May 2012 21:57:24 +1000</pubDate><a10:link href="http://www.mapbutcher.com/" /><a10:rights type="text">Copyright 2011</a10:rights><a10:content type="text"></a10:content><a10:contributor><a10:name>mapbutcher@mapbutcher.com</a10:name></a10:contributor><georss:line>41.0853 -122.70534 41.08425 -122.71078 41.08506 -122.71448 41.08491 -122.72057 41.08065 -122.72769 41.07771 -122.73609 41.07718 -122.73912 41.07931 -122.74471 41.082 -122.74605 41.08694 -122.7481 41.0891 -122.75247 41.0908 -122.75682 41.09326 -122.7673 41.09126 -122.77453 41.09531 -122.77593 41.09951 -122.78894 41.10376 -122.80012 41.10979 -122.8126 41.11386 -122.8134 41.11697 -122.81599 41.11914 -122.81975 41.11806 -122.82642 41.11825 -122.83679 41.12076 -122.84485</georss:line></item><item><guid isPermaLink="false">6e5cdf2f-996b-4547-92cb-806dff7475a0</guid><a10:author><a10:name>Simon Hope</a10:name></a10:author><title /><description /><pubDate>Tue, 01 May 2012 21:57:24 +1000</pubDate><a10:link href="http://www.mapbutcher.com/" /><a10:rights type="text">Copyright 2011</a10:rights><a10:content type="text"></a10:content><a10:contributor><a10:name>mapbutcher@mapbutcher.com</a10:name></a10:contributor><georss:line>41.07599 -120.10926 41.08196 -120.09408 41.09015 -120.08926 41.09339 -120.07527 41.1011 -120.07533 41.11013 -120.08578 41.11917 -120.09195 41.12326 -120.09138 41.12963 -120.08655 41.13148 -120.07924 41.13649 -120.07562 41.13964 -120.08114 41.1456 -120.06837 41.14792 -120.0562 41.15293 -120.05196 41.15882 -120.05506 41.16157 -120.04715 41.15887 -120.04225 41.16389 -120.03497 41.17025 -120.03379 41.17479 -120.03443 41.18113 -120.03571 41.20745 -120.03591 41.21153 -120.03777</georss:line></item><item><guid isPermaLink="false">0ce8b27a-2368-4f26-8812-a97519b22fbd</guid><a10:author><a10:name>Simon Hope</a10:name></a10:author><title /><description /><pubDate>Tue, 01 May 2012 21:57:24 +1000</pubDate><a10:link href="http://www.mapbutcher.com/" /><a10:rights type="text">Copyright 2011</a10:rights><a10:content type="text"></a10:content><a10:contributor><a10:name>mapbutcher@mapbutcher.com</a10:name></a10:contributor><georss:line>41.07586 -120.43228 41.08353 -120.43787</georss:line></item><item><guid isPermaLink="false">4eb422ba-56d8-48b8-a72c-6bc59af363ee</guid><a10:author><a10:name>Simon Hope</a10:name></a10:author><title /><description /><pubDate>Tue, 01 May 2012 21:57:24 +1000</pubDate><a10:link href="http://www.mapbutcher.com/" /><a10:rights type="text">Copyright 2011</a10:rights><a10:content type="text"></a10:content><a10:contributor><a10:name>mapbutcher@mapbutcher.com</a10:name></a10:contributor><georss:line>41.11307 -121.55612 41.10989 -121.55603 41.1058 -121.55652 41.10131 -121.55395 41.09816 -121.55202 41.09686 -121.54833 41.09827 -121.54533 41.10012 -121.54294 41.09925 -121.54047 41.09813 -121.52581 41.09547 -121.52146 41.09321 -121.52079 41.09326 -121.51775 41.10013 -121.51366 41.09709 -121.50504 41.09384 -121.50983 41.08934 -121.50726 41.086 -121.48888 41.09108 -121.48292 41.09073 -121.47681 41.08351 -121.47356 41.07941 -121.47467 41.07409 -121.46659 41.07003 -121.46526</georss:line></item><item><guid isPermaLink="false">c7cf6cf9-5a1f-401d-b2b4-85ad2ddb98c5</guid><a10:author><a10:name>Simon Hope</a10:name></a10:author><title /><description /><pubDate>Tue, 01 May 2012 21:57:24 +1000</pubDate><a10:link href="http://www.mapbutcher.com/" /><a10:rights type="text">Copyright 2011</a10:rights><a10:content type="text"></a10:content><a10:contributor><a10:name>mapbutcher@mapbutcher.com</a10:name></a10:contributor><georss:line>41.0994 -121.44352 41.09214 -121.44392 41.0871 -121.44684 41.08381 -121.45406 41.0797 -121.45578 41.07793 -121.45268 41.07296 -121.45132 41.07066 -121.4537 41.06968 -121.45855 41.07003 -121.46526</georss:line></item><item><guid isPermaLink="false">8458e4e1-43a2-4927-9827-4cd0c3c64aaa</guid><a10:author><a10:name>Simon Hope</a10:name></a10:author><title /><description /><pubDate>Tue, 01 May 2012 21:57:24 +1000</pubDate><a10:link href="http://www.mapbutcher.com/" /><a10:rights type="text">Copyright 2011</a10:rights><a10:content type="text"></a10:content><a10:contributor><a10:name>mapbutcher@mapbutcher.com</a10:name></a10:contributor><georss:line>41.127 -120.24449 41.12198 -120.24871 41.10925 -120.25406 41.10609 -120.25098 41.08933 -120.24593 41.07702 -120.25677 41.07471 -120.26344 41.06694 -120.27311 41.06684 -120.28896 41.07768 -120.297 41.0799 -120.30495 41.0803 -120.31226 41.07843 -120.32078 41.0793 -120.32749 41.0797 -120.33481 41.08057 -120.34092 41.07907 -120.36285 41.07812 -120.36832</georss:line></item><item><guid isPermaLink="false">88db2b8c-9283-4390-aa6a-0b9d6bb52a47</guid><a10:author><a10:name>Simon Hope</a10:name></a10:author><title /><description /><pubDate>Tue, 01 May 2012 21:57:24 +1000</pubDate><a10:link href="http://www.mapbutcher.com/" /><a10:rights type="text">Copyright 2011</a10:rights><a10:content type="text"></a10:content><a10:contributor><a10:name>mapbutcher@mapbutcher.com</a10:name></a10:contributor><georss:line>41.0853 -122.70534 41.08135 -122.69967 41.07819 -122.69891 41.07361 -122.70054 41.07082 -122.70346 41.06586 -122.70202 41.06403 -122.70255 41.06086 -122.7024</georss:line></item><item><guid isPermaLink="false">4a80df66-e5a6-4eed-a2e0-67753f9eb1e9</guid><a10:author><a10:name>Simon Hope</a10:name></a10:author><title /><description /><pubDate>Tue, 01 May 2012 21:57:24 +1000</pubDate><a10:link href="http://www.mapbutcher.com/" /><a10:rights type="text">Copyright 2011</a10:rights><a10:content type="text"></a10:content><a10:contributor><a10:name>mapbutcher@mapbutcher.com</a10:name></a10:contributor><georss:line>41.0387 -122.20898 41.04165 -122.19812 41.04144 -122.18653 41.04516 -122.18241 41.04842 -122.17888 41.05666 -122.17553 41.06134 -122.1684 41.06818 -122.16682 41.0683 -122.16134 41.07154 -122.15842 41.07937 -122.15322 41.08178 -122.146 41.09015 -122.13655 41.08719 -122.12608 41.09055 -122.11705 41.09571 -122.1087 41.10726 -122.09876 41.11153 -122.08977 41.11034 -122.08118 41.11276 -122.07396 41.11013 -122.06898 41.11433 -122.06364 41.12465 -122.06951 41.13347 -122.08203 41.13928 -122.08652 41.15153 -122.08696 41.15347 -122.08093 41.1599 -122.0769 41.16253 -122.08187 41.16666 -122.07958 41.17163 -122.08038 41.17764 -122.0751 41.18366 -122.06921 41.18966 -122.06454 41.19315 -122.07139 41.20131 -122.0723 41.20329 -122.06382 41.21321 -122.06723 41.21569 -122.05694 41.22211 -122.0535 41.2259 -122.0457 41.22335 -122.03706 41.23306 -122.02824 41.23536 -122.02649 41.24218 -122.02551 41.241 -122.0163 41.24202 -122.01084 41.23385 -122.01115 41.22343 -122.00957 41.22903 -122.00182 41.22952 -122.00001 41.22964 -121.9939 41.23471 -121.98981 41.2316 -121.98664 41.23126 -121.98051 41.23545 -121.97517 41.23965 -121.96919 41.24253 -121.96135 41.24573 -121.96024 41.24535 -121.95595 41.24459 -121.94859 41.24603 -121.94437 41.24879 -121.94263 41.25154 -121.94089 41.25566 -121.93919 41.25612 -121.93921</georss:line></item><item><guid isPermaLink="false">fa89635f-b530-4182-af3e-4885a4faa8c4</guid><a10:author><a10:name>Simon Hope</a10:name></a10:author><title /><description /><pubDate>Tue, 01 May 2012 21:57:24 +1000</pubDate><a10:link href="http://www.mapbutcher.com/" /><a10:rights type="text">Copyright 2011</a10:rights><a10:content type="text"></a10:content><a10:contributor><a10:name>mapbutcher@mapbutcher.com</a10:name></a10:contributor><georss:line>41.0387 -122.20898 41.04596 -122.20925 41.05296 -122.19977 41.05975 -122.20064 41.0688 -122.2022 41.08685 -122.20716 41.09514 -122.20138 41.10302 -122.19376 41.10704 -122.19695 41.11124 -122.19163 41.10726 -122.18659 41.11106 -122.17881 41.11446 -122.16795 41.12034 -122.16879 41.12494 -122.16591 41.13223 -122.16496 41.13707 -122.17186 41.14205 -122.17266 41.14892 -122.16987 41.15587 -122.1628 41.16282 -122.15636 41.16484 -122.14605 41.17038 -122.14198 41.17268 -122.14024 41.17718 -122.14223 41.18071 -122.14725 41.18563 -122.1505 41.19284 -122.15321 41.19741 -122.15155 41.20871 -122.15441 41.21444 -122.14058 41.21988 -122.14079 41.2285 -122.14111 41.23496 -122.13585 41.2413 -122.1367 41.24722 -122.1357 41.25375 -122.12738 41.26248 -122.12221 41.27207 -122.11951 41.27672 -122.11417 41.28171 -122.11436 41.29296 -122.11906 41.29878 -122.12294 41.30956 -122.12885 41.31218 -122.13384 41.31757 -122.13649 41.31841 -122.14019 41.32154 -122.14214 41.32695 -122.14418 41.33103 -122.14433 41.33603 -122.14391 41.3391 -122.14953 41.34216 -122.15515 41.34391 -122.15829 41.34519 -122.16201 41.3474 -122.16515 41.35235 -122.16718 41.35901 -122.17416 41.36757 -122.17754</georss:line></item><item><guid isPermaLink="false">6e7fd83f-92d3-49e7-a048-146b1dea4061</guid><a10:author><a10:name>Simon Hope</a10:name></a10:author><title /><description /><pubDate>Tue, 01 May 2012 21:57:24 +1000</pubDate><a10:link href="http://www.mapbutcher.com/" /><a10:rights type="text">Copyright 2011</a10:rights><a10:content type="text"></a10:content><a10:contributor><a10:name>mapbutcher@mapbutcher.com</a10:name></a10:contributor><georss:line>41.03166 -122.93449 41.03934 -122.93609 41.04836 -122.93835 41.05616 -122.93507 41.06291 -122.93723 41.06594 -122.94287 41.06437 -122.95071 41.06319 -122.96042 41.06348 -122.96653 41.06814 -122.97895 41.07167 -122.99925 41.07016 -123.00466 41.076 -123.02325 41.07664 -123.03304 41.08279 -123.04066 41.08742 -123.0537 41.09418 -123.07174 41.09844 -123.08172 41.10237 -123.0874 41.11088 -123.0915 41.1153 -123.09599 41.12478 -123.09769 41.13155 -123.09927 41.137 -123.09893 41.13997 -123.10641 41.14348 -123.11086 41.15019 -123.11426 41.14862 -123.1215 41.13706 -123.12885 41.13489 -123.14155 41.13982 -123.15951 41.13816 -123.1698 41.13785 -123.18077 41.1394 -123.19001 41.14098 -123.19803 41.14169 -123.20478 41.14426 -123.2104 41.14508 -123.2135 41.14637 -123.21601 41.15273 -123.21574 41.15918 -123.21241 41.16267 -123.21748 41.16617 -123.22195 41.1702 -123.22399 41.17249 -123.2235 41.17615 -123.22247 41.18164 -123.22093 41.18757 -123.22002 41.19437 -123.22038 41.19962 -123.22737 41.20713 -123.23449 41.20791 -123.23882 41.21504 -123.24347 41.21793 -123.2534 41.22406 -123.26105 41.23167 -123.26452 41.23688 -123.27274 41.23968 -123.28573 41.24374 -123.28656 41.24178 -123.29135 41.24289 -123.29996 41.25123 -123.30959 41.24873 -123.3174 41.25401 -123.32319</georss:line></item><item><guid isPermaLink="false">2ffe87d1-c458-407a-95d9-7b36aa1231e4</guid><a10:author><a10:name>Simon Hope</a10:name></a10:author><title /><description /><pubDate>Tue, 01 May 2012 21:57:24 +1000</pubDate><a10:link href="http://www.mapbutcher.com/" /><a10:rights type="text">Copyright 2011</a10:rights><a10:content type="text"></a10:content><a10:contributor><a10:name>mapbutcher@mapbutcher.com</a10:name></a10:contributor><georss:line>41.00904 -120.61713 41.01165 -120.62934 41.01021 -120.63846 41.0106 -120.64455 41.01099 -120.65186 41.02142 -120.65325 41.02411 -120.65634 41.0313 -120.66438 41.04225 -120.65785 41.05086 -120.658 41.05767 -120.6581 41.06401 -120.65882 41.07397 -120.66203 41.0752 -120.67667 41.07877 -120.68283 41.07508 -120.68948 41.07732 -120.69195 41.08 -120.69687 41.08314 -120.69997 41.08352 -120.70912 41.0889 -120.71531 41.08881 -120.72445 41.09239 -120.73 41.09781 -120.73254 41.10274 -120.73872 41.10727 -120.73941 41.11134 -120.74192 41.11582 -120.74687 41.11712 -120.75361 41.11982 -120.75549 41.12569 -120.75925 41.13106 -120.76606 41.12868 -120.7776 41.12955 -120.78128 41.12806 -120.79345 41.13251 -120.80268 41.14694 -120.81149 41.14866 -120.82067 41.15495 -120.8275 41.16078 -120.83372 41.16526 -120.83868 41.16933 -120.84059 41.17792 -120.8438 41.18415 -120.85491 41.18599 -120.85311 41.19867 -120.8558 41.1995 -120.86253 41.20536 -120.86631 41.20799 -120.87552 41.21111 -120.87985 41.21423 -120.88541 41.2178 -120.89159 41.22181 -120.89777 41.22311 -120.90391 41.2244 -120.91004 41.22341 -120.91735 41.2156 -120.92574 41.20827 -120.9317 41.20325 -120.93465 41.19365 -120.94118 41.19087 -120.946 41.19078 -120.95332 41.19293 -120.96375 41.19101 -120.97286 41.19394 -120.99491</georss:line></item><item><guid isPermaLink="false">ee9b49be-d68b-48ae-aa7a-54a74fc27dc4</guid><a10:author><a10:name>Simon Hope</a10:name></a10:author><title /><description /><pubDate>Tue, 01 May 2012 21:57:24 +1000</pubDate><a10:link href="http://www.mapbutcher.com/" /><a10:rights type="text">Copyright 2011</a10:rights><a10:content type="text"></a10:content><a10:contributor><a10:name>mapbutcher@mapbutcher.com</a10:name></a10:contributor><georss:line>41.00836 -122.62265 41.01351 -122.61618 41.01907 -122.61155 41.0361 -122.60194 41.04739 -122.60426 41.05708 -122.59798 41.06532 -122.59529 41.07502 -122.5884 41.07676 -122.59152 41.08537 -122.5919 41.09181 -122.58852 41.09873 -122.58395 41.0993 -122.57909 41.11169 -122.57353 41.11924 -122.56165 41.12525 -122.53812 41.12534 -122.49602 41.14539 -122.47307 41.15213 -122.45687</georss:line></item><item><guid isPermaLink="false">06523bc4-807f-446f-985d-cf637ae50d88</guid><a10:author><a10:name>Simon Hope</a10:name></a10:author><title /><description /><pubDate>Tue, 01 May 2012 21:57:24 +1000</pubDate><a10:link href="http://www.mapbutcher.com/" /><a10:rights type="text">Copyright 2011</a10:rights><a10:content type="text"></a10:content><a10:contributor><a10:name>mapbutcher@mapbutcher.com</a10:name></a10:contributor><georss:line>40.99788 -121.43525 41.00929 -121.43069 41.01892 -121.42426 41.02724 -121.41412 41.03228 -121.41122 41.036 -121.40523 41.03875 -121.40286 41.04609 -121.39819 41.05076 -121.38856 41.05365 -121.37767 41.04875 -121.37144 41.0461 -121.36589 41.04715 -121.35617</georss:line></item><item><guid isPermaLink="false">f0ce9fb0-a807-4f84-88a9-b18e99034734</guid><a10:author><a10:name>Simon Hope</a10:name></a10:author><title /><description /><pubDate>Tue, 01 May 2012 21:57:24 +1000</pubDate><a10:link href="http://www.mapbutcher.com/" /><a10:rights type="text">Copyright 2011</a10:rights><a10:content type="text"></a10:content><a10:contributor><a10:name>mapbutcher@mapbutcher.com</a10:name></a10:contributor><georss:line>40.99788 -121.43525 41.00005 -121.44201 41.00227 -121.44511 41.00537 -121.45007 41.00759 -121.45318 41.01437 -121.45519 41.0152 -121.46008 41.01193 -121.46609 41.01371 -121.46857 41.01773 -121.47234 41.02355 -121.47737 41.02865 -121.47081 41.03096 -121.46783 41.03408 -121.47158 41.03313 -121.47398 41.03172 -121.4776 41.03205 -121.48553 41.03246 -121.48859 41.03694 -121.49176 41.04149 -121.49128 41.04508 -121.49382 41.04919 -121.4921 41.05382 -121.48615 41.05168 -121.47816 41.05259 -121.47758 41.05575 -121.47888 41.05666 -121.4789 41.05844 -121.48078 41.06339 -121.48336 41.06576 -121.47733 41.06677 -121.47066 41.06366 -121.4663 41.06413 -121.4651 41.0646 -121.4639 41.06733 -121.46397 41.07003 -121.46526</georss:line></item><item><guid isPermaLink="false">412ee828-4f03-419e-afc7-6ffd1260f99f</guid><a10:author><a10:name>Simon Hope</a10:name></a10:author><title /><description /><pubDate>Tue, 01 May 2012 21:57:24 +1000</pubDate><a10:link href="http://www.mapbutcher.com/" /><a10:rights type="text">Copyright 2011</a10:rights><a10:content type="text"></a10:content><a10:contributor><a10:name>mapbutcher@mapbutcher.com</a10:name></a10:contributor><georss:line>40.98917 -120.142 40.99686 -120.14632 41.00909 -120.1501 41.01317 -120.15135 41.02723 -120.15209 41.03542 -120.14851 41.04628 -120.15288 41.06491 -120.14696</georss:line></item><item><guid isPermaLink="false">9e9477e7-159a-422f-9126-39251f40dbdc</guid><a10:author><a10:name>Simon Hope</a10:name></a10:author><title /><description /><pubDate>Tue, 01 May 2012 21:57:24 +1000</pubDate><a10:link href="http://www.mapbutcher.com/" /><a10:rights type="text">Copyright 2011</a10:rights><a10:content type="text"></a10:content><a10:contributor><a10:name>mapbutcher@mapbutcher.com</a10:name></a10:contributor><georss:line>41.02238 -121.6345 41.01265 -121.61959 41.01114 -121.60067 41.00758 -121.5963 41.00552 -121.58406 41.00013 -121.58024 40.99012 -121.58178 40.98315 -121.56452 40.97733 -121.55949 40.97382 -121.55207</georss:line></item><item><guid isPermaLink="false">debd77b7-d65c-4a8b-8c03-97669ca73ffb</guid><a10:author><a10:name>Simon Hope</a10:name></a10:author><title /><description /><pubDate>Tue, 01 May 2012 21:57:24 +1000</pubDate><a10:link href="http://www.mapbutcher.com/" /><a10:rights type="text">Copyright 2011</a10:rights><a10:content type="text"></a10:content><a10:contributor><a10:name>mapbutcher@mapbutcher.com</a10:name></a10:contributor><georss:line>40.97272 -120.76444 40.97844 -120.7828 40.9851 -120.79693 40.9968 -120.80688 41.00492 -120.81129 41.00886 -120.82477 41.01641 -120.84013 41.01454 -120.84618 41.01715 -120.85598 41.02301 -120.86035 41.02935 -120.86108 41.03477 -120.86301 41.03969 -120.87042 41.04823 -120.87729 41.0563 -120.88659 41.06173 -120.88791 41.06759 -120.89229 41.07073 -120.89479 41.08059 -120.90596 41.08236 -120.91026 41.08728 -120.91706 41.09405 -120.92025 41.09901 -120.92278 41.10395 -120.92776 41.10796 -120.93394 41.10974 -120.93703 41.11237 -120.94501 41.11504 -120.94994 41.11724 -120.95609 41.11856 -120.95977 41.12215 -120.96289 41.13023 -120.97099 41.13387 -120.97046 41.14056 -120.97974 41.15151 -120.9751 41.17004 -120.98097 41.18359 -120.98676 41.19394 -120.99491</georss:line></item><item><guid isPermaLink="false">3ef63c05-04e9-4857-bd2c-284ff26568c3</guid><a10:author><a10:name>Simon Hope</a10:name></a10:author><title /><description /><pubDate>Tue, 01 May 2012 21:57:24 +1000</pubDate><a10:link href="http://www.mapbutcher.com/" /><a10:rights type="text">Copyright 2011</a10:rights><a10:content type="text"></a10:content><a10:contributor><a10:name>mapbutcher@mapbutcher.com</a10:name></a10:contributor><georss:line>40.97382 -121.55207 40.97176 -121.53923 40.97097 -121.5313 40.97149 -121.52705 40.9734 -121.52162 40.97438 -121.51678 40.97581 -121.51257 40.98494 -121.50917 40.98548 -121.50371 40.98238 -121.49875 40.98378 -121.49635 40.98569 -121.49032 40.98535 -121.483 40.98098 -121.47192 40.9783 -121.46941 40.97559 -121.46812 40.97021 -121.46432 40.96938 -121.45943 40.97721 -121.45173 40.98427 -121.43488 40.99064 -121.43384 40.99426 -121.43455 40.99788 -121.43525</georss:line></item><item><guid isPermaLink="false">44c7d5fd-8a08-416c-9112-441bb3c00a0c</guid><a10:author><a10:name>Simon Hope</a10:name></a10:author><title /><description /><pubDate>Tue, 01 May 2012 21:57:24 +1000</pubDate><a10:link href="http://www.mapbutcher.com/" /><a10:rights type="text">Copyright 2011</a10:rights><a10:content type="text"></a10:content><a10:contributor><a10:name>mapbutcher@mapbutcher.com</a10:name></a10:contributor><georss:line>40.92837 -121.21984 40.93486 -121.20905 40.93451 -121.20174 40.94051 -121.19398 40.94604 -121.18803 40.95555 -121.18886 40.9633 -121.18661 40.96619 -121.1739 40.97208 -121.17404 40.97493 -121.16498 40.98133 -121.16087 40.98864 -121.15678 40.99686 -121.15331 41.00221 -121.16013 41.01044 -121.15546 41.02398 -121.16125 41.03173 -121.15839 41.03498 -121.15298 41.04143 -121.14522 41.04787 -121.13805 41.0552 -121.13274 41.06378 -121.13599 41.0648 -121.12748 41.07118 -121.12518 41.0753 -121.12223 41.07943 -121.11928 41.08488 -121.11819 41.08804 -121.11948 41.09887 -121.1246 41.09835 -121.13008 41.10648 -121.13271 41.10867 -121.13885 41.11318 -121.1414 41.11631 -121.14513 41.11944 -121.14825 41.12396 -121.14957 41.13615 -121.15474 41.15022 -121.15446 41.15483 -121.14847</georss:line></item><item><guid isPermaLink="false">0cd2dcab-d086-4b18-a411-378f64121292</guid><a10:author><a10:name>Simon Hope</a10:name></a10:author><title /><description /><pubDate>Tue, 01 May 2012 21:57:24 +1000</pubDate><a10:link href="http://www.mapbutcher.com/" /><a10:rights type="text">Copyright 2011</a10:rights><a10:content type="text"></a10:content><a10:contributor><a10:name>mapbutcher@mapbutcher.com</a10:name></a10:contributor><georss:line>41.04715 -121.35617 41.0477 -121.35009 41.04325 -121.34388 41.0406 -121.33894 41.04521 -121.33358 41.04259 -121.32619 41.04041 -121.32066 41.04005 -121.31334 41.03969 -121.30724 41.03289 -121.30646 41.02794 -121.30389 41.0262 -121.29836 41.02446 -121.29284 41.02588 -121.28922 41.01961 -121.28297 41.0178 -121.28293 41.01447 -121.2932 41.00949 -121.29307 41.0023 -121.28801 40.99381 -121.27805 40.98397 -121.26807 40.97991 -121.26614 40.9718 -121.26228 40.96054 -121.25592 40.95482 -121.24361 40.94805 -121.2404 40.939 -121.23835 40.93909 -121.23227 40.93466 -121.22426 40.92837 -121.21984</georss:line></item><item><guid isPermaLink="false">4b043f92-b392-41f4-bb4d-e7f0e13c6341</guid><a10:author><a10:name>Simon Hope</a10:name></a10:author><title /><description /><pubDate>Tue, 01 May 2012 21:57:24 +1000</pubDate><a10:link href="http://www.mapbutcher.com/" /><a10:rights type="text">Copyright 2011</a10:rights><a10:content type="text"></a10:content><a10:contributor><a10:name>mapbutcher@mapbutcher.com</a10:name></a10:contributor><georss:line>40.92708 -122.24973 40.93435 -122.2494 40.94402 -122.24309 40.9528 -122.23552 40.95352 -122.22337 40.95678 -122.21924 40.96149 -122.2115 40.96696 -122.21049 40.97254 -122.20401 40.97895 -122.20121 40.98156 -122.20679 40.98953 -122.21623 40.99598 -122.21161 40.99949 -122.21722 41.00676 -122.21689 41.01212 -122.22075 41.02021 -122.22472 41.02578 -122.21883 41.03212 -122.21969 41.0387 -122.20898</georss:line></item><item><guid isPermaLink="false">4a1abb0c-0d80-4b83-9327-6cbfd8315a23</guid><a10:author><a10:name>Simon Hope</a10:name></a10:author><title /><description /><pubDate>Tue, 01 May 2012 21:57:24 +1000</pubDate><a10:link href="http://www.mapbutcher.com/" /><a10:rights type="text">Copyright 2011</a10:rights><a10:content type="text"></a10:content><a10:contributor><a10:name>mapbutcher@mapbutcher.com</a10:name></a10:contributor><georss:line>40.92066 -122.39611 40.92143 -122.40222 40.93732 -122.42174 40.94107 -122.4365 40.9446 -122.4409 40.95104 -122.43691 40.95779 -122.43963 40.96365 -122.44109 40.96874 -122.43703 40.97289 -122.43417 40.98067 -122.43144 40.98661 -122.42986 40.99087 -122.42212 40.99542 -122.4217 40.99208 -122.40877 40.99442 -122.40582 40.99672 -122.4047 41.00268 -122.40189 41.00357 -122.40254 41.01562 -122.41157 41.0176 -122.40434 41.02086 -122.40082 41.02592 -122.39797 41.04053 -122.39431 41.04651 -122.39089 41.04753 -122.38606 41.0499 -122.38128 41.05455 -122.37659 41.06055 -122.37196 41.05899 -122.36093 41.06502 -122.35507 41.06963 -122.35161 41.07286 -122.3493 41.07745 -122.34705 41.08775 -122.35355 41.09142 -122.35187 41.09632 -122.3356 41.10337 -122.32491 41.10846 -122.32023 41.11801 -122.31939 41.12443 -122.3166 41.13082 -122.31502 41.14178 -122.3118 41.14253 -122.2984 41.14352 -122.29478 41.15051 -122.28651 41.15324 -122.286 41.15915 -122.28563 41.16553 -122.28466 41.17057 -122.28242 41.17383 -122.27888 41.18678 -122.28855 41.19695 -122.2804 41.20157 -122.27631 41.20576 -122.27158 41.21039 -122.26749 41.21403 -122.26702 41.2181 -122.26779 41.22334 -122.27716 41.23068 -122.27378 41.2372 -122.2661 41.24122 -122.26931 41.24556 -122.27865 41.25052 -122.28007 41.25423 -122.27654 41.25732 -122.28033 41.2626 -122.28849 41.26342 -122.29219 41.26384 -122.29404 41.26553 -122.29961 41.26681 -122.30333 41.26624 -122.30881 41.26876 -122.31808 41.27413 -122.32135 41.28025 -122.33199 41.28316 -122.34434 41.28565 -122.35483 41.28814 -122.36533 41.29021 -122.37398 41.28367 -122.38227 41.27704 -122.39423 41.27091 -122.40437</georss:line></item><item><guid isPermaLink="false">3d710ac5-cde1-4801-95df-31cc4fc2c327</guid><a10:author><a10:name>Simon Hope</a10:name></a10:author><title /><description /><pubDate>Tue, 01 May 2012 21:57:24 +1000</pubDate><a10:link href="http://www.mapbutcher.com/" /><a10:rights type="text">Copyright 2011</a10:rights><a10:content type="text"></a10:content><a10:contributor><a10:name>mapbutcher@mapbutcher.com</a10:name></a10:contributor><georss:line>40.88981 -123.60104 40.91072 -123.61443 40.92241 -123.61815 40.92633 -123.62325 40.92855 -123.62459 40.93462 -123.61946 40.94666 -123.61224 40.94156 -123.62961 40.95469 -123.645 40.95855 -123.63792 40.96473 -123.64315 40.97027 -123.64043 40.98024 -123.64101 40.98531 -123.63887 40.99089 -123.63493 40.99574 -123.62547 40.99887 -123.62687 40.99514 -123.64371 41.00419 -123.64484 41.00935 -123.63966 41.02156 -123.64099 41.02176 -123.64893 41.0275 -123.65414 41.03374 -123.65755 41.03114 -123.66776 41.03337 -123.66911 41.04332 -123.67031 41.05035 -123.67744 41.05699 -123.68271 41.0588 -123.69684 41.06193 -123.69824 41.07527 -123.69294 41.07953 -123.70173 41.08886 -123.70777 41.09503 -123.71363 41.09921 -123.71083 41.09937 -123.70596 41.10152 -123.69571 41.10439 -123.69161 41.11623 -123.69048 41.13531 -123.69039 41.14134 -123.68648 41.1468 -123.68619 41.14987 -123.68942 41.15346 -123.69086 41.16185 -123.69808 41.16394 -123.7037 41.17107 -123.70779 41.17469 -123.70801 41.18106 -123.70778</georss:line></item><item><guid isPermaLink="false">81171284-04fd-41e9-997d-e8cf8f70b7f2</guid><a10:author><a10:name>Simon Hope</a10:name></a10:author><title /><description /><pubDate>Tue, 01 May 2012 21:57:24 +1000</pubDate><a10:link href="http://www.mapbutcher.com/" /><a10:rights type="text">Copyright 2011</a10:rights><a10:content type="text"></a10:content><a10:contributor><a10:name>mapbutcher@mapbutcher.com</a10:name></a10:contributor><georss:line>40.88075 -121.11413 40.88253 -121.11721 40.88739 -121.12706 40.88774 -121.13497 40.88448 -121.14219 40.87991 -121.14452 40.87391 -121.15228 40.87199 -121.16013 40.87554 -121.16629 40.88275 -121.17011 40.88953 -121.17209 40.89447 -121.17586 40.89668 -121.18017 40.90026 -121.1845 40.90384 -121.18824 40.90651 -121.19195 40.90913 -121.19931 40.91225 -121.20364 40.91494 -121.20614 40.91673 -121.20801 40.92837 -121.21984</georss:line></item><item><guid isPermaLink="false">dd999061-98f0-4e4b-b304-7e41c91c75aa</guid><a10:author><a10:name>Simon Hope</a10:name></a10:author><title /><description /><pubDate>Tue, 01 May 2012 21:57:24 +1000</pubDate><a10:link href="http://www.mapbutcher.com/" /><a10:rights type="text">Copyright 2011</a10:rights><a10:content type="text"></a10:content><a10:contributor><a10:name>mapbutcher@mapbutcher.com</a10:name></a10:contributor><georss:line>40.85377 -122.8815 40.85444 -122.89065 40.85613 -122.89499 40.85882 -122.89633 40.86049 -122.90189 40.86219 -122.90622 40.86622 -122.90824 40.86928 -122.91264 40.87224 -122.92069 40.8749 -122.92325 40.87711 -122.92518 40.88239 -122.93152 40.88904 -122.93732 40.89796 -122.94322 40.9024 -122.94708 40.90953 -122.9517 40.91669 -122.9557 40.92205 -122.959 40.92656 -122.95983 40.93578 -122.9548 40.94039 -122.95199 40.94639 -122.94862 40.95094 -122.94823 40.95861 -122.94983 40.96399 -122.95252 40.96792 -122.9582 40.97378 -122.9597 40.98147 -122.96069 40.98728 -122.96401 40.99314 -122.96552 40.99791 -122.97367 40.99961 -122.97802 41.00129 -122.98298</georss:line></item><item><guid isPermaLink="false">d9029a69-a2bd-4f10-b6ee-1749d24685fb</guid><a10:author><a10:name>Simon Hope</a10:name></a10:author><title /><description /><pubDate>Tue, 01 May 2012 21:57:24 +1000</pubDate><a10:link href="http://www.mapbutcher.com/" /><a10:rights type="text">Copyright 2011</a10:rights><a10:content type="text"></a10:content><a10:contributor><a10:name>mapbutcher@mapbutcher.com</a10:name></a10:contributor><georss:line>40.84366 -123.48164 40.84954 -123.46798 40.85469 -123.46279 40.86147 -123.46378 40.86553 -123.43542 40.87465 -123.4341 40.88139 -123.4363 40.89493 -123.42428 40.90436 -123.42785 40.91061 -123.41663 40.92254 -123.39781 40.9355 -123.3894 40.94831 -123.38644 40.95127 -123.37869 40.94794 -123.36877 40.9524 -123.35622 40.95986 -123.34993 40.97 -123.345 40.97622 -123.3496 40.97817 -123.34483 40.98682 -123.34409 40.99087 -123.34554 40.99408 -123.34449 41.00173 -123.34673 41.00347 -123.34927 41.00619 -123.34941 41.01348 -123.34859 41.01763 -123.34638 41.02976 -123.35069</georss:line></item><item><guid isPermaLink="false">3f11bb4d-8bba-49b9-ab07-a823a11dd71d</guid><a10:author><a10:name>Simon Hope</a10:name></a10:author><title /><description /><pubDate>Tue, 01 May 2012 21:57:24 +1000</pubDate><a10:link href="http://www.mapbutcher.com/" /><a10:rights type="text">Copyright 2011</a10:rights><a10:content type="text"></a10:content><a10:contributor><a10:name>mapbutcher@mapbutcher.com</a10:name></a10:contributor><georss:line>40.84366 -123.48164 40.85042 -123.48323 40.85875 -123.49282 40.86517 -123.50535 40.85816 -123.51164 40.86393 -123.51562 40.86701 -123.51884 40.87505 -123.53754 40.87906 -123.5256 40.88428 -123.53259 40.87996 -123.54025 40.8812 -123.54397 40.8853 -123.54359 40.88278 -123.55136 40.88217 -123.55619 40.89291 -123.56107 40.89276 -123.56593 40.88947 -123.56938 40.89396 -123.58485 40.8879 -123.58998 40.88981 -123.60104</georss:line></item><item><guid isPermaLink="false">196d87ba-0cf2-4f88-a7d3-d0f78907fb02</guid><a10:author><a10:name>Simon Hope</a10:name></a10:author><title /><description /><pubDate>Tue, 01 May 2012 21:57:24 +1000</pubDate><a10:link href="http://www.mapbutcher.com/" /><a10:rights type="text">Copyright 2011</a10:rights><a10:content type="text"></a10:content><a10:contributor><a10:name>mapbutcher@mapbutcher.com</a10:name></a10:contributor><georss:line>40.83477 -120.25419 40.84384 -120.25429 40.85388 -120.24285 40.85986 -120.23015 40.8631 -120.21742 40.86771 -120.20531 40.8728 -120.18653 40.87691 -120.18049 40.88371 -120.18116 40.88694 -120.17208 40.89239 -120.17091 40.89469 -120.16485 40.90062 -120.15822 40.90698 -120.15645 40.91517 -120.15166 40.92427 -120.14749 40.93514 -120.15002 40.94243 -120.14462 40.94925 -120.14224 40.9556 -120.1423 40.9606 -120.13991 40.96559 -120.13935</georss:line></item><item><guid isPermaLink="false">8c5e3ffd-a85d-4930-b66b-8cbcf7dec7ec</guid><a10:author><a10:name>Simon Hope</a10:name></a10:author><title /><description /><pubDate>Tue, 01 May 2012 21:57:24 +1000</pubDate><a10:link href="http://www.mapbutcher.com/" /><a10:rights type="text">Copyright 2011</a10:rights><a10:content type="text"></a10:content><a10:contributor><a10:name>mapbutcher@mapbutcher.com</a10:name></a10:contributor><georss:line>40.83442 -121.25523 40.84702 -121.26222 40.85337 -121.26299 40.86161 -121.25712 40.86651 -121.26392 40.87464 -121.26656 40.87965 -121.26546 40.88282 -121.26555 40.89646 -121.26345 40.90239 -121.26117 40.90915 -121.26438 40.92045 -121.2677 40.92673 -121.27272 40.9359 -121.26626 40.94215 -121.27311 40.94932 -121.27998 40.94963 -121.29033 40.96318 -121.29433 40.96524 -121.3096 40.97373 -121.31834 40.9788 -121.31299 40.98825 -121.31871 40.9928 -121.31761 40.9996 -121.31839 41.00588 -121.32343 41.01167 -121.33088 41.01477 -121.33644 41.02061 -121.34025 41.03282 -121.34361 41.03596 -121.34552 41.04715 -121.35617</georss:line></item><item><guid isPermaLink="false">54cc2c7a-c5ba-4762-9f24-289ed3cb109e</guid><a10:author><a10:name>Simon Hope</a10:name></a10:author><title /><description /><pubDate>Tue, 01 May 2012 21:57:24 +1000</pubDate><a10:link href="http://www.mapbutcher.com/" /><a10:rights type="text">Copyright 2011</a10:rights><a10:content type="text"></a10:content><a10:contributor><a10:name>mapbutcher@mapbutcher.com</a10:name></a10:contributor><georss:line>40.8213 -122.14479 40.8255 -122.13887 40.83787 -122.13326 40.85202 -122.12953 40.85306 -122.12288 40.85902 -122.12006 40.86316 -122.11718 40.86849 -122.12284 40.87587 -122.11703 40.88184 -122.11361 40.89217 -122.11886 40.90307 -122.11865 40.91024 -122.12317 40.9109 -122.11346 40.91817 -122.11252 40.92063 -122.10349 40.93044 -122.08985 40.93815 -122.09013 40.94192 -122.08296 40.94612 -122.07764 40.95216 -122.07056 40.95814 -122.06651 40.96641 -122.06134 40.97193 -122.05788 40.98054 -122.0582 40.98824 -122.05908 40.99635 -122.06242 41.00947 -122.06411 41.02312 -122.06278 41.03283 -122.05338 41.04617 -122.04472 41.06085 -122.03672 41.06636 -122.03387 41.07182 -122.03284 41.0774 -122.02634</georss:line></item><item><guid isPermaLink="false">0cfec9a6-9bbb-4d7e-b1f0-409ab8ba0e6b</guid><a10:author><a10:name>Simon Hope</a10:name></a10:author><title /><description /><pubDate>Tue, 01 May 2012 21:57:24 +1000</pubDate><a10:link href="http://www.mapbutcher.com/" /><a10:rights type="text">Copyright 2011</a10:rights><a10:content type="text"></a10:content><a10:contributor><a10:name>mapbutcher@mapbutcher.com</a10:name></a10:contributor><georss:line>40.81437 -121.08955 40.81422 -121.10108 40.82101 -121.10245 40.824 -121.1171 40.83161 -121.12516 40.84257 -121.11934 40.85838 -121.12517 40.87531 -121.11401 40.88075 -121.11413</georss:line></item><item><guid isPermaLink="false">de74ed82-0f21-4c1b-be38-d06454cd06c0</guid><a10:author><a10:name>Simon Hope</a10:name></a10:author><title /><description /><pubDate>Tue, 01 May 2012 21:57:24 +1000</pubDate><a10:link href="http://www.mapbutcher.com/" /><a10:rights type="text">Copyright 2011</a10:rights><a10:content type="text"></a10:content><a10:contributor><a10:name>mapbutcher@mapbutcher.com</a10:name></a10:contributor><georss:line>40.8101 -122.07149 40.81206 -122.06427 40.81679 -122.05473 40.81559 -122.04678 40.81031 -122.03809 40.81132 -122.03327 40.81459 -122.02853 40.81964 -122.02567 40.83602 -122.02322 40.84705 -122.01631 40.84224 -122.00702 40.84602 -121.99925 40.84804 -121.989 40.85145 -121.97696 40.85257 -121.96606 40.85449 -121.96066 40.85675 -121.96135 40.86496 -121.9592 40.87003 -121.95512 40.8759 -121.95654 40.88127 -121.96037 40.88789 -121.97033 40.89229 -121.97717 40.90162 -121.98723 40.91289 -121.99127 40.92501 -121.99778 40.93187 -121.99559 40.94326 -121.99295 40.95543 -121.99763 40.96099 -121.99113 40.97654 -121.9856 40.98756 -121.97868 41.00277 -121.96703 41.00379 -121.96098 41.00845 -121.95444 41.01451 -121.94612 41.01995 -121.9463 41.02192 -121.93845 41.02612 -121.93251 41.0195 -121.92254 41.02003 -121.9189 41.01827 -121.91579 41.017 -121.91087 41.01841 -121.90849 41.01986 -121.90366 41.01355 -121.90163 41.0118 -121.8979 41.00884 -121.88624 40.99702 -121.88766 40.999 -121.87859 40.99354 -121.87963 40.98969 -121.86671 40.98495 -121.85316 40.97863 -121.85113 40.96957 -121.85082 40.96254 -121.83781 40.96452 -121.82874 40.96083 -121.80732 40.95406 -121.80527 40.95277 -121.80097 40.9579 -121.79323 40.96249 -121.79095 40.96898 -121.78323 40.98222 -121.77879 40.9906 -121.76688 40.99478 -121.76154 40.99444 -121.75483 40.98918 -121.74431 40.99112 -121.73707 40.99207 -121.73466 40.99491 -121.72805 41.00554 -121.71742 41.00708 -121.70651 41.00353 -121.70213 41.00282 -121.69054 41.00844 -121.68037 41.01304 -121.67685 41.01582 -121.67389 41.01813 -121.67092</georss:line></item><item><guid isPermaLink="false">cae0c121-68b7-4e5d-a28c-4462f37fa8b4</guid><a10:author><a10:name>Simon Hope</a10:name></a10:author><title /><description /><pubDate>Tue, 01 May 2012 21:57:24 +1000</pubDate><a10:link href="http://www.mapbutcher.com/" /><a10:rights type="text">Copyright 2011</a10:rights><a10:content type="text"></a10:content><a10:contributor><a10:name>mapbutcher@mapbutcher.com</a10:name></a10:contributor><georss:line>40.80033 -122.77265 40.79957 -122.76715</georss:line></item><item><guid isPermaLink="false">9a560031-5597-4c01-912e-a2710d453745</guid><a10:author><a10:name>Simon Hope</a10:name></a10:author><title /><description /><pubDate>Tue, 01 May 2012 21:57:24 +1000</pubDate><a10:link href="http://www.mapbutcher.com/" /><a10:rights type="text">Copyright 2011</a10:rights><a10:content type="text"></a10:content><a10:contributor><a10:name>mapbutcher@mapbutcher.com</a10:name></a10:contributor><georss:line>40.79957 -122.76715 40.7993 -122.75985</georss:line></item><item><guid isPermaLink="false">dc031f7b-1a9c-45ef-bdc7-08a5d4e8a0e7</guid><a10:author><a10:name>Simon Hope</a10:name></a10:author><title /><description /><pubDate>Tue, 01 May 2012 21:57:24 +1000</pubDate><a10:link href="http://www.mapbutcher.com/" /><a10:rights type="text">Copyright 2011</a10:rights><a10:content type="text"></a10:content><a10:contributor><a10:name>mapbutcher@mapbutcher.com</a10:name></a10:contributor><georss:line>40.79957 -122.76715 40.79366 -122.76749</georss:line></item><item><guid isPermaLink="false">329911ec-9100-4324-b9fc-b9a78135d495</guid><a10:author><a10:name>Simon Hope</a10:name></a10:author><title /><description /><pubDate>Tue, 01 May 2012 21:57:24 +1000</pubDate><a10:link href="http://www.mapbutcher.com/" /><a10:rights type="text">Copyright 2011</a10:rights><a10:content type="text"></a10:content><a10:contributor><a10:name>mapbutcher@mapbutcher.com</a10:name></a10:contributor><georss:line>40.76841 -123.12943 40.78634 -123.13703 40.79285 -123.1477 40.80179 -123.1524 40.81753 -123.15747 40.82134 -123.15159 40.8255 -123.14877 40.82632 -123.15184 40.83068 -123.15815 40.83281 -123.16312 40.84529 -123.17106 40.85151 -123.15983 40.8547 -123.15939 40.8587 -123.16264 40.86588 -123.16544 40.87728 -123.16359 40.88767 -123.16534 40.90113 -123.17091 40.91391 -123.15271 40.92237 -123.15862 40.92971 -123.15595 40.94964 -123.1576 40.96882 -123.15372 40.97857 -123.16214 40.98676 -123.16135 41.01307 -123.16209 41.02116 -123.16495 41.02766 -123.15981 41.04442 -123.16128 41.05317 -123.17271 41.06039 -123.1743 41.06203 -123.18048</georss:line></item><item><guid isPermaLink="false">0dc5f9a7-6f84-4820-b181-5f68d6bc5bf0</guid><a10:author><a10:name>Simon Hope</a10:name></a10:author><title /><description /><pubDate>Tue, 01 May 2012 21:57:24 +1000</pubDate><a10:link href="http://www.mapbutcher.com/" /><a10:rights type="text">Copyright 2011</a10:rights><a10:content type="text"></a10:content><a10:contributor><a10:name>mapbutcher@mapbutcher.com</a10:name></a10:contributor><georss:line>40.76841 -123.12943 40.76156 -123.1467 40.74963 -123.16673 40.74531 -123.175 40.74187 -123.18392 40.73993 -123.18807 40.73843 -123.19286 40.73599 -123.19879 40.73634 -123.20245 40.74022 -123.20934 40.74226 -123.21733 40.74063 -123.22635 40.7359 -123.23278 40.73543 -123.23336 40.73925 -123.24267 40.7393 -123.25603 40.74088 -123.264 40.74253 -123.26955 40.75927 -123.28683 40.76623 -123.29692 40.7664 -123.30665 40.77037 -123.3105 40.7753 -123.31259 40.77339 -123.33071 40.79126 -123.35537 40.79272 -123.36699 40.79158 -123.37482 40.79465 -123.37804 40.79884 -123.38981 40.79812 -123.39827 40.79514 -123.40662 40.79174 -123.41372 40.78754 -123.41774 40.78331 -123.42236 40.7832 -123.426 40.79085 -123.44283 40.79052 -123.45313 40.79758 -123.45961 40.80333 -123.46479 40.80457 -123.46851 40.80982 -123.47488 40.81832 -123.479 40.82634 -123.4837 40.84366 -123.48164</georss:line></item><item><guid isPermaLink="false">634e73bd-4db0-4b58-b729-dcdc5501e9b8</guid><a10:author><a10:name>Simon Hope</a10:name></a10:author><title /><description /><pubDate>Tue, 01 May 2012 21:57:24 +1000</pubDate><a10:link href="http://www.mapbutcher.com/" /><a10:rights type="text">Copyright 2011</a10:rights><a10:content type="text"></a10:content><a10:contributor><a10:name>mapbutcher@mapbutcher.com</a10:name></a10:contributor><georss:line>40.7251 -123.0556 40.74369 -123.05653 40.74735 -123.0555 40.75402 -123.0601 40.76553 -123.0546 40.77716 -123.06065 40.78588 -123.05744 40.80063 -123.06547 40.80616 -123.06271 40.81651 -123.06566 40.8248 -123.06122 40.83414 -123.05196 40.84578 -123.0416 40.85607 -123.04698 40.86356 -123.03884 40.87096 -123.03374 40.87523 -123.02726 40.89113 -123.02684 40.89939 -123.0236 40.91795 -123.02573 40.92977 -123.02511 40.93445 -123.01986 40.94164 -123.02265 40.94761 -123.01991 40.95295 -123.02383 40.96426 -123.0256 40.96748 -123.02394 40.97287 -123.02603</georss:line></item><item><guid isPermaLink="false">5954590f-da06-485b-80f6-e7bfc25c82ab</guid><a10:author><a10:name>Simon Hope</a10:name></a10:author><title /><description /><pubDate>Tue, 01 May 2012 21:57:24 +1000</pubDate><a10:link href="http://www.mapbutcher.com/" /><a10:rights type="text">Copyright 2011</a10:rights><a10:content type="text"></a10:content><a10:contributor><a10:name>mapbutcher@mapbutcher.com</a10:name></a10:contributor><georss:line>40.7251 -123.0556 40.74384 -123.06748 40.75283 -123.07036 40.75686 -123.07238 40.76043 -123.07439 40.76285 -123.08543 40.76378 -123.10066 40.76647 -123.1178 40.76841 -123.12943</georss:line></item><item><guid isPermaLink="false">991f63ad-86bb-4b37-acef-517fc9a1ffaa</guid><a10:author><a10:name>Simon Hope</a10:name></a10:author><title /><description /><pubDate>Tue, 01 May 2012 21:57:24 +1000</pubDate><a10:link href="http://www.mapbutcher.com/" /><a10:rights type="text">Copyright 2011</a10:rights><a10:content type="text"></a10:content><a10:contributor><a10:name>mapbutcher@mapbutcher.com</a10:name></a10:contributor><georss:line>40.72805 -122.79482 40.72492 -122.79285</georss:line></item><item><guid isPermaLink="false">ba6c5c99-008b-4d58-867c-de42763c0f33</guid><a10:author><a10:name>Simon Hope</a10:name></a10:author><title /><description /><pubDate>Tue, 01 May 2012 21:57:24 +1000</pubDate><a10:link href="http://www.mapbutcher.com/" /><a10:rights type="text">Copyright 2011</a10:rights><a10:content type="text"></a10:content><a10:contributor><a10:name>mapbutcher@mapbutcher.com</a10:name></a10:contributor><georss:line>40.72232 -121.7468 40.71887 -121.73699 40.71725 -121.72542 40.733 -121.7071 40.74304 -121.70377 40.76381 -121.70927 40.77269 -121.72108 40.78043 -121.71951 40.78819 -121.71671 40.79726 -121.717 40.80363 -121.71598 40.80726 -121.71609 40.81438 -121.7236 40.81717 -121.72005 40.82129 -121.71774 40.83261 -121.71931 40.83942 -121.71892 40.84428 -121.72636 40.85421 -121.72971 40.85748 -121.72434 40.8639 -121.72089 40.86631 -121.71246 40.86692 -121.70337 40.86621 -121.6918 40.86914 -121.67973 40.87292 -121.67134 40.87703 -121.66964 40.88789 -121.67119 40.89554 -121.67507 40.90099 -121.67463 40.90833 -121.66999 40.91483 -121.66167 40.9213 -121.65457 40.92639 -121.64864 40.9296 -121.64691 40.93499 -121.65012 40.9395 -121.65147 40.94575 -121.65775 40.95432 -121.66105 40.95839 -121.66179 40.96202 -121.66129 40.9702 -121.66093 40.97701 -121.66113 40.98066 -121.65942 40.98759 -121.65232 40.98593 -121.64314 40.99188 -121.64028 40.99596 -121.6404 41.00045 -121.64297 41.00446 -121.64796 41.00799 -121.65356 41.01249 -121.65613 41.01698 -121.6587</georss:line></item><item><guid isPermaLink="false">a78c37fd-76b8-451c-8a2f-63e603ac272c</guid><a10:author><a10:name>Simon Hope</a10:name></a10:author><title /><description /><pubDate>Tue, 01 May 2012 21:57:24 +1000</pubDate><a10:link href="http://www.mapbutcher.com/" /><a10:rights type="text">Copyright 2011</a10:rights><a10:content type="text"></a10:content><a10:contributor><a10:name>mapbutcher@mapbutcher.com</a10:name></a10:contributor><georss:line>40.71551 -122.41687 40.71722 -122.42119</georss:line></item><item><guid isPermaLink="false">8a5aa200-08ac-4681-9ee9-a21c6ed6c363</guid><a10:author><a10:name>Simon Hope</a10:name></a10:author><title /><description /><pubDate>Tue, 01 May 2012 21:57:24 +1000</pubDate><a10:link href="http://www.mapbutcher.com/" /><a10:rights type="text">Copyright 2011</a10:rights><a10:content type="text"></a10:content><a10:contributor><a10:name>mapbutcher@mapbutcher.com</a10:name></a10:contributor><georss:line>40.71551 -122.41687 40.71192 -122.4149</georss:line></item><item><guid isPermaLink="false">8f429c03-2269-4a15-8a36-a3c9b462a799</guid><a10:author><a10:name>Simon Hope</a10:name></a10:author><title /><description /><pubDate>Tue, 01 May 2012 21:57:24 +1000</pubDate><a10:link href="http://www.mapbutcher.com/" /><a10:rights type="text">Copyright 2011</a10:rights><a10:content type="text"></a10:content><a10:contributor><a10:name>mapbutcher@mapbutcher.com</a10:name></a10:contributor><georss:line>41.28399 -124.09574 41.28496 -124.09429 41.28831 -124.08929 41.29168 -124.08401 41.29317 -124.08043 41.2919 -124.0779 41.28736 -124.07761 41.28519 -124.07501 41.28651 -124.06347 41.28718 -124.0574 41.28951 -124.05571 41.2923 -124.05405 41.29748 -124.04888 41.29625 -124.04513 41.29649 -124.03841 41.2944 -124.03338 41.29124 -124.03257 41.28673 -124.03167 41.2812 -124.03376 41.27448 -124.03149 41.26597 -124.02789 41.25783 -124.0139 41.25203 -124.01109 41.2465 -124.01318 41.24046 -124.01707 41.23489 -124.02039 41.2307 -124.02318 41.22776 -124.01626 41.22153 -124.0128 41.21654 -124.01249 41.21164 -124.00974 41.20895 -124.00894 41.2059 -124.01792 41.20092 -124.00477 41.19384 -123.99943 41.19375 -123.98903 41.19172 -123.98218 41.18777 -123.97826 41.18763 -123.96908 41.18413 -123.96519 41.17664 -123.95861 41.17007 -123.95148 41.16252 -123.94672 41.15721 -123.94273 41.15149 -123.93748 41.14024 -123.93433 41.1244 -123.93272 41.12066 -123.92272 41.11396 -123.91925 41.10591 -123.9157 41.09905 -123.9171 41.09581 -123.91872 41.08786 -123.91212 41.08649 -123.89923 41.08227 -123.88982 41.07836 -123.88469 41.07346 -123.88194 41.06356 -123.8795 41.05509 -123.87471 41.04644 -123.87539 41.0426 -123.88125 41.03634 -123.87843 41.03504 -123.88993 41.02869 -123.88953 41.03109 -123.87261 41.02747 -123.87239 41.02095 -123.89027 41.01607 -123.88692 41.02007 -123.8762 41.01397 -123.86851 41.00505 -123.86369 40.99614 -123.85888 40.97787 -123.84861 40.96489 -123.84294 40.95599 -123.83752 40.94417 -123.83801 40.9356 -123.83627 40.9246 -123.82586 40.91702 -123.82174 40.91175 -123.81655 40.90545 -123.81495 40.89787 -123.81084 40.89006 -123.81341 40.87638 -123.80163 40.86651 -123.79799 40.85736 -123.78648 40.84949 -123.7775 40.83868 -123.77502 40.81764 -123.76585 40.81202 -123.75761 40.80052 -123.74841 40.79113 -123.7442 40.78171 -123.7406 40.77151 -123.73331 40.76932 -123.73074 40.76315 -123.72552 40.75639 -123.7239 40.7505 -123.72355 40.72046 -123.71205 40.71502 -123.71173 40.7116 -123.71881 40.70705 -123.71915</georss:line></item><item><guid isPermaLink="false">edd90a9e-ea64-4a1d-9ead-96ba5d30073f</guid><a10:author><a10:name>Simon Hope</a10:name></a10:author><title /><description /><pubDate>Tue, 01 May 2012 21:57:25 +1000</pubDate><a10:link href="http://www.mapbutcher.com/" /><a10:rights type="text">Copyright 2011</a10:rights><a10:content type="text"></a10:content><a10:contributor><a10:name>mapbutcher@mapbutcher.com</a10:name></a10:contributor><georss:line>40.69207 -122.44926 40.69982 -122.44776 40.70401 -122.44308 40.70541 -122.44132 40.70744 -122.43231 40.7084 -122.42992 40.70846 -122.4275 40.71037 -122.42333 40.71551 -122.41687</georss:line></item><item><guid isPermaLink="false">d561f721-3de5-4c73-b8b8-73d36cf028d0</guid><a10:author><a10:name>Simon Hope</a10:name></a10:author><title /><description /><pubDate>Tue, 01 May 2012 21:57:25 +1000</pubDate><a10:link href="http://www.mapbutcher.com/" /><a10:rights type="text">Copyright 2011</a10:rights><a10:content type="text"></a10:content><a10:contributor><a10:name>mapbutcher@mapbutcher.com</a10:name></a10:contributor><georss:line>40.65609 -122.99093 40.6551 -123.01028 40.65569 -123.02183 40.66098 -123.02754 40.66821 -123.02851 40.68588 -123.02999 40.69898 -123.04823 40.71649 -123.05518 40.72102 -123.0554 40.7251 -123.0556</georss:line></item><item><guid isPermaLink="false">1c52aeb3-f8b4-449b-86f5-829d90e92606</guid><a10:author><a10:name>Simon Hope</a10:name></a10:author><title /><description /><pubDate>Tue, 01 May 2012 21:57:25 +1000</pubDate><a10:link href="http://www.mapbutcher.com/" /><a10:rights type="text">Copyright 2011</a10:rights><a10:content type="text"></a10:content><a10:contributor><a10:name>mapbutcher@mapbutcher.com</a10:name></a10:contributor><georss:line>40.64705 -122.62377 40.66309 -122.63599 40.67803 -122.63725 40.68341 -122.63992 40.69292 -122.64095 40.69849 -122.63573 40.6978 -122.62721 40.70014 -122.62428 40.70518 -122.62208 40.70881 -122.62224 40.71292 -122.62121 40.71615 -122.61892 40.72076 -122.61609 40.72714 -122.61516 40.73484 -122.61549 40.74281 -122.62373 40.74837 -122.61912 40.7557 -122.6164 40.75806 -122.61287 40.76311 -122.61005 40.76898 -122.61153 40.77578 -122.61182 40.78167 -122.61208 40.78986 -122.61122 40.79716 -122.60973 40.8049 -122.60885 40.81353 -122.60862 40.82217 -122.60778 40.82899 -122.60747 40.84116 -122.61104 40.8447 -122.596 40.84799 -122.59129 40.8526 -122.58845 40.85721 -122.58561 40.8627 -122.58342 40.87149 -122.5765 40.87772 -122.58163 40.8845 -122.58315 40.88867 -122.57967 40.89238 -122.57619 40.90462 -122.57672 40.91302 -122.58621 40.9202 -122.58957 40.92792 -122.58929</georss:line></item><item><guid isPermaLink="false">b04f0918-093e-4d20-bafe-fd24d11f1244</guid><a10:author><a10:name>Simon Hope</a10:name></a10:author><title /><description /><pubDate>Tue, 01 May 2012 21:57:25 +1000</pubDate><a10:link href="http://www.mapbutcher.com/" /><a10:rights type="text">Copyright 2011</a10:rights><a10:content type="text"></a10:content><a10:contributor><a10:name>mapbutcher@mapbutcher.com</a10:name></a10:contributor><georss:line>40.72492 -122.79285 40.72043 -122.80842 40.71735 -122.80463 40.71502 -122.80695 40.70907 -122.8091 40.70219 -122.81181 40.7033 -122.82157 40.71239 -122.82078 40.71457 -122.82452 40.71972 -122.83569 40.70251 -122.83427 40.704 -122.84647 40.69379 -122.85509 40.69368 -122.85933 40.69247 -122.8708 40.68175 -122.8812 40.67714 -122.88402 40.67827 -122.89256 40.68889 -122.88579 40.69101 -122.89135 40.67652 -122.90704 40.67613 -122.92157 40.66878 -122.92485 40.66914 -122.91153 40.66602 -122.90956 40.66348 -122.90277 40.65946 -122.90015 40.65588 -122.89816 40.65959 -122.91228 40.66076 -122.91962 40.65908 -122.93105 40.6571 -122.93702 40.65515 -122.94238 40.65271 -122.94833 40.64567 -122.95708 40.64636 -122.96499 40.65546 -122.96422 40.66092 -122.96388 40.66535 -122.96774 40.66379 -122.97493 40.65609 -122.99093</georss:line></item><item><guid isPermaLink="false">965a3be1-307a-4fc8-a6da-8b42a41c530c</guid><a10:author><a10:name>Simon Hope</a10:name></a10:author><title /><description /><pubDate>Tue, 01 May 2012 21:57:25 +1000</pubDate><a10:link href="http://www.mapbutcher.com/" /><a10:rights type="text">Copyright 2011</a10:rights><a10:content type="text"></a10:content><a10:contributor><a10:name>mapbutcher@mapbutcher.com</a10:name></a10:contributor><georss:line>40.63595 -120.0086 40.64227 -120.01591 40.64539 -120.02744 40.64942 -120.04201 40.65435 -120.05416 40.65384 -120.06809 40.65516 -120.07658 40.65605 -120.08022 40.66511 -120.08273 40.6696 -120.09306 40.67185 -120.09732 40.67773 -120.10101 40.68222 -120.10953 40.68354 -120.11924 40.69397 -120.11933 40.70667 -120.11884 40.71846 -120.12076 40.72844 -120.11903 40.73615 -120.1203 40.74068 -120.11974 40.74747 -120.12283 40.75018 -120.1271 40.74879 -120.13133 40.74652 -120.13313 40.74286 -120.13917 40.74057 -120.14339 40.73872 -120.15126 40.73867 -120.15975 40.73729 -120.16277 40.73953 -120.16825 40.74085 -120.17615 40.7399 -120.18403 40.74707 -120.19926 40.74885 -120.20657 40.74699 -120.21504</georss:line></item><item><guid isPermaLink="false">022ac60f-9436-43fa-a01c-15317fd7f18c</guid><a10:author><a10:name>Simon Hope</a10:name></a10:author><title /><description /><pubDate>Tue, 01 May 2012 21:57:25 +1000</pubDate><a10:link href="http://www.mapbutcher.com/" /><a10:rights type="text">Copyright 2011</a10:rights><a10:content type="text"></a10:content><a10:contributor><a10:name>mapbutcher@mapbutcher.com</a10:name></a10:contributor><georss:line>40.72492 -122.79285 40.71239 -122.7862 40.70267 -122.77604 40.68986 -122.76211 40.67682 -122.73968 40.65854 -122.70914 40.64313 -122.67208 40.6355 -122.65053 40.6408 -122.63804 40.64705 -122.62377</georss:line></item><item><guid isPermaLink="false">aac0280a-f9fb-4e95-a744-587006a539e4</guid><a10:author><a10:name>Simon Hope</a10:name></a10:author><title /><description /><pubDate>Tue, 01 May 2012 21:57:25 +1000</pubDate><a10:link href="http://www.mapbutcher.com/" /><a10:rights type="text">Copyright 2011</a10:rights><a10:content type="text"></a10:content><a10:contributor><a10:name>mapbutcher@mapbutcher.com</a10:name></a10:contributor><georss:line>40.61536 -122.52726 40.6179 -122.51585 40.62231 -122.50211 40.62553 -122.48104 40.62925 -122.45759</georss:line></item><item><guid isPermaLink="false">d6021ba4-76e5-4b19-9b31-12832211fa56</guid><a10:author><a10:name>Simon Hope</a10:name></a10:author><title /><description /><pubDate>Tue, 01 May 2012 21:57:25 +1000</pubDate><a10:link href="http://www.mapbutcher.com/" /><a10:rights type="text">Copyright 2011</a10:rights><a10:content type="text"></a10:content><a10:contributor><a10:name>mapbutcher@mapbutcher.com</a10:name></a10:contributor><georss:line>40.88981 -123.60104 40.88569 -123.60202 40.88075 -123.60052 40.87815 -123.61071 40.87978 -123.61628 40.87492 -123.61234 40.87474 -123.60382 40.87038 -123.5981 40.86597 -123.59419 40.86577 -123.58627 40.86398 -123.58556 40.85931 -123.58955 40.85695 -123.59245 40.85389 -123.58863 40.85414 -123.58074 40.85054 -123.57992 40.84646 -123.57969 40.83933 -123.57563 40.8391 -123.56832 40.83684 -123.56819 40.83355 -123.57165 40.83136 -123.56909 40.82923 -123.56471 40.82509 -123.5663 40.82174 -123.57158 40.81721 -123.57132 40.80653 -123.56463 40.8058 -123.55912 40.79447 -123.55846 40.78891 -123.56179 40.79475 -123.56395 40.79504 -123.56883 40.79008 -123.56793 40.78462 -123.56823 40.78474 -123.56459 40.78572 -123.56222 40.7821 -123.56201 40.77977 -123.5637 40.7767 -123.56049 40.77283 -123.55358 40.77102 -123.55348 40.76633 -123.55807 40.76195 -123.55296 40.75819 -123.557 40.75457 -123.55679 40.75421 -123.55373 40.75149 -123.55358 40.74822 -123.55643 40.74464 -123.55501 40.74251 -123.55064 40.73494 -123.54596 40.73048 -123.54327 40.72615 -123.53696 40.71924 -123.52564 40.71379 -123.52594 40.70267 -123.51864 40.69951 -123.51785 40.69075 -123.50765 40.68392 -123.50848 40.6741 -123.50307 40.66857 -123.50579 40.66332 -123.49944 40.65989 -123.49318 40.65481 -123.49593 40.65026 -123.49628 40.64486 -123.49476 40.63865 -123.49017 40.637 -123.48462 40.63353 -123.47958 40.62324 -123.47475 40.61454 -123.46275 40.61344 -123.4542</georss:line></item><item><guid isPermaLink="false">f359e95a-02dc-430b-b7a7-58706d83a841</guid><a10:author><a10:name>Simon Hope</a10:name></a10:author><title /><description /><pubDate>Tue, 01 May 2012 21:57:25 +1000</pubDate><a10:link href="http://www.mapbutcher.com/" /><a10:rights type="text">Copyright 2011</a10:rights><a10:content type="text"></a10:content><a10:contributor><a10:name>mapbutcher@mapbutcher.com</a10:name></a10:contributor><georss:line>40.59732 -122.54163 40.59929 -122.53506</georss:line></item><item><guid isPermaLink="false">097ac1de-742d-4d81-8f06-f0c4031b8f9f</guid><a10:author><a10:name>Simon Hope</a10:name></a10:author><title /><description /><pubDate>Tue, 01 May 2012 21:57:25 +1000</pubDate><a10:link href="http://www.mapbutcher.com/" /><a10:rights type="text">Copyright 2011</a10:rights><a10:content type="text"></a10:content><a10:contributor><a10:name>mapbutcher@mapbutcher.com</a10:name></a10:contributor><georss:line>40.59665 -122.5507 40.59732 -122.54163</georss:line></item><item><guid isPermaLink="false">4150316b-2efd-4431-90ac-ed99a614ef41</guid><a10:author><a10:name>Simon Hope</a10:name></a10:author><title /><description /><pubDate>Tue, 01 May 2012 21:57:25 +1000</pubDate><a10:link href="http://www.mapbutcher.com/" /><a10:rights type="text">Copyright 2011</a10:rights><a10:content type="text"></a10:content><a10:contributor><a10:name>mapbutcher@mapbutcher.com</a10:name></a10:contributor><georss:line>40.56662 -121.29765 40.61423 -121.29886 40.62468 -121.29791 40.6306 -121.29624 40.63517 -121.29394 40.63928 -121.29162 40.64566 -121.28935 40.64978 -121.28703 40.65656 -121.28902 40.6643 -121.28679 40.66844 -121.28265 40.67252 -121.28336 40.67613 -121.28466 40.68062 -121.2878 40.68372 -121.29273 40.68639 -121.29644 40.69268 -121.30084 40.69489 -121.30514 40.69711 -121.30884 40.70376 -121.31931 40.7082 -121.32671 40.71268 -121.32985 40.71902 -121.33062 40.72494 -121.32956 40.73081 -121.33153 40.73488 -121.33224 40.73895 -121.33295 40.74391 -121.33551 40.7466 -121.33739 40.74749 -121.33863</georss:line></item><item><guid isPermaLink="false">4f204bdd-a91f-4acc-badf-afa994f39558</guid><a10:author><a10:name>Simon Hope</a10:name></a10:author><title /><description /><pubDate>Tue, 01 May 2012 21:57:25 +1000</pubDate><a10:link href="http://www.mapbutcher.com/" /><a10:rights type="text">Copyright 2011</a10:rights><a10:content type="text"></a10:content><a10:contributor><a10:name>mapbutcher@mapbutcher.com</a10:name></a10:contributor><georss:line>40.60398 -123.76031 40.59892 -123.77576 40.59806 -123.78783 40.60088 -123.7983 40.60125 -123.81408 40.61009 -123.82128 40.6138 -123.83241 40.61017 -123.84553 40.61212 -123.86807 40.61509 -123.88705 40.62017 -123.89766 40.61751 -123.90901 40.60071 -123.90919 40.59536 -123.91916 40.5894 -123.93394 40.57544 -123.93064 40.56983 -123.93513 40.56546 -123.94334</georss:line></item><item><guid isPermaLink="false">494979ca-5c35-4af6-bc65-e3c2f365ba05</guid><a10:author><a10:name>Simon Hope</a10:name></a10:author><title /><description /><pubDate>Tue, 01 May 2012 21:57:25 +1000</pubDate><a10:link href="http://www.mapbutcher.com/" /><a10:rights type="text">Copyright 2011</a10:rights><a10:content type="text"></a10:content><a10:contributor><a10:name>mapbutcher@mapbutcher.com</a10:name></a10:contributor><georss:line>40.70555 -121.98946 40.69889 -122.005 40.69783 -122.01285 40.6982 -122.01711 40.69986 -122.02505 40.6918 -122.04234 40.68855 -122.04587 40.68865 -122.06346 40.68583 -122.06821 40.67859 -122.06734 40.67631 -122.06786 40.67028 -122.07432 40.66344 -122.07589 40.65615 -122.07745 40.64893 -122.07536 40.63968 -122.08411 40.63408 -122.09179 40.62379 -122.10656 40.61964 -122.11005 40.61625 -122.12022 40.61424 -122.12984 40.60849 -122.14416 40.60429 -122.15005 40.60232 -122.15725 40.5958 -122.16549 40.58793 -122.17307 40.57873 -122.17877 40.56951 -122.18569 40.56433 -122.19457 40.56321 -122.20482 40.56151 -122.22049</georss:line></item><item><guid isPermaLink="false">2eacf35d-ecb5-464e-bf93-f9e800f64d3b</guid><a10:author><a10:name>Simon Hope</a10:name></a10:author><title /><description /><pubDate>Tue, 01 May 2012 21:57:25 +1000</pubDate><a10:link href="http://www.mapbutcher.com/" /><a10:rights type="text">Copyright 2011</a10:rights><a10:content type="text"></a10:content><a10:contributor><a10:name>mapbutcher@mapbutcher.com</a10:name></a10:contributor><georss:line>40.56151 -122.22049 40.55673 -122.23181</georss:line></item><item><guid isPermaLink="false">8f47b3b3-3db1-49f1-9fe9-27d7dd766b5d</guid><a10:author><a10:name>Simon Hope</a10:name></a10:author><title /><description /><pubDate>Tue, 01 May 2012 21:57:25 +1000</pubDate><a10:link href="http://www.mapbutcher.com/" /><a10:rights type="text">Copyright 2011</a10:rights><a10:content type="text"></a10:content><a10:contributor><a10:name>mapbutcher@mapbutcher.com</a10:name></a10:contributor><georss:line>40.75183 -121.82178 40.75574 -121.83101 40.75651 -121.83892 40.75316 -121.84792 40.75391 -121.85644 40.7597 -121.86269 40.75579 -121.87774 40.75782 -121.89056 40.76587 -121.89629 40.76647 -121.9127 40.76214 -121.9259 40.74876 -121.93697 40.74436 -121.95381 40.74174 -121.99499 40.73738 -122.00879 40.74212 -122.0217 40.75016 -122.02805 40.7482 -122.03527 40.74614 -122.04733 40.74418 -122.05454 40.7408 -122.06474 40.73704 -122.07127 40.72698 -122.07516 40.71964 -122.07914 40.71143 -122.08127 40.70676 -122.08777 40.69681 -122.0862 40.69086 -122.0884 40.68447 -122.0906 40.67834 -122.10189 40.6777 -122.11096 40.67503 -122.13026 40.67215 -122.13804 40.66707 -122.14209 40.66722 -122.15665 40.66479 -122.16443 40.66093 -122.1752 40.65944 -122.18121 40.65125 -122.20393 40.64664 -122.20739 40.64472 -122.21216 40.63282 -122.21716 40.62591 -122.22175 40.61348 -122.23035 40.59677 -122.22668 40.58174 -122.22913 40.56858 -122.22924 40.55673 -122.23181</georss:line></item><item><guid isPermaLink="false">59953ad4-80ea-492a-9f38-7a6448f40a17</guid><a10:author><a10:name>Simon Hope</a10:name></a10:author><title /><description /><pubDate>Tue, 01 May 2012 21:57:25 +1000</pubDate><a10:link href="http://www.mapbutcher.com/" /><a10:rights type="text">Copyright 2011</a10:rights><a10:content type="text"></a10:content><a10:contributor><a10:name>mapbutcher@mapbutcher.com</a10:name></a10:contributor><georss:line>40.72229 -121.79958 40.71621 -121.8097 40.7146 -121.82299 40.71119 -121.83562 40.70185 -121.84986 40.70359 -121.87842 40.69592 -121.9006 40.70133 -121.92625 40.70312 -121.95118 40.70333 -121.96331 40.69181 -121.97262 40.69251 -121.98356 40.68999 -121.9962 40.67334 -122.01199 40.6651 -122.01593 40.65684 -122.02049 40.65101 -122.01725 40.64736 -122.01833 40.64133 -122.02479 40.63033 -122.03046 40.62457 -122.04601 40.6212 -122.05557 40.61932 -122.05914 40.61512 -122.06505 40.61183 -122.07038 40.60755 -122.07992 40.60513 -122.0871 40.60044 -122.0948 40.59758 -122.10136 40.59378 -122.1097 40.58775 -122.11614 40.58177 -122.12016 40.5766 -122.12905 40.57375 -122.135 40.57 -122.14091 40.56718 -122.14565 40.56186 -122.16119 40.55585 -122.16641 40.55266 -122.18869</georss:line></item><item><guid isPermaLink="false">f85d3623-008e-429c-b4d5-f8547a502922</guid><a10:author><a10:name>Simon Hope</a10:name></a10:author><title /><description /><pubDate>Tue, 01 May 2012 21:57:25 +1000</pubDate><a10:link href="http://www.mapbutcher.com/" /><a10:rights type="text">Copyright 2011</a10:rights><a10:content type="text"></a10:content><a10:contributor><a10:name>mapbutcher@mapbutcher.com</a10:name></a10:contributor><georss:line>40.55266 -122.18869 40.55696 -122.19975 40.55724 -122.20823 40.55572 -122.21543 40.56151 -122.22049</georss:line></item><item><guid isPermaLink="false">340f49b5-072c-40f6-997c-5d8776ad2128</guid><a10:author><a10:name>Simon Hope</a10:name></a10:author><title /><description /><pubDate>Tue, 01 May 2012 21:57:25 +1000</pubDate><a10:link href="http://www.mapbutcher.com/" /><a10:rights type="text">Copyright 2011</a10:rights><a10:content type="text"></a10:content><a10:contributor><a10:name>mapbutcher@mapbutcher.com</a10:name></a10:contributor><georss:line>40.58751 -120.09057 40.57667 -120.0826 40.56227 -120.05647 40.55323 -120.04854 40.54742 -120.02914 40.54974 -120.01585 40.55204 -120.0086 40.54909 -119.99788 40.54891 -119.99724</georss:line></item><item><guid isPermaLink="false">c5200e87-80e1-4866-a345-d9e80d42c2f9</guid><a10:author><a10:name>Simon Hope</a10:name></a10:author><title /><description /><pubDate>Tue, 01 May 2012 21:57:25 +1000</pubDate><a10:link href="http://www.mapbutcher.com/" /><a10:rights type="text">Copyright 2011</a10:rights><a10:content type="text"></a10:content><a10:contributor><a10:name>mapbutcher@mapbutcher.com</a10:name></a10:contributor><georss:line>40.56894 -119.9707 40.56264 -119.96806 40.55859 -119.96611 40.55719 -119.96848 40.55531 -119.97144 40.55302 -119.97257 40.55075 -119.9731 40.54797 -119.97603 40.54608 -119.97959 40.54506 -119.98561 40.54631 -119.9911 40.54817 -119.99548 40.54891 -119.99724</georss:line></item><item><guid isPermaLink="false">1ee0d616-c3b3-465e-ab2b-28e017ada56f</guid><a10:author><a10:name>Simon Hope</a10:name></a10:author><title /><description /><pubDate>Tue, 01 May 2012 21:57:25 +1000</pubDate><a10:link href="http://www.mapbutcher.com/" /><a10:rights type="text">Copyright 2011</a10:rights><a10:content type="text"></a10:content><a10:contributor><a10:name>mapbutcher@mapbutcher.com</a10:name></a10:contributor><georss:line>40.6199 -121.68845 40.6197 -121.69996 40.61985 -121.71753 40.61918 -121.72962 40.61896 -121.74233 40.61738 -121.75439 40.61497 -121.7628 40.61162 -121.77238 40.60875 -121.78077 40.60586 -121.78976 40.60304 -121.79512 40.60199 -121.80296 40.60223 -121.81509 40.60567 -121.82489 40.60825 -121.83284 40.60527 -121.84728 40.60371 -121.85752 40.5983 -121.88036 40.59903 -121.88947 40.60071 -121.89678 40.60283 -121.90473 40.59632 -121.91299 40.59354 -121.91592 40.59166 -121.91949 40.58701 -121.92538 40.58501 -121.93501 40.58485 -121.94347 40.5856 -121.95137 40.5873 -121.95749 40.5872 -121.96233 40.58753 -121.96899 40.58744 -121.97384 40.58911 -121.98116 40.5908 -121.98727 40.59058 -121.99877 40.58678 -122.00712 40.58438 -122.01369 40.5807 -122.01659 40.57958 -122.02684 40.57178 -122.0314 40.56455 -122.02994 40.55981 -122.04005 40.55593 -122.05263 40.55437 -122.06226 40.55377 -122.0695 40.55127 -122.0809 40.54696 -122.09225 40.54438 -122.10728 40.54472 -122.11274 40.54287 -122.13628</georss:line></item><item><guid isPermaLink="false">2308d78e-b787-481b-a252-f9b5b331132a</guid><a10:author><a10:name>Simon Hope</a10:name></a10:author><title /><description /><pubDate>Tue, 01 May 2012 21:57:25 +1000</pubDate><a10:link href="http://www.mapbutcher.com/" /><a10:rights type="text">Copyright 2011</a10:rights><a10:content type="text"></a10:content><a10:contributor><a10:name>mapbutcher@mapbutcher.com</a10:name></a10:contributor><georss:line>40.64262 -121.66007 40.64429 -121.668 40.65414 -121.67618 40.66139 -121.6764 40.66248 -121.69219 40.66682 -121.70323 40.66919 -121.72392 40.68654 -121.74325 40.69042 -121.75489 40.68744 -121.79482 40.68994 -121.80703 40.68346 -121.81409 40.68237 -121.82375 40.68077 -121.83704 40.68243 -121.84558 40.68271 -121.85468 40.68213 -121.86134 40.67871 -121.87456 40.675 -121.87868 40.673 -121.88892 40.66745 -121.89418 40.65965 -121.89877 40.65006 -121.90208 40.64496 -121.90797 40.64119 -121.91512 40.63738 -121.92467 40.63403 -121.93426 40.63258 -121.93845 40.63067 -121.94383 40.62962 -121.95107 40.62904 -121.95771 40.62606 -121.97094 40.62313 -121.98113 40.61875 -121.99673 40.61813 -122.00519 40.61489 -122.0081 40.61337 -122.01653 40.61186 -122.02374 40.6113 -122.02917 40.60984 -122.03397 40.60795 -122.03754 40.60334 -122.04161 40.6014 -122.0476 40.60079 -122.05545 40.6002 -122.06209 40.59877 -122.06567 40.59375 -122.06731 40.58784 -122.0677 40.58326 -122.06995 40.58051 -122.07107 40.57671 -122.07941 40.57204 -122.08589 40.56831 -122.0906 40.56548 -122.09595 40.56222 -122.10006 40.55763 -122.10292 40.55435 -122.10764 40.5556 -122.11314 40.55175 -122.12389 40.54287 -122.13628</georss:line></item><item><guid isPermaLink="false">45f34632-0855-464c-b68f-6620a6b0e849</guid><a10:author><a10:name>Simon Hope</a10:name></a10:author><title /><description /><pubDate>Tue, 01 May 2012 21:57:25 +1000</pubDate><a10:link href="http://www.mapbutcher.com/" /><a10:rights type="text">Copyright 2011</a10:rights><a10:content type="text"></a10:content><a10:contributor><a10:name>mapbutcher@mapbutcher.com</a10:name></a10:contributor><georss:line>40.53913 -124.15788 40.55061 -124.15439 40.56787 -124.1543 40.57821 -124.15742 40.58113 -124.16427 40.58367 -124.16929 40.58936 -124.17511 40.59381 -124.17722 40.60848 -124.19819 40.61192 -124.20327 40.61265 -124.20817 40.61105 -124.21473 40.61309 -124.22092 40.61517 -124.22591 40.6173 -124.22969 40.61755 -124.23517 40.61551 -124.24109 40.618 -124.24732 40.62335 -124.2501 40.62319 -124.25433 40.6202 -124.26141 40.61803 -124.27097 40.61999 -124.27898 40.62078 -124.28207 40.62024 -124.29659 40.62019 -124.29779</georss:line></item><item><guid isPermaLink="false">5ef17dc7-ca38-4bf5-8f43-c57582ec77c0</guid><a10:author><a10:name>Simon Hope</a10:name></a10:author><title /><description /><pubDate>Tue, 01 May 2012 21:57:25 +1000</pubDate><a10:link href="http://www.mapbutcher.com/" /><a10:rights type="text">Copyright 2011</a10:rights><a10:content type="text"></a10:content><a10:contributor><a10:name>mapbutcher@mapbutcher.com</a10:name></a10:contributor><georss:line>40.54287 -122.13628 40.5392 -122.15974 40.53909 -122.16518 40.54085 -122.16766 40.54172 -122.16952 40.54484 -122.17205 40.54325 -122.18288 40.55266 -122.18869</georss:line></item><item><guid isPermaLink="false">7530a0fc-39e0-4fe6-8f8f-e5684dfad031</guid><a10:author><a10:name>Simon Hope</a10:name></a10:author><title /><description /><pubDate>Tue, 01 May 2012 21:57:25 +1000</pubDate><a10:link href="http://www.mapbutcher.com/" /><a10:rights type="text">Copyright 2011</a10:rights><a10:content type="text"></a10:content><a10:contributor><a10:name>mapbutcher@mapbutcher.com</a10:name></a10:contributor><georss:line>40.57955 -121.78952 40.57528 -121.80028 40.57405 -121.81779 40.56793 -121.8297 40.56419 -121.83564 40.56573 -121.85082 40.56513 -121.85867 40.57118 -121.8746 40.56636 -121.88958 40.5588 -121.90566 40.5509 -121.91569 40.54977 -121.92715 40.54369 -121.93661 40.53468 -121.95688</georss:line></item><item><guid isPermaLink="false">2df47cf1-647a-4fa0-af01-d80f6d8d0b70</guid><a10:author><a10:name>Simon Hope</a10:name></a10:author><title /><description /><pubDate>Tue, 01 May 2012 21:57:25 +1000</pubDate><a10:link href="http://www.mapbutcher.com/" /><a10:rights type="text">Copyright 2011</a10:rights><a10:content type="text"></a10:content><a10:contributor><a10:name>mapbutcher@mapbutcher.com</a10:name></a10:contributor><georss:line>40.56546 -123.94334 40.56212 -123.94798 40.56409 -123.95659 40.56545 -123.96939 40.57475 -123.97604 40.57845 -123.98717 40.57692 -123.99192 40.57372 -124.00505 40.56762 -124.01072 40.56292 -124.01527 40.56277 -124.0195 40.56945 -124.02295 40.57159 -124.02673 40.57141 -124.03156 40.57176 -124.03461 40.57452 -124.0463 40.56714 -124.04946 40.56192 -124.05579 40.55648 -124.05544 40.55171 -124.0618 40.54433 -124.06496 40.54 -124.05923 40.53785 -124.05607 40.53601 -124.05656 40.53599 -124.05716 40.53312 -124.06121 40.52835 -124.06757 40.5214 -124.07136</georss:line></item><item><guid isPermaLink="false">4e1200c8-491b-4146-8b43-69ddf5728fbe</guid><a10:author><a10:name>Simon Hope</a10:name></a10:author><title /><description /><pubDate>Tue, 01 May 2012 21:57:25 +1000</pubDate><a10:link href="http://www.mapbutcher.com/" /><a10:rights type="text">Copyright 2011</a10:rights><a10:content type="text"></a10:content><a10:contributor><a10:name>mapbutcher@mapbutcher.com</a10:name></a10:contributor><georss:line>40.5214 -124.07136 40.52562 -124.08011 40.52633 -124.0856 40.52285 -124.09385 40.5263 -124.09892 40.52703 -124.10381 40.52774 -124.10931 40.5294 -124.11365 40.53063 -124.11736 40.53308 -124.12479 40.53462 -124.14487 40.53913 -124.15788</georss:line></item><item><guid isPermaLink="false">add29cfc-f29d-466a-b258-9be006f07303</guid><a10:author><a10:name>Simon Hope</a10:name></a10:author><title /><description /><pubDate>Tue, 01 May 2012 21:57:25 +1000</pubDate><a10:link href="http://www.mapbutcher.com/" /><a10:rights type="text">Copyright 2011</a10:rights><a10:content type="text"></a10:content><a10:contributor><a10:name>mapbutcher@mapbutcher.com</a10:name></a10:contributor><georss:line>40.67676 -120.78161 40.67488 -120.78764 40.66441 -120.79169 40.65936 -120.79826 40.66104 -120.81041 40.66052 -120.81706 40.65818 -120.82369 40.65585 -120.8297 40.66709 -120.83961 40.67247 -120.84516 40.67833 -120.84892 40.68189 -120.85564 40.67993 -120.86955 40.67983 -120.87804 40.68114 -120.88291 40.68558 -120.89148 40.68964 -120.89459 40.69321 -120.89951 40.69223 -120.90616 40.69083 -120.90977 40.69033 -120.9134 40.69158 -120.92373 40.69605 -120.92928 40.69874 -120.93237 40.6996 -120.93602 40.69865 -120.94025 40.69632 -120.94566 40.69177 -120.94677 40.68676 -120.94849 40.68584 -120.94968 40.6826 -120.95507 40.6829 -120.96841 40.67343 -120.96397 40.66931 -120.96692 40.66517 -120.97169 40.66323 -120.98255 40.64966 -120.97924 40.6451 -120.98096 40.63786 -120.9796 40.62839 -120.97456 40.62433 -120.97326 40.61886 -120.97557 40.61064 -120.98025 40.60571 -120.97469 40.60253 -120.97523 40.60161 -120.97643 40.59467 -120.98779 40.59141 -120.99558 40.58905 -121.0034 40.58445 -121.00876 40.58345 -121.0166 40.58065 -121.0232 40.57787 -121.02798 40.57464 -121.03215 40.57278 -121.03574 40.57133 -121.04358 40.57259 -121.05148 40.56754 -121.05681 40.57198 -121.06477 40.57368 -121.07329 40.57305 -121.0878 40.57474 -121.09752 40.57416 -121.1078 40.56733 -121.10946 40.56274 -121.11359 40.55415 -121.11158 40.55139 -121.11454 40.54809 -121.12475 40.54156 -121.13852 40.53373 -121.14802 40.51469 -121.14636</georss:line></item><item><guid isPermaLink="false">a186336d-fb72-4e10-8614-ed8240d507e8</guid><a10:author><a10:name>Simon Hope</a10:name></a10:author><title /><description /><pubDate>Tue, 01 May 2012 21:57:25 +1000</pubDate><a10:link href="http://www.mapbutcher.com/" /><a10:rights type="text">Copyright 2011</a10:rights><a10:content type="text"></a10:content><a10:contributor><a10:name>mapbutcher@mapbutcher.com</a10:name></a10:contributor><georss:line>40.5125 -121.45958 40.52251 -121.45744 40.53401 -121.44746 40.53766 -121.44636 40.54221 -121.44527 40.55533 -121.44744 40.5592 -121.46086 40.56726 -121.46835 40.5817 -121.47298 40.59124 -121.47204 40.6048 -121.47544 40.61123 -121.47017 40.61847 -121.47158 40.62763 -121.46577 40.63981 -121.47035 40.64397 -121.46501 40.6512 -121.46703 40.66247 -121.47159 40.66392 -121.46617 40.66492 -121.45953 40.66866 -121.45297 40.67416 -121.44888 40.67601 -121.44711 40.6784 -121.43869 40.68305 -121.43154 40.6945 -121.42458 40.70082 -121.42596 40.70534 -121.4273 40.70986 -121.42863 40.71391 -121.43117 40.71886 -121.43372 40.72245 -121.43565 40.72646 -121.44061 40.73047 -121.44556 40.73309 -121.45231 40.74483 -121.45567 40.74503 -121.47266 40.75436 -121.48505 40.75837 -121.48942 40.76423 -121.492 40.77102 -121.49341 40.77689 -121.49479 40.78177 -121.50221 40.78987 -121.50608 40.79894 -121.50634 40.80762 -121.50294 40.82156 -121.51062 40.82883 -121.50961 40.83382 -121.51036 40.8383 -121.51353 40.84457 -121.51856 40.84636 -121.52044 40.84621 -121.52955 40.84743 -121.5387 40.85094 -121.54609 40.85227 -121.54795 40.86169 -121.55491 40.86672 -121.55262 40.87218 -121.55157 40.87664 -121.55656 40.88471 -121.56226 40.89248 -121.55884 40.90113 -121.55727 40.91206 -121.55454 40.91935 -121.55293 40.9258 -121.54642 40.93213 -121.54843 40.93942 -121.54621 40.94622 -121.54641 40.95754 -121.54855 40.96255 -121.54749 40.96706 -121.54884 40.97382 -121.55207</georss:line></item><item><guid isPermaLink="false">44b4a224-880c-4137-83e3-7c3ec282238a</guid><a10:author><a10:name>Simon Hope</a10:name></a10:author><title /><description /><pubDate>Tue, 01 May 2012 21:57:25 +1000</pubDate><a10:link href="http://www.mapbutcher.com/" /><a10:rights type="text">Copyright 2011</a10:rights><a10:content type="text"></a10:content><a10:contributor><a10:name>mapbutcher@mapbutcher.com</a10:name></a10:contributor><georss:line>40.50737 -120.31179 40.51101 -120.31123 40.51825 -120.31313 40.52969 -120.29753 40.53746 -120.28794 40.54247 -120.28497 40.54748 -120.28079 40.55704 -120.27605 40.55979 -120.27065 40.56753 -120.26528 40.57164 -120.26048 40.57757 -120.25571 40.58578 -120.24792 40.6044 -120.24267 40.61391 -120.2458 40.61842 -120.24947 40.62338 -120.25619 40.63107 -120.2599 40.63827 -120.26846 40.64051 -120.27333 40.6432 -120.2776 40.65133 -120.28496 40.67304 -120.29429 40.68159 -120.30347</georss:line></item><item><guid isPermaLink="false">33f9446c-f02a-4433-abd8-a65a9cab67c1</guid><a10:author><a10:name>Simon Hope</a10:name></a10:author><title /><description /><pubDate>Tue, 01 May 2012 21:57:25 +1000</pubDate><a10:link href="http://www.mapbutcher.com/" /><a10:rights type="text">Copyright 2011</a10:rights><a10:content type="text"></a10:content><a10:contributor><a10:name>mapbutcher@mapbutcher.com</a10:name></a10:contributor><georss:line>40.50338 -122.36707 40.51108 -122.36738 40.51214 -122.36076 40.52661 -122.36316 40.5336 -122.35497 40.53854 -122.35698 40.54116 -122.36132 40.54331 -122.36685 40.54718 -122.37609 40.55761 -122.37651 40.56807 -122.37572 40.57137 -122.3698 40.57599 -122.36636 40.58187 -122.3672 40.59054 -122.36512 40.59266 -122.37187 40.59334 -122.38158 40.59319 -122.38824 40.59481 -122.39678 40.59418 -122.40463 40.59481 -122.41677 40.59373 -122.424 40.59321 -122.427 40.59311 -122.43124 40.59395 -122.4343 40.59568 -122.438 40.59878 -122.44116 40.60238 -122.44252 40.60601 -122.44267 40.61052 -122.44357</georss:line></item><item><guid isPermaLink="false">5b0e045b-0690-4db0-8037-8a7b15660cb2</guid><a10:author><a10:name>Simon Hope</a10:name></a10:author><title /><description /><pubDate>Tue, 01 May 2012 21:57:25 +1000</pubDate><a10:link href="http://www.mapbutcher.com/" /><a10:rights type="text">Copyright 2011</a10:rights><a10:content type="text"></a10:content><a10:contributor><a10:name>mapbutcher@mapbutcher.com</a10:name></a10:contributor><georss:line>40.50338 -122.36707 40.50593 -122.37442 40.50628 -122.37927 40.507 -122.38717 40.50354 -122.39973 40.50153 -122.40812 40.50055 -122.41171 40.49577 -122.42179 40.49524 -122.4254 40.49418 -122.43201 40.49364 -122.43562 40.49183 -122.45489 40.49066 -122.46633 40.49046 -122.47479 40.49057 -122.4893 40.4899 -122.49835 40.50021 -122.50362 40.50283 -122.50797 40.50541 -122.51412 40.50898 -122.51669 40.50876 -122.52576 40.51726 -122.53096 40.52443 -122.53489 40.53071 -122.53758 40.53708 -122.53725 40.54216 -122.53323 40.54938 -122.53474 40.55894 -122.53334 40.56529 -122.53361 40.57381 -122.53761 40.58481 -122.55201 40.59732 -122.54163</georss:line></item><item><guid isPermaLink="false">719b4803-f9f1-47c2-97d3-62913006af3d</guid><a10:author><a10:name>Simon Hope</a10:name></a10:author><title /><description /><pubDate>Tue, 01 May 2012 21:57:25 +1000</pubDate><a10:link href="http://www.mapbutcher.com/" /><a10:rights type="text">Copyright 2011</a10:rights><a10:content type="text"></a10:content><a10:contributor><a10:name>mapbutcher@mapbutcher.com</a10:name></a10:contributor><georss:line>40.50737 -120.31179 40.51752 -120.2847 40.53669 -120.26616 40.54266 -120.25291 40.55092 -120.23605 40.55279 -120.22639 40.5515 -120.21429 40.53388 -120.20261 40.53076 -120.19231 40.5249 -120.18559 40.52454 -120.16866 40.52095 -120.16197 40.50016 -120.14667 40.4971 -120.12366 40.48676 -120.10605</georss:line></item><item><guid isPermaLink="false">36502839-0500-4b59-a1ed-c1553cf4ea41</guid><a10:author><a10:name>Simon Hope</a10:name></a10:author><title /><description /><pubDate>Tue, 01 May 2012 21:57:25 +1000</pubDate><a10:link href="http://www.mapbutcher.com/" /><a10:rights type="text">Copyright 2011</a10:rights><a10:content type="text"></a10:content><a10:contributor><a10:name>mapbutcher@mapbutcher.com</a10:name></a10:contributor><georss:line>40.4867 -120.47778 40.49355 -120.47183 40.50262 -120.47135 40.51304 -120.4727 40.51939 -120.47279 40.52441 -120.46923 40.52942 -120.46627 40.53444 -120.46272 40.53856 -120.45672 40.54541 -120.45136 40.54907 -120.44657 40.55549 -120.43818 40.56277 -120.43343 40.57322 -120.43237 40.57776 -120.43121 40.58365 -120.43189 40.58908 -120.43318 40.60043 -120.43272 40.60361 -120.43095 40.61314 -120.43108 40.61811 -120.43296 40.62896 -120.43916 40.63121 -120.441 40.63299 -120.44527 40.63612 -120.45136 40.63745 -120.45623 40.63743 -120.45865 40.63788 -120.45866 40.64194 -120.46114 40.64279 -120.46963 40.65319 -120.4734 40.65588 -120.47768 40.65583 -120.48374 40.65715 -120.48921</georss:line></item><item><guid isPermaLink="false">ab79d564-7c91-486e-a4fa-ab730a47a0fd</guid><a10:author><a10:name>Simon Hope</a10:name></a10:author><title /><description /><pubDate>Tue, 01 May 2012 21:57:25 +1000</pubDate><a10:link href="http://www.mapbutcher.com/" /><a10:rights type="text">Copyright 2011</a10:rights><a10:content type="text"></a10:content><a10:contributor><a10:name>mapbutcher@mapbutcher.com</a10:name></a10:contributor><georss:line>40.48637 -121.53442 40.50254 -121.54456 40.51119 -121.54239 40.52958 -121.55562 40.53341 -121.57146 40.53333 -121.57569 40.53553 -121.57999 40.53394 -121.59386 40.53383 -121.60052 40.53284 -121.60532 40.53133 -121.61436 40.52944 -121.61914 40.52797 -121.62575 40.52645 -121.63477 40.52542 -121.64201 40.52439 -121.64983 40.52792 -121.65539 40.52922 -121.65906 40.53051 -121.66333 40.53133 -121.6682 40.53169 -121.67365 40.53195 -121.68515 40.53172 -121.69846 40.53386 -121.70578 40.53421 -121.71184 40.53406 -121.72031 40.53561 -121.73487</georss:line></item><item><guid isPermaLink="false">21b9c6fa-fe94-42c8-89dd-f831f7667dc3</guid><a10:author><a10:name>Simon Hope</a10:name></a10:author><title /><description /><pubDate>Tue, 01 May 2012 21:57:25 +1000</pubDate><a10:link href="http://www.mapbutcher.com/" /><a10:rights type="text">Copyright 2011</a10:rights><a10:content type="text"></a10:content><a10:contributor><a10:name>mapbutcher@mapbutcher.com</a10:name></a10:contributor><georss:line>40.4867 -120.47778 40.48845 -120.48566 40.47789 -120.50304 40.47959 -120.51697 40.48314 -120.52669 40.48625 -120.53459 40.48979 -120.54492 40.49245 -120.55282 40.49739 -120.55772 40.50554 -120.56026 40.51183 -120.56761 40.51723 -120.57253 40.52352 -120.57928 40.52845 -120.5854 40.53342 -120.5879 40.53796 -120.58736 40.54202 -120.59045 40.54381 -120.5935 40.5483 -120.59841 40.5546 -120.60455 40.55906 -120.61309 40.56302 -120.62646 40.56204 -120.63493 40.55832 -120.64575 40.55645 -120.65178 40.56313 -120.6652 40.56397 -120.67187 40.56709 -120.67797 40.56521 -120.6846 40.56697 -120.69068 40.57144 -120.69802 40.57636 -120.70476 40.58044 -120.70543 40.58455 -120.70187 40.58866 -120.69891 40.59728 -120.69906 40.59906 -120.70332 40.60305 -120.71187 40.6106 -120.72955</georss:line></item><item><guid isPermaLink="false">82883c30-b847-47b8-8c8b-f6a1b99f1fc7</guid><a10:author><a10:name>Simon Hope</a10:name></a10:author><title /><description /><pubDate>Tue, 01 May 2012 21:57:25 +1000</pubDate><a10:link href="http://www.mapbutcher.com/" /><a10:rights type="text">Copyright 2011</a10:rights><a10:content type="text"></a10:content><a10:contributor><a10:name>mapbutcher@mapbutcher.com</a10:name></a10:contributor><georss:line>40.46692 -120.97485 40.46983 -120.99667 40.47108 -121.00575 40.47375 -121.01004 40.47782 -121.01194 40.48913 -121.01399 40.48995 -121.02126 40.49036 -121.0249 40.49259 -121.02798 40.49574 -121.03046 40.49612 -121.03651 40.49653 -121.04015 40.49329 -121.04552 40.48735 -121.04842 40.48364 -121.05559 40.4854 -121.05985 40.49307 -121.06304 40.49069 -121.07206 40.48606 -121.07982 40.48642 -121.08768 40.48681 -121.09253 40.48719 -121.09798 40.48893 -121.10406 40.4866 -121.10945 40.48921 -121.11797 40.49096 -121.12285 40.49451 -121.12897 40.49803 -121.13751 40.49563 -121.14774</georss:line></item><item><guid isPermaLink="false">c133568f-f9cd-4fe1-ad94-05f69c84a464</guid><a10:author><a10:name>Simon Hope</a10:name></a10:author><title /><description /><pubDate>Tue, 01 May 2012 21:57:25 +1000</pubDate><a10:link href="http://www.mapbutcher.com/" /><a10:rights type="text">Copyright 2011</a10:rights><a10:content type="text"></a10:content><a10:contributor><a10:name>mapbutcher@mapbutcher.com</a10:name></a10:contributor><georss:line>40.46233 -122.23303 40.47421 -122.22926 40.48092 -122.23374 40.49361 -122.23423 40.50406 -122.23342 40.50734 -122.22871 40.50966 -122.22638 40.52893 -122.2374 40.53633 -122.23103 40.54391 -122.23676 40.55673 -122.23181</georss:line></item><item><guid isPermaLink="false">11799a42-d919-465d-9739-d98ddb139001</guid><a10:author><a10:name>Simon Hope</a10:name></a10:author><title /><description /><pubDate>Tue, 01 May 2012 21:57:25 +1000</pubDate><a10:link href="http://www.mapbutcher.com/" /><a10:rights type="text">Copyright 2011</a10:rights><a10:content type="text"></a10:content><a10:contributor><a10:name>mapbutcher@mapbutcher.com</a10:name></a10:contributor><georss:line>40.46233 -122.23303 40.46107 -122.24931 40.46188 -122.25356 40.46365 -122.25605 40.46718 -122.26042 40.47158 -122.26663 40.4654 -122.27969 40.46918 -122.29314 40.47131 -122.29987 40.47207 -122.30655 40.47047 -122.31676 40.47531 -122.32361 40.48015 -122.33045 40.4887 -122.33381 40.49406 -122.33765 40.49444 -122.34069 40.49699 -122.34866 40.49636 -122.3565 40.50338 -122.36707</georss:line></item><item><guid isPermaLink="false">f6a875f5-98be-42f9-9139-844124af2669</guid><a10:author><a10:name>Simon Hope</a10:name></a10:author><title /><description /><pubDate>Tue, 01 May 2012 21:57:25 +1000</pubDate><a10:link href="http://www.mapbutcher.com/" /><a10:rights type="text">Copyright 2011</a10:rights><a10:content type="text"></a10:content><a10:contributor><a10:name>mapbutcher@mapbutcher.com</a10:name></a10:contributor><georss:line>40.53468 -121.95688 40.53373 -121.95927 40.53173 -121.96888 40.52836 -121.97844 40.52778 -121.98508 40.52761 -121.99354 40.52879 -122.00326 40.52853 -122.01595 40.52684 -122.03283 40.52311 -122.03754 40.52168 -122.04111 40.51979 -122.04468 40.51599 -122.05302 40.51587 -122.05906 40.52111 -122.06953 40.51961 -122.07613 40.51808 -122.08454 40.51749 -122.09117 40.52151 -122.09435 40.52903 -122.10369 40.5297 -122.11521 40.52548 -122.12172 40.5261 -122.13566 40.51549 -122.14373 40.50309 -122.15113 40.49667 -122.15453 40.49031 -122.15489 40.48582 -122.15231 40.4794 -122.15569 40.47253 -122.15907 40.4665 -122.16489 40.46639 -122.17033 40.46309 -122.17624 40.4597 -122.18639 40.45232 -122.19215 40.44629 -122.19798 40.44277 -122.21415</georss:line></item><item><guid isPermaLink="false">324a02c0-cbea-44d5-9864-8483b4c50fc3</guid><a10:author><a10:name>Simon Hope</a10:name></a10:author><title /><description /><pubDate>Tue, 01 May 2012 21:57:25 +1000</pubDate><a10:link href="http://www.mapbutcher.com/" /><a10:rights type="text">Copyright 2011</a10:rights><a10:content type="text"></a10:content><a10:contributor><a10:name>mapbutcher@mapbutcher.com</a10:name></a10:contributor><georss:line>40.44277 -122.21415 40.44806 -122.22161 40.45299 -122.22421 40.45569 -122.22552 40.46233 -122.23303</georss:line></item><item><guid isPermaLink="false">7417b1ed-7176-470e-9a8e-252c819086d6</guid><a10:author><a10:name>Simon Hope</a10:name></a10:author><title /><description /><pubDate>Tue, 01 May 2012 21:57:25 +1000</pubDate><a10:link href="http://www.mapbutcher.com/" /><a10:rights type="text">Copyright 2011</a10:rights><a10:content type="text"></a10:content><a10:contributor><a10:name>mapbutcher@mapbutcher.com</a10:name></a10:contributor><georss:line>40.53561 -121.73487 40.52869 -121.74131 40.5176 -121.75306 40.51289 -121.76258 40.50999 -121.77277 40.50887 -121.78484 40.5096 -121.79453 40.50317 -121.79856 40.50028 -121.80814 40.49383 -121.81337 40.49013 -121.81749 40.48495 -121.8276 40.47514 -121.84299 40.47188 -121.84772 40.46771 -121.85242 40.46166 -121.86068 40.45624 -121.85929 40.45252 -121.86401 40.44744 -121.86867 40.44375 -121.87217 40.44181 -121.87875 40.43943 -121.88471 40.43638 -121.90214 40.42568 -121.91628</georss:line></item><item><guid isPermaLink="false">81147e6e-d2b7-4db3-91f1-fa89c045e446</guid><a10:author><a10:name>Simon Hope</a10:name></a10:author><title /><description /><pubDate>Tue, 01 May 2012 21:57:25 +1000</pubDate><a10:link href="http://www.mapbutcher.com/" /><a10:rights type="text">Copyright 2011</a10:rights><a10:content type="text"></a10:content><a10:contributor><a10:name>mapbutcher@mapbutcher.com</a10:name></a10:contributor><georss:line>40.42482 -121.34844 40.42661 -121.3497 40.4342 -121.35775 40.44092 -121.36336 40.44674 -121.36895 40.45117 -121.37571 40.45417 -121.38788 40.45892 -121.40371 40.46423 -121.41293 40.46464 -121.41535 40.4571 -121.43388 40.45866 -121.45085 40.45648 -121.47436 40.46656 -121.49699</georss:line></item><item><guid isPermaLink="false">1e81e884-3966-42b8-9776-ace3996ffe09</guid><a10:author><a10:name>Simon Hope</a10:name></a10:author><title /><description /><pubDate>Tue, 01 May 2012 21:57:25 +1000</pubDate><a10:link href="http://www.mapbutcher.com/" /><a10:rights type="text">Copyright 2011</a10:rights><a10:content type="text"></a10:content><a10:contributor><a10:name>mapbutcher@mapbutcher.com</a10:name></a10:contributor><georss:line>40.65609 -122.99093 40.6508 -122.98521 40.64267 -122.9836 40.63457 -122.98138 40.62881 -122.97626 40.62632 -122.96765 40.62198 -122.96017 40.62069 -122.95768 40.61716 -122.95387 40.61448 -122.95253 40.60739 -122.94613 40.60751 -122.94189 40.59636 -122.93469 40.59417 -122.93156 40.59019 -122.92773 40.58433 -122.92624 40.57757 -122.92471 40.57245 -122.9293 40.56664 -122.92599 40.56164 -122.92636 40.55569 -122.92789 40.55026 -122.92763 40.54625 -122.92502 40.542 -122.93086 40.5387 -122.93555 40.53061 -122.93273 40.52874 -122.93446 40.52631 -122.94039 40.52163 -122.94562 40.51846 -122.94547 40.51215 -122.94395 40.50682 -122.93945 40.50153 -122.93375 40.49122 -122.92902 40.473 -122.93178 40.46702 -122.9345 40.46229 -122.94154 40.4411 -122.9532 40.43148 -122.95636 40.42899 -122.9647 40.42266 -122.98011 40.42373 -122.99104</georss:line></item><item><guid isPermaLink="false">18e16b93-b726-486c-902d-b00c11693af4</guid><a10:author><a10:name>Simon Hope</a10:name></a10:author><title /><description /><pubDate>Tue, 01 May 2012 21:57:25 +1000</pubDate><a10:link href="http://www.mapbutcher.com/" /><a10:rights type="text">Copyright 2011</a10:rights><a10:content type="text"></a10:content><a10:contributor><a10:name>mapbutcher@mapbutcher.com</a10:name></a10:contributor><georss:line>40.43155 -121.58662 40.42777 -121.59557 40.42848 -121.60707 40.42786 -121.61732 40.4259 -121.62572 40.42667 -121.6342 40.42926 -121.64214 40.42868 -121.64936 40.42765 -121.65659 40.43021 -121.66573 40.43412 -121.67612 40.43843 -121.68954 40.43867 -121.70163 40.43938 -121.71252 40.43834 -121.72034 40.43868 -121.72701 40.43523 -121.74261 40.43644 -121.7511 40.43674 -121.75957 40.4375 -121.76805 40.43829 -121.77472 40.44173 -121.7845 40.4423 -121.80325 40.44022 -121.81768 40.4381 -121.83453 40.43877 -121.84724 40.43909 -121.8545 40.43849 -121.86234 40.43607 -121.87071 40.43364 -121.87909 40.43083 -121.88383 40.42326 -121.90048 40.42086 -121.90705 40.42568 -121.91628</georss:line></item><item><guid isPermaLink="false">c650c21f-17a8-426f-bc42-9365ada997e6</guid><a10:author><a10:name>Simon Hope</a10:name></a10:author><title /><description /><pubDate>Tue, 01 May 2012 21:57:25 +1000</pubDate><a10:link href="http://www.mapbutcher.com/" /><a10:rights type="text">Copyright 2011</a10:rights><a10:content type="text"></a10:content><a10:contributor><a10:name>mapbutcher@mapbutcher.com</a10:name></a10:contributor><georss:line>40.41667 -120.4424 40.42536 -120.43224 40.42591 -120.41837 40.43955 -120.41491 40.44859 -120.41866 40.46586 -120.41404 40.46956 -120.40442 40.47551 -120.39543 40.48557 -120.38468 40.49333 -120.37752 40.49749 -120.36669 40.49709 -120.35822 40.49668 -120.35157 40.49545 -120.33221 40.501 -120.31656 40.50556 -120.31178 40.50737 -120.31179</georss:line></item><item><guid isPermaLink="false">f1b3bcee-fcd6-4e47-af8a-5aaf28fb7a6c</guid><a10:author><a10:name>Simon Hope</a10:name></a10:author><title /><description /><pubDate>Tue, 01 May 2012 21:57:25 +1000</pubDate><a10:link href="http://www.mapbutcher.com/" /><a10:rights type="text">Copyright 2011</a10:rights><a10:content type="text"></a10:content><a10:contributor><a10:name>mapbutcher@mapbutcher.com</a10:name></a10:contributor><georss:line>40.41667 -120.4424 40.43616 -120.44326 40.43886 -120.44691 40.44105 -120.45661 40.4533 -120.45677 40.45785 -120.45442 40.46285 -120.45328 40.46649 -120.45152 40.46922 -120.45094 40.47012 -120.45156 40.47464 -120.45404 40.47689 -120.45588 40.47824 -120.45711 40.4867 -120.47778</georss:line></item><item><guid isPermaLink="false">9d078952-088b-4114-9e7a-5582fa8b1671</guid><a10:author><a10:name>Simon Hope</a10:name></a10:author><title /><description /><pubDate>Tue, 01 May 2012 21:57:25 +1000</pubDate><a10:link href="http://www.mapbutcher.com/" /><a10:rights type="text">Copyright 2011</a10:rights><a10:content type="text"></a10:content><a10:contributor><a10:name>mapbutcher@mapbutcher.com</a10:name></a10:contributor><georss:line>40.42568 -121.91628 40.42106 -121.92035 40.41821 -121.9269 40.41484 -121.93705 40.41725 -121.95345 40.41797 -121.96313 40.41916 -121.97163 40.4217 -121.98138 40.42358 -122.00078</georss:line></item><item><guid isPermaLink="false">c479aa9d-45ce-4c32-9862-cff52e97ee4a</guid><a10:author><a10:name>Simon Hope</a10:name></a10:author><title /><description /><pubDate>Tue, 01 May 2012 21:57:25 +1000</pubDate><a10:link href="http://www.mapbutcher.com/" /><a10:rights type="text">Copyright 2011</a10:rights><a10:content type="text"></a10:content><a10:contributor><a10:name>mapbutcher@mapbutcher.com</a10:name></a10:contributor><georss:line>40.40872 -123.93358 40.42356 -123.93752 40.42275 -123.94775 40.42187 -123.95979 40.42045 -123.97421 40.4244 -123.97808 40.43111 -123.98092 40.43739 -123.98312 40.44459 -123.98479 40.45027 -123.9912 40.45193 -123.99553 40.45174 -124.00096 40.44923 -124.00746 40.449 -124.01409 40.44347 -124.02887 40.44458 -124.0362 40.44945 -124.03954 40.45344 -124.04221 40.4568 -124.04967 40.45516 -124.05743 40.45132 -124.07594 40.45278 -124.08571 40.45914 -124.09821 40.46786 -124.10785 40.47768 -124.11272 40.48555 -124.10839 40.48892 -124.10316 40.49229 -124.09793 40.49654 -124.09337 40.49937 -124.09052 40.50336 -124.0932 40.50594 -124.097 40.50753 -124.11586 40.50643 -124.13335 40.50728 -124.14732 40.51329 -124.1568 40.51902 -124.16141 40.53193 -124.1562 40.53913 -124.15788</georss:line></item><item><guid isPermaLink="false">1a6c816e-e001-4c2d-92e4-7acff6a71e83</guid><a10:author><a10:name>Simon Hope</a10:name></a10:author><title /><description /><pubDate>Tue, 01 May 2012 21:57:25 +1000</pubDate><a10:link href="http://www.mapbutcher.com/" /><a10:rights type="text">Copyright 2011</a10:rights><a10:content type="text"></a10:content><a10:contributor><a10:name>mapbutcher@mapbutcher.com</a10:name></a10:contributor><georss:line>40.48676 -120.10605 40.48088 -120.10117 40.47958 -120.08846 40.47327 -120.08176 40.4397 -120.0827 40.43246 -120.07962 40.42293 -120.08075 40.40563 -120.0945 40.39473 -120.09924</georss:line></item><item><guid isPermaLink="false">73042893-7969-4233-8ada-54bb71f56b11</guid><a10:author><a10:name>Simon Hope</a10:name></a10:author><title /><description /><pubDate>Tue, 01 May 2012 21:57:25 +1000</pubDate><a10:link href="http://www.mapbutcher.com/" /><a10:rights type="text">Copyright 2011</a10:rights><a10:content type="text"></a10:content><a10:contributor><a10:name>mapbutcher@mapbutcher.com</a10:name></a10:contributor><georss:line>40.39309 -122.52448 40.398 -122.52771 40.40302 -122.52671 40.41197 -122.53192 40.41964 -122.53345 40.42456 -122.53669 40.42674 -122.54041 40.42936 -122.54475 40.4338 -122.54856 40.43915 -122.55242 40.44312 -122.55742 40.44627 -122.55816 40.45167 -122.5602 40.45386 -122.58205 40.44782 -122.58784 40.44899 -122.59575 40.4631 -122.61269 40.46859 -122.62926 40.4669 -122.64248 40.4662 -122.65212 40.46185 -122.66281 40.45565 -122.67463 40.44606 -122.69535 40.45004 -122.69916 40.45675 -122.70309 40.46354 -122.70399 40.47535 -122.70332 40.48313 -122.70065 40.48915 -122.69608 40.49329 -122.69384 40.49605 -122.69215</georss:line></item><item><guid isPermaLink="false">69cef740-ee9e-42d4-8e49-adcbee032f2f</guid><a10:author><a10:name>Simon Hope</a10:name></a10:author><title /><description /><pubDate>Tue, 01 May 2012 21:57:25 +1000</pubDate><a10:link href="http://www.mapbutcher.com/" /><a10:rights type="text">Copyright 2011</a10:rights><a10:content type="text"></a10:content><a10:contributor><a10:name>mapbutcher@mapbutcher.com</a10:name></a10:contributor><georss:line>40.37816 -122.20204 40.38829 -122.19518 40.3992 -122.19378 40.40875 -122.19293 40.41732 -122.19507 40.42318 -122.1971 40.42947 -122.19975 40.43483 -122.20358 40.44277 -122.21415</georss:line></item><item><guid isPermaLink="false">31f4664a-ed1c-4fcc-b7b0-2f77aeed29d1</guid><a10:author><a10:name>Simon Hope</a10:name></a10:author><title /><description /><pubDate>Tue, 01 May 2012 21:57:25 +1000</pubDate><a10:link href="http://www.mapbutcher.com/" /><a10:rights type="text">Copyright 2011</a10:rights><a10:content type="text"></a10:content><a10:contributor><a10:name>mapbutcher@mapbutcher.com</a10:name></a10:contributor><georss:line>40.37775 -120.43102 40.38586 -120.43777 40.38853 -120.44565 40.39663 -120.45421 40.40668 -120.44468 40.41667 -120.4424</georss:line></item><item><guid isPermaLink="false">93108bfb-bb63-4f0a-b987-ef3f9d85e0bd</guid><a10:author><a10:name>Simon Hope</a10:name></a10:author><title /><description /><pubDate>Tue, 01 May 2012 21:57:25 +1000</pubDate><a10:link href="http://www.mapbutcher.com/" /><a10:rights type="text">Copyright 2011</a10:rights><a10:content type="text"></a10:content><a10:contributor><a10:name>mapbutcher@mapbutcher.com</a10:name></a10:contributor><georss:line>40.37775 -120.43102 40.38125 -120.44857 40.38697 -120.47158 40.38784 -120.47643 40.38823 -120.48428 40.38544 -120.49389 40.38266 -120.50171 40.37942 -120.5089 40.37799 -120.51733 40.37704 -120.52335 40.3797 -120.53123 40.3851 -120.53615 40.3909 -120.5477 40.38991 -120.55734 40.39029 -120.5658 40.38839 -120.57603 40.38695 -120.58566 40.38505 -120.59589 40.38895 -120.61588 40.39523 -120.62443 40.39881 -120.62991 40.40329 -120.63602 40.40598 -120.63969 40.4082 -120.64455 40.40904 -120.65182 40.41119 -120.66513 40.4161 -120.67367 40.41784 -120.68095 40.4164 -120.68937 40.41223 -120.69836 40.40991 -120.70436 40.40665 -120.71275 40.40197 -120.72898 40.40011 -120.73317 40.3987 -120.73798 40.39772 -120.74521 40.39669 -120.75787 40.39798 -120.76514 40.39335 -120.77471 40.39329 -120.78014 40.3973 -120.78746 40.40128 -120.7978 40.40524 -120.80934 40.40426 -120.81657 40.40462 -120.82503 40.4073 -120.82931 40.41769 -120.83312 40.41946 -120.83738 40.41851 -120.84099 40.41385 -120.85297 40.4115 -120.86138 40.41055 -120.86499 40.4096 -120.86859 40.40815 -120.87702 40.40807 -120.88426 40.40892 -120.88971 40.41066 -120.89639 40.41197 -120.90064 40.4151 -120.90493 40.41909 -120.91286 40.42131 -120.91713 40.4253 -120.92567 40.42752 -120.92994 40.43064 -120.93423 40.43379 -120.93671 40.43879 -120.9362 40.44286 -120.93689 40.44739 -120.93758</georss:line></item><item><guid isPermaLink="false">d4f56619-12ed-4ee0-afa1-9e75acba065e</guid><a10:author><a10:name>Simon Hope</a10:name></a10:author><title /><description /><pubDate>Tue, 01 May 2012 21:57:25 +1000</pubDate><a10:link href="http://www.mapbutcher.com/" /><a10:rights type="text">Copyright 2011</a10:rights><a10:content type="text"></a10:content><a10:contributor><a10:name>mapbutcher@mapbutcher.com</a10:name></a10:contributor><georss:line>40.37263 -122.33041 40.3751 -122.32146 40.37179 -122.30684 40.37928 -122.29626 40.37635 -122.28529 40.37651 -122.27805 40.37997 -122.26489 40.38013 -122.25766 40.3866 -122.25247 40.38512 -122.23672 40.38983 -122.22905 40.38548 -122.22043 40.3816 -122.21123 40.37816 -122.20204</georss:line></item><item><guid isPermaLink="false">57e87f1d-a6e6-49e4-a54a-b96c8e0e344d</guid><a10:author><a10:name>Simon Hope</a10:name></a10:author><title /><description /><pubDate>Tue, 01 May 2012 21:57:25 +1000</pubDate><a10:link href="http://www.mapbutcher.com/" /><a10:rights type="text">Copyright 2011</a10:rights><a10:content type="text"></a10:content><a10:contributor><a10:name>mapbutcher@mapbutcher.com</a10:name></a10:contributor><georss:line>40.37263 -122.33041 40.37152 -122.35935 40.37161 -122.37565 40.37412 -122.38481 40.37155 -122.39799 40.37353 -122.41075 40.3792 -122.42065 40.37292 -122.43668 40.37772 -122.46466 40.38381 -122.47578 40.38001 -122.48286 40.38347 -122.49026 40.38318 -122.50232 40.39035 -122.50625 40.3874 -122.51579 40.39309 -122.52448</georss:line></item><item><guid isPermaLink="false">9100cbc6-836f-47fd-b6eb-60e9549fb4d1</guid><a10:author><a10:name>Simon Hope</a10:name></a10:author><title /><description /><pubDate>Tue, 01 May 2012 21:57:25 +1000</pubDate><a10:link href="http://www.mapbutcher.com/" /><a10:rights type="text">Copyright 2011</a10:rights><a10:content type="text"></a10:content><a10:contributor><a10:name>mapbutcher@mapbutcher.com</a10:name></a10:contributor><georss:line>40.36853 -123.4334 40.36755 -123.43576</georss:line></item><item><guid isPermaLink="false">a03fc5ac-3d13-44d2-93b2-dee5a733de92</guid><a10:author><a10:name>Simon Hope</a10:name></a10:author><title /><description /><pubDate>Tue, 01 May 2012 21:57:25 +1000</pubDate><a10:link href="http://www.mapbutcher.com/" /><a10:rights type="text">Copyright 2011</a10:rights><a10:content type="text"></a10:content><a10:contributor><a10:name>mapbutcher@mapbutcher.com</a10:name></a10:contributor><georss:line>40.93456 -124.1364 40.93448 -124.13499 40.93428 -124.13151 40.93297 -124.1302 40.93027 -124.12943 40.92434 -124.13025 40.9217 -124.12765 40.9224 -124.12099 40.92342 -124.11801 40.92266 -124.1137 40.91637 -124.11208 40.9135 -124.10337 40.91474 -124.09431 40.91448 -124.08882 40.9138 -124.08269 40.90872 -124.08479 40.9057 -124.08034 40.91195 -124.07101 40.90966 -124.05869 40.90302 -124.05399 40.90069 -124.04289 40.89998 -124.03736 40.89441 -124.02789 40.89098 -124.02219 40.89025 -124.01727 40.88075 -124.01605 40.87171 -124.00209 40.86698 -123.99449 40.85933 -123.99279 40.84491 -123.98944 40.84204 -123.98074 40.83846 -123.9793 40.83351 -123.97778 40.82769 -123.97559 40.82887 -123.96776 40.83306 -123.96498 40.83249 -123.95522 40.83562 -123.94386 40.82362 -123.94919 40.81735 -123.95974 40.80865 -123.94885 40.8075 -123.9427 40.8119 -123.93386 40.81446 -123.92551 40.80787 -123.91903 40.79696 -123.90619 40.79435 -123.90299 40.79042 -123.89849 40.78537 -123.9 40.77867 -123.90992 40.77439 -123.90237 40.76844 -123.90382 40.75945 -123.88808 40.75776 -123.88432 40.75232 -123.88399 40.7491 -123.87225 40.73706 -123.8788 40.73906 -123.88682 40.73354 -123.8889 40.72825 -123.87097 40.72191 -123.87057 40.70853 -123.86368 40.69996 -123.86194 40.69184 -123.86023 40.69156 -123.85535 40.68338 -123.85546 40.67448 -123.85007 40.66833 -123.84423 40.66265 -123.83781 40.65787 -123.83146 40.65455 -123.82216 40.647 -123.81746 40.64316 -123.80995 40.6417 -123.79955 40.64434 -123.7888 40.64139 -123.78195 40.64398 -123.77241 40.64925 -123.76423 40.64959 -123.75394 40.64887 -123.74844 40.65132 -123.74313 40.65101 -123.73887 40.64606 -123.73736 40.63853 -123.71812 40.63048 -123.71461 40.61266 -123.70446 40.60476 -123.69611 40.60262 -123.67841 40.60239 -123.67173 40.58531 -123.66649 40.57952 -123.66312 40.57808 -123.65153 40.56431 -123.64224 40.56455 -123.63499 40.54449 -123.62354 40.54134 -123.62275 40.53933 -123.62868 40.53504 -123.63509 40.52791 -123.63105 40.52227 -123.62286 40.51944 -123.6124 40.51203 -123.6029 40.50584 -123.5977 40.5029 -123.59026 40.50215 -123.58538 40.50154 -123.57627 40.50167 -123.57204 40.50044 -123.55382 40.49742 -123.54881 40.49213 -123.54427 40.48773 -123.53979 40.46067 -123.52011 40.45569 -123.50532 40.44485 -123.5035 40.4343 -123.49263 40.4235 -123.48961 40.41516 -123.48068 40.40712 -123.47661 40.4037 -123.46977 40.39917 -123.46952 40.39787 -123.46764 40.39932 -123.46469 40.39808 -123.461 40.39304 -123.46253 40.38686 -123.45676 40.38428 -123.45238 40.38026 -123.45035 40.37765 -123.44658 40.3718 -123.44505 40.36755 -123.43576</georss:line></item><item><guid isPermaLink="false">877b68d3-0e50-4b34-baa1-0224018f06fd</guid><a10:author><a10:name>Simon Hope</a10:name></a10:author><title /><description /><pubDate>Tue, 01 May 2012 21:57:25 +1000</pubDate><a10:link href="http://www.mapbutcher.com/" /><a10:rights type="text">Copyright 2011</a10:rights><a10:content type="text"></a10:content><a10:contributor><a10:name>mapbutcher@mapbutcher.com</a10:name></a10:contributor><georss:line>40.36755 -123.43576 40.36744 -123.43937</georss:line></item><item><guid isPermaLink="false">8c10aa66-e98d-48be-a28e-00e66a858c34</guid><a10:author><a10:name>Simon Hope</a10:name></a10:author><title /><description /><pubDate>Tue, 01 May 2012 21:57:25 +1000</pubDate><a10:link href="http://www.mapbutcher.com/" /><a10:rights type="text">Copyright 2011</a10:rights><a10:content type="text"></a10:content><a10:contributor><a10:name>mapbutcher@mapbutcher.com</a10:name></a10:contributor><georss:line>40.36392 -124.05704 40.38106 -124.07263 40.39013 -124.098 40.38964 -124.11126 40.38638 -124.12616 40.38983 -124.13121 40.39735 -124.13654 40.40363 -124.13876 40.40713 -124.14201 40.41011 -124.14764 40.41222 -124.15201 40.41528 -124.15524 40.41927 -124.15791 40.42282 -124.15996 40.42554 -124.16013 40.43005 -124.16103 40.43019 -124.16951 40.43094 -124.17379 40.43024 -124.1804 40.43133 -124.18772 40.43115 -124.19255 40.43439 -124.20304 40.4343 -124.20545 40.43595 -124.2098 40.43698 -124.21893 40.44128 -124.22527 40.44294 -124.22961 40.4447 -124.23093 40.4445 -124.23637 40.44296 -124.2411 40.4454 -124.24853 40.44529 -124.25154 40.44559 -124.25579 40.44701 -124.26617 40.45012 -124.26819 40.45181 -124.27133 40.45116 -124.27673 40.45473 -124.27818 40.45509 -124.28062 40.45625 -124.28615 40.45829 -124.29233 40.46089 -124.29553 40.4608 -124.29794 40.4607 -124.30036 40.45919 -124.30449 40.45934 -124.31237 40.4566 -124.31279 40.45363 -124.31924 40.4562 -124.33514 40.45735 -124.34067 40.45986 -124.34628 40.46183 -124.35429 40.46588 -124.35516 40.46714 -124.35767 40.4656 -124.3624 40.46449 -124.36777 40.4643 -124.3726 40.46602 -124.37514 40.46683 -124.37762 40.46846 -124.38257 40.46884 -124.38441 40.47058 -124.38634 40.4728 -124.3877 40.47331 -124.39065 40.47354 -124.39199</georss:line></item><item><guid isPermaLink="false">6a877ae1-aad4-485e-8293-c5f3478ba23e</guid><a10:author><a10:name>Simon Hope</a10:name></a10:author><title /><description /><pubDate>Tue, 01 May 2012 21:57:25 +1000</pubDate><a10:link href="http://www.mapbutcher.com/" /><a10:rights type="text">Copyright 2011</a10:rights><a10:content type="text"></a10:content><a10:contributor><a10:name>mapbutcher@mapbutcher.com</a10:name></a10:contributor><georss:line>40.42358 -122.00078 40.42563 -122.01173 40.42103 -122.01518 40.41938 -122.02962 40.41898 -122.04955 40.4155 -122.06452 40.41438 -122.07536 40.41192 -122.08432 40.41079 -122.09515 40.41061 -122.1042 40.40585 -122.11491 40.40508 -122.12997 40.39869 -122.13215 40.39857 -122.13758 40.39788 -122.14903 40.39632 -122.15864 40.39302 -122.16455 40.39284 -122.173 40.39225 -122.17963 40.38808 -122.18369 40.37918 -122.17551 40.37385 -122.16988 40.36979 -122.16911 40.35597 -122.17886</georss:line></item><item><guid isPermaLink="false">8d0fee05-1dc0-4cef-87be-d91eb21d9e3b</guid><a10:author><a10:name>Simon Hope</a10:name></a10:author><title /><description /><pubDate>Tue, 01 May 2012 21:57:25 +1000</pubDate><a10:link href="http://www.mapbutcher.com/" /><a10:rights type="text">Copyright 2011</a10:rights><a10:content type="text"></a10:content><a10:contributor><a10:name>mapbutcher@mapbutcher.com</a10:name></a10:contributor><georss:line>40.35597 -122.17886 40.36487 -122.18704 40.36527 -122.18948 40.36965 -122.19688 40.37816 -122.20204</georss:line></item><item><guid isPermaLink="false">9cd0e56b-c0db-4dc9-8709-43b826e86c2f</guid><a10:author><a10:name>Simon Hope</a10:name></a10:author><title /><description /><pubDate>Tue, 01 May 2012 21:57:25 +1000</pubDate><a10:link href="http://www.mapbutcher.com/" /><a10:rights type="text">Copyright 2011</a10:rights><a10:content type="text"></a10:content><a10:contributor><a10:name>mapbutcher@mapbutcher.com</a10:name></a10:contributor><georss:line>40.35282 -123.92226 40.35974 -123.91906 40.37098 -123.92217 40.37967 -123.9203 40.39472 -123.9315 40.40872 -123.93358</georss:line></item><item><guid isPermaLink="false">910076b1-1cf6-4067-b53b-da5801191671</guid><a10:author><a10:name>Simon Hope</a10:name></a10:author><title /><description /><pubDate>Tue, 01 May 2012 21:57:25 +1000</pubDate><a10:link href="http://www.mapbutcher.com/" /><a10:rights type="text">Copyright 2011</a10:rights><a10:content type="text"></a10:content><a10:contributor><a10:name>mapbutcher@mapbutcher.com</a10:name></a10:contributor><georss:line>40.34529 -120.26712 40.34935 -120.27139 40.35157 -120.27925 40.35107 -120.28709 40.35555 -120.29498 40.3582 -120.30768 40.35726 -120.31249 40.35542 -120.3161 40.35308 -120.32693 40.35348 -120.33539 40.35662 -120.34085 40.36203 -120.34574 40.3638 -120.35119 40.36766 -120.38383 40.37395 -120.39175 40.37749 -120.40446 40.3787 -120.42561 40.37775 -120.43102</georss:line></item><item><guid isPermaLink="false">feaae3a6-1615-4b59-a792-414987b777f4</guid><a10:author><a10:name>Simon Hope</a10:name></a10:author><title /><description /><pubDate>Tue, 01 May 2012 21:57:25 +1000</pubDate><a10:link href="http://www.mapbutcher.com/" /><a10:rights type="text">Copyright 2011</a10:rights><a10:content type="text"></a10:content><a10:contributor><a10:name>mapbutcher@mapbutcher.com</a10:name></a10:contributor><georss:line>40.35518 -121.5687 40.34967 -121.57277 40.34552 -121.57687 40.34228 -121.581 40.33672 -121.58808 40.33387 -121.59584 40.33376 -121.60247 40.33543 -121.61096 40.33806 -121.61647 40.34072 -121.62017 40.34379 -121.6263 40.35307 -121.64105 40.34742 -121.65295 40.35 -121.66148 40.35363 -121.68754 40.35226 -121.71405 40.35462 -121.73464 40.35577 -121.77209 40.35879 -121.78064 40.36093 -121.78795 40.36531 -121.79654 40.37367 -121.81069 40.37434 -121.82339 40.38224 -121.83813 40.3858 -121.84187 40.38935 -121.84561 40.39551 -121.85608 40.39183 -121.88313 40.39489 -121.88927 40.39284 -121.90188 40.39574 -121.91586 40.39353 -121.93693 40.39413 -121.95265 40.39351 -121.96108 40.39937 -121.9631 40.3997 -121.96975 40.40187 -121.97466 40.40446 -121.98138 40.41288 -121.99134 40.42358 -122.00078</georss:line></item><item><guid isPermaLink="false">1c67f298-4d12-4b4c-88e1-c827f38e5b15</guid><a10:author><a10:name>Simon Hope</a10:name></a10:author><title /><description /><pubDate>Tue, 01 May 2012 21:57:25 +1000</pubDate><a10:link href="http://www.mapbutcher.com/" /><a10:rights type="text">Copyright 2011</a10:rights><a10:content type="text"></a10:content><a10:contributor><a10:name>mapbutcher@mapbutcher.com</a10:name></a10:contributor><georss:line>40.33194 -121.30985 40.33831 -121.3082 40.34106 -121.30647 40.35644 -121.30927 40.37681 -121.31219 40.3908 -121.31738 40.39667 -121.31873 40.40249 -121.32432 40.40829 -121.33051 40.41583 -121.34277 40.42482 -121.34844</georss:line></item><item><guid isPermaLink="false">472537e3-a0af-43e5-a1ff-dc0d1de98017</guid><a10:author><a10:name>Simon Hope</a10:name></a10:author><title /><description /><pubDate>Tue, 01 May 2012 21:57:25 +1000</pubDate><a10:link href="http://www.mapbutcher.com/" /><a10:rights type="text">Copyright 2011</a10:rights><a10:content type="text"></a10:content><a10:contributor><a10:name>mapbutcher@mapbutcher.com</a10:name></a10:contributor><georss:line>40.39309 -122.52448 40.38717 -122.52544 40.38106 -122.53423 40.37856 -122.54379 40.37658 -122.55095 40.3682 -122.55965 40.36532 -122.56616 40.36726 -122.57953 40.36031 -122.58527 40.3587 -122.59546 40.35081 -122.60297 40.3488 -122.61072 40.34501 -122.6172 40.34849 -122.62338 40.34433 -122.62622 40.34166 -122.62429 40.33802 -122.62473 40.33692 -122.63253 40.33372 -122.6336 40.3322 -122.64017 40.33158 -122.64678 40.32779 -122.65325 40.3307 -122.66364 40.32951 -122.67505 40.33673 -122.67657 40.33599 -122.68801 40.34251 -122.69917 40.34508 -122.70532 40.3463 -122.71081 40.34843 -122.71634 40.34779 -122.72355 40.34618 -122.73313 40.35665 -122.7318 40.36195 -122.73747 40.36535 -122.74668 40.36196 -122.75497</georss:line></item><item><guid isPermaLink="false">4b536b61-63c1-4e80-a6aa-205ae42feeeb</guid><a10:author><a10:name>Simon Hope</a10:name></a10:author><title /><description /><pubDate>Tue, 01 May 2012 21:57:25 +1000</pubDate><a10:link href="http://www.mapbutcher.com/" /><a10:rights type="text">Copyright 2011</a10:rights><a10:content type="text"></a10:content><a10:contributor><a10:name>mapbutcher@mapbutcher.com</a10:name></a10:contributor><georss:line>40.32184 -122.44846 40.32851 -122.43486 40.33464 -122.40494 40.33654 -122.38148 40.34493 -122.37156 40.34842 -122.35782 40.35725 -122.34852 40.35965 -122.34258 40.36475 -122.33795 40.37263 -122.33041</georss:line></item><item><guid isPermaLink="false">535d8b93-368e-45a4-90a2-60ba6a24ee37</guid><a10:author><a10:name>Simon Hope</a10:name></a10:author><title /><description /><pubDate>Tue, 01 May 2012 21:57:25 +1000</pubDate><a10:link href="http://www.mapbutcher.com/" /><a10:rights type="text">Copyright 2011</a10:rights><a10:content type="text"></a10:content><a10:contributor><a10:name>mapbutcher@mapbutcher.com</a10:name></a10:contributor><georss:line>40.36196 -122.75497 40.3591 -122.77779 40.35413 -122.79446 40.35237 -122.80947 40.35007 -122.82808 40.34207 -122.85607 40.34238 -122.86152 40.3489 -122.87209 40.34788 -122.87626 40.34232 -122.88083 40.33626 -122.88657 40.33251 -122.89123 40.32788 -122.89462 40.32459 -122.8987 40.31712 -122.90678 40.30818 -122.91843 40.30839 -122.92748 40.31319 -122.93435 40.30812 -122.95402 40.30839 -122.96066 40.30913 -122.96674 40.31328 -122.98081</georss:line></item><item><guid isPermaLink="false">fc9721c2-f022-48cc-85bf-423c6044fde4</guid><a10:author><a10:name>Simon Hope</a10:name></a10:author><title /><description /><pubDate>Tue, 01 May 2012 21:57:25 +1000</pubDate><a10:link href="http://www.mapbutcher.com/" /><a10:rights type="text">Copyright 2011</a10:rights><a10:content type="text"></a10:content><a10:contributor><a10:name>mapbutcher@mapbutcher.com</a10:name></a10:contributor><georss:line>40.30095 -121.22344 40.30514 -121.24767 40.30127 -121.26566 40.30874 -121.28272 40.31313 -121.29308 40.31623 -121.29859 40.3184 -121.30528 40.32147 -121.3126 40.33194 -121.30985</georss:line></item><item><guid isPermaLink="false">d23f55b9-d4ba-4689-b0d0-2c610255fced</guid><a10:author><a10:name>Simon Hope</a10:name></a10:author><title /><description /><pubDate>Tue, 01 May 2012 21:57:25 +1000</pubDate><a10:link href="http://www.mapbutcher.com/" /><a10:rights type="text">Copyright 2011</a10:rights><a10:content type="text"></a10:content><a10:contributor><a10:name>mapbutcher@mapbutcher.com</a10:name></a10:contributor><georss:line>40.29562 -123.07706 40.30001 -123.08212 40.3094 -123.08741 40.31312 -123.08398 40.32398 -123.08512 40.32782 -123.09377 40.33411 -123.0959 40.33697 -123.09122 40.35197 -123.09016 40.36145 -123.09184 40.36757 -123.0843 40.3725 -123.08636 40.37853 -123.08183 40.37922 -123.07341 40.38951 -123.06245 40.39903 -123.06293 40.40949 -123.06224 40.4234 -123.05145 40.43005 -123.05722 40.43504 -123.05747 40.44091 -123.05836 40.4486 -123.05936 40.46048 -123.05632 40.47035 -123.06044 40.48299 -123.06289 40.48726 -123.07217 40.4934 -123.07974 40.50191 -123.08379 40.51 -123.08662 40.51675 -123.08878 40.52257 -123.09149 40.52933 -123.09304 40.53611 -123.09399 40.54234 -123.09854 40.5491 -123.1001 40.55311 -123.10271 40.55477 -123.10825 40.55383 -123.12515 40.54927 -123.14188 40.54737 -123.14481 40.54547 -123.14774 40.54388 -123.15553 40.54303 -123.1694 40.55029 -123.18491 40.54872 -123.19209 40.54858 -123.19692 40.54776 -123.20959 40.55956 -123.24049 40.56953 -123.24101 40.57334 -123.2503 40.58337 -123.26415 40.59581 -123.27329 40.59467 -123.28111 40.60703 -123.29267 40.61259 -123.28873 40.61517 -123.29371 40.61635 -123.29984 40.62269 -123.30017 40.62526 -123.30516 40.62518 -123.30818 40.62267 -123.31593 40.63275 -123.31283 40.63469 -123.32384 40.62125 -123.33282 40.61869 -123.34238 40.61858 -123.34601 40.62402 -123.36146 40.62852 -123.37746 40.62725 -123.38951 40.62716 -123.40708 40.63113 -123.42548 40.62405 -123.43418 40.61344 -123.4542</georss:line></item><item><guid isPermaLink="false">de590aa2-1817-49ec-97ad-4794b8f83b6c</guid><a10:author><a10:name>Simon Hope</a10:name></a10:author><title /><description /><pubDate>Tue, 01 May 2012 21:57:25 +1000</pubDate><a10:link href="http://www.mapbutcher.com/" /><a10:rights type="text">Copyright 2011</a10:rights><a10:content type="text"></a10:content><a10:contributor><a10:name>mapbutcher@mapbutcher.com</a10:name></a10:contributor><georss:line>40.28704 -123.65392 40.30541 -123.66103 40.3193 -123.66666 40.32609 -123.66706 40.33206 -123.66499 40.33204 -123.67948 40.32951 -123.68718 40.33547 -123.699 40.33562 -123.70806 40.34747 -123.72023 40.36062 -123.7343 40.37073 -123.74396 40.38213 -123.75611 40.38928 -123.75957 40.39552 -123.76296 40.40158 -123.77178 40.4043 -123.78524 40.40276 -123.79059 40.39668 -123.79566 40.39048 -123.80435 40.38894 -123.80969 40.39259 -123.8226 40.39596 -123.83006 40.40072 -123.837 40.40308 -123.84741 40.40741 -123.85372 40.40477 -123.86443 40.4054 -123.87233 40.40703 -123.87787 40.40904 -123.88525 40.40836 -123.89185 40.40798 -123.90271 40.40765 -123.91236 40.40872 -123.93358</georss:line></item><item><guid isPermaLink="false">92255c02-7866-4132-9760-41f58f54aa62</guid><a10:author><a10:name>Simon Hope</a10:name></a10:author><title /><description /><pubDate>Tue, 01 May 2012 21:57:25 +1000</pubDate><a10:link href="http://www.mapbutcher.com/" /><a10:rights type="text">Copyright 2011</a10:rights><a10:content type="text"></a10:content><a10:contributor><a10:name>mapbutcher@mapbutcher.com</a10:name></a10:contributor><georss:line>40.32184 -122.44846 40.31841 -122.45918 40.30632 -122.47195 40.29789 -122.48306 40.28586 -122.49281 40.28157 -122.50167 40.27905 -122.51242 40.27806 -122.53469 40.27841 -122.53893</georss:line></item><item><guid isPermaLink="false">eea561f9-52c4-4b4f-915d-fa37815a89c5</guid><a10:author><a10:name>Simon Hope</a10:name></a10:author><title /><description /><pubDate>Tue, 01 May 2012 21:57:25 +1000</pubDate><a10:link href="http://www.mapbutcher.com/" /><a10:rights type="text">Copyright 2011</a10:rights><a10:content type="text"></a10:content><a10:contributor><a10:name>mapbutcher@mapbutcher.com</a10:name></a10:contributor><georss:line>40.27841 -122.53893 40.27348 -122.55499 40.29285 -122.59804 40.29377 -122.61617 40.30107 -122.63277 40.30333 -122.66966 40.30183 -122.69312 40.29921 -122.70688 40.29221 -122.7144 40.28487 -122.71769</georss:line></item><item><guid isPermaLink="false">c15444cd-7a1b-4cc8-84d0-4bf74d220631</guid><a10:author><a10:name>Simon Hope</a10:name></a10:author><title /><description /><pubDate>Tue, 01 May 2012 21:57:25 +1000</pubDate><a10:link href="http://www.mapbutcher.com/" /><a10:rights type="text">Copyright 2011</a10:rights><a10:content type="text"></a10:content><a10:contributor><a10:name>mapbutcher@mapbutcher.com</a10:name></a10:contributor><georss:line>40.5214 -124.07136 40.52367 -124.05879 40.52652 -124.05534 40.52536 -124.04982 40.52422 -124.04369 40.5235 -124.03819 40.52225 -124.03509 40.51651 -124.03049 40.51153 -124.03017 40.50728 -124.02203 40.50482 -124.01461 40.50862 -123.9973 40.49768 -123.99843 40.49371 -123.99515 40.48694 -123.99412 40.48713 -123.98869 40.4935 -123.98848 40.49569 -123.97772 40.48995 -123.97312 40.48527 -123.97707 40.48046 -123.97192 40.4728 -123.97023 40.46781 -123.95721 40.46901 -123.94882 40.46993 -123.93557 40.4712 -123.92536 40.47378 -123.91645 40.4763 -123.90935 40.4761 -123.90208 40.47415 -123.89288 40.46961 -123.8799 40.46809 -123.87134 40.46506 -123.86692 40.45666 -123.86036 40.45467 -123.85237 40.45444 -123.8457 40.45737 -123.83984 40.45969 -123.83817 40.4626 -123.8329 40.46025 -123.82187 40.46147 -123.81287 40.46414 -123.80093 40.47479 -123.79492 40.47824 -123.78666 40.48603 -123.78471 40.49824 -123.78605 40.51204 -123.79414 40.51929 -123.79458 40.52501 -123.78645 40.52676 -123.77505 40.52504 -123.75861 40.53049 -123.74501 40.5247 -123.72832 40.51528 -123.72473 40.50708 -123.71214 40.50988 -123.69597 40.50687 -123.69095 40.49978 -123.68569 40.49129 -123.68156 40.4855 -123.6782 40.48502 -123.66547 40.48257 -123.65686 40.4836 -123.65328 40.48421 -123.64848 40.48311 -123.64056 40.48443 -123.62793 40.48526 -123.61647 40.48612 -123.60382 40.48378 -123.59219 40.47946 -123.58529 40.47463 -123.58017 40.47087 -123.57028 40.46523 -123.5621 40.46244 -123.54984 40.4583 -123.53751 40.45377 -123.53725 40.44712 -123.53204 40.43769 -123.52909 40.42955 -123.52803 40.42038 -123.51663 40.41156 -123.52278 40.39793 -123.52322 40.38853 -123.51907 40.37398 -123.50557 40.36753 -123.49433 40.35911 -123.48782 40.35471 -123.48335 40.34603 -123.48528 40.34259 -123.47905 40.33725 -123.47574 40.33523 -123.46778 40.32774 -123.46072 40.3219 -123.45858 40.31416 -123.45936 40.30731 -123.46079 40.30274 -123.46174 40.29781 -123.45966 40.29051 -123.46107 40.28458 -123.44746 40.29092 -123.43333 40.28577 -123.424 40.27397 -123.42397 40.26968 -123.41589 40.25849 -123.41105 40.25463 -123.4036</georss:line></item><item><guid isPermaLink="false">516665ca-f0da-4442-8b3d-adc2ee342900</guid><a10:author><a10:name>Simon Hope</a10:name></a10:author><title /><description /><pubDate>Tue, 01 May 2012 21:57:25 +1000</pubDate><a10:link href="http://www.mapbutcher.com/" /><a10:rights type="text">Copyright 2011</a10:rights><a10:content type="text"></a10:content><a10:contributor><a10:name>mapbutcher@mapbutcher.com</a10:name></a10:contributor><georss:line>40.25401 -122.17384 40.26324 -122.16635 40.27108 -122.16001 40.27306 -122.15224 40.27967 -122.13983 40.29477 -122.13376 40.29671 -122.12779 40.29826 -122.11881 40.30383 -122.11238 40.3055 -122.09737 40.31117 -122.08672 40.31216 -122.08253 40.315 -122.0766 40.31972 -122.06772 40.32136 -122.0539 40.32065 -122.04423 40.31902 -122.03512 40.31594 -122.03019 40.30752 -122.02024 40.30682 -122.00996 40.30876 -122.0034 40.30664 -121.99609 40.30645 -121.98281 40.31068 -121.97512 40.31655 -121.953 40.32183 -121.9381 40.32936 -121.92387 40.3372 -121.89337 40.33837 -121.87953 40.34174 -121.86939 40.34104 -121.8579 40.32981 -121.8521 40.32989 -121.84789 40.33377 -121.83474 40.33308 -121.82265 40.33234 -121.81358 40.33313 -121.7949 40.33729 -121.79081 40.33704 -121.77934 40.33818 -121.76671 40.33478 -121.75393 40.3322 -121.746 40.33012 -121.73508 40.3285 -121.72417 40.32681 -121.71687 40.32699 -121.70663</georss:line></item><item><guid isPermaLink="false">ea89e155-8b0a-4393-a599-61e1b4d3e002</guid><a10:author><a10:name>Simon Hope</a10:name></a10:author><title /><description /><pubDate>Tue, 01 May 2012 21:57:25 +1000</pubDate><a10:link href="http://www.mapbutcher.com/" /><a10:rights type="text">Copyright 2011</a10:rights><a10:content type="text"></a10:content><a10:contributor><a10:name>mapbutcher@mapbutcher.com</a10:name></a10:contributor><georss:line>40.2402 -121.86603 40.24021 -121.86543 40.24254 -121.86189 40.24487 -121.85835 40.25002 -121.85008 40.25611 -121.83943 40.26172 -121.83058 40.2724 -121.81706 40.27296 -121.81105 40.27225 -121.80018 40.27235 -121.79476 40.27378 -121.79118 40.27537 -121.77858 40.27917 -121.76906 40.28403 -121.75052 40.29155 -121.73628 40.29924 -121.7112 40.30166 -121.70283 40.30449 -121.69688 40.30727 -121.69336 40.31187 -121.68927 40.31286 -121.68448 40.3144 -121.67427 40.31552 -121.66164 40.31757 -121.64783 40.31545 -121.63933 40.3106 -121.63074</georss:line></item><item><guid isPermaLink="false">3e2b10c1-3705-4b90-8472-e0fc6070dd01</guid><a10:author><a10:name>Simon Hope</a10:name></a10:author><title /><description /><pubDate>Tue, 01 May 2012 21:57:25 +1000</pubDate><a10:link href="http://www.mapbutcher.com/" /><a10:rights type="text">Copyright 2011</a10:rights><a10:content type="text"></a10:content><a10:contributor><a10:name>mapbutcher@mapbutcher.com</a10:name></a10:contributor><georss:line>40.28487 -122.71769 40.26901 -122.71698 40.25367 -122.73136 40.25044 -122.7511 40.24554 -122.76534 40.24004 -122.7675 40.23949 -122.7711 40.2635 -122.80717 40.2673 -122.8182 40.26148 -122.8324 40.2371 -122.87887 40.23663 -122.89632</georss:line></item><item><guid isPermaLink="false">2973163c-2846-46b5-a3b8-a3c72dcd89a9</guid><a10:author><a10:name>Simon Hope</a10:name></a10:author><title /><description /><pubDate>Tue, 01 May 2012 21:57:25 +1000</pubDate><a10:link href="http://www.mapbutcher.com/" /><a10:rights type="text">Copyright 2011</a10:rights><a10:content type="text"></a10:content><a10:contributor><a10:name>mapbutcher@mapbutcher.com</a10:name></a10:contributor><georss:line>40.25401 -122.17384 40.25207 -122.17979 40.24966 -122.18633 40.2469 -122.18803 40.24092 -122.19203 40.23675 -122.19609 40.23349 -122.20019 40.23425 -122.20684 40.23687 -122.21176 40.24269 -122.215 40.24857 -122.21582 40.25693 -122.2071 40.27091 -122.18954 40.27977 -122.17842 40.28261 -122.1942 40.28772 -122.18836 40.29466 -122.18199 40.29889 -122.17492 40.30037 -122.16954 40.30056 -122.16051 40.30337 -122.15639 40.30796 -122.15354 40.31255 -122.1513 40.31787 -122.15693 40.32114 -122.15282 40.32658 -122.15303 40.32922 -122.15675 40.32635 -122.16388 40.32215 -122.16915 40.31657 -122.17558 40.31593 -122.1846 40.31524 -122.19543 40.31906 -122.20764 40.32487 -122.21209 40.33076 -122.21232 40.339 -122.20901 40.34143 -122.20126 40.34024 -122.19336 40.34496 -122.18449 40.35597 -122.17886</georss:line></item><item><guid isPermaLink="false">555b992a-3192-48a2-b288-d7956d012792</guid><a10:author><a10:name>Simon Hope</a10:name></a10:author><title /><description /><pubDate>Tue, 01 May 2012 21:57:25 +1000</pubDate><a10:link href="http://www.mapbutcher.com/" /><a10:rights type="text">Copyright 2011</a10:rights><a10:content type="text"></a10:content><a10:contributor><a10:name>mapbutcher@mapbutcher.com</a10:name></a10:contributor><georss:line>40.20838 -122.54559 40.22339 -122.52514 40.23181 -122.51465 40.23983 -122.50173 40.24855 -122.49728 40.24643 -122.49116 40.24713 -122.48094 40.25536 -122.47827 40.26582 -122.4769 40.26499 -122.47385 40.27007 -122.46984 40.26788 -122.46674 40.27568 -122.46284 40.29152 -122.4647 40.29667 -122.45768 40.30443 -122.45559 40.31004 -122.44858 40.32184 -122.44846</georss:line></item><item><guid isPermaLink="false">88262fdc-d7dc-4ff6-8a92-fac3bece41e4</guid><a10:author><a10:name>Simon Hope</a10:name></a10:author><title /><description /><pubDate>Tue, 01 May 2012 21:57:25 +1000</pubDate><a10:link href="http://www.mapbutcher.com/" /><a10:rights type="text">Copyright 2011</a10:rights><a10:content type="text"></a10:content><a10:contributor><a10:name>mapbutcher@mapbutcher.com</a10:name></a10:contributor><georss:line>40.17472 -121.09642 40.17433 -121.09159</georss:line></item><item><guid isPermaLink="false">86343b8c-4d66-4b7f-a738-694499745bb0</guid><a10:author><a10:name>Simon Hope</a10:name></a10:author><title /><description /><pubDate>Tue, 01 May 2012 21:57:25 +1000</pubDate><a10:link href="http://www.mapbutcher.com/" /><a10:rights type="text">Copyright 2011</a10:rights><a10:content type="text"></a10:content><a10:contributor><a10:name>mapbutcher@mapbutcher.com</a10:name></a10:contributor><georss:line>40.17433 -121.09159 40.17393 -121.08737</georss:line></item><item><guid isPermaLink="false">66b05f68-b8b6-4b52-8b0b-5c8fc8243f92</guid><a10:author><a10:name>Simon Hope</a10:name></a10:author><title /><description /><pubDate>Tue, 01 May 2012 21:57:25 +1000</pubDate><a10:link href="http://www.mapbutcher.com/" /><a10:rights type="text">Copyright 2011</a10:rights><a10:content type="text"></a10:content><a10:contributor><a10:name>mapbutcher@mapbutcher.com</a10:name></a10:contributor><georss:line>40.16895 -121.19138 40.1853 -121.18935 40.18573 -121.19118 40.18706 -121.19362 40.18831 -121.20147 40.1928 -121.20518 40.19685 -121.2077 40.19954 -121.21017 40.20026 -121.22343 40.19962 -121.23726 40.19368 -121.24013 40.18862 -121.24542 40.18631 -121.24898 40.18354 -121.25192 40.18389 -121.25975 40.1911 -121.26294 40.19377 -121.26601 40.19458 -121.27386 40.19584 -121.28052 40.18932 -121.2924 40.1864 -121.30677 40.18621 -121.3194 40.18291 -121.32835 40.18052 -121.33672 40.17724 -121.34386 40.1749 -121.34922 40.17162 -121.35575 40.16834 -121.36289 40.16779 -121.3701 40.16721 -121.37791 40.16846 -121.38577 40.16832 -121.39479 40.16818 -121.40441 40.16994 -121.40747 40.17123 -121.41232 40.17247 -121.42078 40.17013 -121.42553 40.1669 -121.42905</georss:line></item><item><guid isPermaLink="false">787f7153-fb74-4870-bfdd-4c94e01eca68</guid><a10:author><a10:name>Simon Hope</a10:name></a10:author><title /><description /><pubDate>Tue, 01 May 2012 21:57:25 +1000</pubDate><a10:link href="http://www.mapbutcher.com/" /><a10:rights type="text">Copyright 2011</a10:rights><a10:content type="text"></a10:content><a10:contributor><a10:name>mapbutcher@mapbutcher.com</a10:name></a10:contributor><georss:line>40.20838 -122.54559 40.20173 -122.55795 40.20014 -122.56752 40.20121 -122.57961 40.20281 -122.58812 40.20082 -122.59526 40.20111 -122.60189 40.20397 -122.61467 40.20549 -122.62678 40.20477 -122.63759 40.20907 -122.64681 40.20889 -122.65404 40.20506 -122.6623 40.20125 -122.66936 40.19347 -122.67203 40.18657 -122.67593 40.17938 -122.67321 40.17255 -122.67411 40.1698 -122.67519 40.16365 -122.68516 40.16342 -122.69418 40.15948 -122.70664 40.16598 -122.71837 40.16528 -122.72797 40.17121 -122.74449 40.17762 -122.75983 40.18195 -122.76786 40.18448 -122.77521 40.18576 -122.77827 40.18465 -122.78605 40.18404 -122.79205 40.18348 -122.79623 40.1809 -122.80816 40.18644 -122.82166 40.18525 -122.83245 40.18586 -122.84392 40.18649 -122.85419 40.18759 -122.86388 40.18651 -122.87045 40.18879 -122.88682 40.19616 -122.91669</georss:line></item><item><guid isPermaLink="false">4e7f4516-9a28-48f6-888a-8b9fdd469429</guid><a10:author><a10:name>Simon Hope</a10:name></a10:author><title /><description /><pubDate>Tue, 01 May 2012 21:57:25 +1000</pubDate><a10:link href="http://www.mapbutcher.com/" /><a10:rights type="text">Copyright 2011</a10:rights><a10:content type="text"></a10:content><a10:contributor><a10:name>mapbutcher@mapbutcher.com</a10:name></a10:contributor><georss:line>40.1522 -122.20435 40.16056 -122.21609 40.16544 -122.22169 40.1699 -122.22488 40.17661 -122.22935 40.1819 -122.23617 40.19162 -122.22751 40.20312 -122.22012 40.21019 -122.20774 40.21581 -122.19952 40.22051 -122.19186 40.22515 -122.18661 40.22889 -122.18194 40.23401 -122.1755 40.23957 -122.17029 40.24376 -122.16502 40.24871 -122.16702 40.25183 -122.16954 40.25401 -122.17384</georss:line></item><item><guid isPermaLink="false">69b7dabc-3ffa-4ac2-b1b7-bc61f1f01659</guid><a10:author><a10:name>Simon Hope</a10:name></a10:author><title /><description /><pubDate>Tue, 01 May 2012 21:57:25 +1000</pubDate><a10:link href="http://www.mapbutcher.com/" /><a10:rights type="text">Copyright 2011</a10:rights><a10:content type="text"></a10:content><a10:contributor><a10:name>mapbutcher@mapbutcher.com</a10:name></a10:contributor><georss:line>40.15246 -123.0043 40.15048 -123.01022 40.15253 -123.01815 40.15602 -123.02313 40.16287 -123.02167 40.17203 -123.03476 40.17451 -123.04331 40.17297 -123.04987 40.17617 -123.06508 40.18365 -123.07328 40.1877 -123.09035 40.23039 -123.12081 40.23633 -123.1193 40.24634 -123.13428 40.24883 -123.14224 40.25315 -123.1497 40.25519 -123.15764 40.25687 -123.16254 40.2622 -123.16644 40.26476 -123.172 40.27887 -123.20168 40.28399 -123.2128 40.2878 -123.22205 40.29203 -123.23252 40.29736 -123.23642 40.30606 -123.24894 40.31535 -123.25727 40.32131 -123.27026 40.3273 -123.28265 40.33612 -123.29095 40.351 -123.30926 40.35608 -123.30651 40.36764 -123.31437 40.36695 -123.32219 40.36769 -123.32766 40.3829 -123.33511 40.37658 -123.36377 40.38181 -123.3707 40.39349 -123.38945 40.40473 -123.3931 40.4072 -123.40108 40.41064 -123.40731 40.42862 -123.41313 40.43589 -123.41293 40.43945 -123.41494 40.44119 -123.41745 40.44795 -123.41903 40.45477 -123.4188 40.46415 -123.42355 40.47014 -123.42085 40.47739 -123.42126 40.48554 -123.42171 40.51353 -123.4414 40.52506 -123.44991 40.53454 -123.45164 40.54702 -123.45899 40.55738 -123.46138 40.56445 -123.4533 40.56824 -123.44806 40.57066 -123.44334 40.59598 -123.44657 40.60223 -123.44994 40.61344 -123.4542</georss:line></item><item><guid isPermaLink="false">11dd417f-de39-4f9f-889a-c8897aac112c</guid><a10:author><a10:name>Simon Hope</a10:name></a10:author><title /><description /><pubDate>Tue, 01 May 2012 21:57:25 +1000</pubDate><a10:link href="http://www.mapbutcher.com/" /><a10:rights type="text">Copyright 2011</a10:rights><a10:content type="text"></a10:content><a10:contributor><a10:name>mapbutcher@mapbutcher.com</a10:name></a10:contributor><georss:line>40.19064 -123.16157 40.18332 -123.1636 40.17956 -123.16823 40.16644 -123.16695 40.16447 -123.17227 40.15326 -123.16748 40.14812 -123.17264 40.13967 -123.16679 40.13282 -123.16824 40.12683 -123.17155 40.12392 -123.17802 40.122 -123.18153 40.12355 -123.19064 40.12965 -123.19938 40.13931 -123.21011 40.15363 -123.21687 40.16067 -123.22446 40.16859 -123.2327 40.17429 -123.23962 40.18134 -123.24662 40.18343 -123.25275 40.1877 -123.26141 40.19135 -123.27606 40.19706 -123.28239 40.1977 -123.29146 40.21062 -123.29937 40.21904 -123.30585 40.22852 -123.30756 40.23648 -123.31461 40.24271 -123.31856 40.25204 -123.32508 40.26078 -123.32133 40.26772 -123.33195 40.27184 -123.33097 40.27809 -123.33432 40.28162 -123.33752 40.29284 -123.34174 40.29889 -123.35173</georss:line></item><item><guid isPermaLink="false">6115e3f2-f37a-4076-ac5c-bd2632f190d4</guid><a10:author><a10:name>Simon Hope</a10:name></a10:author><title /><description /><pubDate>Tue, 01 May 2012 21:57:25 +1000</pubDate><a10:link href="http://www.mapbutcher.com/" /><a10:rights type="text">Copyright 2011</a10:rights><a10:content type="text"></a10:content><a10:contributor><a10:name>mapbutcher@mapbutcher.com</a10:name></a10:contributor><georss:line>40.09415 -122.11796 40.11423 -122.11208 40.12183 -122.11717 40.13548 -122.11526 40.14183 -122.11549 40.14584 -122.11865 40.14805 -122.12174 40.14984 -122.12302 40.1524 -122.13033 40.15694 -122.13049 40.16006 -122.13302 40.16356 -122.13916 40.16769 -122.13691 40.1732 -122.1335 40.17829 -122.12887 40.18541 -122.13575 40.19038 -122.13654 40.1968 -122.13316 40.20195 -122.12552 40.20525 -122.11962 40.20815 -122.11069 40.20927 -122.10049 40.20945 -122.09207 40.2147 -122.07901 40.21581 -122.06941 40.21185 -122.06325 40.20799 -122.05227 40.20543 -122.04435 40.20871 -122.03905 40.20744 -122.03418 40.20859 -122.02217 40.21061 -122.012 40.21303 -122.00426 40.21819 -121.9954 40.22194 -121.98951 40.23678 -121.97316 40.24384 -121.96014 40.24543 -121.94815 40.24524 -121.93488 40.2422 -121.92755 40.24003 -121.92265 40.23646 -121.91953 40.22996 -121.90364 40.22878 -121.89397 40.22843 -121.88853 40.2327 -121.87843 40.23727 -121.87678 40.23873 -121.8714 40.2402 -121.86603</georss:line></item><item><guid isPermaLink="false">56ca8e69-1fcc-4336-b259-1a916380ed63</guid><a10:author><a10:name>Simon Hope</a10:name></a10:author><title /><description /><pubDate>Tue, 01 May 2012 21:57:25 +1000</pubDate><a10:link href="http://www.mapbutcher.com/" /><a10:rights type="text">Copyright 2011</a10:rights><a10:content type="text"></a10:content><a10:contributor><a10:name>mapbutcher@mapbutcher.com</a10:name></a10:contributor><georss:line>40.13673 -122.91625 40.12403 -122.88255 40.11966 -122.87633 40.11483 -122.87009 40.10781 -122.86134 40.10535 -122.85159 40.09958 -122.84651 40.09857 -122.83324 40.09595 -122.8295 40.09608 -122.8247 40.09324 -122.79449 40.0984 -122.78812 40.10804 -122.78374 40.11773 -122.77757 40.11834 -122.77158 40.12415 -122.75741 40.12532 -122.74723 40.12692 -122.73768 40.12486 -122.72976 40.12281 -122.72124 40.12126 -122.71095 40.12143 -122.70434 40.12298 -122.69659 40.12943 -122.69266 40.13876 -122.68285 40.13938 -122.67625 40.14547 -122.6687 40.14522 -122.66026 40.14854 -122.65439 40.14635 -122.65128 40.14842 -122.64114 40.15211 -122.63889 40.14943 -122.63697 40.15012 -122.62737 40.14928 -122.62492 40.15308 -122.61787 40.15134 -122.61478 40.14984 -122.60208 40.15192 -122.59134 40.15299 -122.58476 40.16552 -122.57326 40.17025 -122.56504 40.17406 -122.55798 40.17736 -122.5527 40.18602 -122.55126 40.18971 -122.54841 40.20068 -122.54526 40.20534 -122.54004 40.20838 -122.54559</georss:line></item><item><guid isPermaLink="false">c56979c8-3635-4efb-8f7b-1188c7166238</guid><a10:author><a10:name>Simon Hope</a10:name></a10:author><title /><description /><pubDate>Tue, 01 May 2012 21:57:25 +1000</pubDate><a10:link href="http://www.mapbutcher.com/" /><a10:rights type="text">Copyright 2011</a10:rights><a10:content type="text"></a10:content><a10:contributor><a10:name>mapbutcher@mapbutcher.com</a10:name></a10:contributor><georss:line>40.09126 -121.13364 40.09787 -121.11334 40.09985 -121.10016 40.10451 -121.09004 40.10868 -121.08352 40.12085 -121.0892 40.12845 -121.09779 40.13298 -121.0985 40.14381 -121.10294 40.14747 -121.10002 40.15066 -121.09889 40.15655 -121.09902 40.16016 -121.1003 40.16522 -121.095 40.17433 -121.09159</georss:line></item><item><guid isPermaLink="false">d88c21e2-f6d8-4777-a6b3-ed99fdfdcde5</guid><a10:author><a10:name>Simon Hope</a10:name></a10:author><title /><description /><pubDate>Tue, 01 May 2012 21:57:25 +1000</pubDate><a10:link href="http://www.mapbutcher.com/" /><a10:rights type="text">Copyright 2011</a10:rights><a10:content type="text"></a10:content><a10:contributor><a10:name>mapbutcher@mapbutcher.com</a10:name></a10:contributor><georss:line>40.09126 -121.13364 40.10437 -121.13634 40.10879 -121.14546 40.1133 -121.14738</georss:line></item><item><guid isPermaLink="false">ccbfe307-fa9c-41d0-be0c-904a580fd129</guid><a10:author><a10:name>Simon Hope</a10:name></a10:author><title /><description /><pubDate>Tue, 01 May 2012 21:57:25 +1000</pubDate><a10:link href="http://www.mapbutcher.com/" /><a10:rights type="text">Copyright 2011</a10:rights><a10:content type="text"></a10:content><a10:contributor><a10:name>mapbutcher@mapbutcher.com</a10:name></a10:contributor><georss:line>40.09415 -122.11796 40.08994 -122.12383 40.09032 -122.12744 40.09119 -122.12928 40.0934 -122.13237 40.09886 -122.13137 40.10427 -122.13277 40.11014 -122.13419 40.11784 -122.13448 40.12323 -122.13708 40.12996 -122.14093 40.13356 -122.14227 40.13625 -122.14357 40.13939 -122.14549 40.14072 -122.14674 40.1433 -122.15347 40.1441 -122.15891 40.14438 -122.16674 40.14744 -122.17227 40.15006 -122.17719 40.1522 -122.20435</georss:line></item><item><guid isPermaLink="false">fc0cf8d3-b5b5-42ce-84c6-09dd28125b9b</guid><a10:author><a10:name>Simon Hope</a10:name></a10:author><title /><description /><pubDate>Tue, 01 May 2012 21:57:25 +1000</pubDate><a10:link href="http://www.mapbutcher.com/" /><a10:rights type="text">Copyright 2011</a10:rights><a10:content type="text"></a10:content><a10:contributor><a10:name>mapbutcher@mapbutcher.com</a10:name></a10:contributor><georss:line>40.07315 -122.1244 40.07912 -122.12102 40.08325 -122.11877 40.09415 -122.11796</georss:line></item><item><guid isPermaLink="false">d878d3d4-d5a7-4b60-8c13-6326fb7005f6</guid><a10:author><a10:name>Simon Hope</a10:name></a10:author><title /><description /><pubDate>Tue, 01 May 2012 21:57:25 +1000</pubDate><a10:link href="http://www.mapbutcher.com/" /><a10:rights type="text">Copyright 2011</a10:rights><a10:content type="text"></a10:content><a10:contributor><a10:name>mapbutcher@mapbutcher.com</a10:name></a10:contributor><georss:line>40.06316 -120.68652 40.06648 -120.67155 40.07066 -120.6608 40.07521 -120.65907 40.08069 -120.65496 40.08437 -120.64961 40.08893 -120.64668 40.09304 -120.64374 40.10209 -120.64568 40.10896 -120.63737 40.11996 -120.62492 40.14173 -120.62466 40.15808 -120.62191 40.16904 -120.61246 40.1736 -120.61012 40.17633 -120.60956 40.17995 -120.61021 40.18673 -120.61213 40.19215 -120.61401 40.19712 -120.6171 40.20248 -120.62622 40.20831 -120.63293 40.21416 -120.63844 40.22001 -120.64275 40.22767 -120.6489 40.23396 -120.65562 40.24337 -120.66662 40.2506 -120.67035 40.2596 -120.67712</georss:line></item><item><guid isPermaLink="false">4d1d9e44-418f-416c-aa9c-746d585ba591</guid><a10:author><a10:name>Simon Hope</a10:name></a10:author><title /><description /><pubDate>Tue, 01 May 2012 21:57:25 +1000</pubDate><a10:link href="http://www.mapbutcher.com/" /><a10:rights type="text">Copyright 2011</a10:rights><a10:content type="text"></a10:content><a10:contributor><a10:name>mapbutcher@mapbutcher.com</a10:name></a10:contributor><georss:line>40.0615 -120.67088 40.06316 -120.68652</georss:line></item><item><guid isPermaLink="false">c8a63e6d-8e74-47a8-9a84-b45d55c36a9e</guid><a10:author><a10:name>Simon Hope</a10:name></a10:author><title /><description /><pubDate>Tue, 01 May 2012 21:57:25 +1000</pubDate><a10:link href="http://www.mapbutcher.com/" /><a10:rights type="text">Copyright 2011</a10:rights><a10:content type="text"></a10:content><a10:contributor><a10:name>mapbutcher@mapbutcher.com</a10:name></a10:contributor><georss:line>40.1522 -122.20435 40.14255 -122.21 40.1424 -122.21721 40.1421 -122.23104 40.14329 -122.23891 40.13272 -122.24512 40.12923 -122.25943 40.12673 -122.27016 40.12287 -122.28024 40.12073 -122.2952 40.12093 -122.30663 40.116 -122.32449 40.11496 -122.33046 40.11073 -122.33691 40.10782 -122.34521 40.10774 -122.34882 40.10374 -122.36491 40.10361 -122.37092 40.10069 -122.37982 40.09827 -122.38634 40.09718 -122.39411 40.09663 -122.3983 40.09285 -122.40476 40.0927 -122.41137 40.09122 -122.41673 40.09105 -122.42393 40.0936 -122.43125 40.09618 -122.43737 40.1154 -122.44959 40.11652 -122.45986 40.10395 -122.49242 40.10468 -122.51892 40.109 -122.52812 40.10494 -122.546 40.09777 -122.56073 40.09071 -122.57125 40.06585 -122.58642 40.05905 -122.6228 40.06286 -122.63378 40.0606 -122.65172 40.07193 -122.67025 40.0817 -122.69654 40.06624 -122.71569 40.06136 -122.7293</georss:line></item><item><guid isPermaLink="false">b379084d-6f68-4883-85ae-38dc569bb4b0</guid><a10:author><a10:name>Simon Hope</a10:name></a10:author><title /><description /><pubDate>Tue, 01 May 2012 21:57:25 +1000</pubDate><a10:link href="http://www.mapbutcher.com/" /><a10:rights type="text">Copyright 2011</a10:rights><a10:content type="text"></a10:content><a10:contributor><a10:name>mapbutcher@mapbutcher.com</a10:name></a10:contributor><georss:line>40.07315 -122.1244 40.07432 -122.13347 40.07961 -122.14088 40.08259 -122.15001 40.0842 -122.15969 40.08397 -122.1705 40.08331 -122.1807 40.08081 -122.19143 40.07972 -122.19981 40.07865 -122.20758 40.07664 -122.21652 40.07655 -122.22073 40.07462 -122.22607 40.07214 -122.23559 40.07237 -122.24582 40.07266 -122.25364 40.07342 -122.26028 40.07324 -122.26869 40.07306 -122.2765 40.07105 -122.28545 40.07088 -122.29325 40.07441 -122.2976 40.0715 -122.3059 40.06848 -122.31961 40.0701 -122.32809 40.07129 -122.33595 40.07155 -122.34438 40.06537 -122.35676 40.06058 -122.36798 40.05899 -122.37814 40.05783 -122.38891 40.05782 -122.40936 40.05166 -122.42052 40.05003 -122.43248</georss:line></item><item><guid isPermaLink="false">c209b172-86fa-4c34-af8f-8c66a669815c</guid><a10:author><a10:name>Simon Hope</a10:name></a10:author><title /><description /><pubDate>Tue, 01 May 2012 21:57:25 +1000</pubDate><a10:link href="http://www.mapbutcher.com/" /><a10:rights type="text">Copyright 2011</a10:rights><a10:content type="text"></a10:content><a10:contributor><a10:name>mapbutcher@mapbutcher.com</a10:name></a10:contributor><georss:line>40.06719 -120.28878 40.06713 -120.29839 40.07161 -120.30685 40.0747 -120.32132 40.08505 -120.33225 40.08821 -120.3353 40.09042 -120.34373 40.09218 -120.35157 40.09077 -120.35937 40.08935 -120.36777 40.08656 -120.37675 40.08472 -120.38033 40.08514 -120.38515 40.08829 -120.38879 40.09235 -120.39245 40.09641 -120.3961 40.10948 -120.40589 40.10854 -120.4119 40.10804 -120.4179 40.10799 -120.42391 40.1093 -120.43175 40.11104 -120.44139 40.11283 -120.44442 40.11416 -120.44804 40.11819 -120.45531 40.11625 -120.47212 40.11208 -120.48289 40.10883 -120.49306 40.11464 -120.50397 40.11277 -120.50935 40.12083 -120.52209 40.11534 -120.52863 40.11436 -120.53764 40.10927 -120.55019 40.10651 -120.55496 40.09922 -120.55906 40.0897 -120.55892 40.08563 -120.55706 40.08435 -120.54682 40.07937 -120.54735 40.07796 -120.55214 40.07478 -120.55389 40.06842 -120.555 40.06297 -120.55553 40.06115 -120.5567 40.05975 -120.56149 40.05836 -120.56447 40.05471 -120.56802 40.05458 -120.58304 40.05636 -120.58667 40.05631 -120.59207 40.04632 -120.59373 40.04575 -120.60753 40.05154 -120.61903 40.05737 -120.62695 40.05959 -120.63179 40.06038 -120.64502 40.06073 -120.65644 40.0615 -120.67088</georss:line></item><item><guid isPermaLink="false">4f9bf6b0-5979-493a-b0f3-f740f76ea286</guid><a10:author><a10:name>Simon Hope</a10:name></a10:author><title /><description /><pubDate>Tue, 01 May 2012 21:57:25 +1000</pubDate><a10:link href="http://www.mapbutcher.com/" /><a10:rights type="text">Copyright 2011</a10:rights><a10:content type="text"></a10:content><a10:contributor><a10:name>mapbutcher@mapbutcher.com</a10:name></a10:contributor><georss:line>40.0452 -122.11617 40.06295 -122.11321 40.06693 -122.11817 40.07315 -122.1244</georss:line></item><item><guid isPermaLink="false">41267971-a1ff-4336-a565-0b09fba7af64</guid><a10:author><a10:name>Simon Hope</a10:name></a10:author><title /><description /><pubDate>Tue, 01 May 2012 21:57:25 +1000</pubDate><a10:link href="http://www.mapbutcher.com/" /><a10:rights type="text">Copyright 2011</a10:rights><a10:content type="text"></a10:content><a10:contributor><a10:name>mapbutcher@mapbutcher.com</a10:name></a10:contributor><georss:line>40.03706 -121.98069 40.04389 -121.97913 40.05679 -121.96876 40.06016 -121.95925 40.05996 -121.94602 40.05721 -121.92429 40.05948 -121.90033 40.07699 -121.86185 40.09432 -121.83234 40.11057 -121.76191 40.11777 -121.73928 40.11805 -121.72425 40.12143 -121.71233</georss:line></item><item><guid isPermaLink="false">f6c4a887-fc86-4fab-9864-391fb45b994b</guid><a10:author><a10:name>Simon Hope</a10:name></a10:author><title /><description /><pubDate>Tue, 01 May 2012 21:57:25 +1000</pubDate><a10:link href="http://www.mapbutcher.com/" /><a10:rights type="text">Copyright 2011</a10:rights><a10:content type="text"></a10:content><a10:contributor><a10:name>mapbutcher@mapbutcher.com</a10:name></a10:contributor><georss:line>40.41943 -121.52285 40.4073 -121.51527 40.39324 -121.51487 40.38779 -121.51532 40.38327 -121.51459 40.37743 -121.5108 40.37247 -121.50885 40.37024 -121.50697 40.36664 -121.50507 40.36256 -121.50495 40.35708 -121.50721 40.35383 -121.51195 40.3497 -121.51485 40.34192 -121.51885 40.33606 -121.51688 40.33292 -121.51498 40.3311 -121.51492 40.32658 -121.5142 40.3229 -121.51711 40.31784 -121.52179 40.31733 -121.52539 40.31451 -121.53134 40.31392 -121.53977 40.31246 -121.54576 40.31003 -121.55594 40.30763 -121.56432 40.29758 -121.56824 40.29667 -121.56882 40.29118 -121.57168 40.28621 -121.57033 40.27861 -121.56348 40.27545 -121.56278 40.2732 -121.56152 40.26918 -121.55779 40.26555 -121.55768 40.25875 -121.55748 40.25282 -121.55972 40.24684 -121.56497 40.24035 -121.57322 40.23429 -121.58328 40.23187 -121.59286 40.22537 -121.6017 40.21923 -121.61597 40.21676 -121.62855 40.21292 -121.64048 40.20453 -121.65408 40.19986 -121.66177 40.19275 -121.67961 40.19079 -121.68798 40.18644 -121.7035 40.18401 -121.71306 40.17747 -121.72369 40.17822 -121.73274 40.1771 -121.74414 40.17652 -121.75135 40.17727 -121.7604 40.17753 -121.77125 40.17925 -121.77612 40.18053 -121.78098 40.18039 -121.7888 40.17796 -121.79774 40.17282 -121.80541 40.16824 -121.80827 40.16091 -121.81226 40.15631 -121.81571 40.15485 -121.82108 40.1532 -121.83668 40.15121 -121.84624 40.14614 -121.85029 40.13604 -121.85718 40.1278 -121.86111 40.11679 -121.86797 40.11076 -121.87498 40.10842 -121.87852 40.10564 -121.88203 40.09965 -121.88664 40.09351 -121.89967 40.08864 -121.91695 40.07994 -121.9449 40.07484 -121.95074 40.0724 -121.95967 40.06763 -121.97153 40.06147 -121.98454 40.05677 -121.99339 40.0527 -122.01549 40.05362 -122.03716 40.05431 -122.048 40.0523 -122.05754 40.05314 -122.06117 40.05336 -122.072 40.04655 -122.09459 40.037 -122.11768</georss:line></item><item><guid isPermaLink="false">59a4a377-322e-450b-9adf-b2d459fcb776</guid><a10:author><a10:name>Simon Hope</a10:name></a10:author><title /><description /><pubDate>Tue, 01 May 2012 21:57:25 +1000</pubDate><a10:link href="http://www.mapbutcher.com/" /><a10:rights type="text">Copyright 2011</a10:rights><a10:content type="text"></a10:content><a10:contributor><a10:name>mapbutcher@mapbutcher.com</a10:name></a10:contributor><georss:line>40.037 -122.11768 40.0452 -122.11617</georss:line></item><item><guid isPermaLink="false">8ae5bdc0-3761-4214-ac77-9b272b9fbd03</guid><a10:author><a10:name>Simon Hope</a10:name></a10:author><title /><description /><pubDate>Tue, 01 May 2012 21:57:25 +1000</pubDate><a10:link href="http://www.mapbutcher.com/" /><a10:rights type="text">Copyright 2011</a10:rights><a10:content type="text"></a10:content><a10:contributor><a10:name>mapbutcher@mapbutcher.com</a10:name></a10:contributor><georss:line>40.06316 -120.68652 40.06082 -120.69489 40.05579 -120.69962 40.05164 -120.70676 40.05111 -120.71396 40.04606 -120.72048 40.04329 -120.72585 40.04098 -120.73 40.03823 -120.73296 40.0368 -120.74075 40.03632 -120.74314 40.03718 -120.74796 40.03666 -120.75456 40.03843 -120.7588 40.03838 -120.7642 40.04014 -120.76904 40.03916 -120.77623 40.04231 -120.77929 40.04501 -120.78054 40.04677 -120.78597 40.04538 -120.78956 40.04532 -120.79496 40.04028 -120.80028 40.03936 -120.80146 40.04065 -120.80749 40.04375 -120.81535 40.04684 -120.82262 40.05859 -120.82645 40.0649 -120.83016 40.07748 -120.84182 40.08103 -120.84911 40.08734 -120.85223 40.0927 -120.86015 40.0981 -120.86385 40.10123 -120.86812 40.10391 -120.87178 40.10609 -120.87964 40.11098 -120.88875 40.10638 -120.89407 40.10088 -120.89998 40.094 -120.90646 40.08945 -120.90817 40.08627 -120.90871 40.08261 -120.91104 40.08076 -120.91461 40.0789 -120.91818 40.07749 -120.92296 40.07103 -120.93305 40.07041 -120.94746 40.0644 -120.95695 40.05844 -120.96284 40.05209 -120.96331 40.05107 -120.97231 40.0451 -120.97939 40.04192 -120.97932 40.03554 -120.9828</georss:line></item><item><guid isPermaLink="false">e094b766-2257-4dce-b1c2-e38c77cb4842</guid><a10:author><a10:name>Simon Hope</a10:name></a10:author><title /><description /><pubDate>Tue, 01 May 2012 21:57:25 +1000</pubDate><a10:link href="http://www.mapbutcher.com/" /><a10:rights type="text">Copyright 2011</a10:rights><a10:content type="text"></a10:content><a10:contributor><a10:name>mapbutcher@mapbutcher.com</a10:name></a10:contributor><georss:line>40.02201 -120.09431 40.02518 -120.09615 40.0342 -120.10583 40.04053 -120.11009 40.04007 -120.11189 40.04141 -120.1149 40.0473 -120.11615 40.05046 -120.11978 40.04861 -120.12578 40.04722 -120.13297 40.04811 -120.13538 40.05171 -120.14082 40.05668 -120.14507 40.06165 -120.14812 40.06618 -120.14996 40.06845 -120.14878 40.07211 -120.14281 40.07444 -120.12901 40.07808 -120.12843 40.07942 -120.13085 40.08891 -120.13695 40.09568 -120.14482 40.09882 -120.15146 40.10106 -120.15509 40.10195 -120.15871 40.10556 -120.16295 40.11007 -120.1672 40.11592 -120.17446 40.11816 -120.1799 40.11993 -120.18654 40.12081 -120.19196 40.1235 -120.1986 40.1253 -120.20042 40.12935 -120.20587 40.13295 -120.21072 40.13607 -120.21977 40.15046 -120.24157 40.14949 -120.25239</georss:line></item><item><guid isPermaLink="false">96b606b0-3ea6-4e3b-b8f7-a88563fe5f23</guid><a10:author><a10:name>Simon Hope</a10:name></a10:author><title /><description /><pubDate>Tue, 01 May 2012 21:57:25 +1000</pubDate><a10:link href="http://www.mapbutcher.com/" /><a10:rights type="text">Copyright 2011</a10:rights><a10:content type="text"></a10:content><a10:contributor><a10:name>mapbutcher@mapbutcher.com</a10:name></a10:contributor><georss:line>40.0452 -122.11617 40.05099 -122.12119 40.05618 -122.1334 40.05503 -122.14478 40.0526 -122.1525 40.05225 -122.16933 40.04957 -122.18845 40.04739 -122.2058 40.04585 -122.21416 40.04288 -122.22546 40.04412 -122.23092 40.04205 -122.24285 40.03824 -122.25112 40.03984 -122.2608 40.03435 -122.26299 40.03379 -122.26778 40.02909 -122.27541 40.02804 -122.28197 40.03143 -122.29292 40.03471 -122.30807 40.03394 -122.32246 40.02495 -122.33893 40.02236 -122.35324 40.0193 -122.36814 40.01538 -122.38059 40.01786 -122.39151 40.02207 -122.40549 40.01746 -122.42813 40.01543 -122.43768 40.01799 -122.44438 40.01738 -122.45097 40.01945 -122.45947 40.02207 -122.46378 40.02554 -122.47053 40.02757 -122.48083 40.0305 -122.49117 40.02657 -122.50362 40.02412 -122.51132 40.02028 -122.52017 40.01693 -122.52724 40.01403 -122.53493 40.01342 -122.54151 40.01271 -122.5517 40.01226 -122.55167</georss:line></item><item><guid isPermaLink="false">fd7fa86a-2bd4-478b-ad39-3607078e4966</guid><a10:author><a10:name>Simon Hope</a10:name></a10:author><title /><description /><pubDate>Tue, 01 May 2012 21:57:25 +1000</pubDate><a10:link href="http://www.mapbutcher.com/" /><a10:rights type="text">Copyright 2011</a10:rights><a10:content type="text"></a10:content><a10:contributor><a10:name>mapbutcher@mapbutcher.com</a10:name></a10:contributor><georss:line>40.01207 -121.22311 40.01883 -121.22568 40.02568 -121.22224 40.03517 -121.22487 40.04339 -121.22086 40.04809 -121.20836 40.0554 -121.20493 40.06017 -121.18701 40.06665 -121.17695 40.06681 -121.16494 40.0751 -121.15551 40.08149 -121.15266 40.08574 -121.13953 40.09126 -121.13364</georss:line></item><item><guid isPermaLink="false">31df9d56-4af2-4108-b144-71588d2522d3</guid><a10:author><a10:name>Simon Hope</a10:name></a10:author><title /><description /><pubDate>Tue, 01 May 2012 21:57:25 +1000</pubDate><a10:link href="http://www.mapbutcher.com/" /><a10:rights type="text">Copyright 2011</a10:rights><a10:content type="text"></a10:content><a10:contributor><a10:name>mapbutcher@mapbutcher.com</a10:name></a10:contributor><georss:line>40.03554 -120.9828 40.03502 -120.98819 40.03444 -120.99899 40.03485 -121.0026 40.03427 -121.0128 40.03103 -121.01875 40.02734 -121.02347 40.02274 -121.02878 40.02134 -121.03235 40.01811 -121.03648 40.01851 -121.0413 40.01754 -121.04608 40.01748 -121.05088 40.01879 -121.05511 40.01949 -121.07195 40.01614 -121.08628 40.01604 -121.09409 40.01999 -121.10439 40.02655 -121.12315 40.02776 -121.1352 40.02625 -121.14658 40.02422 -121.16274 40.02091 -121.17288 40.01538 -121.17936 40.01153 -121.19608 40.01309 -121.21474 40.01207 -121.22311</georss:line></item><item><guid isPermaLink="false">808aba74-3dd0-4ce9-9ad0-5f26c92f2da5</guid><a10:author><a10:name>Simon Hope</a10:name></a10:author><title /><description /><pubDate>Tue, 01 May 2012 21:57:25 +1000</pubDate><a10:link href="http://www.mapbutcher.com/" /><a10:rights type="text">Copyright 2011</a10:rights><a10:content type="text"></a10:content><a10:contributor><a10:name>mapbutcher@mapbutcher.com</a10:name></a10:contributor><georss:line>40.00668 -121.52383 40.01491 -121.51986 40.02097 -121.50922 40.02246 -121.50145 40.02486 -121.49311 40.02625 -121.49135 40.02723 -121.48656 40.02736 -121.47816 40.02791 -121.47217 40.02704 -121.46974</georss:line></item><item><guid isPermaLink="false">57993c40-ab22-451c-b883-24fe1d5edbad</guid><a10:author><a10:name>Simon Hope</a10:name></a10:author><title /><description /><pubDate>Tue, 01 May 2012 21:57:25 +1000</pubDate><a10:link href="http://www.mapbutcher.com/" /><a10:rights type="text">Copyright 2011</a10:rights><a10:content type="text"></a10:content><a10:contributor><a10:name>mapbutcher@mapbutcher.com</a10:name></a10:contributor><georss:line>39.99351 -123.92954 39.998 -123.93102 40.0007 -123.93179 40.00296 -123.93193 40.00518 -123.93327 40.00879 -123.93409 40.01319 -123.93797 40.01716 -123.94122 40.021 -123.94807 40.02711 -123.95506 40.03153 -123.95834 40.03867 -123.96179 40.04542 -123.96342 40.05051 -123.96072 40.0537 -123.96032 40.05584 -123.96407 40.05616 -123.9677 40.05744 -123.98282 40.05928 -123.99496 40.06868 -123.99856 40.07114 -124.00594 40.07953 -124.01247 40.08577 -124.00324 40.08986 -124.0029 40.09748 -124.00578 40.10166 -124.00304 40.10278 -123.99709 40.10606 -123.99429 40.10862 -123.99866 40.11106 -124.00664 40.12019 -124.0054 40.12439 -124.00206 40.13267 -123.99896 40.14108 -123.99226 40.14871 -123.99455 40.14748 -124.00351 40.15633 -124.01009 40.16204 -124.01527 40.1686 -124.00966 40.17259 -124.01232 40.17494 -124.02271 40.18402 -124.02268 40.18717 -124.02349 40.18782 -124.03076 40.18806 -124.0368 40.1889 -124.03867 40.18568 -124.05231 40.19452 -124.05891 40.19849 -124.04951 40.20207 -124.05095 40.20666 -124.04943 40.21368 -124.04385 40.22375 -124.04148 40.22726 -124.04472 40.22754 -124.04955 40.22812 -124.05864 40.22929 -124.06414 40.23211 -124.07396 40.23489 -124.08499 40.23637 -124.09413 40.23701 -124.10141 40.23686 -124.10562 40.23582 -124.10917 40.23502 -124.11877 40.23978 -124.12511 40.2418 -124.13187 40.22852 -124.14729 40.23505 -124.15495 40.23799 -124.14912 40.24347 -124.14826 40.24503 -124.155 40.24841 -124.16185 40.25131 -124.16927 40.25428 -124.1749 40.25513 -124.18883 40.26351 -124.19541 40.26867 -124.20299 40.27579 -124.20708 40.27905 -124.20489 40.28403 -124.20522 40.28276 -124.21479 40.27681 -124.2162 40.27253 -124.22135 40.2697 -124.22418 40.26596 -124.22695 40.26624 -124.2318 40.27201 -124.23519 40.26542 -124.24139 40.2666 -124.2463 40.27536 -124.24265 40.2788 -124.24771 40.28512 -124.24873 40.28965 -124.23697 40.28895 -124.23149 40.28956 -124.2273 40.29185 -124.22685 40.29499 -124.22767 40.29579 -124.23074 40.2974 -124.23627 40.29857 -124.24118 40.30122 -124.24316 40.3045 -124.24036 40.30811 -124.24121 40.3084 -124.24545 40.30686 -124.25018 40.30704 -124.25744 40.30962 -124.26123 40.30992 -124.26547 40.31053 -124.27336 40.30989 -124.27815 40.31023 -124.28119 40.31102 -124.28426 40.31449 -124.28872 40.31616 -124.29246 40.31677 -124.30035 40.31392 -124.30377 40.30898 -124.30224 40.30318 -124.29943 40.30038 -124.30166 40.29838 -124.30635 40.29903 -124.31303 40.29928 -124.31848 40.29831 -124.32023 40.29662 -124.32857 40.29477 -124.32964 40.29203 -124.33006 40.28958 -124.33472 40.28842 -124.34129 40.28907 -124.34797 40.29165 -124.35177 40.2943 -124.35376 40.29394 -124.35593 40.29371 -124.35734</georss:line></item><item><guid isPermaLink="false">41a851f5-c20c-4753-b0b2-7b59c7b11a57</guid><a10:author><a10:name>Simon Hope</a10:name></a10:author><title /><description /><pubDate>Tue, 01 May 2012 21:57:25 +1000</pubDate><a10:link href="http://www.mapbutcher.com/" /><a10:rights type="text">Copyright 2011</a10:rights><a10:content type="text"></a10:content><a10:contributor><a10:name>mapbutcher@mapbutcher.com</a10:name></a10:contributor><georss:line>39.99113 -122.09859 39.99335 -122.10107 39.99193 -122.10403 39.99094 -122.10819 39.99173 -122.11362 39.99669 -122.11501 39.99898 -122.11389 40.00721 -122.11059 40.01616 -122.11692 40.02336 -122.11958 40.02967 -122.12102 40.037 -122.11768</georss:line></item><item><guid isPermaLink="false">4f6a463f-8fdd-4ef8-a78b-c4e0019a7a2e</guid><a10:author><a10:name>Simon Hope</a10:name></a10:author><title /><description /><pubDate>Tue, 01 May 2012 21:57:25 +1000</pubDate><a10:link href="http://www.mapbutcher.com/" /><a10:rights type="text">Copyright 2011</a10:rights><a10:content type="text"></a10:content><a10:contributor><a10:name>mapbutcher@mapbutcher.com</a10:name></a10:contributor><georss:line>40.03706 -121.98069 40.03087 -121.9955 40.03025 -122.00389 40.02737 -122.0116 40.02136 -122.01739 40.01398 -122.02374 40.00928 -122.03198 40.00554 -122.03725 40.00184 -122.04133 39.99862 -122.04301 39.99074 -122.07396 39.98289 -122.08028 39.98124 -122.09463</georss:line></item><item><guid isPermaLink="false">1fbccb07-a724-4135-9b77-c354768528b5</guid><a10:author><a10:name>Simon Hope</a10:name></a10:author><title /><description /><pubDate>Tue, 01 May 2012 21:57:25 +1000</pubDate><a10:link href="http://www.mapbutcher.com/" /><a10:rights type="text">Copyright 2011</a10:rights><a10:content type="text"></a10:content><a10:contributor><a10:name>mapbutcher@mapbutcher.com</a10:name></a10:contributor><georss:line>39.98124 -122.09463 39.98169 -122.09465 39.99113 -122.09859</georss:line></item><item><guid isPermaLink="false">3e91a0fc-6c56-4902-8725-f002d9293f03</guid><a10:author><a10:name>Simon Hope</a10:name></a10:author><title /><description /><pubDate>Tue, 01 May 2012 21:57:25 +1000</pubDate><a10:link href="http://www.mapbutcher.com/" /><a10:rights type="text">Copyright 2011</a10:rights><a10:content type="text"></a10:content><a10:contributor><a10:name>mapbutcher@mapbutcher.com</a10:name></a10:contributor><georss:line>39.96146 -119.99843 39.96188 -120.00008 39.96435 -120.00984 39.96704 -120.01886 39.97017 -120.02728 39.97377 -120.03451 39.97557 -120.03693 39.98009 -120.04176 39.98415 -120.04599 39.98731 -120.04902 39.99227 -120.05505 39.99677 -120.0635 39.99902 -120.06712 40.00217 -120.07194 40.00668 -120.07678 40.00939 -120.0792 40.02201 -120.09431</georss:line></item><item><guid isPermaLink="false">c27349c5-e7ac-4bc8-9ff2-c43280934994</guid><a10:author><a10:name>Simon Hope</a10:name></a10:author><title /><description /><pubDate>Tue, 01 May 2012 21:57:25 +1000</pubDate><a10:link href="http://www.mapbutcher.com/" /><a10:rights type="text">Copyright 2011</a10:rights><a10:content type="text"></a10:content><a10:contributor><a10:name>mapbutcher@mapbutcher.com</a10:name></a10:contributor><georss:line>39.95416 -123.4347 39.95461 -123.43472 39.95913 -123.43557 39.96992 -123.43856 39.97349 -123.44056 39.97974 -123.44391 39.99278 -123.46205 40.00255 -123.48302 40.00787 -123.48692 40.01276 -123.4902 40.01974 -123.48457 40.02966 -123.48693 40.02924 -123.50014 40.02155 -123.51353 40.02138 -123.51893 40.0267 -123.52283 40.03345 -123.52441 40.03767 -123.52044 40.04129 -123.50622 40.05162 -123.49537 40.05655 -123.49744 40.05959 -123.50182 40.0673 -123.51609 40.07387 -123.52367 40.079 -123.51915 40.08808 -123.51906 40.09342 -123.52237 40.09717 -123.5328 40.10317 -123.54397 40.10394 -123.54823 40.10861 -123.55812 40.11156 -123.57935 40.12464 -123.5819 40.12858 -123.58633 40.13697 -123.60728 40.14235 -123.6094 40.15068 -123.60446 40.16155 -123.60508 40.17548 -123.6095 40.18438 -123.61482 40.18333 -123.61898 40.17597 -123.62217 40.16811 -123.64039 40.17386 -123.64494 40.18184 -123.63697 40.1946 -123.64916 40.20285 -123.63277 40.20989 -123.62594 40.21704 -123.62937 40.2232 -123.63515 40.22647 -123.64619 40.22928 -123.6572 40.23228 -123.6628 40.23708 -123.6685 40.24183 -123.67602 40.23985 -123.69459 40.24839 -123.6969 40.25099 -123.70068 40.24905 -123.71805 40.2702 -123.72351 40.27177 -123.73084 40.28239 -123.72544 40.29015 -123.72409 40.29464 -123.72556 40.29574 -123.73347 40.2976 -123.74565 40.30441 -123.74545 40.30928 -123.74936 40.31037 -123.75727 40.31655 -123.76247 40.32082 -123.77057 40.32156 -123.77544 40.31965 -123.79163 40.31922 -123.80428 40.3234 -123.82808 40.32988 -123.83752 40.33559 -123.84331 40.33777 -123.84585 40.33991 -123.84961 40.34122 -123.86417 40.34311 -123.87516 40.34654 -123.89409 40.34013 -123.90879 40.34867 -123.91113 40.35091 -123.91187 40.35282 -123.92226</georss:line></item><item><guid isPermaLink="false">13503ef4-531a-44df-ac3b-ee116a7ac266</guid><a10:author><a10:name>Simon Hope</a10:name></a10:author><title /><description /><pubDate>Tue, 01 May 2012 21:57:25 +1000</pubDate><a10:link href="http://www.mapbutcher.com/" /><a10:rights type="text">Copyright 2011</a10:rights><a10:content type="text"></a10:content><a10:contributor><a10:name>mapbutcher@mapbutcher.com</a10:name></a10:contributor><georss:line>40.00673 -119.7886 39.9931 -119.78997 39.98097 -119.78358 39.9755 -119.7852 39.97303 -119.79593 39.97286 -119.80553 39.97033 -119.81985 39.97062 -119.82827 39.97134 -119.83849 39.97213 -119.84512 39.97191 -119.85652 39.97004 -119.85946 39.96719 -119.86657 39.96795 -119.8744 39.96823 -119.88341 39.96446 -119.89108 39.96166 -119.8952 39.95656 -119.90102 39.95102 -119.90624 39.94731 -119.91032 39.9468 -119.9133 39.94574 -119.92107 39.94468 -119.92943 39.9495 -119.938 39.94746 -119.94933 39.95169 -119.96507 39.95436 -119.96757 39.95425 -119.97357 39.95754 -119.99049 39.95929 -119.99355 39.96116 -119.99774 39.96146 -119.99843</georss:line></item><item><guid isPermaLink="false">44364e77-d656-4d1b-acc8-59e3bd6cdb5c</guid><a10:author><a10:name>Simon Hope</a10:name></a10:author><title /><description /><pubDate>Tue, 01 May 2012 21:57:25 +1000</pubDate><a10:link href="http://www.mapbutcher.com/" /><a10:rights type="text">Copyright 2011</a10:rights><a10:content type="text"></a10:content><a10:contributor><a10:name>mapbutcher@mapbutcher.com</a10:name></a10:contributor><georss:line>39.96683 -121.14701 39.98013 -121.13651 39.98212 -121.12215 39.97115 -121.0937 39.96085 -121.08386 39.94453 -121.0835 39.94188 -121.07805 39.94652 -121.06915 39.94674 -121.05176 39.95142 -121.03926 39.95071 -121.02364 39.94535 -121.01633 39.94829 -120.9984 39.94345 -120.9473 39.97009 -120.91724 39.97377 -120.91251 39.97744 -120.90897 39.97971 -120.90902 39.98647 -120.91276 39.9873 -120.91877 39.98956 -120.92002 39.99404 -120.92491 39.9958 -120.92975 39.99844 -120.937 39.997 -120.94358 40.00284 -120.9485 40.00278 -120.9533 40.00315 -120.96052 40.00715 -120.9678 40.01169 -120.96729 40.01627 -120.96318 40.02091 -120.95427 40.02449 -120.95734 40.02491 -120.96096 40.02579 -120.96278 40.02711 -120.96641 40.03208 -120.96831 40.03425 -120.97617 40.03554 -120.9828</georss:line></item><item><guid isPermaLink="false">f77c2d3e-b03f-4711-b470-c669b5354a1c</guid><a10:author><a10:name>Simon Hope</a10:name></a10:author><title /><description /><pubDate>Tue, 01 May 2012 21:57:25 +1000</pubDate><a10:link href="http://www.mapbutcher.com/" /><a10:rights type="text">Copyright 2011</a10:rights><a10:content type="text"></a10:content><a10:contributor><a10:name>mapbutcher@mapbutcher.com</a10:name></a10:contributor><georss:line>40.01226 -122.55167 40.00675 -122.55444 40.00083 -122.5554 39.99583 -122.55578 39.99159 -122.5622 39.98659 -122.56259 39.9811 -122.56476 39.97743 -122.56641 39.97237 -122.56919 39.96685 -122.57256 39.96502 -122.57308 39.96117 -122.58192 39.96284 -122.58799 39.95399 -122.59721 39.95473 -122.60385 39.94507 -122.60944 39.9418 -122.6315 39.94065 -122.64105 39.94498 -122.64964 39.95119 -122.65532 39.95608 -122.65913 39.95921 -122.66107 39.9641 -122.66489 39.96899 -122.66871 39.98621 -122.68748 39.98761 -122.70376 39.99789 -122.74506</georss:line></item><item><guid isPermaLink="false">fe697357-d91b-469a-b794-c63580c668a1</guid><a10:author><a10:name>Simon Hope</a10:name></a10:author><title /><description /><pubDate>Tue, 01 May 2012 21:57:25 +1000</pubDate><a10:link href="http://www.mapbutcher.com/" /><a10:rights type="text">Copyright 2011</a10:rights><a10:content type="text"></a10:content><a10:contributor><a10:name>mapbutcher@mapbutcher.com</a10:name></a10:contributor><georss:line>39.95416 -123.4347 39.95261 -123.42621 39.94587 -123.42404 39.94759 -123.41273 39.94286 -123.40406 39.93933 -123.40087 39.93604 -123.38988 39.93859 -123.38102 39.93877 -123.37502 39.9366 -123.37191 39.93171 -123.36864 39.93561 -123.35985 39.93717 -123.35333 39.93828 -123.34679 39.93935 -123.34144 39.94348 -123.33986 39.94933 -123.34138 39.95811 -123.33644 39.96218 -123.33666 39.96974 -123.34187 39.97561 -123.34278 39.98148 -123.3437 39.98759 -123.33681 39.99694 -123.3277 39.99972 -123.31103 40.00303 -123.3064 40.0034 -123.27938 40.00541 -123.27288 40.01218 -123.27383 40.01584 -123.27283 40.02166 -123.27554 40.02567 -123.27815 40.03014 -123.28019 40.03491 -123.28765 40.04781 -123.29615 40.05183 -123.29816 40.05498 -123.29893 40.05799 -123.3045 40.06555 -123.30972 40.07225 -123.31308 40.07635 -123.3127 40.07856 -123.31462 40.10368 -123.32438 40.10675 -123.32755 40.11129 -123.32779 40.1165 -123.3353 40.12196 -123.33499 40.12587 -123.34061 40.12878 -123.3492 40.13322 -123.35245 40.13347 -123.35909 40.14082 -123.35647 40.1519 -123.36489 40.15377 -123.36319 40.16107 -123.36177 40.16872 -123.36399 40.17871 -123.37839 40.18596 -123.37878 40.19287 -123.37554 40.19512 -123.37626 40.20311 -123.38212 40.21102 -123.39038 40.21033 -123.39818 40.21754 -123.41424 40.2361 -123.43032 40.24188 -123.43426 40.25359 -123.43732 40.26891 -123.44057</georss:line></item><item><guid isPermaLink="false">16ddc030-8710-4ef5-8b49-d4914343bc6c</guid><a10:author><a10:name>Simon Hope</a10:name></a10:author><title /><description /><pubDate>Tue, 01 May 2012 21:57:25 +1000</pubDate><a10:link href="http://www.mapbutcher.com/" /><a10:rights type="text">Copyright 2011</a10:rights><a10:content type="text"></a10:content><a10:contributor><a10:name>mapbutcher@mapbutcher.com</a10:name></a10:contributor><georss:line>39.92332 -122.08834 39.93032 -122.07839 39.93451 -122.07314 39.93769 -122.07326 39.94299 -122.05785 39.94716 -122.05379 39.96203 -122.03572 39.96629 -122.02687 39.9707 -122.01081 39.97436 -121.98633 39.97493 -121.98035 39.97916 -121.97269 39.98149 -121.96976 39.99055 -121.97008 40.00422 -121.96694 40.01027 -121.95934 40.01493 -121.9529 40.01786 -121.94218 40.01709 -121.93495 40.01914 -121.92241 40.01984 -121.90982 40.01698 -121.89349 40.01573 -121.88745 40.01597 -121.87485 40.01831 -121.87072 40.02343 -121.86368 40.02628 -121.85716 40.02921 -121.84585 40.03212 -121.83573 40.03137 -121.82729 40.03059 -121.82066 40.03072 -121.81346 40.03263 -121.80811 40.03587 -121.80461 40.04229 -121.80061 40.04924 -121.79243 40.05618 -121.78543 40.06002 -121.77354 40.06422 -121.76706 40.0703 -121.75643 40.07178 -121.74986 40.07011 -121.742 40.06884 -121.73655 40.06755 -121.7329 40.06678 -121.72507 40.06736 -121.71787 40.07024 -121.70895 40.07452 -121.69765 40.08044 -121.69604 40.08281 -121.69009 40.08387 -121.68111 40.09258 -121.67596 40.10125 -121.67323 40.10575 -121.67456 40.11079 -121.67231 40.11674 -121.66888 40.12144 -121.6594 40.12603 -121.65593 40.1342 -121.65557 40.14283 -121.65463 40.14646 -121.65474 40.15377 -121.65195 40.15836 -121.64848 40.16455 -121.63121 40.16381 -121.62156 40.16312 -121.6083 40.16373 -121.59869 40.16383 -121.59267 40.16635 -121.5777 40.16743 -121.56689 40.17218 -121.5544 40.17776 -121.54552 40.18567 -121.5331 40.19077 -121.52602 40.19268 -121.52006 40.19453 -121.5183 40.19869 -121.513 40.20202 -121.50346 40.21219 -121.4911 40.2155 -121.48276 40.22104 -121.47629 40.22937 -121.46568 40.23217 -121.46093 40.23775 -121.45205 40.24323 -121.44978 40.24687 -121.44868 40.2523 -121.44943 40.25547 -121.44952 40.25774 -121.44958 40.26139 -121.44848 40.26323 -121.44672 40.26423 -121.44072 40.26519 -121.43713 40.26749 -121.43539 40.26794 -121.43539</georss:line></item><item><guid isPermaLink="false">8c0409e4-e0e3-462a-bd26-9f2f032ef60a</guid><a10:author><a10:name>Simon Hope</a10:name></a10:author><title /><description /><pubDate>Tue, 01 May 2012 21:57:25 +1000</pubDate><a10:link href="http://www.mapbutcher.com/" /><a10:rights type="text">Copyright 2011</a10:rights><a10:content type="text"></a10:content><a10:contributor><a10:name>mapbutcher@mapbutcher.com</a10:name></a10:contributor><georss:line>39.92332 -122.08834 39.9277 -122.0957 39.93225 -122.09526 39.93922 -122.08711 39.9447 -122.08492 39.94925 -122.08447 39.96011 -122.08546 39.96672 -122.09471 39.97351 -122.09555 39.98124 -122.09463</georss:line></item><item><guid isPermaLink="false">13e11ac3-692f-43e6-839c-350087d60eaf</guid><a10:author><a10:name>Simon Hope</a10:name></a10:author><title /><description /><pubDate>Tue, 01 May 2012 21:57:25 +1000</pubDate><a10:link href="http://www.mapbutcher.com/" /><a10:rights type="text">Copyright 2011</a10:rights><a10:content type="text"></a10:content><a10:contributor><a10:name>mapbutcher@mapbutcher.com</a10:name></a10:contributor><georss:line>39.93148 -120.55599 39.92726 -120.57212 39.92537 -120.58109 39.9266 -120.5961 39.92925 -120.60394 39.92691 -120.6123 39.92774 -120.6207 39.93266 -120.62918 39.93219 -120.63037 39.92537 -120.63206 39.92131 -120.63081</georss:line></item><item><guid isPermaLink="false">e8fe42b5-7aeb-4ec7-be31-dc18af99c937</guid><a10:author><a10:name>Simon Hope</a10:name></a10:author><title /><description /><pubDate>Tue, 01 May 2012 21:57:25 +1000</pubDate><a10:link href="http://www.mapbutcher.com/" /><a10:rights type="text">Copyright 2011</a10:rights><a10:content type="text"></a10:content><a10:contributor><a10:name>mapbutcher@mapbutcher.com</a10:name></a10:contributor><georss:line>39.89181 -120.19934 39.8932 -120.19276</georss:line></item><item><guid isPermaLink="false">c60e78df-66ee-48d6-ae07-d9a532c5f2af</guid><a10:author><a10:name>Simon Hope</a10:name></a10:author><title /><description /><pubDate>Tue, 01 May 2012 21:57:25 +1000</pubDate><a10:link href="http://www.mapbutcher.com/" /><a10:rights type="text">Copyright 2011</a10:rights><a10:content type="text"></a10:content><a10:contributor><a10:name>mapbutcher@mapbutcher.com</a10:name></a10:contributor><georss:line>39.8881 -120.35815 39.90604 -120.38594 39.91008 -120.39198 39.91635 -120.40226 39.92177 -120.40533 39.93034 -120.41263 39.93796 -120.42412 39.9411 -120.42896 39.94332 -120.43499 39.94691 -120.44043 39.94913 -120.44526 39.95362 -120.45252 39.95583 -120.45975 39.9607 -120.47542 39.96105 -120.48803 39.9578 -120.49758 39.95864 -120.50659 39.96173 -120.51624 39.97025 -120.52895 39.97067 -120.53256 39.96922 -120.54275 39.97368 -120.55181 39.97996 -120.5591 39.98221 -120.56214 39.98441 -120.56937 39.99254 -120.5737 40.0016 -120.57443 40.0102 -120.57576 40.01654 -120.57706 40.01925 -120.5789 40.0219 -120.58675 40.02358 -120.60178 40.02795 -120.62047 40.03563 -120.6236 40.03598 -120.63562 40.0359 -120.64403 40.03856 -120.65128 40.04213 -120.65674 40.04435 -120.66219 40.04928 -120.66827 40.0615 -120.67088</georss:line></item><item><guid isPermaLink="false">24dc2f92-deb0-4802-9e09-1b21fe56f0cc</guid><a10:author><a10:name>Simon Hope</a10:name></a10:author><title /><description /><pubDate>Tue, 01 May 2012 21:57:25 +1000</pubDate><a10:link href="http://www.mapbutcher.com/" /><a10:rights type="text">Copyright 2011</a10:rights><a10:content type="text"></a10:content><a10:contributor><a10:name>mapbutcher@mapbutcher.com</a10:name></a10:contributor><georss:line>39.86711 -121.997 39.87775 -121.98658 39.89009 -121.98161 39.89793 -121.97528 39.90497 -121.96294 39.91412 -121.95905 39.91904 -121.96281 39.92787 -121.95172 39.93171 -121.94105 39.94231 -121.93182 39.94115 -121.92157 39.94231 -121.90841 39.94339 -121.89944 39.95084 -121.8895 39.95923 -121.87717 39.96711 -121.86842 39.97127 -121.86436 39.98085 -121.86108 39.98499 -121.85821 39.99141 -121.85422 39.99788 -121.84782 40.00258 -121.83897 40.0059 -121.83128 40.00973 -121.81999</georss:line></item><item><guid isPermaLink="false">d6a1457f-ff58-45f5-8ae8-638eb30221ba</guid><a10:author><a10:name>Simon Hope</a10:name></a10:author><title /><description /><pubDate>Tue, 01 May 2012 21:57:25 +1000</pubDate><a10:link href="http://www.mapbutcher.com/" /><a10:rights type="text">Copyright 2011</a10:rights><a10:content type="text"></a10:content><a10:contributor><a10:name>mapbutcher@mapbutcher.com</a10:name></a10:contributor><georss:line>39.86711 -121.997 39.86679 -121.99039 39.87517 -121.97929 39.88221 -121.96755 39.88697 -121.95572 39.89085 -121.94326 39.89281 -121.93553 39.89478 -121.92721 39.89532 -121.92303 39.89446 -121.9206 39.8928 -121.91275 39.89159 -121.90491 39.89129 -121.89651 39.89152 -121.88452 39.89352 -121.8744 39.89826 -121.86376 39.90062 -121.85905 39.90396 -121.85016 39.90918 -121.83774 39.91632 -121.81937 39.91782 -121.81162 39.92156 -121.80575 39.93679 -121.79124 39.941 -121.78417 39.9456 -121.78072 39.95025 -121.77426 39.9558 -121.76844 39.95994 -121.76497 39.96595 -121.75855 39.98096 -121.75603 39.9892 -121.75208</georss:line></item><item><guid isPermaLink="false">c736ee19-9eb8-4a86-b0b3-37bc8f25116a</guid><a10:author><a10:name>Simon Hope</a10:name></a10:author><title /><description /><pubDate>Tue, 01 May 2012 21:57:25 +1000</pubDate><a10:link href="http://www.mapbutcher.com/" /><a10:rights type="text">Copyright 2011</a10:rights><a10:content type="text"></a10:content><a10:contributor><a10:name>mapbutcher@mapbutcher.com</a10:name></a10:contributor><georss:line>39.99113 -122.09859 39.98834 -122.1021 39.98579 -122.11581 39.9847 -122.12478 39.9849 -122.13679 39.98604 -122.14704 39.98484 -122.1608 39.98185 -122.1739 39.97622 -122.1827 39.97381 -122.18921 39.97572 -122.20609 39.97585 -122.22111 39.97561 -122.2319 39.98262 -122.24299 39.98098 -122.25613 39.96777 -122.27904 39.96843 -122.29047 39.9612 -122.30939 39.95684 -122.32182 39.95945 -122.32673 39.94992 -122.34737 39.94871 -122.36052 39.94329 -122.3795 39.93623 -122.39063 39.92785 -122.39989 39.9234 -122.4159 39.91945 -122.42954 39.91736 -122.44145 39.91442 -122.45094 39.91421 -122.45992 39.91173 -122.46882 39.9101 -122.48015 39.90715 -122.48962 39.90202 -122.49541 39.89859 -122.50606 39.89579 -122.50954 39.88929 -122.51586 39.88443 -122.52945 39.88197 -122.53714 39.8825 -122.55276 39.87378 -122.55718 39.87224 -122.56431 39.87646 -122.57709 39.86652 -122.59405 39.85994 -122.60335 39.85747 -122.61163 39.85771 -122.62005 39.85131 -122.62215 39.85341 -122.62885 39.85656 -122.63019 39.85955 -122.63751 39.85056 -122.6521 39.85396 -122.66124 39.85183 -122.67374 39.84828 -122.68857 39.85268 -122.69415 39.85365 -122.70918 39.85442 -122.71461 39.85794 -122.71896 39.85968 -122.72204 39.86226 -122.72755 39.8644 -122.73244 39.86923 -122.73866 39.87179 -122.74477 39.87025 -122.75189 39.86875 -122.75722 39.86725 -122.76255 39.8675 -122.77036 39.86959 -122.77705 39.86905 -122.78062 39.86798 -122.78656 39.86872 -122.79319 39.86811 -122.79916 39.868 -122.80335 39.87146 -122.80951 39.8716 -122.8215 39.87155 -122.8233 39.87194 -122.82572 39.87274 -122.82995 39.87397 -122.8348 39.87881 -122.84042 39.88554 -122.84314 39.89315 -122.84709 39.89946 -122.84859 39.91013 -122.85688 39.92042 -122.86216 39.92513 -122.85578 39.92843 -122.85114 39.93166 -122.84888 39.93758 -122.84796 39.94119 -122.84873 39.94432 -122.85068 39.94672 -122.86279 39.95191 -122.87204 39.95636 -122.87525 39.96464 -122.87083 39.96741 -122.86916 39.97332 -122.86884 39.9783 -122.86907 39.98231 -122.87167 39.98626 -122.87666 39.9902 -122.88226 39.99562 -122.89993 40.00219 -122.90865 40.00927 -122.91499 40.02583 -122.92359 40.03696 -122.93134</georss:line></item><item><guid isPermaLink="false">4fc8823e-7277-4e99-8714-f533f5092574</guid><a10:author><a10:name>Simon Hope</a10:name></a10:author><title /><description /><pubDate>Tue, 01 May 2012 21:57:25 +1000</pubDate><a10:link href="http://www.mapbutcher.com/" /><a10:rights type="text">Copyright 2011</a10:rights><a10:content type="text"></a10:content><a10:contributor><a10:name>mapbutcher@mapbutcher.com</a10:name></a10:contributor><georss:line>39.86128 -122.35584 39.85395 -122.35915 39.84843 -122.36253 39.84424 -122.36715 39.84083 -122.3772 39.83881 -122.38611 39.83443 -122.39912 39.82859 -122.41625 39.82507 -122.43109 39.82447 -122.45683 39.82777 -122.48992 39.83114 -122.50084 39.83508 -122.5064</georss:line></item><item><guid isPermaLink="false">9e0faa6b-eb89-4d58-9e19-5b615dda8525</guid><a10:author><a10:name>Simon Hope</a10:name></a10:author><title /><description /><pubDate>Tue, 01 May 2012 21:57:25 +1000</pubDate><a10:link href="http://www.mapbutcher.com/" /><a10:rights type="text">Copyright 2011</a10:rights><a10:content type="text"></a10:content><a10:contributor><a10:name>mapbutcher@mapbutcher.com</a10:name></a10:contributor><georss:line>40.10933 -123.00519 40.11131 -123.01553 40.10781 -123.02738 40.10426 -123.04044 40.0969 -123.04429 40.07825 -123.04577 40.07364 -123.04855 40.06982 -123.05497 40.06778 -123.06329 40.06445 -123.06853 40.06468 -123.07637 40.06134 -123.08221 40.05759 -123.08624 40.05523 -123.08972 40.04895 -123.087 40.04254 -123.08908 40.03658 -123.09119 40.03294 -123.09161 40.03061 -123.09389 40.02864 -123.09921 40.02796 -123.10698 40.02094 -123.11444 40.01815 -123.11671 40.00836 -123.11021 40.00331 -123.11235 39.9948 -123.10832 39.98833 -123.09658 39.98515 -123.09702 39.98352 -123.09034 39.97859 -123.08829 39.97579 -123.07494 39.97192 -123.06754 39.97211 -123.06094 39.96999 -123.05543 39.96842 -123.04695 39.96587 -123.04082 39.96282 -123.03646 39.95748 -123.0326 39.95248 -123.03295 39.94988 -123.02862 39.94612 -123.01704 39.93637 -123.00875 39.93103 -123.00489 39.9182 -123.00967 39.91001 -123.01047 39.8924 -123.024 39.8862 -123.03449 39.88112 -123.03784 39.87743 -123.04006 39.87459 -123.04412 39.87083 -123.04873 39.86613 -123.05449 39.85967 -123.05837 39.85589 -123.06358 39.84965 -123.05968 39.83767 -123.06628 39.82983 -123.07068 39.82733 -123.07894 39.82628 -123.08369 39.82386 -123.08896</georss:line></item><item><guid isPermaLink="false">334785fd-9acf-4f91-8d08-dcc1ba6faeaa</guid><a10:author><a10:name>Simon Hope</a10:name></a10:author><title /><description /><pubDate>Tue, 01 May 2012 21:57:25 +1000</pubDate><a10:link href="http://www.mapbutcher.com/" /><a10:rights type="text">Copyright 2011</a10:rights><a10:content type="text"></a10:content><a10:contributor><a10:name>mapbutcher@mapbutcher.com</a10:name></a10:contributor><georss:line>39.81778 -120.42857 39.81871 -120.42499 39.82098 -120.42382 39.83094 -120.42634 39.83635 -120.4306 39.83952 -120.43064 39.84542 -120.43073 39.84856 -120.43495 39.85347 -120.44521 39.85524 -120.45061 39.8584 -120.45306 39.86201 -120.45551 39.86562 -120.45734 39.87104 -120.45982 39.88225 -120.47675</georss:line></item><item><guid isPermaLink="false">3a1b8227-cfa9-4ba8-bef5-6647c8c4bbb8</guid><a10:author><a10:name>Simon Hope</a10:name></a10:author><title /><description /><pubDate>Tue, 01 May 2012 21:57:25 +1000</pubDate><a10:link href="http://www.mapbutcher.com/" /><a10:rights type="text">Copyright 2011</a10:rights><a10:content type="text"></a10:content><a10:contributor><a10:name>mapbutcher@mapbutcher.com</a10:name></a10:contributor><georss:line>39.81682 -122.33611 39.81905 -122.33799</georss:line></item><item><guid isPermaLink="false">00853a6d-0626-45df-8146-65f10388775c</guid><a10:author><a10:name>Simon Hope</a10:name></a10:author><title /><description /><pubDate>Tue, 01 May 2012 21:57:25 +1000</pubDate><a10:link href="http://www.mapbutcher.com/" /><a10:rights type="text">Copyright 2011</a10:rights><a10:content type="text"></a10:content><a10:contributor><a10:name>mapbutcher@mapbutcher.com</a10:name></a10:contributor><georss:line>39.81682 -122.33611 39.81548 -122.33545</georss:line></item><item><guid isPermaLink="false">6a7a69e8-db43-4ddd-9399-eeb7951e95b4</guid><a10:author><a10:name>Simon Hope</a10:name></a10:author><title /><description /><pubDate>Tue, 01 May 2012 21:57:25 +1000</pubDate><a10:link href="http://www.mapbutcher.com/" /><a10:rights type="text">Copyright 2011</a10:rights><a10:content type="text"></a10:content><a10:contributor><a10:name>mapbutcher@mapbutcher.com</a10:name></a10:contributor><georss:line>39.8127 -122.064 39.82003 -122.06066 39.82463 -122.05723 39.83395 -122.06715 39.83664 -122.06905 39.84159 -122.07043 39.84576 -122.06638 39.84996 -122.06053 39.85413 -122.05649 39.8573 -122.0566 39.86138 -122.05674 39.86501 -122.05627 39.86919 -122.05163 39.87247 -122.04635 39.87619 -122.04168 39.88254 -122.04191 39.88383 -122.04556 39.88418 -122.05036 39.88412 -122.05335 39.87949 -122.05798 39.87487 -122.06202 39.87481 -122.06502 39.87745 -122.06931 39.88106 -122.07003 39.88704 -122.06606 39.89471 -122.06812 39.89915 -122.07248 39.90177 -122.07737 39.90436 -122.08406 39.90742 -122.08957 39.91275 -122.09516 39.91732 -122.09352 39.91917 -122.09179 39.92332 -122.08834</georss:line></item><item><guid isPermaLink="false">43bf14d1-a1cf-4bea-a64a-50951f20a613</guid><a10:author><a10:name>Simon Hope</a10:name></a10:author><title /><description /><pubDate>Tue, 01 May 2012 21:57:25 +1000</pubDate><a10:link href="http://www.mapbutcher.com/" /><a10:rights type="text">Copyright 2011</a10:rights><a10:content type="text"></a10:content><a10:contributor><a10:name>mapbutcher@mapbutcher.com</a10:name></a10:contributor><georss:line>39.8127 -122.064 39.81892 -122.07021 39.82297 -122.07215 39.82888 -122.07117 39.8334 -122.07193 39.83557 -122.0768 39.8376 -122.08826 39.84298 -122.09145 39.84648 -122.09756 39.84733 -122.12216 39.84946 -122.12883 39.85147 -122.14089 39.85117 -122.15527 39.85744 -122.15909 39.86282 -122.16169 39.87448 -122.16811 39.88212 -122.17139 39.89201 -122.17536 39.89406 -122.18563 39.90399 -122.1878 39.91201 -122.19469 39.91618 -122.21165 39.92246 -122.21489 39.92409 -122.22335 39.92426 -122.23655 39.92317 -122.24491 39.92481 -122.25277 39.92327 -122.26111 39.92761 -122.26968 39.92703 -122.27566 39.92323 -122.28331 39.918 -122.29391 39.91158 -122.29726 39.90698 -122.30008 39.90321 -122.30653 39.89816 -122.30933 39.89351 -122.31454 39.88883 -122.32095 39.88095 -122.32845 39.87308 -122.33533 39.86795 -122.34172 39.8646 -122.34938 39.86128 -122.35584</georss:line></item><item><guid isPermaLink="false">9ea9ddd9-4e29-4ac0-bd42-06c1d1747e54</guid><a10:author><a10:name>Simon Hope</a10:name></a10:author><title /><description /><pubDate>Tue, 01 May 2012 21:57:25 +1000</pubDate><a10:link href="http://www.mapbutcher.com/" /><a10:rights type="text">Copyright 2011</a10:rights><a10:content type="text"></a10:content><a10:contributor><a10:name>mapbutcher@mapbutcher.com</a10:name></a10:contributor><georss:line>39.80588 -120.38112 39.81131 -120.38238 39.81447 -120.38422 39.81716 -120.38844 39.81713 -120.39263 39.8171 -120.39622 39.81708 -120.39922 39.81839 -120.40642 39.81971 -120.41242 39.81379 -120.41654 39.81287 -120.41713 39.81195 -120.41951 39.81192 -120.4231 39.81778 -120.42857</georss:line></item><item><guid isPermaLink="false">452a46f2-f2de-4fc9-9a6d-6f4cc936b8cf</guid><a10:author><a10:name>Simon Hope</a10:name></a10:author><title /><description /><pubDate>Tue, 01 May 2012 21:57:25 +1000</pubDate><a10:link href="http://www.mapbutcher.com/" /><a10:rights type="text">Copyright 2011</a10:rights><a10:content type="text"></a10:content><a10:contributor><a10:name>mapbutcher@mapbutcher.com</a10:name></a10:contributor><georss:line>39.8932 -120.19276 39.88914 -120.19032 39.88232 -120.19386 39.86972 -120.17576 39.86296 -120.1685 39.85801 -120.16126 39.85395 -120.15643 39.84534 -120.15696 39.83582 -120.15567 39.82901 -120.15741 39.82356 -120.16035 39.82082 -120.16392 39.81989 -120.1675 39.81987 -120.1711 39.81892 -120.17947 39.81164 -120.18419 39.80798 -120.19014 39.8052 -120.20149 39.79971 -120.21162 39.79513 -120.21875 39.7901 -120.22649 39.78325 -120.2342 39.77911 -120.24373 39.7786 -120.2539 39.78215 -120.2665 39.78619 -120.27313 39.78933 -120.27915 39.79426 -120.28758 39.79644 -120.30138 39.79544 -120.31574 39.79356 -120.32649 39.79396 -120.33488 39.79525 -120.34387 39.79477 -120.34806 39.79429 -120.35224 39.79288 -120.35881 39.79331 -120.3636 39.79689 -120.37023 39.80094 -120.37447 39.80588 -120.38112</georss:line></item><item><guid isPermaLink="false">709f8ae7-4fbe-4e9d-8a69-701ad0fe10d4</guid><a10:author><a10:name>Simon Hope</a10:name></a10:author><title /><description /><pubDate>Tue, 01 May 2012 21:57:25 +1000</pubDate><a10:link href="http://www.mapbutcher.com/" /><a10:rights type="text">Copyright 2011</a10:rights><a10:content type="text"></a10:content><a10:contributor><a10:name>mapbutcher@mapbutcher.com</a10:name></a10:contributor><georss:line>39.76281 -121.97363 39.76383 -121.96828 39.77653 -121.96812 39.79161 -121.96205 39.79636 -121.95143 39.80198 -121.94204 39.80893 -121.93449 39.81481 -121.93529 39.81717 -121.93058 39.81743 -121.91741 39.8194 -121.90909 39.81945 -121.9061 39.81823 -121.89887 39.81948 -121.88094 39.82185 -121.87563 39.82382 -121.8673 39.82857 -121.85608 39.83459 -121.84909 39.84206 -121.83795 39.84769 -121.82735 39.85371 -121.82095 39.86161 -121.81042 39.86802 -121.80702 39.87713 -121.80492 39.88129 -121.80086 39.88548 -121.795 39.8839 -121.78176 39.88667 -121.77945 39.89364 -121.77007 39.90108 -121.75951 39.90484 -121.75243 39.90896 -121.75017 39.91576 -121.75038 39.92485 -121.74947</georss:line></item><item><guid isPermaLink="false">69260130-ca8e-4e80-a659-18086688cb10</guid><a10:author><a10:name>Simon Hope</a10:name></a10:author><title /><description /><pubDate>Tue, 01 May 2012 21:57:25 +1000</pubDate><a10:link href="http://www.mapbutcher.com/" /><a10:rights type="text">Copyright 2011</a10:rights><a10:content type="text"></a10:content><a10:contributor><a10:name>mapbutcher@mapbutcher.com</a10:name></a10:contributor><georss:line>39.76281 -121.97363 39.77305 -121.98357 39.7802 -121.9886 39.78786 -121.99126 39.79458 -121.99568 39.80265 -122.00015 39.80804 -122.00274 39.81645 -122.01321 39.82458 -122.01469 39.82998 -122.01668 39.83634 -122.0163 39.84308 -122.01953 39.85523 -122.02415 39.86114 -122.02316 39.86851 -122.01803 39.86865 -122.01084 39.86711 -121.997</georss:line></item><item><guid isPermaLink="false">b81806fd-e854-40bd-99b2-1288f8ec7d7b</guid><a10:author><a10:name>Simon Hope</a10:name></a10:author><title /><description /><pubDate>Tue, 01 May 2012 21:57:25 +1000</pubDate><a10:link href="http://www.mapbutcher.com/" /><a10:rights type="text">Copyright 2011</a10:rights><a10:content type="text"></a10:content><a10:contributor><a10:name>mapbutcher@mapbutcher.com</a10:name></a10:contributor><georss:line>39.74211 -121.96574 39.74884 -121.96957 39.75469 -121.97156 39.76281 -121.97363</georss:line></item><item><guid isPermaLink="false">8d757f4c-0bea-4b0b-9e6f-5fd63e877766</guid><a10:author><a10:name>Simon Hope</a10:name></a10:author><title /><description /><pubDate>Tue, 01 May 2012 21:57:25 +1000</pubDate><a10:link href="http://www.mapbutcher.com/" /><a10:rights type="text">Copyright 2011</a10:rights><a10:content type="text"></a10:content><a10:contributor><a10:name>mapbutcher@mapbutcher.com</a10:name></a10:contributor><georss:line>39.74134 -120.97615 39.74547 -120.97264 39.74783 -120.96432 39.76302 -120.94487 39.7662 -120.94374 39.77041 -120.93305 39.76644 -120.92339 39.76791 -120.91385 39.77306 -120.89959 39.77176 -120.89417</georss:line></item><item><guid isPermaLink="false">300f4420-90bc-4697-ba97-b0c05fd4b0f6</guid><a10:author><a10:name>Simon Hope</a10:name></a10:author><title /><description /><pubDate>Tue, 01 May 2012 21:57:25 +1000</pubDate><a10:link href="http://www.mapbutcher.com/" /><a10:rights type="text">Copyright 2011</a10:rights><a10:content type="text"></a10:content><a10:contributor><a10:name>mapbutcher@mapbutcher.com</a10:name></a10:contributor><georss:line>39.8127 -122.064 39.80784 -122.05783 39.80388 -122.0517 39.80302 -122.04927 39.80217 -122.04685 39.79724 -122.04368 39.79412 -122.04118 39.79875 -122.03654 39.79971 -122.03358 39.80021 -122.03121 39.79984 -122.0276 39.79398 -122.0256 39.78987 -122.02666 39.78621 -122.02832 39.78345 -122.03062 39.77935 -122.03107 39.77486 -122.02912 39.77127 -122.0272 39.76771 -122.02408 39.75849 -122.0088 39.75451 -122.00387 39.75272 -122.00261 39.74878 -121.99529 39.7439 -121.98974 39.73896 -121.98717 39.73458 -121.97925 39.73881 -121.97221 39.74211 -121.96574</georss:line></item><item><guid isPermaLink="false">dbd9691a-12f4-47c4-9c23-1ee3efa755c4</guid><a10:author><a10:name>Simon Hope</a10:name></a10:author><title /><description /><pubDate>Tue, 01 May 2012 21:57:25 +1000</pubDate><a10:link href="http://www.mapbutcher.com/" /><a10:rights type="text">Copyright 2011</a10:rights><a10:content type="text"></a10:content><a10:contributor><a10:name>mapbutcher@mapbutcher.com</a10:name></a10:contributor><georss:line>39.72681 -121.01592 39.72366 -121.01406</georss:line></item><item><guid isPermaLink="false">01f58958-5fe3-4d1b-a145-728d07d4d052</guid><a10:author><a10:name>Simon Hope</a10:name></a10:author><title /><description /><pubDate>Tue, 01 May 2012 21:57:25 +1000</pubDate><a10:link href="http://www.mapbutcher.com/" /><a10:rights type="text">Copyright 2011</a10:rights><a10:content type="text"></a10:content><a10:contributor><a10:name>mapbutcher@mapbutcher.com</a10:name></a10:contributor><georss:line>39.72366 -121.01406 39.72007 -121.0116</georss:line></item><item><guid isPermaLink="false">7ef93b6f-02bc-46f8-926e-76c2bf14128d</guid><a10:author><a10:name>Simon Hope</a10:name></a10:author><title /><description /><pubDate>Tue, 01 May 2012 21:57:25 +1000</pubDate><a10:link href="http://www.mapbutcher.com/" /><a10:rights type="text">Copyright 2011</a10:rights><a10:content type="text"></a10:content><a10:contributor><a10:name>mapbutcher@mapbutcher.com</a10:name></a10:contributor><georss:line>39.71301 -123.3539 39.71751 -123.35534 39.72102 -123.35912 39.7231 -123.36522 39.74417 -123.37354 39.75125 -123.3793 39.78034 -123.39225 39.79219 -123.3905 39.80403 -123.40372 39.81026 -123.40765 39.81364 -123.41563 39.82368 -123.41377 39.83714 -123.41871 39.8435 -123.41845 39.85226 -123.42852 39.86504 -123.44061 39.87417 -123.43871 39.88076 -123.44567 39.89607 -123.44952 39.9009 -123.45458 39.90356 -123.47092 39.91724 -123.46868 39.93063 -123.47602 39.93261 -123.45633 39.94048 -123.45135 39.94559 -123.44743 39.95445 -123.44012 39.95416 -123.4347</georss:line></item><item><guid isPermaLink="false">e48d6ae9-36a0-4c30-b4b5-070504563674</guid><a10:author><a10:name>Simon Hope</a10:name></a10:author><title /><description /><pubDate>Tue, 01 May 2012 21:57:25 +1000</pubDate><a10:link href="http://www.mapbutcher.com/" /><a10:rights type="text">Copyright 2011</a10:rights><a10:content type="text"></a10:content><a10:contributor><a10:name>mapbutcher@mapbutcher.com</a10:name></a10:contributor><georss:line>39.71266 -122.01019 39.73423 -122.01991 39.75175 -122.02831 39.76522 -122.03477 39.76836 -122.03667 39.77283 -122.03983 39.78041 -122.04608 39.78933 -122.05358 39.79382 -122.05613 39.79881 -122.05571 39.80419 -122.05889 39.8127 -122.064</georss:line></item><item><guid isPermaLink="false">b9379d18-4e73-4c73-a0c5-7d87d0aa2dfb</guid><a10:author><a10:name>Simon Hope</a10:name></a10:author><title /><description /><pubDate>Tue, 01 May 2012 21:57:25 +1000</pubDate><a10:link href="http://www.mapbutcher.com/" /><a10:rights type="text">Copyright 2011</a10:rights><a10:content type="text"></a10:content><a10:contributor><a10:name>mapbutcher@mapbutcher.com</a10:name></a10:contributor><georss:line>39.81682 -122.33611 39.81832 -122.33018 39.81616 -122.32529 39.81813 -122.31818 39.81453 -122.31684 39.8008 -122.30253 39.79849 -122.28387 39.79876 -122.2719 39.79361 -122.25853 39.78755 -122.24512 39.78188 -122.23473 39.7766 -122.22735 39.77279 -122.21523 39.76719 -122.20125 39.7602 -122.18902 39.75457 -122.17624 39.75984 -122.16327 39.76149 -122.14957 39.75633 -122.13621 39.75197 -122.12767 39.75243 -122.10554 39.73944 -122.09789 39.7374 -122.0649 39.72707 -122.05975 39.72319 -122.05004 39.72474 -122.04052 39.72212 -122.03564 39.71559 -122.02225 39.71704 -122.01752 39.71528 -122.01507 39.71266 -122.01019</georss:line></item><item><guid isPermaLink="false">6ac3599a-36d6-49f5-b189-37675140c4b1</guid><a10:author><a10:name>Simon Hope</a10:name></a10:author><title /><description /><pubDate>Tue, 01 May 2012 21:57:25 +1000</pubDate><a10:link href="http://www.mapbutcher.com/" /><a10:rights type="text">Copyright 2011</a10:rights><a10:content type="text"></a10:content><a10:contributor><a10:name>mapbutcher@mapbutcher.com</a10:name></a10:contributor><georss:line>40.01207 -121.22311 40.00689 -121.2368 40.00592 -121.24098 40.00588 -121.24458 40.00583 -121.24758 40.00385 -121.25954 40.00143 -121.27029 39.99727 -121.27619 39.98943 -121.28561 39.97909 -121.27934 39.97233 -121.27618 39.96646 -121.27423 39.96235 -121.27653 39.95951 -121.28486 39.9576 -121.29141 39.95525 -121.29736 39.95154 -121.30326 39.9465 -121.30674 39.94329 -121.30906 39.93823 -121.31433 39.93368 -121.31541 39.92779 -121.31526 39.92372 -121.31456 39.92006 -121.31627 39.91594 -121.31916 39.91316 -121.32329 39.90853 -121.32977 39.9029 -121.34282 39.90144 -121.34998 39.89863 -121.3559 39.89315 -121.35815 39.8872 -121.3622 39.88077 -121.36742 39.86753 -121.37367 39.86428 -121.37838 39.86008 -121.38667 39.84138 -121.39396 39.83982 -121.4071 39.83569 -121.41058 39.82485 -121.4073 39.81878 -121.41912 39.81326 -121.42377 39.80729 -121.42899 39.80405 -121.4331 39.79936 -121.44315 39.79523 -121.44603 39.79205 -121.44654 39.7861 -121.45058 39.77336 -121.45322 39.76878 -121.4561 39.76284 -121.45893 39.75779 -121.46298 39.75449 -121.47067 39.74901 -121.47351 39.73857 -121.47443 39.73089 -121.47242 39.72316 -121.4734 39.71862 -121.47388 39.71232 -121.47131 39.71109 -121.4629 39.71351 -121.4528 39.71508 -121.43968 39.71837 -121.43199 39.71576 -121.42474 39.71271 -121.41689 39.71004 -121.41324</georss:line></item><item><guid isPermaLink="false">ad145a47-7b16-4dc6-9980-b6bd7bfb9f0a</guid><a10:author><a10:name>Simon Hope</a10:name></a10:author><title /><description /><pubDate>Tue, 01 May 2012 21:57:25 +1000</pubDate><a10:link href="http://www.mapbutcher.com/" /><a10:rights type="text">Copyright 2011</a10:rights><a10:content type="text"></a10:content><a10:contributor><a10:name>mapbutcher@mapbutcher.com</a10:name></a10:contributor><georss:line>39.70999 -121.55975 39.71819 -121.557 39.72497 -121.55839 39.73354 -121.56102 39.74932 -121.56686 39.76071 -121.5636 39.77383 -121.56517 39.78115 -121.56179 39.78746 -121.56377 39.79375 -121.56754 39.80184 -121.57137 39.81134 -121.57284 39.82043 -121.5719 39.82818 -121.56912 39.83055 -121.5632 39.83377 -121.5603 39.84013 -121.55929 39.84624 -121.54628 39.85588 -121.53876 39.86049 -121.5347 39.86284 -121.52937 39.85886 -121.52267 39.85803 -121.51845 39.86037 -121.51373 39.86541 -121.51086 39.87266 -121.51107 39.87815 -121.50763 39.89392 -121.51406 39.89985 -121.51183 39.90977 -121.5157 39.91612 -121.51528 39.92011 -121.5208 39.92679 -121.52878 39.93805 -121.53329 39.94307 -121.53164 39.94894 -121.533 39.95841 -121.53627 39.96629 -121.52569 39.97357 -121.5241 39.97983 -121.52967 39.98626 -121.52445 39.99264 -121.52283 39.99804 -121.52539 40.00531 -121.52439 40.00668 -121.52383</georss:line></item><item><guid isPermaLink="false">27d69342-d80c-48b2-a6cb-cdc6311727d9</guid><a10:author><a10:name>Simon Hope</a10:name></a10:author><title /><description /><pubDate>Tue, 01 May 2012 21:57:25 +1000</pubDate><a10:link href="http://www.mapbutcher.com/" /><a10:rights type="text">Copyright 2011</a10:rights><a10:content type="text"></a10:content><a10:contributor><a10:name>mapbutcher@mapbutcher.com</a10:name></a10:contributor><georss:line>39.70778 -121.93586 39.71649 -121.93077 39.71677 -121.91643 39.71925 -121.90514 39.72356 -121.89333 39.72787 -121.8815 39.72491 -121.87004 39.72687 -121.86233 39.72426 -121.85626 39.72897 -121.84684 39.73092 -121.83973 39.73708 -121.82557 39.74362 -121.81501 39.74325 -121.81081 39.74796 -121.80138 39.75256 -121.79734 39.75621 -121.79626 39.76126 -121.79283 39.76599 -121.78221 39.77064 -121.77577 39.76899 -121.76674 39.77282 -121.75609 39.77935 -121.74552 39.7835 -121.74146 39.79451 -121.73462 39.8078 -121.72665 39.82194 -121.72229 39.83103 -121.72077 39.84107 -121.71749 39.84792 -121.71471 39.85753 -121.7096 39.86113 -121.71152 39.87298 -121.70768 39.88396 -121.70203 39.89503 -121.69157 39.90736 -121.68655 39.9188 -121.6809 39.93071 -121.67406 39.93708 -121.67306 39.94792 -121.67519 39.95434 -121.67118 39.96476 -121.6721 39.98204 -121.66901 39.99127 -121.65968 39.99488 -121.661 40.00448 -121.65648 40.01271 -121.65253 40.03014 -121.64103 40.04333 -121.63902 40.04565 -121.63549 40.04492 -121.62525 40.05685 -121.6172 40.06111 -121.60651 40.08506 -121.58436 40.08067 -121.57581 40.08366 -121.55907 40.0924 -121.5515 40.09618 -121.54259</georss:line></item><item><guid isPermaLink="false">10bd29f9-205e-46d1-a399-774c22fe5b19</guid><a10:author><a10:name>Simon Hope</a10:name></a10:author><title /><description /><pubDate>Tue, 01 May 2012 21:57:25 +1000</pubDate><a10:link href="http://www.mapbutcher.com/" /><a10:rights type="text">Copyright 2011</a10:rights><a10:content type="text"></a10:content><a10:contributor><a10:name>mapbutcher@mapbutcher.com</a10:name></a10:contributor><georss:line>39.70778 -121.93586 39.7118 -121.93899 39.7127 -121.93902 39.72174 -121.94052 39.72824 -121.93296 39.73414 -121.93256 39.73731 -121.93267 39.74245 -121.92506 39.74709 -121.91984 39.75626 -121.91416 39.76456 -121.90726 39.77477 -121.89503 39.77984 -121.89101 39.78496 -121.88399 39.789 -121.88592 39.79216 -121.88663 39.79629 -121.88436 39.80192 -121.87437 39.80671 -121.86076 39.80769 -121.85719 39.81132 -121.85671 39.81417 -121.84962 39.82069 -121.84085 39.82591 -121.82844 39.83121 -121.81123 39.83799 -121.78809 39.83778 -121.77431 39.84167 -121.76005 39.86144 -121.74509 39.87207 -121.73343 39.88175 -121.72474 39.89587 -121.72098 39.9095 -121.7202 39.91584 -121.72039 39.92084 -121.71995 39.94317 -121.71344</georss:line></item><item><guid isPermaLink="false">48722293-49d1-48ec-a84f-1c983b0a99eb</guid><a10:author><a10:name>Simon Hope</a10:name></a10:author><title /><description /><pubDate>Tue, 01 May 2012 21:57:25 +1000</pubDate><a10:link href="http://www.mapbutcher.com/" /><a10:rights type="text">Copyright 2011</a10:rights><a10:content type="text"></a10:content><a10:contributor><a10:name>mapbutcher@mapbutcher.com</a10:name></a10:contributor><georss:line>39.71088 -122.24639 39.70942 -122.25112 39.70797 -122.25526 39.70866 -122.26485 39.71035 -122.2703 39.71777 -122.28374 39.72165 -122.29227 39.72557 -122.2996 39.72769 -122.30627 39.73712 -122.33057 39.73651 -122.33772 39.73187 -122.34232 39.72613 -122.35526 39.71288 -122.37926 39.71272 -122.38644 39.70755 -122.39401 39.7025 -122.41653</georss:line></item><item><guid isPermaLink="false">cf1ada3e-8b6d-4e75-a3b9-efaf90107479</guid><a10:author><a10:name>Simon Hope</a10:name></a10:author><title /><description /><pubDate>Tue, 01 May 2012 21:57:25 +1000</pubDate><a10:link href="http://www.mapbutcher.com/" /><a10:rights type="text">Copyright 2011</a10:rights><a10:content type="text"></a10:content><a10:contributor><a10:name>mapbutcher@mapbutcher.com</a10:name></a10:contributor><georss:line>39.7022 -121.94285 39.70778 -121.93586</georss:line></item><item><guid isPermaLink="false">a39a3898-1e69-4955-a59b-812fe40eaafe</guid><a10:author><a10:name>Simon Hope</a10:name></a10:author><title /><description /><pubDate>Tue, 01 May 2012 21:57:25 +1000</pubDate><a10:link href="http://www.mapbutcher.com/" /><a10:rights type="text">Copyright 2011</a10:rights><a10:content type="text"></a10:content><a10:contributor><a10:name>mapbutcher@mapbutcher.com</a10:name></a10:contributor><georss:line>39.7022 -121.94285 39.72421 -121.95377 39.73005 -121.95635 39.73273 -121.95824 39.74211 -121.96574</georss:line></item><item><guid isPermaLink="false">301ea0c2-59bf-4ef1-8488-81074b1b4385</guid><a10:author><a10:name>Simon Hope</a10:name></a10:author><title /><description /><pubDate>Tue, 01 May 2012 21:57:25 +1000</pubDate><a10:link href="http://www.mapbutcher.com/" /><a10:rights type="text">Copyright 2011</a10:rights><a10:content type="text"></a10:content><a10:contributor><a10:name>mapbutcher@mapbutcher.com</a10:name></a10:contributor><georss:line>39.68924 -121.95616 39.69252 -121.95089 39.69403 -121.94317 39.69634 -121.94086 39.7022 -121.94285</georss:line></item><item><guid isPermaLink="false">88bd02d1-068d-438b-9eb6-205f02b79027</guid><a10:author><a10:name>Simon Hope</a10:name></a10:author><title /><description /><pubDate>Tue, 01 May 2012 21:57:25 +1000</pubDate><a10:link href="http://www.mapbutcher.com/" /><a10:rights type="text">Copyright 2011</a10:rights><a10:content type="text"></a10:content><a10:contributor><a10:name>mapbutcher@mapbutcher.com</a10:name></a10:contributor><georss:line>39.71266 -122.01019 39.7183 -122.00021 39.71899 -121.98828 39.71871 -121.9793 39.71799 -121.9697 39.71539 -121.96423 39.70826 -121.95741 39.68924 -121.95616</georss:line></item><item><guid isPermaLink="false">07a59d8e-ab7b-4be8-b508-d378dcfcb19a</guid><a10:author><a10:name>Simon Hope</a10:name></a10:author><title /><description /><pubDate>Tue, 01 May 2012 21:57:25 +1000</pubDate><a10:link href="http://www.mapbutcher.com/" /><a10:rights type="text">Copyright 2011</a10:rights><a10:content type="text"></a10:content><a10:contributor><a10:name>mapbutcher@mapbutcher.com</a10:name></a10:contributor><georss:line>39.82386 -123.08896 39.82183 -123.09665 39.82255 -123.10328 39.82227 -123.11285 39.82064 -123.12235 39.8145 -123.13043 39.80881 -123.13913 39.80241 -123.14061 39.79729 -123.14514 39.79055 -123.14301 39.78863 -123.1465 39.78647 -123.15837 39.78001 -123.16223 39.77741 -123.15791 39.77149 -123.15881 39.77304 -123.1523 39.77039 -123.14977 39.76391 -123.15423 39.76305 -123.15239 39.76595 -123.14655 39.76236 -123.14517 39.7587 -123.14618 39.75185 -123.14763 39.7456 -123.14432 39.74012 -123.14524 39.73446 -123.13717 39.72301 -123.12523 39.7123 -123.1193 39.71139 -123.11926 39.70557 -123.11657 39.69921 -123.11685 39.69423 -123.1166 39.68923 -123.11694 39.68647 -123.118 39.68277 -123.12081 39.68034 -123.12607 39.67848 -123.12777 39.67592 -123.13781 39.67942 -123.15772 39.68301 -123.1591 39.6846 -123.16695 39.6935 -123.17279 39.69662 -123.17474 39.69916 -123.18085 39.7017 -123.18697 39.70606 -123.19318 39.70825 -123.19568 39.70816 -123.19867 39.70722 -123.19981 39.70799 -123.20464 39.70549 -123.21229 39.69892 -123.21973 39.70173 -123.2474 39.7005 -123.2581 39.69981 -123.26585 39.69655 -123.26866 39.70152 -123.28448 39.70137 -123.28926 39.69793 -123.29805 39.70134 -123.30541 39.70159 -123.312 39.70277 -123.31805 39.70485 -123.32414 39.70418 -123.33129 39.70501 -123.33372 39.71301 -123.3539</georss:line></item><item><guid isPermaLink="false">4ba85658-c9a2-4b9f-8baf-8b1887d81fec</guid><a10:author><a10:name>Simon Hope</a10:name></a10:author><title /><description /><pubDate>Tue, 01 May 2012 21:57:25 +1000</pubDate><a10:link href="http://www.mapbutcher.com/" /><a10:rights type="text">Copyright 2011</a10:rights><a10:content type="text"></a10:content><a10:contributor><a10:name>mapbutcher@mapbutcher.com</a10:name></a10:contributor><georss:line>39.67001 -122.52403 39.67353 -122.50983 39.6792 -122.5005 39.6802 -122.49635 39.67984 -122.49275 39.68035 -122.49038 39.68272 -122.48569 39.68458 -122.48398 39.69085 -122.48723 39.6992 -122.4798 39.69982 -122.47265 39.70449 -122.46686 39.70654 -122.45677 39.71117 -122.45277 39.71531 -122.45055 39.71904 -122.44592 39.71926 -122.43696 39.72301 -122.43172 39.72821 -122.42236 39.73434 -122.41244 39.73547 -122.40291</georss:line></item><item><guid isPermaLink="false">22efbd02-17fe-456d-b837-2ce8be3a2039</guid><a10:author><a10:name>Simon Hope</a10:name></a10:author><title /><description /><pubDate>Tue, 01 May 2012 21:57:25 +1000</pubDate><a10:link href="http://www.mapbutcher.com/" /><a10:rights type="text">Copyright 2011</a10:rights><a10:content type="text"></a10:content><a10:contributor><a10:name>mapbutcher@mapbutcher.com</a10:name></a10:contributor><georss:line>39.67001 -122.52403 39.67769 -122.52554 39.67766 -122.52674 39.67701 -122.53509 39.67598 -122.53983 39.67635 -122.54343 39.67847 -122.5495 39.67723 -122.56319 39.67638 -122.57931 39.6762 -122.58647 39.67551 -122.59601 39.67351 -122.6037 39.67279 -122.61443 39.67559 -122.62949 39.68065 -122.64466 39.68309 -122.65614 39.68341 -122.66093 39.68455 -122.66995 39.69021 -122.67917 39.69909 -122.68674 39.70303 -122.6923 39.70693 -122.69965 39.70812 -122.70628 39.71019 -122.71415 39.71503 -122.71975 39.72035 -122.72478 39.72527 -122.72739 39.73167 -122.72528 39.73728 -122.71895 39.74216 -122.72336 39.74744 -122.72958 39.75129 -122.73873 39.76242 -122.74641 39.76769 -122.75323 39.77063 -122.76235 39.7723 -122.76781 39.77438 -122.7751 39.77513 -122.78113 39.77682 -122.786 39.77975 -122.79511 39.784 -122.80608 39.78566 -122.81215 39.79008 -122.81654 39.79399 -122.82272 39.80023 -122.82719 39.80549 -122.83403 39.80977 -122.84381 39.80768 -122.8539 39.80801 -122.8587 39.80461 -122.86694 39.80892 -122.87553 39.81479 -122.8764 39.82154 -122.87851 39.82458 -122.88345 39.82665 -122.89074 39.84494 -122.91917 39.85202 -122.9255 39.85331 -122.94475</georss:line></item><item><guid isPermaLink="false">728b3039-3e23-4d76-8347-2fb69438c490</guid><a10:author><a10:name>Simon Hope</a10:name></a10:author><title /><description /><pubDate>Tue, 01 May 2012 21:57:25 +1000</pubDate><a10:link href="http://www.mapbutcher.com/" /><a10:rights type="text">Copyright 2011</a10:rights><a10:content type="text"></a10:content><a10:contributor><a10:name>mapbutcher@mapbutcher.com</a10:name></a10:contributor><georss:line>39.62759 -121.28561 39.64774 -121.27118 39.65413 -121.26834 39.65692 -121.26363 39.66154 -121.25777 39.65897 -121.24695 39.66362 -121.2381 39.66285 -121.22852 39.66209 -121.21833 39.65396 -121.21575 39.65355 -121.21275 39.6582 -121.2045 39.65522 -121.18949 39.6454 -121.17791 39.64188 -121.17065 39.63601 -121.16873 39.63202 -121.16206 39.63118 -121.15667 39.63168 -121.1531 39.63946 -121.1479 39.65492 -121.14467 39.66818 -121.13541 39.67774 -121.13264 39.68697 -121.12029 39.6958 -121.10316 39.70595 -121.08963 39.71377 -121.08083 39.7161 -121.0755 39.72119 -121.06783 39.7258 -121.06136 39.73183 -121.05013 39.73555 -121.04302</georss:line></item><item><guid isPermaLink="false">404e3f56-a149-4596-a632-f801ee63e14b</guid><a10:author><a10:name>Simon Hope</a10:name></a10:author><title /><description /><pubDate>Tue, 01 May 2012 21:57:25 +1000</pubDate><a10:link href="http://www.mapbutcher.com/" /><a10:rights type="text">Copyright 2011</a10:rights><a10:content type="text"></a10:content><a10:contributor><a10:name>mapbutcher@mapbutcher.com</a10:name></a10:contributor><georss:line>39.62759 -121.28561 39.63939 -121.28471 39.64296 -121.28898 39.65455 -121.30241 39.66494 -121.30566 39.66957 -121.29861 39.67564 -121.2868 39.68211 -121.278 39.68713 -121.27513 39.69124 -121.27344 39.69989 -121.27126 39.71029 -121.27331 39.71545 -121.26028 39.72142 -121.25564 39.71938 -121.23885 39.72132 -121.22991 39.72505 -121.22223 39.73204 -121.20863 39.73937 -121.20343 39.74548 -121.18742 39.75049 -121.18574 39.75462 -121.18165 39.76561 -121.17353 39.77069 -121.16706 39.77532 -121.15999 39.78094 -121.14575 39.77699 -121.13668 39.78074 -121.12659 39.78532 -121.1231 39.78951 -121.11481 39.78915 -121.10703 39.78877 -121.10163 39.79159 -121.09391 39.78987 -121.08609 39.79315 -121.07778 39.80094 -121.07137 39.8042 -121.06425 39.80339 -121.05645 39.8062 -121.04933 39.80715 -121.04636 39.81406 -121.03752 39.81823 -121.03043 39.81926 -121.02026 39.82631 -120.99945 39.83368 -120.98942 39.83881 -120.97755 39.84854 -120.95977 39.84862 -120.95319 39.84835 -120.93639 39.84621 -120.92558 39.84851 -120.92322 39.85035 -120.92086 39.85173 -120.91909 39.85358 -120.91553 39.85183 -120.9101 39.85009 -120.90348 39.84835 -120.89686 39.84659 -120.89203 39.848 -120.88727 39.84943 -120.8807 39.85083 -120.87714 39.85682 -120.86886 39.85784 -120.85809 39.86024 -120.84615 39.86616 -120.84327 39.87131 -120.82779 39.86688 -120.81812 39.86429 -120.80608 39.86343 -120.80128 39.86259 -120.79527 39.86227 -120.78208 39.8615 -120.76829 39.86161 -120.7569 39.8599 -120.74669 39.86 -120.7365 39.85781 -120.72927 39.85692 -120.72746 39.85604 -120.72445 39.85425 -120.72262 39.85291 -120.7202 39.85067 -120.71717 39.84936 -120.71235 39.84941 -120.70756 39.84676 -120.69972 39.84142 -120.68945 39.83876 -120.68282 39.8365 -120.68218 39.83243 -120.68092 39.82525 -120.67301 39.81713 -120.66809 39.81131 -120.66021 39.8018 -120.65946 39.79773 -120.6588 39.79683 -120.65818 39.79374 -120.64855 39.79151 -120.64493 39.78563 -120.64304 39.78246 -120.64239 39.77984 -120.63158 39.77583 -120.62373 39.77319 -120.61472 39.76731 -120.61283 39.76241 -120.60378 39.76017 -120.60075 39.75519 -120.59948 39.75204 -120.59763 39.74529 -120.59095 39.74038 -120.5825 39.74317 -120.57477 39.74637 -120.57063 39.74963 -120.56171 39.75054 -120.56112 39.75416 -120.56117 39.75463 -120.55878 39.75694 -120.55403 39.7588 -120.54927 39.75973 -120.5457 39.76203 -120.54214 39.76615 -120.53741 39.76843 -120.53565 39.77433 -120.53514 39.77569 -120.53456 39.77843 -120.5328 39.78029 -120.52684 39.78935 -120.52757 39.78621 -120.52393 39.78305 -120.52209 39.78262 -120.5191 39.78309 -120.51671 39.78629 -120.51376 39.7922 -120.51145 39.7963 -120.50971 39.79814 -120.50613 39.79821 -120.49716 39.80412 -120.49604 39.80639 -120.49428 39.80512 -120.48348 39.80561 -120.4787 39.80615 -120.46733 39.81347 -120.45845 39.81445 -120.44888 39.81675 -120.44472 39.81859 -120.44175 39.82134 -120.437 39.8232 -120.43163 39.81778 -120.42857</georss:line></item><item><guid isPermaLink="false">7cb35b4d-6f64-4e75-bd33-ea6abda01a1d</guid><a10:author><a10:name>Simon Hope</a10:name></a10:author><title /><description /><pubDate>Tue, 01 May 2012 21:57:25 +1000</pubDate><a10:link href="http://www.mapbutcher.com/" /><a10:rights type="text">Copyright 2011</a10:rights><a10:content type="text"></a10:content><a10:contributor><a10:name>mapbutcher@mapbutcher.com</a10:name></a10:contributor><georss:line>39.62223 -123.34068 39.62804 -123.34338 39.65661 -123.34371 39.66465 -123.34772 39.67064 -123.34505 39.67866 -123.34967 39.68127 -123.35339 39.68831 -123.36035 39.69611 -123.35778 39.71301 -123.3539</georss:line></item><item><guid isPermaLink="false">34160394-552d-4322-9c80-2dcbe5f93d15</guid><a10:author><a10:name>Simon Hope</a10:name></a10:author><title /><description /><pubDate>Tue, 01 May 2012 21:57:25 +1000</pubDate><a10:link href="http://www.mapbutcher.com/" /><a10:rights type="text">Copyright 2011</a10:rights><a10:content type="text"></a10:content><a10:contributor><a10:name>mapbutcher@mapbutcher.com</a10:name></a10:contributor><georss:line>39.60946 -122.87037 39.61977 -122.87504 39.63483 -122.88829 39.65802 -122.90313 39.66349 -122.91894 39.67758 -122.91781 39.68792 -122.9213 39.7023 -122.92616 39.71255 -122.93263 39.72327 -122.93913 39.73077 -122.94666 39.73651 -122.95232 39.74232 -122.9556 39.74908 -122.95712 39.75566 -122.96522 39.76041 -122.97382 39.76203 -122.98109 39.76324 -122.98654 39.76759 -122.99333 39.77271 -123.00496 39.77438 -123.00983 39.77692 -123.01655 39.78403 -123.02168 39.78619 -123.02538 39.78963 -123.03215 39.79955 -123.03443 39.80281 -123.04777 39.80621 -123.05573 39.80681 -123.06654 39.80937 -123.07206 39.81387 -123.07348 39.81513 -123.07714 39.82386 -123.08896</georss:line></item><item><guid isPermaLink="false">093be4b5-5439-4d4b-9169-4e43d15973ff</guid><a10:author><a10:name>Simon Hope</a10:name></a10:author><title /><description /><pubDate>Tue, 01 May 2012 21:57:25 +1000</pubDate><a10:link href="http://www.mapbutcher.com/" /><a10:rights type="text">Copyright 2011</a10:rights><a10:content type="text"></a10:content><a10:contributor><a10:name>mapbutcher@mapbutcher.com</a10:name></a10:contributor><georss:line>40.35282 -123.92226 40.3503 -123.92934 40.34614 -123.9315 40.33913 -123.93711 40.33257 -123.93006 40.32207 -123.93182 40.3162 -123.93085 40.30707 -123.91943 40.30149 -123.91003 40.30011 -123.89787 40.29564 -123.89579 40.2903 -123.90572 40.27614 -123.89519 40.27351 -123.89262 40.26976 -123.88274 40.26629 -123.8783 40.2593 -123.88329 40.25772 -123.87656 40.26574 -123.868 40.26957 -123.86221 40.27146 -123.85991 40.27634 -123.86323 40.28052 -123.86047 40.2748 -123.85529 40.26319 -123.84975 40.25802 -123.8416 40.25549 -123.83602 40.25446 -123.82631 40.24946 -123.82661 40.24225 -123.82497 40.23978 -123.83085 40.23428 -123.83232 40.22897 -123.82838 40.22055 -123.82245 40.21757 -123.81684 40.21967 -123.80853 40.2216 -123.80503 40.22053 -123.79652 40.22074 -123.79051 40.21629 -123.78783 40.21122 -123.78994 40.20581 -123.78902 40.20249 -123.77978 40.18882 -123.76811 40.18408 -123.77386 40.18058 -123.78329 40.17329 -123.78405 40.16597 -123.78603 40.16072 -123.79354 40.15601 -123.79868 40.151 -123.79898 40.1424 -123.81171 40.13536 -123.81851 40.12691 -123.82643 40.12471 -123.83773 40.11919 -123.83981 40.11124 -123.83331 40.11147 -123.81346 40.11375 -123.79975 40.10877 -123.79945 40.10379 -123.79915 40.09914 -123.80247 40.09237 -123.80147 40.08958 -123.80311 40.08619 -123.80952 40.08195 -123.81408 40.07913 -123.81692 40.07629 -123.82036 40.07322 -123.8304 40.06643 -123.82999 40.06329 -123.8286 40.05893 -123.8103 40.06626 -123.79509 40.0706 -123.78754 40.06485 -123.78298 40.05928 -123.78686 40.05528 -123.79744 40.04816 -123.79341 40.04515 -123.78842 40.03898 -123.78324 40.03371 -123.77811 40.02963 -123.77787 40.02945 -123.78327 40.03244 -123.78886 40.03324 -123.79192 40.03044 -123.79415 40.02192 -123.79124 40.01648 -123.79091 40.0111 -123.78879 40.00532 -123.78543 40.00684 -123.78072 40.006 -123.77886 39.9992 -123.77846 39.99811 -123.7838 39.99779 -123.7934 39.99455 -123.79501 39.98712 -123.79997 39.98517 -123.80405 39.9814 -123.80804 39.97594 -123.80831 39.96108 -123.80502 39.96009 -123.79414 39.95758 -123.78799 39.95367 -123.78295 39.95132 -123.78522 39.94082 -123.78699 39.93423 -123.78059 39.92924 -123.76709 39.92574 -123.76328 39.92397 -123.76197 39.92168 -123.76244 39.91998 -123.77254 39.91595 -123.7711 39.91244 -123.76729 39.90837 -123.76705 39.89198 -123.75527 39.88251 -123.75352 39.88295 -123.74034 39.87406 -123.73502 39.87139 -123.71986 39.86869 -123.7191 39.86499 -123.72128 39.85798 -123.72746 39.84024 -123.71503 39.83684 -123.70824 39.8381 -123.69752 39.83094 -123.68092 39.82413 -123.68112 39.82242 -123.67802 39.82295 -123.67566 39.82085 -123.67074 39.8229 -123.66367 39.82437 -123.66016 39.81922 -123.65147 39.81559 -123.65126 39.81063 -123.65037 39.80429 -123.65 39.79885 -123.64969 39.79116 -123.64925 39.78122 -123.64808 39.77533 -123.64774 39.76717 -123.64726 39.7627 -123.64521 39.75538 -123.63342 39.75091 -123.63136 39.74768 -123.63297 39.75008 -123.64269 39.74112 -123.63918 39.73506 -123.63045 39.7313 -123.63442 39.73281 -123.64349 39.72992 -123.64871 39.72456 -123.64601 39.71377 -123.65676 39.70851 -123.65107 39.70158 -123.65486 39.66821 -123.64875 39.64682 -123.63676 39.62421 -123.59302 39.61868 -123.58195 39.6206 -123.56472 39.6177 -123.55619 39.62248 -123.54869 39.62613 -123.53395 39.63234 -123.52414 39.62771 -123.51312 39.61848 -123.50364 39.60848 -123.50428 39.60825 -123.51144</georss:line></item><item><guid isPermaLink="false">837ddfd2-2e24-4d5e-89a5-af468a241023</guid><a10:author><a10:name>Simon Hope</a10:name></a10:author><title /><description /><pubDate>Tue, 01 May 2012 21:57:25 +1000</pubDate><a10:link href="http://www.mapbutcher.com/" /><a10:rights type="text">Copyright 2011</a10:rights><a10:content type="text"></a10:content><a10:contributor><a10:name>mapbutcher@mapbutcher.com</a10:name></a10:contributor><georss:line>40.02201 -120.09431 40.01205 -120.09123 40.00528 -120.08517 40.00032 -120.08033 39.99807 -120.07671 39.99537 -120.07189 39.99358 -120.06647 39.99088 -120.06165 39.98592 -120.05621 39.98141 -120.05137 39.97734 -120.04774 39.9674 -120.03986 39.9656 -120.03745 39.96153 -120.03442 39.95746 -120.03079 39.95205 -120.02535 39.94889 -120.02113 39.94617 -120.01991 39.93984 -120.01627 39.93531 -120.01563 39.93031 -120.01859 39.92622 -120.02097 39.92078 -120.02093 39.91761 -120.0209 39.90991 -120.01845 39.90764 -120.01843 39.90402 -120.01781 39.89994 -120.01778 39.89404 -120.02013 39.88858 -120.02369 39.87811 -120.0332 39.87355 -120.03916 39.86853 -120.04751 39.86353 -120.04987 39.86124 -120.05585 39.85806 -120.05762 39.8535 -120.06297 39.85213 -120.06536 39.85303 -120.06776 39.85573 -120.07138 39.85072 -120.07733 39.84798 -120.0797 39.84345 -120.07907 39.84072 -120.08264 39.83617 -120.0844 39.82304 -120.0813 39.8149 -120.07704 39.81128 -120.07522 39.80631 -120.07218 39.79951 -120.07093 39.79315 -120.07507 39.77911 -120.07256 39.7687 -120.06889 39.76238 -120.06346 39.75422 -120.0622 39.7497 -120.05977 39.74472 -120.05794 39.74016 -120.06388 39.73339 -120.05785 39.72572 -120.04882 39.70987 -120.04631 39.7058 -120.04388 39.70217 -120.04207 39.69946 -120.04085 39.69358 -120.03782 39.68998 -120.03241 39.68683 -120.02581 39.68367 -120.02219 39.68096 -120.01978 39.67736 -120.01498 39.67555 -120.01318 39.67329 -120.01136 39.67057 -120.01015 39.66741 -120.00774 39.66149 -120.01427 39.65514 -120.01661 39.65104 -120.01957 39.64695 -120.02373 39.64104 -120.02548 39.63605 -120.02724 39.62924 -120.03077 39.6265 -120.03613 39.62196 -120.03788 39.61514 -120.04201 39.60922 -120.04675 39.60693 -120.05329 39.60327 -120.06043 39.60231 -120.07117 39.59864 -120.08069 39.5954 -120.09618</georss:line></item><item><guid isPermaLink="false">736d25f9-418e-4b3e-8456-8b0d75d36c7f</guid><a10:author><a10:name>Simon Hope</a10:name></a10:author><title /><description /><pubDate>Tue, 01 May 2012 21:57:25 +1000</pubDate><a10:link href="http://www.mapbutcher.com/" /><a10:rights type="text">Copyright 2011</a10:rights><a10:content type="text"></a10:content><a10:contributor><a10:name>mapbutcher@mapbutcher.com</a10:name></a10:contributor><georss:line>39.62759 -121.28561 39.62385 -121.29329 39.6157 -121.29249 39.61245 -121.29838 39.60375 -121.30413 39.60091 -121.31242 39.59996 -121.31538 39.59903 -121.31715 39.60032 -121.32195 39.60572 -121.32449 39.60656 -121.32928 39.59999 -121.34404 39.58666 -121.35624</georss:line></item><item><guid isPermaLink="false">392c1bfe-18aa-44b2-842b-4764db731004</guid><a10:author><a10:name>Simon Hope</a10:name></a10:author><title /><description /><pubDate>Tue, 01 May 2012 21:57:25 +1000</pubDate><a10:link href="http://www.mapbutcher.com/" /><a10:rights type="text">Copyright 2011</a10:rights><a10:content type="text"></a10:content><a10:contributor><a10:name>mapbutcher@mapbutcher.com</a10:name></a10:contributor><georss:line>39.58956 -122.53141 39.58545 -122.53242</georss:line></item><item><guid isPermaLink="false">630155af-fefa-46d5-9a4a-58c40fda8fb7</guid><a10:author><a10:name>Simon Hope</a10:name></a10:author><title /><description /><pubDate>Tue, 01 May 2012 21:57:25 +1000</pubDate><a10:link href="http://www.mapbutcher.com/" /><a10:rights type="text">Copyright 2011</a10:rights><a10:content type="text"></a10:content><a10:contributor><a10:name>mapbutcher@mapbutcher.com</a10:name></a10:contributor><georss:line>39.58545 -122.53242 39.58764 -122.53551 39.59573 -122.53883 39.60626 -122.5345 39.61425 -122.52289 39.61703 -122.52061 39.61884 -122.52069 39.62553 -122.52575 39.63381 -122.52072 39.63925 -122.52094 39.65093 -122.52562 39.65823 -122.52354 39.67001 -122.52403</georss:line></item><item><guid isPermaLink="false">e571df2e-0edc-4ddc-856a-17769dd7fe7f</guid><a10:author><a10:name>Simon Hope</a10:name></a10:author><title /><description /><pubDate>Tue, 01 May 2012 21:57:25 +1000</pubDate><a10:link href="http://www.mapbutcher.com/" /><a10:rights type="text">Copyright 2011</a10:rights><a10:content type="text"></a10:content><a10:contributor><a10:name>mapbutcher@mapbutcher.com</a10:name></a10:contributor><georss:line>39.58545 -122.53242 39.58134 -122.53345</georss:line></item><item><guid isPermaLink="false">a0f7fcb0-bd16-4c01-891c-5b864f2e7fad</guid><a10:author><a10:name>Simon Hope</a10:name></a10:author><title /><description /><pubDate>Tue, 01 May 2012 21:57:25 +1000</pubDate><a10:link href="http://www.mapbutcher.com/" /><a10:rights type="text">Copyright 2011</a10:rights><a10:content type="text"></a10:content><a10:contributor><a10:name>mapbutcher@mapbutcher.com</a10:name></a10:contributor><georss:line>39.55996 -122.22095 39.56102 -122.23473 39.57275 -122.25845 39.57527 -122.2675 39.57399 -122.28417 39.57971 -122.29215 39.58601 -122.29419 39.59137 -122.29798 39.59578 -122.30352 39.60026 -122.30608 39.60376 -122.3116 39.60723 -122.3189 39.61257 -122.32329 39.61563 -122.32819 39.61693 -122.33122 39.6208 -122.34034 39.62293 -122.3464 39.62505 -122.35306 39.62677 -122.3573 39.62938 -122.36219 39.63146 -122.37004 39.63495 -122.37615 39.6407 -122.38235 39.64326 -122.38963 39.64669 -122.39813 39.64659 -122.40231 39.6474 -122.40653 39.64822 -122.41015 39.64798 -122.4203 39.65086 -122.43298</georss:line></item><item><guid isPermaLink="false">27397717-ea25-42b9-9b3a-f1d5c2235608</guid><a10:author><a10:name>Simon Hope</a10:name></a10:author><title /><description /><pubDate>Tue, 01 May 2012 21:57:25 +1000</pubDate><a10:link href="http://www.mapbutcher.com/" /><a10:rights type="text">Copyright 2011</a10:rights><a10:content type="text"></a10:content><a10:contributor><a10:name>mapbutcher@mapbutcher.com</a10:name></a10:contributor><georss:line>39.55938 -122.20601 39.56474 -122.20979 39.56409 -122.21872 39.5702 -122.2297 39.58181 -122.2379 39.58909 -122.23698 39.59725 -122.23729 39.60399 -122.23994 39.61023 -122.24495 39.61688 -122.25178 39.62483 -122.26163 39.63159 -122.26369 39.63658 -122.26328 39.64109 -122.26465 39.64598 -122.26902 39.6503 -122.27875 39.65566 -122.28255 39.65777 -122.28979 39.65854 -122.29581 39.66072 -122.29948 39.66703 -122.30151 39.67721 -122.31267 39.67944 -122.31455 39.68114 -122.3194 39.68138 -122.32898 39.67759 -122.33601 39.6851 -122.34467 39.68779 -122.34597 39.69504 -122.34625 39.69859 -122.34998 39.70061 -122.36083 39.70094 -122.36623 39.69943 -122.37274 39.69717 -122.39179 39.69028 -122.41544 39.68952 -122.42857 39.69251 -122.43646 39.68955 -122.44651</georss:line></item><item><guid isPermaLink="false">cf635ae4-3992-414c-ac27-2ad353fec162</guid><a10:author><a10:name>Simon Hope</a10:name></a10:author><title /><description /><pubDate>Tue, 01 May 2012 21:57:25 +1000</pubDate><a10:link href="http://www.mapbutcher.com/" /><a10:rights type="text">Copyright 2011</a10:rights><a10:content type="text"></a10:content><a10:contributor><a10:name>mapbutcher@mapbutcher.com</a10:name></a10:contributor><georss:line>39.55938 -122.20601 39.55996 -122.22095</georss:line></item><item><guid isPermaLink="false">b470b1df-1efd-4729-b189-2aac8ff9e307</guid><a10:author><a10:name>Simon Hope</a10:name></a10:author><title /><description /><pubDate>Tue, 01 May 2012 21:57:25 +1000</pubDate><a10:link href="http://www.mapbutcher.com/" /><a10:rights type="text">Copyright 2011</a10:rights><a10:content type="text"></a10:content><a10:contributor><a10:name>mapbutcher@mapbutcher.com</a10:name></a10:contributor><georss:line>39.55514 -120.24739 39.55959 -120.26176 39.57173 -120.2774 39.57791 -120.30492 39.57778 -120.32462 39.58535 -120.34559 39.59438 -120.34988 39.60431 -120.35715 39.60881 -120.36079 39.61286 -120.36562 39.61599 -120.37164 39.61961 -120.37347 39.62322 -120.37531 39.63046 -120.37718 39.63361 -120.38021 39.6404 -120.38268 39.64718 -120.38456 39.65127 -120.38401 39.65445 -120.38226 39.65855 -120.38051 39.66264 -120.37817 39.66948 -120.37228 39.67494 -120.36936 39.67859 -120.36642 39.68451 -120.3629 39.68861 -120.35996 39.69407 -120.35644 39.70045 -120.35173 39.70594 -120.34522 39.71234 -120.33692 39.72053 -120.33283 39.73236 -120.32639 39.73778 -120.32884 39.75 -120.33138 39.75679 -120.33445 39.7631 -120.33871 39.76853 -120.34116 39.77985 -120.34369 39.78345 -120.34732 39.78478 -120.35093 39.78608 -120.35992 39.78741 -120.36353 39.79189 -120.37137 39.79459 -120.37499 39.79954 -120.37984 39.80588 -120.38112</georss:line></item><item><guid isPermaLink="false">5538d246-2e2d-4c42-8f2f-880e26c3452e</guid><a10:author><a10:name>Simon Hope</a10:name></a10:author><title /><description /><pubDate>Tue, 01 May 2012 21:57:25 +1000</pubDate><a10:link href="http://www.mapbutcher.com/" /><a10:rights type="text">Copyright 2011</a10:rights><a10:content type="text"></a10:content><a10:contributor><a10:name>mapbutcher@mapbutcher.com</a10:name></a10:contributor><georss:line>39.53919 -122.17481 39.54277 -122.15585 39.55207 -122.14486 39.55959 -122.1326 39.57551 -122.13019 39.58199 -122.12386 39.59127 -122.11404 39.59767 -122.11129 39.60181 -122.10846 39.60586 -122.08829 39.61136 -122.08551 39.62223 -122.0859 39.62529 -122.06928 39.63023 -122.04974 39.63598 -122.03441 39.64518 -122.02816 39.66056 -122.02989 39.67016 -122.02605 39.67902 -122.0144 39.68623 -122.01644 39.70173 -122.0122 39.71266 -122.01019</georss:line></item><item><guid isPermaLink="false">e456e8b8-794e-47e0-be49-f2b29c1cf4db</guid><a10:author><a10:name>Simon Hope</a10:name></a10:author><title /><description /><pubDate>Tue, 01 May 2012 21:57:25 +1000</pubDate><a10:link href="http://www.mapbutcher.com/" /><a10:rights type="text">Copyright 2011</a10:rights><a10:content type="text"></a10:content><a10:contributor><a10:name>mapbutcher@mapbutcher.com</a10:name></a10:contributor><georss:line>39.53919 -122.17481 39.55014 -122.17164 39.56598 -122.17342 39.57597 -122.1726 39.58321 -122.19436 39.59264 -122.19889 39.59762 -122.19907 39.60572 -122.20237 39.6103 -122.20015 39.61385 -122.20387 39.63066 -122.20212 39.63604 -122.20531 39.64225 -122.21151 39.64944 -122.21477 39.65569 -122.21919 39.66158 -122.21941 39.66928 -122.2197 39.67699 -122.21999 39.68877 -122.22044 39.69453 -122.22663 39.7021 -122.2329 39.70874 -122.24033 39.71088 -122.24639</georss:line></item><item><guid isPermaLink="false">94231665-2250-46c3-add5-661287809047</guid><a10:author><a10:name>Simon Hope</a10:name></a10:author><title /><description /><pubDate>Tue, 01 May 2012 21:57:25 +1000</pubDate><a10:link href="http://www.mapbutcher.com/" /><a10:rights type="text">Copyright 2011</a10:rights><a10:content type="text"></a10:content><a10:contributor><a10:name>mapbutcher@mapbutcher.com</a10:name></a10:contributor><georss:line>39.54375 -121.49356 39.53575 -121.48319</georss:line></item><item><guid isPermaLink="false">4b4d1914-b176-4642-97b9-be99f29aa36b</guid><a10:author><a10:name>Simon Hope</a10:name></a10:author><title /><description /><pubDate>Tue, 01 May 2012 21:57:25 +1000</pubDate><a10:link href="http://www.mapbutcher.com/" /><a10:rights type="text">Copyright 2011</a10:rights><a10:content type="text"></a10:content><a10:contributor><a10:name>mapbutcher@mapbutcher.com</a10:name></a10:contributor><georss:line>39.53853 -121.33054 39.54367 -121.31993 39.54869 -121.31767 39.54747 -121.3081 39.54755 -121.30273 39.54813 -121.29379 39.54912 -121.28785 39.55147 -121.28254 39.54213 -121.26978 39.54175 -121.2644 39.53503 -121.25887 39.53877 -121.25061 39.54297 -121.24236 39.5444 -121.23702 39.54496 -121.22927 39.54738 -121.21799 39.55069 -121.20793 39.55668 -121.20091 39.56227 -121.1903 39.56504 -121.18619 39.57423 -121.17744 39.58291 -121.17228 39.58708 -121.16581 39.59666 -121.16125 39.60082 -121.15538 39.60535 -121.15549 39.62007 -121.13969 39.62973 -121.12856 39.64121 -121.11807 39.64709 -121.1188 39.65531 -121.1142 39.6572 -121.10827 39.66453 -121.10246 39.67375 -121.09012 39.67434 -121.07937 39.68123 -121.07234 39.68723 -121.06411 39.69176 -121.06421 39.69909 -121.05839 39.70144 -121.05126 39.70506 -121.05254 39.7193 -121.03729 39.72393 -121.02962 39.72263 -121.0248 39.72366 -121.01406</georss:line></item><item><guid isPermaLink="false">01fe4b80-dfc0-4c46-a3e8-a2a019060893</guid><a10:author><a10:name>Simon Hope</a10:name></a10:author><title /><description /><pubDate>Tue, 01 May 2012 21:57:25 +1000</pubDate><a10:link href="http://www.mapbutcher.com/" /><a10:rights type="text">Copyright 2011</a10:rights><a10:content type="text"></a10:content><a10:contributor><a10:name>mapbutcher@mapbutcher.com</a10:name></a10:contributor><georss:line>39.53452 -122.18121 39.53919 -122.17481</georss:line></item><item><guid isPermaLink="false">ca655095-f975-4d86-b79a-a88691627b32</guid><a10:author><a10:name>Simon Hope</a10:name></a10:author><title /><description /><pubDate>Tue, 01 May 2012 21:57:25 +1000</pubDate><a10:link href="http://www.mapbutcher.com/" /><a10:rights type="text">Copyright 2011</a10:rights><a10:content type="text"></a10:content><a10:contributor><a10:name>mapbutcher@mapbutcher.com</a10:name></a10:contributor><georss:line>39.53452 -122.18121 39.55697 -122.19159 39.55938 -122.20601</georss:line></item><item><guid isPermaLink="false">cd8e99ca-d41d-4746-895e-eb1a4950d545</guid><a10:author><a10:name>Simon Hope</a10:name></a10:author><title /><description /><pubDate>Tue, 01 May 2012 21:57:25 +1000</pubDate><a10:link href="http://www.mapbutcher.com/" /><a10:rights type="text">Copyright 2011</a10:rights><a10:content type="text"></a10:content><a10:contributor><a10:name>mapbutcher@mapbutcher.com</a10:name></a10:contributor><georss:line>39.53575 -121.48319 39.53175 -121.47771</georss:line></item><item><guid isPermaLink="false">22291f3a-0107-42b9-8a5d-498c814901ed</guid><a10:author><a10:name>Simon Hope</a10:name></a10:author><title /><description /><pubDate>Tue, 01 May 2012 21:57:25 +1000</pubDate><a10:link href="http://www.mapbutcher.com/" /><a10:rights type="text">Copyright 2011</a10:rights><a10:content type="text"></a10:content><a10:contributor><a10:name>mapbutcher@mapbutcher.com</a10:name></a10:contributor><georss:line>39.53068 -121.48842 39.53253 -121.48608 39.53575 -121.48319</georss:line></item><item><guid isPermaLink="false">5fe57d0a-6d83-47e2-8f53-f1a9a49ed248</guid><a10:author><a10:name>Simon Hope</a10:name></a10:author><title /><description /><pubDate>Tue, 01 May 2012 21:57:25 +1000</pubDate><a10:link href="http://www.mapbutcher.com/" /><a10:rights type="text">Copyright 2011</a10:rights><a10:content type="text"></a10:content><a10:contributor><a10:name>mapbutcher@mapbutcher.com</a10:name></a10:contributor><georss:line>39.53194 -121.5505 39.52972 -121.54745</georss:line></item><item><guid isPermaLink="false">616a284d-95cb-474a-ba6b-0e56358bd113</guid><a10:author><a10:name>Simon Hope</a10:name></a10:author><title /><description /><pubDate>Tue, 01 May 2012 21:57:25 +1000</pubDate><a10:link href="http://www.mapbutcher.com/" /><a10:rights type="text">Copyright 2011</a10:rights><a10:content type="text"></a10:content><a10:contributor><a10:name>mapbutcher@mapbutcher.com</a10:name></a10:contributor><georss:line>39.52972 -121.54745 39.52795 -121.54502</georss:line></item><item><guid isPermaLink="false">08dc5058-1da1-4ac7-b18e-53772081ba9f</guid><a10:author><a10:name>Simon Hope</a10:name></a10:author><title /><description /><pubDate>Tue, 01 May 2012 21:57:25 +1000</pubDate><a10:link href="http://www.mapbutcher.com/" /><a10:rights type="text">Copyright 2011</a10:rights><a10:content type="text"></a10:content><a10:contributor><a10:name>mapbutcher@mapbutcher.com</a10:name></a10:contributor><georss:line>39.52364 -121.09396 39.52657 -121.07733 39.533 -121.07031 39.54027 -121.06927 39.54757 -121.06586 39.55436 -121.0666 39.56168 -121.06139 39.56755 -121.06271 39.57616 -121.0629 39.58662 -121.06074 39.59344 -121.05909 39.59934 -121.05862 39.6075 -121.0588 39.61302 -121.05235 39.61491 -121.04642 39.61721 -121.04348 39.61907 -121.03994 39.62275 -121.03524 39.62689 -121.03055 39.62877 -121.02522 39.63385 -121.01756 39.63805 -121.00809 39.64087 -120.99918 39.64415 -120.99088 39.64739 -120.98498 39.65203 -120.97552 39.65709 -120.97024 39.66168 -120.96495 39.66716 -120.96207 39.66906 -120.95374 39.67227 -120.95142 39.67679 -120.95211 39.67953 -120.95037 39.68413 -120.94508 39.69326 -120.93989 39.70556 -120.93415 39.72433 -120.91778 39.73902 -120.90251 39.74185 -120.8924 39.74918 -120.88596 39.75658 -120.87234</georss:line></item><item><guid isPermaLink="false">4287c693-d123-47dc-8264-0aa675c5824e</guid><a10:author><a10:name>Simon Hope</a10:name></a10:author><title /><description /><pubDate>Tue, 01 May 2012 21:57:25 +1000</pubDate><a10:link href="http://www.mapbutcher.com/" /><a10:rights type="text">Copyright 2011</a10:rights><a10:content type="text"></a10:content><a10:contributor><a10:name>mapbutcher@mapbutcher.com</a10:name></a10:contributor><georss:line>39.52098 -121.05276 39.53675 -121.06026 39.54504 -121.05089 39.55104 -121.04207 39.57191 -121.00312 39.5801 -121.00031 39.58121 -120.98421 39.59541 -120.97137 39.60553 -120.95903 39.61425 -120.95026 39.62562 -120.9469 39.63523 -120.93932 39.64081 -120.92689 39.64444 -120.92636 39.64992 -120.92348 39.65902 -120.92068 39.67091 -120.91075 39.67513 -120.89948 39.68017 -120.8942 39.68854 -120.87523 39.68821 -120.86446 39.69156 -120.84779 39.69617 -120.84071 39.70078 -120.83361 39.70129 -120.82884 39.7004 -120.82643 39.69916 -120.81505 39.69786 -120.80965</georss:line></item><item><guid isPermaLink="false">25b551ba-c66b-417a-9a28-1e0d1d137d55</guid><a10:author><a10:name>Simon Hope</a10:name></a10:author><title /><description /><pubDate>Tue, 01 May 2012 21:57:25 +1000</pubDate><a10:link href="http://www.mapbutcher.com/" /><a10:rights type="text">Copyright 2011</a10:rights><a10:content type="text"></a10:content><a10:contributor><a10:name>mapbutcher@mapbutcher.com</a10:name></a10:contributor><georss:line>39.51846 -120.44381 39.52998 -120.47736 39.53293 -120.50543 39.54773 -120.52532 39.55266 -120.53196 39.55304 -120.5415 39.56468 -120.55898 39.56863 -120.57455 39.5649 -120.58583 39.5635 -120.59119 39.56472 -120.60612 39.56689 -120.6169 39.56643 -120.61868</georss:line></item><item><guid isPermaLink="false">2a560a56-d627-4713-a3d6-29e710df2e53</guid><a10:author><a10:name>Simon Hope</a10:name></a10:author><title /><description /><pubDate>Tue, 01 May 2012 21:57:25 +1000</pubDate><a10:link href="http://www.mapbutcher.com/" /><a10:rights type="text">Copyright 2011</a10:rights><a10:content type="text"></a10:content><a10:contributor><a10:name>mapbutcher@mapbutcher.com</a10:name></a10:contributor><georss:line>39.52098 -121.05276 39.51712 -121.07175 39.51868 -121.09148 39.52364 -121.09396</georss:line></item><item><guid isPermaLink="false">77aea259-89c5-467d-a3f8-66b391b54cfc</guid><a10:author><a10:name>Simon Hope</a10:name></a10:author><title /><description /><pubDate>Tue, 01 May 2012 21:57:25 +1000</pubDate><a10:link href="http://www.mapbutcher.com/" /><a10:rights type="text">Copyright 2011</a10:rights><a10:content type="text"></a10:content><a10:contributor><a10:name>mapbutcher@mapbutcher.com</a10:name></a10:contributor><georss:line>39.56643 -120.61868 39.56594 -120.62226 39.56172 -120.6377 39.55937 -120.64662 39.55928 -120.65617 39.56236 -120.66755 39.56633 -120.67836 39.56482 -120.69385 39.56154 -120.70513 39.56278 -120.71709 39.56449 -120.72785 39.56713 -120.73566 39.56475 -120.74755 39.55792 -120.75042 39.55873 -120.75998 39.55273 -120.77121 39.55037 -120.78012 39.55028 -120.78847 39.55381 -120.79868 39.55504 -120.81063 39.55403 -120.82076 39.55656 -120.83811 39.55593 -120.85421 39.54771 -120.86062 39.54265 -120.86709 39.54029 -120.8754 39.54019 -120.88434 39.53869 -120.89684 39.53949 -120.90639 39.53716 -120.91172 39.53481 -120.91943 39.52882 -120.92766 39.52372 -120.9371 39.52228 -120.94482 39.52171 -120.95496 39.5149 -120.95541 39.5108 -120.95772 39.508 -120.96422 39.50659 -120.96837 39.50784 -120.97793 39.50864 -120.98631 39.51213 -120.9977 39.5129 -121.00964 39.50783 -121.01611 39.50319 -121.02495 39.51041 -121.02808 39.51489 -121.03235 39.51425 -121.04725 39.52098 -121.05276</georss:line></item><item><guid isPermaLink="false">8eeef9cb-516e-4db9-a224-b231ef8c26aa</guid><a10:author><a10:name>Simon Hope</a10:name></a10:author><title /><description /><pubDate>Tue, 01 May 2012 21:57:25 +1000</pubDate><a10:link href="http://www.mapbutcher.com/" /><a10:rights type="text">Copyright 2011</a10:rights><a10:content type="text"></a10:content><a10:contributor><a10:name>mapbutcher@mapbutcher.com</a10:name></a10:contributor><georss:line>39.47116 -120.10291 39.47569 -120.10294</georss:line></item><item><guid isPermaLink="false">3328bac1-9942-428b-92a0-cac9d1aa283f</guid><a10:author><a10:name>Simon Hope</a10:name></a10:author><title /><description /><pubDate>Tue, 01 May 2012 21:57:25 +1000</pubDate><a10:link href="http://www.mapbutcher.com/" /><a10:rights type="text">Copyright 2011</a10:rights><a10:content type="text"></a10:content><a10:contributor><a10:name>mapbutcher@mapbutcher.com</a10:name></a10:contributor><georss:line>39.52364 -121.09396 39.52857 -121.09825 39.52803 -121.1048 39.52481 -121.10831 39.5247 -121.11665 39.52047 -121.12849 39.51727 -121.13081 39.50278 -121.12928 39.49725 -121.13572 39.49133 -121.13797 39.4867 -121.14561 39.47852 -121.14722 39.4729 -121.1602 39.46975 -121.15894</georss:line></item><item><guid isPermaLink="false">3c93e08d-500b-4c4c-b5c1-9b22b2457c84</guid><a10:author><a10:name>Simon Hope</a10:name></a10:author><title /><description /><pubDate>Tue, 01 May 2012 21:57:25 +1000</pubDate><a10:link href="http://www.mapbutcher.com/" /><a10:rights type="text">Copyright 2011</a10:rights><a10:content type="text"></a10:content><a10:contributor><a10:name>mapbutcher@mapbutcher.com</a10:name></a10:contributor><georss:line>39.46118 -120.00259 39.462 -120.00157 39.46583 -119.99679 39.47738 -119.98646 39.48261 -119.99677 39.48936 -119.99939 39.49085 -119.99288 39.499 -119.99377 39.51029 -119.99595 39.51619 -119.99556 39.51981 -119.99628 39.52212 -119.99397 39.52484 -119.99406 39.5304 -119.98769 39.52876 -119.97928 39.5225 -119.95162 39.51633 -119.94247 39.50795 -119.93026 39.51103 -119.91187</georss:line></item><item><guid isPermaLink="false">cc1295eb-ef8f-405e-80d0-a53b6de44600</guid><a10:author><a10:name>Simon Hope</a10:name></a10:author><title /><description /><pubDate>Tue, 01 May 2012 21:57:25 +1000</pubDate><a10:link href="http://www.mapbutcher.com/" /><a10:rights type="text">Copyright 2011</a10:rights><a10:content type="text"></a10:content><a10:contributor><a10:name>mapbutcher@mapbutcher.com</a10:name></a10:contributor><georss:line>39.43816 -122.23306 39.4423 -122.23083 39.44738 -122.22625 39.45427 -122.22234 39.47287 -122.22184 39.48609 -122.21877 39.49883 -122.21686 39.50344 -122.21346 39.50986 -122.21011 39.51007 -122.20058 39.51112 -122.19405 39.51485 -122.18883 39.51809 -122.18597 39.52493 -122.18443 39.52946 -122.1846 39.53452 -122.18121</georss:line></item><item><guid isPermaLink="false">ebf1e01c-930d-45dd-a4ca-4427657f196e</guid><a10:author><a10:name>Simon Hope</a10:name></a10:author><title /><description /><pubDate>Tue, 01 May 2012 21:57:25 +1000</pubDate><a10:link href="http://www.mapbutcher.com/" /><a10:rights type="text">Copyright 2011</a10:rights><a10:content type="text"></a10:content><a10:contributor><a10:name>mapbutcher@mapbutcher.com</a10:name></a10:contributor><georss:line>39.43816 -122.23306 39.44125 -122.23734 39.44794 -122.24236 39.4518 -122.25204 39.4525 -122.2616 39.45053 -122.26868 39.45717 -122.27609 39.45827 -122.28746 39.45857 -122.29462 39.46031 -122.29768 39.46385 -122.30199 39.46227 -122.31146 39.47328 -122.32619 39.47721 -122.33291 39.47032 -122.33681 39.46656 -122.34263 39.4651 -122.34674 39.46588 -122.35214 39.46758 -122.35757 39.46837 -122.36237 39.47087 -122.37201 39.47528 -122.37755 39.47888 -122.37889 39.48196 -122.38258 39.48555 -122.38452 39.48779 -122.3858 39.4913 -122.39071 39.49303 -122.39436</georss:line></item><item><guid isPermaLink="false">dff32504-22e1-489a-aa9e-672f5e66ec71</guid><a10:author><a10:name>Simon Hope</a10:name></a10:author><title /><description /><pubDate>Tue, 01 May 2012 21:57:25 +1000</pubDate><a10:link href="http://www.mapbutcher.com/" /><a10:rights type="text">Copyright 2011</a10:rights><a10:content type="text"></a10:content><a10:contributor><a10:name>mapbutcher@mapbutcher.com</a10:name></a10:contributor><georss:line>39.42387 -120.48247 39.42884 -120.48373 39.43423 -120.48976 39.44194 -120.48987 39.44416 -120.49526 39.44956 -120.5001 39.45268 -120.50789 39.45576 -120.51866 39.45978 -120.52646 39.46426 -120.53308 39.47284 -120.53677</georss:line></item><item><guid isPermaLink="false">1b76818f-87ce-467e-b890-cc6503e3a171</guid><a10:author><a10:name>Simon Hope</a10:name></a10:author><title /><description /><pubDate>Tue, 01 May 2012 21:57:25 +1000</pubDate><a10:link href="http://www.mapbutcher.com/" /><a10:rights type="text">Copyright 2011</a10:rights><a10:content type="text"></a10:content><a10:contributor><a10:name>mapbutcher@mapbutcher.com</a10:name></a10:contributor><georss:line>39.42202 -122.52021 39.42965 -122.50504 39.43557 -122.50409 39.441 -122.50432 39.44727 -122.50755 39.454 -122.51082 39.45863 -122.50684 39.46368 -122.50407 39.46861 -122.50665 39.47533 -122.50992 39.48341 -122.51383 39.48615 -122.51275 39.4907 -122.51234 39.4966 -122.51199 39.49935 -122.51092 39.50612 -122.51239 39.51326 -122.51686</georss:line></item><item><guid isPermaLink="false">366c36cf-f2b0-40f9-8c4b-8c551668910a</guid><a10:author><a10:name>Simon Hope</a10:name></a10:author><title /><description /><pubDate>Tue, 01 May 2012 21:57:25 +1000</pubDate><a10:link href="http://www.mapbutcher.com/" /><a10:rights type="text">Copyright 2011</a10:rights><a10:content type="text"></a10:content><a10:contributor><a10:name>mapbutcher@mapbutcher.com</a10:name></a10:contributor><georss:line>39.42065 -120.54317 39.42198 -120.54736 39.42328 -120.55453 39.42459 -120.55931 39.42548 -120.5623 39.42772 -120.56472 39.43129 -120.57191 39.4353 -120.58031 39.43751 -120.5863 39.44146 -120.60126 39.45049 -120.60616 39.45494 -120.61457</georss:line></item><item><guid isPermaLink="false">9ec4cf0b-6c80-4a77-8c93-20ef40e93a6c</guid><a10:author><a10:name>Simon Hope</a10:name></a10:author><title /><description /><pubDate>Tue, 01 May 2012 21:57:25 +1000</pubDate><a10:link href="http://www.mapbutcher.com/" /><a10:rights type="text">Copyright 2011</a10:rights><a10:content type="text"></a10:content><a10:contributor><a10:name>mapbutcher@mapbutcher.com</a10:name></a10:contributor><georss:line>39.41948 -123.33945 39.42173 -123.34016 39.42573 -123.34276 39.43325 -123.34912 39.43549 -123.34984 39.44245 -123.34484 39.45665 -123.35514 39.46105 -123.35955 39.46072 -123.37026 39.46644 -123.37594 39.47087 -123.37916 39.47918 -123.38914 39.4879 -123.38603 39.50449 -123.3923 39.51342 -123.39696 39.5232 -123.40345 39.53252 -123.40992 39.53745 -123.41198 39.54596 -123.41543 39.55315 -123.41761 39.55596 -123.41478 39.5576 -123.40591 39.5709 -123.38692 39.57835 -123.38075 39.59154 -123.37967 39.59715 -123.38893 39.60711 -123.38947 39.61404 -123.38566 39.61165 -123.37477 39.61159 -123.36222 39.61454 -123.35461 39.62223 -123.34068</georss:line></item><item><guid isPermaLink="false">a0c8cfce-fdb6-40c3-871e-cfaec69de527</guid><a10:author><a10:name>Simon Hope</a10:name></a10:author><title /><description /><pubDate>Tue, 01 May 2012 21:57:25 +1000</pubDate><a10:link href="http://www.mapbutcher.com/" /><a10:rights type="text">Copyright 2011</a10:rights><a10:content type="text"></a10:content><a10:contributor><a10:name>mapbutcher@mapbutcher.com</a10:name></a10:contributor><georss:line>39.55996 -122.22095 39.55618 -122.22797 39.55307 -122.24577 39.55289 -122.25411 39.54736 -122.25808 39.53947 -122.26614 39.52987 -122.26994 39.52298 -122.27386 39.51928 -122.2767 39.51551 -122.28311 39.51494 -122.28846 39.51469 -122.29978 39.51519 -122.3177 39.51871 -122.32261 39.51856 -122.32916 39.52028 -122.3334 39.52156 -122.33704 39.52151 -122.33882 39.51777 -122.34405 39.51849 -122.35242 39.52105 -122.35909 39.52541 -122.36702 39.52891 -122.37253 39.53151 -122.378 39.53591 -122.38354 39.53995 -122.3855 39.54022 -122.39326 39.54287 -122.39635 39.54773 -122.40192 39.54522 -122.41257 39.54369 -122.41966 39.54451 -122.42328 39.54667 -122.42814 39.55114 -122.43071 39.55497 -122.4416 39.54345 -122.44949 39.54241 -122.45482 39.52865 -122.46142 39.51337 -122.45542 39.50243 -122.45795 39.4745 -122.44966 39.45416 -122.44704 39.43417 -122.44861 39.40892 -122.44222</georss:line></item><item><guid isPermaLink="false">9c3ed585-d767-4359-9e17-da64ebe233cc</guid><a10:author><a10:name>Simon Hope</a10:name></a10:author><title /><description /><pubDate>Tue, 01 May 2012 21:57:25 +1000</pubDate><a10:link href="http://www.mapbutcher.com/" /><a10:rights type="text">Copyright 2011</a10:rights><a10:content type="text"></a10:content><a10:contributor><a10:name>mapbutcher@mapbutcher.com</a10:name></a10:contributor><georss:line>39.40925 -122.95995 39.40566 -122.95858</georss:line></item><item><guid isPermaLink="false">4f68178d-0cd4-4dc6-a12e-8e2af52fcc09</guid><a10:author><a10:name>Simon Hope</a10:name></a10:author><title /><description /><pubDate>Tue, 01 May 2012 21:57:25 +1000</pubDate><a10:link href="http://www.mapbutcher.com/" /><a10:rights type="text">Copyright 2011</a10:rights><a10:content type="text"></a10:content><a10:contributor><a10:name>mapbutcher@mapbutcher.com</a10:name></a10:contributor><georss:line>39.40411 -123.42503 39.42399 -123.4422 39.4261 -123.44709 39.42674 -123.46977 39.42703 -123.47515 39.42818 -123.48177 39.4271 -123.48708 39.4251 -123.49293 39.42178 -123.49751 39.41422 -123.50663 39.41811 -123.54082 39.41734 -123.5509 39.41759 -123.55688 39.41567 -123.56035 39.41445 -123.56982 39.42296 -123.57327 39.42229 -123.5798 39.42802 -123.58488 39.43072 -123.58563 39.42752 -123.60036 39.4223 -123.60722 39.42081 -123.6113 39.41966 -123.61839 39.42403 -123.62341 39.42415 -123.63354 39.42624 -123.63903 39.43006 -123.647 39.43153 -123.65722 39.43596 -123.66045 39.43986 -123.66605 39.43978 -123.66843 39.44013 -123.67142 39.43637 -123.67538 39.44029 -123.68037 39.43928 -123.6833 39.43772 -123.68917 39.43902 -123.69104 39.44081 -123.69173 39.44117 -123.69474 39.43743 -123.6981 39.43177 -123.70433 39.42978 -123.70958 39.43052 -123.71439 39.43363 -123.71636 39.43627 -123.7189 39.43668 -123.72012 39.43288 -123.72526 39.42934 -123.72266 39.42715 -123.72015 39.4224 -123.72643 39.4249 -123.73314 39.4248 -123.73611 39.42511 -123.7403 39.43133 -123.74425 39.4317 -123.74665 39.43148 -123.7532 39.43675 -123.75829 39.43897 -123.75961 39.44066 -123.76328 39.43632 -123.77078 39.43137 -123.783 39.43005 -123.79485 39.42818 -123.79653 39.42396 -123.80045 39.42338 -123.80399 39.42645 -123.80716 39.42667 -123.80962 39.42678 -123.81075</georss:line></item><item><guid isPermaLink="false">fbec323d-1b0b-4fe3-b98e-69e381714b68</guid><a10:author><a10:name>Simon Hope</a10:name></a10:author><title /><description /><pubDate>Tue, 01 May 2012 21:57:25 +1000</pubDate><a10:link href="http://www.mapbutcher.com/" /><a10:rights type="text">Copyright 2011</a10:rights><a10:content type="text"></a10:content><a10:contributor><a10:name>mapbutcher@mapbutcher.com</a10:name></a10:contributor><georss:line>39.40566 -122.95858 39.3994 -122.95531</georss:line></item><item><guid isPermaLink="false">5f5011e7-5b9f-40b0-b288-cf5845fa65cd</guid><a10:author><a10:name>Simon Hope</a10:name></a10:author><title /><description /><pubDate>Tue, 01 May 2012 21:57:25 +1000</pubDate><a10:link href="http://www.mapbutcher.com/" /><a10:rights type="text">Copyright 2011</a10:rights><a10:content type="text"></a10:content><a10:contributor><a10:name>mapbutcher@mapbutcher.com</a10:name></a10:contributor><georss:line>39.60899 -122.97072 39.60006 -122.96551 39.59361 -122.95266 39.58678 -122.92068 39.58065 -122.91262 39.56821 -122.90308 39.56188 -122.90218 39.55991 -122.89134 39.55515 -122.88276 39.55074 -122.86107 39.53669 -122.86101 39.5274 -122.85221 39.52374 -122.85324 39.51478 -122.84924 39.50939 -122.8472 39.50341 -122.8505 39.49831 -122.85445 39.49416 -122.85723 39.48741 -122.85513 39.47938 -122.84998 39.47073 -122.83408 39.46748 -122.83691 39.4636 -122.84628 39.46655 -122.85476 39.46552 -122.85948 39.46408 -122.8624 39.45908 -122.86276 39.45542 -122.86378 39.44847 -122.86942 39.43644 -122.86111 39.42981 -122.85484 39.42243 -122.85927 39.42002 -122.86452 39.40948 -122.8688 39.40567 -122.87517 39.4001 -122.88027 39.39411 -122.88357 39.39254 -122.89124 39.39666 -122.90632 39.40241 -122.91196</georss:line></item><item><guid isPermaLink="false">56bb07aa-da8d-4096-9825-e1c1b111b2e4</guid><a10:author><a10:name>Simon Hope</a10:name></a10:author><title /><description /><pubDate>Tue, 01 May 2012 21:57:25 +1000</pubDate><a10:link href="http://www.mapbutcher.com/" /><a10:rights type="text">Copyright 2011</a10:rights><a10:content type="text"></a10:content><a10:contributor><a10:name>mapbutcher@mapbutcher.com</a10:name></a10:contributor><georss:line>39.38913 -120.09924 39.39187 -120.09332</georss:line></item><item><guid isPermaLink="false">ba78211f-846e-403a-9b4d-6d689c4e6c82</guid><a10:author><a10:name>Simon Hope</a10:name></a10:author><title /><description /><pubDate>Tue, 01 May 2012 21:57:25 +1000</pubDate><a10:link href="http://www.mapbutcher.com/" /><a10:rights type="text">Copyright 2011</a10:rights><a10:content type="text"></a10:content><a10:contributor><a10:name>mapbutcher@mapbutcher.com</a10:name></a10:contributor><georss:line>39.37714 -120.13961 39.38078 -120.13726</georss:line></item><item><guid isPermaLink="false">691be079-8935-4609-b42e-3d302c4423c6</guid><a10:author><a10:name>Simon Hope</a10:name></a10:author><title /><description /><pubDate>Tue, 01 May 2012 21:57:25 +1000</pubDate><a10:link href="http://www.mapbutcher.com/" /><a10:rights type="text">Copyright 2011</a10:rights><a10:content type="text"></a10:content><a10:contributor><a10:name>mapbutcher@mapbutcher.com</a10:name></a10:contributor><georss:line>39.40566 -122.95858 39.40454 -122.96628 39.4079 -122.97597 39.40731 -122.98071 39.40487 -122.98714 39.407 -122.99201 39.40372 -122.99542 39.40589 -122.99911 39.40992 -123.00108 39.41463 -123.01085 39.41401 -123.01678 39.40979 -123.02193 39.39828 -123.02793 39.39115 -123.03949 39.38425 -123.04273 39.37959 -123.04726 39.37331 -123.06065 39.37062 -123.07541 39.37944 -123.08418 39.38063 -123.0902 39.3818 -123.09681 39.38351 -123.11595 39.39712 -123.11604 39.40067 -123.1186 39.40413 -123.12473 39.40726 -123.12608 39.41399 -123.1288 39.41733 -123.1385 39.42443 -123.14362 39.43304 -123.14406 39.44386 -123.14639 39.45062 -123.14793 39.46931 -123.16021 39.47276 -123.15084 39.47635 -123.15221 39.48073 -123.15781 39.48658 -123.15929 39.49076 -123.17143 39.49059 -123.17739 39.49239 -123.19299 39.49295 -123.20495 39.49089 -123.2132 39.4935 -123.21691 39.49895 -123.21659 39.50465 -123.20794 39.50827 -123.20812 39.51362 -123.21138 39.51355 -123.21377 39.51036 -123.2142 39.50663 -123.21759 39.50743 -123.22121 39.51688 -123.22408 39.52116 -123.21714 39.52423 -123.22088 39.52853 -123.22886 39.52826 -123.2378 39.53359 -123.24165 39.53294 -123.24819 39.52981 -123.26175 39.5332 -123.26969 39.54601 -123.28111 39.56292 -123.29214 39.57109 -123.29198 39.57712 -123.28751 39.5833 -123.29321 39.58951 -123.29772 39.59564 -123.30521 39.60017 -123.30545 39.61806 -123.31357 39.62207 -123.33111 39.62223 -123.34068</georss:line></item><item><guid isPermaLink="false">73270c19-988c-4a38-9200-1f2981345265</guid><a10:author><a10:name>Simon Hope</a10:name></a10:author><title /><description /><pubDate>Tue, 01 May 2012 21:57:25 +1000</pubDate><a10:link href="http://www.mapbutcher.com/" /><a10:rights type="text">Copyright 2011</a10:rights><a10:content type="text"></a10:content><a10:contributor><a10:name>mapbutcher@mapbutcher.com</a10:name></a10:contributor><georss:line>39.37612 -122.65286 39.37658 -122.65228 39.37542 -122.64449 39.37109 -122.63657 39.37453 -122.626 39.37144 -122.62229 39.37218 -122.61102 39.37046 -122.60737 39.37037 -122.59248 39.37632 -122.57189 39.38075 -122.55779 39.38326 -122.54777 39.38792 -122.54261 39.39434 -122.5399 39.40341 -122.53969 39.41201 -122.54064 39.41481 -122.53719 39.41856 -122.53198 39.42202 -122.52021</georss:line></item><item><guid isPermaLink="false">cfccc8bd-decb-42a2-a635-f66196be5dab</guid><a10:author><a10:name>Simon Hope</a10:name></a10:author><title /><description /><pubDate>Tue, 01 May 2012 21:57:25 +1000</pubDate><a10:link href="http://www.mapbutcher.com/" /><a10:rights type="text">Copyright 2011</a10:rights><a10:content type="text"></a10:content><a10:contributor><a10:name>mapbutcher@mapbutcher.com</a10:name></a10:contributor><georss:line>39.36263 -121.8927 39.366 -121.8821 39.37248 -121.87516 39.38796 -121.8721 39.39808 -121.86469 39.40724 -121.85963 39.41593 -121.85574 39.42366 -121.85421 39.431 -121.84969 39.44363 -121.85367 39.451 -121.84735 39.45965 -121.84525 39.46966 -121.84379 39.48239 -121.84181 39.49478 -121.83386 39.5016 -121.83289 39.51265 -121.8243 39.52057 -121.81263 39.52751 -121.80509 39.54266 -121.79484 39.55503 -121.78807 39.56837 -121.77776 39.57621 -121.77024 39.58651 -121.75206 39.58986 -121.74261 39.59639 -121.73266 39.60191 -121.72805 39.60835 -121.72287 39.61656 -121.72014 39.63132 -121.70566 39.6342 -121.69678 39.63033 -121.68472 39.63049 -121.67577 39.63519 -121.66635 39.64432 -121.66244 39.66154 -121.66296 39.67979 -121.65693 39.68988 -121.65005 39.70813 -121.64342 39.71459 -121.63704</georss:line></item><item><guid isPermaLink="false">e58dc622-34ea-4745-93e4-c857abe70e5e</guid><a10:author><a10:name>Simon Hope</a10:name></a10:author><title /><description /><pubDate>Tue, 01 May 2012 21:57:25 +1000</pubDate><a10:link href="http://www.mapbutcher.com/" /><a10:rights type="text">Copyright 2011</a10:rights><a10:content type="text"></a10:content><a10:contributor><a10:name>mapbutcher@mapbutcher.com</a10:name></a10:contributor><georss:line>39.36263 -121.8927 39.36955 -121.88638 39.38133 -121.88676 39.3899 -121.88884 39.40177 -121.88506 39.40953 -121.88234 39.42049 -121.87793 39.43053 -121.87469 39.44006 -121.8744 39.45415 -121.87248 39.46412 -121.87281 39.48363 -121.87225 39.49132 -121.87311 39.4994 -121.87754 39.50575 -121.87775 39.51254 -121.87798 39.52049 -121.86512 39.5251 -121.86109 39.53338 -121.8548 39.54121 -121.84849 39.54859 -121.84218 39.55689 -121.83469 39.56435 -121.82359 39.57362 -121.81254 39.58061 -121.80262 39.58895 -121.79273 39.59494 -121.78755 39.60408 -121.78366 39.61142 -121.77911 39.62058 -121.77402 39.62875 -121.77369 39.64799 -121.78744 39.65522 -121.78886 39.66528 -121.7844 39.67308 -121.77927 39.67858 -121.77646 39.68579 -121.77908 39.69484 -121.77996 39.70079 -121.77715 39.70371 -121.76588 39.70709 -121.75463 39.70905 -121.74632 39.71056 -121.73799 39.71446 -121.72256 39.72657 -121.70438 39.73664 -121.69931 39.74226 -121.68871 39.7492 -121.68114 39.7538 -121.67709 39.76017 -121.67609 39.76886 -121.67156 39.77669 -121.66462 39.78541 -121.65889 39.79757 -121.66345 39.81184 -121.6513 39.82233 -121.64742 39.83912 -121.64673 39.85431 -121.63339 39.87699 -121.63287 39.88248 -121.63063 39.88704 -121.62897 39.89433 -121.62679 39.90119 -121.6234 39.9099 -121.61765 39.91952 -121.61194 39.92831 -121.60201 39.93284 -121.60213 39.94014 -121.59935 39.94841 -121.59299 39.95657 -121.59323 39.96698 -121.59473 39.97293 -121.5913 39.98158 -121.58916 39.98612 -121.58868 39.99463 -121.59494 40.00066 -121.58731 40.0089 -121.58214 40.01926 -121.58665 40.02838 -121.58391 40.03529 -121.5775 40.04208 -121.57829 40.05068 -121.57915 40.0593 -121.5788 40.06386 -121.57713 40.06661 -121.5754 40.07126 -121.56832 40.07508 -121.55701 40.07657 -121.54865 40.08078 -121.54095 40.08821 -121.53033 40.0933 -121.52387 40.09707 -121.51496 40.09811 -121.50657 40.09867 -121.49997 40.10378 -121.49229 40.10842 -121.48581 40.10899 -121.478 40.10501 -121.47189 40.10323 -121.46943 40.10234 -121.46821 40.10196 -121.46398 40.10164 -121.45496 40.10004 -121.44109 40.09648 -121.43678 40.09427 -121.43311 40.0925 -121.43066 40.08582 -121.42266 40.08371 -121.41179 40.06161 -121.40399</georss:line></item><item><guid isPermaLink="false">7222040e-05e7-42f9-9d1f-b863c61f0619</guid><a10:author><a10:name>Simon Hope</a10:name></a10:author><title /><description /><pubDate>Tue, 01 May 2012 21:57:25 +1000</pubDate><a10:link href="http://www.mapbutcher.com/" /><a10:rights type="text">Copyright 2011</a10:rights><a10:content type="text"></a10:content><a10:contributor><a10:name>mapbutcher@mapbutcher.com</a10:name></a10:contributor><georss:line>39.36246 -121.31062 39.36266 -121.29694 39.36684 -121.28989 39.36829 -121.28339 39.37748 -121.27467 39.38211 -121.26765 39.38308 -121.2635 39.3863 -121.2606 39.3877 -121.25767 39.3954 -121.25785 39.39947 -121.25854 39.4059 -121.25275 39.41049 -121.24869 39.41817 -121.25066 39.42491 -121.25499 39.43075 -121.25871 39.43429 -121.26476 39.43875 -121.27023 39.44459 -121.27395 39.45044 -121.27707 39.4554 -121.27898 39.46226 -121.27498 39.4664 -121.2709 39.47011 -121.26444 39.47333 -121.26154 39.47937 -121.25095 39.48038 -121.24383 39.47822 -121.23602 39.47872 -121.23245 39.49121 -121.21427</georss:line></item><item><guid isPermaLink="false">cfac63f5-955f-4a57-a2dd-90a1ab9bdde9</guid><a10:author><a10:name>Simon Hope</a10:name></a10:author><title /><description /><pubDate>Tue, 01 May 2012 21:57:25 +1000</pubDate><a10:link href="http://www.mapbutcher.com/" /><a10:rights type="text">Copyright 2011</a10:rights><a10:content type="text"></a10:content><a10:contributor><a10:name>mapbutcher@mapbutcher.com</a10:name></a10:contributor><georss:line>39.51028 -120.55818 39.51253 -120.5606 39.51431 -120.5642 39.51654 -120.5696 39.51876 -120.57441 39.52098 -120.57981 39.51922 -120.6251 39.51963 -120.63048 39.52322 -120.63411 39.52272 -120.63889 39.52265 -120.64723 39.52305 -120.6526 39.52209 -120.65855 39.52158 -120.66451 39.51834 -120.67162 39.51419 -120.6793 39.50084 -120.70055 39.49534 -120.70641 39.48801 -120.71404 39.48304 -120.71336 39.47984 -120.71569 39.47616 -120.72099 39.47433 -120.72275 39.46974 -120.72803 39.46825 -120.74112 39.46189 -120.7428 39.46004 -120.74575 39.45726 -120.75225 39.45446 -120.76055 39.45073 -120.77061 39.44788 -120.78367 39.44189 -120.7925 39.44001 -120.79961 39.43906 -120.80317 39.43716 -120.81207 39.43801 -120.81744 39.43519 -120.82633 39.43466 -120.83347 39.43914 -120.83832 39.43592 -120.84302 39.43489 -120.85432 39.43253 -120.86322 39.42879 -120.87328 39.42914 -120.88281 39.42349 -120.90176 39.42611 -120.90955 39.42152 -120.91483 39.42095 -120.92554 39.41863 -120.92966 39.41668 -120.94153 39.42071 -120.94637 39.41656 -120.95165 39.41558 -120.95878 39.41903 -120.97374 39.41625 -120.97845 39.41119 -120.98489 39.41159 -120.98966 39.41241 -120.99623 39.40641 -121.00563 39.40539 -121.01514 39.40049 -121.00789 39.3977 -121.01319 39.39491 -121.01968 39.39079 -121.02258 39.39166 -121.02557 39.39525 -121.02862 39.39613 -121.03102 39.39563 -121.03399 39.39061 -121.03745 39.38966 -121.04041 39.39007 -121.04399 39.39186 -121.04581 39.39412 -121.04646 39.39546 -121.04827 39.39585 -121.05305 39.39488 -121.05839 39.3921 -121.06309 39.39382 -121.07087 39.3946 -121.08101 39.39274 -121.08454 39.38909 -121.08624 39.38815 -121.0892 39.38762 -121.09454 39.38349 -121.09863 39.38163 -121.10275 39.37978 -121.10568 39.37904 -121.12709 39.37497 -121.127 39.36989 -121.13343 39.36668 -121.13634 39.36167 -121.13801</georss:line></item><item><guid isPermaLink="false">0bb9ebca-4d2d-438c-925f-c44e0c26f96b</guid><a10:author><a10:name>Simon Hope</a10:name></a10:author><title /><description /><pubDate>Tue, 01 May 2012 21:57:25 +1000</pubDate><a10:link href="http://www.mapbutcher.com/" /><a10:rights type="text">Copyright 2011</a10:rights><a10:content type="text"></a10:content><a10:contributor><a10:name>mapbutcher@mapbutcher.com</a10:name></a10:contributor><georss:line>39.39154 -121.14166 39.38835 -121.14337 39.38205 -121.13966 39.3798 -121.13902 39.37798 -121.13957 39.37566 -121.14309 39.37428 -121.14425 39.3711 -121.14537 39.36665 -121.13872 39.36167 -121.13801</georss:line></item><item><guid isPermaLink="false">d59996c5-e517-4004-b174-c3136a0453ea</guid><a10:author><a10:name>Simon Hope</a10:name></a10:author><title /><description /><pubDate>Tue, 01 May 2012 21:57:25 +1000</pubDate><a10:link href="http://www.mapbutcher.com/" /><a10:rights type="text">Copyright 2011</a10:rights><a10:content type="text"></a10:content><a10:contributor><a10:name>mapbutcher@mapbutcher.com</a10:name></a10:contributor><georss:line>39.36139 -123.41319 39.36729 -123.39861 39.36528 -123.37588 39.36599 -123.36758 39.36985 -123.36004 39.38141 -123.35291 39.38871 -123.35152 39.41406 -123.33856 39.41948 -123.33945</georss:line></item><item><guid isPermaLink="false">1fa2e417-cff7-4fe8-b87c-a5ed8d7f3602</guid><a10:author><a10:name>Simon Hope</a10:name></a10:author><title /><description /><pubDate>Tue, 01 May 2012 21:57:25 +1000</pubDate><a10:link href="http://www.mapbutcher.com/" /><a10:rights type="text">Copyright 2011</a10:rights><a10:content type="text"></a10:content><a10:contributor><a10:name>mapbutcher@mapbutcher.com</a10:name></a10:contributor><georss:line>39.36136 -122.51589 39.36353 -122.52015 39.37849 -122.52018 39.39257 -122.51958 39.39921 -122.52581 39.41011 -122.52507 39.41291 -122.52221 39.42202 -122.52021</georss:line></item><item><guid isPermaLink="false">2e33d9dd-a044-464a-b254-e0948226e39e</guid><a10:author><a10:name>Simon Hope</a10:name></a10:author><title /><description /><pubDate>Tue, 01 May 2012 21:57:25 +1000</pubDate><a10:link href="http://www.mapbutcher.com/" /><a10:rights type="text">Copyright 2011</a10:rights><a10:content type="text"></a10:content><a10:contributor><a10:name>mapbutcher@mapbutcher.com</a10:name></a10:contributor><georss:line>39.44688 -120.65317 39.44361 -120.66444 39.43679 -120.66611 39.43356 -120.67262 39.43029 -120.68209 39.41756 -120.68605 39.40488 -120.68525 39.39895 -120.68873 39.39576 -120.69106 39.38845 -120.69629 39.38298 -120.69977 39.37887 -120.70268 39.37522 -120.705 39.37339 -120.70676 39.37154 -120.71089 39.36832 -120.7156 39.36827 -120.72036 39.37003 -120.72635 39.37087 -120.73351 39.3708 -120.74064 39.36801 -120.74714 39.36344 -120.75063 39.3616 -120.75417 39.36113 -120.75476</georss:line></item><item><guid isPermaLink="false">7c19aa28-bd88-46d5-bee4-67ced1564857</guid><a10:author><a10:name>Simon Hope</a10:name></a10:author><title /><description /><pubDate>Tue, 01 May 2012 21:57:25 +1000</pubDate><a10:link href="http://www.mapbutcher.com/" /><a10:rights type="text">Copyright 2011</a10:rights><a10:content type="text"></a10:content><a10:contributor><a10:name>mapbutcher@mapbutcher.com</a10:name></a10:contributor><georss:line>39.3606 -122.08548 39.42778 -122.08192 39.43374 -122.07857 39.4395 -122.08533 39.4535 -122.0882 39.46352 -122.08618 39.46972 -122.09296 39.47744 -122.09264 39.48636 -122.09953 39.48713 -122.10611 39.48699 -122.11266 39.49505 -122.11772 39.50165 -122.12751 39.5051 -122.13598 39.50754 -122.14919 39.51368 -122.15896 39.51946 -122.16454 39.52441 -122.16592 39.5266 -122.16958 39.52919 -122.17564 39.53452 -122.18121</georss:line></item><item><guid isPermaLink="false">f820939f-8cab-4ce3-956c-2a19262632cb</guid><a10:author><a10:name>Simon Hope</a10:name></a10:author><title /><description /><pubDate>Tue, 01 May 2012 21:57:25 +1000</pubDate><a10:link href="http://www.mapbutcher.com/" /><a10:rights type="text">Copyright 2011</a10:rights><a10:content type="text"></a10:content><a10:contributor><a10:name>mapbutcher@mapbutcher.com</a10:name></a10:contributor><georss:line>39.3606 -122.08548 39.34064 -122.08537</georss:line></item><item><guid isPermaLink="false">00a238b9-2125-4576-880f-3550cf083ae9</guid><a10:author><a10:name>Simon Hope</a10:name></a10:author><title /><description /><pubDate>Tue, 01 May 2012 21:57:25 +1000</pubDate><a10:link href="http://www.mapbutcher.com/" /><a10:rights type="text">Copyright 2011</a10:rights><a10:content type="text"></a10:content><a10:contributor><a10:name>mapbutcher@mapbutcher.com</a10:name></a10:contributor><georss:line>39.34064 -122.08537 39.34132 -122.09669 39.34219 -122.09851 39.34856 -122.09695 39.35033 -122.0994 39.35072 -122.10239 39.36624 -122.11902 39.36689 -122.13155 39.37259 -122.14068 39.39069 -122.14253 39.39603 -122.14749 39.39903 -122.15534 39.40045 -122.17386 39.40263 -122.17811 39.40709 -122.18125 39.41569 -122.18217 39.41788 -122.18582 39.41951 -122.19422 39.42107 -122.20619 39.42498 -122.21408 39.42657 -122.22427 39.43816 -122.23306</georss:line></item><item><guid isPermaLink="false">46135268-9ef5-4d3f-bb47-8706615e4b42</guid><a10:author><a10:name>Simon Hope</a10:name></a10:author><title /><description /><pubDate>Tue, 01 May 2012 21:57:25 +1000</pubDate><a10:link href="http://www.mapbutcher.com/" /><a10:rights type="text">Copyright 2011</a10:rights><a10:content type="text"></a10:content><a10:contributor><a10:name>mapbutcher@mapbutcher.com</a10:name></a10:contributor><georss:line>39.32707 -122.23302 39.33292 -122.23503 39.33544 -122.24405 39.33852 -122.24834 39.34394 -122.24914 39.34848 -122.24931 39.35347 -122.2489 39.36392 -122.24811 39.37205 -122.2496 39.3775 -122.24921 39.38159 -122.24878 39.38746 -122.25019 39.39199 -122.25037 39.39606 -122.25052 39.40331 -122.25079 39.40646 -122.25211 39.4101 -122.25165 39.41193 -122.25053 39.41884 -122.24603 39.42526 -122.24269 39.42943 -122.23868 39.43128 -122.23696 39.43816 -122.23306</georss:line></item><item><guid isPermaLink="false">6ba2cbb1-28d1-493c-9a0a-17b33f889158</guid><a10:author><a10:name>Simon Hope</a10:name></a10:author><title /><description /><pubDate>Tue, 01 May 2012 21:57:25 +1000</pubDate><a10:link href="http://www.mapbutcher.com/" /><a10:rights type="text">Copyright 2011</a10:rights><a10:content type="text"></a10:content><a10:contributor><a10:name>mapbutcher@mapbutcher.com</a10:name></a10:contributor><georss:line>39.32707 -122.23302 39.3206 -122.25896 39.32544 -122.26569 39.32264 -122.26915 39.32161 -122.27505 39.32591 -122.28534 39.32801 -122.29256 39.33063 -122.29742 39.33173 -122.30877 39.33625 -122.30954 39.3375 -122.31435 39.3401 -122.3198 39.34496 -122.32535 39.34343 -122.33302 39.34745 -122.33556 39.35285 -122.33756 39.35868 -122.34017 39.36357 -122.34453 39.37025 -122.35015 39.37471 -122.3533 39.37556 -122.35572 39.3796 -122.35766 39.38535 -122.36385</georss:line></item><item><guid isPermaLink="false">a9ad5ce7-b0dd-44f8-b0a7-4b1bd0b5da41</guid><a10:author><a10:name>Simon Hope</a10:name></a10:author><title /><description /><pubDate>Tue, 01 May 2012 21:57:25 +1000</pubDate><a10:link href="http://www.mapbutcher.com/" /><a10:rights type="text">Copyright 2011</a10:rights><a10:content type="text"></a10:content><a10:contributor><a10:name>mapbutcher@mapbutcher.com</a10:name></a10:contributor><georss:line>39.31398 -121.30822 39.31543 -121.30231</georss:line></item><item><guid isPermaLink="false">2500e9e1-3897-4cf3-b505-73acacb1ba5d</guid><a10:author><a10:name>Simon Hope</a10:name></a10:author><title /><description /><pubDate>Tue, 01 May 2012 21:57:25 +1000</pubDate><a10:link href="http://www.mapbutcher.com/" /><a10:rights type="text">Copyright 2011</a10:rights><a10:content type="text"></a10:content><a10:contributor><a10:name>mapbutcher@mapbutcher.com</a10:name></a10:contributor><georss:line>39.31254 -121.31413 39.31398 -121.30822</georss:line></item><item><guid isPermaLink="false">d80bcc53-8180-4fc5-8d0e-6cf10c21b8e4</guid><a10:author><a10:name>Simon Hope</a10:name></a10:author><title /><description /><pubDate>Tue, 01 May 2012 21:57:25 +1000</pubDate><a10:link href="http://www.mapbutcher.com/" /><a10:rights type="text">Copyright 2011</a10:rights><a10:content type="text"></a10:content><a10:contributor><a10:name>mapbutcher@mapbutcher.com</a10:name></a10:contributor><georss:line>39.31114 -121.57816 39.31127 -121.57042 39.31136 -121.56507 39.31279 -121.56036 39.31375 -121.5574 39.31614 -121.54974 39.3204 -121.53915 39.32151 -121.5267 39.32843 -121.51916 39.33091 -121.50555 39.33739 -121.49739 39.34156 -121.49216 39.34343 -121.48864 39.35249 -121.48888 39.35931 -121.48729 39.36751 -121.48513 39.37437 -121.48115 39.38225 -121.47065 39.39226 -121.46854 39.39463 -121.46206 39.40287 -121.45692 39.41799 -121.44661 39.42216 -121.44077 39.42763 -121.43913 39.4322 -121.43627 39.43809 -121.43702 39.44394 -121.44016 39.45159 -121.44334 39.45934 -121.44057 39.46974 -121.44205 39.47566 -121.44041 39.47803 -121.43392 39.48175 -121.42805 39.48768 -121.42583 39.49633 -121.42308 39.5005 -121.41782 39.50326 -121.41492</georss:line></item><item><guid isPermaLink="false">f5f945d0-4f72-4a97-946c-9007491ed07b</guid><a10:author><a10:name>Simon Hope</a10:name></a10:author><title /><description /><pubDate>Tue, 01 May 2012 21:57:25 +1000</pubDate><a10:link href="http://www.mapbutcher.com/" /><a10:rights type="text">Copyright 2011</a10:rights><a10:content type="text"></a10:content><a10:contributor><a10:name>mapbutcher@mapbutcher.com</a10:name></a10:contributor><georss:line>39.31114 -121.57816 39.3068 -121.56613 39.30742 -121.55663 39.31259 -121.54488 39.31453 -121.53721 39.31784 -121.52897 39.31935 -121.5201 39.31723 -121.51111 39.31784 -121.50101 39.31612 -121.49503 39.31847 -121.49033 39.32259 -121.48747 39.33001 -121.47697 39.33322 -121.47467 39.3329 -121.46634 39.33261 -121.45621 39.33273 -121.44789 39.33232 -121.4455 39.33375 -121.44077 39.33613 -121.4337 39.33971 -121.40703 39.34746 -121.40425 39.3521 -121.39724 39.35772 -121.38608 39.36229 -121.38322 39.36423 -121.37494 39.36792 -121.37086 39.37426 -121.37103 39.3784 -121.36697 39.3889 -121.36189 39.3971 -121.35971 39.40118 -121.35982 39.40524 -121.36111 39.41723 -121.34772 39.42097 -121.34007 39.42419 -121.33659 39.42741 -121.33309 39.42918 -121.33611 39.43408 -121.34219 39.44355 -121.34602 39.4531 -121.34387 39.45406 -121.34032</georss:line></item><item><guid isPermaLink="false">88e0d0c7-0559-444c-a63d-9a94d685fd38</guid><a10:author><a10:name>Simon Hope</a10:name></a10:author><title /><description /><pubDate>Tue, 01 May 2012 21:57:25 +1000</pubDate><a10:link href="http://www.mapbutcher.com/" /><a10:rights type="text">Copyright 2011</a10:rights><a10:content type="text"></a10:content><a10:contributor><a10:name>mapbutcher@mapbutcher.com</a10:name></a10:contributor><georss:line>39.30006 -123.78833 39.30108 -123.79496 39.30117 -123.79554</georss:line></item><item><guid isPermaLink="false">b68c1c75-ce36-42b6-9f70-790fe035bf13</guid><a10:author><a10:name>Simon Hope</a10:name></a10:author><title /><description /><pubDate>Tue, 01 May 2012 21:57:25 +1000</pubDate><a10:link href="http://www.mapbutcher.com/" /><a10:rights type="text">Copyright 2011</a10:rights><a10:content type="text"></a10:content><a10:contributor><a10:name>mapbutcher@mapbutcher.com</a10:name></a10:contributor><georss:line>39.29938 -122.17132 39.30814 -122.18591 39.33263 -122.18564 39.33248 -122.19277 39.33232 -122.19991 39.33175 -122.20524 39.33526 -122.21072 39.3292 -122.21823 39.32707 -122.23302</georss:line></item><item><guid isPermaLink="false">af48d653-85a3-4f2d-b377-9cd72b1c43a1</guid><a10:author><a10:name>Simon Hope</a10:name></a10:author><title /><description /><pubDate>Tue, 01 May 2012 21:57:25 +1000</pubDate><a10:link href="http://www.mapbutcher.com/" /><a10:rights type="text">Copyright 2011</a10:rights><a10:content type="text"></a10:content><a10:contributor><a10:name>mapbutcher@mapbutcher.com</a10:name></a10:contributor><georss:line>39.36167 -121.13801 39.35751 -121.14446 39.35342 -121.14497 39.35072 -121.14371 39.34934 -121.14487 39.34977 -121.14726 39.34969 -121.15321 39.34784 -121.15555 39.34284 -121.15662 39.33467 -121.15762 39.33282 -121.15997 39.33368 -121.16355 39.33683 -121.16541 39.33861 -121.16783 39.33902 -121.17141 39.33892 -121.17854 39.33797 -121.18209 39.33067 -121.1849 39.3297 -121.19022 39.32914 -121.19794 39.32143 -121.19777 39.31819 -121.20304 39.31182 -121.20468 39.30238 -121.1991 39.30189 -121.20147 39.29636 -121.20789 39.2959 -121.20847</georss:line></item><item><guid isPermaLink="false">9e4591a4-9dc2-4ed4-b7af-85bb0b0f6453</guid><a10:author><a10:name>Simon Hope</a10:name></a10:author><title /><description /><pubDate>Tue, 01 May 2012 21:57:25 +1000</pubDate><a10:link href="http://www.mapbutcher.com/" /><a10:rights type="text">Copyright 2011</a10:rights><a10:content type="text"></a10:content><a10:contributor><a10:name>mapbutcher@mapbutcher.com</a10:name></a10:contributor><georss:line>39.29493 -121.62526 39.31832 -121.60929 39.31298 -121.60319 39.30895 -121.60069 39.30544 -121.59345 39.31114 -121.57816</georss:line></item><item><guid isPermaLink="false">69e0e72a-2588-42a8-8dc0-8fba949194c8</guid><a10:author><a10:name>Simon Hope</a10:name></a10:author><title /><description /><pubDate>Tue, 01 May 2012 21:57:25 +1000</pubDate><a10:link href="http://www.mapbutcher.com/" /><a10:rights type="text">Copyright 2011</a10:rights><a10:content type="text"></a10:content><a10:contributor><a10:name>mapbutcher@mapbutcher.com</a10:name></a10:contributor><georss:line>39.52972 -121.54745 39.52152 -121.55021 39.51554 -121.5554 39.51222 -121.56425 39.50886 -121.57549 39.49885 -121.57759 39.49204 -121.57799 39.48296 -121.57892 39.47843 -121.57879 39.47335 -121.58401 39.4669 -121.59038 39.46174 -121.60036 39.45751 -121.60918 39.45545 -121.62402 39.45443 -121.63055 39.45344 -121.63528 39.44753 -121.6363 39.44029 -121.63549 39.43397 -121.63411 39.43005 -121.62505 39.4287 -121.62442 39.42733 -121.62438 39.42281 -121.62366 39.41917 -121.62474 39.4146 -121.62639 39.41054 -121.62567 39.4107 -121.61615 39.4089 -121.6155 39.4007 -121.61765 39.39475 -121.62105 39.38877 -121.62563 39.38278 -121.63141 39.376 -121.63002 39.37238 -121.62991 39.37116 -121.64833 39.36446 -121.64218 39.36225 -121.63914 39.35642 -121.63539 39.35515 -121.63 39.35203 -121.62693 39.34387 -121.62669 39.33751 -121.6277 39.33426 -121.63177 39.32843 -121.62803 39.32307 -121.62311 39.30116 -121.63198 39.29493 -121.62526</georss:line></item><item><guid isPermaLink="false">5eb449a5-8641-46db-a5fb-8aa5e07827f3</guid><a10:author><a10:name>Simon Hope</a10:name></a10:author><title /><description /><pubDate>Tue, 01 May 2012 21:57:25 +1000</pubDate><a10:link href="http://www.mapbutcher.com/" /><a10:rights type="text">Copyright 2011</a10:rights><a10:content type="text"></a10:content><a10:contributor><a10:name>mapbutcher@mapbutcher.com</a10:name></a10:contributor><georss:line>39.31396 -120.80092 39.31205 -120.8104 39.31451 -120.83482 39.31307 -120.84253 39.308 -120.85076 39.3083 -120.86444 39.30268 -120.88099 39.29626 -120.88741 39.29206 -120.89862 39.2879 -120.90508</georss:line></item><item><guid isPermaLink="false">b2a271c7-7893-4eb1-a03a-3f6479da1360</guid><a10:author><a10:name>Simon Hope</a10:name></a10:author><title /><description /><pubDate>Tue, 01 May 2012 21:57:25 +1000</pubDate><a10:link href="http://www.mapbutcher.com/" /><a10:rights type="text">Copyright 2011</a10:rights><a10:content type="text"></a10:content><a10:contributor><a10:name>mapbutcher@mapbutcher.com</a10:name></a10:contributor><georss:line>39.36263 -121.8927 39.3562 -121.89725 39.3508 -121.89468 39.34174 -121.89439 39.33763 -121.89603 39.33349 -121.89887 39.32756 -121.90105 39.31839 -121.90611 39.30747 -121.90813 39.29735 -121.91552 39.28681 -121.92111</georss:line></item><item><guid isPermaLink="false">b6a685e6-3724-4138-af77-60a181a1ab30</guid><a10:author><a10:name>Simon Hope</a10:name></a10:author><title /><description /><pubDate>Tue, 01 May 2012 21:57:25 +1000</pubDate><a10:link href="http://www.mapbutcher.com/" /><a10:rights type="text">Copyright 2011</a10:rights><a10:content type="text"></a10:content><a10:contributor><a10:name>mapbutcher@mapbutcher.com</a10:name></a10:contributor><georss:line>39.30766 -123.39065 39.29879 -123.3985 39.28746 -123.41277 39.28679 -123.41986 39.29239 -123.42909 39.3009 -123.43253 39.30618 -123.43758 39.30824 -123.44424 39.30771 -123.46087 39.30711 -123.47988 39.3099 -123.49193 39.3071 -123.50844 39.30093 -123.51702 39.30212 -123.52245 39.30104 -123.52774 39.29543 -123.53278</georss:line></item><item><guid isPermaLink="false">ff69adaa-79e1-49f3-a2ab-4579f5eeb6be</guid><a10:author><a10:name>Simon Hope</a10:name></a10:author><title /><description /><pubDate>Tue, 01 May 2012 21:57:25 +1000</pubDate><a10:link href="http://www.mapbutcher.com/" /><a10:rights type="text">Copyright 2011</a10:rights><a10:content type="text"></a10:content><a10:contributor><a10:name>mapbutcher@mapbutcher.com</a10:name></a10:contributor><georss:line>39.28681 -121.92111 39.28626 -121.90266 39.28871 -121.89323 39.29192 -121.89156 39.29158 -121.8856 39.34695 -121.88266 39.35373 -121.88407 39.3702 -121.85247 39.40239 -121.80349 39.40891 -121.79417 39.41455 -121.78363 39.42011 -121.77666 39.42565 -121.77147 39.44723 -121.75665 39.46238 -121.7464 39.47752 -121.73614 39.48718 -121.72868 39.50093 -121.72016 39.51928 -121.70821 39.54832 -121.7073 39.55239 -121.70743 39.57241 -121.70386 39.57972 -121.7005 39.59105 -121.70145 39.59195 -121.70147</georss:line></item><item><guid isPermaLink="false">e009fd6a-0c6b-4b1e-be0a-137baa8ac99f</guid><a10:author><a10:name>Simon Hope</a10:name></a10:author><title /><description /><pubDate>Tue, 01 May 2012 21:57:25 +1000</pubDate><a10:link href="http://www.mapbutcher.com/" /><a10:rights type="text">Copyright 2011</a10:rights><a10:content type="text"></a10:content><a10:contributor><a10:name>mapbutcher@mapbutcher.com</a10:name></a10:contributor><georss:line>39.2959 -121.20847 39.29056 -121.2012 39.29262 -121.18282 39.28554 -121.17017 39.28518 -121.16303 39.28308 -121.15051 39.28403 -121.14696 39.28724 -121.14465 39.29183 -121.14 39.29475 -121.12461 39.29536 -121.11273 39.29135 -121.10728 39.29237 -121.09839 39.29564 -121.09132 39.29983 -121.0825 39.30261 -121.0778 39.30629 -121.07313 39.30956 -121.06547 39.31015 -121.05478 39.31065 -121.05062 39.31429 -121.05011 39.32336 -121.04971 39.32713 -121.03848 39.32901 -121.03258 39.3268 -121.02837 39.32602 -121.01764 39.32468 -121.01583 39.32473 -121.01167 39.32477 -121.0087 39.32527 -121.00454 39.32577 -121.00098 39.32765 -120.99567 39.32995 -120.99274 39.32821 -120.98676 39.32917 -120.98202 39.33198 -120.97434 39.33158 -120.97018 39.3298 -120.96657 39.32757 -120.96355 39.32716 -120.96057 39.32946 -120.95764 39.3404 -120.95191 39.33593 -120.94646 39.33326 -120.94285 39.33375 -120.93929 39.3356 -120.93635 39.33701 -120.93221 39.33664 -120.92506 39.33944 -120.91739 39.33767 -120.91438 39.33501 -120.90897 39.33322 -120.90655 39.33281 -120.90238 39.33465 -120.90004 39.33603 -120.89828 39.33787 -120.89594 39.34018 -120.89241 39.34431 -120.88773 39.34489 -120.87643 39.34132 -120.87161 39.34004 -120.86385 39.34146 -120.85852 39.34422 -120.85501 39.34386 -120.84548 39.34574 -120.83957 39.34809 -120.83247 39.35091 -120.82301 39.35285 -120.81055 39.35699 -120.80466 39.36123 -120.78986 39.35855 -120.78565 39.35813 -120.78207 39.35682 -120.77729 39.35881 -120.76007 39.36022 -120.75534 39.36113 -120.75476</georss:line></item><item><guid isPermaLink="false">4b16c0e2-297f-4564-ab31-e8967af003c7</guid><a10:author><a10:name>Simon Hope</a10:name></a10:author><title /><description /><pubDate>Tue, 01 May 2012 21:57:25 +1000</pubDate><a10:link href="http://www.mapbutcher.com/" /><a10:rights type="text">Copyright 2011</a10:rights><a10:content type="text"></a10:content><a10:contributor><a10:name>mapbutcher@mapbutcher.com</a10:name></a10:contributor><georss:line>39.28165 -122.72903 39.28892 -122.74602 39.28963 -122.75319 39.29729 -122.75532 39.3129 -122.76554 39.31799 -122.7616 39.32412 -122.7351 39.33338 -122.72778 39.33459 -122.71593 39.33703 -122.7095 39.33845 -122.70718 39.34282 -122.69606 39.34572 -122.68903 39.34765 -122.68436 39.34916 -122.67847 39.35125 -122.66785 39.35544 -122.66328 39.3565 -122.65736 39.36201 -122.65462 39.36606 -122.656 39.37014 -122.65617 39.37284 -122.65688 39.37612 -122.65286</georss:line></item><item><guid isPermaLink="false">fb09df12-8d5a-422b-babf-be3b50535628</guid><a10:author><a10:name>Simon Hope</a10:name></a10:author><title /><description /><pubDate>Tue, 01 May 2012 21:57:25 +1000</pubDate><a10:link href="http://www.mapbutcher.com/" /><a10:rights type="text">Copyright 2011</a10:rights><a10:content type="text"></a10:content><a10:contributor><a10:name>mapbutcher@mapbutcher.com</a10:name></a10:contributor><georss:line>39.2959 -121.20847 39.29172 -121.2155 39.28307 -121.21827 39.2816 -121.22596 39.28457 -121.2409</georss:line></item><item><guid isPermaLink="false">a2ef3ee6-57f3-4397-b790-af375919eda5</guid><a10:author><a10:name>Simon Hope</a10:name></a10:author><title /><description /><pubDate>Tue, 01 May 2012 21:57:25 +1000</pubDate><a10:link href="http://www.mapbutcher.com/" /><a10:rights type="text">Copyright 2011</a10:rights><a10:content type="text"></a10:content><a10:contributor><a10:name>mapbutcher@mapbutcher.com</a10:name></a10:contributor><georss:line>39.29543 -123.53278 39.2978 -123.54362 39.30181 -123.54563 39.30074 -123.55093 39.29556 -123.55659 39.29686 -123.55845 39.29441 -123.56426 39.30144 -123.57121 39.30205 -123.58016 39.31005 -123.58537 39.30991 -123.58953 39.30936 -123.59248 39.30915 -123.59901 39.312 -123.6087 39.31791 -123.60844 39.31726 -123.61435 39.31214 -123.61823 39.31248 -123.62181 39.31472 -123.62254 39.31758 -123.63223 39.32565 -123.63506 39.32343 -123.64744 39.31502 -123.64101 39.3083 -123.63824 39.30649 -123.63814 39.30588 -123.64286 39.30572 -123.64761 39.30324 -123.65401 39.30619 -123.66074 39.31106 -123.66459 39.31407 -123.66953 39.31521 -123.67613 39.3178 -123.67986 39.3195 -123.68353 39.31388 -123.68855 39.3115 -123.69199 39.30638 -123.69585 39.30898 -123.69958 39.31313 -123.71113 39.31033 -123.71335 39.30649 -123.70598 39.30155 -123.70451 39.2971 -123.70187 39.29278 -123.69566 39.28933 -123.69011 39.28618 -123.68933 39.28431 -123.69101 39.28236 -123.69506 39.28086 -123.69914 39.28299 -123.70343 39.28558 -123.70715 39.28461 -123.70888 39.28365 -123.7106 39.28176 -123.71288 39.28207 -123.71706 39.28735 -123.72212 39.29169 -123.72774 39.29931 -123.73056 39.29781 -123.73463 39.29143 -123.73545 39.28947 -123.7395 39.2938 -123.7457 39.29935 -123.75615 39.29904 -123.76506 39.30118 -123.76875 39.30249 -123.78371 39.30006 -123.78833</georss:line></item><item><guid isPermaLink="false">f56740a7-576f-4553-8dd6-50021e0583be</guid><a10:author><a10:name>Simon Hope</a10:name></a10:author><title /><description /><pubDate>Tue, 01 May 2012 21:57:25 +1000</pubDate><a10:link href="http://www.mapbutcher.com/" /><a10:rights type="text">Copyright 2011</a10:rights><a10:content type="text"></a10:content><a10:contributor><a10:name>mapbutcher@mapbutcher.com</a10:name></a10:contributor><georss:line>39.27805 -120.93401 39.27128 -120.9315</georss:line></item><item><guid isPermaLink="false">3117920a-a12d-4971-a7b8-586844795afb</guid><a10:author><a10:name>Simon Hope</a10:name></a10:author><title /><description /><pubDate>Tue, 01 May 2012 21:57:25 +1000</pubDate><a10:link href="http://www.mapbutcher.com/" /><a10:rights type="text">Copyright 2011</a10:rights><a10:content type="text"></a10:content><a10:contributor><a10:name>mapbutcher@mapbutcher.com</a10:name></a10:contributor><georss:line>39.38535 -122.36385 39.38324 -122.37687 39.37677 -122.38197 39.37529 -122.38727 39.36938 -122.38763 39.36826 -122.39711 39.35872 -122.39792 39.35501 -122.40134 39.34902 -122.40527 39.34713 -122.40876 39.33896 -122.40903 39.33662 -122.41191 39.33246 -122.41531 39.32594 -122.42278 39.32137 -122.42439 39.31402 -122.42825 39.30549 -122.42434 39.2997 -122.41994 39.29074 -122.41541 39.28051 -122.40668 39.26425 -122.40424</georss:line></item><item><guid isPermaLink="false">79c758be-302a-4c25-8090-01ad8fdd3625</guid><a10:author><a10:name>Simon Hope</a10:name></a10:author><title /><description /><pubDate>Tue, 01 May 2012 21:57:25 +1000</pubDate><a10:link href="http://www.mapbutcher.com/" /><a10:rights type="text">Copyright 2011</a10:rights><a10:content type="text"></a10:content><a10:contributor><a10:name>mapbutcher@mapbutcher.com</a10:name></a10:contributor><georss:line>39.34064 -122.08537 39.3234 -122.08593 39.30997 -122.07772 39.28641 -122.07688 39.27628 -122.08425 39.2688 -122.09528 39.26375 -122.09808</georss:line></item><item><guid isPermaLink="false">385ac74e-650f-4615-9ab6-637b60b4dc8e</guid><a10:author><a10:name>Simon Hope</a10:name></a10:author><title /><description /><pubDate>Tue, 01 May 2012 21:57:25 +1000</pubDate><a10:link href="http://www.mapbutcher.com/" /><a10:rights type="text">Copyright 2011</a10:rights><a10:content type="text"></a10:content><a10:contributor><a10:name>mapbutcher@mapbutcher.com</a10:name></a10:contributor><georss:line>39.26375 -122.09808 39.26632 -122.1053 39.27765 -122.10571 39.28572 -122.11015 39.29284 -122.11636 39.29593 -122.12064 39.29808 -122.12607 39.30016 -122.13506 39.30184 -122.14108 39.30175 -122.14523 39.30211 -122.15001 39.30292 -122.1542 39.30461 -122.16021 39.29938 -122.17132</georss:line></item><item><guid isPermaLink="false">99d0cbbc-288b-44b0-8871-d56947f380c7</guid><a10:author><a10:name>Simon Hope</a10:name></a10:author><title /><description /><pubDate>Tue, 01 May 2012 21:57:25 +1000</pubDate><a10:link href="http://www.mapbutcher.com/" /><a10:rights type="text">Copyright 2011</a10:rights><a10:content type="text"></a10:content><a10:contributor><a10:name>mapbutcher@mapbutcher.com</a10:name></a10:contributor><georss:line>39.25376 -123.20937 39.26369 -123.21107 39.27738 -123.2082 39.29861 -123.21107 39.31502 -123.22381 39.34036 -123.22572 39.35555 -123.23364 39.37177 -123.23746 39.37637 -123.23531 39.38126 -123.23854</georss:line></item><item><guid isPermaLink="false">c09420ec-64e7-485d-bce7-d430ef95c16c</guid><a10:author><a10:name>Simon Hope</a10:name></a10:author><title /><description /><pubDate>Tue, 01 May 2012 21:57:25 +1000</pubDate><a10:link href="http://www.mapbutcher.com/" /><a10:rights type="text">Copyright 2011</a10:rights><a10:content type="text"></a10:content><a10:contributor><a10:name>mapbutcher@mapbutcher.com</a10:name></a10:contributor><georss:line>39.25376 -123.20937 39.25612 -123.22138 39.25685 -123.22736 39.25934 -123.23522 39.26492 -123.24562 39.26916 -123.25536 39.27304 -123.2621 39.27741 -123.26768 39.2818 -123.27267 39.28531 -123.27642 39.28878 -123.28195 39.29084 -123.28861 39.29285 -123.29704 39.29631 -123.30258 39.30209 -123.30645 39.30566 -123.30843 39.31193 -123.31113 39.31571 -123.32085 39.31942 -123.33295 39.32631 -123.34522 39.33375 -123.35395 39.33983 -123.36261 39.34555 -123.36827 39.34807 -123.37495 39.34839 -123.37914 39.34913 -123.38454</georss:line></item><item><guid isPermaLink="false">de62b7b2-0422-45b8-a676-3702b90f356c</guid><a10:author><a10:name>Simon Hope</a10:name></a10:author><title /><description /><pubDate>Tue, 01 May 2012 21:57:25 +1000</pubDate><a10:link href="http://www.mapbutcher.com/" /><a10:rights type="text">Copyright 2011</a10:rights><a10:content type="text"></a10:content><a10:contributor><a10:name>mapbutcher@mapbutcher.com</a10:name></a10:contributor><georss:line>39.2715 -122.71788 39.26612 -122.69802 39.26603 -122.66591 39.25919 -122.64956 39.25269 -122.61955 39.25196 -122.6124 39.25727 -122.59954 39.26427 -122.59151 39.27101 -122.59418 39.27705 -122.58849 39.28264 -122.58219 39.28831 -122.57292 39.28905 -122.56165 39.29476 -122.55059 39.29804 -122.52753 39.30938 -122.52741 39.31441 -122.52583 39.32391 -122.52682 39.33034 -122.52353</georss:line></item><item><guid isPermaLink="false">8419b52a-e276-40df-b6e4-768af04c7825</guid><a10:author><a10:name>Simon Hope</a10:name></a10:author><title /><description /><pubDate>Tue, 01 May 2012 21:57:25 +1000</pubDate><a10:link href="http://www.mapbutcher.com/" /><a10:rights type="text">Copyright 2011</a10:rights><a10:content type="text"></a10:content><a10:contributor><a10:name>mapbutcher@mapbutcher.com</a10:name></a10:contributor><georss:line>39.23919 -121.27605 39.23837 -121.27009</georss:line></item><item><guid isPermaLink="false">1b5a981b-421c-423e-bc1a-0bb8852ba1ab</guid><a10:author><a10:name>Simon Hope</a10:name></a10:author><title /><description /><pubDate>Tue, 01 May 2012 21:57:25 +1000</pubDate><a10:link href="http://www.mapbutcher.com/" /><a10:rights type="text">Copyright 2011</a10:rights><a10:content type="text"></a10:content><a10:contributor><a10:name>mapbutcher@mapbutcher.com</a10:name></a10:contributor><georss:line>39.23837 -121.27009 39.23757 -121.26294</georss:line></item><item><guid isPermaLink="false">4feb086e-be86-4f92-8455-c518e932e813</guid><a10:author><a10:name>Simon Hope</a10:name></a10:author><title /><description /><pubDate>Tue, 01 May 2012 21:57:25 +1000</pubDate><a10:link href="http://www.mapbutcher.com/" /><a10:rights type="text">Copyright 2011</a10:rights><a10:content type="text"></a10:content><a10:contributor><a10:name>mapbutcher@mapbutcher.com</a10:name></a10:contributor><georss:line>39.23837 -121.27009 39.23564 -121.27061 39.23243 -121.27351 39.22872 -121.27936 39.22776 -121.28289</georss:line></item><item><guid isPermaLink="false">1ddf0d5f-7f75-4732-8e70-0baf20fc6cd3</guid><a10:author><a10:name>Simon Hope</a10:name></a10:author><title /><description /><pubDate>Tue, 01 May 2012 21:57:25 +1000</pubDate><a10:link href="http://www.mapbutcher.com/" /><a10:rights type="text">Copyright 2011</a10:rights><a10:content type="text"></a10:content><a10:contributor><a10:name>mapbutcher@mapbutcher.com</a10:name></a10:contributor><georss:line>39.22467 -123.34577 39.22817 -123.35012 39.22586 -123.36604 39.23156 -123.3723 39.23463 -123.39029 39.23341 -123.40034 39.24421 -123.41756 39.24212 -123.42637 39.23195 -123.44662 39.2309 -123.45132 39.22892 -123.45656 39.22812 -123.46722 39.23508 -123.47652 39.23842 -123.48562 39.24312 -123.4948 39.24935 -123.4987 39.255 -123.50616 39.25999 -123.50643 39.26587 -123.50675 39.27048 -123.50463 39.27214 -123.50948 39.26781 -123.51698 39.27268 -123.52081 39.27963 -123.51644 39.28512 -123.51496 39.28648 -123.51504 39.28817 -123.5187 39.28802 -123.52345 39.29237 -123.52905 39.29543 -123.53278</georss:line></item><item><guid isPermaLink="false">1f47b265-e5b0-4442-8960-8eef8184f6b3</guid><a10:author><a10:name>Simon Hope</a10:name></a10:author><title /><description /><pubDate>Tue, 01 May 2012 21:57:25 +1000</pubDate><a10:link href="http://www.mapbutcher.com/" /><a10:rights type="text">Copyright 2011</a10:rights><a10:content type="text"></a10:content><a10:contributor><a10:name>mapbutcher@mapbutcher.com</a10:name></a10:contributor><georss:line>39.27128 -120.9315 39.26979 -120.94336 39.26687 -120.95995 39.26619 -120.97895 39.26508 -120.99616 39.26223 -121.0068 39.25941 -121.01506 39.25785 -121.03167 39.25256 -121.05651 39.2492 -121.0707 39.24587 -121.08311 39.24078 -121.09131 39.24025 -121.09783 39.24422 -121.10564 39.24407 -121.11752 39.24286 -121.14127 39.24447 -121.15616 39.24205 -121.16739 39.23922 -121.17564 39.23722 -121.18986 39.2348 -121.20109 39.23694 -121.21005 39.23225 -121.22182 39.23025 -121.23484 39.22972 -121.24077 39.22783 -121.24607 39.22735 -121.24784 39.22197 -121.27563</georss:line></item><item><guid isPermaLink="false">b6298113-c867-4ee5-89ec-de8b1fbe9282</guid><a10:author><a10:name>Simon Hope</a10:name></a10:author><title /><description /><pubDate>Tue, 01 May 2012 21:57:25 +1000</pubDate><a10:link href="http://www.mapbutcher.com/" /><a10:rights type="text">Copyright 2011</a10:rights><a10:content type="text"></a10:content><a10:contributor><a10:name>mapbutcher@mapbutcher.com</a10:name></a10:contributor><georss:line>39.22197 -121.27563 39.22329 -121.27863 39.22776 -121.28289</georss:line></item><item><guid isPermaLink="false">2bd7d09d-f51c-4275-8dd1-adacbf1ee364</guid><a10:author><a10:name>Simon Hope</a10:name></a10:author><title /><description /><pubDate>Tue, 01 May 2012 21:57:25 +1000</pubDate><a10:link href="http://www.mapbutcher.com/" /><a10:rights type="text">Copyright 2011</a10:rights><a10:content type="text"></a10:content><a10:contributor><a10:name>mapbutcher@mapbutcher.com</a10:name></a10:contributor><georss:line>39.22776 -121.28289 39.22537 -121.29175 39.21706 -121.30164 39.21613 -121.3034 39.21828 -121.31117 39.22785 -121.30844 39.22911 -121.315 39.23085 -121.3204 39.23077 -121.32574 39.21667 -121.32895 39.21727 -121.34975 39.22035 -121.35578 39.21523 -121.36456 39.21814 -121.38245 39.21568 -121.39486 39.21596 -121.40615 39.21221 -121.41437 39.21215 -121.41793</georss:line></item><item><guid isPermaLink="false">e8a80303-d68e-49dd-a4dd-c8bad5a77d84</guid><a10:author><a10:name>Simon Hope</a10:name></a10:author><title /><description /><pubDate>Tue, 01 May 2012 21:57:25 +1000</pubDate><a10:link href="http://www.mapbutcher.com/" /><a10:rights type="text">Copyright 2011</a10:rights><a10:content type="text"></a10:content><a10:contributor><a10:name>mapbutcher@mapbutcher.com</a10:name></a10:contributor><georss:line>39.31398 -121.30822 39.30142 -121.29958 39.29366 -121.30295 39.28411 -121.30508 39.28045 -121.30737 39.27629 -121.31322 39.27073 -121.32081 39.2661 -121.32783 39.26284 -121.33369 39.25822 -121.33952 39.25315 -121.34532 39.24942 -121.35177 39.2458 -121.35168 39.24302 -121.35577 39.23881 -121.36456 39.2369 -121.37046 39.23594 -121.3746 39.23584 -121.38053 39.23985 -121.38538 39.24202 -121.39198 39.23246 -121.3947 39.22925 -121.397 39.22642 -121.40405 39.2223 -121.40691 39.21767 -121.41332 39.21215 -121.41793</georss:line></item><item><guid isPermaLink="false">388aa126-2b36-4889-acad-7a2544822974</guid><a10:author><a10:name>Simon Hope</a10:name></a10:author><title /><description /><pubDate>Tue, 01 May 2012 21:57:25 +1000</pubDate><a10:link href="http://www.mapbutcher.com/" /><a10:rights type="text">Copyright 2011</a10:rights><a10:content type="text"></a10:content><a10:contributor><a10:name>mapbutcher@mapbutcher.com</a10:name></a10:contributor><georss:line>39.20217 -122.07211 39.21541 -122.08981 39.23401 -122.08928 39.2511 -122.09583 39.26375 -122.09808</georss:line></item><item><guid isPermaLink="false">7671d2ac-5065-4945-b7e4-aae582874cac</guid><a10:author><a10:name>Simon Hope</a10:name></a10:author><title /><description /><pubDate>Tue, 01 May 2012 21:57:25 +1000</pubDate><a10:link href="http://www.mapbutcher.com/" /><a10:rights type="text">Copyright 2011</a10:rights><a10:content type="text"></a10:content><a10:contributor><a10:name>mapbutcher@mapbutcher.com</a10:name></a10:contributor><georss:line>39.20636 -123.18615 39.2001 -123.18345</georss:line></item><item><guid isPermaLink="false">1ff6c281-51f0-481a-8a8a-dbb6fc276f40</guid><a10:author><a10:name>Simon Hope</a10:name></a10:author><title /><description /><pubDate>Tue, 01 May 2012 21:57:25 +1000</pubDate><a10:link href="http://www.mapbutcher.com/" /><a10:rights type="text">Copyright 2011</a10:rights><a10:content type="text"></a10:content><a10:contributor><a10:name>mapbutcher@mapbutcher.com</a10:name></a10:contributor><georss:line>39.28681 -121.92111 39.2768 -121.92316 39.26336 -121.93816 39.25418 -121.94379 39.24825 -121.94538 39.23652 -121.9426 39.22887 -121.93938 39.22484 -121.93687 39.21898 -121.93549 39.2154 -121.93299 39.21004 -121.92865 39.20553 -121.92731 39.20102 -121.92597 39.19599 -121.92818 39.19266 -121.93638</georss:line></item><item><guid isPermaLink="false">f599c4ef-c3b7-4654-9748-5b849cd2fb9d</guid><a10:author><a10:name>Simon Hope</a10:name></a10:author><title /><description /><pubDate>Tue, 01 May 2012 21:57:25 +1000</pubDate><a10:link href="http://www.mapbutcher.com/" /><a10:rights type="text">Copyright 2011</a10:rights><a10:content type="text"></a10:content><a10:contributor><a10:name>mapbutcher@mapbutcher.com</a10:name></a10:contributor><georss:line>39.2001 -123.18345 39.19153 -123.18183</georss:line></item><item><guid isPermaLink="false">ea3e58ab-7bdb-4e9d-9e4b-dc8931f9282f</guid><a10:author><a10:name>Simon Hope</a10:name></a10:author><title /><description /><pubDate>Tue, 01 May 2012 21:57:25 +1000</pubDate><a10:link href="http://www.mapbutcher.com/" /><a10:rights type="text">Copyright 2011</a10:rights><a10:content type="text"></a10:content><a10:contributor><a10:name>mapbutcher@mapbutcher.com</a10:name></a10:contributor><georss:line>39.19266 -121.93638 39.19698 -121.94722 39.19189 -121.95238 39.1886 -121.95821 39.18529 -121.96523 39.1847 -121.97234 39.18683 -121.97894 39.19117 -121.98859 39.19936 -121.98708 39.2044 -121.98488 39.20794 -121.98916 39.21197 -121.99168 39.2128 -121.99527 39.21479 -122.009 39.21879 -122.01329 39.2216 -122.00864 39.22659 -122.00881 39.23037 -122.00122 39.23402 -122.00015 39.2384 -122.00744 39.24528 -122.00352 39.24892 -122.00304 39.25295 -122.00556 39.25735 -122.01225 39.26021 -122.00522 39.26165 -122.00111 39.2653 -122.00005 39.26845 -122.00134 39.27151 -122.0068 39.2677 -122.01617 39.27076 -122.02164 39.27756 -122.02187 39.28537 -122.01679 39.2976 -122.01722 39.29967 -122.0274 39.30594 -122.03119 39.30738 -122.02708 39.30841 -122.02116 39.31113 -122.02126 39.31655 -122.02204 39.32281 -122.02642 39.32463 -122.02589 39.32692 -122.02478 39.32828 -122.02483 39.33421 -122.02325 39.33876 -122.02222 39.34241 -122.02116 39.34476 -122.01707 39.34891 -122.01364 39.35395 -122.01084 39.35628 -122.00795 39.35859 -122.00624 39.36404 -122.00524 39.36946 -122.00662 39.37265 -122.00554 39.37722 -122.00391 39.38627 -122.00482 39.38948 -122.00314 39.3945 -122.00153 39.39906 -122.0005 39.40899 -122.00263 39.41306 -122.00336 39.42027 -122.0054 39.42477 -122.00675 39.42574 -122.0038 39.42578 -122.00201 39.42581 -122.00023 39.43038 -121.9986 39.43531 -122.00175 39.44539 -121.99614 39.45583 -121.9959 39.46761 -121.99631 39.47218 -121.99468 39.47718 -121.99366 39.47934 -121.9991 39.48755 -121.997 39.4943 -121.99962 39.50024 -121.99744 39.51077 -121.99243 39.51818 -122.007 39.52227 -122.00655 39.52369 -122.00362 39.52327 -122.00182 39.52243 -121.9988 39.52213 -121.99104 39.52218 -121.98865 39.52771 -121.98407 39.53135 -121.9836 39.53577 -121.98912 39.53888 -121.99221 39.54198 -121.9959 39.54739 -121.99788 39.55278 -122.00046 39.55642 -121.99998 39.56102 -121.99657 39.56611 -121.99137 39.57499 -122.00063 39.57908 -122.00018 39.58095 -121.99725 39.58328 -121.99435 39.58782 -121.99391 39.59506 -121.99476 39.60232 -121.99441 39.60509 -121.99211 39.60744 -121.98801 39.61073 -121.98215 39.61352 -121.97867 39.61806 -121.97823 39.62206 -121.98254 39.63002 -121.99238 39.63778 -121.99026 39.64278 -121.98923 39.64652 -121.98399 39.64614 -121.97979 39.64764 -121.97327 39.64911 -121.96735 39.65097 -121.96502 39.65682 -121.96761 39.66079 -121.97312 39.66154 -121.98092 39.66233 -121.98692 39.66352 -121.99533 39.66621 -121.99722 39.66893 -121.99731 39.67077 -121.99558 39.67171 -121.99382 39.67331 -121.98192 39.67435 -121.97538 39.67765 -121.96892 39.67686 -121.96291 39.67928 -121.95522 39.68251 -121.95235 39.68563 -121.95544 39.68924 -121.95616</georss:line></item><item><guid isPermaLink="false">ee7b485d-f480-44a3-a438-6a015c341206</guid><a10:author><a10:name>Simon Hope</a10:name></a10:author><title /><description /><pubDate>Tue, 01 May 2012 21:57:25 +1000</pubDate><a10:link href="http://www.mapbutcher.com/" /><a10:rights type="text">Copyright 2011</a10:rights><a10:content type="text"></a10:content><a10:contributor><a10:name>mapbutcher@mapbutcher.com</a10:name></a10:contributor><georss:line>39.30235 -120.69368 39.29771 -120.7049 39.29449 -120.70901 39.29125 -120.71609 39.28844 -120.72615 39.28658 -120.73087 39.28152 -120.73733 39.27646 -120.74556 39.26501 -120.75725 39.26359 -120.76257 39.25994 -120.76548 39.2558 -120.77135 39.25391 -120.77844 39.2429 -120.79073 39.23967 -120.79602 39.23508 -120.80188 39.23228 -120.80956 39.22809 -120.82017 39.22577 -120.82488 39.22347 -120.8278 39.22117 -120.83133 39.21518 -120.84013 39.21051 -120.8531 39.2014 -120.8565 39.19503 -120.85875 39.19092 -120.86224 39.18316 -120.86684 39.17844 -120.88396 39.17703 -120.88809 39.17558 -120.89578 39.17595 -120.9041 39.17229 -120.9064</georss:line></item><item><guid isPermaLink="false">18a1644a-9555-4848-a5f8-27f6d91dd7d7</guid><a10:author><a10:name>Simon Hope</a10:name></a10:author><title /><description /><pubDate>Tue, 01 May 2012 21:57:25 +1000</pubDate><a10:link href="http://www.mapbutcher.com/" /><a10:rights type="text">Copyright 2011</a10:rights><a10:content type="text"></a10:content><a10:contributor><a10:name>mapbutcher@mapbutcher.com</a10:name></a10:contributor><georss:line>39.16634 -120.14368 39.16175 -120.15551 39.163 -120.1751 39.16568 -120.18285 39.16927 -120.18882 39.1801 -120.19842 39.19097 -120.2003 39.20139 -120.19981 39.20775 -120.19809 39.21453 -120.19994 39.21996 -120.20177 39.23175 -120.20188 39.23944 -120.20374 39.25665 -120.20807 39.26845 -120.20462 39.27978 -120.20532 39.29565 -120.20369 39.30291 -120.20377 39.31154 -120.20087 39.31746 -120.19439 39.32297 -120.18195 39.32722 -120.14988 39.33548 -120.13092 39.33869 -120.12381 39.34461 -120.1191 39.34915 -120.11676 39.35547 -120.12276 39.35815 -120.13112 39.36407 -120.12521 39.36319 -120.11926 39.36366 -120.1151 39.37044 -120.12051 39.37453 -120.11757 39.37412 -120.10805 39.37642 -120.10211 39.38053 -120.09501 39.38283 -120.08848 39.37969 -120.0819 39.37561 -120.08068 39.37154 -120.08006 39.36701 -120.07823 39.36249 -120.07581 39.36297 -120.07106 39.36388 -120.06928 39.36571 -120.06573 39.36618 -120.06156 39.36621 -120.05621 39.36441 -120.05203 39.36444 -120.04608 39.36673 -120.03955 39.36902 -120.03481 39.37446 -120.03544 39.37948 -120.02596 39.38674 -120.02482 39.3949 -120.02547 39.39943 -120.0261 39.40441 -120.02614 39.4103 -120.02856 39.4234 -120.03699 39.43158 -120.03288 39.44025 -120.02103 39.44346 -120.01093 39.44847 -120.0062 39.45617 -120.00626 39.45925 -120.00401 39.46118 -120.00259</georss:line></item><item><guid isPermaLink="false">bcc4dfd6-4f76-4984-bda4-8f098d4be74b</guid><a10:author><a10:name>Simon Hope</a10:name></a10:author><title /><description /><pubDate>Tue, 01 May 2012 21:57:25 +1000</pubDate><a10:link href="http://www.mapbutcher.com/" /><a10:rights type="text">Copyright 2011</a10:rights><a10:content type="text"></a10:content><a10:contributor><a10:name>mapbutcher@mapbutcher.com</a10:name></a10:contributor><georss:line>39.15443 -123.64075 39.16338 -123.64423 39.16053 -123.64822 39.1594 -123.65469 39.16456 -123.66331 39.16899 -123.66653 39.17131 -123.67854 39.17652 -123.68538 39.17402 -123.69236 39.17781 -123.7009 39.17525 -123.70966 39.17997 -123.71766 39.18605 -123.72574 39.18624 -123.73347 39.19081 -123.73255 39.19118 -123.73495 39.19015 -123.73846 39.19565 -123.75007 39.19543 -123.7566 39.19305 -123.76002 39.19126 -123.76258 39.19066 -123.76344</georss:line></item><item><guid isPermaLink="false">bba7c098-f3a7-4e87-9a25-9ee5646cc60d</guid><a10:author><a10:name>Simon Hope</a10:name></a10:author><title /><description /><pubDate>Tue, 01 May 2012 21:57:25 +1000</pubDate><a10:link href="http://www.mapbutcher.com/" /><a10:rights type="text">Copyright 2011</a10:rights><a10:content type="text"></a10:content><a10:contributor><a10:name>mapbutcher@mapbutcher.com</a10:name></a10:contributor><georss:line>39.16978 -123.56025 39.16679 -123.5684 39.16273 -123.56757 39.15868 -123.56676 39.1549 -123.5713 39.15678 -123.58327 39.15235 -123.59372 39.15495 -123.59743 39.15429 -123.60392 39.15322 -123.60861 39.15214 -123.6139 39.15245 -123.61807 39.15443 -123.64075</georss:line></item><item><guid isPermaLink="false">6c95cdc2-3585-4eeb-87ca-1cd2d167f09e</guid><a10:author><a10:name>Simon Hope</a10:name></a10:author><title /><description /><pubDate>Tue, 01 May 2012 21:57:25 +1000</pubDate><a10:link href="http://www.mapbutcher.com/" /><a10:rights type="text">Copyright 2011</a10:rights><a10:content type="text"></a10:content><a10:contributor><a10:name>mapbutcher@mapbutcher.com</a10:name></a10:contributor><georss:line>39.14513 -123.38015 39.14491 -123.38727 39.14788 -123.39396 39.15041 -123.40003 39.15384 -123.40615 39.15554 -123.40981 39.15634 -123.41341 39.15659 -123.41996 39.15321 -123.42631 39.15025 -123.43387 39.1491 -123.44153 39.15031 -123.44634 39.15285 -123.45182 39.15503 -123.45491 39.15627 -123.45854 39.15446 -123.47269 39.1534 -123.47739 39.16125 -123.48732 39.16374 -123.49458 39.16492 -123.49999 39.16283 -123.50879 39.16352 -123.51536 39.16384 -123.51953 39.16633 -123.52679 39.16659 -123.53275 39.16598 -123.53747 39.16545 -123.53982 39.16351 -123.54386 39.16471 -123.54868 39.1672 -123.55595 39.16978 -123.56025</georss:line></item><item><guid isPermaLink="false">d7823c67-9487-44d6-b5c2-708176a4e670</guid><a10:author><a10:name>Simon Hope</a10:name></a10:author><title /><description /><pubDate>Tue, 01 May 2012 21:57:25 +1000</pubDate><a10:link href="http://www.mapbutcher.com/" /><a10:rights type="text">Copyright 2011</a10:rights><a10:content type="text"></a10:content><a10:contributor><a10:name>mapbutcher@mapbutcher.com</a10:name></a10:contributor><georss:line>39.20217 -122.07211 39.19847 -122.09752 39.19501 -122.11105 39.17748 -122.14664 39.16804 -122.1641 39.14156 -122.19398 39.14153 -122.21594</georss:line></item><item><guid isPermaLink="false">10536e30-65b3-45c4-8781-976767b0f15c</guid><a10:author><a10:name>Simon Hope</a10:name></a10:author><title /><description /><pubDate>Tue, 01 May 2012 21:57:25 +1000</pubDate><a10:link href="http://www.mapbutcher.com/" /><a10:rights type="text">Copyright 2011</a10:rights><a10:content type="text"></a10:content><a10:contributor><a10:name>mapbutcher@mapbutcher.com</a10:name></a10:contributor><georss:line>39.32707 -122.23302 39.31579 -122.23022 39.30988 -122.23119 39.30387 -122.23631 39.29699 -122.23962 39.29152 -122.2412 39.28875 -122.24348 39.28299 -122.2373 39.27758 -122.23592 39.27253 -122.23869 39.26844 -122.23914 39.26431 -122.24136 39.26056 -122.24716 39.2542 -122.24751 39.24649 -122.24722 39.24011 -122.24876 39.23509 -122.25036 39.2264 -122.25359 39.21999 -122.25632 39.21502 -122.25554 39.20916 -122.25413 39.19821 -122.25727 39.19282 -122.25469 39.18608 -122.25206 39.17947 -122.2435 39.17387 -122.22962 39.1676 -122.22642 39.16148 -122.21609 39.15553 -122.21825 39.14734 -122.21973 39.14153 -122.21594</georss:line></item><item><guid isPermaLink="false">bbd269f3-0015-4a7c-b95f-b2bf3fa78a83</guid><a10:author><a10:name>Simon Hope</a10:name></a10:author><title /><description /><pubDate>Tue, 01 May 2012 21:57:25 +1000</pubDate><a10:link href="http://www.mapbutcher.com/" /><a10:rights type="text">Copyright 2011</a10:rights><a10:content type="text"></a10:content><a10:contributor><a10:name>mapbutcher@mapbutcher.com</a10:name></a10:contributor><georss:line>39.19 -120.28577 39.18904 -120.29467 39.19078 -120.30597 39.1874 -120.3368 39.18775 -120.35283 39.1904 -120.36176 39.1899 -120.37007 39.18485 -120.37772 39.1794 -120.37944 39.16798 -120.39176 39.15298 -120.39751 39.14524 -120.40335 39.14201 -120.40984 39.13747 -120.41156</georss:line></item><item><guid isPermaLink="false">91990fa9-f44b-4d82-b391-d94ffa2c311c</guid><a10:author><a10:name>Simon Hope</a10:name></a10:author><title /><description /><pubDate>Tue, 01 May 2012 21:57:25 +1000</pubDate><a10:link href="http://www.mapbutcher.com/" /><a10:rights type="text">Copyright 2011</a10:rights><a10:content type="text"></a10:content><a10:contributor><a10:name>mapbutcher@mapbutcher.com</a10:name></a10:contributor><georss:line>39.13548 -120.95374 39.13726 -120.95674</georss:line></item><item><guid isPermaLink="false">39a91427-24af-466d-8ac9-cacb281327f4</guid><a10:author><a10:name>Simon Hope</a10:name></a10:author><title /><description /><pubDate>Tue, 01 May 2012 21:57:25 +1000</pubDate><a10:link href="http://www.mapbutcher.com/" /><a10:rights type="text">Copyright 2011</a10:rights><a10:content type="text"></a10:content><a10:contributor><a10:name>mapbutcher@mapbutcher.com</a10:name></a10:contributor><georss:line>39.1337 -120.95133 39.13548 -120.95374</georss:line></item><item><guid isPermaLink="false">68d45269-4d24-40ca-9828-829434ff21d7</guid><a10:author><a10:name>Simon Hope</a10:name></a10:author><title /><description /><pubDate>Tue, 01 May 2012 21:57:25 +1000</pubDate><a10:link href="http://www.mapbutcher.com/" /><a10:rights type="text">Copyright 2011</a10:rights><a10:content type="text"></a10:content><a10:contributor><a10:name>mapbutcher@mapbutcher.com</a10:name></a10:contributor><georss:line>39.21215 -121.41793 39.21201 -121.42742 39.20959 -121.43687 39.20632 -121.44331 39.20304 -121.45035 39.20204 -121.45625 39.19965 -121.46391 39.19684 -121.46977 39.19311 -121.4762 39.19071 -121.48445 39.18512 -121.4938 39.18275 -121.50026 39.1817 -121.50914 39.18018 -121.51919 39.17648 -121.52383 39.17141 -121.52904 39.16726 -121.53307 39.16542 -121.53481 39.16354 -121.53891 39.16255 -121.54362 39.16331 -121.55255 39.15599 -121.5565 39.15091 -121.56229 39.1485 -121.57112 39.14615 -121.5758 39.138 -121.57497 39.13332 -121.58434 39.12943 -121.59965</georss:line></item><item><guid isPermaLink="false">20c03dad-52a9-4944-a5c8-8310410406ce</guid><a10:author><a10:name>Simon Hope</a10:name></a10:author><title /><description /><pubDate>Tue, 01 May 2012 21:57:25 +1000</pubDate><a10:link href="http://www.mapbutcher.com/" /><a10:rights type="text">Copyright 2011</a10:rights><a10:content type="text"></a10:content><a10:contributor><a10:name>mapbutcher@mapbutcher.com</a10:name></a10:contributor><georss:line>39.29493 -121.62526 39.28894 -121.63103 39.28037 -121.6284 39.27726 -121.62415 39.27414 -121.62109 39.2714 -121.62219 39.27126 -121.63051 39.26719 -121.62979 39.2637 -121.62196 39.2596 -121.62304 39.25907 -121.62778 39.25987 -121.63374 39.25082 -121.63288 39.24399 -121.63446 39.2296 -121.6275 39.22979 -121.61621 39.22027 -121.61653 39.21488 -121.6134 39.21071 -121.61863 39.20334 -121.62553 39.19479 -121.62173 39.19178 -121.61273 39.18675 -121.61496 39.18399 -121.61726 39.17858 -121.61532 39.17592 -121.61168 39.17323 -121.61041 39.16682 -121.61378 39.15874 -121.6088 39.15514 -121.60751 39.15379 -121.60688 39.15017 -121.60618 39.14609 -121.60665 39.14067 -121.60531 39.13528 -121.60219 39.12943 -121.59965</georss:line></item><item><guid isPermaLink="false">4bc03757-3db3-4157-92b9-2589047a0ff0</guid><a10:author><a10:name>Simon Hope</a10:name></a10:author><title /><description /><pubDate>Tue, 01 May 2012 21:57:25 +1000</pubDate><a10:link href="http://www.mapbutcher.com/" /><a10:rights type="text">Copyright 2011</a10:rights><a10:content type="text"></a10:content><a10:contributor><a10:name>mapbutcher@mapbutcher.com</a10:name></a10:contributor><georss:line>39.11342 -122.02211 39.13918 -122.02656 39.14455 -122.02972 39.15081 -122.03409 39.15796 -122.03909 39.16596 -122.04708 39.17233 -122.04612 39.18039 -122.05116 39.18789 -122.06091 39.19511 -122.06236 39.20217 -122.07211</georss:line></item><item><guid isPermaLink="false">d9a006e6-fede-48eb-b1bb-315ac1e5c562</guid><a10:author><a10:name>Simon Hope</a10:name></a10:author><title /><description /><pubDate>Tue, 01 May 2012 21:57:25 +1000</pubDate><a10:link href="http://www.mapbutcher.com/" /><a10:rights type="text">Copyright 2011</a10:rights><a10:content type="text"></a10:content><a10:contributor><a10:name>mapbutcher@mapbutcher.com</a10:name></a10:contributor><georss:line>39.11342 -122.02211 39.11505 -122.03106 39.11556 -122.05065 39.11523 -122.06666 39.11425 -122.07018 39.11441 -122.08443 39.11893 -122.08518 39.12119 -122.08526 39.12245 -122.09005 39.1227 -122.10014 39.12323 -122.11796 39.12304 -122.12685 39.11802 -122.12846 39.11384 -122.13305 39.11219 -122.14663 39.11613 -122.1533 39.12057 -122.15762 39.12556 -122.1578 39.1268 -122.16319 39.12646 -122.17919 39.13293 -122.19426 39.13795 -122.21403 39.14153 -122.21594</georss:line></item><item><guid isPermaLink="false">69f97869-2479-46e3-9ba3-d24b57072f7f</guid><a10:author><a10:name>Simon Hope</a10:name></a10:author><title /><description /><pubDate>Tue, 01 May 2012 21:57:25 +1000</pubDate><a10:link href="http://www.mapbutcher.com/" /><a10:rights type="text">Copyright 2011</a10:rights><a10:content type="text"></a10:content><a10:contributor><a10:name>mapbutcher@mapbutcher.com</a10:name></a10:contributor><georss:line>39.11394 -120.46642 39.10986 -120.46696</georss:line></item><item><guid isPermaLink="false">49869f67-c1c8-423d-94d6-e72ccd179fa7</guid><a10:author><a10:name>Simon Hope</a10:name></a10:author><title /><description /><pubDate>Tue, 01 May 2012 21:57:25 +1000</pubDate><a10:link href="http://www.mapbutcher.com/" /><a10:rights type="text">Copyright 2011</a10:rights><a10:content type="text"></a10:content><a10:contributor><a10:name>mapbutcher@mapbutcher.com</a10:name></a10:contributor><georss:line>39.10598 -121.72292 39.1241 -121.72408 39.1305 -121.72071 39.15185 -121.7184 39.15384 -121.70837 39.17295 -121.7048 39.18608 -121.70579 39.20556 -121.70638 39.21225 -121.71252 39.22575 -121.71828 39.23619 -121.718 39.24645 -121.72723 39.2602 -121.74429 39.26654 -121.74449 39.27271 -121.7542 39.33889 -121.75566</georss:line></item><item><guid isPermaLink="false">481ed601-517c-4de9-9f42-7589659f1bc4</guid><a10:author><a10:name>Simon Hope</a10:name></a10:author><title /><description /><pubDate>Tue, 01 May 2012 21:57:25 +1000</pubDate><a10:link href="http://www.mapbutcher.com/" /><a10:rights type="text">Copyright 2011</a10:rights><a10:content type="text"></a10:content><a10:contributor><a10:name>mapbutcher@mapbutcher.com</a10:name></a10:contributor><georss:line>39.10986 -120.46696 39.10577 -120.4669</georss:line></item><item><guid isPermaLink="false">4f4b39f6-bd97-4ec9-b7aa-1125a9826b89</guid><a10:author><a10:name>Simon Hope</a10:name></a10:author><title /><description /><pubDate>Tue, 01 May 2012 21:57:25 +1000</pubDate><a10:link href="http://www.mapbutcher.com/" /><a10:rights type="text">Copyright 2011</a10:rights><a10:content type="text"></a10:content><a10:contributor><a10:name>mapbutcher@mapbutcher.com</a10:name></a10:contributor><georss:line>39.06198 -122.00965 39.07138 -122.01591 39.0786 -122.01734 39.09175 -122.0172 39.0999 -122.01808 39.11342 -122.02211</georss:line></item><item><guid isPermaLink="false">d3304396-d85f-47aa-9c5d-512c979bb1e1</guid><a10:author><a10:name>Simon Hope</a10:name></a10:author><title /><description /><pubDate>Tue, 01 May 2012 21:57:25 +1000</pubDate><a10:link href="http://www.mapbutcher.com/" /><a10:rights type="text">Copyright 2011</a10:rights><a10:content type="text"></a10:content><a10:contributor><a10:name>mapbutcher@mapbutcher.com</a10:name></a10:contributor><georss:line>39.06111 -123.14379 39.0705 -123.14841 39.09455 -123.16327 39.10527 -123.16915 39.11572 -123.16849 39.11958 -123.1758 39.12444 -123.18021 39.14251 -123.16747 39.15056 -123.17144 39.15456 -123.17401 39.15984 -123.17963 39.16979 -123.18073 39.17876 -123.18415 39.18893 -123.19299 39.195 -123.18735 39.2001 -123.18345</georss:line></item><item><guid isPermaLink="false">2dda24c6-71a6-4307-bc47-77964ee63315</guid><a10:author><a10:name>Simon Hope</a10:name></a10:author><title /><description /><pubDate>Tue, 01 May 2012 21:57:25 +1000</pubDate><a10:link href="http://www.mapbutcher.com/" /><a10:rights type="text">Copyright 2011</a10:rights><a10:content type="text"></a10:content><a10:contributor><a10:name>mapbutcher@mapbutcher.com</a10:name></a10:contributor><georss:line>39.06111 -123.14379 39.07127 -123.1532 39.0845 -123.16573 39.09156 -123.17261 39.09819 -123.17828 39.1049 -123.18159 39.10851 -123.18237 39.11039 -123.18008 39.11349 -123.18262 39.11824 -123.19057 39.12686 -123.19042 39.13244 -123.18595 39.13802 -123.18149 39.14482 -123.18124 39.15115 -123.18215 39.15735 -123.18722 39.16351 -123.19347 39.1667 -123.19304 39.17034 -123.19263 39.17388 -123.19579 39.18287 -123.19862 39.19199 -123.1967 39.19562 -123.19688 39.19883 -123.19586 39.20565 -123.19502 39.21384 -123.19425 39.2229 -123.19472 39.23512 -123.19534 39.24134 -123.19981 39.24847 -123.20434 39.25376 -123.20937</georss:line></item><item><guid isPermaLink="false">aaa28dc7-4d36-459f-affc-b3ff1774a7a2</guid><a10:author><a10:name>Simon Hope</a10:name></a10:author><title /><description /><pubDate>Tue, 01 May 2012 21:57:25 +1000</pubDate><a10:link href="http://www.mapbutcher.com/" /><a10:rights type="text">Copyright 2011</a10:rights><a10:content type="text"></a10:content><a10:contributor><a10:name>mapbutcher@mapbutcher.com</a10:name></a10:contributor><georss:line>39.06039 -120.41415 39.06136 -120.40646</georss:line></item><item><guid isPermaLink="false">bc40a73c-5b21-40fa-8842-fcda6a01af24</guid><a10:author><a10:name>Simon Hope</a10:name></a10:author><title /><description /><pubDate>Tue, 01 May 2012 21:57:25 +1000</pubDate><a10:link href="http://www.mapbutcher.com/" /><a10:rights type="text">Copyright 2011</a10:rights><a10:content type="text"></a10:content><a10:contributor><a10:name>mapbutcher@mapbutcher.com</a10:name></a10:contributor><georss:line>39.05989 -120.42066 39.06039 -120.41415</georss:line></item><item><guid isPermaLink="false">d28c79b7-b96d-48c0-9258-26c8b5c0a70a</guid><a10:author><a10:name>Simon Hope</a10:name></a10:author><title /><description /><pubDate>Tue, 01 May 2012 21:57:25 +1000</pubDate><a10:link href="http://www.mapbutcher.com/" /><a10:rights type="text">Copyright 2011</a10:rights><a10:content type="text"></a10:content><a10:contributor><a10:name>mapbutcher@mapbutcher.com</a10:name></a10:contributor><georss:line>39.05291 -123.44224 39.06012 -123.45805 39.07355 -123.46352 39.07421 -123.47128 39.08261 -123.47826 39.08512 -123.48492 39.08862 -123.48867 39.09206 -123.49479 39.0933 -123.49842 39.09908 -123.5023 39.09939 -123.50647 39.10016 -123.51067 39.09456 -123.5157 39.09931 -123.52308 39.10684 -123.52884 39.10081 -123.53266 39.09979 -123.53616 39.1033 -123.53992 39.10866 -123.54259 39.11309 -123.54581 39.11794 -123.55023 39.11501 -123.55659 39.11162 -123.56293 39.12003 -123.56934 39.11893 -123.57521 39.12065 -123.57828 39.12729 -123.5834 39.13355 -123.58613 39.13558 -123.59337 39.14038 -123.59898 39.1383 -123.60718 39.1435 -123.61459 39.13883 -123.61848 39.14139 -123.62338 39.146 -123.63493 39.15443 -123.64075</georss:line></item><item><guid isPermaLink="false">5cacb64a-c681-4f35-ba4e-3214ebc0460b</guid><a10:author><a10:name>Simon Hope</a10:name></a10:author><title /><description /><pubDate>Tue, 01 May 2012 21:57:25 +1000</pubDate><a10:link href="http://www.mapbutcher.com/" /><a10:rights type="text">Copyright 2011</a10:rights><a10:content type="text"></a10:content><a10:contributor><a10:name>mapbutcher@mapbutcher.com</a10:name></a10:contributor><georss:line>39.04736 -121.31225 39.05541 -121.31956</georss:line></item><item><guid isPermaLink="false">56ee31ca-dae2-49e8-ba4f-1edc525fa1b0</guid><a10:author><a10:name>Simon Hope</a10:name></a10:author><title /><description /><pubDate>Tue, 01 May 2012 21:57:25 +1000</pubDate><a10:link href="http://www.mapbutcher.com/" /><a10:rights type="text">Copyright 2011</a10:rights><a10:content type="text"></a10:content><a10:contributor><a10:name>mapbutcher@mapbutcher.com</a10:name></a10:contributor><georss:line>39.04333 -121.30919 39.04736 -121.31225</georss:line></item><item><guid isPermaLink="false">bce8799b-d299-4d96-bed2-51388a6d4a13</guid><a10:author><a10:name>Simon Hope</a10:name></a10:author><title /><description /><pubDate>Tue, 01 May 2012 21:57:25 +1000</pubDate><a10:link href="http://www.mapbutcher.com/" /><a10:rights type="text">Copyright 2011</a10:rights><a10:content type="text"></a10:content><a10:contributor><a10:name>mapbutcher@mapbutcher.com</a10:name></a10:contributor><georss:line>39.11646 -122.88665 39.12395 -122.89471 39.12746 -122.89903 39.13461 -122.90293 39.14359 -122.90632 39.14618 -122.91119 39.14968 -122.91551 39.1569 -122.91704 39.15432 -122.92819 39.15299 -122.94357 39.15826 -122.94975 39.15999 -122.9528 39.16166 -122.95823 39.16297 -122.9761 39.15635 -122.98589 39.15244 -122.99579 39.14142 -123.0006 39.13067 -122.99593 39.12215 -122.99255 39.11604 -122.98395 39.10545 -122.97335 39.10253 -122.96432 39.09444 -122.96156 39.08975 -122.95065 39.08539 -122.94451 39.08046 -122.9425 39.07322 -122.94157 39.06725 -122.94425 39.06169 -122.94873 39.05571 -122.95141 39.05251 -122.95245 39.05067 -122.95354 39.04601 -122.95806 39.03966 -122.97436 39.04036 -122.98151 39.04842 -122.98545 39.05318 -122.99339 39.06023 -123.00085 39.06513 -123.00404 39.07363 -123.00801 39.0807 -123.01488 39.0859 -123.02344 39.09296 -123.0303 39.09833 -123.03294 39.10076 -123.04314 39.11196 -123.04784 39.1211 -123.04532 39.12664 -123.04203 39.13258 -123.04054 39.13881 -123.045 39.1435 -123.05532 39.15126 -123.06935 39.16067 -123.07338 39.16537 -123.06767</georss:line></item><item><guid isPermaLink="false">4ac99dc3-2b0c-48a6-8f58-46b4d60a7eb9</guid><a10:author><a10:name>Simon Hope</a10:name></a10:author><title /><description /><pubDate>Tue, 01 May 2012 21:57:25 +1000</pubDate><a10:link href="http://www.mapbutcher.com/" /><a10:rights type="text">Copyright 2011</a10:rights><a10:content type="text"></a10:content><a10:contributor><a10:name>mapbutcher@mapbutcher.com</a10:name></a10:contributor><georss:line>39.13548 -120.95374 39.12717 -120.96722 39.11757 -120.97414 39.11389 -120.97822 39.1093 -120.98287 39.11105 -120.98824 39.09473 -120.98791 39.08836 -120.99015 39.07835 -120.9935 39.07241 -120.99753 39.06742 -120.99742 39.06559 -120.99916 39.06144 -121.00441 39.05688 -121.00728 39.05187 -121.00896 39.04682 -121.01418 39.04494 -121.01948 39.04039 -121.02116 39.03758 -121.02821</georss:line></item><item><guid isPermaLink="false">4e605490-00d3-45a6-8dc6-e0388807d2c8</guid><a10:author><a10:name>Simon Hope</a10:name></a10:author><title /><description /><pubDate>Tue, 01 May 2012 21:57:25 +1000</pubDate><a10:link href="http://www.mapbutcher.com/" /><a10:rights type="text">Copyright 2011</a10:rights><a10:content type="text"></a10:content><a10:contributor><a10:name>mapbutcher@mapbutcher.com</a10:name></a10:contributor><georss:line>39.14153 -122.21594 39.14057 -122.23905 39.13247 -122.25714 39.12336 -122.25858 39.11773 -122.26727 39.11166 -122.29551 39.107 -122.30067 39.10716 -122.31373 39.10495 -122.33144 39.10056 -122.34491 39.09224 -122.3517 39.06138 -122.35286 39.03071 -122.34573</georss:line></item><item><guid isPermaLink="false">540672e4-981b-4842-b363-d8a25eb8e807</guid><a10:author><a10:name>Simon Hope</a10:name></a10:author><title /><description /><pubDate>Tue, 01 May 2012 21:57:25 +1000</pubDate><a10:link href="http://www.mapbutcher.com/" /><a10:rights type="text">Copyright 2011</a10:rights><a10:content type="text"></a10:content><a10:contributor><a10:name>mapbutcher@mapbutcher.com</a10:name></a10:contributor><georss:line>39.0091 -121.9788 39.01486 -121.98552 39.01885 -121.99039 39.02242 -121.99288 39.03194 -121.99321 39.03458 -121.99744 39.04399 -122.00251 39.05029 -122.0051 39.06198 -122.00965</georss:line></item><item><guid isPermaLink="false">1a5cd335-be56-4934-9560-12bb5410d028</guid><a10:author><a10:name>Simon Hope</a10:name></a10:author><title /><description /><pubDate>Tue, 01 May 2012 21:57:25 +1000</pubDate><a10:link href="http://www.mapbutcher.com/" /><a10:rights type="text">Copyright 2011</a10:rights><a10:content type="text"></a10:content><a10:contributor><a10:name>mapbutcher@mapbutcher.com</a10:name></a10:contributor><georss:line>39.00909 -121.05901 39.01178 -121.06143</georss:line></item><item><guid isPermaLink="false">5ef6c9a4-bb3b-4b2f-8860-fef26263273a</guid><a10:author><a10:name>Simon Hope</a10:name></a10:author><title /><description /><pubDate>Tue, 01 May 2012 21:57:25 +1000</pubDate><a10:link href="http://www.mapbutcher.com/" /><a10:rights type="text">Copyright 2011</a10:rights><a10:content type="text"></a10:content><a10:contributor><a10:name>mapbutcher@mapbutcher.com</a10:name></a10:contributor><georss:line>39.00761 -120.74983 39.01498 -120.73752 39.01871 -120.72752 39.03061 -120.71528 39.03439 -120.69994 39.03947 -120.69054 39.04271 -120.68349 39.04683 -120.67941 39.05539 -120.68488 39.06305 -120.68916 39.06867 -120.67028 39.07561 -120.65558 39.08381 -120.65096 39.08747 -120.64747 39.0915 -120.65228 39.10189 -120.65659 39.10734 -120.65549 39.12307 -120.62015 39.12409 -120.60771 39.12098 -120.60114 39.12148 -120.59521 39.12424 -120.59052 39.12926 -120.58703 39.13699 -120.58477 39.14115 -120.57535 39.1394 -120.5676 39.14452 -120.55167 39.14555 -120.53803 39.15196 -120.52922 39.15923 -120.52755</georss:line></item><item><guid isPermaLink="false">11b87724-b863-48b8-9f93-bb5a8eaa2a3d</guid><a10:author><a10:name>Simon Hope</a10:name></a10:author><title /><description /><pubDate>Tue, 01 May 2012 21:57:25 +1000</pubDate><a10:link href="http://www.mapbutcher.com/" /><a10:rights type="text">Copyright 2011</a10:rights><a10:content type="text"></a10:content><a10:contributor><a10:name>mapbutcher@mapbutcher.com</a10:name></a10:contributor><georss:line>39.00594 -121.05716 39.00909 -121.05901</georss:line></item><item><guid isPermaLink="false">d6d9efa0-c39d-462a-822f-138e57f00956</guid><a10:author><a10:name>Simon Hope</a10:name></a10:author><title /><description /><pubDate>Tue, 01 May 2012 21:57:25 +1000</pubDate><a10:link href="http://www.mapbutcher.com/" /><a10:rights type="text">Copyright 2011</a10:rights><a10:content type="text"></a10:content><a10:contributor><a10:name>mapbutcher@mapbutcher.com</a10:name></a10:contributor><georss:line>39.00909 -121.05901 39.0063 -121.06487 39.00533 -121.07018 39.00661 -121.07613 39.00883 -121.07973 39.01105 -121.08392 39.01369 -121.0899 39.01086 -121.09872 39.01712 -121.10537 39.01841 -121.11014 39.01921 -121.11845 39.02689 -121.12099 39.03092 -121.12463 39.03534 -121.13303 39.03526 -121.13954 39.03112 -121.14419 39.03244 -121.14718 39.02554 -121.15413 39.02454 -121.16122 39.01946 -121.16821 39.01851 -121.17174 39.01889 -121.17708 39.0124 -121.18759 39.01548 -121.19418 39.01582 -121.20306 39.01165 -121.20949 39.01239 -121.22134 39.01912 -121.22624 39.02357 -121.23228 39.02206 -121.24349 39.02728 -121.25903 39.02815 -121.26141</georss:line></item><item><guid isPermaLink="false">52436e31-b4d4-4b41-8118-8076cc5483af</guid><a10:author><a10:name>Simon Hope</a10:name></a10:author><title /><description /><pubDate>Tue, 01 May 2012 21:57:25 +1000</pubDate><a10:link href="http://www.mapbutcher.com/" /><a10:rights type="text">Copyright 2011</a10:rights><a10:content type="text"></a10:content><a10:contributor><a10:name>mapbutcher@mapbutcher.com</a10:name></a10:contributor><georss:line>39.10986 -120.46696 39.11069 -120.47587 39.10696 -120.48886 39.09104 -120.49635 39.08466 -120.50101 39.08054 -120.50569 39.07051 -120.51207 39.0664 -120.51616 39.06093 -120.52023 39.05543 -120.52727 39.04905 -120.53191 39.04443 -120.54133 39.03989 -120.54305 39.03482 -120.55304 39.02842 -120.55887 39.02654 -120.56714 39.02833 -120.57012 39.02922 -120.57191 39.02557 -120.57423 39.02419 -120.57717 39.02416 -120.58013 39.02505 -120.58251 39.02819 -120.58611 39.02726 -120.58788 39.02813 -120.59263 39.02447 -120.59672 39.02397 -120.60145 39.02484 -120.60561 39.02665 -120.60564 39.02708 -120.6086 39.02749 -120.61395 39.02746 -120.61691 39.03102 -120.62407 39.0378 -120.62595 39.04001 -120.6319 39.03952 -120.63605 39.04129 -120.6414 39.04121 -120.64911 39.03802 -120.65142 39.03573 -120.65435 39.03344 -120.65609 39.02892 -120.65484 39.02392 -120.65653 39.02164 -120.65768 39.0198 -120.6612 39.01838 -120.66711 39.01925 -120.67186 39.01734 -120.68189 39.0236 -120.69088 39.0258 -120.69743 39.01253 -120.71083 39.01106 -120.72147 39.00734 -120.73148 39.0028 -120.73139</georss:line></item><item><guid isPermaLink="false">4b999235-7509-42c7-8921-4e0672e03b5a</guid><a10:author><a10:name>Simon Hope</a10:name></a10:author><title /><description /><pubDate>Tue, 01 May 2012 21:57:25 +1000</pubDate><a10:link href="http://www.mapbutcher.com/" /><a10:rights type="text">Copyright 2011</a10:rights><a10:content type="text"></a10:content><a10:contributor><a10:name>mapbutcher@mapbutcher.com</a10:name></a10:contributor><georss:line>39.0028 -120.73139 39.00134 -120.74144 39.00357 -120.74503 39.00761 -120.74983</georss:line></item><item><guid isPermaLink="false">75b9b5a0-7d4a-40bd-905f-ad5998e4cfe7</guid><a10:author><a10:name>Simon Hope</a10:name></a10:author><title /><description /><pubDate>Tue, 01 May 2012 21:57:25 +1000</pubDate><a10:link href="http://www.mapbutcher.com/" /><a10:rights type="text">Copyright 2011</a10:rights><a10:content type="text"></a10:content><a10:contributor><a10:name>mapbutcher@mapbutcher.com</a10:name></a10:contributor><georss:line>38.98968 -120.68262 38.98735 -120.6891 38.98412 -120.69497 38.98133 -120.70262 38.98259 -120.7127 38.98618 -120.7169 38.98885 -120.7211 38.99654 -120.72359 38.99923 -120.72601 39.0028 -120.73139</georss:line></item><item><guid isPermaLink="false">cde131e0-359b-4bee-a391-5ac896d73396</guid><a10:author><a10:name>Simon Hope</a10:name></a10:author><title /><description /><pubDate>Tue, 01 May 2012 21:57:25 +1000</pubDate><a10:link href="http://www.mapbutcher.com/" /><a10:rights type="text">Copyright 2011</a10:rights><a10:content type="text"></a10:content><a10:contributor><a10:name>mapbutcher@mapbutcher.com</a10:name></a10:contributor><georss:line>39.24544 -122.81243 39.24209 -122.80217 39.24135 -122.7956 39.23826 -122.79249 39.23487 -122.78342 39.23013 -122.77429 39.22797 -122.77003 39.22769 -122.76347 39.22778 -122.75992 39.22653 -122.7557 39.22578 -122.74973 39.22367 -122.74368 39.21456 -122.72783 39.20487 -122.71671 39.19605 -122.70681 39.19491 -122.69845 39.1884 -122.68687 39.1828 -122.67535 39.17719 -122.66441 39.17066 -122.65343 39.16774 -122.64322 39.16563 -122.63719 39.16541 -122.62768 39.167 -122.61884 39.16532 -122.61343 39.1618 -122.60912 39.15796 -122.59946 39.15824 -122.58819 39.15033 -122.57776 39.1511 -122.56533 39.14633 -122.55622 39.14101 -122.55125 39.13572 -122.54509 39.12859 -122.54004 39.11994 -122.54146 39.11228 -122.53936 39.09784 -122.53638 39.08602 -122.53767 39.08057 -122.53803 39.07611 -122.53488 39.0716 -122.5341 39.06927 -122.53638 39.06681 -122.54457 39.06847 -122.55058 39.07091 -122.56194 39.07127 -122.56611 39.07215 -122.58511 39.06667 -122.58666 39.0563 -122.58444 39.04779 -122.57993 39.03837 -122.57598 39.03293 -122.57575 39.02248 -122.57649 39.01417 -122.56429 39.01068 -122.55882 39.00754 -122.5575 39.00391 -122.55734 38.99899 -122.55477 38.99409 -122.55101 38.99197 -122.545 38.9889 -122.54072 38.9854 -122.53584 38.98558 -122.52814 38.98396 -122.52038 38.98369 -122.51267 38.97843 -122.50535</georss:line></item><item><guid isPermaLink="false">f923eb22-260b-4dc5-9c66-8dda3abbdaa6</guid><a10:author><a10:name>Simon Hope</a10:name></a10:author><title /><description /><pubDate>Tue, 01 May 2012 21:57:25 +1000</pubDate><a10:link href="http://www.mapbutcher.com/" /><a10:rights type="text">Copyright 2011</a10:rights><a10:content type="text"></a10:content><a10:contributor><a10:name>mapbutcher@mapbutcher.com</a10:name></a10:contributor><georss:line>38.98968 -120.68262 38.98125 -120.66296 38.97968 -120.63689 38.97884 -120.62977 38.97805 -120.61733 38.97855 -120.61201 38.98045 -120.60257 38.98188 -120.59489 38.98331 -120.58663 38.98518 -120.57955 38.98843 -120.57131 38.99255 -120.56664 38.99624 -120.559 38.99859 -120.54897 39.00042 -120.54662 39.00457 -120.53899 39.01097 -120.53197 39.01647 -120.52435 39.02249 -120.50963 39.02986 -120.49433 39.04132 -120.47849 39.05182 -120.46855 39.06329 -120.45033 39.06517 -120.44147 39.06974 -120.43797 39.07983 -120.4221 39.08981 -120.41985 39.09532 -120.41044 39.10216 -120.40519 39.1168 -120.38639</georss:line></item><item><guid isPermaLink="false">c83ed384-efb6-44d5-ba3f-4483630f1362</guid><a10:author><a10:name>Simon Hope</a10:name></a10:author><title /><description /><pubDate>Tue, 01 May 2012 21:57:25 +1000</pubDate><a10:link href="http://www.mapbutcher.com/" /><a10:rights type="text">Copyright 2011</a10:rights><a10:content type="text"></a10:content><a10:contributor><a10:name>mapbutcher@mapbutcher.com</a10:name></a10:contributor><georss:line>39.04736 -121.31225 39.04545 -121.31872 39.04358 -121.32282 39.04169 -121.3281 39.03701 -121.33806 39.03559 -121.34158 39.02655 -121.37038 39.0127 -121.38719 39.00942 -121.39422 39.00705 -121.40067 39.0056 -121.40656 39.0014 -121.41415 38.99712 -121.42765 38.99422 -121.43883 38.99459 -121.44416 38.99719 -121.45193 38.99797 -121.46024 38.99464 -121.47021 38.99314 -121.47847 38.99303 -121.48557 38.98886 -121.49078 38.98656 -121.49309 38.98328 -121.50011 38.9832 -121.50484 38.98035 -121.51305 38.9762 -121.51707 38.9729 -121.52468 38.9729 -121.52528</georss:line></item><item><guid isPermaLink="false">e8c6231f-334b-4054-ab80-dcc439a6b73b</guid><a10:author><a10:name>Simon Hope</a10:name></a10:author><title /><description /><pubDate>Tue, 01 May 2012 21:57:25 +1000</pubDate><a10:link href="http://www.mapbutcher.com/" /><a10:rights type="text">Copyright 2011</a10:rights><a10:content type="text"></a10:content><a10:contributor><a10:name>mapbutcher@mapbutcher.com</a10:name></a10:contributor><georss:line>38.9729 -121.52528 38.9844 -121.51494 38.99194 -121.49679 39.00394 -121.4835 39.01384 -121.46008 39.01939 -121.45252 39.02505 -121.43905 39.0294 -121.42139 39.03093 -121.41018 39.03607 -121.40024 39.04442 -121.38802 39.0531 -121.3835 39.05956 -121.37597 39.05963 -121.37122 39.06611 -121.3625 39.07934 -121.35691 39.08978 -121.356 39.09616 -121.35378 39.1067 -121.34634 39.1072 -121.34339 39.11089 -121.3079 39.10617 -121.2894 39.10668 -121.28585 39.11322 -121.27178 39.11282 -121.26821 39.11177 -121.24625 39.11592 -121.241 39.1155 -121.23922 39.11282 -121.23619 39.10631 -121.21528 39.10688 -121.2064 39.10828 -121.20406 39.11235 -121.20415 39.11195 -121.20058 39.10935 -121.19162 39.10903 -121.18212 39.10688 -121.17377 39.10508 -121.17255 39.09646 -121.17294 39.09332 -121.17049 39.09385 -121.16517 39.0958 -121.15455 39.09948 -121.15107 39.11907 -121.14321 39.12961 -121.13455 39.13505 -121.13467 39.141 -121.13007 39.15141 -121.13148</georss:line></item><item><guid isPermaLink="false">e81723a6-c945-48e0-8bc5-26201e52be11</guid><a10:author><a10:name>Simon Hope</a10:name></a10:author><title /><description /><pubDate>Tue, 01 May 2012 21:57:25 +1000</pubDate><a10:link href="http://www.mapbutcher.com/" /><a10:rights type="text">Copyright 2011</a10:rights><a10:content type="text"></a10:content><a10:contributor><a10:name>mapbutcher@mapbutcher.com</a10:name></a10:contributor><georss:line>38.93964 -122.24155 38.9546 -122.24212 38.9632 -122.24245 38.97093 -122.24155 38.97827 -122.23769 38.98103 -122.23602 38.99403 -122.22228 38.99505 -122.217 38.99791 -122.21059 39.00139 -122.1965 39.00886 -122.18671 39.01327 -122.17146 39.01857 -122.15685 39.01875 -122.14856 39.02766 -122.13467 39.0264 -122.10855 39.02715 -122.09436 39.0295 -122.06837 39.03382 -122.05668 39.04531 -122.04938 39.04865 -122.0412 39.05326 -122.03721 39.05563 -122.03255 39.05864 -122.01842 39.06198 -122.00965</georss:line></item><item><guid isPermaLink="false">c5509882-97f6-4755-8f12-ad618b90ebcc</guid><a10:author><a10:name>Simon Hope</a10:name></a10:author><title /><description /><pubDate>Tue, 01 May 2012 21:57:25 +1000</pubDate><a10:link href="http://www.mapbutcher.com/" /><a10:rights type="text">Copyright 2011</a10:rights><a10:content type="text"></a10:content><a10:contributor><a10:name>mapbutcher@mapbutcher.com</a10:name></a10:contributor><georss:line>38.9729 -121.52528 38.97263 -121.54184 38.96574 -121.54697 38.95527 -121.54964 38.94961 -121.5631 38.94135 -121.56937 38.93748 -121.58347</georss:line></item><item><guid isPermaLink="false">a4f42d9a-9f7c-42c8-8a39-a73aebc61c15</guid><a10:author><a10:name>Simon Hope</a10:name></a10:author><title /><description /><pubDate>Tue, 01 May 2012 21:57:25 +1000</pubDate><a10:link href="http://www.mapbutcher.com/" /><a10:rights type="text">Copyright 2011</a10:rights><a10:content type="text"></a10:content><a10:contributor><a10:name>mapbutcher@mapbutcher.com</a10:name></a10:contributor><georss:line>39.12943 -121.59965 39.11993 -121.59818 39.11261 -121.60213 39.10268 -121.59946 39.10001 -121.59702 39.10289 -121.58702 39.09344 -121.58319 39.08705 -121.58538 39.08245 -121.58939 39.07739 -121.59399 39.06356 -121.60723 39.05404 -121.60754 39.04545 -121.60611 39.03056 -121.60153 39.02793 -121.59612 39.02435 -121.59365 39.02254 -121.5936 39.01802 -121.59288 39.01479 -121.59575 39.01028 -121.59443 39.00853 -121.59083 39.00914 -121.58137 39.00419 -121.57945 38.99359 -121.58981 38.98635 -121.589 38.98048 -121.58765 38.97414 -121.58688 38.9665 -121.58311 38.95658 -121.57986 38.94978 -121.58026 38.9448 -121.57953 38.93748 -121.58347</georss:line></item><item><guid isPermaLink="false">f7dabd95-d024-4c90-9e87-6260dd95a582</guid><a10:author><a10:name>Simon Hope</a10:name></a10:author><title /><description /><pubDate>Tue, 01 May 2012 21:57:25 +1000</pubDate><a10:link href="http://www.mapbutcher.com/" /><a10:rights type="text">Copyright 2011</a10:rights><a10:content type="text"></a10:content><a10:contributor><a10:name>mapbutcher@mapbutcher.com</a10:name></a10:contributor><georss:line>38.93534 -122.27217 38.93769 -122.26811 38.94271 -122.26712 38.95942 -122.27013 38.97462 -122.25945 38.9806 -122.25553 38.98554 -122.2575 38.99182 -122.2607 38.99728 -122.25972 39.005 -122.25942 39.01544 -122.25863 39.02651 -122.25016 39.03304 -122.24212 39.0356 -122.22858 39.04037 -122.21809 39.04736 -122.20947 39.05378 -122.20615 39.06016 -122.20461 39.06803 -122.1972 39.07507 -122.18619 39.07792 -122.18037 39.0755 -122.16605 39.07573 -122.15539 39.08098 -122.14312 39.08345 -122.13373 39.08558 -122.11839 39.08452 -122.10412 39.08654 -122.0947 39.08856 -122.08469 39.08831 -122.0746 39.08792 -122.07162 39.06617 -122.04892 39.06413 -122.01566 39.06198 -122.00965</georss:line></item><item><guid isPermaLink="false">a1d01f7d-0d32-4d5b-ab61-52d9fdaeb5de</guid><a10:author><a10:name>Simon Hope</a10:name></a10:author><title /><description /><pubDate>Tue, 01 May 2012 21:57:25 +1000</pubDate><a10:link href="http://www.mapbutcher.com/" /><a10:rights type="text">Copyright 2011</a10:rights><a10:content type="text"></a10:content><a10:contributor><a10:name>mapbutcher@mapbutcher.com</a10:name></a10:contributor><georss:line>38.92346 -122.33621 38.9311 -122.33946 38.93865 -122.34627 38.9435 -122.35238 38.94888 -122.35496 38.95578 -122.35049 38.95865 -122.34409 38.96093 -122.34359 38.96638 -122.34321 38.97227 -122.34344 38.97449 -122.34531 38.9757 -122.35187 38.98328 -122.35749 38.9919 -122.35723 38.99643 -122.35741 39.00232 -122.35764 39.00771 -122.36023 39.01428 -122.36996 39.01512 -122.39252 39.02227 -122.39695 39.02795 -122.40606 39.03245 -122.40742 39.04316 -122.41497 39.05183 -122.41235 39.05908 -122.41264 39.06681 -122.41177 39.07721 -122.41337 39.08401 -122.41305 39.09084 -122.41214 39.10166 -122.41494 39.10743 -122.41992 39.11417 -122.42257 39.12179 -122.42643 39.12714 -122.43021 39.13526 -122.43232 39.13971 -122.43546 39.1482 -122.44115 39.15582 -122.44501 39.16309 -122.44412 39.16625 -122.44485 39.16894 -122.44614 39.17247 -122.45044 39.17783 -122.45363 39.18232 -122.4556 39.18903 -122.45943 39.19577 -122.46208 39.20113 -122.46527 39.20473 -122.46661 39.23017 -122.48369</georss:line></item><item><guid isPermaLink="false">44cc5b49-4aa3-4c06-9f70-3f16a7c35440</guid><a10:author><a10:name>Simon Hope</a10:name></a10:author><title /><description /><pubDate>Tue, 01 May 2012 21:57:25 +1000</pubDate><a10:link href="http://www.mapbutcher.com/" /><a10:rights type="text">Copyright 2011</a10:rights><a10:content type="text"></a10:content><a10:contributor><a10:name>mapbutcher@mapbutcher.com</a10:name></a10:contributor><georss:line>38.97843 -122.50535 38.97544 -122.49752 38.97223 -122.49917 38.9734 -122.50691 38.97412 -122.51464 38.97442 -122.52117 38.97024 -122.52514 38.97099 -122.53168 38.96624 -122.54037 38.96339 -122.54558 38.95605 -122.54882 38.95139 -122.55396 38.94587 -122.55727 38.94165 -122.56302 38.93468 -122.56982 38.92968 -122.57021 38.92661 -122.56593 38.92342 -122.56639 38.92205 -122.56693 38.92243 -122.5699 38.92525 -122.58422 38.92464 -122.59071 38.92181 -122.59473 38.91851 -122.59991 38.92067 -122.60415 38.92373 -122.60901 38.92565 -122.6227 38.93 -122.63</georss:line></item><item><guid isPermaLink="false">71793261-ffa3-4f91-9bbc-b852c183f805</guid><a10:author><a10:name>Simon Hope</a10:name></a10:author><title /><description /><pubDate>Tue, 01 May 2012 21:57:25 +1000</pubDate><a10:link href="http://www.mapbutcher.com/" /><a10:rights type="text">Copyright 2011</a10:rights><a10:content type="text"></a10:content><a10:contributor><a10:name>mapbutcher@mapbutcher.com</a10:name></a10:contributor><georss:line>38.91553 -121.03748 38.9259 -121.04184 38.93092 -121.03958 38.94351 -121.01085 38.94407 -121.00199 38.94867 -120.99676 38.95423 -120.98622 38.9566 -120.97798 38.96024 -120.97628 38.96523 -120.97639 38.97074 -120.96999 38.9752 -120.976 38.98483 -120.96672 38.98718 -120.95966 38.99036 -120.95913 38.99549 -120.9468 39.00009 -120.94097 39.00285 -120.93806 39.00469 -120.93573 39.01247 -120.92878 39.01479 -120.92468 39.02848 -120.91666 39.03398 -120.91084 39.03724 -120.9032 39.05127 -120.90584 39.06112 -120.91669 39.07017 -120.91806 39.0706 -120.91985 39.08148 -120.91946 39.08592 -120.92785 39.09637 -120.92569 39.10224 -120.92757 39.10682 -120.92352 39.11005 -120.91884 39.11015 -120.90994 39.11429 -120.90469 39.11717 -120.89051 39.11498 -120.88394 39.11279 -120.87679 39.11694 -120.86975 39.12746 -120.86164 39.13023 -120.85695 39.1426 -120.84471 39.14991 -120.83951 39.15868 -120.82484 39.16331 -120.81602 39.1698 -120.80248 39.17174 -120.79005 39.1786 -120.78484 39.17737 -120.77176 39.1815 -120.76649 39.18657 -120.75886 39.18034 -120.74688 39.17902 -120.74329 39.17772 -120.73734 39.17825 -120.72903 39.18241 -120.72079 39.18519 -120.7149 39.18932 -120.71023 39.19529 -120.70201 39.20261 -120.69501 39.20454 -120.68317 39.20236 -120.67363 39.19931 -120.66052 39.19714 -120.6498 39.19812 -120.6415 39.19907 -120.63676 39.20192 -120.62257 39.2029 -120.61485 39.20477 -120.60835 39.21164 -120.60014 39.20998 -120.58289 39.21138 -120.57757 39.21329 -120.56691 39.21699 -120.55865 39.21884 -120.55392 39.22025 -120.5486 39.22167 -120.5415 39.22221 -120.53082 39.21865 -120.52304 39.21825 -120.51591 39.21606 -120.50697 39.21613 -120.49866 39.21573 -120.49153 39.21672 -120.48085 39.21727 -120.46899 39.21826 -120.45771 39.22107 -120.44587 39.22612 -120.43703 39.23249 -120.43474 39.2402 -120.43424 39.24122 -120.41821 39.24355 -120.40993 39.24629 -120.40759 39.25 -120.39635 39.25097 -120.38744 39.25155 -120.36844 39.24754 -120.35829 39.24266 -120.34278 39.24731 -120.32501 39.23788 -120.31243 39.23656 -120.30529 39.2258 -120.28676 39.22539 -120.28022 39.21909 -120.27303</georss:line></item><item><guid isPermaLink="false">be464983-f7d9-40b0-88be-7822643abcd2</guid><a10:author><a10:name>Simon Hope</a10:name></a10:author><title /><description /><pubDate>Tue, 01 May 2012 21:57:25 +1000</pubDate><a10:link href="http://www.mapbutcher.com/" /><a10:rights type="text">Copyright 2011</a10:rights><a10:content type="text"></a10:content><a10:contributor><a10:name>mapbutcher@mapbutcher.com</a10:name></a10:contributor><georss:line>38.92346 -122.33621 38.92198 -122.34148 38.92006 -122.34614 38.91535 -122.35365 38.91394 -122.35596 38.91921 -122.36327 38.92362 -122.36877 38.92722 -122.37009 38.93035 -122.37199 38.93246 -122.37858 38.93736 -122.38232 38.94046 -122.38541 38.94262 -122.39023 38.93886 -122.396 38.93969 -122.39899 38.9405 -122.40317 38.94087 -122.40673 38.94122 -122.41148 38.94156 -122.41623 38.9465 -122.41821 38.9464 -122.42234 38.94493 -122.42702 38.94438 -122.43114 38.94295 -122.43404 38.94191 -122.43992 38.94535 -122.44775 38.94842 -122.45202 38.95203 -122.45276 38.95649 -122.45589 38.96163 -122.46854 38.96666 -122.46696 38.97161 -122.46835 38.97516 -122.47146 38.97907 -122.47873 38.98359 -122.4795 38.98676 -122.47963 38.98618 -122.48494 38.98342 -122.4866 38.98241 -122.49071 38.97843 -122.50535</georss:line></item><item><guid isPermaLink="false">dc4837c2-6ae3-4f2d-b473-e7f71f132370</guid><a10:author><a10:name>Simon Hope</a10:name></a10:author><title /><description /><pubDate>Tue, 01 May 2012 21:57:25 +1000</pubDate><a10:link href="http://www.mapbutcher.com/" /><a10:rights type="text">Copyright 2011</a10:rights><a10:content type="text"></a10:content><a10:contributor><a10:name>mapbutcher@mapbutcher.com</a10:name></a10:contributor><georss:line>39.00761 -120.74983 39.00525 -120.75867 39.00385 -120.76279 39.00336 -120.76634 39.00785 -120.76998 39.00274 -120.78291 38.99858 -120.79054 38.99578 -120.79819 38.99847 -120.80119 39.00159 -120.80598 38.99651 -120.81478 38.98957 -120.82827 38.98095 -120.82929 38.97731 -120.82982 38.97321 -120.83153 38.97045 -120.83562 38.97177 -120.83919 38.9753 -120.84814 38.97025 -120.85455 38.96257 -120.85145 38.95802 -120.85314 38.95345 -120.8572 38.95157 -120.86249 38.95596 -120.87618 38.95853 -120.88925 38.95527 -120.89629 38.95201 -120.90392 38.95552 -120.91464 38.9564 -120.91703 38.95728 -120.91941 38.96125 -120.92837 38.96209 -120.9343 38.96253 -120.93609 38.96205 -120.93785 38.95162 -120.93824 38.94437 -120.93868 38.9394 -120.93681 38.93482 -120.94086 38.93654 -120.94859 38.93742 -120.95156 38.93781 -120.95631 38.93458 -120.96156 38.93273 -120.96449 38.93134 -120.96683 38.92947 -120.97211 38.92897 -120.97565 38.92799 -120.98214 38.92563 -120.98978 38.91967 -120.99557 38.91913 -121.00266 38.91677 -121.0097 38.91618 -121.02152 38.91343 -121.02383 38.91293 -121.02737 38.91553 -121.03748</georss:line></item><item><guid isPermaLink="false">e52764cb-d3b2-4dca-9144-af7e3225c957</guid><a10:author><a10:name>Simon Hope</a10:name></a10:author><title /><description /><pubDate>Tue, 01 May 2012 21:57:25 +1000</pubDate><a10:link href="http://www.mapbutcher.com/" /><a10:rights type="text">Copyright 2011</a10:rights><a10:content type="text"></a10:content><a10:contributor><a10:name>mapbutcher@mapbutcher.com</a10:name></a10:contributor><georss:line>38.98968 -120.68262 38.98242 -120.68311 38.97652 -120.6836 38.96883 -120.68288 38.96028 -120.67623 38.95721 -120.66553 38.95588 -120.66137 38.95368 -120.65482 38.95007 -120.65359 38.94738 -120.6494 38.94476 -120.63931 38.94522 -120.63754 38.94346 -120.63218 38.94714 -120.62691 38.94217 -120.62506 38.94039 -120.62148 38.94319 -120.61266 38.93914 -120.60904 38.93418 -120.60601 38.93609 -120.59539 38.93295 -120.5912 38.92937 -120.58701 38.92755 -120.58698 38.92665 -120.58697 38.91854 -120.58093 38.91274 -120.57079 38.91234 -120.56429 38.91558 -120.55546 38.92522 -120.54199 38.9239 -120.53665 38.93032 -120.52787 38.92901 -120.52193 38.93685 -120.50607 38.9405 -120.50258 38.94465 -120.49434 38.9501 -120.49205 38.95605 -120.48503 38.95923 -120.48448 38.96019 -120.47798 38.96524 -120.46918 38.97802 -120.45869 38.98482 -120.45819 38.98713 -120.45289 38.99573 -120.4536 39.00392 -120.45015 39.0103 -120.4455 39.01664 -120.44676 39.0285 -120.43566 39.03123 -120.43451 39.03488 -120.43159 39.03942 -120.43047 39.04311 -120.42223 39.05041 -120.4158 39.05498 -120.40993 39.06039 -120.41415</georss:line></item><item><guid isPermaLink="false">4c2f31ca-9a78-4101-a1cc-cb61cd286e5d</guid><a10:author><a10:name>Simon Hope</a10:name></a10:author><title /><description /><pubDate>Tue, 01 May 2012 21:57:25 +1000</pubDate><a10:link href="http://www.mapbutcher.com/" /><a10:rights type="text">Copyright 2011</a10:rights><a10:content type="text"></a10:content><a10:contributor><a10:name>mapbutcher@mapbutcher.com</a10:name></a10:contributor><georss:line>38.89559 -120.17323 38.9069 -120.17687 38.91188 -120.1781 38.91457 -120.18286 38.92681 -120.18298 38.93361 -120.18245 38.94357 -120.18549 38.94671 -120.19085 38.95029 -120.19858 38.96475 -120.20641 38.96291 -120.21231 38.98646 -120.2149 38.99731 -120.22034 39.0018 -120.22749 39.00854 -120.23644 39.00985 -120.24593 39.02115 -120.25078 39.027 -120.25795 39.03462 -120.27225 39.04179 -120.28477 39.0467 -120.29608 39.05163 -120.30502 39.05748 -120.3116 39.06332 -120.31937 39.06962 -120.32596 39.06953 -120.34018 39.07177 -120.34435 39.07718 -120.34738 39.07985 -120.35512</georss:line></item><item><guid isPermaLink="false">597f592a-5365-46eb-a133-f52e0a65d4ac</guid><a10:author><a10:name>Simon Hope</a10:name></a10:author><title /><description /><pubDate>Tue, 01 May 2012 21:57:25 +1000</pubDate><a10:link href="http://www.mapbutcher.com/" /><a10:rights type="text">Copyright 2011</a10:rights><a10:content type="text"></a10:content><a10:contributor><a10:name>mapbutcher@mapbutcher.com</a10:name></a10:contributor><georss:line>38.86798 -120.44483 38.86393 -120.44006</georss:line></item><item><guid isPermaLink="false">33ee2b02-9a70-41a6-bb10-bdc42a92a5f7</guid><a10:author><a10:name>Simon Hope</a10:name></a10:author><title /><description /><pubDate>Tue, 01 May 2012 21:57:25 +1000</pubDate><a10:link href="http://www.mapbutcher.com/" /><a10:rights type="text">Copyright 2011</a10:rights><a10:content type="text"></a10:content><a10:contributor><a10:name>mapbutcher@mapbutcher.com</a10:name></a10:contributor><georss:line>38.89463 -123.36917 38.89454 -123.37213 38.89297 -123.37856 38.89677 -123.38763 38.90121 -123.39083 38.90142 -123.39853 38.90669 -123.40414 38.90735 -123.41187 38.91309 -123.41691 38.91917 -123.42552 38.92292 -123.43579 38.92477 -123.44891 38.92542 -123.45724 38.92707 -123.46206 38.92966 -123.46635 38.93053 -123.46758 38.93359 -123.4713 38.92987 -123.47405 38.92562 -123.47915 38.9206 -123.48006 38.91552 -123.48274 38.91303 -123.48971 38.90807 -123.48885 38.90434 -123.49219 38.90469 -123.49516 38.90043 -123.50085 38.89106 -123.5098 38.88897 -123.50436 38.88496 -123.50237 38.8823 -123.50045 38.87771 -123.50197 38.87843 -123.50793 38.87784 -123.51203 38.87506 -123.51366 38.87304 -123.52005 38.87076 -123.52052 38.86929 -123.52399 38.86777 -123.52863 38.86845 -123.53577 38.86656 -123.53803 38.86501 -123.54386 38.86 -123.55836 38.85382 -123.56689 38.86136 -123.57204 38.86778 -123.57004 38.87136 -123.57143 38.86938 -123.57664 38.87385 -123.57866 38.87759 -123.58893 38.88206 -123.59095 38.88507 -123.59586 38.88864 -123.59783 38.89303 -123.60222 38.89963 -123.60851 38.90542 -123.61179 38.90932 -123.61734 38.91509 -123.62123 38.91678 -123.62488 38.91896 -123.62737 38.92133 -123.62454 38.92448 -123.62531 38.92383 -123.6312 38.92696 -123.63255 38.93048 -123.63572 38.93401 -123.63888 38.93751 -123.64263 38.94011 -123.64633 38.944 -123.65188 38.94833 -123.65805 38.95003 -123.6617 38.94754 -123.66808 38.9466 -123.6692 38.94329 -123.67316 38.94346 -123.68146 38.93962 -123.68775 38.94294 -123.69682 38.94252 -123.70924 38.94593 -123.71595 38.94254 -123.72227 38.94637 -123.72959 38.95404 -123.73325 38.95485 -123.73364</georss:line></item><item><guid isPermaLink="false">b859e5ea-a9f4-4bf7-a2cc-9d4b80f57054</guid><a10:author><a10:name>Simon Hope</a10:name></a10:author><title /><description /><pubDate>Tue, 01 May 2012 21:57:25 +1000</pubDate><a10:link href="http://www.mapbutcher.com/" /><a10:rights type="text">Copyright 2011</a10:rights><a10:content type="text"></a10:content><a10:contributor><a10:name>mapbutcher@mapbutcher.com</a10:name></a10:contributor><georss:line>38.89082 -121.12683 38.89201 -121.13987 38.89235 -121.14816 38.89678 -121.15594 38.89851 -121.1619 38.89887 -121.169 38.89835 -121.17431 38.89946 -121.19207 38.8988 -121.20743 38.89368 -121.21677 38.88938 -121.23322 38.89012 -121.24506 38.89496 -121.25523 38.89618 -121.26532 38.89329 -121.27707 38.88955 -121.28467 38.88314 -121.28924 38.88304 -121.29633 38.88374 -121.31054 38.88407 -121.31882 38.88126 -121.32526 38.87748 -121.33522 38.8756 -121.3399 38.87222 -121.354 38.8667 -121.35918 38.86433 -121.36621 38.8563 -121.38728 38.86021 -121.39861 38.85831 -121.40388 38.85997 -121.41398 38.85718 -121.41863 38.85835 -121.43108 38.8623 -121.43886 38.85942 -121.44942 38.86065 -121.45773 38.85775 -121.46888 38.85848 -121.48013 38.85516 -121.48891 38.85496 -121.5019 38.8517 -121.50713 38.8514 -121.52544</georss:line></item><item><guid isPermaLink="false">e585cb71-194b-4fb0-9510-0e0f63e8e222</guid><a10:author><a10:name>Simon Hope</a10:name></a10:author><title /><description /><pubDate>Tue, 01 May 2012 21:57:25 +1000</pubDate><a10:link href="http://www.mapbutcher.com/" /><a10:rights type="text">Copyright 2011</a10:rights><a10:content type="text"></a10:content><a10:contributor><a10:name>mapbutcher@mapbutcher.com</a10:name></a10:contributor><georss:line>38.91553 -121.03748 38.90593 -121.04437 38.89901 -121.05369 38.89586 -121.05184 38.89006 -121.04462 38.88681 -121.05047 38.88216 -121.06042 38.87088 -121.05545 38.86364 -121.0553 38.85996 -121.05936 38.8532 -121.05625 38.84866 -121.05675 38.84591 -121.05905 38.84542 -121.062</georss:line></item><item><guid isPermaLink="false">6960aa3e-d207-48a4-83b5-ddcb31b57c67</guid><a10:author><a10:name>Simon Hope</a10:name></a10:author><title /><description /><pubDate>Tue, 01 May 2012 21:57:25 +1000</pubDate><a10:link href="http://www.mapbutcher.com/" /><a10:rights type="text">Copyright 2011</a10:rights><a10:content type="text"></a10:content><a10:contributor><a10:name>mapbutcher@mapbutcher.com</a10:name></a10:contributor><georss:line>38.83124 -122.73214 38.83593 -122.74358 38.83723 -122.746 38.8417 -122.74857 38.84525 -122.75168 38.84787 -122.75534 38.85088 -122.76139 38.85207 -122.76794 38.85557 -122.77283 38.86041 -122.77837 38.86527 -122.78333 38.87103 -122.78831 38.87723 -122.79392 38.8812 -122.79824 38.88284 -122.80482 38.88493 -122.81142 38.8853 -122.81439 38.88502 -122.82503 38.8812 -122.83195 38.88365 -122.84212 38.89228 -122.85848 38.90287 -122.85246 38.90682 -122.85738 38.9123 -122.85586 38.91692 -122.85311 38.9202 -122.84912 38.92346 -122.84572 38.92623 -122.84407 38.92852 -122.84299 38.9361 -122.84808 38.94389 -122.84489 38.94491 -122.84078 38.94952 -122.83804 38.95364 -122.83645 38.95639 -122.83539 38.96228 -122.83566 38.96814 -122.83711 38.97262 -122.8391 38.97663 -122.84165 38.98111 -122.84363 38.98745 -122.84393 38.99194 -122.84591 38.99695 -122.84495 39.001 -122.84632 39.00653 -122.84303 39.01377 -122.82677 39.0186 -122.81573</georss:line></item><item><guid isPermaLink="false">cec23e41-2bc9-4888-bc78-285fbd2d8e3d</guid><a10:author><a10:name>Simon Hope</a10:name></a10:author><title /><description /><pubDate>Tue, 01 May 2012 21:57:25 +1000</pubDate><a10:link href="http://www.mapbutcher.com/" /><a10:rights type="text">Copyright 2011</a10:rights><a10:content type="text"></a10:content><a10:contributor><a10:name>mapbutcher@mapbutcher.com</a10:name></a10:contributor><georss:line>38.83006 -123.22624 38.83065 -123.23691 38.84357 -123.24467 38.85681 -123.2418 38.86132 -123.24262 38.86784 -123.25183 38.88 -123.25482 38.8847 -123.26453 38.88787 -123.26469 38.89017 -123.26363 38.89482 -123.25973 38.89855 -123.25637 38.90221 -123.25538 38.90542 -123.25436 38.90808 -123.25627 38.91114 -123.25998 38.91098 -123.2653 38.90995 -123.26939 38.90886 -123.27525 38.91089 -123.28304 38.9147 -123.29212 38.92084 -123.29895 38.92788 -123.30583 38.93448 -123.31268 38.93888 -123.31706 38.94185 -123.32373 38.94755 -123.32995 38.95894 -123.34299 38.96068 -123.34544 38.96146 -123.34963 38.9614 -123.35141 38.96133 -123.35378 38.9612 -123.35791 38.96238 -123.3639 38.96172 -123.37038 38.96061 -123.37683 38.95937 -123.38742 38.96002 -123.39575 38.96257 -123.40121 38.96544 -123.41084 38.9702 -123.41821 38.97656 -123.41796 38.98418 -123.42074 38.98886 -123.43047 38.99232 -123.43599 38.9953 -123.44208 38.99875 -123.44759 39.00272 -123.45137 39.00979 -123.45708 39.0186 -123.46527 39.02343 -123.47028 39.02928 -123.48601 39.03604 -123.48756 39.04202 -123.48493 39.0374 -123.47341 39.03391 -123.46907 39.03138 -123.46301 39.02898 -123.4528 39.03291 -123.44353 39.03885 -123.44207 39.04159 -123.44163 39.04506 -123.44656 39.04919 -123.445 39.05291 -123.44224</georss:line></item><item><guid isPermaLink="false">3fef16ba-66ef-4d83-b0f0-37d572609605</guid><a10:author><a10:name>Simon Hope</a10:name></a10:author><title /><description /><pubDate>Tue, 01 May 2012 21:57:25 +1000</pubDate><a10:link href="http://www.mapbutcher.com/" /><a10:rights type="text">Copyright 2011</a10:rights><a10:content type="text"></a10:content><a10:contributor><a10:name>mapbutcher@mapbutcher.com</a10:name></a10:contributor><georss:line>38.82464 -120.35804 38.82462 -120.36158</georss:line></item><item><guid isPermaLink="false">e4fefe9c-de89-4888-8cfc-3df0d938fcb8</guid><a10:author><a10:name>Simon Hope</a10:name></a10:author><title /><description /><pubDate>Tue, 01 May 2012 21:57:25 +1000</pubDate><a10:link href="http://www.mapbutcher.com/" /><a10:rights type="text">Copyright 2011</a10:rights><a10:content type="text"></a10:content><a10:contributor><a10:name>mapbutcher@mapbutcher.com</a10:name></a10:contributor><georss:line>38.82459 -120.36572 38.82462 -120.36158</georss:line></item><item><guid isPermaLink="false">9235902e-c5f1-4dfa-8bda-fe9879a6ccd7</guid><a10:author><a10:name>Simon Hope</a10:name></a10:author><title /><description /><pubDate>Tue, 01 May 2012 21:57:25 +1000</pubDate><a10:link href="http://www.mapbutcher.com/" /><a10:rights type="text">Copyright 2011</a10:rights><a10:content type="text"></a10:content><a10:contributor><a10:name>mapbutcher@mapbutcher.com</a10:name></a10:contributor><georss:line>38.82101 -123.00827 38.8283 -123.00685 38.83359 -123.01243 38.84109 -123.01988 38.85171 -123.02926 38.86053 -123.03796 38.86769 -123.04128 38.87756 -123.0453 38.88188 -123.05261 38.89635 -123.0539 38.90588 -123.05378 38.91937 -123.05799 38.92849 -123.05607 38.9329 -123.06042 38.93857 -123.0684 38.9406 -123.07679 38.94717 -123.0848 38.95015 -123.09146 38.95134 -123.09744 38.95355 -123.09933 38.96117 -123.10267 38.96745 -123.10476 38.97651 -123.1052 38.98738 -123.10574 38.99634 -123.10974 39.0018 -123.10883 39.01162 -123.11465 39.02319 -123.12234 39.0339 -123.1282 39.04153 -123.13096 39.04597 -123.13414 39.05444 -123.13931 39.06111 -123.14379</georss:line></item><item><guid isPermaLink="false">2ab3d29b-f091-4968-9012-e773cf1f59a1</guid><a10:author><a10:name>Simon Hope</a10:name></a10:author><title /><description /><pubDate>Tue, 01 May 2012 21:57:25 +1000</pubDate><a10:link href="http://www.mapbutcher.com/" /><a10:rights type="text">Copyright 2011</a10:rights><a10:content type="text"></a10:content><a10:contributor><a10:name>mapbutcher@mapbutcher.com</a10:name></a10:contributor><georss:line>38.84401 -120.23714 38.83722 -120.23589 38.83315 -120.23349 38.82497 -120.23754 38.82448 -120.24345 38.82217 -120.24992 38.82033 -120.25581 38.81393 -120.26341 38.80892 -120.26809 38.80844 -120.27222 38.81021 -120.27814 38.81565 -120.27938 38.81516 -120.2841 38.81513 -120.29 38.82096 -120.29893 38.82503 -120.30075 38.82454 -120.30665 38.81903 -120.31781</georss:line></item><item><guid isPermaLink="false">b27abc8a-e6db-45d7-ae8e-c03a9b095462</guid><a10:author><a10:name>Simon Hope</a10:name></a10:author><title /><description /><pubDate>Tue, 01 May 2012 21:57:25 +1000</pubDate><a10:link href="http://www.mapbutcher.com/" /><a10:rights type="text">Copyright 2011</a10:rights><a10:content type="text"></a10:content><a10:contributor><a10:name>mapbutcher@mapbutcher.com</a10:name></a10:contributor><georss:line>38.82462 -120.36158 38.82416 -120.36217 38.82098 -120.36331 38.81596 -120.36797 38.81411 -120.37327 38.81767 -120.38276 38.80483 -120.40327 38.80386 -120.41153 38.80379 -120.42216 38.8028 -120.43218 38.80503 -120.43811 38.80864 -120.44052 38.81813 -120.44301 38.82897 -120.44846 38.83446 -120.44204 38.84125 -120.44331 38.84489 -120.4404 38.85122 -120.44284 38.85254 -120.44877 38.85253 -120.44936</georss:line></item><item><guid isPermaLink="false">09403a44-84ee-480e-a4f8-b7ac4cbe74fd</guid><a10:author><a10:name>Simon Hope</a10:name></a10:author><title /><description /><pubDate>Tue, 01 May 2012 21:57:25 +1000</pubDate><a10:link href="http://www.mapbutcher.com/" /><a10:rights type="text">Copyright 2011</a10:rights><a10:content type="text"></a10:content><a10:contributor><a10:name>mapbutcher@mapbutcher.com</a10:name></a10:contributor><georss:line>38.80229 -121.71957 38.8054 -121.72321 38.8113 -121.7228 38.81487 -121.72586 38.81988 -121.72484 38.82848 -121.72569 38.83649 -121.73361 38.84061 -121.73138 38.84514 -121.73151 38.84836 -121.72925 38.85159 -121.72639 38.85332 -121.73058 38.85738 -121.73189 38.86012 -121.73079 38.86186 -121.73498 38.86623 -121.74398 38.87025 -121.74706 38.87194 -121.75362 38.86735 -121.75703 38.86449 -121.76462 38.86161 -121.7734 38.85829 -121.78156 38.8632 -121.78586 38.86623 -121.79364 38.86604 -121.80368 38.87144 -121.80563 38.87803 -121.81707 38.88163 -121.81837 38.88623 -121.81496 38.89002 -121.80621 38.89322 -121.80454 38.89592 -121.80581 38.89964 -121.80061 38.90433 -121.79247 38.90884 -121.79379 38.90725 -121.80617 38.91033 -121.811 38.91265 -121.80811 38.91745 -121.81832 38.92484 -121.83512 38.93029 -121.8347 38.93944 -121.83026 38.943 -121.83393 38.9493 -121.83649 38.95609 -121.83672 38.96075 -121.83035 38.96978 -121.83242 38.97036 -121.82533 38.97635 -121.8202 38.98224 -121.82039 38.98726 -121.81877 38.98643 -121.8146 38.98705 -121.80573 38.98805 -121.80044 38.99083 -121.79697 38.994 -121.79707 38.99625 -121.79832 38.99795 -121.80431 39.00545 -121.8158 39.01756 -121.82269 39.03068 -121.8243 39.03423 -121.82856 39.03872 -121.83048 39.04406 -121.83599 39.05218 -121.83804 39.05674 -121.837 39.0626 -121.83837 39.06481 -121.8414 39.07014 -121.8475 39.06859 -121.85753 39.06786 -121.87173 39.07172 -121.88371 39.07394 -121.88616 39.07837 -121.89164 39.08429 -121.89006 39.09011 -121.89381 39.09242 -121.89151 39.09554 -121.89458 39.10217 -121.9031 39.11256 -121.90522 39.1148 -121.90649 39.11567 -121.90888 39.12062 -121.91024 39.12237 -121.91385 39.12404 -121.92103 39.12893 -121.92653 39.13061 -121.93311 39.14008 -121.93581 39.14103 -121.93346 39.14163 -121.92577 39.14212 -121.924 39.14362 -121.91693 39.14954 -121.91535 39.1549 -121.91969 39.16595 -121.9343 39.17536 -121.93996 39.18347 -121.9426 39.18714 -121.94035 39.19266 -121.93638</georss:line></item><item><guid isPermaLink="false">f177d2ca-db00-43e6-979d-c5b532f137a9</guid><a10:author><a10:name>Simon Hope</a10:name></a10:author><title /><description /><pubDate>Tue, 01 May 2012 21:57:25 +1000</pubDate><a10:link href="http://www.mapbutcher.com/" /><a10:rights type="text">Copyright 2011</a10:rights><a10:content type="text"></a10:content><a10:contributor><a10:name>mapbutcher@mapbutcher.com</a10:name></a10:contributor><georss:line>38.80229 -121.71957 38.79807 -121.72712 38.79704 -121.73418 38.79942 -121.75315 38.81255 -121.77837 38.82215 -121.79875 38.82944 -121.82143 38.83629 -121.84292 38.84014 -121.85487 38.84266 -121.86559 38.84509 -121.88044 38.84711 -121.8935 38.85423 -121.90024 38.87073 -121.91438 38.87981 -121.91409 38.89975 -121.91416 38.91426 -121.91405 38.92424 -121.91379 38.9352 -121.91001 38.94477 -121.90736 38.95061 -121.90993 38.95999 -121.91734 38.96624 -121.92228 38.98032 -121.94407 38.99447 -121.96231 39.00556 -121.97453 39.0091 -121.9788</georss:line></item><item><guid isPermaLink="false">16787e3f-60c5-4eb4-947c-6dabc829efd3</guid><a10:author><a10:name>Simon Hope</a10:name></a10:author><title /><description /><pubDate>Tue, 01 May 2012 21:57:25 +1000</pubDate><a10:link href="http://www.mapbutcher.com/" /><a10:rights type="text">Copyright 2011</a10:rights><a10:content type="text"></a10:content><a10:contributor><a10:name>mapbutcher@mapbutcher.com</a10:name></a10:contributor><georss:line>38.83265 -121.23779 38.82713 -121.24356 38.82382 -121.25352 38.82278 -121.26236 38.81182 -121.26859 38.80949 -121.27267 38.81074 -121.28038 38.80783 -121.29389 38.80628 -121.30685 38.80617 -121.31452 38.80472 -121.32039 38.80415 -121.32864 38.80219 -121.33804 38.80026 -121.34626 38.79364 -121.3644 38.79127 -121.37142 38.7943 -121.38036 38.79876 -121.3858 38.80184 -121.39178 38.80447 -121.39716 38.80708 -121.40432 38.80737 -121.41555 38.80853 -121.42799 38.80878 -121.44098 38.81035 -121.45638 38.81149 -121.47059 38.81136 -121.47885 38.80903 -121.48233 38.80987 -121.48649 38.80841 -121.49294 38.80739 -121.50001 38.79821 -121.50684 38.79677 -121.51212 38.79606 -121.52805</georss:line></item><item><guid isPermaLink="false">e0669070-8149-4f6e-ba65-e767be805883</guid><a10:author><a10:name>Simon Hope</a10:name></a10:author><title /><description /><pubDate>Tue, 01 May 2012 21:57:25 +1000</pubDate><a10:link href="http://www.mapbutcher.com/" /><a10:rights type="text">Copyright 2011</a10:rights><a10:content type="text"></a10:content><a10:contributor><a10:name>mapbutcher@mapbutcher.com</a10:name></a10:contributor><georss:line>38.85253 -120.44936 38.85107 -120.46234 38.84918 -120.47295 38.84511 -120.47172 38.84275 -120.48291 38.84132 -120.49235 38.84131 -120.49413 38.83945 -120.49941 38.83939 -120.5071 38.84481 -120.50953 38.84739 -120.52611 38.85056 -120.52675 38.85326 -120.52856 38.85366 -120.53447 38.84999 -120.54033 38.84681 -120.54147 38.8423 -120.53904 38.83466 -120.53065 38.82646 -120.53586 38.82371 -120.53936 38.82402 -120.5565 38.81668 -120.56584 38.81262 -120.56401 38.81033 -120.56693 38.81297 -120.57583 38.80703 -120.58105 38.80344 -120.57687 38.79612 -120.58562 38.78971 -120.59261</georss:line></item><item><guid isPermaLink="false">89bc6762-6e0c-40d1-aa96-3879a34fb9c1</guid><a10:author><a10:name>Simon Hope</a10:name></a10:author><title /><description /><pubDate>Tue, 01 May 2012 21:57:25 +1000</pubDate><a10:link href="http://www.mapbutcher.com/" /><a10:rights type="text">Copyright 2011</a10:rights><a10:content type="text"></a10:content><a10:contributor><a10:name>mapbutcher@mapbutcher.com</a10:name></a10:contributor><georss:line>38.93748 -121.58347 38.93206 -121.58212 38.91855 -121.57701 38.91448 -121.5763 38.91265 -121.57743 38.90988 -121.58031 38.90164 -121.5848 38.89937 -121.58533 38.89703 -121.5894 38.89513 -121.59467 38.89233 -121.59932 38.88949 -121.60633 38.88575 -121.61332 38.87757 -121.61427 38.86612 -121.62103 38.85418 -121.63014 38.84278 -121.63394 38.82132 -121.64276 38.81461 -121.63784 38.80693 -121.63584 38.79744 -121.63438 38.79026 -121.63004 38.78445 -121.62514</georss:line></item><item><guid isPermaLink="false">b8a5aabc-fb0e-43ac-944a-2f93e78906df</guid><a10:author><a10:name>Simon Hope</a10:name></a10:author><title /><description /><pubDate>Tue, 01 May 2012 21:57:25 +1000</pubDate><a10:link href="http://www.mapbutcher.com/" /><a10:rights type="text">Copyright 2011</a10:rights><a10:content type="text"></a10:content><a10:contributor><a10:name>mapbutcher@mapbutcher.com</a10:name></a10:contributor><georss:line>38.78016 -121.61085 38.78988 -121.59932 38.79435 -121.60299 38.79841 -121.60429 38.80436 -121.60091 38.80935 -121.60106 38.81214 -121.59641 38.80997 -121.59103 38.81181 -121.58932 38.81723 -121.59065 38.82529 -121.5962 38.83075 -121.59518 38.8327 -121.58696 38.83458 -121.58347 38.83735 -121.58 38.84103 -121.57716 38.84558 -121.5761 38.84912 -121.58093 38.85633 -121.5835 38.86586 -121.58318 38.87184 -121.57803 38.87962 -121.57352 38.8871 -121.55955 38.88812 -121.55307 38.88868 -121.54659 38.88887 -121.53477 38.89305 -121.52897 38.89447 -121.52546 38.89777 -121.51727 38.90198 -121.5097 38.90927 -121.50753 38.91534 -121.49646 38.9165 -121.48052 38.92344 -121.47184 38.92673 -121.46424 38.93091 -121.45785 38.93468 -121.44907 38.93704 -121.44321 38.93585 -121.43195 38.93559 -121.41951 38.93578 -121.40709 38.9359 -121.39941 38.93372 -121.39403 38.93063 -121.38862 38.92707 -121.3838 38.93177 -121.37327 38.93429 -121.35617 38.93725 -121.34027 38.94376 -121.32919 38.95567 -121.32062 38.96213 -121.31309 38.96635 -121.30313 38.96963 -121.29552 38.97426 -121.28912 38.9748 -121.2832 38.9799 -121.27504 38.98773 -121.26635 38.99079 -121.24274 38.98593 -121.23375 38.98155 -121.2224 38.97579 -121.21279 38.96915 -121.20079 38.9671 -121.18536 38.9673 -121.17056 38.96807 -121.14632 38.96857 -121.14337</georss:line></item><item><guid isPermaLink="false">44255098-499d-41aa-881c-ceb1498838d4</guid><a10:author><a10:name>Simon Hope</a10:name></a10:author><title /><description /><pubDate>Tue, 01 May 2012 21:57:25 +1000</pubDate><a10:link href="http://www.mapbutcher.com/" /><a10:rights type="text">Copyright 2011</a10:rights><a10:content type="text"></a10:content><a10:contributor><a10:name>mapbutcher@mapbutcher.com</a10:name></a10:contributor><georss:line>38.78016 -121.61085 38.78193 -121.61385 38.78445 -121.62514</georss:line></item><item><guid isPermaLink="false">4d70c20f-be39-4f6e-8862-e35b391281de</guid><a10:author><a10:name>Simon Hope</a10:name></a10:author><title /><description /><pubDate>Tue, 01 May 2012 21:57:25 +1000</pubDate><a10:link href="http://www.mapbutcher.com/" /><a10:rights type="text">Copyright 2011</a10:rights><a10:content type="text"></a10:content><a10:contributor><a10:name>mapbutcher@mapbutcher.com</a10:name></a10:contributor><georss:line>38.81908 -120.06443 38.8145 -120.07561 38.81129 -120.0815 38.80991 -120.08622 38.80717 -120.09151 38.80306 -120.09679 38.80032 -120.1009 38.80165 -120.10682 38.80119 -120.10976 38.79889 -120.11565 38.79887 -120.12096 38.80336 -120.12926 38.80379 -120.13341 38.8015 -120.13752 38.79741 -120.14103 38.79376 -120.14394 38.78783 -120.15098 38.78374 -120.15448 38.78278 -120.16333 38.78495 -120.18224 38.78531 -120.19877 38.78299 -120.20819 38.78023 -120.21525 38.77837 -120.22231 38.77965 -120.2365 38.77778 -120.24651 38.77545 -120.25652 38.77395 -120.28011 38.76938 -120.28538 38.7711 -120.29898 38.76514 -120.31071</georss:line></item><item><guid isPermaLink="false">2eae020b-2a9d-475c-993d-0ae27632859c</guid><a10:author><a10:name>Simon Hope</a10:name></a10:author><title /><description /><pubDate>Tue, 01 May 2012 21:57:25 +1000</pubDate><a10:link href="http://www.mapbutcher.com/" /><a10:rights type="text">Copyright 2011</a10:rights><a10:content type="text"></a10:content><a10:contributor><a10:name>mapbutcher@mapbutcher.com</a10:name></a10:contributor><georss:line>38.78971 -120.59261 38.79418 -120.59917 38.79322 -120.60506 38.79955 -120.6081 38.79401 -120.61806 38.79391 -120.62927 38.79018 -120.64102 38.79325 -120.6517 38.79092 -120.65874 38.78498 -120.66338 38.78655 -120.68878 38.77792 -120.6916 38.77563 -120.69334 38.77334 -120.69625 38.77102 -120.70152 38.77097 -120.70743 38.77317 -120.71336 38.77676 -120.71756 38.77527 -120.72993 38.77113 -120.73576 38.77335 -120.74111 38.77649 -120.74471 38.77278 -120.75291 38.77364 -120.75764 38.77813 -120.76126 38.77581 -120.76653 38.78029 -120.77193 38.78246 -120.78141 38.7766 -120.77776 38.76976 -120.78236 38.76478 -120.7811 38.7624 -120.79227 38.76875 -120.79238 38.76915 -120.79711 38.76317 -120.80527 38.76945 -120.81187 38.76805 -120.81539 38.76524 -120.8236 38.76884 -120.82661 38.77187 -120.83966 38.76949 -120.84965 38.77949 -120.84688 38.78036 -120.85103 38.78165 -120.85754 38.78705 -120.8606 38.78792 -120.86416 38.78968 -120.86832 38.79143 -120.87426 38.79683 -120.87849 38.79997 -120.88151 38.80176 -120.88332 38.80489 -120.88751 38.81561 -120.9013 38.81284 -120.90598 38.8088 -120.90235 38.80558 -120.90643 38.80326 -120.91051 38.80138 -120.91697 38.80498 -120.91882 38.80768 -120.92064 38.81036 -120.92423 38.81392 -120.92962 38.81744 -120.93973 38.82287 -120.93983 38.82417 -120.94518 38.8164 -120.95034 38.81992 -120.95985 38.81439 -120.96742 38.81033 -120.96558 38.80578 -120.96725 38.80472 -120.98022 38.80199 -120.98076 38.7929 -120.98293 38.78703 -120.98104 38.78157 -120.9827 38.77789 -120.98735 38.77231 -120.99905 38.76822 -121.00014 38.76269 -121.00711</georss:line></item><item><guid isPermaLink="false">7a10bf89-0559-4bb0-9fdf-2af536cd7272</guid><a10:author><a10:name>Simon Hope</a10:name></a10:author><title /><description /><pubDate>Tue, 01 May 2012 21:57:25 +1000</pubDate><a10:link href="http://www.mapbutcher.com/" /><a10:rights type="text">Copyright 2011</a10:rights><a10:content type="text"></a10:content><a10:contributor><a10:name>mapbutcher@mapbutcher.com</a10:name></a10:contributor><georss:line>38.76269 -121.00711 38.76216 -121.01359 38.76848 -121.0155 38.7739 -121.01738 38.77522 -121.02036 38.77141 -121.03503 38.77272 -121.03919</georss:line></item><item><guid isPermaLink="false">3984c7a3-e1ce-43b6-b5d7-25bbda7a842a</guid><a10:author><a10:name>Simon Hope</a10:name></a10:author><title /><description /><pubDate>Tue, 01 May 2012 21:57:25 +1000</pubDate><a10:link href="http://www.mapbutcher.com/" /><a10:rights type="text">Copyright 2011</a10:rights><a10:content type="text"></a10:content><a10:contributor><a10:name>mapbutcher@mapbutcher.com</a10:name></a10:contributor><georss:line>38.76514 -120.31071 38.76094 -120.32896 38.76128 -120.34549 38.76071 -120.36142 38.76378 -120.3768 38.76418 -120.38448 38.76999 -120.39458 38.77082 -120.4058 38.77254 -120.41881 38.77066 -120.42705 38.76743 -120.43468 38.76602 -120.44115 38.76775 -120.4518 38.77088 -120.45834 38.7781 -120.46256 38.77667 -120.4708 38.77296 -120.48138 38.76704 -120.48485 38.76736 -120.50138 38.76277 -120.50899 38.76635 -120.51435 38.76489 -120.52673 38.76527 -120.53558 38.76749 -120.54092 38.77065 -120.54274 38.77514 -120.54812 38.77687 -120.55759 38.77682 -120.56348 38.77587 -120.56819 38.7772 -120.57175 38.78442 -120.576 38.78382 -120.59193 38.78971 -120.59261</georss:line></item><item><guid isPermaLink="false">e2c26ee5-162f-4496-b31f-e60d80387b19</guid><a10:author><a10:name>Simon Hope</a10:name></a10:author><title /><description /><pubDate>Tue, 01 May 2012 21:57:25 +1000</pubDate><a10:link href="http://www.mapbutcher.com/" /><a10:rights type="text">Copyright 2011</a10:rights><a10:content type="text"></a10:content><a10:contributor><a10:name>mapbutcher@mapbutcher.com</a10:name></a10:contributor><georss:line>38.77762 -123.49707 38.7743 -123.50161 38.77271 -123.50861 38.76761 -123.51188 38.76606 -123.5177 38.75961 -123.52089 38.75906 -123.52381 38.766 -123.53365 38.7662 -123.53535 38.76635 -123.53662</georss:line></item><item><guid isPermaLink="false">af78a9df-adfa-49b7-b915-1ec8973cc3aa</guid><a10:author><a10:name>Simon Hope</a10:name></a10:author><title /><description /><pubDate>Tue, 01 May 2012 21:57:25 +1000</pubDate><a10:link href="http://www.mapbutcher.com/" /><a10:rights type="text">Copyright 2011</a10:rights><a10:content type="text"></a10:content><a10:contributor><a10:name>mapbutcher@mapbutcher.com</a10:name></a10:contributor><georss:line>38.78445 -121.62514 38.78075 -121.62976 38.77486 -121.629 38.76976 -121.63593 38.77107 -121.63892 38.77377 -121.64018 38.77458 -121.64552 38.77272 -121.64842 38.77042 -121.65012 38.76911 -121.64713 38.76691 -121.64352 38.76368 -121.64639 38.76452 -121.65054 38.76761 -121.65536 38.76615 -121.66122 38.76112 -121.66343 38.75624 -121.65738 38.75389 -121.66203 38.75154 -121.66727 38.75017 -121.66782 38.74565 -121.66651 38.74244 -121.66878 38.74548 -121.67654 38.74996 -121.67962 38.75685 -121.67451 38.76257 -121.68413 38.76519 -121.69011 38.7683 -121.69375 38.77239 -121.69269 38.77789 -121.68932 38.78375 -121.69125 38.78782 -121.69197 38.79192 -121.69091 38.79639 -121.6946 38.79994 -121.69883 38.80255 -121.70482 38.80195 -121.71307 38.80229 -121.71957</georss:line></item><item><guid isPermaLink="false">a522aa16-5125-4fb2-956c-495f29caf204</guid><a10:author><a10:name>Simon Hope</a10:name></a10:author><title /><description /><pubDate>Tue, 01 May 2012 21:57:25 +1000</pubDate><a10:link href="http://www.mapbutcher.com/" /><a10:rights type="text">Copyright 2011</a10:rights><a10:content type="text"></a10:content><a10:contributor><a10:name>mapbutcher@mapbutcher.com</a10:name></a10:contributor><georss:line>38.74734 -122.71485 38.7423 -122.71699 38.74165 -122.72463 38.74462 -122.73244 38.75218 -122.73808 38.7703 -122.75602 38.77465 -122.76331 38.77893 -122.77294 38.78853 -122.78696 38.79235 -122.79659 38.79892 -122.80574 38.80087 -122.81765 38.80381 -122.82605 38.80532 -122.83735 38.80918 -122.84579 38.81172 -122.85241 38.8124 -122.86072 38.81905 -122.86634 38.82376 -122.8766 38.82401 -122.8843 38.82253 -122.88837 38.82627 -122.90095 38.82549 -122.91273 38.82212 -122.91967 38.81486 -122.91992 38.81117 -122.92211 38.80978 -122.92323 38.80826 -122.92906 38.81033 -122.93626 38.81288 -122.94228 38.81676 -122.94955 38.8143 -122.95653 38.81418 -122.96066 38.8136 -122.96536 38.81393 -122.96951 38.81377 -122.97543 38.81758 -122.98506 38.82069 -122.98757 38.82599 -122.99255 38.82354 -122.99894 38.82101 -123.00827</georss:line></item><item><guid isPermaLink="false">a7501dc2-7e11-4362-9d17-ddae2b19b937</guid><a10:author><a10:name>Simon Hope</a10:name></a10:author><title /><description /><pubDate>Tue, 01 May 2012 21:57:25 +1000</pubDate><a10:link href="http://www.mapbutcher.com/" /><a10:rights type="text">Copyright 2011</a10:rights><a10:content type="text"></a10:content><a10:contributor><a10:name>mapbutcher@mapbutcher.com</a10:name></a10:contributor><georss:line>38.71869 -120.01234 38.72409 -120.02064 38.7327 -120.01952 38.74355 -120.02786 38.75216 -120.02851 38.76437 -120.03332 38.77073 -120.03042 38.78252 -120.02991 38.78934 -120.02465 38.79888 -120.0194 38.81247 -120.02009 38.82515 -120.02313 38.83288 -120.01787 38.85232 -120.02983 38.86959 -120.01872 38.87098 -120.01223 38.87463 -120.00635 38.88373 -119.99577 38.88646 -119.99402 38.89372 -119.99229 38.90232 -119.99471 38.90776 -119.99416 38.91095 -119.99063 38.92182 -119.99129 38.92815 -119.99489 38.93223 -119.99551 38.9431 -119.99854</georss:line></item><item><guid isPermaLink="false">7958e3f9-f196-458e-b0e9-3fff808a941d</guid><a10:author><a10:name>Simon Hope</a10:name></a10:author><title /><description /><pubDate>Tue, 01 May 2012 21:57:25 +1000</pubDate><a10:link href="http://www.mapbutcher.com/" /><a10:rights type="text">Copyright 2011</a10:rights><a10:content type="text"></a10:content><a10:contributor><a10:name>mapbutcher@mapbutcher.com</a10:name></a10:contributor><georss:line>38.74799 -120.59493 38.74432 -120.60018 38.741 -120.61607 38.73222 -120.63422 38.73158 -120.65485 38.72151 -120.66531 38.71597 -120.67584 38.71498 -120.68468</georss:line></item><item><guid isPermaLink="false">8dbffad3-b3dd-46ce-bc17-326310ef8eab</guid><a10:author><a10:name>Simon Hope</a10:name></a10:author><title /><description /><pubDate>Tue, 01 May 2012 21:57:25 +1000</pubDate><a10:link href="http://www.mapbutcher.com/" /><a10:rights type="text">Copyright 2011</a10:rights><a10:content type="text"></a10:content><a10:contributor><a10:name>mapbutcher@mapbutcher.com</a10:name></a10:contributor><georss:line>38.71026 -121.17177 38.70858 -121.16229 38.70729 -121.15636</georss:line></item><item><guid isPermaLink="false">fdb7b5e5-68d2-4e96-bec2-bd064d262308</guid><a10:author><a10:name>Simon Hope</a10:name></a10:author><title /><description /><pubDate>Tue, 01 May 2012 21:57:25 +1000</pubDate><a10:link href="http://www.mapbutcher.com/" /><a10:rights type="text">Copyright 2011</a10:rights><a10:content type="text"></a10:content><a10:contributor><a10:name>mapbutcher@mapbutcher.com</a10:name></a10:contributor><georss:line>38.71498 -120.68468 38.71496 -120.68703 38.71294 -120.70765 38.71288 -120.71413 38.71735 -120.7207 38.7168 -120.73071 38.71579 -120.74072 38.71122 -120.74477 38.71064 -120.75715 38.7051 -120.76708 38.70548 -120.77416 38.70358 -120.78297 38.70398 -120.7877 38.70299 -120.79535 38.70424 -120.80598 38.70818 -120.81962 38.71614 -120.83746 38.72016 -120.84343 38.72503 -120.85413 38.73039 -120.86131 38.7398 -120.87093 38.737 -120.87795 38.74236 -120.88455 38.73867 -120.89039 38.74536 -120.90054 38.74522 -120.91293 38.7433 -120.92175 38.74054 -120.92582 38.73906 -120.93582 38.73349 -120.94692 38.73706 -120.9523 38.73696 -120.96056 38.74506 -120.96544 38.74824 -120.96492 38.75276 -120.9656 38.75539 -120.97332 38.75847 -120.98106 38.76247 -120.98763 38.75868 -121.00172 38.76269 -121.00711</georss:line></item><item><guid isPermaLink="false">ffa8ace9-9323-43ff-b21f-53b5a8624cb3</guid><a10:author><a10:name>Simon Hope</a10:name></a10:author><title /><description /><pubDate>Tue, 01 May 2012 21:57:25 +1000</pubDate><a10:link href="http://www.mapbutcher.com/" /><a10:rights type="text">Copyright 2011</a10:rights><a10:content type="text"></a10:content><a10:contributor><a10:name>mapbutcher@mapbutcher.com</a10:name></a10:contributor><georss:line>38.70082 -123.41615 38.7029 -123.42216 38.70962 -123.42488 38.71356 -123.42923 38.71836 -123.43539 38.73066 -123.44786 38.74642 -123.46584 38.75038 -123.4696 38.75515 -123.47635 38.7596 -123.47896 38.76362 -123.48095 38.76581 -123.48343 38.77062 -123.48901 38.77413 -123.49274 38.77762 -123.49707</georss:line></item><item><guid isPermaLink="false">93490ed5-f817-424c-bcb3-091fac960f75</guid><a10:author><a10:name>Simon Hope</a10:name></a10:author><title /><description /><pubDate>Tue, 01 May 2012 21:57:25 +1000</pubDate><a10:link href="http://www.mapbutcher.com/" /><a10:rights type="text">Copyright 2011</a10:rights><a10:content type="text"></a10:content><a10:contributor><a10:name>mapbutcher@mapbutcher.com</a10:name></a10:contributor><georss:line>38.70729 -121.15636 38.69838 -121.14496</georss:line></item><item><guid isPermaLink="false">42ce8c89-8150-4d2f-bbf3-2c5fa0b911c5</guid><a10:author><a10:name>Simon Hope</a10:name></a10:author><title /><description /><pubDate>Tue, 01 May 2012 21:57:25 +1000</pubDate><a10:link href="http://www.mapbutcher.com/" /><a10:rights type="text">Copyright 2011</a10:rights><a10:content type="text"></a10:content><a10:contributor><a10:name>mapbutcher@mapbutcher.com</a10:name></a10:contributor><georss:line>38.69018 -120.18902 38.69887 -120.17554 38.70254 -120.16673 38.70076 -120.16081 38.7035 -120.1573 38.7072 -120.14318 38.7113 -120.1385 38.71183 -120.12435 38.71461 -120.11199 38.70832 -120.10014 38.71109 -120.08837 38.70845 -120.07361 38.7103 -120.06359 38.70764 -120.0506</georss:line></item><item><guid isPermaLink="false">c4385455-70fa-4001-bbf8-26f5f4cdc89d</guid><a10:author><a10:name>Simon Hope</a10:name></a10:author><title /><description /><pubDate>Tue, 01 May 2012 21:57:25 +1000</pubDate><a10:link href="http://www.mapbutcher.com/" /><a10:rights type="text">Copyright 2011</a10:rights><a10:content type="text"></a10:content><a10:contributor><a10:name>mapbutcher@mapbutcher.com</a10:name></a10:contributor><georss:line>38.69018 -120.18902 38.6906 -120.19492 38.69193 -120.20083 38.69372 -120.20438 38.69461 -120.20792 38.70046 -120.21447 38.70407 -120.21804 38.70903 -120.22222 38.71309 -120.2258 38.7176 -120.22879 38.7203 -120.23177 38.72254 -120.23651 38.72568 -120.24126 38.72929 -120.24425 38.73152 -120.25076 38.73558 -120.25434 38.73783 -120.25554 38.74009 -120.25793 38.74549 -120.26447 38.74954 -120.26805 38.75404 -120.27341 38.75538 -120.27814 38.75671 -120.2817 38.7594 -120.28645 38.76118 -120.2906 38.76252 -120.29417 38.76514 -120.31071</georss:line></item><item><guid isPermaLink="false">2e9c24bc-7a8e-4b56-b725-742cd5988eb6</guid><a10:author><a10:name>Simon Hope</a10:name></a10:author><title /><description /><pubDate>Tue, 01 May 2012 21:57:25 +1000</pubDate><a10:link href="http://www.mapbutcher.com/" /><a10:rights type="text">Copyright 2011</a10:rights><a10:content type="text"></a10:content><a10:contributor><a10:name>mapbutcher@mapbutcher.com</a10:name></a10:contributor><georss:line>38.70729 -121.15636 38.69991 -121.16681 38.68535 -121.17061 38.68398 -121.17117</georss:line></item><item><guid isPermaLink="false">625273cd-af6e-42da-80c3-c3b89700c96d</guid><a10:author><a10:name>Simon Hope</a10:name></a10:author><title /><description /><pubDate>Tue, 01 May 2012 21:57:25 +1000</pubDate><a10:link href="http://www.mapbutcher.com/" /><a10:rights type="text">Copyright 2011</a10:rights><a10:content type="text"></a10:content><a10:contributor><a10:name>mapbutcher@mapbutcher.com</a10:name></a10:contributor><georss:line>38.92346 -122.33621 38.91989 -122.3337 38.92041 -122.33076 38.92097 -122.32605 38.91784 -122.32416 38.91196 -122.32334 38.91071 -122.31856 38.90533 -122.31598 38.90846 -122.29777 38.90992 -122.29368 38.91141 -122.28782 38.91398 -122.27431 38.91327 -122.26541 38.91147 -122.26476 38.90655 -122.26161 38.90206 -122.25967 38.90366 -122.24908 38.90194 -122.24487 38.89878 -122.24416 38.89162 -122.23975 38.8872 -122.23486 38.88096 -122.22989 38.88161 -122.22104 38.88079 -122.21687 38.87822 -122.21027 38.87503 -122.21075 38.87181 -122.21299 38.86451 -122.21508 38.8602 -122.20487 38.85429 -122.20525 38.84943 -122.19975 38.84586 -122.19725 38.84185 -122.19356 38.83427 -122.18796 38.83207 -122.18492 38.82943 -122.18127 38.82631 -122.1788 38.82229 -122.1757 38.81644 -122.17371 38.80924 -122.17108 38.8016 -122.16785 38.78815 -122.16087 38.78274 -122.15948 38.77737 -122.15633 38.77247 -122.15202 38.76711 -122.14829 38.75998 -122.14272 38.75111 -122.13354 38.74321 -122.12086 38.74204 -122.11197 38.74162 -122.11077 38.73941 -122.10774 38.73536 -122.10642 38.7299 -122.10741 38.72047 -122.10294 38.71382 -122.09562 38.71078 -122.08903 38.71228 -122.08259 38.7116 -122.07195 38.71138 -122.06073 38.70902 -122.04295 38.71138 -122.01649 38.71122 -122.00173 38.71052 -121.99168 38.70885 -121.98454 38.70275 -121.97195 38.6967 -121.957 38.69547 -121.95047 38.69467 -121.94513 38.69519 -121.9416 38.69527 -121.93807 38.69264 -121.93327 38.69101 -121.92377 38.68681 -121.90654 38.68387 -121.89465 38.68228 -121.88339 38.68742 -121.87531 38.68764 -121.86351 38.69043 -121.86007 38.69586 -121.86083 38.69877 -121.8509 38.70296 -121.84513 38.70633 -121.83463 38.7185 -121.81437 38.72313 -121.8092 38.73136 -121.80534 38.7324 -121.79829 38.73485 -121.78833 38.729 -121.78579 38.72765 -121.78516 38.72638 -121.7804 38.72069 -121.7696 38.7199 -121.76308 38.72374 -121.7514 38.72705 -121.74384 38.72544 -121.73257 38.72609 -121.72198 38.71986 -121.7153 38.71542 -121.70985 38.68914 -121.70906 38.68608 -121.70248 38.67675 -121.69218 38.6753 -121.64555</georss:line></item><item><guid isPermaLink="false">7a3a9079-3538-4c3b-9b54-02f7293ea4ac</guid><a10:author><a10:name>Simon Hope</a10:name></a10:author><title /><description /><pubDate>Tue, 01 May 2012 21:57:25 +1000</pubDate><a10:link href="http://www.mapbutcher.com/" /><a10:rights type="text">Copyright 2011</a10:rights><a10:content type="text"></a10:content><a10:contributor><a10:name>mapbutcher@mapbutcher.com</a10:name></a10:contributor><georss:line>38.67513 -121.62904 38.68408 -121.63579 38.69226 -121.63484 38.69782 -121.62793 38.70199 -121.62274 38.71078 -121.61238 38.71947 -121.60792 38.73537 -121.60542 38.74134 -121.60088 38.74547 -121.59804 38.75735 -121.59248 38.76727 -121.59572 38.77577 -121.60246 38.78016 -121.61085</georss:line></item><item><guid isPermaLink="false">4948a356-edab-4fa8-83e9-a5005b76b849</guid><a10:author><a10:name>Simon Hope</a10:name></a10:author><title /><description /><pubDate>Tue, 01 May 2012 21:57:25 +1000</pubDate><a10:link href="http://www.mapbutcher.com/" /><a10:rights type="text">Copyright 2011</a10:rights><a10:content type="text"></a10:content><a10:contributor><a10:name>mapbutcher@mapbutcher.com</a10:name></a10:contributor><georss:line>38.67513 -121.62904 38.6753 -121.64555</georss:line></item><item><guid isPermaLink="false">fc5a8872-c599-4585-b997-1e34536d447a</guid><a10:author><a10:name>Simon Hope</a10:name></a10:author><title /><description /><pubDate>Tue, 01 May 2012 21:57:25 +1000</pubDate><a10:link href="http://www.mapbutcher.com/" /><a10:rights type="text">Copyright 2011</a10:rights><a10:content type="text"></a10:content><a10:contributor><a10:name>mapbutcher@mapbutcher.com</a10:name></a10:contributor><georss:line>38.66424 -122.33028 38.6718 -122.33647 38.68055 -122.35038 38.68589 -122.35471 38.69213 -122.35967 38.69736 -122.36873 38.70583 -122.37496 38.70289 -122.38428 38.7109 -122.39109 38.71843 -122.39847 38.72583 -122.39227 38.72944 -122.39301 38.7339 -122.39613 38.73883 -122.39869 38.74831 -122.40025 38.75227 -122.40572 38.74744 -122.41792 38.75506 -122.42177 38.75693 -122.41948 38.76294 -122.41441 38.76427 -122.41564 38.7692 -122.4182 38.76865 -122.42231 38.76984 -122.42944 38.77151 -122.43542 38.77365 -122.44081 38.7754 -122.44384 38.78188 -122.45709 38.78638 -122.45846 38.79039 -122.46157 38.78793 -122.46974 38.78732 -122.47621 38.78861 -122.47922 38.78991 -122.48164 38.79031 -122.48402 38.79509 -122.49248 38.79183 -122.49589 38.79068 -122.50588 38.78683 -122.51517 38.78096 -122.51434 38.77586 -122.51885 38.77482 -122.52412 38.77605 -122.52949 38.78086 -122.53678 38.78345 -122.5422 38.7856 -122.54701 38.78592 -122.55235 38.78582 -122.55647 38.78791 -122.56365 38.79267 -122.57271 38.79797 -122.57825 38.80106 -122.58192 38.80364 -122.58735 38.80392 -122.59446 38.80474 -122.59804 38.80367 -122.60449 38.8047 -122.61753 38.78992 -122.6104 38.78237 -122.60417 38.77969 -122.60229 38.77601 -122.60449 38.77319 -122.60851 38.76508 -122.60639 38.76042 -122.6115 38.75844 -122.61792 38.76295 -122.637 38.77032 -122.65031 38.77056 -122.65859 38.78561 -122.69054 38.80301 -122.70194 38.81147 -122.70763 38.81082 -122.71528 38.80658 -122.7216</georss:line></item><item><guid isPermaLink="false">291783d5-56b4-4ce6-97e4-de342b033949</guid><a10:author><a10:name>Simon Hope</a10:name></a10:author><title /><description /><pubDate>Tue, 01 May 2012 21:57:25 +1000</pubDate><a10:link href="http://www.mapbutcher.com/" /><a10:rights type="text">Copyright 2011</a10:rights><a10:content type="text"></a10:content><a10:contributor><a10:name>mapbutcher@mapbutcher.com</a10:name></a10:contributor><georss:line>38.74545 -123.14339 38.74821 -123.14175 38.75316 -123.14318 38.75391 -123.14854 38.75185 -123.17205 38.75481 -123.17928 38.75547 -123.18758 38.75248 -123.19688 38.74885 -123.19669 38.74509 -123.20123 38.74535 -123.20774 38.75007 -123.21684 38.74947 -123.22153 38.73968 -123.23048 38.74131 -123.23647 38.73246 -123.24428 38.72907 -123.25119 38.72277 -123.24969 38.71753 -123.24293 38.7138 -123.24628 38.70398 -123.24105 38.69084 -123.22562 38.67609 -123.21838 38.67281 -123.22176 38.66879 -123.21979 38.66145 -123.22236 38.66347 -123.23072 38.66887 -123.23218 38.67468 -123.23483 38.67576 -123.24432 38.67596 -123.25259 38.67493 -123.25667 38.67527 -123.26022 38.67517 -123.26376 38.67642 -123.26736 38.67578 -123.27323 38.67522 -123.27674 38.67557 -123.2803 38.67776 -123.28277 38.67725 -123.28452 38.67539 -123.28619 38.67207 -123.29073 38.66882 -123.29352 38.66664 -123.3052 38.66639 -123.31344 38.66106 -123.32437 38.66765 -123.3312 38.67234 -123.34089 38.67723 -123.34409 38.68216 -123.34612 38.68154 -123.3514 38.68815 -123.35765 38.6934 -123.36382 38.69542 -123.3716 38.70028 -123.37599 38.69987 -123.38895 38.70898 -123.38766 38.71025 -123.39069 38.70872 -123.39592 38.70842 -123.40534 38.70565 -123.40697 38.7024 -123.40915 38.70082 -123.41615</georss:line></item><item><guid isPermaLink="false">af509639-6bf6-48eb-8f6d-d559ebab564a</guid><a10:author><a10:name>Simon Hope</a10:name></a10:author><title /><description /><pubDate>Tue, 01 May 2012 21:57:25 +1000</pubDate><a10:link href="http://www.mapbutcher.com/" /><a10:rights type="text">Copyright 2011</a10:rights><a10:content type="text"></a10:content><a10:contributor><a10:name>mapbutcher@mapbutcher.com</a10:name></a10:contributor><georss:line>38.65291 -120.28236 38.65374 -120.29475 38.66093 -120.30485 38.66949 -120.31261 38.67302 -120.32679 38.67751 -120.33273 38.68235 -120.35519 38.68227 -120.3658 38.68223 -120.3717 38.68036 -120.38052 38.68029 -120.38876 38.67975 -120.40114 38.67965 -120.41587 38.67917 -120.4194 38.67905 -120.43473 38.6844 -120.44541 38.6902 -120.45846 38.69465 -120.46913 38.69779 -120.47272 38.70092 -120.47807 38.70313 -120.48517 38.70989 -120.48997 38.71349 -120.49416 38.71572 -120.49831 38.71795 -120.50188 38.72017 -120.5084 38.72279 -120.52082 38.72229 -120.52554 38.72 -120.52905 38.71273 -120.5313 38.7091 -120.53124 38.70364 -120.53353 38.6991 -120.53523 38.69545 -120.53813 38.6936 -120.54223 38.69038 -120.54749 38.69212 -120.55695 38.69197 -120.57287 38.6891 -120.5911 38.68583 -120.60166 38.68124 -120.60867 38.67937 -120.61512 38.67567 -120.62214 38.67288 -120.63035 38.67056 -120.63621 38.65393 -120.66954</georss:line></item><item><guid isPermaLink="false">17fe465f-0b5a-41f1-9d33-77c928639d40</guid><a10:author><a10:name>Simon Hope</a10:name></a10:author><title /><description /><pubDate>Tue, 01 May 2012 21:57:25 +1000</pubDate><a10:link href="http://www.mapbutcher.com/" /><a10:rights type="text">Copyright 2011</a10:rights><a10:content type="text"></a10:content><a10:contributor><a10:name>mapbutcher@mapbutcher.com</a10:name></a10:contributor><georss:line>38.64507 -119.94289 38.65322 -119.94472 38.66594 -119.9389 38.6741 -119.93954 38.68273 -119.93192 38.68636 -119.93313 38.6918 -119.93198 38.69586 -119.93554 38.7036 -119.92616 38.70951 -119.92265 38.71404 -119.92149 38.72128 -119.92448 38.72942 -119.92807 38.73259 -119.93163 38.7362 -119.93401 38.74572 -119.93348 38.75523 -119.93649 38.76294 -119.93653 38.77744 -119.93543 38.77973 -119.92954 38.78067 -119.9201 38.7739 -119.91122 38.7744 -119.89705 38.77442 -119.89115 38.77443 -119.88643 38.77309 -119.8817 38.76948 -119.87519 38.76859 -119.86929 38.76408 -119.86217 38.76456 -119.85333 38.76413 -119.84683 38.76596 -119.83858 38.7687 -119.83092 38.77189 -119.82385 38.78053 -119.81444 38.78327 -119.8056 38.78419 -119.79734 38.78874 -119.79086 38.79509 -119.78853 38.80328 -119.77675 38.80962 -119.77677 38.81191 -119.76969 38.81826 -119.76676 38.82506 -119.76561 38.82869 -119.76503 38.83598 -119.76279 38.8369 -119.76251</georss:line></item><item><guid isPermaLink="false">53c5e894-c6ce-40ab-b5a8-4fd4427efd1e</guid><a10:author><a10:name>Simon Hope</a10:name></a10:author><title /><description /><pubDate>Tue, 01 May 2012 21:57:25 +1000</pubDate><a10:link href="http://www.mapbutcher.com/" /><a10:rights type="text">Copyright 2011</a10:rights><a10:content type="text"></a10:content><a10:contributor><a10:name>mapbutcher@mapbutcher.com</a10:name></a10:contributor><georss:line>38.64288 -121.2262 38.63927 -121.22494</georss:line></item><item><guid isPermaLink="false">f0231dbd-e6c4-44e5-8a11-b804d8391138</guid><a10:author><a10:name>Simon Hope</a10:name></a10:author><title /><description /><pubDate>Tue, 01 May 2012 21:57:25 +1000</pubDate><a10:link href="http://www.mapbutcher.com/" /><a10:rights type="text">Copyright 2011</a10:rights><a10:content type="text"></a10:content><a10:contributor><a10:name>mapbutcher@mapbutcher.com</a10:name></a10:contributor><georss:line>38.63927 -121.22494 38.63477 -121.22307</georss:line></item><item><guid isPermaLink="false">ae88f300-684b-4955-998f-d9e1a0da62ca</guid><a10:author><a10:name>Simon Hope</a10:name></a10:author><title /><description /><pubDate>Tue, 01 May 2012 21:57:25 +1000</pubDate><a10:link href="http://www.mapbutcher.com/" /><a10:rights type="text">Copyright 2011</a10:rights><a10:content type="text"></a10:content><a10:contributor><a10:name>mapbutcher@mapbutcher.com</a10:name></a10:contributor><georss:line>38.63409 -120.24799 38.63086 -120.2568 38.63305 -120.26978 38.63796 -120.28162 38.63969 -120.29519 38.63911 -120.31345 38.63533 -120.33638 38.64162 -120.34588 38.64063 -120.35765 38.6451 -120.36654 38.64533 -120.39718 38.65334 -120.41731 38.65865 -120.43506 38.66222 -120.44276 38.66394 -120.4534 38.66934 -120.45936 38.67428 -120.46532 38.67873 -120.47541 38.68139 -120.4837 38.68358 -120.49316 38.68217 -120.49903 38.67213 -120.50715 38.66615 -120.51826 38.66331 -120.53237 38.66961 -120.53777 38.66909 -120.5466 38.66183 -120.54708 38.66127 -120.55945 38.65988 -120.56297 38.65574 -120.57056 38.65164 -120.57287 38.64799 -120.57576 38.64388 -120.57923 38.63929 -120.58564 38.63872 -120.59859 38.64459 -120.60104 38.65089 -120.60585 38.64903 -120.61172 38.64941 -120.61938 38.65112 -120.6312 38.65194 -120.64005 38.65005 -120.64827 38.64865 -120.65295 38.65393 -120.66954</georss:line></item><item><guid isPermaLink="false">3cd96a9b-8195-4b27-806f-96a5b4457c3e</guid><a10:author><a10:name>Simon Hope</a10:name></a10:author><title /><description /><pubDate>Tue, 01 May 2012 21:57:25 +1000</pubDate><a10:link href="http://www.mapbutcher.com/" /><a10:rights type="text">Copyright 2011</a10:rights><a10:content type="text"></a10:content><a10:contributor><a10:name>mapbutcher@mapbutcher.com</a10:name></a10:contributor><georss:line>38.60087 -121.48788 38.64938 -121.48743 38.65731 -121.4735 38.68179 -121.44527 38.68965 -121.43546 38.69757 -121.42152 38.70408 -121.41048 38.71553 -121.40311 38.73149 -121.39703 38.73621 -121.38477 38.73642 -121.37061 38.73565 -121.36174 38.73619 -121.35585 38.73721 -121.3488 38.73337 -121.33277 38.73262 -121.32154 38.73324 -121.31035 38.73297 -121.29795 38.73538 -121.28798 38.74866 -121.27886 38.75145 -121.27362 38.75394 -121.25834 38.75241 -121.23824 38.75091 -121.21577 38.75014 -121.20573</georss:line></item><item><guid isPermaLink="false">d687140f-e90e-4568-b9f4-73ee78fd031e</guid><a10:author><a10:name>Simon Hope</a10:name></a10:author><title /><description /><pubDate>Tue, 01 May 2012 21:57:25 +1000</pubDate><a10:link href="http://www.mapbutcher.com/" /><a10:rights type="text">Copyright 2011</a10:rights><a10:content type="text"></a10:content><a10:contributor><a10:name>mapbutcher@mapbutcher.com</a10:name></a10:contributor><georss:line>38.6753 -121.64555 38.66853 -121.64359 38.6627 -121.63988 38.6603 -121.64747 38.65837 -121.65449 38.65194 -121.65901 38.6469 -121.6624 38.64548 -121.66589 38.64619 -121.67711 38.64501 -121.69241 38.64114 -121.70585 38.64241 -121.71119 38.63773 -121.71929 38.63402 -121.72389 38.628 -121.73078 38.62571 -121.7319 38.62426 -121.73715 38.62191 -121.74179 38.61642 -121.74457 38.6114 -121.74618 38.60641 -121.74662 38.60186 -121.74707 38.59946 -121.75465 38.60024 -121.76174 38.60147 -121.76884 38.60586 -121.77664 38.60473 -121.78838 38.61134 -121.79861 38.61317 -121.82223 38.62497 -121.84558 38.63126 -121.84872 38.63565 -121.85594 38.63415 -121.86356 38.63659 -121.87778 38.63873 -121.88492 38.64456 -121.88805 38.65926 -121.9015 38.66669 -121.91531 38.66636 -121.93239 38.67061 -121.94669 38.68652 -121.96786 38.69114 -121.98571</georss:line></item><item><guid isPermaLink="false">57882c64-3b0c-4d78-8bc8-b560d53744cf</guid><a10:author><a10:name>Simon Hope</a10:name></a10:author><title /><description /><pubDate>Tue, 01 May 2012 21:57:25 +1000</pubDate><a10:link href="http://www.mapbutcher.com/" /><a10:rights type="text">Copyright 2011</a10:rights><a10:content type="text"></a10:content><a10:contributor><a10:name>mapbutcher@mapbutcher.com</a10:name></a10:contributor><georss:line>38.59689 -121.50957 38.60016 -121.50377 38.6021 -121.49616 38.60087 -121.48788</georss:line></item><item><guid isPermaLink="false">58ea1efc-b571-455d-802b-01182ab0cbeb</guid><a10:author><a10:name>Simon Hope</a10:name></a10:author><title /><description /><pubDate>Tue, 01 May 2012 21:57:25 +1000</pubDate><a10:link href="http://www.mapbutcher.com/" /><a10:rights type="text">Copyright 2011</a10:rights><a10:content type="text"></a10:content><a10:contributor><a10:name>mapbutcher@mapbutcher.com</a10:name></a10:contributor><georss:line>38.59689 -121.50957 38.60046 -121.5132 38.6022 -121.51736 38.60297 -121.52563 38.6024 -121.53328 38.60094 -121.53912 38.5981 -121.54611 38.60255 -121.55154 38.60968 -121.55881 38.61778 -121.56257 38.64495 -121.56451 38.64853 -121.56697 38.64844 -121.57227 38.6442 -121.58217 38.64362 -121.58923 38.656 -121.60785 38.67334 -121.62781 38.67513 -121.62904</georss:line></item><item><guid isPermaLink="false">1e8caa24-4ce1-48dc-92f4-1ee8159f3034</guid><a10:author><a10:name>Simon Hope</a10:name></a10:author><title /><description /><pubDate>Tue, 01 May 2012 21:57:25 +1000</pubDate><a10:link href="http://www.mapbutcher.com/" /><a10:rights type="text">Copyright 2011</a10:rights><a10:content type="text"></a10:content><a10:contributor><a10:name>mapbutcher@mapbutcher.com</a10:name></a10:contributor><georss:line>38.58571 -122.85854 38.59071 -122.85818 38.59611 -122.85961 38.60465 -122.86236 38.60612 -122.85831 38.60646 -122.84595 38.61114 -122.84027 38.61373 -122.82861 38.61974 -122.82416 38.62172 -122.83486 38.62289 -122.84199 38.62375 -122.8438 38.6249 -122.85151 38.63066 -122.85648 38.63214 -122.85184 38.62828 -122.844 38.62845 -122.83752 38.63403 -122.83247 38.63099 -122.82762 38.63021 -122.82287 38.62801 -122.82041 38.62407 -122.81493 38.62054 -122.81123 38.61658 -122.80693 38.61125 -122.80256 38.60635 -122.79939 38.60373 -122.79574 38.60432 -122.79046 38.60669 -122.78644 38.61038 -122.78425 38.61578 -122.78567 38.62027 -122.78764 38.62613 -122.78908 38.63153 -122.7905 38.63732 -122.79431 38.6427 -122.79691 38.64672 -122.79886 38.64822 -122.81071 38.64988 -122.81669 38.65331 -122.82392 38.66027 -122.83485 38.67372 -122.84077 38.67801 -122.84982 38.6837 -122.85715 38.69082 -122.8622 38.69429 -122.86826 38.70082 -122.878 38.70296 -122.88282 38.70736 -122.88774 38.71041 -122.89201 38.71525 -122.89755 38.7187 -122.90421 38.72213 -122.91145 38.72607 -122.91635 38.73 -122.92184 38.73573 -122.92802 38.74066 -122.93002 38.74647 -122.93325 38.75043 -122.93757 38.75518 -122.94605 38.75735 -122.9497 38.75993 -122.95455 38.76337 -122.9612 38.7672 -122.97025 38.77068 -122.97573 38.77405 -122.98476 38.78167 -122.98807 38.78924 -122.99316 38.79261 -123.00218 38.80348 -123.0027 38.80883 -123.00591 38.81468 -123.00738 38.82101 -123.00827</georss:line></item><item><guid isPermaLink="false">218117aa-5613-47a4-9451-9d814ee63d48</guid><a10:author><a10:name>Simon Hope</a10:name></a10:author><title /><description /><pubDate>Tue, 01 May 2012 21:57:25 +1000</pubDate><a10:link href="http://www.mapbutcher.com/" /><a10:rights type="text">Copyright 2011</a10:rights><a10:content type="text"></a10:content><a10:contributor><a10:name>mapbutcher@mapbutcher.com</a10:name></a10:contributor><georss:line>38.58571 -122.85854 38.58764 -122.87101 38.59523 -122.87548 38.60048 -122.8822 38.60634 -122.88365 38.61077 -122.8874 38.61752 -122.88947 38.62243 -122.89206 38.62421 -122.89332 38.62682 -122.89757 38.62902 -122.90002 38.6317 -122.90133 38.63393 -122.90261 38.63662 -122.90392 38.64058 -122.90823 38.64406 -122.9137 38.64626 -122.91616 38.64841 -122.92039 38.65049 -122.92697 38.65858 -122.92971 38.6606 -122.93864 38.66825 -122.94077 38.67503 -122.94169 38.67905 -122.94364 38.68246 -122.95148 38.68869 -122.9559 38.69495 -122.95914 38.69713 -122.9622 38.6993 -122.96584 38.70146 -122.96948 38.705 -122.9726 38.70761 -122.97686 38.70843 -122.97985 38.71375 -122.98424 38.71544 -122.98845 38.71667 -122.99323 38.7161 -122.99733 38.71727 -123.00388 38.71575 -123.00971 38.71692 -123.01626 38.71857 -123.02224 38.7206 -123.0306 38.72551 -123.0332 38.72677 -123.0368 38.72843 -123.04219 38.72967 -123.04639 38.73272 -123.05067 38.73351 -123.05483 38.73607 -123.06027 38.7373 -123.06506 38.73889 -123.07281 38.74207 -123.08831 38.74914 -123.09457 38.75327 -123.09299 38.76046 -123.09512 38.76134 -123.09634 38.76625 -123.09895 38.77237 -123.10693 38.77713 -123.11485 38.78046 -123.12505 38.77934 -123.13209 38.77873 -123.13737 38.78126 -123.14399 38.78366 -123.15475 38.78994 -123.15742 38.79603 -123.166 38.80072 -123.16092 38.80481 -123.16053 38.81105 -123.16439 38.81545 -123.16875 38.82399 -123.17154 38.82769 -123.16878 38.83301 -123.17318 38.84024 -123.17413 38.84924 -123.17636 38.85522 -123.17371 38.85856 -123.16796 38.85609 -123.15956 38.86217 -123.15336 38.86462 -123.14698 38.86753 -123.14062 38.87173 -123.13669 38.87579 -123.13748 38.88018 -123.14243 38.88189 -123.14607 38.88142 -123.16202 38.88218 -123.16679 38.88473 -123.17283 38.88636 -123.17883 38.88896 -123.1831 38.89375 -123.18985 38.89671 -123.1971 38.89466 -123.20469 38.9019 -123.22044 38.90902 -123.22495 38.9301 -123.21774</georss:line></item><item><guid isPermaLink="false">cc778a11-fb4a-4009-9d60-61338744957f</guid><a10:author><a10:name>Simon Hope</a10:name></a10:author><title /><description /><pubDate>Tue, 01 May 2012 21:57:25 +1000</pubDate><a10:link href="http://www.mapbutcher.com/" /><a10:rights type="text">Copyright 2011</a10:rights><a10:content type="text"></a10:content><a10:contributor><a10:name>mapbutcher@mapbutcher.com</a10:name></a10:contributor><georss:line>38.5609 -121.52035 38.56728 -121.51817 38.57141 -121.51534 38.57647 -121.51077 38.58197 -121.50681 38.58517 -121.50571 38.58835 -121.50521 38.59152 -121.50529 38.59378 -121.50595 38.59689 -121.50957</georss:line></item><item><guid isPermaLink="false">a0f0a28f-fcd0-4b0b-a6e3-3e9c8eb33f97</guid><a10:author><a10:name>Simon Hope</a10:name></a10:author><title /><description /><pubDate>Tue, 01 May 2012 21:57:25 +1000</pubDate><a10:link href="http://www.mapbutcher.com/" /><a10:rights type="text">Copyright 2011</a10:rights><a10:content type="text"></a10:content><a10:contributor><a10:name>mapbutcher@mapbutcher.com</a10:name></a10:contributor><georss:line>38.60514 -120.23827 38.5901 -120.25226 38.58961 -120.25755 38.59319 -120.26524 38.59264 -120.28055 38.58439 -120.29517 38.58345 -120.30105 38.58297 -120.30399 38.58564 -120.31285 38.58418 -120.32697 38.58048 -120.33752 38.57497 -120.34923 38.5694 -120.36682 38.56294 -120.38322 38.56428 -120.38618 38.56329 -120.39735 38.56232 -120.40675 38.56226 -120.41441 38.56663 -120.43683 38.56833 -120.45098 38.56691 -120.45979 38.57003 -120.46572 38.57043 -120.4722 38.57312 -120.47577 38.56985 -120.48808 38.56888 -120.49632 38.56835 -120.50631 38.57009 -120.51457 38.57142 -120.51871 38.57411 -120.52229 38.57678 -120.52762 38.58127 -120.53298 38.58622 -120.53776 38.58979 -120.54429 38.59151 -120.55491 38.58873 -120.56252 38.59266 -120.57848 38.59855 -120.57974 38.5989 -120.59152 38.60475 -120.59573 38.60512 -120.60516 38.60825 -120.60992 38.61129 -120.62469 38.6162 -120.63301 38.62021 -120.64014 38.61607 -120.64714 38.62143 -120.65547 38.62222 -120.66785 38.62349 -120.67731 38.62613 -120.68619 38.62556 -120.69796 38.62319 -120.70853 38.61949 -120.71612 38.6185 -120.72435 38.61383 -120.73782 38.60783 -120.7489 38.61097 -120.75249 38.60955 -120.75777 38.60355 -120.76885 38.59856 -120.76936 38.59442 -120.77517 38.58935 -120.78274 38.58618 -120.78268 38.5812 -120.78259 38.57622 -120.78192 38.57348 -120.78364 38.57026 -120.78829 38.56749 -120.79237 38.56514 -120.80056 38.56089 -120.81696</georss:line></item><item><guid isPermaLink="false">89681122-fa53-4eb5-b169-2aa9a882398b</guid><a10:author><a10:name>Simon Hope</a10:name></a10:author><title /><description /><pubDate>Tue, 01 May 2012 21:57:25 +1000</pubDate><a10:link href="http://www.mapbutcher.com/" /><a10:rights type="text">Copyright 2011</a10:rights><a10:content type="text"></a10:content><a10:contributor><a10:name>mapbutcher@mapbutcher.com</a10:name></a10:contributor><georss:line>38.60087 -121.48788 38.59917 -121.48077 38.59518 -121.47536 38.58944 -121.46578 38.59041 -121.46169 38.59052 -121.45463 38.58928 -121.44694 38.58664 -121.44216 38.58442 -121.43916 38.58318 -121.43147 38.58103 -121.42376 38.57927 -121.42077 38.5629 -121.42328 38.55853 -121.41315 38.5605 -121.4032 38.56614 -121.38981 38.57021 -121.36106 38.58144 -121.33721 38.58333 -121.33195 38.58976 -121.32623 38.596 -121.33345 38.60292 -121.32597 38.60297 -121.32185 38.60398 -121.3154 38.60864 -121.30668 38.61091 -121.30614 38.61903 -121.3087 38.62408 -121.3047 38.62826 -121.29774 38.63018 -121.29071 38.62473 -121.29117 38.622 -121.29169 38.61932 -121.28927 38.61847 -121.28513 38.62122 -121.28284 38.62307 -121.28053 38.62675 -121.27649 38.63228 -121.27073 38.63601 -121.26375 38.6361 -121.25727 38.63445 -121.24545 38.63454 -121.23897 38.63598 -121.23312 38.63927 -121.22494</georss:line></item><item><guid isPermaLink="false">6e0d9dc7-5c41-4282-8170-6604e23f2487</guid><a10:author><a10:name>Simon Hope</a10:name></a10:author><title /><description /><pubDate>Tue, 01 May 2012 21:57:25 +1000</pubDate><a10:link href="http://www.mapbutcher.com/" /><a10:rights type="text">Copyright 2011</a10:rights><a10:content type="text"></a10:content><a10:contributor><a10:name>mapbutcher@mapbutcher.com</a10:name></a10:contributor><georss:line>38.55676 -120.21837 38.56268 -120.21489 38.57584 -120.21031 38.58268 -120.2039 38.58632 -120.20276 38.59094 -120.18573 38.59464 -120.17163 38.59513 -120.16575 38.59154 -120.15807 38.59112 -120.15159 38.59298 -120.14394</georss:line></item><item><guid isPermaLink="false">b4847981-2fc3-4df5-be7b-7bf96c96c063</guid><a10:author><a10:name>Simon Hope</a10:name></a10:author><title /><description /><pubDate>Tue, 01 May 2012 21:57:25 +1000</pubDate><a10:link href="http://www.mapbutcher.com/" /><a10:rights type="text">Copyright 2011</a10:rights><a10:content type="text"></a10:content><a10:contributor><a10:name>mapbutcher@mapbutcher.com</a10:name></a10:contributor><georss:line>38.65393 -120.66954 38.65661 -120.67431 38.66141 -120.69383 38.65499 -120.70139 38.64906 -120.70541 38.64491 -120.71183 38.64528 -120.72126 38.64565 -120.72893 38.65063 -120.7296 38.64545 -120.74895 38.63991 -120.75888 38.63447 -120.75938 38.63123 -120.76521 38.63023 -120.77462 38.62791 -120.77988 38.62201 -120.78036 38.61788 -120.78559 38.61507 -120.79379 38.61676 -120.8056 38.61606 -120.82915 38.6128 -120.83675 38.6087 -120.83903 38.6005 -120.84241 38.59597 -120.84232 38.58827 -120.84219 38.58329 -120.84092 38.57696 -120.84021 38.57241 -120.84131 38.56742 -120.8418 38.56243 -120.8423 38.55608 -120.84277</georss:line></item><item><guid isPermaLink="false">dd7e0568-18f7-44be-8c53-0ef1dbbacb13</guid><a10:author><a10:name>Simon Hope</a10:name></a10:author><title /><description /><pubDate>Tue, 01 May 2012 21:57:25 +1000</pubDate><a10:link href="http://www.mapbutcher.com/" /><a10:rights type="text">Copyright 2011</a10:rights><a10:content type="text"></a10:content><a10:contributor><a10:name>mapbutcher@mapbutcher.com</a10:name></a10:contributor><georss:line>38.55608 -120.84277 38.55161 -120.83739 38.55621 -120.831 38.55716 -120.8269 38.56089 -120.81696</georss:line></item><item><guid isPermaLink="false">1377c2e6-7ec2-4127-8f92-3472471c55a0</guid><a10:author><a10:name>Simon Hope</a10:name></a10:author><title /><description /><pubDate>Tue, 01 May 2012 21:57:25 +1000</pubDate><a10:link href="http://www.mapbutcher.com/" /><a10:rights type="text">Copyright 2011</a10:rights><a10:content type="text"></a10:content><a10:contributor><a10:name>mapbutcher@mapbutcher.com</a10:name></a10:contributor><georss:line>38.54155 -120.26058 38.53885 -120.25761</georss:line></item><item><guid isPermaLink="false">21bdaf6c-5265-4d17-99db-ebb2512c47eb</guid><a10:author><a10:name>Simon Hope</a10:name></a10:author><title /><description /><pubDate>Tue, 01 May 2012 21:57:25 +1000</pubDate><a10:link href="http://www.mapbutcher.com/" /><a10:rights type="text">Copyright 2011</a10:rights><a10:content type="text"></a10:content><a10:contributor><a10:name>mapbutcher@mapbutcher.com</a10:name></a10:contributor><georss:line>38.53885 -120.25761 38.53616 -120.25347</georss:line></item><item><guid isPermaLink="false">c7891523-ba8a-4136-b10e-78fa5107f024</guid><a10:author><a10:name>Simon Hope</a10:name></a10:author><title /><description /><pubDate>Tue, 01 May 2012 21:57:25 +1000</pubDate><a10:link href="http://www.mapbutcher.com/" /><a10:rights type="text">Copyright 2011</a10:rights><a10:content type="text"></a10:content><a10:contributor><a10:name>mapbutcher@mapbutcher.com</a10:name></a10:contributor><georss:line>38.5549 -123.17571 38.54772 -123.173 38.53978 -123.18084 38.53389 -123.18054 38.53014 -123.18447 38.52987 -123.19388 38.53721 -123.20602 38.54287 -123.21397 38.54684 -123.21771 38.55204 -123.22563 38.55772 -123.23299 38.56304 -123.23679 38.56431 -123.2398 38.55919 -123.24425 38.55944 -123.25074 38.56291 -123.25622 38.56724 -123.26292 38.57204 -123.26906 38.57722 -123.27757 38.5775 -123.28348 38.57744 -123.28524 38.58047 -123.29011 38.58894 -123.29468 38.59311 -123.29195 38.59682 -123.28919 38.60313 -123.2907 38.60751 -123.29564 38.6059 -123.3038 38.60436 -123.30962 38.60512 -123.31437 38.60594 -123.31736 38.61024 -123.32466 38.61247 -123.32596 38.61421 -123.3284 38.61591 -123.33202 38.61856 -123.33453 38.62424 -123.34131 38.62772 -123.34621 38.63431 -123.35304 38.63969 -123.35509 38.64569 -123.35187 38.64888 -123.35145 38.65009 -123.35622 38.65223 -123.36047 38.65108 -123.36807 38.66077 -123.37743 38.66782 -123.38371 38.67572 -123.39239 38.67925 -123.39552 38.68415 -123.39815 38.68634 -123.40062 38.6898 -123.40612 38.69369 -123.41222 38.70082 -123.41615</georss:line></item><item><guid isPermaLink="false">98474641-5f35-4376-8c69-755ee60f0c4d</guid><a10:author><a10:name>Simon Hope</a10:name></a10:author><title /><description /><pubDate>Tue, 01 May 2012 21:57:25 +1000</pubDate><a10:link href="http://www.mapbutcher.com/" /><a10:rights type="text">Copyright 2011</a10:rights><a10:content type="text"></a10:content><a10:contributor><a10:name>mapbutcher@mapbutcher.com</a10:name></a10:contributor><georss:line>38.51276 -122.10556 38.51503 -122.10564 38.51683 -122.10629</georss:line></item><item><guid isPermaLink="false">48f76932-1f6a-4167-9884-95d5ff2f56e7</guid><a10:author><a10:name>Simon Hope</a10:name></a10:author><title /><description /><pubDate>Tue, 01 May 2012 21:57:25 +1000</pubDate><a10:link href="http://www.mapbutcher.com/" /><a10:rights type="text">Copyright 2011</a10:rights><a10:content type="text"></a10:content><a10:contributor><a10:name>mapbutcher@mapbutcher.com</a10:name></a10:contributor><georss:line>38.51126 -121.61546 38.51202 -121.62371 38.51373 -121.62965 38.51489 -121.64144 38.51344 -121.64669 38.51017 -121.65189 38.50964 -121.65658 38.51082 -121.66662 38.51285 -121.68021 38.51676 -121.68974 38.51665 -121.69621 38.51377 -121.70494 38.51449 -121.71555 38.51527 -121.72263 38.51541 -121.73971 38.51558 -121.7556 38.51678 -121.76387 38.51882 -121.77629 38.52144 -121.78167 38.52452 -121.78706</georss:line></item><item><guid isPermaLink="false">fa688b16-a62b-40f2-9bfb-4fbab5d730db</guid><a10:author><a10:name>Simon Hope</a10:name></a10:author><title /><description /><pubDate>Tue, 01 May 2012 21:57:25 +1000</pubDate><a10:link href="http://www.mapbutcher.com/" /><a10:rights type="text">Copyright 2011</a10:rights><a10:content type="text"></a10:content><a10:contributor><a10:name>mapbutcher@mapbutcher.com</a10:name></a10:contributor><georss:line>38.50914 -122.10543 38.51276 -122.10556</georss:line></item><item><guid isPermaLink="false">689e256d-ec23-4219-bbec-7ddb97763942</guid><a10:author><a10:name>Simon Hope</a10:name></a10:author><title /><description /><pubDate>Tue, 01 May 2012 21:57:25 +1000</pubDate><a10:link href="http://www.mapbutcher.com/" /><a10:rights type="text">Copyright 2011</a10:rights><a10:content type="text"></a10:content><a10:contributor><a10:name>mapbutcher@mapbutcher.com</a10:name></a10:contributor><georss:line>38.52045 -120.48859 38.51584 -120.49735 38.51163 -120.51376 38.51018 -120.52433 38.50964 -120.53432 38.50957 -120.54373 38.51221 -120.55259 38.5071 -120.56781 38.5047 -120.58189 38.5032 -120.59833 38.50444 -120.61129 38.50515 -120.63364 38.50994 -120.65372 38.51529 -120.66439 38.51652 -120.67735 38.52776 -120.68694 38.53035 -120.70052 38.53438 -120.70588 38.53705 -120.71063 38.53793 -120.713 38.54195 -120.71895 38.54691 -120.72256 38.54775 -120.72905 38.54632 -120.73608 38.54806 -120.74318 38.54847 -120.74789 38.55288 -120.75915 38.55315 -120.77681 38.5508 -120.7856 38.55614 -120.7951 38.55517 -120.80097 38.56089 -120.81696</georss:line></item><item><guid isPermaLink="false">12b42349-7690-4bef-87d4-ece9119ce4e8</guid><a10:author><a10:name>Simon Hope</a10:name></a10:author><title /><description /><pubDate>Tue, 01 May 2012 21:57:25 +1000</pubDate><a10:link href="http://www.mapbutcher.com/" /><a10:rights type="text">Copyright 2011</a10:rights><a10:content type="text"></a10:content><a10:contributor><a10:name>mapbutcher@mapbutcher.com</a10:name></a10:contributor><georss:line>38.52452 -121.78706 38.52583 -121.78945 38.5284 -121.79777 38.52686 -121.80714 38.52573 -121.81946 38.52917 -121.82898 38.53134 -121.83434 38.53434 -121.84327 38.53689 -121.85218 38.53854 -121.86047 38.53655 -121.86982 38.53731 -121.87749 38.53852 -121.88519 38.53476 -121.89212 38.53192 -121.89851 38.53052 -121.90081 38.52908 -121.90488 38.52876 -121.92135 38.52991 -121.93139 38.53199 -121.94087 38.5269 -121.94659 38.52543 -121.95184 38.52204 -121.9629 38.51595 -121.9727 38.50951 -121.9772 38.50627 -121.98061 38.50392 -121.98465 38.50154 -121.99046 38.49825 -121.99622</georss:line></item><item><guid isPermaLink="false">2d47e37a-20bb-41d7-a3d6-86d830e936c2</guid><a10:author><a10:name>Simon Hope</a10:name></a10:author><title /><description /><pubDate>Tue, 01 May 2012 21:57:25 +1000</pubDate><a10:link href="http://www.mapbutcher.com/" /><a10:rights type="text">Copyright 2011</a10:rights><a10:content type="text"></a10:content><a10:contributor><a10:name>mapbutcher@mapbutcher.com</a10:name></a10:contributor><georss:line>38.53125 -119.81515 38.53485 -119.82339 38.53938 -119.82871 38.54161 -119.84048 38.54609 -119.85992 38.54607 -119.86581 38.54057 -119.88579 38.53645 -119.89753 38.53505 -119.91106 38.53593 -119.9193 38.53908 -119.92578 38.54758 -119.95525 38.55483 -119.95765 38.5584 -119.97298 38.56517 -119.98008 38.56695 -119.98715 38.56966 -119.99071 38.57372 -119.99426 38.57958 -120.00314 38.58 -120.0102 38.57408 -120.01839 38.5713 -120.03075 38.56537 -120.04071 38.55315 -120.03767 38.54949 -120.04412 38.54224 -120.04407 38.54042 -120.04523 38.53858 -120.05228 38.5295 -120.05574 38.51908 -120.05507 38.51541 -120.06328 38.51131 -120.06796 38.50808 -120.08204 38.50623 -120.08908 38.50757 -120.09321 38.50528 -120.09789 38.50478 -120.10789 38.4975 -120.11371 38.49657 -120.11782 38.49561 -120.1284 38.49691 -120.14134 38.49598 -120.14486</georss:line></item><item><guid isPermaLink="false">7d2e907a-d88f-4bf2-ab1f-f81339338b87</guid><a10:author><a10:name>Simon Hope</a10:name></a10:author><title /><description /><pubDate>Tue, 01 May 2012 21:57:25 +1000</pubDate><a10:link href="http://www.mapbutcher.com/" /><a10:rights type="text">Copyright 2011</a10:rights><a10:content type="text"></a10:content><a10:contributor><a10:name>mapbutcher@mapbutcher.com</a10:name></a10:contributor><georss:line>38.49485 -122.89733 38.50289 -122.88535 38.51017 -122.88451 38.51562 -122.88417 38.51714 -122.87836 38.51279 -122.87168 38.51521 -122.86591 38.51619 -122.86359 38.51895 -122.86196 38.52345 -122.86334 38.52887 -122.86418 38.53084 -122.85838 38.53399 -122.85912 38.53663 -122.86218 38.54355 -122.85779 38.5512 -122.85991 38.55719 -122.85665 38.56141 -122.85155 38.5668 -122.85355 38.57081 -122.85609 38.57529 -122.85807 38.57712 -122.85757 38.58029 -122.85771 38.58571 -122.85854</georss:line></item><item><guid isPermaLink="false">2062aeea-486e-47b8-9c01-fb5a2b94c83b</guid><a10:author><a10:name>Simon Hope</a10:name></a10:author><title /><description /><pubDate>Tue, 01 May 2012 21:57:25 +1000</pubDate><a10:link href="http://www.mapbutcher.com/" /><a10:rights type="text">Copyright 2011</a10:rights><a10:content type="text"></a10:content><a10:contributor><a10:name>mapbutcher@mapbutcher.com</a10:name></a10:contributor><georss:line>38.49825 -121.99622 38.48935 -122.01003 38.48834 -122.0153 38.48915 -122.02003 38.49828 -122.03916 38.50634 -122.04415 38.51464 -122.05914 38.51114 -122.07491 38.51415 -122.08266 38.51114 -122.09668 38.51276 -122.10556</georss:line></item><item><guid isPermaLink="false">3d087789-662e-43f5-a8fd-7f6007511fb4</guid><a10:author><a10:name>Simon Hope</a10:name></a10:author><title /><description /><pubDate>Tue, 01 May 2012 21:57:25 +1000</pubDate><a10:link href="http://www.mapbutcher.com/" /><a10:rights type="text">Copyright 2011</a10:rights><a10:content type="text"></a10:content><a10:contributor><a10:name>mapbutcher@mapbutcher.com</a10:name></a10:contributor><georss:line>38.51875 -122.59241 38.51661 -122.60526 38.52006 -122.63013 38.51769 -122.63415 38.5131 -122.63631 38.50608 -122.64483 38.50771 -122.65196 38.51573 -122.6576 38.52375 -122.66325 38.5313 -122.66946 38.54004 -122.6822 38.54661 -122.69131 38.54555 -122.69715 38.54654 -122.71133 38.54824 -122.71552 38.54488 -122.72303 38.53524 -122.72731 38.52934 -122.72764 38.52339 -122.72973 38.518 -122.72773 38.51356 -122.724 38.50998 -122.72208 38.50622 -122.72721 38.50521 -122.73129 38.50276 -122.73824 38.50378 -122.75123 38.50587 -122.75779 38.50615 -122.76427 38.50823 -122.77143 38.50845 -122.78027 38.50505 -122.78894 38.49972 -122.80164 38.49314 -122.81017 38.49237 -122.82191 38.48542 -122.82747 38.47496 -122.84524</georss:line></item><item><guid isPermaLink="false">4c581505-b76b-4c98-85dc-80dcf17bdd2b</guid><a10:author><a10:name>Simon Hope</a10:name></a10:author><title /><description /><pubDate>Tue, 01 May 2012 21:57:25 +1000</pubDate><a10:link href="http://www.mapbutcher.com/" /><a10:rights type="text">Copyright 2011</a10:rights><a10:content type="text"></a10:content><a10:contributor><a10:name>mapbutcher@mapbutcher.com</a10:name></a10:contributor><georss:line>38.47496 -122.84524 38.48167 -122.84849 38.4845 -122.8445 38.49031 -122.8477 38.49174 -122.84541 38.49441 -122.84731 38.4952 -122.85146 38.49281 -122.85606 38.49035 -122.863 38.49482 -122.86555 38.49559 -122.8703 38.49504 -122.87381 38.49244 -122.88604 38.49485 -122.89733</georss:line></item></channel></rss>
]]></text>
                              </contents>
                            </body>
                          </stream>
                        </streams>
                        <attachments />
                      </testLog>
                    </testStepRun>
                    <testStepRun startTime="2012-05-01T21:57:25.4231824+10:00" endTime="2012-05-01T21:57:28.2172+10:00">
                      <testStep id="ceeca965d83f8983" name="ExportGeoRSS_RSSFormat_Layer(&quot;&quot;, &quot;ExportLayers/7&quot;, &quot;ExportLayer&quot;, &quot;{\&quot;filterGeometry\&quot;:null,\&quot;geometryType\&quot;:null,\&quot;where\&quot;:null,\&quot;exportProperties\&quot;:{\&quot;Title\&quot;:\&quot;Californian Rivers\&quot;,\&quot;ID\&quot;:\&quot;Feed Id\&quot;,\&quot;Language\&quot;:\&quot;en-us\&quot;,\&quot;CopyRight\&quot;:\&quot;Copyright 2011\&quot;,\&quot;Generator\&quot;:\&quot;http://www.mapbutcher.com\&quot;,\&quot;Description\&quot;:\&quot;A GeoRSS format of Californian Rivers\&quot;,\&quot;Link\&quot;:{\&quot;BaseUri\&quot;:null,\&quot;Length\&quot;:0,\&quot;MediaType\&quot;:null,\&quot;RelationshipType\&quot;:null,\&quot;Title\&quot;:\&quot;Mapbutcher\&quot;,\&quot;Uri\&quot;:\&quot;http://www.mapbutcher.com\&quot;},\&quot;Author\&quot;:{\&quot;Email\&quot;:\&quot;mapbutcher@mapbutcher.com\&quot;,\&quot;Name\&quot;:\&quot;Simon\&quot;,\&quot;Uri\&quot;:\&quot;http://www.mapbutcher.com\&quot;},\&quot;GeometryFormat\&quot;:\&quot;GML\&quot;,\&quot;GeometryField\&quot;:\&quot;Shape\&quot;,\&quot;FeedFormat\&quot;:\&quot;Rss\&quot;,\&quot;Items\&quot;:[{\&quot;Key\&quot;:\&quot;Author\&quot;,\&quot;Value\&quot;:{\&quot;PostCondition\&quot;:null,\&quot;PreConditon\&quot;:null,\&quot;MappedContent\&quot;:null,\&quot;MappedContentAlias\&quot;:null,\&quot;FixedContent\&quot;:\&quot;Simon Hope\&quot;,\&quot;MappedContentDelimeter\&quot;:null,\&quot;AutoGenerate\&quot;:false}},{\&quot;Key\&quot;:\&quot;Content\&quot;,\&quot;Value\&quot;:{\&quot;PostCondition\&quot;:null,\&quot;PreConditon\&quot;:null,\&quot;MappedContent\&quot;:null,\&quot;MappedContentAlias\&quot;:null,\&quot;FixedContent\&quot;:null,\&quot;MappedContentDelimeter\&quot;:null,\&quot;AutoGenerate\&quot;:false}},{\&quot;Key\&quot;:\&quot;Contributors\&quot;,\&quot;Value\&quot;:{\&quot;PostCondition\&quot;:null,\&quot;PreConditon\&quot;:null,\&quot;MappedContent\&quot;:null,\&quot;MappedContentAlias\&quot;:null,\&quot;FixedContent\&quot;:\&quot;mapbutcher@mapbutcher.com\&quot;,\&quot;MappedContentDelimeter\&quot;:null,\&quot;AutoGenerate\&quot;:false}},{\&quot;Key\&quot;:\&quot;Copyright\&quot;,\&quot;Value\&quot;:{\&quot;PostCondition\&quot;:null,\&quot;PreConditon\&quot;:null,\&quot;MappedContent\&quot;:null,\&quot;MappedContentAlias\&quot;:null,\&quot;FixedContent\&quot;:\&quot;Copyright 2011\&quot;,\&quot;MappedContentDelimeter\&quot;:null,\&quot;AutoGenerate\&quot;:false}},{\&quot;Key\&quot;:\&quot;Id\&quot;,\&quot;Value\&quot;:{\&quot;PostCondition\&quot;:null,\&quot;PreConditon\&quot;:null,\&quot;MappedContent\&quot;:\&quot;UFI\&quot;,\&quot;MappedContentAlias\&quot;:null,\&quot;FixedContent\&quot;:null,\&quot;MappedContentDelimeter\&quot;:null,\&quot;AutoGenerate\&quot;:true}},{\&quot;Key\&quot;:\&quot;LastUpdatedTime\&quot;,\&quot;Value\&quot;:{\&quot;PostCondition\&quot;:null,\&quot;PreConditon\&quot;:null,\&quot;MappedContent\&quot;:null,\&quot;MappedContentAlias\&quot;:null,\&quot;FixedContent\&quot;:null,\&quot;MappedContentDelimeter\&quot;:null,\&quot;AutoGenerate\&quot;:false}},{\&quot;Key\&quot;:\&quot;Links\&quot;,\&quot;Value\&quot;:{\&quot;PostCondition\&quot;:null,\&quot;PreConditon\&quot;:null,\&quot;MappedContent\&quot;:null,\&quot;MappedContentAlias\&quot;:null,\&quot;FixedContent\&quot;:\&quot;http://www.mapbutcher.com\&quot;,\&quot;MappedContentDelimeter\&quot;:null,\&quot;AutoGenerate\&quot;:false}},{\&quot;Key\&quot;:\&quot;PublishDate\&quot;,\&quot;Value\&quot;:{\&quot;PostCondition\&quot;:null,\&quot;PreConditon\&quot;:null,\&quot;MappedContent\&quot;:null,\&quot;MappedContentAlias\&quot;:null,\&quot;FixedContent\&quot;:null,\&quot;MappedContentDelimeter\&quot;:null,\&quot;AutoGenerate\&quot;:true}},{\&quot;Key\&quot;:\&quot;Summary\&quot;,\&quot;Value\&quot;:{\&quot;PostCondition\&quot;:null,\&quot;PreConditon\&quot;:null,\&quot;MappedContent\&quot;:null,\&quot;MappedContentAlias\&quot;:null,\&quot;FixedContent\&quot;:null,\&quot;MappedContentDelimeter\&quot;:null,\&quot;AutoGenerate\&quot;:false}},{\&quot;Key\&quot;:\&quot;Title\&quot;,\&quot;Value\&quot;:{\&quot;PostCondition\&quot;:null,\&quot;PreConditon\&quot;:null,\&quot;MappedContent\&quot;:null,\&quot;MappedContentAlias\&quot;:null,\&quot;FixedContent\&quot;:null,\&quot;MappedContentDelimeter\&quot;:null,\&quot;AutoGenerate\&quot;:false}}]}}&quot;, &quot;georss&quot;, &quot;{}&quot;, 500, &quot;item&quot;)" fullName="GPX.Server.Extension.Tests/MockServerTest/ExportGeoRSS_RSSFormat_Layer/ExportGeoRSS_RSSFormat_Layer(&quot;&quot;, &quot;ExportLayers/7&quot;, &quot;ExportLayer&quot;, &quot;{\&quot;filterGeometry\&quot;:null,\&quot;geometryType\&quot;:null,\&quot;where\&quot;:null,\&quot;exportProperties\&quot;:{\&quot;Title\&quot;:\&quot;Californian Rivers\&quot;,\&quot;ID\&quot;:\&quot;Feed Id\&quot;,\&quot;Language\&quot;:\&quot;en-us\&quot;,\&quot;CopyRight\&quot;:\&quot;Copyright 2011\&quot;,\&quot;Generator\&quot;:\&quot;http://www.mapbutcher.com\&quot;,\&quot;Description\&quot;:\&quot;A GeoRSS format of Californian Rivers\&quot;,\&quot;Link\&quot;:{\&quot;BaseUri\&quot;:null,\&quot;Length\&quot;:0,\&quot;MediaType\&quot;:null,\&quot;RelationshipType\&quot;:null,\&quot;Title\&quot;:\&quot;Mapbutcher\&quot;,\&quot;Uri\&quot;:\&quot;http://www.mapbutcher.com\&quot;},\&quot;Author\&quot;:{\&quot;Email\&quot;:\&quot;mapbutcher@mapbutcher.com\&quot;,\&quot;Name\&quot;:\&quot;Simon\&quot;,\&quot;Uri\&quot;:\&quot;http://www.mapbutcher.com\&quot;},\&quot;GeometryFormat\&quot;:\&quot;GML\&quot;,\&quot;GeometryField\&quot;:\&quot;Shape\&quot;,\&quot;FeedFormat\&quot;:\&quot;Rss\&quot;,\&quot;Items\&quot;:[{\&quot;Key\&quot;:\&quot;Author\&quot;,\&quot;Value\&quot;:{\&quot;PostCondition\&quot;:null,\&quot;PreConditon\&quot;:null,\&quot;MappedContent\&quot;:null,\&quot;MappedContentAlias\&quot;:null,\&quot;FixedContent\&quot;:\&quot;Simon Hope\&quot;,\&quot;MappedContentDelimeter\&quot;:null,\&quot;AutoGenerate\&quot;:false}},{\&quot;Key\&quot;:\&quot;Content\&quot;,\&quot;Value\&quot;:{\&quot;PostCondition\&quot;:null,\&quot;PreConditon\&quot;:null,\&quot;MappedContent\&quot;:null,\&quot;MappedContentAlias\&quot;:null,\&quot;FixedContent\&quot;:null,\&quot;MappedContentDelimeter\&quot;:null,\&quot;AutoGenerate\&quot;:false}},{\&quot;Key\&quot;:\&quot;Contributors\&quot;,\&quot;Value\&quot;:{\&quot;PostCondition\&quot;:null,\&quot;PreConditon\&quot;:null,\&quot;MappedContent\&quot;:null,\&quot;MappedContentAlias\&quot;:null,\&quot;FixedContent\&quot;:\&quot;mapbutcher@mapbutcher.com\&quot;,\&quot;MappedContentDelimeter\&quot;:null,\&quot;AutoGenerate\&quot;:false}},{\&quot;Key\&quot;:\&quot;Copyright\&quot;,\&quot;Value\&quot;:{\&quot;PostCondition\&quot;:null,\&quot;PreConditon\&quot;:null,\&quot;MappedContent\&quot;:null,\&quot;MappedContentAlias\&quot;:null,\&quot;FixedContent\&quot;:\&quot;Copyright 2011\&quot;,\&quot;MappedContentDelimeter\&quot;:null,\&quot;AutoGenerate\&quot;:false}},{\&quot;Key\&quot;:\&quot;Id\&quot;,\&quot;Value\&quot;:{\&quot;PostCondition\&quot;:null,\&quot;PreConditon\&quot;:null,\&quot;MappedContent\&quot;:\&quot;UFI\&quot;,\&quot;MappedContentAlias\&quot;:null,\&quot;FixedContent\&quot;:null,\&quot;MappedContentDelimeter\&quot;:null,\&quot;AutoGenerate\&quot;:true}},{\&quot;Key\&quot;:\&quot;LastUpdatedTime\&quot;,\&quot;Value\&quot;:{\&quot;PostCondition\&quot;:null,\&quot;PreConditon\&quot;:null,\&quot;MappedContent\&quot;:null,\&quot;MappedContentAlias\&quot;:null,\&quot;FixedContent\&quot;:null,\&quot;MappedContentDelimeter\&quot;:null,\&quot;AutoGenerate\&quot;:false}},{\&quot;Key\&quot;:\&quot;Links\&quot;,\&quot;Value\&quot;:{\&quot;PostCondition\&quot;:null,\&quot;PreConditon\&quot;:null,\&quot;MappedContent\&quot;:null,\&quot;MappedContentAlias\&quot;:null,\&quot;FixedContent\&quot;:\&quot;http://www.mapbutcher.com\&quot;,\&quot;MappedContentDelimeter\&quot;:null,\&quot;AutoGenerate\&quot;:false}},{\&quot;Key\&quot;:\&quot;PublishDate\&quot;,\&quot;Value\&quot;:{\&quot;PostCondition\&quot;:null,\&quot;PreConditon\&quot;:null,\&quot;MappedContent\&quot;:null,\&quot;MappedContentAlias\&quot;:null,\&quot;FixedContent\&quot;:null,\&quot;MappedContentDelimeter\&quot;:null,\&quot;AutoGenerate\&quot;:true}},{\&quot;Key\&quot;:\&quot;Summary\&quot;,\&quot;Value\&quot;:{\&quot;PostCondition\&quot;:null,\&quot;PreConditon\&quot;:null,\&quot;MappedContent\&quot;:null,\&quot;MappedContentAlias\&quot;:null,\&quot;FixedContent\&quot;:null,\&quot;MappedContentDelimeter\&quot;:null,\&quot;AutoGenerate\&quot;:false}},{\&quot;Key\&quot;:\&quot;Title\&quot;,\&quot;Value\&quot;:{\&quot;PostCondition\&quot;:null,\&quot;PreConditon\&quot;:null,\&quot;MappedContent\&quot;:null,\&quot;MappedContentAlias\&quot;:null,\&quot;FixedContent\&quot;:null,\&quot;MappedContentDelimeter\&quot;:null,\&quot;AutoGenerate\&quot;:false}}]}}&quot;, &quot;georss&quot;, &quot;{}&quot;, 500, &quot;item&quot;)" testId="3329aded5f51c3be" isPrimary="false" isTestCase="true" isDynamic="false">
                        <codeReference assembly="GPX.Server.Extension.Tests, Version=1.0.0.0, Culture=neutral, PublicKeyToken=null" namespace="GPX.Server.Extension.Tests" type="GPX.Server.Extension.Tests.MockServerTest" member="ExportGeoRSS_RSSFormat_Layer" />
                        <codeLocation path="C:\Git\arcgis-exporter-extension\GPX.Server.Extension.Tests\MockServerTest.cs" line="230" />
                        <metadata>
                          <entry key="TestKind">
                            <value>Test</value>
                          </entry>
                          <entry key="Description">
                            <value>Export Lines GML Rss - test assumes 500 feature limit threshhold set by mock server object</value>
                          </entry>
                        </metadata>
                      </testStep>
                      <children />
                      <result assertCount="1" duration="2.7911427">
                        <outcome status="passed" />
                      </result>
                      <testLog>
                        <streams>
                          <stream name="Log">
                            <body>
                              <contents>
                                <text><![CDATA[<?xml version="1.0" encoding="utf-8"?><rss xmlns:a10="http://www.w3.org/2005/Atom" version="2.0"><channel xmlns:georss="http://www.georss.org/georss" xmlns:gml="http://www.opengis.net/gml"><title>Californian Rivers</title><description>A GeoRSS format of Californian Rivers</description><language>en-us</language><copyright>Copyright 2011</copyright><managingEditor>mapbutcher@mapbutcher.com</managingEditor><generator>http://www.mapbutcher.com</generator><a10:id>80ab4fbd-3245-41ec-bd6a-29d6b681bfcc</a10:id><a10:link title="Mapbutcher" href="http://www.mapbutcher.com/" /><item><guid isPermaLink="false">68c5c85f-e0c4-4b1b-85f1-8dabf38923b7</guid><a10:author><a10:name>Simon Hope</a10:name></a10:author><title /><description /><pubDate>Tue, 01 May 2012 21:57:27 +1000</pubDate><a10:link href="http://www.mapbutcher.com/" /><a10:rights type="text">Copyright 2011</a10:rights><a10:content type="text"></a10:content><a10:contributor><a10:name>mapbutcher@mapbutcher.com</a10:name></a10:contributor><georss:where><gml:LineString><gml:posList>41.94659 -124.20976 41.94267 -124.20518</gml:posList></gml:LineString></georss:where></item><item><guid isPermaLink="false">fb6583a1-6060-461a-835f-f5149b0fb9d9</guid><a10:author><a10:name>Simon Hope</a10:name></a10:author><title /><description /><pubDate>Tue, 01 May 2012 21:57:27 +1000</pubDate><a10:link href="http://www.mapbutcher.com/" /><a10:rights type="text">Copyright 2011</a10:rights><a10:content type="text"></a10:content><a10:contributor><a10:name>mapbutcher@mapbutcher.com</a10:name></a10:contributor><georss:where><gml:LineString><gml:posList>38.05092 -122.26346 38.04814 -122.26628 38.04495 -122.26675 38.0413 -122.26778 38.03987 -122.27065 38.03797 -122.27467 38.03698 -122.27814 38.03333 -122.27917 38.02922 -122.28076 38.0269 -122.28302 38.02503 -122.28529 38.02227 -122.28752 38.02129 -122.29041 38.02171 -122.29218 38.01943 -122.29267 38.01714 -122.29375 38.01431 -122.29832 38.01197 -122.30173 38.01007 -122.30517 38.00996 -122.30984 38.01028 -122.3157 38.00929 -122.31975 38.00643 -122.32549 38.00123 -122.33463 38.00107 -122.34164 38.00275 -122.34755 38.00538 -122.35116 38.00759 -122.35358 38.00794 -122.35827 38.00784 -122.36235 38.0096 -122.36476 38.01091 -122.36715 38.0104 -122.36947 38.00901 -122.37057 38.00536 -122.3716 38.00401 -122.37096 38.00312 -122.37035 38.00042 -122.36966 37.99774 -122.36781 37.99594 -122.36715 37.99509 -122.36478 37.99377 -122.36298 37.98968 -122.3634 37.98693 -122.36446 37.98371 -122.36667 37.98003 -122.36887 37.97771 -122.37112 37.97539 -122.37336 37.97396 -122.37622 37.97474 -122.38152 37.97507 -122.38678 37.97274 -122.38961 37.96958 -122.3889 37.96732 -122.38882 37.96501 -122.39047 37.96495 -122.39281 37.96166 -122.39793 37.96034 -122.39613 37.95897 -122.39666 37.95703 -122.4024 37.95705 -122.40126 37.95621 -122.39831 37.95392 -122.39938 37.95342 -122.40112 37.95335 -122.40403 37.95508 -122.4076 37.95636 -122.41116 37.95947 -122.41362 37.96217 -122.41489 37.963 -122.41784 37.96296 -122.41959 37.96244 -122.42249 37.96239 -122.42424 37.96279 -122.4266 37.96412 -122.42782 37.96452 -122.43017 37.96403 -122.4319 37.96221 -122.43183 37.96132 -122.43121 37.96 -122.42941 37.95866 -122.42876 37.95686 -122.42811 37.95512 -122.42513 37.95336 -122.42272 37.9511 -122.42263 37.94835 -122.42368 37.94698 -122.42422 37.94701 -122.42305 37.94707 -122.42014 37.94622 -122.41776 37.94444 -122.41653 37.94267 -122.4147 37.94042 -122.41403 37.93813 -122.41511 37.93675 -122.41564 37.93494 -122.41557 37.9336 -122.41493 37.93136 -122.41367 37.93005 -122.41129 37.93059 -122.40781 37.92978 -122.40369 37.92897 -122.39957 37.92816 -122.39545 37.92321 -122.39409 37.92145 -122.39169 37.9197 -122.3887 37.91703 -122.38685 37.91522 -122.38677 37.91383 -122.38789 37.9106 -122.3901 37.90878 -122.39061 37.90838 -122.38826 37.91022 -122.38716 37.91162 -122.38547 37.91259 -122.38259 37.91088 -122.37843 37.91143 -122.37437 37.9073 -122.37654 37.90467 -122.37236 37.90478 -122.36769 37.90752 -122.36722 37.9093 -122.36845 37.91019 -122.36907 37.91379 -122.37038 37.91342 -122.36686 37.91033 -122.36324 37.90901 -122.36144 37.91137 -122.35744 37.91364 -122.35754 37.91464 -122.35349 37.91336 -122.34994 37.90972 -122.35038 37.90832 -122.35207 37.90747 -122.34971 37.90805 -122.34447 37.90905 -122.34043 37.90962 -122.33521 37.90793 -122.32989 37.90487 -122.3251 37.90264 -122.32327 37.89944 -122.32431 37.89809 -122.32426 37.89731 -122.31839 37.89421 -122.31535 37.89106 -122.31407 37.89009 -122.31695 37.8905 -122.31872 37.89 -122.32103 37.88866 -122.3204 37.88599 -122.31796 37.88239 -122.31666 37.87973 -122.31422 37.87522 -122.31288 37.87071 -122.31213 37.8693 -122.31441 37.86834 -122.3167 37.86739 -122.31842 37.86474 -122.3154 37.8639 -122.31245 37.86122 -122.3106 37.85404 -122.30741 37.84683 -122.30539 37.84233 -122.30405 37.84005 -122.30455 37.83957 -122.30569 37.83772 -122.30737 37.83638 -122.30616 37.83506 -122.30436 37.83326 -122.30371 37.83147 -122.30305 37.8301 -122.30301 37.8287 -122.3047 37.82718 -122.31222 37.82712 -122.31455 37.82752 -122.31689 37.82838 -122.31868 37.82742 -122.32098 37.82649 -122.32211 37.82505 -122.32555 37.82452 -122.32903 37.82213 -122.33418 37.82076 -122.33471 37.81899 -122.33289 37.81908 -122.32882 37.81916 -122.32533 37.8183 -122.32354 37.81926 -122.32124 37.82064 -122.32014 37.82116 -122.31724 37.82032 -122.31429 37.81944 -122.3131 37.81854 -122.31306 37.81891 -122.31657 37.81887 -122.31832 37.81563 -122.32111 37.81287 -122.32275 37.81099 -122.32559 37.81002 -122.32847 37.80995 -122.33138 37.80943 -122.33427 37.80895 -122.33543 37.80715 -122.33477 37.80634 -122.33066 37.80546 -122.32946 37.80416 -122.32708 37.80281 -122.32645 37.80056 -122.32578 37.79736 -122.32682 37.79646 -122.32678 37.79612 -122.32153 37.79447 -122.31448 37.79375 -122.30629 37.793 -122.29985 37.79538 -122.2947 37.79597 -122.28889 37.79517 -122.2842 37.79303 -122.2783 37.79038 -122.27528 37.78952 -122.2735 37.78962 -122.26884 37.78786 -122.26645 37.7861 -122.26405 37.78479 -122.26167 37.78719 -122.25594 37.78591 -122.2524 37.78327 -122.2488 37.77969 -122.24693 37.77565 -122.24503 37.77257 -122.24083 37.77041 -122.23609 37.76823 -122.23193 37.76423 -122.22829 37.75929 -122.22636 37.75886 -122.22517 37.75889 -122.22401 37.75983 -122.2223 37.76077 -122.22117 37.75854 -122.21934 37.75627 -122.21925 37.75271 -122.21622 37.75094 -122.2144 37.74914 -122.21375 37.74646 -122.21191 37.74513 -122.21069 37.74285 -122.2112 37.74325 -122.21354 37.74545 -122.21653 37.74678 -122.21774 37.74497 -122.21767 37.74273 -122.21643 37.73825 -122.21394 37.73515 -122.21091 37.73285 -122.21258 37.73415 -122.21495 37.73863 -122.21745 37.7431 -122.22052 37.74533 -122.22176 37.74707 -122.22533 37.747 -122.22823 37.74783 -122.23177 37.74773 -122.23642 37.74677 -122.23871 37.74492 -122.24039 37.74172 -122.24143 37.73809 -122.24188 37.73668 -122.24416 37.7375 -122.24768 37.73741 -122.25175 37.73918 -122.25357 37.74144 -122.25423 37.74231 -122.25543 37.74138 -122.25656 37.74001 -122.2571 37.73776 -122.25642 37.73555 -122.25401 37.732 -122.25039 37.7303 -122.24509 37.73033 -122.24393 37.72816 -122.23977 37.72733 -122.23624 37.72694 -122.23331 37.72469 -122.23265 37.72281 -122.23549 37.71955 -122.23944 37.71951 -122.2412 37.71991 -122.24354 37.71853 -122.24465 37.71719 -122.24344 37.71406 -122.24157 37.71101 -122.23621 37.70883 -122.23206 37.70483 -122.22842 37.7022 -122.22426 37.69999 -122.22185 37.6987 -122.21889 37.69921 -122.216 37.70242 -122.21437 37.70605 -122.2145 37.70878 -122.21402 37.71108 -122.21236 37.71253 -122.20834 37.71357 -122.20255 37.7127 -122.20078 37.71132 -122.20189 37.70763 -122.20467 37.70583 -122.20402 37.70233 -122.19807 37.70335 -122.19287 37.69661 -122.1903 37.69034 -122.18658 37.68586 -122.18409 37.68273 -122.18224 37.68142 -122.17986 37.68146 -122.17812 37.67968 -122.17631 37.6779 -122.17508 37.6766 -122.17213 37.67572 -122.17093 37.67124 -122.16844 37.66859 -122.16544 37.66363 -122.16409 37.65778 -122.16214 37.65195 -122.15902 37.64832 -122.15889 37.64471 -122.15818 37.64289 -122.1587 37.63974 -122.15742 37.6375 -122.15618 37.63479 -122.1555 37.63161 -122.15597 37.62978 -122.15649 37.628 -122.15526 37.62712 -122.15406 37.62171 -122.15271 37.61627 -122.15251 37.61221 -122.15179 37.60814 -122.15106 37.6059 -122.14982 37.60365 -122.14915 37.60187 -122.14735 37.59959 -122.14785 37.59728 -122.15009 37.59409 -122.15056 37.59228 -122.15049 37.58821 -122.14977 37.58279 -122.14899 37.57833 -122.14535 37.57208 -122.14106 37.56627 -122.13737 37.56223 -122.13548 37.56182 -122.13314 37.56002 -122.1325 37.55866 -122.13245 37.5555 -122.13176 37.54971 -122.12691 37.5457 -122.12386 37.54079 -122.1202 37.5345 -122.11766 37.5282 -122.11511 37.52371 -122.11321 37.51054 -122.11391 37.50512 -122.11314 37.50289 -122.11132 37.50161 -122.1078 37.50128 -122.10198 37.50139 -122.09676 37.50194 -122.09214 37.50518 -122.08935 37.50568 -122.08704 37.50388 -122.0864 37.50125 -122.08224 37.49911 -122.07579 37.49833 -122.06996 37.49754 -122.06471 37.49669 -122.06178 37.49452 -122.05706 37.49278 -122.05352 37.49144 -122.05289 37.49093 -122.0552 37.48954 -122.05689 37.48682 -122.0568 37.48412 -122.05554 37.48052 -122.05426 37.47781 -122.05417 37.47643 -122.0547 37.4746 -122.05579 37.471 -122.05451 37.46874 -122.05386 37.46607 -122.05145 37.46662 -122.04682 37.46899 -122.04226 37.46871 -122.03355 37.46843 -122.02542 37.46817 -122.01614 37.46884 -122.00571 37.46856 -121.997 37.46639 -121.99229 37.46278 -121.99158 37.46135 -121.99502 37.46346 -122.00263 37.4628 -122.01247 37.4618 -122.01707 37.46038 -122.01993 37.459 -122.02104 37.45188 -122.02009 37.45804 -122.02333 37.4603 -122.02399 37.46071 -122.02574 37.46201 -122.02869 37.46103 -122.03214 37.45866 -122.03727 37.45499 -122.03946 37.45275 -122.03765 37.44926 -122.03115 37.44917 -122.03579 37.45136 -122.03934 37.449 -122.0439 37.44753 -122.04906 37.44743 -122.0537 37.44781 -122.0572 37.44592 -122.06119 37.44493 -122.06464 37.44625 -122.067 37.44893 -122.06883 37.44933 -122.07117 37.44928 -122.07349 37.44874 -122.07752 37.45138 -122.08167 37.45134 -122.08341 37.45085 -122.08514 37.45128 -122.08631 37.45163 -122.09097 37.45248 -122.09389 37.45285 -122.09738 37.45512 -122.09747 37.45778 -122.10046 37.45997 -122.10401 37.46168 -122.10871 37.46425 -122.11576 37.4678 -122.11937 37.46954 -122.12291 37.47223 -122.12417 37.47717 -122.12666 37.48443 -122.12634 37.49042 -122.12713 37.49708 -122.12852 37.50156 -122.131 37.50467 -122.13402 37.50643 -122.13641 37.50814 -122.14111 37.50718 -122.14397 37.50528 -122.14796 37.50319 -122.15109 37.50154 -122.15305 37.5006 -122.15418 37.4997 -122.15415 37.49927 -122.15298 37.49747 -122.15233 37.49607 -122.15402 37.49425 -122.15453 37.4934 -122.1516 37.49256 -122.14867 37.4926 -122.14693 37.49079 -122.14687 37.49028 -122.14917 37.48975 -122.15263 37.4897 -122.15495 37.49102 -122.15675 37.49371 -122.15858 37.49736 -122.15755 37.49824 -122.15874 37.49773 -122.16105 37.49856 -122.16456 37.4985 -122.16746 37.50027 -122.16926 37.50387 -122.17055 37.50518 -122.17292 37.50959 -122.17888 37.5136 -122.18193 37.51765 -122.18324 37.52079 -122.18451 37.52029 -122.18681 37.51939 -122.18678 37.51799 -122.18848 37.51794 -122.1908 37.5197 -122.19318 37.52188 -122.19674 37.5227 -122.20084 37.52128 -122.20368 37.51897 -122.20535 37.51765 -122.20355 37.5164 -122.19886 37.51649 -122.1948 37.51384 -122.19122 37.51284 -122.19583 37.51392 -122.19813 37.51495 -122.20116 37.51491 -122.20461 37.51435 -122.20924 37.51342 -122.21037 37.50881 -122.21368 37.5083 -122.21598 37.51284 -122.21615 37.51743 -122.21341 37.52068 -122.21004 37.5225 -122.21011 37.52521 -122.21021 37.52484 -122.20672 37.52766 -122.20217 37.53048 -122.19763 37.53276 -122.19714 37.53544 -122.19897 37.53812 -122.20081 37.54032 -122.2038 37.53934 -122.20724 37.54018 -122.21017 37.54057 -122.2131 37.54046 -122.21774 37.54179 -122.21953 37.54352 -122.22308 37.54161 -122.22707 37.53886 -122.22871 37.53699 -122.23096 37.53649 -122.23327 37.54015 -122.23166 37.54519 -122.22952 37.54749 -122.22787 37.54971 -122.23027 37.55145 -122.23324 37.5523 -122.23618 37.55174 -122.2408 37.55167 -122.2437 37.55162 -122.24603 37.54976 -122.24828 37.54788 -122.25111 37.54465 -122.25331 37.54285 -122.25266 37.5406 -122.252 37.53828 -122.25423 37.53868 -122.25658 37.54139 -122.25726 37.54547 -122.25741 37.54957 -122.2564 37.5519 -122.25358 37.5529 -122.24956 37.55743 -122.24972 37.55967 -122.25097 37.56326 -122.25284 37.5668 -122.25645 37.56856 -122.25884 37.57163 -122.2636 37.57291 -122.26714 37.57331 -122.26948 37.57279 -122.27236 37.57137 -122.27522 37.5708 -122.27984 37.57155 -122.28684 37.57149 -122.28975 37.57142 -122.29265 37.57047 -122.29436 37.56866 -122.29429 37.56828 -122.29137 37.56696 -122.28957 37.56562 -122.28836 37.56469 -122.28948 37.56373 -122.29178 37.56553 -122.29243 37.5668 -122.29655 37.57039 -122.29784 37.57127 -122.29903 37.57211 -122.30197 37.57387 -122.30436 37.57563 -122.30676 37.57735 -122.31088 37.57955 -122.31387 37.58041 -122.31565 37.58217 -122.31804 37.58484 -122.32047 37.58798 -122.32175 37.59066 -122.32359 37.59014 -122.32648 37.58866 -122.33165 37.58763 -122.33684 37.58792 -122.34382 37.58954 -122.35202 37.5908 -122.35613 37.59564 -122.36272 37.6005 -122.36813 37.60137 -122.36991 37.60225 -122.3711 37.60443 -122.37468 37.60619 -122.37707 37.61022 -122.37897 37.61253 -122.37732 37.61396 -122.37447 37.61265 -122.37209 37.6136 -122.37038 37.61636 -122.36874 37.61817 -122.36881 37.61993 -122.37121 37.62357 -122.37077 37.62495 -122.36966 37.62674 -122.37089 37.62802 -122.37443 37.62884 -122.37794 37.62969 -122.38031 37.63056 -122.38209 37.63369 -122.38395 37.63636 -122.3858 37.63859 -122.38763 37.63895 -122.39172 37.63797 -122.39458 37.6393 -122.3958 37.64022 -122.39525 37.64072 -122.39352 37.64341 -122.3948 37.64703 -122.39494 37.64932 -122.39386 37.6503 -122.39099 37.6499 -122.38865 37.65092 -122.38404 37.65368 -122.3824 37.65549 -122.38247 37.65588 -122.38539 37.65762 -122.38837 37.66032 -122.38906 37.66262 -122.38799 37.66451 -122.38457 37.66629 -122.3858 37.66344 -122.3915 37.66522 -122.39274 37.66799 -122.39053 37.67259 -122.38779 37.67395 -122.38785 37.67944 -122.38573 37.68398 -122.38591 37.69073 -122.38792 37.69611 -122.39046 37.70107 -122.39182 37.70513 -122.39256 37.70966 -122.39273 37.71109 -122.38988 37.71204 -122.38817 37.71382 -122.3894 37.71605 -122.39124 37.71791 -122.38898 37.71862 -122.38899 37.72063 -122.38908 37.722 -122.38856 37.72205 -122.38681 37.72211 -122.3839 37.7249 -122.3811 37.72449 -122.37934 37.72361 -122.37814 37.72154 -122.37859 37.7186 -122.3791 37.71731 -122.37615 37.7178 -122.37442 37.71695 -122.37206 37.71609 -122.37029 37.71613 -122.36853 37.71845 -122.36629 37.72207 -122.36644 37.72487 -122.36305 37.72811 -122.36027 37.72899 -122.36147 37.73116 -122.36562 37.73201 -122.36799 37.7324 -122.37091 37.73143 -122.37321 37.73179 -122.3773 37.73403 -122.37855 37.73628 -122.37922 37.73853 -122.37988 37.74077 -122.38113 37.74206 -122.38409 37.74431 -122.38477 37.74525 -122.38364 37.74614 -122.38425 37.74696 -122.38778 37.74786 -122.3884 37.7488 -122.38669 37.75159 -122.38389 37.7525 -122.38392 37.75336 -122.3857 37.7552 -122.38461 37.76017 -122.38538 37.76198 -122.38546 37.76693 -122.3874 37.77552 -122.38831 37.78817 -122.38998 37.79085 -122.39182 37.79394 -122.39545 37.80061 -122.40095 37.80238 -122.40276 37.80414 -122.40517 37.80635 -122.40759 37.80806 -122.41173 37.80843 -122.41525 37.80924 -122.41936 37.8068 -122.42683 37.80719 -122.42918 37.80714 -122.43151 37.80661 -122.4344 37.80657 -122.43615 37.80564 -122.43728 37.80738 -122.44026 37.80687 -122.44257 37.80677 -122.44665 37.80718 -122.44841 37.80666 -122.4513 37.80564 -122.45592 37.80458 -122.4623 37.80447 -122.46695 37.80532 -122.46931 37.80839 -122.47352 37.80874 -122.47762 37.81007 -122.47883 37.81004 -122.48 37.81091 -122.48178 37.80908 -122.48229 37.80685 -122.48103 37.80549 -122.48098 37.79998 -122.48367 37.79723 -122.48473 37.79449 -122.48578 37.79218 -122.48743 37.78986 -122.48967 37.78841 -122.49311 37.78741 -122.49715 37.7878 -122.49949 37.78906 -122.50362 37.78849 -122.50826 37.78617 -122.5105 37.78566 -122.5128 37.78331 -122.5162 37.78102 -122.51728 37.77562 -122.51531 37.77112 -122.51396 37.76841 -122.51385 37.76252 -122.51361 37.75661 -122.51395 37.75392 -122.51268 37.74986 -122.51193 37.74581 -122.5106 37.73584 -122.5102 37.71912 -122.50777 37.71284 -122.50519 37.70921 -122.50504 37.70471 -122.50369 37.69434 -122.50153 37.68804 -122.49953 37.68352 -122.49876 37.6781 -122.49796 37.67449 -122.49723 37.67132 -122.4971 37.66903 -122.49817 37.6672 -122.49868 37.66495 -122.49801 37.66271 -122.49676 37.65774 -122.49597 37.65185 -122.49574 37.6473 -122.49613 37.63687 -122.49629 37.62687 -122.49705 37.62233 -122.49744 37.62141 -122.49799 37.62048 -122.49911 37.62001 -122.49968 37.61909 -122.50023 37.61685 -122.49897 37.61502 -122.49948 37.61275 -122.49997 37.61005 -122.4987 37.6087 -122.49864 37.60725 -122.50207 37.60632 -122.50319 37.60496 -122.50314 37.60271 -122.50246 37.60227 -122.50187 37.59998 -122.50294 37.59903 -122.50464 37.5981 -122.50578 37.59713 -122.50806 37.59663 -122.50978 37.59659 -122.51153 37.59835 -122.51392 37.5974 -122.51563 37.59649 -122.51559 37.59602 -122.51615 37.59503 -122.5196 37.59502 -122.52018 37.59315 -122.52243 37.59271 -122.52183 37.59094 -122.52001 37.59048 -122.51999 37.58869 -122.51934 37.58688 -122.51926 37.58459 -122.51975 37.58188 -122.51965 37.57961 -122.51955 37.5778 -122.51948 37.57687 -122.5206 37.57594 -122.52115 37.57457 -122.52167 37.57321 -122.52161 37.57233 -122.52042 37.57055 -122.51918 37.56964 -122.51914 37.56827 -122.51967 37.56736 -122.51963 37.56696 -122.51788 37.56652 -122.51727 37.56472 -122.51662 37.56383 -122.51601 37.56245 -122.51653 37.56109 -122.51647 37.55927 -122.51698 37.55747 -122.51633 37.55613 -122.51569 37.5525 -122.51554 37.55022 -122.51603 37.54382 -122.5181 37.54243 -122.5192 37.54106 -122.51972 37.53789 -122.5196 37.53697 -122.52014 37.53556 -122.52182 37.53421 -122.52177 37.53331 -122.52115 37.53196 -122.5211 37.53062 -122.51988 37.52928 -122.51925 37.52701 -122.51915 37.52612 -122.51854 37.52114 -122.51833 37.51937 -122.51652 37.51535 -122.51404 37.5118 -122.51099 37.50741 -122.505 37.5061 -122.50321 37.5043 -122.50256 37.50384 -122.50254 37.50206 -122.5013 37.49844 -122.50116 37.49708 -122.50111 37.49575 -122.49989 37.49532 -122.49871 37.49579 -122.49815 37.4967 -122.49819 37.49851 -122.49826 37.4999 -122.49715 37.50222 -122.49493 37.50274 -122.49205 37.50372 -122.48918 37.50341 -122.48337 37.50126 -122.47864 37.4996 -122.47219 37.49701 -122.46686 37.4917 -122.46143 37.49125 -122.46141 37.48814 -122.45838 37.47743 -122.45158 37.47247 -122.45022 37.46661 -122.44882 37.45893 -122.44736 37.45079 -122.44645 37.44582 -122.44567 37.44175 -122.44551 37.43947 -122.446 37.4372 -122.44592 37.43451 -122.44464 37.43274 -122.44283 37.43008 -122.44041 37.42733 -122.44146 37.42511 -122.43964 37.42423 -122.43844 37.42245 -122.43721 37.42019 -122.43654 37.41613 -122.4358 37.41344 -122.43454 37.41211 -122.43333 37.41124 -122.43155 37.41037 -122.43036 37.40813 -122.42911 37.40543 -122.42842 37.40406 -122.42837 37.40229 -122.42656 37.40097 -122.42477 37.39873 -122.4241 37.39738 -122.42347 37.39421 -122.42335 37.39193 -122.42384 37.39058 -122.4232 37.38923 -122.42315 37.3888 -122.42197 37.38792 -122.42078 37.38659 -122.41957 37.38572 -122.4178 37.38482 -122.41776 37.38257 -122.41709 37.38168 -122.41647 37.38079 -122.41528 37.37945 -122.41465 37.37767 -122.41342 37.37635 -122.41164 37.37455 -122.41099 37.37185 -122.4103 37.37047 -122.41083 37.36687 -122.40952 37.36417 -122.40884 37.36195 -122.40702 37.35931 -122.40343 37.35751 -122.40279 37.35706 -122.40277 37.35571 -122.40214 37.35255 -122.40144 37.34892 -122.40187 37.34075 -122.40214 37.33667 -122.40198 37.33303 -122.40241 37.3312 -122.40292 37.32802 -122.40337 37.32571 -122.40502 37.32344 -122.40493 37.32119 -122.40427 37.3189 -122.40533 37.31707 -122.40585 37.31301 -122.40511 37.30661 -122.40717 37.30205 -122.40815 37.29979 -122.40807 37.29796 -122.40857 37.29571 -122.4079 37.29207 -122.40834 37.28798 -122.40876 37.28434 -122.40919 37.2807 -122.40963 37.27706 -122.41007 37.27477 -122.41113 37.27157 -122.41217 37.27068 -122.41155 37.26976 -122.4121 37.26791 -122.41319 37.26746 -122.41316 37.26609 -122.41369 37.26473 -122.41364 37.26156 -122.41351 37.25833 -122.4157 37.25605 -122.41619 37.25193 -122.41776 37.24828 -122.41878 37.24463 -122.41979 37.24191 -122.41969 37.2392 -122.419 37.23603 -122.41888 37.23244 -122.41758 37.22886 -122.4157 37.22754 -122.41392 37.22531 -122.41209 37.22079 -122.41134 37.21812 -122.4095 37.21449 -122.40936 37.21401 -122.4105 37.214 -122.41107 37.21442 -122.41225 37.21261 -122.41218 37.21128 -122.41097 37.21038 -122.41035 37.20768 -122.40968 37.20495 -122.41014 37.20042 -122.40997 37.19773 -122.40871 37.19641 -122.40692 37.19417 -122.40568 37.19064 -122.4015 37.18748 -122.40079 37.1839 -122.39892 37.18211 -122.3977 37.1808 -122.39591 37.18082 -122.39475 37.18131 -122.39362 37.18224 -122.3925 37.18319 -122.39081 37.18331 -122.3856 37.18198 -122.3844 37.17984 -122.37911 37.17761 -122.3773 37.17587 -122.37434 37.17411 -122.37196 37.17233 -122.37074 37.17056 -122.36893 37.16832 -122.36769 37.16339 -122.3652 37.15977 -122.36448 37.15707 -122.36379 37.15527 -122.36314 37.1539 -122.36367 37.15252 -122.3642 37.15165 -122.36301 37.15122 -122.36184 37.15081 -122.36008 37.14904 -122.35828 37.14772 -122.35651 37.14729 -122.35533 37.14736 -122.35245 37.14696 -122.35012 37.1452 -122.34775 37.14342 -122.34652 37.14251 -122.34649 37.14072 -122.34526 37.13854 -122.34171 37.1363 -122.34048 37.1345 -122.33983 37.13269 -122.33976 37.12906 -122.33962 37.12633 -122.3401 37.1245 -122.3406 37.12267 -122.34169 37.1204 -122.3416 37.11951 -122.34099 37.11818 -122.33978 37.11824 -122.3369 37.11782 -122.33573 37.11737 -122.33514 37.11604 -122.33393 37.11379 -122.33327 37.11338 -122.33152 37.11295 -122.33035 37.11437 -122.32809 37.11627 -122.32413 37.11827 -122.31612 37.11353 -122.30554 37.11002 -122.30022 37.10607 -122.29488 37.10255 -122.29012 37.10033 -122.28773 37.09858 -122.28536 37.09547 -122.28236 37.09279 -122.28053 37.09055 -122.27929 37.08921 -122.27866 37.08835 -122.27632 37.08747 -122.27513 37.0857 -122.27334 37.08527 -122.27216 37.08393 -122.27154 37.0821 -122.27205 37.07941 -122.2708 37.07809 -122.26901 37.07766 -122.26785 37.07679 -122.26608 37.0759 -122.26547 37.07455 -122.26485 37.07096 -122.26356 37.06964 -122.26178 37.06874 -122.26117 37.06741 -122.25996 37.06606 -122.25991 37.06427 -122.2587 37.06293 -122.25749 37.06115 -122.25627 37.05895 -122.2533 37.05766 -122.25037 37.05679 -122.24861 37.05409 -122.24736 37.05099 -122.24435 37.04744 -122.24077 37.04524 -122.2378 37.04346 -122.23601 37.04215 -122.23423 37.04173 -122.23248 37.03993 -122.23184 37.03722 -122.23116 37.03229 -122.22868 37.0296 -122.22742 37.02691 -122.22617 37.02561 -122.22324 37.02568 -122.22037 37.0248 -122.21918 37.02301 -122.21796 37.02258 -122.21679 37.02039 -122.21325 37.01951 -122.21207 37.01773 -122.21085 37.01685 -122.20966 37.01594 -122.20963 37.01507 -122.20787 37.01419 -122.20669 37.01422 -122.20554 37.01335 -122.20377 37.01247 -122.20259 37.01163 -122.19967 37.01029 -122.19847 37.00942 -122.19671 37.00766 -122.19434 37.00504 -122.19021 37.00191 -122.18779 36.99883 -122.18365 36.99626 -122.17664 36.99362 -122.17308 36.99006 -122.17007 36.98924 -122.16601 36.98751 -122.16248 36.98618 -122.16071 36.98441 -122.15892 36.98307 -122.15772 36.98173 -122.1571 36.98084 -122.15649 36.97903 -122.15585 36.97815 -122.15466 36.97774 -122.15292 36.97832 -122.14718 36.97745 -122.14542 36.97658 -122.14366 36.97482 -122.14129 36.97304 -122.1395 36.97081 -122.13769 36.96947 -122.13707 36.96904 -122.1359 36.96906 -122.13475 36.96866 -122.13243 36.96779 -122.13067 36.96647 -122.1289 36.96655 -122.12544 36.96612 -122.12428 36.9657 -122.12253 36.96482 -122.12135 36.96439 -122.12018 36.96351 -122.119 36.96354 -122.11784 36.96311 -122.11668 36.96049 -122.11198 36.95875 -122.10846 36.95792 -122.10497 36.95712 -122.09976 36.95546 -122.09279 36.95507 -122.0899 36.95419 -122.08871 36.95377 -122.08698 36.95426 -122.08526 36.95431 -122.08296 36.9548 -122.08125 36.95393 -122.07949 36.95216 -122.07713 36.95087 -122.0742 36.95045 -122.07246 36.95006 -122.06956 36.95008 -122.06841 36.94967 -122.06667 36.95016 -122.06496 36.95063 -122.06382 36.95068 -122.06152 36.95027 -122.05978 36.95029 -122.05863 36.94985 -122.05804 36.94994 -122.05401 36.95092 -122.05058 36.9519 -122.04659 36.95287 -122.04374 36.95336 -122.04203 36.95338 -122.04145 36.95254 -122.03796 36.95214 -122.03565 36.95264 -122.03336 36.95269 -122.03106 36.95274 -122.02876 36.95367 -122.02763 36.95641 -122.02657 36.95822 -122.02664 36.96235 -122.02448 36.96569 -122.01652 36.96574 -122.01421 36.96584 -122.00961 36.96543 -122.00729 36.96413 -122.00436 36.96288 -121.99914 36.96115 -121.99505 36.96168 -121.99104 36.9622 -121.98817 36.96178 -121.98643 36.95911 -121.98403 36.95822 -121.98286 36.95693 -121.97935 36.95653 -121.97703 36.95655 -121.97588 36.95657 -121.97472 36.95752 -121.97303 36.958 -121.97131 36.95939 -121.97021 36.95989 -121.96793 36.96176 -121.9651 36.96406 -121.96345 36.96591 -121.96178 36.96822 -121.95956 36.9696 -121.95845 36.97149 -121.95506 36.97198 -121.95334 36.97293 -121.95107 36.97482 -121.94767 36.97623 -121.94484 36.97764 -121.94258 36.97903 -121.9409 36.98001 -121.93747 36.97961 -121.93458 36.97879 -121.93051 36.97838 -121.9282 36.97795 -121.92703 36.97755 -121.92471 36.97668 -121.92238 36.97451 -121.9177 36.9715 -121.90954 36.96888 -121.90427 36.96624 -121.90015 36.96228 -121.89426 36.95697 -121.88776 36.9503 -121.88063 36.94585 -121.87646 36.93427 -121.86572 36.92846 -121.86151 36.91997 -121.8549 36.91369 -121.85126 36.90876 -121.84822 36.90383 -121.84519 36.89845 -121.84214 36.89533 -121.83916 36.88638 -121.83313 36.88145 -121.8301 36.87429 -121.82527 36.87159 -121.82403 36.8662 -121.82099 36.86081 -121.81852 36.85722 -121.81611 36.85589 -121.81492 36.855 -121.81374 36.85457 -121.81258 36.85551 -121.81088 36.85648 -121.80803 36.85603 -121.80744 36.85422 -121.80739 36.85329 -121.80851 36.85146 -121.8096 36.84963 -121.81012 36.84828 -121.8095 36.84557 -121.80885 36.84243 -121.80702 36.83793 -121.80516 36.83163 -121.80267 36.82759 -121.80024 36.82402 -121.79726 36.82133 -121.79602 36.81729 -121.7936 36.81414 -121.79236 36.81188 -121.79171 36.81052 -121.79167 36.81008 -121.79108 36.81104 -121.78824 36.81245 -121.78598 36.81387 -121.78257 36.81534 -121.77687 36.81585 -121.77401 36.81543 -121.77227 36.81316 -121.7722 36.81217 -121.77677 36.81118 -121.78077 36.80977 -121.7836 36.80974 -121.78532 36.80833 -121.78757 36.80739 -121.78928 36.806 -121.79095 36.80371 -121.79204 36.80053 -121.79252 36.7955 -121.79466 36.78957 -121.79678 36.7841 -121.79776 36.78183 -121.79826 36.77909 -121.79933 36.77588 -121.80096 36.77132 -121.80196 36.76679 -121.80183 36.76497 -121.80235 36.76407 -121.80174 36.76131 -121.80396 36.75994 -121.80449 36.75811 -121.80501 36.75675 -121.80496 36.7545 -121.80432 36.75359 -121.80429 36.7527 -121.80369 36.7473 -121.80123 36.74639 -121.8012 36.74502 -121.80173 36.74499 -121.80345 36.74994 -121.80533 36.75174 -121.80653 36.75217 -121.80712 36.75078 -121.8088 36.73628 -121.80836 36.73129 -121.8082 36.72676 -121.80807 36.72221 -121.80849 36.7154 -121.80886 36.70857 -121.81038 36.70403 -121.81081 36.69994 -121.81126 36.69399 -121.81394 36.68808 -121.81434 36.68398 -121.81536 36.68214 -121.81645 36.6771 -121.81917 36.67391 -121.82021 36.67071 -121.82126 36.66888 -121.82236 36.66476 -121.82395 36.65883 -121.82606 36.65379 -121.82877 36.65057 -121.83097 36.64595 -121.83484 36.63907 -121.83922 36.63079 -121.8447 36.62204 -121.85188 36.6174 -121.85689 36.61416 -121.86023 36.61274 -121.86305 36.61089 -121.86529 36.609 -121.86867 36.60619 -121.87317 36.60431 -121.87656 36.60335 -121.87939 36.60238 -121.8828 36.60275 -121.88683 36.60315 -121.8897 36.60355 -121.89201 36.60669 -121.89383 36.60939 -121.89507 36.61254 -121.89631 36.61703 -121.89875 36.61926 -121.90054 36.62455 -121.90816 36.6272 -121.91169 36.62894 -121.91518 36.62981 -121.91751 36.63064 -121.92097 36.63287 -121.92278 36.63422 -121.92339 36.63467 -121.92397 36.63598 -121.92632 36.63728 -121.92922 36.63899 -121.93444 36.63895 -121.93616 36.63891 -121.93845 36.63754 -121.93898 36.63569 -121.94064 36.63433 -121.9406 36.63253 -121.93996 36.63026 -121.9399 36.62934 -121.94044 36.62932 -121.94158 36.62839 -121.9427 36.62793 -121.94326 36.6261 -121.94377 36.62429 -121.94372 36.62246 -121.94423 36.62017 -121.9453 36.61697 -121.94634 36.61421 -121.94855 36.61236 -121.95021 36.61141 -121.95247 36.61136 -121.95477 36.61267 -121.9571 36.61263 -121.95939 36.61126 -121.95992 36.60895 -121.96156 36.60438 -121.96371 36.60073 -121.96474 36.59846 -121.96466 36.59619 -121.96458 36.59345 -121.96564 36.59116 -121.96671 36.58843 -121.9672 36.58751 -121.96774 36.58565 -121.96998 36.58562 -121.97112 36.5856 -121.97227 36.58556 -121.97456 36.58508 -121.97569 36.58504 -121.97741 36.58365 -121.97908 36.58273 -121.97962 36.58226 -121.98018 36.58046 -121.97955 36.57958 -121.97837 36.576 -121.97596 36.57241 -121.97412 36.57062 -121.97292 36.57018 -121.97233 36.56934 -121.96886 36.56848 -121.96655 36.5641 -121.95895 36.5628 -121.95605 36.56239 -121.95374 36.56286 -121.95318 36.56515 -121.95211 36.56608 -121.951 36.56702 -121.9493 36.5675 -121.94817 36.56707 -121.94701 36.56618 -121.94584 36.56623 -121.94355 36.56579 -121.94296 36.56444 -121.94234 36.56353 -121.94231 36.56263 -121.94228 36.56174 -121.94111 36.56222 -121.93998 36.56228 -121.93712 36.56139 -121.93594 36.56052 -121.9342 36.55827 -121.93355 36.55781 -121.93353 36.55421 -121.93227 36.55105 -121.93159 36.54921 -121.93269 36.54692 -121.93375 36.54554 -121.93485 36.54462 -121.93539 36.54235 -121.93533 36.541 -121.93471 36.54011 -121.9341 36.53882 -121.93063 36.53701 -121.93057 36.53521 -121.92994 36.53205 -121.92869 36.5298 -121.92805 36.52705 -121.9291 36.52613 -121.93021 36.52563 -121.9325 36.52512 -121.93534 36.52463 -121.93704 36.52367 -121.9393 36.52275 -121.93985 36.5227 -121.94271 36.52442 -121.94734 36.52531 -121.94794 36.52528 -121.94966 36.52479 -121.95137 36.52475 -121.95309 36.52563 -121.95425 36.52561 -121.95541 36.52514 -121.95654 36.52377 -121.95706 36.52197 -121.95643 36.52107 -121.95583 36.52016 -121.9558 36.51884 -121.95404 36.51841 -121.95288 36.51708 -121.95112 36.51574 -121.94993 36.51486 -121.94875 36.5149 -121.94704 36.51401 -121.94586 36.51266 -121.94524 36.51086 -121.94461 36.50996 -121.94459 36.50818 -121.94281 36.50683 -121.94219 36.50594 -121.94159 36.50365 -121.94209 36.50319 -121.94265 36.50231 -121.94147 36.50096 -121.94086 36.50053 -121.9397 36.50008 -121.93968 36.49917 -121.93965 36.49638 -121.943 36.49453 -121.94466 36.49405 -121.94579 36.49315 -121.94576 36.49225 -121.94516 36.49092 -121.94397 36.48957 -121.94335 36.48867 -121.94275 36.48507 -121.94149 36.48237 -121.94025 36.48012 -121.93961 36.47558 -121.93946 36.47243 -121.93822 36.47067 -121.93587 36.46842 -121.93465 36.4662 -121.93229 36.46263 -121.92931 36.45903 -121.92805 36.45676 -121.92798 36.45583 -121.92909 36.45491 -121.92963 36.45444 -121.93077 36.45261 -121.93128 36.4508 -121.93122 36.44992 -121.93005 36.44858 -121.92886 36.44543 -121.92762 36.44139 -121.92519 36.43916 -121.92341 36.43465 -121.92212 36.43151 -121.9203 36.42973 -121.91853 36.4275 -121.91674 36.42478 -121.91666 36.4225 -121.91715 36.42067 -121.91824 36.41793 -121.91872 36.41657 -121.91868 36.41388 -121.91745 36.41161 -121.91738 36.40936 -121.91673 36.40799 -121.91669 36.40574 -121.91605 36.40438 -121.916 36.40304 -121.91482 36.40261 -121.91366 36.40263 -121.91251 36.4022 -121.91135 36.40044 -121.90901 36.39909 -121.9084 36.39864 -121.90839 36.39505 -121.90598 36.39233 -121.9059 36.39052 -121.90584 36.38872 -121.90521 36.38602 -121.90398 36.38466 -121.90394 36.38147 -121.90441 36.37872 -121.90604 36.37688 -121.90712 36.37598 -121.90709 36.3737 -121.90759 36.37279 -121.90756 36.37102 -121.90522 36.36605 -121.90449 36.36329 -121.90611 36.36193 -121.90607 36.36104 -121.90547 36.35967 -121.906 36.35827 -121.90767 36.35736 -121.90764 36.35601 -121.90702 36.35377 -121.90581 36.35289 -121.90464 36.35065 -121.90285 36.34753 -121.90047 36.34488 -121.89696 36.34218 -121.89573 36.33947 -121.89507 36.3372 -121.895 36.33538 -121.89551 36.33266 -121.89542 36.33128 -121.89595 36.3299 -121.89705 36.32763 -121.89698 36.32582 -121.89692 36.32357 -121.89628 36.32175 -121.89622 36.31948 -121.89615 36.31447 -121.89713 36.31171 -121.89933 36.30896 -121.90038 36.30797 -121.90492 36.30663 -121.90373 36.30441 -121.90138 36.30399 -121.89966 36.30448 -121.89796 36.30499 -121.89512 36.30459 -121.89225 36.30376 -121.88823 36.30198 -121.88646 36.30019 -121.88526 36.29704 -121.88402 36.29572 -121.88226 36.29438 -121.88107 36.2944 -121.87994 36.29353 -121.8782 36.29264 -121.87703 36.29128 -121.87698 36.2904 -121.87582 36.2895 -121.87521 36.28778 -121.87059 36.286 -121.86882 36.28423 -121.86649 36.28156 -121.86411 36.28161 -121.86127 36.28164 -121.86012 36.28211 -121.85899 36.28125 -121.85669 36.27948 -121.85435 36.2777 -121.85258 36.27549 -121.84966 36.2728 -121.84786 36.26517 -121.84363 36.25935 -121.84002 36.25575 -121.8382 36.25486 -121.8376 36.25441 -121.83701 36.25306 -121.83698 36.25034 -121.83632 36.24945 -121.83572 36.24903 -121.834 36.24816 -121.83169 36.24683 -121.83051 36.24503 -121.82988 36.24369 -121.8287 36.24326 -121.82754 36.24328 -121.8264 36.24197 -121.82351 36.24111 -121.8212 36.24023 -121.82003 36.23935 -121.81829 36.23756 -121.81709 36.23622 -121.81592 36.23532 -121.81532 36.23491 -121.81359 36.23447 -121.81244 36.23405 -121.81071 36.23408 -121.80957 36.23365 -121.80842 36.23414 -121.80615 36.23466 -121.80274 36.23515 -121.80105 36.23383 -121.79873 36.23257 -121.79355 36.23127 -121.79009 36.22907 -121.78717 36.22821 -121.78429 36.22826 -121.78144 36.22739 -121.7797 36.22563 -121.77679 36.22477 -121.77449 36.22345 -121.77216 36.22169 -121.76926 36.2195 -121.76521 36.21595 -121.76111 36.21329 -121.75761 36.21153 -121.7547 36.2116 -121.75128 36.21074 -121.7484 36.21031 -121.74724 36.20943 -121.74551 36.20768 -121.7426 36.20635 -121.74085 36.20544 -121.74082 36.20456 -121.73965 36.20457 -121.73852 36.20415 -121.73679 36.20283 -121.73504 36.20195 -121.73331 36.20104 -121.73328 36.20062 -121.73155 36.19976 -121.72925 36.19934 -121.72752 36.19937 -121.72581 36.19851 -121.72351 36.19719 -121.72119 36.19585 -121.72001 36.19496 -121.71884 36.19228 -121.71648 36.19142 -121.71418 36.1901 -121.71186 36.1883 -121.71066 36.18607 -121.70889 36.18297 -121.70481 36.17848 -121.7024 36.1758 -121.70004 36.17005 -121.69189 36.16829 -121.68899 36.16785 -121.68784 36.16743 -121.68611 36.16656 -121.68438 36.16524 -121.68206 36.16302 -121.67915 36.16123 -121.67796 36.16079 -121.67738 36.15854 -121.67617 36.1563 -121.67439 36.15452 -121.67263 36.15185 -121.66971 36.14787 -121.66447 36.14609 -121.66213 36.14386 -121.65979 36.14209 -121.65746 36.14165 -121.65688 36.1394 -121.65568 36.13761 -121.65449 36.13314 -121.65094 36.13134 -121.64975 36.12956 -121.64799 36.12732 -121.64622 36.12333 -121.64098 36.12159 -121.63694 36.12026 -121.63519 36.11891 -121.63458 36.11711 -121.63396 36.1162 -121.63394 36.1144 -121.63332 36.11125 -121.63152 36.10901 -121.62975 36.10813 -121.62858 36.10633 -121.62739 36.10498 -121.62678 36.10274 -121.62501 36.10094 -121.62439 36.09734 -121.62315 36.09462 -121.62251 36.09192 -121.62129 36.09011 -121.62124 36.0874 -121.62059 36.08651 -121.61943 36.08561 -121.6194 36.08339 -121.6165 36.08159 -121.6153 36.07979 -121.61469 36.0789 -121.61353 36.07532 -121.61058 36.07445 -121.60884 36.0722 -121.60764 36.07043 -121.60532 36.07003 -121.60189 36.06826 -121.59956 36.06559 -121.59664 36.06517 -121.59435 36.06292 -121.59373 36.0602 -121.59365 36.05838 -121.5936 36.05704 -121.59242 36.0557 -121.59125 36.05435 -121.59064 36.0539 -121.59063 36.05254 -121.59059 36.05206 -121.59171 36.0516 -121.59227 36.05114 -121.59283 36.05023 -121.5928 36.04888 -121.5922 36.04622 -121.58871 36.04443 -121.58695 36.04042 -121.58286 36.03682 -121.58105 36.03278 -121.57867 36.02827 -121.57684 36.02513 -121.57504 36.02333 -121.57385 36.02201 -121.57155 36.02068 -121.5698 36.02028 -121.56695 36.02031 -121.56524 36.0208 -121.56298 36.01992 -121.56125 36.01999 -121.55784 36.01914 -121.55383 36.01876 -121.54984 36.01834 -121.54755 36.01612 -121.54465 36.01526 -121.54235 36.01537 -121.53609 36.01495 -121.53381 36.01362 -121.53207 36.01185 -121.52917 36.01098 -121.52744 36.01055 -121.52573 36.00921 -121.52455 36.00922 -121.52399 36.00789 -121.52224 36.00701 -121.52052 36.00661 -121.51709 36.0062 -121.5148 36.00445 -121.51077 36.00224 -121.5073 36.00001 -121.50496 35.99642 -121.50259 35.99283 -121.50022 35.99058 -121.49903 35.98788 -121.49782 35.9861 -121.4955 35.98252 -121.49256 35.97936 -121.49191 35.97395 -121.48949 35.96854 -121.48765 35.96357 -121.48638 35.95995 -121.48571 35.95678 -121.48506 35.95407 -121.48443 35.95181 -121.48437 35.95 -121.48375 35.94867 -121.48201 35.94595 -121.48137 35.94415 -121.48076 35.9419 -121.47956 35.93966 -121.4778 35.93831 -121.4772 35.93604 -121.47713 35.93467 -121.47767 35.93059 -121.47756 35.92886 -121.4724 35.92753 -121.47066 35.92617 -121.47063 35.92526 -121.4706 35.92388 -121.4717 35.92251 -121.47224 35.92111 -121.47447 35.92065 -121.47503 35.91973 -121.47557 35.91928 -121.47556 35.91838 -121.47497 35.91703 -121.47437 35.91477 -121.47374 35.91387 -121.47314 35.91298 -121.47256 35.90983 -121.47077 35.90716 -121.46729 35.90583 -121.46555 35.90447 -121.46552 35.90403 -121.46494 35.90218 -121.4666 35.90128 -121.46658 35.89947 -121.46596 35.89813 -121.46479 35.89633 -121.46361 35.89453 -121.46299 35.89179 -121.46406 35.88861 -121.46397 35.88726 -121.46337 35.88546 -121.46275 35.88411 -121.46216 35.88189 -121.45869 35.88101 -121.45696 35.87969 -121.45466 35.87658 -121.45117 35.87569 -121.45001 35.87299 -121.44824 35.8721 -121.44708 35.8712 -121.44649 35.87124 -121.44479 35.86946 -121.44247 35.86811 -121.44187 35.86631 -121.44069 35.86634 -121.43899 35.86589 -121.43841 35.86547 -121.43669 35.8646 -121.4344 35.86191 -121.43206 35.86148 -121.43092 35.8597 -121.4286 35.85884 -121.42574 35.85843 -121.42289 35.85757 -121.42003 35.8567 -121.41774 35.85537 -121.41544 35.85358 -121.41425 35.85225 -121.41251 35.84999 -121.41132 35.84776 -121.40956 35.8455 -121.40837 35.8446 -121.40835 35.84193 -121.40488 35.83922 -121.40424 35.83699 -121.40135 35.83342 -121.39786 35.82938 -121.39492 35.8267 -121.39258 35.82356 -121.39024 35.82178 -121.38792 35.81912 -121.38388 35.81648 -121.37871 35.81516 -121.37584 35.81381 -121.37524 35.812 -121.3752 35.81112 -121.37347 35.81071 -121.37062 35.80981 -121.37003 35.80849 -121.36716 35.80806 -121.36545 35.80672 -121.36428 35.80629 -121.36314 35.8045 -121.36139 35.80451 -121.36082 35.80407 -121.35968 35.80273 -121.35851 35.80141 -121.35564 35.79963 -121.35333 35.79784 -121.35159 35.79427 -121.34809 35.79294 -121.34579 35.78981 -121.34288 35.78801 -121.34171 35.78533 -121.33937 35.7849 -121.33766 35.78312 -121.33535 35.78177 -121.33475 35.77951 -121.33413 35.77816 -121.33353 35.77727 -121.33237 35.77592 -121.3312 35.77279 -121.32829 35.7701 -121.32653 35.76511 -121.32641 35.76374 -121.32638 35.76191 -121.32803 35.76098 -121.32915 35.75963 -121.32854 35.75783 -121.32737 35.7574 -121.32565 35.75696 -121.32508 35.757 -121.32224 35.75611 -121.32109 35.75477 -121.31992 35.75297 -121.31875 35.75071 -121.31812 35.7489 -121.31808 35.74707 -121.3186 35.74432 -121.32024 35.74251 -121.3202 35.73846 -121.31783 35.73437 -121.31831 35.73166 -121.31767 35.7303 -121.31707 35.72672 -121.31416 35.72402 -121.31296 35.71949 -121.31228 35.7172 -121.31336 35.71537 -121.31445 35.71357 -121.31328 35.71313 -121.3127 35.7109 -121.30981 35.71048 -121.30811 35.70598 -121.30516 35.7024 -121.30225 35.70063 -121.29937 35.69885 -121.29649 35.69348 -121.29184 35.68583 -121.28769 35.68538 -121.28712 35.68175 -121.28703 35.6804 -121.28643 35.67857 -121.28752 35.67768 -121.2858 35.67318 -121.28343 35.67 -121.28393 35.66635 -121.28497 35.665 -121.28381 35.66549 -121.28212 35.66732 -121.28103 35.66917 -121.27881 35.66785 -121.27595 35.66698 -121.27309 35.66749 -121.26971 35.66571 -121.2674 35.6648 -121.26738 35.66502 -121.26492 35.66508 -121.26418 35.66534 -121.26117 35.66492 -121.2589 35.65871 -121.24969 35.65559 -121.24566 35.65428 -121.24223 35.65342 -121.23882 35.65349 -121.23428 35.65174 -121.22971 35.65272 -121.22464 35.6506 -121.2144 35.64794 -121.20981 35.6466 -121.20865 35.64434 -121.20747 35.6421 -121.20572 35.64166 -121.20457 35.64218 -121.20006 35.63858 -121.19828 35.63547 -121.19368 35.63549 -121.19199 35.64 -121.19379 35.64229 -121.1927 35.6428 -121.18875 35.6424 -121.18478 35.64158 -121.17854 35.63939 -121.17339 35.63583 -121.16766 35.63227 -121.16248 35.63003 -121.16074 35.6242 -121.15608 35.6197 -121.15316 35.6188 -121.15257 35.61656 -121.15026 35.6157 -121.14685 35.60983 -121.14502 35.60668 -121.14269 35.60534 -121.14097 35.60134 -121.13522 35.60046 -121.13294 35.59555 -121.12718 35.5924 -121.12486 35.58158 -121.12009 35.57846 -121.1155 35.57396 -121.11314 35.57079 -121.11252 35.56809 -121.11076 35.56493 -121.10899 35.56135 -121.10609 35.55956 -121.10379 35.55638 -121.10429 35.55141 -121.10249 35.54783 -121.09846 35.5456 -121.09615 35.54247 -121.09269 35.54023 -121.09039 35.53799 -121.08807 35.53531 -121.08463 35.53352 -121.08289 35.52681 -121.07541 35.52411 -121.07365 35.51741 -121.06561 35.51518 -121.06274 35.51292 -121.06156 35.50935 -121.05753 35.50937 -121.05527 35.50579 -121.05181 35.50492 -121.0484 35.50222 -121.04665 35.50042 -121.04549 35.49908 -121.04433 35.4973 -121.04147 35.49549 -121.04086 35.49462 -121.03802 35.49281 -121.03742 35.49057 -121.03568 35.49017 -121.03172 35.48568 -121.02711 35.48481 -121.02427 35.48256 -121.02309 35.47897 -121.01964 35.4736 -121.01388 35.47045 -121.01156 35.46732 -121.00811 35.46461 -121.00693 35.46372 -121.00578 35.46238 -121.00349 35.4606 -121.0012 35.46062 -120.99894 35.46201 -120.99728 35.46249 -120.99559 35.46387 -120.99393 35.4648 -120.99225 35.46438 -120.98942 35.46303 -120.98826 35.46127 -120.98371 35.46049 -120.97353 35.46013 -120.96618 35.45742 -120.965 35.45658 -120.9599 35.4548 -120.95647 35.45261 -120.95022 35.45171 -120.94965 35.44854 -120.94901 35.44765 -120.94731 35.4486 -120.9445 35.44861 -120.94337 35.44863 -120.94112 35.44775 -120.93941 35.44732 -120.93714 35.44875 -120.93208 35.44884 -120.92418 35.44887 -120.92192 35.44889 -120.92023 35.44892 -120.91741 35.4503 -120.91574 35.44988 -120.91348 35.44853 -120.91232 35.44902 -120.90894 35.4491 -120.90273 35.44686 -120.89987 35.44284 -120.89415 35.43792 -120.88841 35.43071 -120.88377 35.4271 -120.88145 35.4226 -120.87854 35.4199 -120.8768 35.41539 -120.8739 35.40908 -120.8704 35.40457 -120.86806 35.40005 -120.86629 35.39281 -120.8639 35.38783 -120.86325 35.37738 -120.86362 35.37556 -120.86359 35.3742 -120.86414 35.37372 -120.86638 35.37233 -120.86918 35.37051 -120.86915 35.36961 -120.86856 35.36871 -120.86799 35.37102 -120.86408 35.3738 -120.85905 35.37292 -120.85678 35.37069 -120.85392 35.36571 -120.85214 35.36253 -120.85208 35.36031 -120.84866 35.35036 -120.8451 35.34764 -120.84449 35.34631 -120.84222 35.34493 -120.84332 35.34491 -120.84557 35.34355 -120.84499 35.34222 -120.84214 35.3418 -120.83932 35.34094 -120.83479 35.34007 -120.83139 35.33828 -120.82967 35.33689 -120.8319 35.33321 -120.83635 35.33271 -120.83972 35.33357 -120.84425 35.33264 -120.84648 35.33037 -120.84644 35.32857 -120.84472 35.32724 -120.84245 35.32587 -120.84242 35.32449 -120.84465 35.32352 -120.85027 35.32121 -120.85361 35.31979 -120.85809 35.31792 -120.86314 35.31517 -120.86591 35.31743 -120.86651 35.32428 -120.86324 35.32703 -120.86047 35.33429 -120.86117 35.33704 -120.8584 35.34248 -120.85906 35.3484 -120.85748 35.35746 -120.85876 35.3602 -120.85768 35.36203 -120.85659 35.36476 -120.85607 35.36747 -120.85725 35.36972 -120.85841 35.37061 -120.86012 35.36923 -120.86179 35.36878 -120.86178 35.36742 -120.8612 35.3638 -120.86057 35.36198 -120.8611 35.35743 -120.86214 35.35015 -120.86314 35.34334 -120.86359 35.33833 -120.86462 35.33378 -120.86567 35.32968 -120.86672 35.32376 -120.86831 35.31784 -120.87046 35.30461 -120.87585 35.29867 -120.87914 35.29684 -120.88023 35.28222 -120.88841 35.2804 -120.88894 35.27814 -120.88777 35.27585 -120.88942 35.27628 -120.89224 35.27535 -120.89336 35.27353 -120.89389 35.27217 -120.89386 35.27035 -120.89383 35.26808 -120.89379 35.26718 -120.89377 35.26445 -120.89428 35.26171 -120.89536 35.2608 -120.8959 35.25895 -120.89869 35.2567 -120.89696 35.25355 -120.89465 35.25219 -120.89462 35.24897 -120.89795 35.24313 -120.89277 35.23955 -120.88821 35.23866 -120.88706 35.23732 -120.88478 35.23106 -120.87679 35.22701 -120.87334 35.22204 -120.87156 35.21941 -120.86363 35.21627 -120.8602 35.21356 -120.85847 35.21266 -120.85789 35.20995 -120.85727 35.20909 -120.85276 35.20684 -120.85046 35.20644 -120.84595 35.2033 -120.84252 35.20242 -120.84082 35.19883 -120.83682 35.19794 -120.83456 35.19844 -120.83063 35.19713 -120.82666 35.19447 -120.82099 35.19223 -120.81757 35.19002 -120.81247 35.18823 -120.81019 35.18692 -120.80567 35.18649 -120.80341 35.1816 -120.79433 35.18029 -120.78923 35.17538 -120.78184 35.17088 -120.77839 35.16866 -120.77385 35.16552 -120.76986 35.16462 -120.76872 35.16154 -120.75967 35.16339 -120.75576 35.16431 -120.75522 35.16793 -120.75584 35.17292 -120.75648 35.17475 -120.75539 35.17658 -120.7543 35.1789 -120.74927 35.18036 -120.74029 35.18 -120.73129 35.17912 -120.72845 35.17598 -120.72503 35.176 -120.72278 35.17649 -120.71941 35.1756 -120.71771 35.17698 -120.71548 35.17703 -120.71155 35.17262 -120.69854 35.16993 -120.69569 35.16634 -120.69112 35.16409 -120.68941 35.16185 -120.68656 35.16095 -120.68486 35.16008 -120.68203 35.15964 -120.67978 35.15784 -120.67863 35.15424 -120.67576 35.15335 -120.67406 35.15336 -120.67237 35.15385 -120.66844 35.15392 -120.66225 35.15127 -120.65434 35.14588 -120.64864 35.14273 -120.64578 35.13597 -120.64005 35.12149 -120.63478 35.11923 -120.63419 35.10246 -120.63113 35.09701 -120.63105 35.08976 -120.62981 35.08249 -120.63027 35.0775 -120.62964 35.07388 -120.62902 35.0657 -120.62946 35.0607 -120.63052 35.05161 -120.63094 35.04115 -120.63303 35.03342 -120.63404 35.02159 -120.63667 35.01477 -120.6377 35.00656 -120.64038 34.99564 -120.64359 34.98561 -120.6468 34.97513 -120.65114 34.97149 -120.65221 34.95964 -120.65596 34.94872 -120.65859 34.94052 -120.66128 34.93732 -120.66348 34.93503 -120.66512 34.93412 -120.66566 34.9323 -120.6662 34.9314 -120.66506 34.9296 -120.66335 34.92278 -120.66438 34.91548 -120.66763 34.91047 -120.66924 34.90774 -120.66975 34.90546 -120.67084 34.90455 -120.67082 34.90456 -120.66914 34.90368 -120.66689 34.90369 -120.66521 34.90417 -120.66353 34.9042 -120.66017 34.90472 -120.65345 34.9052 -120.65009 34.90387 -120.64783 34.90162 -120.645 34.89982 -120.64385 34.89711 -120.64268 34.89531 -120.64098 34.8935 -120.63983 34.89123 -120.63979 34.88896 -120.63976 34.88624 -120.63917 34.88442 -120.63914 34.88262 -120.63743 34.88174 -120.63518 34.87994 -120.6329 34.87815 -120.63007 34.87637 -120.62669 34.87413 -120.6233 34.87054 -120.6182 34.8665 -120.61366 34.86244 -120.61136 34.85882 -120.61018 34.85428 -120.61012 34.84837 -120.6106 34.84655 -120.61057 34.84064 -120.61105 34.83518 -120.61265 34.82153 -120.61525 34.80559 -120.62006 34.79966 -120.62222 34.79055 -120.62488 34.7837 -120.62869 34.7796 -120.63032 34.77412 -120.63303 34.76866 -120.63463 34.76637 -120.63628 34.76182 -120.63733 34.76091 -120.63731 34.75865 -120.63672 34.75685 -120.63502 34.7555 -120.63276 34.75416 -120.63106 34.75189 -120.63103 34.74917 -120.63042 34.74644 -120.63039 34.74373 -120.62923 34.74192 -120.62865 34.73966 -120.62749 34.73876 -120.62636 34.73879 -120.62357 34.73744 -120.62186 34.7352 -120.61903 34.73294 -120.61732 34.72979 -120.61449 34.72618 -120.6122 34.72482 -120.61162 34.72166 -120.60989 34.71849 -120.60928 34.71668 -120.60815 34.71533 -120.60699 34.71307 -120.60529 34.71127 -120.60358 34.70901 -120.60244 34.7063 -120.60128 34.70448 -120.60181 34.7013 -120.60177 34.69947 -120.6023 34.69719 -120.60339 34.69355 -120.60445 34.68899 -120.60606 34.67988 -120.60873 34.67213 -120.61141 34.66803 -120.61359 34.66073 -120.61628 34.65207 -120.62063 34.64295 -120.62385 34.63792 -120.62657 34.63017 -120.63036 34.62696 -120.63255 34.6215 -120.63415 34.61694 -120.63631 34.61283 -120.63792 34.60963 -120.64011 34.60826 -120.64121 34.60688 -120.64287 34.60642 -120.64286 34.60506 -120.64284 34.60279 -120.64225 34.60144 -120.64111 34.60008 -120.64109 34.59645 -120.64104 34.59508 -120.64157 34.5928 -120.64266 34.59142 -120.64375 34.59049 -120.64597 34.58913 -120.64651 34.58686 -120.64592 34.58459 -120.64589 34.58277 -120.64586 34.58185 -120.64752 34.58093 -120.64862 34.58046 -120.65029 34.57954 -120.6514 34.57817 -120.65193 34.57819 -120.65026 34.5782 -120.64858 34.57913 -120.64692 34.57914 -120.64581 34.5787 -120.64413 34.57643 -120.64353 34.57554 -120.64185 34.57238 -120.64012 34.57148 -120.639 34.56921 -120.63896 34.56739 -120.6395 34.56602 -120.64003 34.56512 -120.63946 34.56466 -120.63945 34.56377 -120.63776 34.56333 -120.63664 34.56336 -120.63329 34.56202 -120.63103 34.55977 -120.62877 34.55753 -120.62595 34.55617 -120.62537 34.55573 -120.62369 34.55574 -120.62257 34.55669 -120.61868 34.55627 -120.61421 34.55676 -120.61143 34.55722 -120.61032 34.55813 -120.60977 34.55906 -120.60811 34.55908 -120.60532 34.55957 -120.60143 34.5587 -120.5975 34.55828 -120.59359 34.55833 -120.58857 34.55835 -120.58634 34.55794 -120.58187 34.55796 -120.57964 34.55347 -120.574 34.55305 -120.57064 34.55216 -120.56784 34.55082 -120.56559 34.54903 -120.56333 34.54543 -120.55882 34.54364 -120.55544 34.54099 -120.54816 34.53922 -120.54256 34.53746 -120.53584 34.53344 -120.52797 34.53077 -120.52124 34.52628 -120.51617 34.52222 -120.51165 34.5177 -120.50935 34.51319 -120.50595 34.50233 -120.50024 34.49961 -120.49964 34.49826 -120.49851 34.49691 -120.49682 34.49602 -120.49513 34.49421 -120.494 34.4924 -120.49286 34.4906 -120.49117 34.48835 -120.48891 34.4861 -120.48608 34.48294 -120.48326 34.47978 -120.48099 34.47888 -120.48042 34.47663 -120.47816 34.47254 -120.47755 34.4671 -120.47581 34.46347 -120.47577 34.46166 -120.47519 34.45985 -120.47461 34.45712 -120.47401 34.45486 -120.47288 34.45168 -120.47283 34.45123 -120.47227 34.4517 -120.4706 34.45172 -120.46838 34.45085 -120.4639 34.44995 -120.46278 34.4486 -120.46165 34.44588 -120.45994 34.4459 -120.45882 34.445 -120.4577 34.445 -120.45658 34.44456 -120.45547 34.44548 -120.4538 34.44867 -120.45329 34.44958 -120.45274 34.45004 -120.45219 34.45143 -120.4483 34.45237 -120.44441 34.45287 -120.43996 34.45291 -120.43383 34.45203 -120.42992 34.45115 -120.42712 34.45208 -120.42379 34.45302 -120.42046 34.45488 -120.41547 34.45722 -120.40602 34.45683 -120.39766 34.45689 -120.3893 34.45739 -120.38373 34.45788 -120.37872 34.45882 -120.37482 34.45887 -120.36758 34.45891 -120.36257 34.45985 -120.35812 34.45987 -120.35533 34.45945 -120.35199 34.45946 -120.34975 34.45994 -120.34642 34.45995 -120.34475 34.45996 -120.34308 34.46089 -120.3403 34.46228 -120.33697 34.46322 -120.33308 34.46414 -120.33141 34.46373 -120.32416 34.4656 -120.31693 34.467 -120.31248 34.46793 -120.30916 34.4684 -120.30693 34.46795 -120.30525 34.46796 -120.30414 34.46889 -120.30192 34.47117 -120.30027 34.47163 -120.29861 34.4721 -120.29638 34.47166 -120.29414 34.47076 -120.29302 34.46943 -120.2891 34.46855 -120.28464 34.4672 -120.28184 34.46721 -120.28072 34.46814 -120.2785 34.46815 -120.27627 34.46909 -120.27126 34.46866 -120.26791 34.46779 -120.26234 34.4678 -120.26122 34.46828 -120.25621 34.46787 -120.25007 34.46837 -120.24284 34.4684 -120.23837 34.46888 -120.23392 34.46981 -120.22947 34.47028 -120.2278 34.47077 -120.22223 34.47034 -120.21777 34.47038 -120.21107 34.47041 -120.20773 34.46998 -120.20216 34.47004 -120.19324 34.4696 -120.191 34.46962 -120.18655 34.47055 -120.18377 34.47058 -120.17819 34.47015 -120.17429 34.47016 -120.1715 34.47018 -120.16816 34.47159 -120.15981 34.47162 -120.15534 34.4721 -120.15033 34.4726 -120.14253 34.47217 -120.13807 34.47085 -120.13026 34.46909 -120.11965 34.46774 -120.11574 34.4646 -120.10902 34.46326 -120.10622 34.46056 -120.09952 34.46012 -120.09784 34.46014 -120.09394 34.45974 -120.08391 34.45931 -120.07833 34.46023 -120.075 34.46161 -120.07333 34.46253 -120.07056 34.46254 -120.06889 34.46209 -120.06665 34.46165 -120.06386 34.46167 -120.06052 34.46077 -120.05717 34.46124 -120.05383 34.46172 -120.04881 34.46219 -120.04603 34.46311 -120.04325 34.46178 -120.03655 34.46043 -120.03375 34.45999 -120.03097 34.45909 -120.02929 34.45864 -120.0265 34.45865 -120.02483 34.45957 -120.02261 34.46049 -120.02094 34.46053 -120.01258 34.46008 -120.01035 34.46009 -120.00812 34.45919 -120.00477 34.45829 -120.00365 34.45785 -120.00085 34.45605 -119.99751 34.4556 -119.99583 34.45333 -119.99358 34.45153 -119.9919 34.45063 -119.98967 34.45063 -119.988 34.45019 -119.98632 34.4502 -119.98298 34.44884 -119.98129 34.44749 -119.98018 34.44614 -119.97682 34.44343 -119.97124 34.43983 -119.96453 34.43713 -119.95782 34.43624 -119.9528 34.43534 -119.9489 34.43536 -119.94556 34.43492 -119.94166 34.43493 -119.93887 34.43539 -119.93609 34.43541 -119.93275 34.43406 -119.92828 34.43407 -119.92549 34.43317 -119.92215 34.43137 -119.91767 34.42912 -119.9132 34.42641 -119.90874 34.42505 -119.90594 34.42416 -119.90315 34.4228 -119.90147 34.4219 -119.89924 34.42236 -119.8959 34.42101 -119.89256 34.4192 -119.8892 34.41785 -119.88641 34.41649 -119.88528 34.41513 -119.88472 34.41377 -119.88416 34.4115 -119.88248 34.41105 -119.88192 34.40969 -119.88136 34.40878 -119.8808 34.40833 -119.87912 34.40879 -119.87801 34.40926 -119.87523 34.40926 -119.873 34.40973 -119.86799 34.40975 -119.86353 34.40976 -119.86019 34.40931 -119.85741 34.40841 -119.85517 34.40796 -119.85239 34.40751 -119.85127 34.40616 -119.84681 34.40571 -119.84569 34.40708 -119.84347 34.41117 -119.84293 34.41527 -119.83905 34.41619 -119.83627 34.41619 -119.83516 34.41665 -119.83349 34.41756 -119.83237 34.41803 -119.8296 34.41804 -119.8257 34.4176 -119.81901 34.41716 -119.81567 34.41716 -119.81232 34.41808 -119.80843 34.41855 -119.8023 34.41901 -119.80008 34.41813 -119.79116 34.41768 -119.78726 34.41588 -119.78224 34.41498 -119.77946 34.41317 -119.77611 34.41091 -119.77109 34.41046 -119.76774 34.40956 -119.7644 34.40911 -119.76105 34.40685 -119.75771 34.40595 -119.75492 34.40459 -119.7538 34.40368 -119.75269 34.40414 -119.74934 34.40415 -119.746 34.40279 -119.74432 34.40234 -119.74321 34.40143 -119.7421 34.40053 -119.7382 34.39872 -119.73596 34.39781 -119.73318 34.39601 -119.7276 34.39647 -119.72427 34.39648 -119.71814 34.39648 -119.71591 34.39558 -119.71368 34.39558 -119.70923 34.39696 -119.70366 34.40105 -119.69978 34.40197 -119.6981 34.40334 -119.69254 34.40425 -119.69199 34.40652 -119.69366 34.40833 -119.69366 34.41061 -119.69089 34.41335 -119.68477 34.41654 -119.67587 34.4161 -119.66973 34.41701 -119.66584 34.41702 -119.65804 34.41793 -119.65302 34.41794 -119.65024 34.41749 -119.64522 34.4175 -119.64243 34.41659 -119.64021 34.41614 -119.63742 34.41614 -119.63575 34.41705 -119.63241 34.41797 -119.62962 34.41888 -119.62572 34.41933 -119.62238 34.41934 -119.61904 34.41935 -119.61124 34.41844 -119.6079 34.41799 -119.60512 34.41845 -119.60345 34.41845 -119.60122 34.41845 -119.59843 34.41663 -119.59454 34.41482 -119.58897 34.41346 -119.58395 34.41256 -119.57726 34.41256 -119.57392 34.41301 -119.57281 34.41302 -119.56278 34.41075 -119.56 34.40984 -119.55944 34.40667 -119.55499 34.40394 -119.55164 34.40303 -119.54774 34.40213 -119.54607 34.40122 -119.54328 34.40031 -119.54161 34.39849 -119.5405 34.39622 -119.53883 34.39668 -119.53603 34.39713 -119.53325 34.39623 -119.53046 34.39168 -119.52489 34.38986 -119.521 34.38895 -119.51933 34.38714 -119.5171 34.38623 -119.51208 34.38487 -119.50652 34.38441 -119.50207 34.38441 -119.49706 34.38396 -119.4926 34.3835 -119.49093 34.38169 -119.48759 34.38078 -119.48592 34.37851 -119.48537 34.37623 -119.48481 34.37351 -119.48258 34.37305 -119.48147 34.37305 -119.4798 34.37305 -119.4759 34.3735 -119.47368 34.37396 -119.46922 34.37214 -119.46478 34.37123 -119.46088 34.3685 -119.45809 34.36668 -119.45586 34.36396 -119.45364 34.35987 -119.45142 34.35669 -119.44753 34.35487 -119.44418 34.35395 -119.44141 34.35305 -119.43806 34.35304 -119.43529 34.35259 -119.43417 34.35304 -119.43139 34.35077 -119.4286 34.34758 -119.42583 34.34395 -119.42138 34.33986 -119.41749 34.33622 -119.41415 34.33485 -119.41193 34.33349 -119.40859 34.33167 -119.40693 34.3294 -119.40415 34.32712 -119.40192 34.32348 -119.3997 34.31985 -119.39636 34.31758 -119.39414 34.31621 -119.39137 34.31575 -119.38858 34.31575 -119.38691 34.3162 -119.38525 34.31665 -119.38135 34.31756 -119.37746 34.31756 -119.37523 34.31665 -119.37245 34.31528 -119.37022 34.31255 -119.36634 34.30754 -119.35967 34.3039 -119.35467 34.30162 -119.3519 34.29799 -119.34801 34.29617 -119.34579 34.29207 -119.3419 34.28934 -119.33968 34.28615 -119.33524 34.28433 -119.33135 34.28296 -119.32913 34.28114 -119.32525 34.27932 -119.3208 34.27704 -119.31692 34.27567 -119.31247 34.2743 -119.31025 34.27384 -119.30636 34.27292 -119.29969 34.27337 -119.29691 34.27382 -119.29413 34.27382 -119.28968 34.27245 -119.28635 34.27016 -119.28191 34.26425 -119.27692 34.26197 -119.27526 34.2597 -119.27415 34.25469 -119.27084 34.25151 -119.26973 34.25196 -119.26695 34.25196 -119.26528 34.24559 -119.26086 34.24286 -119.26086 34.24241 -119.26309 34.24105 -119.26421 34.24241 -119.26531 34.24514 -119.2653 34.24696 -119.26641 34.24832 -119.26641 34.25014 -119.26862 34.24787 -119.26919 34.24696 -119.26864 34.24378 -119.26809 34.2406 -119.26755 34.23742 -119.26644 34.23196 -119.26535 34.22514 -119.26259 34.2174 -119.25872 34.21286 -119.25707 34.21058 -119.25541 34.19875 -119.24879 34.19238 -119.24603 34.18602 -119.24383 34.17782 -119.23886 34.16964 -119.235 34.1669 -119.23279 34.16053 -119.22891 34.16234 -119.22668 34.16507 -119.22613 34.16734 -119.22556 34.16824 -119.22222 34.16642 -119.22168 34.1646 -119.22168 34.16233 -119.22114 34.16006 -119.22392 34.15916 -119.22504 34.15689 -119.22504 34.1496 -119.22007 34.14687 -119.21786 34.14595 -119.21564 34.14686 -119.21342 34.14777 -119.2123 34.15049 -119.21175 34.15186 -119.21174 34.15458 -119.21062 34.15366 -119.20895 34.1523 -119.2073 34.15048 -119.20675 34.14865 -119.20342 34.14729 -119.20454 34.14776 -119.20953 34.1473 -119.20953 34.14685 -119.21065 34.14595 -119.2112 34.14503 -119.2101 34.14547 -119.20288 34.14501 -119.20066 34.14363 -119.19623 34.1418 -119.19234 34.13724 -119.18571 34.13086 -119.17741 34.12218 -119.16524 34.11854 -119.16026 34.11534 -119.15306 34.11123 -119.14809 34.10941 -119.14477 34.10712 -119.13979 34.10118 -119.13149 34.09981 -119.12817 34.09751 -119.12041 34.09659 -119.11653 34.0952 -119.11044 34.0961 -119.10711 34.09837 -119.10432 34.09926 -119.10155 34.09971 -119.09933 34.09969 -119.09433 34.1006 -119.09433 34.10151 -119.09488 34.10197 -119.09709 34.10198 -119.09931 34.10154 -119.10209 34.10154 -119.10375 34.10155 -119.10597 34.1011 -119.10819 34.10066 -119.11097 34.10158 -119.11318 34.10204 -119.11707 34.10296 -119.11928 34.10433 -119.12149 34.10525 -119.1237 34.10525 -119.12592 34.1048 -119.12814 34.10572 -119.12981 34.10572 -119.13147 34.10757 -119.13867 34.10938 -119.137 34.10846 -119.13201 34.10845 -119.13035 34.10936 -119.12979 34.11026 -119.12812 34.11117 -119.12756 34.11344 -119.12755 34.11435 -119.12643 34.11343 -119.12477 34.11252 -119.12367 34.11161 -119.12312 34.11024 -119.12368 34.10934 -119.12313 34.10888 -119.12258 34.10796 -119.12036 34.10659 -119.11815 34.10567 -119.11427 34.10475 -119.10984 34.10382 -119.10596 34.10336 -119.10374 34.10381 -119.10207 34.10426 -119.10097 34.10562 -119.1004 34.10653 -119.09985 34.10698 -119.09984 34.10743 -119.09873 34.10652 -119.09596 34.10651 -119.09374 34.10559 -119.09264 34.10423 -119.09209 34.10332 -119.09098 34.10331 -119.08932 34.10285 -119.08821 34.10103 -119.08656 34.10012 -119.0849 34.09828 -119.08047 34.09646 -119.07993 34.09601 -119.08048 34.09602 -119.0827 34.09785 -119.08602 34.09922 -119.08823 34.09968 -119.0899 34.09877 -119.0899 34.09785 -119.08768 34.09557 -119.08382 34.09373 -119.07994 34.09236 -119.07662 34.09098 -119.0733 34.0896 -119.06887 34.08504 -119.06335 34.08548 -119.06057 34.08502 -119.05836 34.08318 -119.05393 34.08362 -119.05059 34.0836 -119.04394 34.08175 -119.03619 34.07946 -119.03232 34.07717 -119.02734 34.07534 -119.02457 34.07169 -119.02072 34.07031 -119.01795 34.0703 -119.01518 34.06938 -119.01297 34.06802 -119.01242 34.06709 -119.00966 34.06618 -119.00855 34.06617 -119.00634 34.0657 -119.00246 34.06477 -118.99803 34.06338 -118.99249 34.06155 -118.98862 34.06017 -118.98531 34.0597 -118.98198 34.05832 -118.97755 34.05739 -118.97368 34.05281 -118.96539 34.05005 -118.95932 34.04638 -118.95158 34.04545 -118.94771 34.04361 -118.94162 34.04313 -118.9383 34.04312 -118.93553 34.04447 -118.93275 34.04581 -118.92775 34.04533 -118.92387 34.04441 -118.92166 34.04304 -118.9189 34.04212 -118.9178 34.04119 -118.91282 34.04116 -118.90727 34.0393 -118.89953 34.03837 -118.89455 34.03788 -118.88789 34.03694 -118.88235 34.03688 -118.87183 34.03595 -118.86851 34.03548 -118.86463 34.03455 -118.86131 34.03454 -118.85909 34.03407 -118.85522 34.03268 -118.85135 34.03176 -118.84914 34.03083 -118.84638 34.02304 -118.83481 34.01982 -118.82874 34.01524 -118.82268 34.01112 -118.81718 34.00792 -118.81443 34.0029 -118.8106 34.00107 -118.80895 33.99969 -118.80675 33.99968 -118.80564 34.00058 -118.80397 34.00195 -118.80396 34.00286 -118.80396 34.00421 -118.80283 34.0042 -118.80173 34.00555 -118.79784 34.0069 -118.7956 34.00825 -118.79393 34.01006 -118.7928 34.01278 -118.79167 34.0155 -118.78999 34.01686 -118.78942 34.01912 -118.78718 34.02091 -118.78329 34.02181 -118.78106 34.02269 -118.77606 34.0231 -118.76941 34.02397 -118.76331 34.02441 -118.76164 34.0253 -118.7572 34.02619 -118.75553 34.02845 -118.75273 34.03108 -118.73885 34.03151 -118.73441 34.03099 -118.725 34.03049 -118.7178 34.03048 -118.71613 34.02953 -118.71115 34.02951 -118.70838 34.02995 -118.70449 34.03038 -118.70227 34.03173 -118.69949 34.03215 -118.6956 34.03259 -118.69338 34.03212 -118.69061 34.03119 -118.68785 34.03025 -118.68398 34.03024 -118.68177 34.03115 -118.68121 34.03114 -118.68009 34.0325 -118.67953 34.03431 -118.6784 34.03566 -118.67728 34.03746 -118.67393 34.03789 -118.67116 34.03783 -118.66228 34.03734 -118.6573 34.03723 -118.64234 34.03675 -118.64013 34.03674 -118.63736 34.03672 -118.63458 34.03715 -118.63181 34.03757 -118.62737 34.03709 -118.6235 34.03661 -118.62128 34.03613 -118.61741 34.03564 -118.61298 34.03561 -118.6091 34.0365 -118.60632 34.03784 -118.60353 34.03828 -118.60186 34.03815 -118.58468 34.03767 -118.58136 34.039 -118.57691 34.03942 -118.57303 34.03985 -118.56969 34.03983 -118.56693 34.03935 -118.56416 34.03749 -118.55864 34.03743 -118.55199 34.03786 -118.54865 34.03737 -118.54423 34.03642 -118.5398 34.03363 -118.53208 34.02991 -118.52271 34.02576 -118.51555 34.023 -118.51115 34.01979 -118.50731 34.01657 -118.50347 34.01199 -118.4991 34.00693 -118.49252 34.00326 -118.48869 33.99778 -118.48598 33.99091 -118.47998 33.98633 -118.47561 33.9822 -118.47123 33.9767 -118.46687 33.97257 -118.4625 33.96938 -118.46087 33.96664 -118.4598 33.96069 -118.45545 33.95565 -118.45164 33.95428 -118.45055 33.94743 -118.44677 33.93873 -118.4408 33.92639 -118.43377 33.91132 -118.42622 33.89579 -118.41759 33.88346 -118.41223 33.87341 -118.40684 33.86793 -118.4047 33.86245 -118.40202 33.85286 -118.39828 33.85013 -118.39776 33.84832 -118.39834 33.84829 -118.39558 33.84692 -118.39504 33.84648 -118.39671 33.84466 -118.39618 33.84327 -118.39288 33.83687 -118.39021 33.82959 -118.38976 33.82731 -118.38924 33.8205 -118.38988 33.81323 -118.39054 33.80869 -118.39116 33.80551 -118.39176 33.80237 -118.39622 33.80193 -118.39734 33.79971 -118.40344 33.79836 -118.40457 33.79792 -118.40569 33.79564 -118.40572 33.79427 -118.40518 33.79292 -118.40575 33.79201 -118.40687 33.79066 -118.40855 33.78888 -118.41133 33.78754 -118.41467 33.78576 -118.41856 33.78306 -118.42136 33.78079 -118.4225 33.77853 -118.42363 33.77719 -118.42587 33.77628 -118.42587 33.77492 -118.42645 33.77401 -118.4259 33.77308 -118.42426 33.77308 -118.42371 33.77261 -118.42206 33.77123 -118.42097 33.77032 -118.42043 33.76941 -118.42044 33.76896 -118.42155 33.76806 -118.42212 33.76577 -118.42104 33.76531 -118.4205 33.76302 -118.41777 33.763 -118.41666 33.76163 -118.41558 33.76027 -118.4156 33.7589 -118.41507 33.75707 -118.41454 33.75615 -118.41344 33.75433 -118.41237 33.75296 -118.41183 33.75251 -118.41239 33.75114 -118.41186 33.75023 -118.41187 33.74931 -118.41133 33.74795 -118.41135 33.74612 -118.41083 33.74294 -118.41087 33.74111 -118.40979 33.7411 -118.40813 33.74154 -118.40702 33.74107 -118.40482 33.74059 -118.40318 33.74013 -118.40207 33.7383 -118.40044 33.73782 -118.3988 33.7369 -118.39715 33.73689 -118.39549 33.73778 -118.39382 33.73822 -118.39216 33.73956 -118.38993 33.73955 -118.38882 33.73999 -118.38716 33.74087 -118.38439 33.74177 -118.38328 33.7422 -118.38106 33.74218 -118.37885 33.74171 -118.37665 33.73987 -118.37447 33.73759 -118.3745 33.73758 -118.37284 33.73894 -118.37227 33.73939 -118.37171 33.73938 -118.37061 33.7389 -118.36841 33.73889 -118.3673 33.73933 -118.36564 33.73931 -118.36453 33.73976 -118.36343 33.73974 -118.36121 33.73882 -118.36012 33.73788 -118.35793 33.73606 -118.35685 33.73559 -118.35575 33.73421 -118.35467 33.73192 -118.35249 33.73009 -118.35197 33.73009 -118.35142 33.72872 -118.35088 33.72779 -118.34924 33.72776 -118.34593 33.72775 -118.34483 33.72404 -118.33771 33.72263 -118.33276 33.72076 -118.32837 33.71936 -118.32452 33.71889 -118.32288 33.7175 -118.32069 33.71748 -118.31903 33.71564 -118.31685 33.71518 -118.31575 33.71516 -118.31465 33.71606 -118.31298 33.71558 -118.31133 33.71466 -118.30969 33.7128 -118.30585 33.7114 -118.30201 33.71137 -118.29926 33.7109 -118.29816 33.71043 -118.29651 33.70952 -118.29652 33.70906 -118.29597 33.70813 -118.29433 33.70631 -118.29381 33.7054 -118.29382 33.70493 -118.29218 33.70491 -118.29107 33.70489 -118.28886 33.70533 -118.2872 33.70668 -118.28552 33.70803 -118.28495 33.71029 -118.28326 33.71395 -118.28486 33.71531 -118.28484 33.71621 -118.28372 33.7171 -118.28205 33.718 -118.28093 33.71981 -118.28091 33.72256 -118.28197 33.72346 -118.2814 33.72391 -118.28084 33.7239 -118.27974 33.72297 -118.27809 33.72206 -118.27811 33.72114 -118.27702 33.71932 -118.27705 33.7175 -118.27653 33.71613 -118.27654 33.71567 -118.276 33.71476 -118.27547 33.71475 -118.27491 33.7161 -118.27379 33.71747 -118.27431 33.71884 -118.27429 33.71975 -118.27428 33.72066 -118.27482 33.72341 -118.27699 33.72523 -118.2775 33.72568 -118.2764 33.7243 -118.27477 33.72293 -118.27423 33.7211 -118.2737 33.72064 -118.27261 33.72018 -118.27206 33.72017 -118.27151 33.72244 -118.27148 33.72519 -118.27309 33.7284 -118.27525 33.73251 -118.27684 33.73616 -118.27789 33.73843 -118.2784 33.74071 -118.27837 33.74388 -118.27721 33.74614 -118.27608 33.74706 -118.27661 33.74842 -118.2766 33.75023 -118.27546 33.75158 -118.27378 33.75294 -118.27431 33.75385 -118.2743 33.75433 -118.27595 33.75435 -118.27871 33.75391 -118.27982 33.75394 -118.28258 33.75441 -118.28368 33.75443 -118.28589 33.75353 -118.287 33.75399 -118.28755 33.75491 -118.28809 33.75536 -118.28753 33.75625 -118.28586 33.75624 -118.28475 33.75667 -118.28309 33.75666 -118.28198 33.75619 -118.28089 33.75663 -118.27923 33.75754 -118.27866 33.75934 -118.27697 33.7607 -118.27695 33.76389 -118.27746 33.76572 -118.27798 33.76753 -118.27795 33.7689 -118.27793 33.77072 -118.2779 33.76979 -118.27626 33.76706 -118.27575 33.76791 -118.27077 33.76066 -118.27309 33.75794 -118.27368 33.75657 -118.27315 33.7561 -118.2715 33.75564 -118.27096 33.75608 -118.26984 33.75743 -118.26927 33.75881 -118.2698 33.76243 -118.26809 33.76287 -118.26698 33.7624 -118.26588 33.7615 -118.26645 33.75969 -118.26703 33.7565 -118.26707 33.75332 -118.26658 33.75962 -118.26096 33.76326 -118.26144 33.76602 -118.26361 33.76642 -118.25919 33.76232 -118.25814 33.77089 -118.25137 33.77584 -118.24687 33.77674 -118.24576 33.77718 -118.24409 33.77671 -118.24355 33.77626 -118.24355 33.77445 -118.24469 33.77265 -118.24638 33.77131 -118.24805 33.7695 -118.24918 33.76815 -118.25031 33.76495 -118.2487 33.76806 -118.24203 33.7724 -118.22318 33.77771 -118.21038 33.77589 -118.20986 33.77236 -118.21986 33.77054 -118.21934 33.77406 -118.20934 33.77224 -118.20882 33.77004 -118.21548 33.76554 -118.21997 33.75822 -118.21622 33.75814 -118.2085 33.75768 -118.20795 33.75767 -118.2074 33.75585 -118.20743 33.75542 -118.20909 33.75362 -118.21133 33.75093 -118.21524 33.74594 -118.21587 33.74084 -118.20712 33.74358 -118.20763 33.74771 -118.21198 33.75129 -118.20585 33.74583 -118.20594 33.74579 -118.20262 33.75216 -118.20251 33.75164 -118.19645 33.74845 -118.1965 33.74796 -118.19265 33.74477 -118.19215 33.74071 -118.19553 33.74078 -118.20216 33.73898 -118.20384 33.73878 -118.18562 33.75385 -118.1909 33.75851 -118.20131 33.76173 -118.20457 33.76263 -118.20345 33.76307 -118.20234 33.7644 -118.19955 33.76481 -118.19513 33.76433 -118.19292 33.7634 -118.19128 33.76293 -118.18964 33.76379 -118.1852 33.76468 -118.18408 33.76466 -118.18243 33.76463 -118.17912 33.76411 -118.1736 33.76215 -118.16148 33.76118 -118.15597 33.75928 -118.14938 33.75735 -118.14001 33.75408 -118.1329 33.75176 -118.12907 33.74898 -118.1247 33.74665 -118.12032 33.74619 -118.11922 33.74617 -118.11812 33.74754 -118.1181 33.74892 -118.11918 33.75077 -118.12246 33.75262 -118.12519 33.75356 -118.12683 33.75586 -118.12955 33.75723 -118.12952 33.75995 -118.12948 33.76175 -118.12779 33.76218 -118.12557 33.76217 -118.12447 33.76308 -118.12445 33.764 -118.12554 33.76584 -118.12717 33.76631 -118.12881 33.76724 -118.13046 33.77044 -118.1315 33.77135 -118.13148 33.77179 -118.13037 33.7704 -118.12819 33.76579 -118.12274 33.76118 -118.11841 33.75841 -118.11459 33.75703 -118.11296 33.75563 -118.11022 33.7547 -118.10858 33.75423 -118.10748 33.75335 -118.10915 33.75246 -118.11138 33.75111 -118.11251 33.74931 -118.1142 33.74613 -118.11426 33.7434 -118.1143 33.74156 -118.11268 33.74062 -118.10994 33.7406 -118.10828 33.7392 -118.10555 33.73782 -118.10446 33.73735 -118.10281 33.73642 -118.10062 33.73594 -118.09898 33.73637 -118.09731 33.73682 -118.0962 33.73677 -118.09233 33.7363 -118.09124 33.73628 -118.08958 33.73673 -118.08902 33.73758 -118.08459 33.73711 -118.08294 33.73478 -118.07857 33.73703 -118.07687 33.73837 -118.07462 33.73745 -118.07354 33.73246 -118.07529 33.73113 -118.07752 33.7293 -118.07645 33.72968 -118.07092 33.72739 -118.06985 33.72142 -118.06499 33.71632 -118.05737 33.71402 -118.0552 33.71268 -118.05688 33.71408 -118.05961 33.72238 -118.06885 33.72469 -118.07156 33.72933 -118.07922 33.73346 -118.0819 33.73485 -118.08408 33.73492 -118.09016 33.73495 -118.09237 33.73496 -118.09348 33.73452 -118.09403 33.73176 -118.09187 33.72995 -118.09301 33.72949 -118.09246 33.72947 -118.09081 33.72854 -118.08917 33.72807 -118.08752 33.7253 -118.08426 33.72161 -118.07991 33.71793 -118.07665 33.71655 -118.07503 33.71471 -118.0734 33.71286 -118.07123 33.711 -118.06795 33.70914 -118.06467 33.70684 -118.06306 33.69487 -118.05113 33.68798 -118.0452 33.68199 -118.03923 33.67645 -118.03271 33.67045 -118.02621 33.66812 -118.02184 33.66443 -118.01804 33.65981 -118.01261 33.6561 -118.00662 33.6533 -118.00115 33.65052 -117.99734 33.64771 -117.99133 33.64536 -117.98531 33.64304 -117.9815 33.6393 -117.9744 33.63467 -117.96842 33.6314 -117.96132 33.62999 -117.95859 33.62767 -117.95477 33.62486 -117.94876 33.62251 -117.9433 33.61927 -117.93895 33.61649 -117.93514 33.61282 -117.93246 33.60822 -117.92924 33.60685 -117.92872 33.60546 -117.92654 33.60453 -117.92546 33.6045 -117.92326 33.60448 -117.9216 33.60398 -117.9183 33.60157 -117.90843 33.59966 -117.90186 33.59819 -117.89471 33.59628 -117.88814 33.59439 -117.88267 33.59483 -117.88211 33.59711 -117.88261 33.5985 -117.88424 33.59945 -117.88642 33.59993 -117.88862 33.59997 -117.89137 33.60281 -117.89958 33.60421 -117.90231 33.60514 -117.9034 33.60608 -117.90558 33.60519 -117.90726 33.60522 -117.90946 33.60661 -117.91109 33.6071 -117.91383 33.60761 -117.91768 33.6081 -117.91988 33.60813 -117.92208 33.60862 -117.92483 33.60957 -117.92757 33.61049 -117.92865 33.61232 -117.92971 33.61323 -117.9297 33.6123 -117.92806 33.61183 -117.92696 33.61091 -117.92588 33.61181 -117.92532 33.61318 -117.92583 33.61456 -117.92691 33.61685 -117.92797 33.61821 -117.92794 33.61958 -117.92847 33.62003 -117.9279 33.62 -117.9257 33.61861 -117.92352 33.61626 -117.91806 33.61486 -117.91533 33.61346 -117.91315 33.61341 -117.90984 33.61476 -117.90816 33.61836 -117.90533 33.62015 -117.90364 33.62149 -117.90141 33.62236 -117.89864 33.62279 -117.89697 33.62547 -117.89361 33.62773 -117.89246 33.62909 -117.89243 33.63137 -117.89294 33.63681 -117.89172 33.64 -117.89165 33.64228 -117.89216 33.64501 -117.89265 33.64682 -117.89207 33.64909 -117.89146 33.65088 -117.88922 33.65176 -117.887 33.6517 -117.88259 33.65073 -117.87875 33.64888 -117.87658 33.64705 -117.87551 33.64614 -117.87608 33.64615 -117.87663 33.64664 -117.87883 33.64757 -117.88047 33.64625 -117.88326 33.64534 -117.88382 33.64353 -117.88441 33.64173 -117.88555 33.64037 -117.88613 33.63857 -117.88727 33.63628 -117.88622 33.63446 -117.88625 33.63264 -117.88574 33.63128 -117.88631 33.62946 -117.8858 33.62854 -117.88527 33.6272 -117.88696 33.6263 -117.88808 33.62542 -117.88975 33.62408 -117.89143 33.62273 -117.89256 33.62183 -117.89313 33.62 -117.89262 33.61863 -117.89209 33.61726 -117.89212 33.61591 -117.89325 33.61547 -117.89381 33.61686 -117.89544 33.61823 -117.89596 33.61914 -117.89649 33.61964 -117.89924 33.61875 -117.90091 33.61742 -117.90314 33.61562 -117.90484 33.61291 -117.90599 33.61154 -117.90547 33.61016 -117.9044 33.61013 -117.90219 33.61055 -117.89998 33.61051 -117.89722 33.6109 -117.8928 33.61041 -117.89006 33.60902 -117.88788 33.6067 -117.88517 33.60396 -117.88412 33.60304 -117.88304 33.60028 -117.88089 33.59753 -117.87984 33.59571 -117.87988 33.59388 -117.87882 33.59067 -117.87724 33.59201 -117.875 33.59198 -117.87334 33.59104 -117.87116 33.58736 -117.86794 33.58595 -117.86465 33.58455 -117.86248 33.58406 -117.86028 33.58267 -117.85811 33.58173 -117.85648 33.58034 -117.8543 33.57987 -117.85321 33.57894 -117.85158 33.578 -117.84939 33.57658 -117.84612 33.5752 -117.84449 33.57334 -117.84177 33.57193 -117.83904 33.56962 -117.83634 33.56823 -117.83472 33.56546 -117.83202 33.5636 -117.82931 33.56264 -117.82547 33.56169 -117.82274 33.55848 -117.82115 33.5571 -117.82008 33.55483 -117.82013 33.55437 -117.82014 33.55344 -117.81905 33.55343 -117.81796 33.55388 -117.81739 33.55341 -117.8163 33.55248 -117.81522 33.55202 -117.81522 33.55156 -117.81469 33.55064 -117.81416 33.55063 -117.81304 33.55152 -117.81193 33.55197 -117.81136 33.55194 -117.80917 33.55102 -117.80863 33.55009 -117.80755 33.54735 -117.8065 33.54643 -117.80543 33.54597 -117.80544 33.54596 -117.80434 33.54548 -117.80324 33.54543 -117.79993 33.54541 -117.79829 33.54492 -117.79609 33.54352 -117.79337 33.54304 -117.79173 33.54256 -117.79008 33.54206 -117.78679 33.54113 -117.78571 33.54019 -117.78352 33.53833 -117.78136 33.53513 -117.77978 33.53143 -117.77601 33.52728 -117.77224 33.52403 -117.76791 33.52172 -117.76575 33.51897 -117.76417 33.51666 -117.76146 33.51482 -117.7604 33.51388 -117.75822 33.51249 -117.75715 33.51202 -117.75606 33.5111 -117.75553 33.50833 -117.75229 33.50416 -117.74742 33.50048 -117.74475 33.49908 -117.74258 33.4977 -117.74151 33.49586 -117.74045 33.49358 -117.73995 33.49175 -117.73944 33.49038 -117.73892 33.48945 -117.73785 33.48899 -117.7373 33.4876 -117.73568 33.48804 -117.73457 33.48758 -117.73403 33.48712 -117.73404 33.4862 -117.73351 33.48576 -117.73407 33.48483 -117.73299 33.48436 -117.7319 33.48342 -117.73027 33.48107 -117.72537 33.47878 -117.72432 33.47602 -117.72273 33.47372 -117.72113 33.4719 -117.72063 33.47096 -117.71899 33.46822 -117.71796 33.46593 -117.71691 33.46363 -117.71531 33.46135 -117.71536 33.46044 -117.71538 33.45948 -117.7121 33.45944 -117.70935 33.46031 -117.70658 33.46166 -117.706 33.46298 -117.70322 33.46293 -117.69991 33.46151 -117.69665 33.46106 -117.69666 33.46104 -117.69501 33.46103 -117.69446 33.46099 -117.69225 33.46143 -117.69115 33.4614 -117.6895 33.46133 -117.68455 33.46035 -117.68072 33.45943 -117.67963 33.45849 -117.67801 33.45754 -117.67528 33.45475 -117.67149 33.45238 -117.66549 33.45004 -117.66115 33.44768 -117.65625 33.4449 -117.65302 33.44304 -117.65031 33.44022 -117.64542 33.43744 -117.64218 33.43557 -117.63893 33.43187 -117.63516 33.42862 -117.63139 33.42677 -117.62923 33.42585 -117.62871 33.424 -117.6271 33.42215 -117.62495 33.42028 -117.62169 33.41844 -117.62064 33.41798 -117.62009 33.41521 -117.61796 33.41338 -117.61691 33.4115 -117.61365 33.40964 -117.6115 33.40689 -117.6099 33.40227 -117.60561 33.3995 -117.60349 33.39629 -117.60191 33.39444 -117.6003 33.3903 -117.59766 33.38801 -117.59661 33.38663 -117.59554 33.3857 -117.59447 33.38431 -117.59286 33.3843 -117.5923 33.38245 -117.5907 33.38103 -117.58743 33.37964 -117.58582 33.37912 -117.58199 33.37722 -117.57709 33.37578 -117.57272 33.37436 -117.56891 33.37296 -117.56729 33.37156 -117.56513 33.36872 -117.5586 33.36635 -117.55316 33.36215 -117.54668 33.35889 -117.54236 33.35516 -117.53696 33.35188 -117.53154 33.34723 -117.52561 33.34397 -117.5213 33.33976 -117.51481 33.3351 -117.50888 33.3286 -117.50136 33.32349 -117.49545 33.31839 -117.49008 33.31144 -117.48312 33.30357 -117.47508 33.29388 -117.46764 33.28464 -117.45965 33.27631 -117.45217 33.26614 -117.44311 33.25736 -117.4362 33.24951 -117.42981 33.24029 -117.42347 33.2329 -117.41763 33.23059 -117.41549 33.22459 -117.41071 33.21489 -117.40329 33.21578 -117.40217 33.21761 -117.40266 33.21938 -117.39988 33.21477 -117.39671 33.21388 -117.39783 33.21483 -117.4 33.21395 -117.40166 33.20424 -117.39315 33.19962 -117.38943 33.19453 -117.38519 33.19036 -117.38091 33.18157 -117.37347 33.17509 -117.36761 33.16863 -117.36285 33.16399 -117.35804 33.158 -117.35436 33.15339 -117.3512 33.14924 -117.34857 33.14601 -117.34592 33.14368 -117.34325 33.14045 -117.34114 33.13633 -117.33961 33.13266 -117.33807 33.12758 -117.33437 33.1239 -117.33228 33.11839 -117.32969 33.10919 -117.32501 33.09863 -117.32037 33.08532 -117.31416 33.07658 -117.31003 33.06284 -117.30548 33.05503 -117.30186 33.04815 -117.29932 33.04494 -117.29777 33.0399 -117.29626 33.03486 -117.29476 33.02933 -117.29108 33.02194 -117.28582 33.01827 -117.28428 33.0123 -117.28171 33.00772 -117.2802 33.00315 -117.27978 33.00224 -117.27926 32.9981 -117.27773 32.9926 -117.27515 32.98757 -117.2742 32.98207 -117.27271 32.9752 -117.27072 32.97247 -117.27025 32.96651 -117.26878 32.96243 -117.26944 32.95834 -117.26955 32.9519 -117.26645 32.94412 -117.26449 32.93587 -117.26199 32.92855 -117.26 32.92079 -117.25913 32.91256 -117.25718 32.90615 -117.25572 32.89975 -117.25426 32.89654 -117.25326 32.89199 -117.25339 32.88837 -117.25459 32.88517 -117.25413 32.88286 -117.25256 32.87967 -117.2521 32.87509 -117.25114 32.87055 -117.25182 32.86465 -117.25307 32.85967 -117.25431 32.85472 -117.25718 32.85112 -117.25947 32.84935 -117.26225 32.84894 -117.26444 32.84898 -117.26662 32.84948 -117.26879 32.84997 -117.27042 32.84956 -117.27261 32.84869 -117.27483 32.8478 -117.27594 32.84601 -117.27763 32.84422 -117.27932 32.84242 -117.28046 32.84062 -117.2816 32.83744 -117.28224 32.83517 -117.2823 32.83288 -117.28182 32.83013 -117.28081 32.82739 -117.28033 32.8233 -117.28045 32.82101 -117.27997 32.8201 -117.27999 32.81915 -117.27784 32.81866 -117.27621 32.81726 -117.27461 32.81588 -117.27411 32.81404 -117.27307 32.81265 -117.27147 32.81079 -117.26988 32.80851 -117.2694 32.80756 -117.26779 32.80708 -117.26617 32.80613 -117.26456 32.80473 -117.26295 32.80242 -117.26084 32.79827 -117.25877 32.79231 -117.25622 32.78589 -117.25421 32.78041 -117.25382 32.7713 -117.25354 32.76128 -117.25382 32.7581 -117.25391 32.75805 -117.25118 32.75755 -117.24902 32.75797 -117.24737 32.7584 -117.24627 32.75932 -117.24679 32.7598 -117.24786 32.76073 -117.24892 32.76211 -117.24944 32.76347 -117.2494 32.76484 -117.24936 32.76618 -117.24823 32.76663 -117.24767 32.76479 -117.24663 32.76343 -117.24722 32.76251 -117.2467 32.76249 -117.24561 32.76429 -117.24446 32.7661 -117.24387 32.7679 -117.24272 32.76882 -117.24324 32.76973 -117.24322 32.77021 -117.24483 32.77113 -117.24481 32.77339 -117.2442 32.77432 -117.24527 32.77389 -117.24637 32.77255 -117.2475 32.77211 -117.2486 32.77304 -117.24966 32.77443 -117.25072 32.77579 -117.25014 32.77666 -117.24847 32.7771 -117.24737 32.77754 -117.24681 32.77802 -117.24789 32.77895 -117.24895 32.77898 -117.25059 32.77944 -117.25058 32.7808 -117.24999 32.78168 -117.24888 32.7826 -117.2494 32.78355 -117.25101 32.78677 -117.25256 32.78812 -117.25197 32.78947 -117.25084 32.79031 -117.24754 32.79026 -117.24481 32.7893 -117.24266 32.78745 -117.24107 32.78515 -117.24005 32.78288 -117.24011 32.7806 -117.24017 32.77919 -117.23804 32.77871 -117.23696 32.77868 -117.23532 32.78 -117.2331 32.78226 -117.23195 32.78452 -117.23134 32.7877 -117.2307 32.78952 -117.23064 32.78951 -117.2301 32.78949 -117.22901 32.78992 -117.22791 32.79173 -117.22731 32.79309 -117.22672 32.79486 -117.22449 32.79573 -117.22228 32.79525 -117.22121 32.79432 -117.22014 32.79296 -117.22073 32.79203 -117.21966 32.79152 -117.21695 32.79194 -117.21475 32.79326 -117.21253 32.79419 -117.21359 32.79422 -117.21523 32.79514 -117.21575 32.79602 -117.21409 32.79598 -117.21191 32.79503 -117.2103 32.79366 -117.20979 32.79228 -117.20928 32.78955 -117.20937 32.78684 -117.21053 32.78184 -117.21122 32.77913 -117.21239 32.77685 -117.21191 32.77502 -117.21142 32.77134 -117.20989 32.76904 -117.20886 32.76723 -117.20947 32.76588 -117.21004 32.76499 -117.21117 32.76411 -117.21282 32.76416 -117.215 32.76423 -117.21883 32.76528 -117.22588 32.76533 -117.22807 32.7649 -117.22971 32.76583 -117.23023 32.76676 -117.2313 32.76816 -117.23289 32.76818 -117.23399 32.76775 -117.23508 32.76683 -117.23512 32.7664 -117.23622 32.76689 -117.23784 32.76693 -117.24002 32.76649 -117.24058 32.76513 -117.24117 32.76468 -117.24117 32.7633 -117.24067 32.76281 -117.23905 32.76277 -117.23687 32.76229 -117.23579 32.76135 -117.23418 32.76044 -117.23421 32.75908 -117.23479 32.75822 -117.237 32.75916 -117.23861 32.7601 -117.24022 32.76014 -117.24185 32.7597 -117.24296 32.75743 -117.24357 32.75515 -117.24309 32.75426 -117.2442 32.75384 -117.24585 32.75388 -117.24803 32.75528 -117.24963 32.75486 -117.25127 32.75261 -117.25298 32.74855 -117.25472 32.74355 -117.25541 32.73766 -117.25667 32.73311 -117.25735 32.73038 -117.25742 32.72856 -117.25747 32.72628 -117.25754 32.72448 -117.25868 32.72175 -117.25876 32.71992 -117.25826 32.71717 -117.25725 32.71352 -117.25681 32.70575 -117.25594 32.7021 -117.25549 32.69938 -117.25612 32.69664 -117.25565 32.69434 -117.25462 32.69158 -117.25361 32.68837 -117.25207 32.68377 -117.25002 32.6783 -117.24963 32.67188 -117.24763 32.6673 -117.24667 32.66547 -117.24618 32.66455 -117.24566 32.66407 -117.24404 32.66359 -117.24297 32.664 -117.24078 32.66534 -117.23965 32.6667 -117.23906 32.66896 -117.23845 32.67032 -117.23787 32.67261 -117.23834 32.67443 -117.2383 32.6758 -117.2388 32.67945 -117.23869 32.68125 -117.23756 32.68257 -117.23534 32.68485 -117.23528 32.68676 -117.23958 32.68996 -117.24058 32.69634 -117.24094 32.7022 -117.2375 32.70768 -117.23844 32.71705 -117.22836 32.71777 -117.21907 32.72498 -117.21504 32.72712 -117.20789 32.72682 -117.19318 32.72612 -117.18121 32.72097 -117.17427 32.71368 -117.17448 32.70916 -117.17625 32.70583 -117.16926 32.69179 -117.15113 32.68272 -117.13124 32.67855 -117.12755 32.6688 -117.11912 32.6671 -117.12462 32.66335 -117.11983 32.65743 -117.12 32.64547 -117.11437 32.64234 -117.11719 32.63912 -117.11565 32.63409 -117.11472 32.63305 -117.10876 32.62844 -117.10617 32.62421 -117.1003 32.61188 -117.0985 32.6074 -117.10245 32.6065 -117.10302 32.6025 -117.10749 32.59937 -117.11031 32.59715 -117.1131 32.60192 -117.1233 32.60472 -117.12649 32.60887 -117.12908 32.61484 -117.13108 32.62033 -117.13255 32.62941 -117.13065 32.62951 -117.13554 32.64014 -117.14285 32.64891 -117.14804 32.66276 -117.15689 32.67105 -117.16155 32.67411 -117.15547 32.6769 -117.15811 32.67344 -117.16694 32.67802 -117.16789 32.68611 -117.16275 32.69627 -117.16954 32.6987 -117.1771 32.7021 -117.18736 32.71278 -117.1974 32.7125 -117.20614 32.70948 -117.2144 32.70554 -117.22215 32.69925 -117.22668 32.68881 -117.22862 32.68423 -117.22712 32.68236 -117.22499 32.68143 -117.22393 32.68141 -117.22284 32.68274 -117.22117 32.6845 -117.21784 32.68575 -117.21236 32.68654 -117.20634 32.68644 -117.20144 32.68589 -117.19655 32.6849 -117.19276 32.68298 -117.18791 32.68155 -117.18468 32.67924 -117.18312 32.67784 -117.18153 32.67599 -117.17995 32.67596 -117.17886 32.67454 -117.17617 32.67313 -117.17403 32.67081 -117.17192 32.66755 -117.16821 32.6634 -117.16615 32.66018 -117.1646 32.65739 -117.16196 32.65552 -117.15929 32.64766 -117.15408 32.64165 -117.14989 32.6343 -117.14684 32.62877 -117.14374 32.62185 -117.13959 32.61406 -117.13764 32.60764 -117.13565 32.59805 -117.13431 32.58801 -117.13351 32.57571 -117.13388 32.56796 -117.13357 32.56113 -117.13377 32.55792 -117.13277 32.55471 -117.13178 32.55242 -117.13131 32.54828 -117.12926 32.54645 -117.12877 32.53637 -117.12635 32.53043 -117.12543 38.06571 -122.27103 38.06844 -122.27055 38.07112 -122.27241 38.07335 -122.27425 38.076 -122.27727 38.07775 -122.28026 38.07951 -122.28267 38.08217 -122.2851 38.08394 -122.28693 38.0893 -122.29064 38.09418 -122.2955 38.09728 -122.29855 38.10044 -122.29925 38.10264 -122.30226 38.11147 -122.31255 38.11364 -122.31673 38.1158 -122.32149 38.11884 -122.32745 38.12276 -122.33405 38.12585 -122.33768 38.12847 -122.34246 38.13066 -122.34547 38.13456 -122.35323 38.13801 -122.36098 38.14098 -122.36987 38.1457 -122.38118 38.14824 -122.38889 38.15105 -122.40422 38.15193 -122.40543 38.15233 -122.40778 38.15094 -122.40891 38.14916 -122.40766 38.14552 -122.4081 38.14323 -122.40918 38.13771 -122.41248 38.13353 -122.4164 38.13026 -122.42037 38.1265 -122.42608 38.12456 -122.43127 38.12084 -122.43523 38.11845 -122.4404 38.11789 -122.44505 38.11594 -122.45025 38.11544 -122.45257 38.11766 -122.45441 38.11903 -122.45388 38.12038 -122.45452 38.12216 -122.45576 38.11982 -122.4586 38.1175 -122.46085 38.11654 -122.46314 38.11547 -122.47012 38.11484 -122.47712 38.11378 -122.48352 38.1127 -122.49049 38.11168 -122.49513 38.11069 -122.4986 38.10933 -122.49855 38.10759 -122.49556 38.10408 -122.49073 38.10133 -122.49179 38.09363 -122.49148 38.09274 -122.49085 38.09055 -122.48784 38.08511 -122.48762 38.08058 -122.48744 38.07741 -122.48731 38.0738 -122.48658 38.06969 -122.48758 38.06512 -122.48915 38.06144 -122.49134 38.05729 -122.49409 38.05272 -122.49567 38.05089 -122.49618 38.04953 -122.49612 38.04776 -122.49429 38.04684 -122.49484 38.04499 -122.49652 38.03809 -122.50032 38.03262 -122.50185 38.02988 -122.50233 38.02718 -122.50163 38.02313 -122.5003 38.01998 -122.49959 38.0164 -122.49769 38.01509 -122.49529 38.01381 -122.49232 38.01252 -122.48934 38.01031 -122.48692 38.00856 -122.48451 38.00728 -122.48096 38.00557 -122.47679 38.00476 -122.47267 38.00167 -122.46904 38.00046 -122.46315 37.99866 -122.46249 37.99782 -122.45954 37.9956 -122.4577 37.99335 -122.45702 37.99162 -122.45345 37.98848 -122.45216 37.98576 -122.45204 37.98256 -122.45308 37.98116 -122.45478 37.98016 -122.45882 37.98008 -122.46175 37.98137 -122.46472 37.98357 -122.46773 37.98438 -122.47185 37.98252 -122.47353 37.97973 -122.47633 37.97789 -122.47743 37.97516 -122.47791 37.9733 -122.47958 37.97325 -122.48191 37.97367 -122.4831 37.97226 -122.48538 37.96989 -122.48937 37.97026 -122.49289 37.97067 -122.49466 37.97016 -122.49698 37.96877 -122.49809 37.96738 -122.4992 37.96373 -122.50022 37.961 -122.50069 37.96056 -122.50009 37.95967 -122.49947 37.95974 -122.49655 37.95889 -122.49419 37.95575 -122.49289 37.95306 -122.49161 37.94992 -122.49031 37.9481 -122.49024 37.94636 -122.48725 37.94513 -122.48195 37.94333 -122.48129 37.94197 -122.48123 37.9406 -122.48177 37.93961 -122.48523 37.93862 -122.48869 37.93673 -122.49153 37.93666 -122.49445 37.93793 -122.498 37.9406 -122.50044 37.94096 -122.50397 37.94317 -122.50639 37.94447 -122.50878 37.94396 -122.51109 37.94217 -122.51044 37.94043 -122.50745 37.93863 -122.50679 37.93726 -122.50732 37.93137 -122.50707 37.92645 -122.50396 37.92337 -122.50033 37.92122 -122.49557 37.92088 -122.49089 37.92007 -122.48677 37.91743 -122.48375 37.91568 -122.48076 37.91299 -122.47948 37.91074 -122.47881 37.90852 -122.47697 37.90712 -122.47866 37.90575 -122.47919 37.90353 -122.47735 37.90224 -122.47438 37.9005 -122.47139 37.89737 -122.46951 37.89699 -122.46658 37.89614 -122.46422 37.89394 -122.46121 37.89355 -122.45886 37.89363 -122.45536 37.8937 -122.45245 37.89282 -122.45125 37.89061 -122.44882 37.8857 -122.44571 37.88396 -122.44273 37.88218 -122.44149 37.88035 -122.44199 37.87984 -122.44431 37.87844 -122.44601 37.87568 -122.44765 37.87334 -122.45047 37.87144 -122.45389 37.87181 -122.45741 37.87082 -122.46087 37.87168 -122.46265 37.87118 -122.46497 37.86934 -122.46606 37.86796 -122.46658 37.86666 -122.4642 37.864 -122.46176 37.86264 -122.46171 37.86276 -122.46279 37.86304 -122.46405 37.86433 -122.46703 37.86694 -122.47121 37.86961 -122.47365 37.87228 -122.47551 37.87453 -122.47618 37.87819 -122.47516 37.88139 -122.47412 37.88361 -122.47596 37.88538 -122.47778 37.88757 -122.48079 37.88887 -122.48318 37.89019 -122.48498 37.89281 -122.48917 37.89414 -122.49039 37.89454 -122.49274 37.894 -122.49622 37.89341 -122.50145 37.89244 -122.50433 37.89104 -122.50602 37.8888 -122.50476 37.88431 -122.50283 37.88164 -122.50097 37.87892 -122.50086 37.87839 -122.50375 37.8788 -122.50552 37.87783 -122.5084 37.87689 -122.50953 37.87417 -122.50941 37.87242 -122.50701 37.87156 -122.50523 37.87072 -122.50227 37.86895 -122.50045 37.86715 -122.49979 37.86494 -122.49738 37.86364 -122.49499 37.86148 -122.49081 37.85888 -122.48605 37.85807 -122.48193 37.85629 -122.4807 37.85447 -122.48062 37.84855 -122.48154 37.84718 -122.48208 37.8454 -122.48083 37.8436 -122.48018 37.84183 -122.47836 37.83915 -122.47651 37.83736 -122.47585 37.83601 -122.47521 37.83325 -122.47685 37.83275 -122.47858 37.83274 -122.47916 37.83226 -122.48031 37.83089 -122.48083 37.82907 -122.48077 37.82727 -122.48011 37.82499 -122.4806 37.82495 -122.48235 37.82492 -122.48351 37.82534 -122.48528 37.8262 -122.48706 37.82703 -122.49001 37.82605 -122.49288 37.82556 -122.49461 37.82373 -122.49512 37.82232 -122.4974 37.82086 -122.50142 37.82029 -122.50606 37.82425 -122.51088 37.82465 -122.51323 37.82494 -122.51965 37.82531 -122.52316 37.8248 -122.52547 37.82252 -122.52596 37.82157 -122.52768 37.82059 -122.53055 37.81922 -122.53108 37.81514 -122.53091 37.81556 -122.5321 37.81827 -122.53278 37.82007 -122.53344 37.82182 -122.53584 37.82273 -122.53588 37.82451 -122.53712 37.82498 -122.53656 37.82679 -122.53664 37.82814 -122.53727 37.82901 -122.53848 37.83036 -122.53912 37.83207 -122.54327 37.83335 -122.54623 37.83417 -122.54977 37.8355 -122.55099 37.83641 -122.55103 37.83954 -122.5529 37.84132 -122.55414 37.8422 -122.55534 37.84262 -122.55653 37.84349 -122.55774 37.84439 -122.55836 37.84525 -122.56014 37.84617 -122.55959 37.84752 -122.56023 37.84841 -122.56085 37.84927 -122.56264 37.85015 -122.56384 37.85149 -122.56448 37.85191 -122.56567 37.85279 -122.56687 37.85319 -122.56921 37.85314 -122.57096 37.85402 -122.57217 37.85621 -122.57517 37.8571 -122.5758 37.85842 -122.5776 37.85881 -122.57995 37.85878 -122.58112 37.85736 -122.58339 37.85779 -122.58457 37.8582 -122.58634 37.86043 -122.5876 37.86128 -122.58997 37.86169 -122.59174 37.86438 -122.59301 37.86794 -122.5955 37.8706 -122.59794 37.87235 -122.60035 37.87365 -122.60274 37.87408 -122.60392 37.87495 -122.60512 37.87536 -122.60689 37.87624 -122.60809 37.87662 -122.61102 37.87748 -122.61281 37.87787 -122.61517 37.87739 -122.61631 37.87735 -122.61806 37.87685 -122.61978 37.87771 -122.62157 37.87859 -122.62277 37.87949 -122.62282 37.88038 -122.62344 37.88081 -122.62462 37.88072 -122.62811 37.88113 -122.62988 37.88248 -122.62994 37.88337 -122.63056 37.88472 -122.6312 37.88608 -122.63126 37.88741 -122.63248 37.88872 -122.63429 37.89182 -122.63734 37.89534 -122.64157 37.89664 -122.64396 37.89927 -122.64758 37.90011 -122.64994 37.90431 -122.66296 37.9055 -122.66943 37.90585 -122.67354 37.90623 -122.67648 37.90568 -122.67995 37.90561 -122.68287 37.90369 -122.68687 37.90174 -122.69204 37.89845 -122.69656 37.89746 -122.69944 37.89651 -122.70115 37.89514 -122.70168 37.89373 -122.70336 37.89414 -122.70513 37.89411 -122.7063 37.89539 -122.70927 37.89717 -122.71052 37.89802 -122.71288 37.89978 -122.71471 37.90065 -122.71651 37.90146 -122.72004 37.90141 -122.72179 37.90179 -122.72472 37.90263 -122.72709 37.9053 -122.72896 37.90846 -122.72968 37.91119 -122.72922 37.91476 -122.73171 37.91611 -122.73177 37.91791 -122.73243 37.92194 -122.73436 37.92544 -122.73918 37.92938 -122.74461 37.93061 -122.74934 37.93411 -122.75416 37.93496 -122.75653 37.93536 -122.7583 37.93525 -122.76238 37.93565 -122.76473 37.93607 -122.76592 37.93738 -122.76773 37.93916 -122.76897 37.9405 -122.76962 37.94139 -122.77025 37.94271 -122.77206 37.94311 -122.77383 37.943 -122.77791 37.94389 -122.77853 37.94434 -122.77855 37.94572 -122.77803 37.94661 -122.77865 37.94706 -122.77867 37.94794 -122.77988 37.94744 -122.78161 37.94692 -122.78392 37.9478 -122.78513 37.94916 -122.78519 37.95006 -122.78523 37.95098 -122.78468 37.95369 -122.78539 37.95728 -122.78672 37.96175 -122.78925 37.96665 -122.79239 37.97243 -122.79674 37.97686 -122.80045 37.97863 -122.80228 37.98035 -122.80585 37.983 -122.80831 37.98476 -122.81014 37.98425 -122.81246 37.98509 -122.81483 37.98732 -122.8161 37.99134 -122.81862 37.99443 -122.82169 37.9962 -122.82352 37.9983 -122.82946 38.00055 -122.83015 38.00139 -122.83252 38.00358 -122.83554 38.00706 -122.84096 38.01653 -122.8595 38.01951 -122.86666 38.02161 -122.8726 38.02323 -122.87968 38.02529 -122.88738 38.02644 -122.89503 38.02754 -122.90444 38.02768 -122.91556 38.02839 -122.92205 38.02876 -122.92554 38.02956 -122.92967 38.03175 -122.93211 38.03311 -122.93217 38.03316 -122.93043 38.03143 -122.92742 38.02905 -122.92129 38.02889 -122.92087 38.02903 -122.9162 38.02919 -122.91036 38.02893 -122.90334 38.02861 -122.89864 38.02869 -122.89572 38.0292 -122.89341 38.03012 -122.89287 38.03371 -122.8942 38.03638 -122.89608 38.03501 -122.8966 38.03365 -122.89654 38.03227 -122.89706 38.03129 -122.89993 38.03121 -122.90285 38.03158 -122.90579 38.03196 -122.90874 38.03372 -122.91057 38.03461 -122.91119 38.03596 -122.91125 38.03878 -122.90788 38.0415 -122.908 38.04331 -122.90809 38.04738 -122.90828 38.04911 -122.91129 38.05 -122.91191 38.04906 -122.91303 38.04769 -122.91356 38.04541 -122.91404 38.0436 -122.91396 38.04222 -122.91447 38.04039 -122.91497 38.0381 -122.91604 38.03493 -122.91589 38.0335 -122.91816 38.03436 -122.91995 38.03342 -122.92108 38.03286 -122.92515 38.03506 -122.92759 38.03543 -122.93053 38.03536 -122.93286 38.0367 -122.93351 38.03761 -122.93356 38.03853 -122.93301 38.03942 -122.93364 38.04167 -122.93433 38.0425 -122.93729 38.04424 -122.93971 38.04558 -122.94035 38.04744 -122.93869 38.05019 -122.93765 38.05249 -122.93658 38.05435 -122.93492 38.05487 -122.9326 38.05771 -122.92978 38.05909 -122.92754 38.05962 -122.92464 38.06237 -122.9236 38.0633 -122.92306 38.06555 -122.92374 38.06797 -122.91801 38.06987 -122.91517 38.07126 -122.91406 38.07085 -122.91229 38.07181 -122.91058 38.07228 -122.91002 38.0736 -122.91125 38.07311 -122.91298 38.07306 -122.91473 38.07212 -122.91586 38.06976 -122.91926 38.06833 -122.92153 38.07056 -122.92281 38.07048 -122.92573 38.06912 -122.92567 38.06726 -122.92733 38.0645 -122.92896 38.06352 -122.93125 38.06252 -122.93472 38.06432 -122.93539 38.06703 -122.93551 38.07468 -122.93762 38.07698 -122.93656 38.07837 -122.93546 38.0811 -122.935 38.08243 -122.93623 38.08515 -122.93636 38.08704 -122.93352 38.08844 -122.93241 38.09021 -122.93367 38.08924 -122.93596 38.08689 -122.93877 38.08555 -122.93813 38.08465 -122.93809 38.0828 -122.93917 38.08277 -122.94034 38.08096 -122.94025 38.07913 -122.94076 38.07819 -122.94188 38.07682 -122.9424 38.07593 -122.94177 38.07366 -122.94167 38.06954 -122.94323 38.06635 -122.94366 38.06269 -122.94466 38.06038 -122.94631 38.0603 -122.94923 38.06065 -122.95276 38.06104 -122.95512 38.06238 -122.95576 38.06329 -122.95581 38.06691 -122.95598 38.06961 -122.95669 38.07189 -122.95621 38.07414 -122.9569 38.07501 -122.95811 38.07498 -122.95928 38.07407 -122.95924 38.07272 -122.95918 38.06955 -122.95902 38.06681 -122.95948 38.06542 -122.96059 38.06317 -122.95989 38.06047 -122.95918 38.05871 -122.95734 38.05743 -122.95436 38.05656 -122.95315 38.05208 -122.95119 38.05025 -122.95169 38.0493 -122.9534 38.05017 -122.95461 38.05277 -122.95882 38.05405 -122.96181 38.054 -122.96356 38.05264 -122.96349 38.05177 -122.96229 38.04957 -122.95985 38.04655 -122.95444 38.04349 -122.9502 38.03995 -122.94711 38.03644 -122.94286 38.03515 -122.94045 38.03518 -122.93929 38.03384 -122.93864 38.03335 -122.93979 38.03149 -122.94145 38.03091 -122.94611 38.03034 -122.95017 38.02783 -122.95882 38.02439 -122.96801 38.01873 -122.97593 38.01269 -122.98091 38.00715 -122.98415 38.00259 -122.98511 38.00034 -122.98441 37.9981 -122.98373 37.99724 -122.98193 37.99684 -122.98016 37.99554 -122.97776 37.99561 -122.97543 37.99479 -122.97247 37.99308 -122.96888 37.9922 -122.96767 37.98997 -122.96639 37.98953 -122.96579 37.98905 -122.96693 37.99032 -122.96992 37.98979 -122.97282 37.99066 -122.97402 37.99108 -122.97521 37.99194 -122.97701 37.99281 -122.97822 37.99224 -122.98228 37.99216 -122.9852 37.99253 -122.98814 37.99293 -122.98991 37.9938 -122.99112 37.99372 -122.99403 37.99323 -122.99519 37.99362 -122.99754 37.99352 -123.00104 37.993 -123.00335 37.99293 -123.00568 37.99419 -123.00925 37.99508 -123.00988 37.99546 -123.01224 37.99498 -123.01338 37.99404 -123.0145 37.99354 -123.01624 37.9935 -123.0174 37.99343 -123.01974 37.99426 -123.0227 37.99421 -123.02445 37.9951 -123.02507 37.996 -123.02512 37.99694 -123.02399 37.99834 -123.02289 37.99932 -123.02002 38.00028 -123.01831 38.00082 -123.01541 38.00129 -123.01485 38.00223 -123.01373 38.00407 -123.01265 38.00823 -123.00992 38.01374 -123.00784 38.01925 -123.00518 38.02433 -123.00192 38.03217 -122.99761 38.03769 -122.99495 38.05513 -122.98759 38.06342 -122.98331 38.07304 -122.97966 38.08498 -122.97438 38.0974 -122.96853 38.11251 -122.96339 38.12307 -122.95861 38.1327 -122.95496 38.14048 -122.95241 38.14686 -122.95153 38.15142 -122.95058 38.15638 -122.95139 38.16272 -122.95169 38.16586 -122.95301 38.16811 -122.9537 38.16945 -122.95435 38.17076 -122.95617 38.17168 -122.95563 38.1735 -122.95571 38.17531 -122.9558 38.17662 -122.95762 38.17838 -122.95946 38.18009 -122.96305 38.18095 -122.96485 38.1822 -122.96843 38.18357 -122.96849 38.18722 -122.96749 38.1886 -122.96696 38.1904 -122.96764 38.19357 -122.96779 38.19585 -122.96731 38.19853 -122.96861 38.20123 -122.96932 38.20345 -122.97118 38.2061 -122.97366 38.20873 -122.97672 38.21313 -122.98161 38.21581 -122.98291 38.21989 -122.98311 38.22125 -122.98317 38.22435 -122.98566 38.22563 -122.98866 38.22786 -122.98993 38.22873 -122.99115 38.23544 -122.9944 38.23719 -122.99683 38.23989 -122.99754 38.24036 -122.99698 38.24084 -122.99583 38.23996 -122.99519 38.23826 -122.99101 38.23568 -122.9862 38.23484 -122.98381 38.23034 -122.98243 38.22816 -122.97939 38.22548 -122.9781 38.22464 -122.97571 38.22332 -122.97389 38.22158 -122.97146 38.20397 -122.95245 38.20129 -122.95116 38.20134 -122.9494 38.19641 -122.94741 38.19545 -122.94913 38.19495 -122.95086 38.19399 -122.95258 38.1931 -122.95194 38.19318 -122.94902 38.19278 -122.94724 38.19285 -122.9449 38.19333 -122.94376 38.19244 -122.94312 38.19115 -122.94072 38.18981 -122.94007 38.18803 -122.93882 38.18763 -122.93704 38.18766 -122.93587 38.18679 -122.93466 38.17739 -122.93012 38.17559 -122.92945 38.17564 -122.9277 38.17297 -122.92581 38.17116 -122.92573 38.17027 -122.9251 38.16851 -122.92326 38.16767 -122.92088 38.16544 -122.91961 38.1605 -122.91762 38.15918 -122.91639 38.15921 -122.91521 38.15795 -122.91164 38.1566 -122.911 38.15619 -122.90981 38.15432 -122.91148 38.15342 -122.91143 38.15161 -122.91135 38.15065 -122.90959 38.15034 -122.90898 38.149 -122.90713 38.14675 -122.90644 38.14541 -122.90579 38.14323 -122.90276 38.13925 -122.89906 38.13791 -122.89842 38.13654 -122.89894 38.13382 -122.89882 38.13207 -122.89639 38.1321 -122.89523 38.13168 -122.89404 38.13173 -122.89228 38.13087 -122.89048 38.12819 -122.88919 38.12689 -122.88679 38.1238 -122.88372 38.12201 -122.88305 38.12156 -122.88303 38.1185 -122.87879 38.08736 -122.83992 38.08738 -122.83933 38.08786 -122.83819 38.08623 -122.83167 38.08763 -122.82999 38.08946 -122.82948 38.09124 -122.83073 38.09567 -122.83444 38.10093 -122.84112 38.10493 -122.84423 38.10627 -122.84487 38.10668 -122.84665 38.10522 -122.85009 38.10649 -122.85366 38.11419 -122.85401 38.11587 -122.85877 38.11581 -122.86111 38.11623 -122.8623 38.1162 -122.86347 38.11794 -122.86589 38.11929 -122.86654 38.12112 -122.86604 38.12296 -122.86495 38.12524 -122.86447 38.12789 -122.86693 38.12876 -122.86814 38.13049 -122.87115 38.13135 -122.87295 38.13313 -122.8742 38.13629 -122.87492 38.13897 -122.87622 38.14072 -122.87864 38.14158 -122.88044 38.14197 -122.8828 38.1424 -122.8834 38.14328 -122.88461 38.14415 -122.88583 38.14596 -122.88591 38.1473 -122.88656 38.14816 -122.88835 38.14853 -122.8913 38.15078 -122.89199 38.15122 -122.89259 38.15343 -122.89445 38.15567 -122.89573 38.15792 -122.89642 38.15881 -122.89704 38.1606 -122.89771 38.16195 -122.89835 38.16278 -122.90074 38.16453 -122.90316 38.16631 -122.90442 38.16945 -122.90573 38.17212 -122.90762 38.17348 -122.90768 38.1748 -122.90891 38.17568 -122.91013 38.17881 -122.91144 38.18194 -122.91335 38.18597 -122.91528 38.18948 -122.91955 38.19033 -122.92135 38.2011 -122.92536 38.20333 -122.92664 38.20423 -122.92727 38.20602 -122.92794 38.20964 -122.92811 38.21238 -122.92765 38.21741 -122.92612 38.21878 -122.92561 38.22014 -122.92567 38.21733 -122.92905 38.215 -122.93129 38.21223 -122.93291 38.21126 -122.93522 38.21301 -122.93764 38.21521 -122.94009 38.21653 -122.94132 38.21783 -122.94373 38.2187 -122.94495 38.21954 -122.94733 38.21857 -122.94962 38.21486 -122.95238 38.21434 -122.9547 38.21478 -122.95531 38.21659 -122.95539 38.21933 -122.95493 38.22068 -122.955 38.22389 -122.95398 38.22659 -122.95469 38.22929 -122.95541 38.23154 -122.95609 38.23372 -122.95913 38.23367 -122.96088 38.23315 -122.96321 38.23082 -122.96545 38.23255 -122.96846 38.23203 -122.97078 38.23108 -122.9725 38.23196 -122.97313 38.23284 -122.97433 38.23651 -122.97276 38.23881 -122.97169 38.24201 -122.97066 38.24429 -122.97019 38.24748 -122.96975 38.24974 -122.96986 38.25154 -122.97054 38.25424 -122.97124 38.25692 -122.97254 38.26182 -122.97571 38.26494 -122.97762 38.26627 -122.97885 38.26715 -122.97948 38.26852 -122.97955 38.27066 -122.98375 38.27285 -122.98679 38.27327 -122.98798 38.27457 -122.98981 38.27548 -122.98985 38.27684 -122.98991 38.27909 -122.99061 38.28088 -122.99128 38.28259 -122.99488 38.283 -122.99666 38.29642 -123.00317 38.29638 -123.00433 38.29679 -123.00612 38.29675 -123.00729 38.29806 -123.00911 38.30071 -123.01158 38.30248 -123.01343 38.30422 -123.01586 38.30548 -123.01944 38.30897 -123.02431 38.31155 -123.02912 38.31271 -123.03622 38.31295 -123.04327 38.31192 -123.04792 38.31091 -123.05139 38.30851 -123.05598 38.30658 -123.05999 38.30389 -123.05869 38.30347 -123.05749 38.30396 -123.05634 38.30354 -123.05515 38.30223 -123.05332 38.30041 -123.05382 38.29902 -123.05492 38.29853 -123.05608 38.29848 -123.05784 38.29842 -123.05959 38.29883 -123.06137 38.29966 -123.06376 38.30055 -123.06439 38.30231 -123.06624 38.30365 -123.06689 38.30547 -123.06698 38.30636 -123.0676 38.30766 -123.06943 38.30946 -123.07011 38.31169 -123.07139 38.31348 -123.07206 38.31395 -123.0715 38.31533 -123.07098 38.31577 -123.07159 38.31617 -123.07336 38.31834 -123.07641 38.31967 -123.07764 38.32143 -123.07949 38.3223 -123.08071 38.3237 -123.07961 38.32372 -123.07902 38.32284 -123.0778 38.32289 -123.07604 38.32336 -123.07548 38.32474 -123.07496 38.32704 -123.07389 38.33068 -123.07349 38.3398 -123.07158 38.34665 -123.07015 38.35299 -123.07046 38.35975 -123.07196 38.36514 -123.07399 38.36871 -123.07593 38.37312 -123.08025 38.37622 -123.08275 38.38071 -123.08414 38.38651 -123.08736 38.38965 -123.0887 38.39185 -123.09116 38.39355 -123.09476 38.39218 -123.09528 38.39215 -123.09646 38.39253 -123.09882 38.39478 -123.09953 38.3957 -123.09898 38.39796 -123.09909 38.40021 -123.09979 38.40425 -123.10117 38.40739 -123.10249 38.41142 -123.10445 38.41541 -123.10759 38.41668 -123.11059 38.41842 -123.11303 38.42105 -123.1161 38.42192 -123.11732 38.4237 -123.11858 38.42595 -123.11928 38.42729 -123.11993 38.42767 -123.1223 38.42854 -123.12352 38.43126 -123.12366 38.43487 -123.12442 38.43711 -123.12512 38.43887 -123.12697 38.43877 -123.13049 38.44014 -123.12997 38.44196 -123.13007 38.44424 -123.12959 38.44783 -123.13094 38.44962 -123.13161 38.45093 -123.13345 38.45356 -123.13652 38.45438 -123.1395 38.45476 -123.14188 38.45469 -123.14422 38.45509 -123.146 38.45643 -123.14666 38.4573 -123.14788 38.45863 -123.14912 38.45992 -123.15154 38.46034 -123.15273 38.46074 -123.15452 38.46162 -123.15515 38.46298 -123.15522 38.46336 -123.15759 38.46512 -123.15944 38.46645 -123.16068 38.46688 -123.16129 38.4668 -123.16423 38.46902 -123.16552 38.47342 -123.17045 38.47472 -123.17228 38.47552 -123.17584 38.47815 -123.17892 38.48292 -123.18622 38.48594 -123.19167 38.48933 -123.19949 38.49015 -123.20247 38.49145 -123.2043 38.4923 -123.20611 38.49318 -123.20733 38.49356 -123.2097 38.49439 -123.2121 38.49477 -123.21447 38.49564 -123.21569 38.49601 -123.21866 38.49686 -123.22047 38.49726 -123.22225 38.49893 -123.22704 38.50067 -123.22949 38.50152 -123.2313 38.50143 -123.23423 38.50323 -123.23492 38.50462 -123.23381 38.50502 -123.2356 38.50723 -123.23747 38.50857 -123.23813 38.50901 -123.23874 38.50888 -123.24285 38.50928 -123.24464 38.51014 -123.24645 38.51102 -123.24709 38.5114 -123.24946 38.51091 -123.25061 38.50907 -123.25169 38.50856 -123.25343 38.5099 -123.25409 38.5103 -123.25587 38.51297 -123.25777 38.51527 -123.25671 38.51616 -123.25735 38.51563 -123.25968 38.51691 -123.2621 38.51996 -123.26638 38.52262 -123.26828 38.52391 -123.2707 38.52661 -123.27143 38.52798 -123.27091 38.52929 -123.27274 38.53018 -123.27338 38.53148 -123.27522 38.53141 -123.27757 38.53087 -123.28048 38.5331 -123.28177 38.53398 -123.2824 38.5344 -123.28361 38.53525 -123.28542 38.53745 -123.28789 38.53878 -123.28854 38.53918 -123.29033 38.54004 -123.29214 38.53998 -123.2939 38.54214 -123.29755 38.54344 -123.29939 38.54476 -123.30063 38.5461 -123.30128 38.54601 -123.30422 38.54643 -123.30543 38.54683 -123.30721 38.54908 -123.30791 38.55136 -123.30745 38.55451 -123.3082 38.55536 -123.31001 38.55532 -123.31119 38.55571 -123.31356 38.55915 -123.31963 38.55947 -123.32377 38.56034 -123.325 38.56074 -123.32678 38.56253 -123.32746 38.56429 -123.32932 38.56516 -123.33055 38.56499 -123.33584 38.56586 -123.33707 38.56851 -123.33956 38.57073 -123.34086 38.57208 -123.34151 38.573 -123.34097 38.57568 -123.34229 38.57708 -123.34119 38.58122 -123.33905 38.58207 -123.34086 38.58383 -123.34272 38.58738 -123.34526 38.5905 -123.34719 38.59227 -123.34846 38.59402 -123.35033 38.59575 -123.35336 38.59696 -123.35815 38.59647 -123.35929 38.59596 -123.36104 38.59728 -123.36228 38.59906 -123.36356 38.60166 -123.36723 38.60291 -123.37083 38.60421 -123.37267 38.60554 -123.37392 38.60693 -123.37281 38.60742 -123.37166 38.60793 -123.36992 38.6084 -123.36935 38.61112 -123.3695 38.61291 -123.37018 38.61333 -123.37138 38.61418 -123.37319 38.61499 -123.37618 38.61805 -123.37988 38.62247 -123.38366 38.62553 -123.38736 38.62774 -123.38924 38.62862 -123.38988 38.63085 -123.39117 38.63309 -123.39188 38.63441 -123.39314 38.63572 -123.39497 38.63751 -123.39566 38.63885 -123.39632 38.64104 -123.3988 38.64235 -123.40063 38.64367 -123.40189 38.64544 -123.40316 38.64725 -123.40325 38.64855 -123.40509 38.65031 -123.40695 38.65205 -123.40941 38.65335 -123.41125 38.6538 -123.41127 38.65427 -123.41071 38.65384 -123.4101 38.65569 -123.40901 38.65924 -123.41156 38.66235 -123.4135 38.66452 -123.41656 38.66722 -123.4173 38.67077 -123.41985 38.6725 -123.4223 38.67507 -123.42715 38.67585 -123.43133 38.67758 -123.43378 38.67934 -123.43565 38.68156 -123.43694 38.68209 -123.43462 38.68438 -123.43414 38.68571 -123.43481 38.68796 -123.43552 38.6893 -123.43618 38.68972 -123.43739 38.691 -123.43981 38.69323 -123.44112 38.69726 -123.44251 38.69991 -123.44501 38.70077 -123.44624 38.70206 -123.44867 38.70332 -123.45169 38.70462 -123.45354 38.70634 -123.45658 38.70772 -123.45606 38.70993 -123.45795 38.71038 -123.45798 38.71168 -123.45982 38.71257 -123.46046 38.71385 -123.46288 38.7156 -123.46475 38.71738 -123.46603 38.71819 -123.46902 38.72071 -123.47507 38.72196 -123.47868 38.72372 -123.48054 38.72456 -123.48236 38.72451 -123.48412 38.72534 -123.48653 38.72709 -123.4884 38.72926 -123.49147 38.73107 -123.49157 38.73285 -123.49284 38.73588 -123.49715 38.73756 -123.50137 38.73884 -123.5038 38.73963 -123.50739 38.73956 -123.50975 38.73901 -123.51267 38.73984 -123.51508 38.74246 -123.51817 38.74555 -123.52071 38.74685 -123.52255 38.74815 -123.52439 38.74812 -123.52557 38.74851 -123.52737 38.74983 -123.52862 38.75074 -123.52866 38.75349 -123.52764 38.75528 -123.52833 38.75613 -123.53014 38.75741 -123.53258 38.75917 -123.53445 38.76098 -123.53455 38.76277 -123.53524 38.76635 -123.53662 38.76856 -123.53851 38.77071 -123.54218 38.77201 -123.54402 38.7729 -123.54466 38.77469 -123.54535 38.77605 -123.54543 38.77687 -123.54784 38.77774 -123.54906 38.77814 -123.55086 38.779 -123.55209 38.78034 -123.55275 38.78119 -123.55457 38.78204 -123.5564 38.78332 -123.55882 38.78417 -123.56065 38.78366 -123.56239 38.78317 -123.56355 38.78358 -123.56475 38.78584 -123.56487 38.78767 -123.56438 38.7886 -123.56385 38.78901 -123.56506 38.79248 -123.56997 38.79768 -123.57735 38.80028 -123.58105 38.80115 -123.58228 38.80109 -123.58405 38.8006 -123.58521 38.80009 -123.58694 38.80091 -123.58936 38.80133 -123.59056 38.80176 -123.59118 38.80393 -123.59425 38.80527 -123.59492 38.80657 -123.59676 38.80651 -123.59853 38.80687 -123.60151 38.80682 -123.60269 38.80722 -123.60448 38.80812 -123.60454 38.80913 -123.60164 38.81052 -123.60053 38.81141 -123.60117 38.81228 -123.6024 38.8145 -123.60371 38.8172 -123.60445 38.81895 -123.60633 38.82029 -123.60699 38.82202 -123.60945 38.82462 -123.61315 38.8259 -123.61559 38.82672 -123.618 38.82663 -123.62095 38.82793 -123.6228 38.82972 -123.62349 38.83011 -123.62528 38.83094 -123.62769 38.83314 -123.62959 38.83577 -123.6327 38.83663 -123.63393 38.83838 -123.6358 38.83968 -123.63765 38.84189 -123.63956 38.84267 -123.64315 38.84443 -123.64503 38.84484 -123.64623 38.84657 -123.6487 38.84968 -123.65065 38.85189 -123.65255 38.85456 -123.65388 38.85726 -123.65462 38.85949 -123.65594 38.86264 -123.65671 38.86533 -123.65746 38.86756 -123.65876 38.86931 -123.66064 38.87193 -123.66374 38.87368 -123.66562 38.87496 -123.66806 38.8758 -123.66988 38.87663 -123.67229 38.87793 -123.67415 38.87925 -123.67541 38.88011 -123.67664 38.8805 -123.67844 38.88045 -123.68021 38.88218 -123.68267 38.88306 -123.68332 38.88485 -123.68401 38.88751 -123.68594 38.88928 -123.68723 38.89017 -123.68787 38.89237 -123.68977 38.89455 -123.69226 38.8967 -123.69594 38.89884 -123.69961 38.90101 -123.70269 38.90276 -123.70457 38.90494 -123.70706 38.9076 -123.70899 38.90844 -123.71082 38.91021 -123.7121 38.91114 -123.71156 38.91297 -123.71107 38.91429 -123.71234 38.9151 -123.71535 38.91549 -123.71714 38.91724 -123.71902 38.91763 -123.72082 38.91753 -123.72378 38.91704 -123.72493 38.91696 -123.72729 38.91782 -123.72852 38.91916 -123.72919 38.92095 -123.72989 38.92321 -123.73002 38.92501 -123.73072 38.9268 -123.73141 38.92816 -123.73149 38.92912 -123.72977 38.92962 -123.72862 38.93054 -123.72808 38.93237 -123.72759 38.93416 -123.72829 38.93595 -123.72899 38.93725 -123.73083 38.93857 -123.7321 38.9408 -123.73341 38.94123 -123.73403 38.94481 -123.73543 38.94792 -123.73738 38.95057 -123.73931 38.95275 -123.74181 38.95408 -123.74307 38.95545 -123.74255 38.95592 -123.742 38.95554 -123.7402 38.95516 -123.7378 38.95479 -123.73541 38.95485 -123.73364 38.95538 -123.7313 38.95682 -123.72901 38.96153 -123.72396 38.96667 -123.71952 38.97458 -123.71405 38.98564 -123.70877 38.99399 -123.70332 39.00228 -123.69965 39.01195 -123.69547 39.01699 -123.69398 39.02022 -123.69239 39.02248 -123.69252 39.02477 -123.69206 39.02658 -123.69217 39.02749 -123.69221 39.02886 -123.6917 39.02977 -123.69176 39.03162 -123.69068 39.03298 -123.69076 39.03475 -123.69205 39.03654 -123.69274 39.03831 -123.69403 39.03963 -123.6953 39.04099 -123.69537 39.04146 -123.69481 39.04286 -123.6937 39.04335 -123.69254 39.04469 -123.69321 39.0465 -123.69331 39.04788 -123.6928 39.04879 -123.69286 39.05059 -123.69296 39.05237 -123.69424 39.05367 -123.69611 39.05593 -123.69624 39.05686 -123.69569 39.05778 -123.69515 39.05871 -123.69461 39.06089 -123.69711 39.06311 -123.69843 39.06443 -123.69969 39.06622 -123.70039 39.068 -123.70168 39.06845 -123.7017 39.07022 -123.70299 39.07337 -123.70377 39.07518 -123.70387 39.07742 -123.7046 39.0792 -123.70588 39.08056 -123.70596 39.08148 -123.70542 39.08284 -123.7055 39.08642 -123.70689 39.08955 -123.70826 39.09177 -123.70958 39.09491 -123.71095 39.09719 -123.71049 39.09857 -123.70997 39.1004 -123.70948 39.10264 -123.71021 39.10347 -123.71263 39.10567 -123.71454 39.10744 -123.71583 39.10925 -123.71593 39.11107 -123.71604 39.11244 -123.71552 39.11291 -123.71496 39.11384 -123.71442 39.11605 -123.71632 39.1178 -123.71821 39.11957 -123.7195 39.12136 -123.7202 39.12183 -123.71963 39.12274 -123.71969 39.12414 -123.71857 39.12547 -123.71925 39.12636 -123.71989 39.12768 -123.72116 39.12947 -123.72186 39.13085 -123.72134 39.13309 -123.72207 39.13569 -123.72578 39.13742 -123.72826 39.13915 -123.73074 39.13956 -123.73194 39.13948 -123.73431 39.13897 -123.73606 39.13936 -123.73787 39.14161 -123.73859 39.14294 -123.73927 39.14387 -123.73872 39.14524 -123.73821 39.14529 -123.73703 39.14623 -123.73589 39.14667 -123.73651 39.14755 -123.73716 39.14843 -123.73781 39.1493 -123.73904 39.15064 -123.73972 39.15247 -123.73923 39.15297 -123.73807 39.15436 -123.73696 39.15531 -123.73583 39.15757 -123.73596 39.15798 -123.73717 39.15885 -123.73841 39.15971 -123.73965 39.16107 -123.73973 39.16286 -123.74043 39.16325 -123.74223 39.16368 -123.74285 39.16455 -123.74409 39.1663 -123.74598 39.16941 -123.74794 39.17116 -123.74982 39.17289 -123.7523 39.17466 -123.75359 39.17602 -123.75368 39.17738 -123.75375 39.1787 -123.75502 39.17956 -123.75626 39.18133 -123.75755 39.18403 -123.7583 39.18582 -123.759 39.18668 -123.76024 39.18891 -123.76156 39.19066 -123.76344 39.19194 -123.7659 39.19233 -123.7677 39.19315 -123.77013 39.194 -123.77197 39.19488 -123.77261 39.19667 -123.77331 39.1976 -123.77277 39.19854 -123.77164 39.199 -123.77166 39.19947 -123.7711 39.20128 -123.7712 39.20307 -123.7719 39.20707 -123.77451 39.20931 -123.77525 39.21154 -123.77656 39.21289 -123.77664 39.21339 -123.77548 39.21388 -123.77432 39.21347 -123.77311 39.21353 -123.77133 39.21445 -123.77079 39.21534 -123.77144 39.21711 -123.77273 39.21933 -123.77405 39.22018 -123.77589 39.2215 -123.77715 39.22327 -123.77844 39.22419 -123.7779 39.22514 -123.77676 39.22522 -123.77439 39.22573 -123.77264 39.22621 -123.77206 39.22711 -123.77213 39.22798 -123.77336 39.22927 -123.77522 39.23053 -123.77827 39.2314 -123.77951 39.2323 -123.77956 39.23413 -123.77908 39.23506 -123.77853 39.23691 -123.77746 39.23831 -123.77635 39.23922 -123.77641 39.2401 -123.77705 39.24047 -123.77945 39.24134 -123.78069 39.24537 -123.78212 39.2485 -123.78349 39.25029 -123.78419 39.25159 -123.78606 39.252 -123.78727 39.25288 -123.78791 39.25379 -123.78797 39.25474 -123.78683 39.25478 -123.78564 39.25525 -123.78508 39.25708 -123.78459 39.25795 -123.78584 39.25836 -123.78705 39.25925 -123.7877 39.26009 -123.78953 39.26143 -123.7902 39.26324 -123.79031 39.26548 -123.79104 39.26727 -123.79174 39.26953 -123.79187 39.27132 -123.79257 39.27219 -123.79382 39.2726 -123.79504 39.27209 -123.79679 39.27161 -123.79736 39.27067 -123.79849 39.27061 -123.80027 39.27238 -123.80157 39.27458 -123.80348 39.27728 -123.80424 39.27956 -123.80378 39.28092 -123.80386 39.2823 -123.80334 39.28368 -123.80283 39.28456 -123.80348 39.28547 -123.80354 39.28635 -123.80418 39.28816 -123.80429 39.28997 -123.8044 39.2909 -123.80386 39.29137 -123.80329 39.29187 -123.80213 39.29145 -123.80092 39.29104 -123.7997 39.29016 -123.79905 39.28929 -123.79781 39.29022 -123.79727 39.29115 -123.79673 39.2916 -123.79676 39.29294 -123.79743 39.29428 -123.79811 39.29656 -123.79765 39.29747 -123.7977 39.29889 -123.796 39.30072 -123.79552 39.30117 -123.79554 39.30247 -123.79741 39.30197 -123.79856 39.30148 -123.79973 39.30189 -123.80094 39.30138 -123.8027 39.30136 -123.80329 39.30086 -123.80445 39.30078 -123.80682 39.3016 -123.80926 39.30331 -123.81233 39.30556 -123.81306 39.30832 -123.81203 39.31062 -123.81098 39.31161 -123.80866 39.31216 -123.80572 39.3127 -123.80337 39.31409 -123.80226 39.31548 -123.80175 39.31726 -123.80244 39.31949 -123.80377 39.32037 -123.80442 39.32124 -123.80566 39.32208 -123.8075 39.32346 -123.80698 39.32531 -123.8059 39.32622 -123.80596 39.3271 -123.8066 39.32754 -123.80723 39.32797 -123.80785 39.32748 -123.80901 39.32696 -123.81076 39.32694 -123.81136 39.32826 -123.81263 39.32914 -123.81328 39.33046 -123.81454 39.33133 -123.81579 39.33219 -123.81703 39.33355 -123.81711 39.33443 -123.81776 39.33624 -123.81786 39.33758 -123.81854 39.33801 -123.81916 39.34021 -123.82108 39.34155 -123.82175 39.3433 -123.82365 39.34373 -123.82427 39.34637 -123.82681 39.34861 -123.82754 39.34999 -123.82702 39.35091 -123.82648 39.35188 -123.82475 39.35283 -123.82362 39.35332 -123.82246 39.35466 -123.82314 39.35736 -123.82389 39.35915 -123.82459 39.36051 -123.82468 39.36098 -123.82411 39.36057 -123.82289 39.35927 -123.82103 39.35931 -123.81984 39.35935 -123.81865 39.36069 -123.81932 39.36114 -123.81935 39.36291 -123.82065 39.36421 -123.82251 39.36505 -123.82435 39.36592 -123.82559 39.36773 -123.82571 39.36821 -123.82513 39.3687 -123.82397 39.36966 -123.82224 39.37201 -123.82 39.37249 -123.81944 39.37335 -123.82068 39.3738 -123.8207 39.37471 -123.82076 39.37475 -123.81956 39.37613 -123.81905 39.37701 -123.8197 39.37833 -123.82098 39.37969 -123.82105 39.38057 -123.8217 39.38193 -123.82178 39.38469 -123.82076 39.38564 -123.81963 39.38702 -123.81911 39.38794 -123.81857 39.38885 -123.81862 39.39017 -123.81989 39.39109 -123.81935 39.39154 -123.81938 39.39159 -123.81819 39.39251 -123.81765 39.39385 -123.81832 39.39474 -123.81898 39.39603 -123.82084 39.39737 -123.82152 39.39784 -123.82095 39.39832 -123.82038 39.40013 -123.82049 39.40194 -123.82059 39.4033 -123.82068 39.40509 -123.82138 39.40554 -123.82141 39.40694 -123.8203 39.40836 -123.8186 39.4084 -123.81741 39.40887 -123.81684 39.40982 -123.8157 39.41166 -123.81522 39.41484 -123.81481 39.41756 -123.81497 39.4198 -123.8157 39.42065 -123.81754 39.42196 -123.81882 39.42287 -123.81887 39.42379 -123.81833 39.42474 -123.81719 39.42478 -123.816 39.42485 -123.81422 39.4249 -123.81243 39.42587 -123.8107 39.42678 -123.81075 39.42723 -123.81078 39.42812 -123.81143 39.42944 -123.81271 39.42982 -123.81451 39.43024 -123.81573 39.43112 -123.81638 39.43153 -123.8176 39.43244 -123.81765 39.4338 -123.81773 39.43514 -123.81841 39.436 -123.81965 39.43689 -123.8203 39.43781 -123.81976 39.43826 -123.81979 39.43833 -123.818 39.43791 -123.81679 39.43884 -123.81625 39.43888 -123.81506 39.4403 -123.81335 39.44119 -123.814 39.44251 -123.81527 39.44429 -123.81597 39.44522 -123.81543 39.44705 -123.81495 39.44891 -123.81387 39.45072 -123.81397 39.4516 -123.81462 39.45298 -123.81411 39.4535 -123.81235 39.45533 -123.81186 39.45673 -123.81075 39.45856 -123.81026 39.46037 -123.81037 39.4613 -123.80983 39.46222 -123.80929 39.46317 -123.80815 39.46364 -123.80759 39.46545 -123.80769 39.46679 -123.80837 39.4686 -123.80848 39.46998 -123.80797 39.47002 -123.80677 39.47052 -123.80561 39.47147 -123.80447 39.47373 -123.80461 39.47692 -123.8042 39.47918 -123.80434 39.48101 -123.80385 39.4833 -123.80339 39.48468 -123.80287 39.48557 -123.80352 39.48688 -123.80479 39.48731 -123.80542 39.48822 -123.80547 39.48874 -123.80371 39.4888 -123.80193 39.48888 -123.79955 39.48894 -123.79775 39.48986 -123.79722 39.49358 -123.79446 39.49636 -123.79283 39.49916 -123.79061 39.5019 -123.79018 39.50793 -123.78635 39.51487 -123.78259 39.5204 -123.77993 39.52686 -123.77673 39.53329 -123.77473 39.53971 -123.77272 39.54611 -123.77131 39.54885 -123.77087 39.55391 -123.76878 39.55708 -123.76897 39.56025 -123.76916 39.56297 -123.76932 39.56476 -123.77002 39.56696 -123.77194 39.56873 -123.77324 39.57007 -123.77392 39.5732 -123.7753 39.57361 -123.77652 39.57447 -123.77776 39.57625 -123.77906 39.57761 -123.77914 39.57942 -123.77925 39.58262 -123.77824 39.58396 -123.77892 39.58616 -123.78085 39.5888 -123.78339 39.59189 -123.78596 39.59366 -123.78726 39.59545 -123.78797 39.59724 -123.78867 39.60082 -123.79008 39.60399 -123.79027 39.60585 -123.78918 39.60677 -123.78864 39.60772 -123.78751 39.60959 -123.78582 39.6128 -123.78482 39.61826 -123.78455 39.62095 -123.7853 39.62322 -123.78544 39.62363 -123.78665 39.62406 -123.78728 39.62495 -123.78793 39.62587 -123.78739 39.62682 -123.78625 39.62865 -123.78576 39.63133 -123.78712 39.63446 -123.7885 39.63672 -123.78863 39.63903 -123.78757 39.64224 -123.78657 39.64499 -123.78554 39.64901 -123.78757 39.65399 -123.78786 39.65578 -123.78857 39.65848 -123.78933 39.6612 -123.78949 39.66297 -123.79079 39.66428 -123.79206 39.66558 -123.79394 39.66739 -123.79404 39.67104 -123.79366 39.67424 -123.79266 39.67828 -123.79409 39.68234 -123.79494 39.68639 -123.79578 39.68952 -123.79716 39.69172 -123.79909 39.69436 -123.80164 39.69565 -123.8035 39.6974 -123.8054 39.69876 -123.80549 39.701 -123.80622 39.70372 -123.80638 39.70549 -123.80769 39.70771 -123.80901 39.7099 -123.81154 39.71206 -123.81467 39.71292 -123.81591 39.71719 -123.82395 39.72019 -123.82892 39.72237 -123.83144 39.72416 -123.83215 39.72641 -123.83289 39.72871 -123.83183 39.73009 -123.83131 39.73147 -123.8308 39.73374 -123.83093 39.7355 -123.83223 39.73631 -123.83527 39.73725 -123.83413 39.73911 -123.83305 39.74003 -123.8325 39.74273 -123.83327 39.74631 -123.83468 39.74856 -123.83541 39.75074 -123.83794 39.75344 -123.8387 39.75613 -123.83946 39.75973 -123.84028 39.76292 -123.83987 39.76658 -123.8389 39.77116 -123.83797 39.77432 -123.83817 39.77793 -123.83898 39.78155 -123.8392 39.78696 -123.84013 39.79192 -123.84103 39.79372 -123.84173 39.79732 -123.84254 39.80271 -123.84407 39.80539 -123.84544 39.80716 -123.84674 39.80804 -123.8474 39.80897 -123.84686 39.80989 -123.84631 39.81263 -123.84588 39.81397 -123.84656 39.81669 -123.84673 39.81846 -123.84803 39.82206 -123.84885 39.82476 -123.84961 39.82834 -123.85102 39.83145 -123.85301 39.83322 -123.85432 39.83492 -123.85741 39.83707 -123.86115 39.83826 -123.86601 39.84111 -123.87518 39.84539 -123.88264 39.84879 -123.88944 39.85142 -123.892 39.85271 -123.89388 39.85403 -123.89516 39.8553 -123.89764 39.8557 -123.89946 39.85611 -123.90068 39.85697 -123.90193 39.85878 -123.90205 39.86008 -123.90392 39.86049 -123.90515 39.86133 -123.907 39.86356 -123.90833 39.86618 -123.9109 39.86797 -123.91161 39.87289 -123.91371 39.87511 -123.91505 39.87691 -123.91576 39.87827 -123.91584 39.8823 -123.91728 39.88318 -123.91794 39.88674 -123.91996 39.88806 -123.92124 39.88937 -123.92252 39.89697 -123.92599 39.90145 -123.92747 39.90594 -123.92894 39.90819 -123.92968 39.91034 -123.93282 39.91205 -123.93592 39.91373 -123.93963 39.91583 -123.94456 39.92012 -123.95142 39.92226 -123.95516 39.92446 -123.9571 39.92623 -123.95841 39.92979 -123.96043 39.93246 -123.9618 39.93562 -123.96259 39.93781 -123.96453 39.94178 -123.96778 39.94532 -123.97041 39.94888 -123.97243 39.9533 -123.97571 39.95776 -123.97778 39.96126 -123.98161 39.96475 -123.98543 39.96775 -123.99042 39.96816 -123.99165 39.96902 -123.9929 39.97116 -123.99664 39.97336 -123.99858 39.97644 -124.00118 39.97867 -124.00252 39.98305 -124.007 39.98566 -124.01017 39.98783 -124.01271 39.99131 -124.01714 39.99301 -124.02025 39.99435 -124.02093 39.99659 -124.02168 39.99926 -124.02304 40.0023 -124.02684 40.00578 -124.03127 40.01186 -124.03886 40.01494 -124.04147 40.01664 -124.04458 40.01962 -124.05019 40.02259 -124.05579 40.02378 -124.06067 40.0241 -124.0643 40.02356 -124.06667 40.02168 -124.06835 40.01937 -124.0694 40.01933 -124.0706 40.01972 -124.07243 40.02369 -124.07569 40.02677 -124.07829 40.02895 -124.08084 40.03072 -124.08215 40.03164 -124.08161 40.03395 -124.08056 40.03579 -124.08007 40.0366 -124.08253 40.03934 -124.08211 40.04068 -124.08279 40.04297 -124.08234 40.04704 -124.0826 40.05114 -124.08225 40.05707 -124.08144 40.06071 -124.08106 40.06162 -124.08112 40.0652 -124.08256 40.07145 -124.08536 40.07632 -124.08868 40.07854 -124.09003 40.08029 -124.09194 40.08113 -124.0938 40.08202 -124.09446 40.08381 -124.09518 40.08643 -124.09776 40.08994 -124.10098 40.0943 -124.10608 40.09874 -124.10877 40.10096 -124.11012 40.10313 -124.11267 40.1035 -124.1151 40.1052 -124.11822 40.106 -124.12128 40.10774 -124.12319 40.1086 -124.12446 40.10987 -124.12695 40.11282 -124.13316 40.11439 -124.13988 40.116 -124.14541 40.11675 -124.14967 40.11712 -124.1521 40.11837 -124.1552 40.12002 -124.15952 40.1217 -124.16324 40.12331 -124.16876 40.12404 -124.17362 40.12526 -124.17731 40.12742 -124.18047 40.12912 -124.18359 40.12939 -124.18842 40.13245 -124.19164 40.13639 -124.19551 40.14033 -124.19938 40.14339 -124.20259 40.14652 -124.204 40.14869 -124.20655 40.15134 -124.20853 40.15222 -124.20919 40.15485 -124.21178 40.15791 -124.21499 40.1614 -124.21883 40.16355 -124.22198 40.16477 -124.22569 40.1669 -124.22944 40.16955 -124.23142 40.17127 -124.23395 40.17256 -124.23584 40.17637 -124.24332 40.17965 -124.25257 40.18178 -124.25633 40.18255 -124.25999 40.18429 -124.26192 40.18647 -124.26448 40.18866 -124.26643 40.19036 -124.26956 40.19253 -124.27211 40.19555 -124.27654 40.19767 -124.28029 40.19977 -124.28465 40.20104 -124.28715 40.20274 -124.29028 40.20486 -124.29404 40.20747 -124.29723 40.21052 -124.30045 40.21568 -124.30803 40.22041 -124.31498 40.22297 -124.31937 40.22428 -124.32066 40.22514 -124.32193 40.22691 -124.32326 40.22915 -124.32401 40.23091 -124.32533 40.23401 -124.32735 40.23621 -124.32931 40.2379 -124.33244 40.24001 -124.33681 40.24204 -124.34297 40.24371 -124.3467 40.24455 -124.34857 40.24498 -124.34921 40.24541 -124.34984 40.24715 -124.35176 40.25023 -124.35439 40.25197 -124.35632 40.25419 -124.35767 40.25586 -124.3614 40.2576 -124.36333 40.25937 -124.36465 40.2607 -124.36535 40.26208 -124.36484 40.26304 -124.3637 40.2644 -124.36379 40.26759 -124.3634 40.26981 -124.36477 40.27484 -124.3639 40.27755 -124.36408 40.28263 -124.36201 40.28818 -124.35938 40.29142 -124.35779 40.29371 -124.35734 40.29599 -124.35689 40.29873 -124.35648 40.30149 -124.35545 40.30426 -124.35443 40.30702 -124.35342 40.30888 -124.35233 40.31121 -124.35069 40.3135 -124.35023 40.31715 -124.34988 40.31982 -124.35126 40.32387 -124.35214 40.32654 -124.35353 40.32924 -124.35432 40.33102 -124.35504 40.33147 -124.35508 40.33362 -124.35824 40.33539 -124.35957 40.33715 -124.3609 40.33939 -124.36166 40.34257 -124.36187 40.34571 -124.36269 40.36337 -124.36389 40.36654 -124.36411 40.37956 -124.36803 40.38941 -124.37172 40.39549 -124.37878 40.40155 -124.38645 40.40234 -124.38953 40.40368 -124.39022 40.4063 -124.39282 40.40764 -124.39352 40.40943 -124.39424 40.41207 -124.39624 40.41425 -124.3988 40.41646 -124.40017 40.41737 -124.40023 40.4187 -124.40092 40.42092 -124.40229 40.42364 -124.40247 40.42638 -124.40206 40.42862 -124.40282 40.42996 -124.40351 40.43262 -124.40491 40.43389 -124.40742 40.43516 -124.40992 40.43602 -124.41119 40.4383 -124.41074 40.44105 -124.41032 40.44617 -124.40705 40.45453 -124.40218 40.46154 -124.39722 40.47033 -124.39298 40.47354 -124.39199 40.47585 -124.39094 40.48047 -124.38883 40.48783 -124.38631 40.49334 -124.38488 40.4952 -124.3838 40.49749 -124.38335 40.49882 -124.38404 40.50059 -124.38538 40.50147 -124.38604 40.50371 -124.3868 40.50462 -124.38686 40.506 -124.38635 40.50962 -124.3866 40.51567 -124.38277 40.51753 -124.38169 40.5203 -124.38067 40.53154 -124.37175 40.54131 -124.36576 40.54731 -124.36314 40.55517 -124.35944 40.56118 -124.35682 40.5658 -124.35471 40.57044 -124.352 40.57649 -124.34817 40.5825 -124.34554 40.58898 -124.34235 40.59036 -124.34184 40.59777 -124.3381 40.60337 -124.33424 40.61211 -124.33119 40.6149 -124.32957 40.61723 -124.3279 40.61914 -124.32561 40.62056 -124.32389 40.62288 -124.32283 41.99972 -124.21202 41.99383 -124.21109 41.98977 -124.2102 41.988 -124.20885 41.98666 -124.20814 41.98303 -124.20789 41.97807 -124.20694 41.97217 -124.20654 41.96761 -124.20686 41.9644 -124.20787 41.95979 -124.20942 41.95748 -124.21049 41.95428 -124.2109 41.95063 -124.21127 41.94972 -124.2112 41.94882 -124.21115 41.94659 -124.20976 41.547 -124.0853 41.5526 -124.09367 41.55519 -124.09752 41.55925 -124.0984 41.56147 -124.09978 41.56461 -124.10121 41.56771 -124.10326 41.57088 -124.10346 41.5727 -124.10358 41.57408 -124.10306 41.57546 -124.10253 41.57682 -124.10262 41.57814 -124.10394 41.57904 -124.104 41.5795 -124.10403 41.58049 -124.10163 41.5819 -124.10049 41.58553 -124.10074 41.58775 -124.10211 41.58997 -124.10349 41.59215 -124.10609 41.59351 -124.10618 41.59492 -124.10503 41.5963 -124.10452 41.59768 -124.10399 41.59997 -124.10352 41.60221 -124.10429 41.60398 -124.10564 41.60528 -124.10756 41.60616 -124.10823 41.60839 -124.1096 41.6097 -124.11092 41.61238 -124.11233 41.61413 -124.11429 41.61401 -124.11736 41.61628 -124.11751 41.61812 -124.11701 41.61903 -124.11707 41.62082 -124.11781 41.62265 -124.11731 41.62717 -124.11823 41.62984 -124.11963 41.63029 -124.11965 41.63655 -124.12253 41.63925 -124.12332 41.64102 -124.12467 41.64368 -124.12669 41.64946 -124.13014 41.65298 -124.13345 41.65472 -124.13541 41.65921 -124.13694 41.66277 -124.13902 41.6677 -124.14119 41.67126 -124.14327 41.67357 -124.1422 41.67495 -124.14167 41.67767 -124.14185 41.68037 -124.14265 41.68354 -124.14286 41.68663 -124.14552 41.68758 -124.14436 41.69209 -124.14527 41.69479 -124.14606 41.6962 -124.14493 41.70297 -124.146 41.71061 -124.14835 41.7169 -124.15061 41.72225 -124.15343 41.72799 -124.15812 41.73457 -124.16472 41.7394 -124.16935 41.74192 -124.17506 41.74317 -124.17822 41.74355 -124.1801 41.74351 -124.18133 41.74394 -124.18197 41.74392 -124.18259 41.74433 -124.18385 41.74564 -124.18517 41.74694 -124.1871 41.74775 -124.18962 41.74855 -124.19275 41.74894 -124.19463 41.74841 -124.19643 41.74701 -124.19758 41.74556 -124.19994 41.74506 -124.20114 41.74542 -124.20363 41.74622 -124.20676 41.74785 -124.2118 41.74955 -124.215 41.75042 -124.21629 41.75218 -124.21764 41.75352 -124.21835 41.75438 -124.21964 41.75524 -124.22092 41.75563 -124.22279 41.75697 -124.2235 41.75874 -124.22485 41.76218 -124.23002 41.76779 -124.2384 41.76996 -124.24102 41.77119 -124.2448 41.77066 -124.24661 41.7706 -124.24846 41.77101 -124.24972 41.77234 -124.25042 41.7732 -124.25172 41.77581 -124.25498 41.77803 -124.25636 41.7789 -124.25765 41.78069 -124.25839 41.78205 -124.25848 41.78345 -124.25735 41.78443 -124.25556 41.78585 -124.25381 41.78686 -124.25141 41.78828 -124.24966 41.79016 -124.24794 41.79157 -124.2468 41.79438 -124.24453 41.79951 -124.24117 41.80601 -124.2373 41.8125 -124.23404 41.81619 -124.23244 41.82218 -124.23038 41.82681 -124.22822 41.83465 -124.22505 41.84063 -124.22299 41.84616 -124.22089 41.85578 -124.21907 41.86312 -124.2171 41.86816 -124.21621 41.87233 -124.21402 41.87965 -124.21266 41.89065 -124.21032 41.89938 -124.20782 41.9021 -124.208 41.90621 -124.20766 41.91258 -124.20747 41.91623 -124.2071 41.92169 -124.20685 41.92534 -124.20647 41.92852 -124.2067 41.93172 -124.20629 41.93446 -124.20586 41.93721 -124.20542 41.94267 -124.20518 41.54385 -124.08449 41.53977 -124.08421 41.53569 -124.08395 41.53068 -124.08424 41.52886 -124.08412 41.52698 -124.08584 41.52521 -124.0845 41.52476 -124.08447 41.52426 -124.08566 41.52332 -124.08683 41.522 -124.08552 41.51932 -124.08411 41.51839 -124.08466 41.5152 -124.08508 41.51248 -124.0849 41.5098 -124.08349 41.50665 -124.08267 41.50399 -124.08066 41.50132 -124.07925 41.49817 -124.07844 41.49361 -124.07876 41.4905 -124.07671 41.48648 -124.07461 41.48198 -124.07371 41.47703 -124.07215 41.47032 -124.06927 41.46624 -124.069 41.46216 -124.06873 41.4576 -124.06905 41.4535 -124.0694 41.44761 -124.06902 41.44176 -124.06741 41.4363 -124.06767 41.42583 -124.06821 41.41626 -124.06882 41.40985 -124.07024 41.4062 -124.07062 41.40346 -124.07105 41.40026 -124.07146 41.39573 -124.07117 41.39025 -124.07204 41.38612 -124.07299 41.38336 -124.07404 41.38062 -124.07447 41.37695 -124.07546 41.37604 -124.0754 41.37149 -124.07572 41.36557 -124.07595 41.35957 -124.07862 41.3477 -124.0803 41.33805 -124.08334 41.33071 -124.08532 41.32613 -124.08624 41.32337 -124.08729 41.32099 -124.09019 41.31926 -124.08764 41.31652 -124.08807 41.3119 -124.09022 41.30552 -124.09103 41.30275 -124.09207 41.29953 -124.09309 41.29768 -124.09419 41.29584 -124.09468 41.29355 -124.09514 41.29083 -124.09496 41.28811 -124.09479 41.28583 -124.09525 41.28399 -124.09574 41.27894 -124.09725 41.27525 -124.09885 41.27203 -124.09986 41.2697 -124.10154 41.2665 -124.10194 41.26419 -124.10302 41.26147 -124.10284 41.2583 -124.10263 41.2537 -124.10417 41.24634 -124.10675 41.24081 -124.10883 41.23758 -124.11046 41.23708 -124.11165 41.23524 -124.11214 41.23254 -124.11135 41.22801 -124.11105 41.22296 -124.11256 41.21558 -124.11574 41.20776 -124.11829 41.20176 -124.12095 41.19762 -124.12251 41.18607 -124.12787 41.17687 -124.13094 41.16946 -124.13473 41.16351 -124.13616 41.15751 -124.13882 41.15152 -124.14088 41.1469 -124.14301 41.14319 -124.14521 41.14036 -124.14809 41.13939 -124.14985 41.13884 -124.15226 41.13921 -124.15472 41.14003 -124.15722 41.14041 -124.15908 41.14035 -124.1609 41.14028 -124.16273 41.13933 -124.16389 41.13835 -124.16566 41.13652 -124.16615 41.13518 -124.16545 41.13339 -124.16473 41.13156 -124.16521 41.13015 -124.16634 41.1292 -124.1675 41.12782 -124.16802 41.12603 -124.16729 41.12342 -124.16406 41.12122 -124.16209 41.11986 -124.16199 41.11753 -124.16367 41.11531 -124.16231 41.11438 -124.16286 41.11302 -124.16277 41.11121 -124.16265 41.10983 -124.16317 41.10797 -124.16427 41.10706 -124.16421 41.10527 -124.16348 41.10346 -124.16335 41.10249 -124.16512 41.10111 -124.16564 41.10061 -124.16683 41.0997 -124.16677 41.09798 -124.16422 41.09576 -124.16285 41.09349 -124.1627 41.08995 -124.16003 41.08821 -124.15808 41.08687 -124.15738 41.08596 -124.15733 41.08497 -124.1597 41.0849 -124.16152 41.08352 -124.16204 41.08268 -124.16016 41.0818 -124.15949 41.07953 -124.15934 41.07772 -124.15922 41.07543 -124.15968 41.0731 -124.16135 41.07126 -124.16184 41.069 -124.1617 41.06766 -124.161 41.06678 -124.16032 41.06634 -124.15969 41.06643 -124.15726 41.06605 -124.1554 41.06519 -124.15412 41.06296 -124.15276 41.06072 -124.152 41.05888 -124.15249 41.05563 -124.15472 41.05424 -124.15523 41.0515 -124.15566 41.05019 -124.15436 41.04976 -124.15372 41.05027 -124.15192 41.05168 -124.15079 41.05394 -124.15094 41.05492 -124.14918 41.05634 -124.14744 41.05691 -124.14442 41.05561 -124.14252 41.05307 -124.13747 41.04835 -124.12984 41.04568 -124.12844 41.0435 -124.12586 41.04083 -124.12447 41.03951 -124.12316 41.03679 -124.12299 41.03545 -124.12228 41.03323 -124.12093 41.03192 -124.11962 41.03108 -124.11773 41.02974 -124.11703 41.02933 -124.11579 41.02752 -124.11567 41.02613 -124.11619 41.02387 -124.11604 41.02203 -124.11653 41.01932 -124.11636 41.01748 -124.11684 41.01476 -124.11666 41.01109 -124.11765 41.00654 -124.11795 41.00106 -124.11881 40.99651 -124.11913 40.99333 -124.11892 40.99147 -124.12002 40.99055 -124.12057 40.98964 -124.12051 40.98735 -124.12096 40.98321 -124.12252 40.97453 -124.12379 40.96443 -124.12678 40.95478 -124.12981 40.94283 -124.1339 40.94144 -124.13441 40.93549 -124.13585 40.93456 -124.1364 40.9272 -124.13896 40.91755 -124.14198 40.91202 -124.14406 40.90326 -124.14774 40.89497 -124.15085 40.88668 -124.15396 40.88251 -124.15612 40.88063 -124.15782 40.87833 -124.15889 40.87604 -124.15935 40.87328 -124.16038 40.87049 -124.16203 40.86444 -124.16589 40.8533 -124.17245 40.84218 -124.17841 40.82776 -124.18779 40.81614 -124.19492 40.81288 -124.19714 40.804 -124.20385 40.79186 -124.21277 40.78543 -124.21478 40.78172 -124.21696 40.77703 -124.2209 40.77096 -124.22536 40.76584 -124.22866 40.76344 -124.23215 40.76077 -124.23075 40.75825 -124.22512 40.75838 -124.22148 40.76027 -124.21978 40.76348 -124.21878 40.76631 -124.21593 40.76865 -124.21426 40.77254 -124.20724 40.77625 -124.20505 40.77813 -124.20335 40.77958 -124.20102 40.78101 -124.19929 40.78753 -124.19486 40.79073 -124.19447 40.79661 -124.19485 40.80166 -124.19336 40.80402 -124.19109 40.80767 -124.19072 40.81052 -124.18726 40.8138 -124.18443 40.81767 -124.17801 40.82191 -124.17403 40.82469 -124.17239 40.8357 -124.16946 40.83894 -124.16785 40.84408 -124.16393 40.84962 -124.16126 40.85151 -124.15956 40.85334 -124.15907 40.85662 -124.15624 40.86031 -124.15466 40.86398 -124.15369 40.86411 -124.15005 40.86235 -124.14871 40.86209 -124.14322 40.86227 -124.13837 40.86009 -124.13579 40.85873 -124.1357 40.85608 -124.13371 40.85626 -124.12885 40.85231 -124.12494 40.85109 -124.12122 40.85023 -124.11994 40.8536 -124.11469 40.85507 -124.11174 40.85751 -124.10703 40.8563 -124.1027 40.85514 -124.09715 40.85335 -124.09642 40.84839 -124.09549 40.84615 -124.09473 40.84626 -124.09171 40.84634 -124.08928 40.83819 -124.08875 40.83184 -124.08834 40.82677 -124.09045 40.82299 -124.09445 40.81379 -124.11028 40.81277 -124.11324 40.81223 -124.11565 40.81122 -124.11861 40.81027 -124.11977 40.80794 -124.12144 40.80739 -124.12384 40.80495 -124.12854 40.80551 -124.1383 40.80759 -124.1433 40.80884 -124.14642 40.80654 -124.15965 40.8093 -124.15861 40.81014 -124.16049 40.80858 -124.16586 40.80428 -124.17165 40.80069 -124.18297 40.79276 -124.18852 40.79095 -124.1884 40.78637 -124.18932 40.78033 -124.19317 40.77613 -124.19592 40.76927 -124.1973 40.7656 -124.19827 40.76515 -124.19823 40.76645 -124.20015 40.76826 -124.20026 40.76959 -124.20097 40.76769 -124.20327 40.76588 -124.20315 40.75645 -124.20009 40.75376 -124.19931 40.74818 -124.20258 40.74309 -124.20528 40.7406 -124.21119 40.73843 -124.22076 40.73616 -124.22061 40.73397 -124.21864 40.73499 -124.21568 40.7341 -124.21501 40.72805 -124.21886 40.72574 -124.21992 40.72434 -124.22104 40.72296 -124.22156 40.72155 -124.22268 40.7202 -124.22259 40.71666 -124.21992 40.70774 -124.21568 40.70377 -124.21239 40.70008 -124.21396 40.69907 -124.21693 40.69752 -124.22168 40.69476 -124.22271 40.69377 -124.22507 40.69005 -124.22725 40.68246 -124.22371 40.68407 -124.22928 40.68799 -124.2338 40.68932 -124.23448 40.6908 -124.24369 40.69202 -124.24741 40.69361 -124.25359 40.69476 -124.25913 40.69732 -124.26356 40.69949 -124.26613 40.70133 -124.26564 40.70425 -124.26038 40.70647 -124.26174 40.70921 -124.26131 40.73775 -124.23894 40.74301 -124.23199 40.7431 -124.22958 40.74273 -124.22712 40.74633 -124.22797 40.74763 -124.22988 40.74856 -124.22994 40.75209 -124.23199 40.75467 -124.23581 40.7436 -124.24054 40.72631 -124.25336 40.69551 -124.27557 40.68284 -124.28625 40.67913 -124.28842 40.67124 -124.29275 40.65541 -124.3032 40.65124 -124.30534 40.64331 -124.31087 40.63817 -124.31477 40.63352 -124.31749 40.63026 -124.31969 40.62843 -124.32018 34.07898 -120.36778 34.07942 -120.36835 34.0785 -120.37 34.0726 -120.36938 34.06895 -120.37156 34.06573 -120.3754 34.06298 -120.3787 34.06114 -120.38145 34.0593 -120.38531 34.05745 -120.38861 34.05561 -120.39137 34.05421 -120.39634 34.0537 -120.40298 34.05594 -120.408 34.05681 -120.413 34.05952 -120.41525 34.05493 -120.42019 34.05214 -120.42847 34.04206 -120.43833 34.04112 -120.44221 34.04109 -120.44553 34.04015 -120.44995 34.03606 -120.44935 34.03239 -120.45319 34.03382 -120.44544 34.03432 -120.44045 34.03299 -120.43545 34.0294 -120.42986 34.02991 -120.42322 34.0322 -120.42047 34.03358 -120.41883 34.03542 -120.41608 34.03544 -120.41331 34.03457 -120.40831 34.03101 -120.39829 34.0288 -120.3905 34.02748 -120.38495 34.02344 -120.37825 34.0203 -120.37267 34.01806 -120.36766 34.01767 -120.35989 34.02132 -120.35716 34.02228 -120.35052 34.02279 -120.34332 34.02331 -120.33447 34.02245 -120.32725 34.02161 -120.31782 34.02348 -120.31063 34.02398 -120.30454 34.02446 -120.29956 34.02629 -120.29791 34.02895 -120.30847 34.03211 -120.31072 34.03574 -120.31187 34.03983 -120.31302 34.04477 -120.32139 34.047 -120.32695 34.05152 -120.33088 34.05194 -120.33477 34.05006 -120.34417 34.05001 -120.35027 34.05223 -120.35806 34.05674 -120.36199 34.06133 -120.35706 34.06495 -120.35876 34.06858 -120.3588 34.07084 -120.36214 34.07718 -120.36388 34.07898 -120.36778 34.01986 -119.35798 34.01668 -119.35687 34.01532 -119.35854 34.01487 -119.36076 34.01441 -119.36408 34.01397 -119.37405 34.01579 -119.37572 34.0176 -119.37294 34.01896 -119.36684 34.01941 -119.36185 34.01986 -119.35798 34.00991 -119.40842 34.009 -119.41063 34.00811 -119.42172 34.00993 -119.42726 34.01266 -119.43169 34.01402 -119.43557 34.01539 -119.44056 34.01675 -119.44055 34.01811 -119.43224 34.01902 -119.4278 34.01856 -119.42171 34.01583 -119.41618 34.01401 -119.41507 34.01037 -119.41008 34.00991 -119.40842 34.00945 -119.40398 34.00581 -119.399 34.0049 -119.39236 34.00762 -119.38404 34.00898 -119.38182 34.0108 -119.38016 34.01216 -119.37794 34.01307 -119.37794 34.01398 -119.38237 34.01126 -119.38736 34.01081 -119.3929 34.01081 -119.39677 34.01172 -119.39844 34.00945 -119.40398 34.03677 -119.52202 34.03268 -119.52423 34.03131 -119.527 34.02858 -119.52922 34.02676 -119.5331 34.0254 -119.54252 34.02085 -119.54639 34.01676 -119.54473 34.01403 -119.54916 34.00994 -119.54805 34.00767 -119.54916 34.00448 -119.55193 34.00312 -119.55303 34.0013 -119.55358 34.0013 -119.55691 33.99994 -119.55968 33.99947 -119.56799 33.99902 -119.57242 33.99629 -119.57796 33.99355 -119.58516 33.99173 -119.59015 33.99173 -119.59735 33.99036 -119.60289 33.99172 -119.60843 33.99034 -119.61618 33.99125 -119.62615 33.99033 -119.63225 33.9885 -119.63889 33.98986 -119.64554 33.98984 -119.65772 33.98574 -119.66492 33.98301 -119.67101 33.98209 -119.67432 33.97982 -119.67654 33.97935 -119.68318 33.97707 -119.68594 33.97388 -119.69314 33.9725 -119.69923 33.96841 -119.70087 33.97113 -119.70642 33.96611 -119.71361 33.96111 -119.72134 33.962 -119.72688 33.96336 -119.73187 33.96334 -119.73796 33.96605 -119.74628 33.96468 -119.74905 33.96559 -119.75071 33.96376 -119.75458 33.9633 -119.75735 33.96148 -119.759 33.96192 -119.76565 33.96418 -119.77064 33.96463 -119.77341 33.96462 -119.77618 33.9628 -119.7795 33.96141 -119.7889 33.96549 -119.7939 33.96548 -119.79833 33.96453 -119.81161 33.96042 -119.81935 33.96632 -119.8227 33.96994 -119.8288 33.96993 -119.83213 33.97128 -119.83491 33.97171 -119.84432 33.96806 -119.84763 33.96987 -119.85262 33.97395 -119.85651 33.9753 -119.85818 33.97621 -119.85874 33.98029 -119.86485 33.98206 -119.8776 33.98524 -119.87762 33.98843 -119.87708 33.9916 -119.8793 33.99432 -119.88154 33.99523 -119.88154 34.00067 -119.8849 34.00613 -119.88658 34.00658 -119.88769 34.01158 -119.88716 34.01432 -119.88385 34.01796 -119.88276 34.01979 -119.87945 34.02525 -119.87781 34.02707 -119.87782 34.02979 -119.87727 34.03207 -119.87673 34.03388 -119.87785 34.0366 -119.88008 34.03931 -119.8873 34.04476 -119.88844 34.04883 -119.89455 34.05018 -119.89678 34.05154 -119.89956 34.05335 -119.90179 34.05425 -119.90456 34.05696 -119.90845 34.05877 -119.91235 34.06102 -119.91735 34.05872 -119.92509 34.06007 -119.92954 34.06324 -119.93122 34.06281 -119.92456 34.06464 -119.9218 34.06601 -119.91959 34.06873 -119.92127 34.07054 -119.92405 34.07464 -119.9213 34.07965 -119.92022 34.07832 -119.90912 34.07743 -119.90468 34.07654 -119.89968 34.07746 -119.89526 34.0752 -119.89358 34.07657 -119.8886 34.07659 -119.88361 34.07569 -119.88194 34.0757 -119.87695 34.07391 -119.87083 34.07301 -119.86529 34.07394 -119.86086 34.07078 -119.85307 34.06763 -119.84308 34.06493 -119.8342 34.06176 -119.82753 34.05723 -119.82197 34.05451 -119.81918 34.05634 -119.81531 34.05408 -119.81197 34.05684 -119.79923 34.05912 -119.79647 34.05777 -119.78981 34.0596 -119.78593 34.0578 -119.77983 34.05737 -119.76819 34.06011 -119.7621 34.0583 -119.7571 34.05513 -119.75543 34.05468 -119.74989 34.05287 -119.74877 34.05287 -119.74545 34.05152 -119.74267 34.04835 -119.73545 34.05018 -119.72991 34.0452 -119.71937 34.04521 -119.71272 34.03931 -119.70494 34.03568 -119.70382 34.03387 -119.69994 34.03206 -119.69495 34.02253 -119.68771 34.02208 -119.68272 34.02209 -119.67829 34.02118 -119.67442 34.01846 -119.66998 34.01984 -119.66222 34.02167 -119.65502 34.01803 -119.65169 34.01896 -119.64172 34.01623 -119.63894 34.01533 -119.63395 34.01715 -119.62785 34.01897 -119.62343 34.01852 -119.61954 34.03217 -119.60626 34.03762 -119.6096 34.04217 -119.6085 34.04399 -119.60462 34.04718 -119.60074 34.05082 -119.59686 34.05583 -119.58578 34.05265 -119.58134 34.05175 -119.57468 34.05493 -119.57358 34.05447 -119.56859 34.05766 -119.56416 34.05584 -119.55972 34.05085 -119.55639 34.04676 -119.54585 34.04676 -119.54031 34.04404 -119.53033 34.03904 -119.52589 34.03677 -119.52202 34.03954 -120.05415 34.03819 -120.05136 34.03865 -120.04859 34.03776 -120.04526 34.03595 -120.04469 34.03231 -120.04522 34.02731 -120.04519 34.02092 -120.04958 34.01592 -120.05121 34.01228 -120.05007 34.00775 -120.04838 34.00093 -120.04778 33.9946 -120.03997 33.98785 -120.02608 33.98517 -120.01554 33.98336 -120.01331 33.98112 -120.00665 33.98389 -119.99503 33.9853 -119.98452 33.98487 -119.98009 33.98259 -119.98007 33.97804 -119.98115 33.97214 -119.98056 33.96623 -119.97942 33.95896 -119.97826 33.95761 -119.97549 33.95353 -119.97269 33.94762 -119.97266 33.94354 -119.96986 33.94307 -119.97318 33.9435 -119.97928 33.94393 -119.98648 33.94342 -119.99754 33.94202 -120.00806 33.93973 -120.01025 33.93741 -120.02076 33.93285 -120.02515 33.92873 -120.03122 33.9255 -120.04116 33.92185 -120.0439 33.92001 -120.04942 33.91636 -120.05106 33.91495 -120.05935 33.91446 -120.0682 33.91306 -120.07483 33.90985 -120.08089 33.91116 -120.09252 33.90976 -120.09915 33.90791 -120.10468 33.90242 -120.11127 33.89878 -120.11069 33.89696 -120.11234 33.89602 -120.1173 33.89646 -120.12007 33.8969 -120.12285 33.89916 -120.12563 33.90005 -120.12896 33.90275 -120.13341 33.90364 -120.13728 33.90635 -120.14008 33.90815 -120.14452 33.9104 -120.14842 33.9122 -120.15176 33.91265 -120.15176 33.91446 -120.15398 33.91353 -120.15785 33.91534 -120.15952 33.91715 -120.16064 33.9185 -120.16287 33.91803 -120.16563 33.91892 -120.16896 33.92163 -120.1712 33.9239 -120.17343 33.92748 -120.18177 33.93112 -120.18124 33.9361 -120.18406 33.94109 -120.18576 33.94472 -120.18856 33.9488 -120.1897 33.95151 -120.1925 33.95331 -120.19639 33.95375 -120.19917 33.95692 -120.20029 33.9619 -120.20311 33.96552 -120.20647 33.96915 -120.20761 33.97369 -120.20931 33.97775 -120.21433 33.98135 -120.21935 33.98451 -120.2227 33.98996 -120.22386 33.99221 -120.22665 33.99401 -120.23 33.99489 -120.23554 33.99623 -120.23888 33.9994 -120.24057 34.00211 -120.24336 34.00253 -120.24891 34.00524 -120.2517 34.00571 -120.24783 34.00665 -120.24451 34.00894 -120.24177 34.01167 -120.24014 34.01126 -120.23403 34.01265 -120.22961 34.01268 -120.22518 34.01271 -120.2213 34.00869 -120.20908 34.00739 -120.19854 34.01019 -120.18581 34.00886 -120.18027 34.00933 -120.1775 34.01071 -120.17474 34.01073 -120.17252 34.0103 -120.16698 34.02084 -120.15266 34.02586 -120.14882 34.02771 -120.14274 34.02821 -120.13554 34.02507 -120.12775 34.0251 -120.12111 34.0224 -120.1161 34.02199 -120.10834 34.02247 -120.10335 34.0216 -120.09613 34.02301 -120.08727 34.02394 -120.08174 34.02671 -120.07455 34.0299 -120.07236 34.03128 -120.06905 34.03266 -120.06573 34.03723 -120.06133 34.03906 -120.05802 34.03954 -120.05415 33.4775 -119.04472 33.47158 -119.04365 33.46838 -119.04147 33.46655 -119.03873 33.46745 -119.03542 33.47108 -119.03374 33.47472 -119.03207 33.48062 -119.02929 33.48518 -119.03146 33.48835 -119.03034 33.49108 -119.03033 33.49109 -119.03197 33.49019 -119.03473 33.48747 -119.03585 33.48476 -119.04082 33.48524 -119.04907 33.48251 -119.04799 33.4775 -119.04472 33.22863 -119.52069 33.22317 -119.51575 33.2209 -119.50423 33.21953 -119.4982 33.2209 -119.4938 33.21862 -119.48448 33.21498 -119.47571 33.21589 -119.46529 33.21634 -119.45925 33.2177 -119.45486 33.21952 -119.44883 33.2186 -119.44115 33.22179 -119.43841 33.22452 -119.43621 33.22679 -119.43621 33.22725 -119.43346 33.2277 -119.43072 33.23088 -119.42798 33.23316 -119.43456 33.23681 -119.44223 33.23999 -119.44608 33.24773 -119.451 33.25092 -119.45539 33.25502 -119.45978 33.25911 -119.46472 33.26139 -119.47076 33.26276 -119.47734 33.26412 -119.48008 33.26412 -119.48667 33.26731 -119.49106 33.26731 -119.50039 33.27186 -119.50478 33.27504 -119.51137 33.27914 -119.51795 33.28096 -119.5229 33.28369 -119.52619 33.28551 -119.53168 33.28642 -119.53607 33.28186 -119.54101 33.28141 -119.5487 33.28049 -119.55419 33.27503 -119.55748 33.2723 -119.56407 33.27593 -119.5723 33.27866 -119.5756 33.28048 -119.58219 33.27957 -119.58274 33.27411 -119.57999 33.26728 -119.57504 33.26183 -119.57613 33.25728 -119.57339 33.25409 -119.56898 33.24499 -119.56349 33.23999 -119.5558 33.23727 -119.55306 33.23499 -119.54922 33.23227 -119.5388 33.23045 -119.52892 33.22863 -119.52069 33.04269 -118.61265 33.04311 -118.60936 33.04174 -118.60773 33.04127 -118.60664 33.0399 -118.60557 33.03808 -118.60558 33.03628 -118.60835 33.03629 -118.60999 33.03722 -118.61217 33.03997 -118.61432 33.04133 -118.61376 33.04178 -118.6132 33.04269 -118.61265 33.03388 -118.5925 33.03373 -118.59576 33.03359 -118.59908 33.03349 -118.60126 33.03172 -118.6073 33.02489 -118.60683 33.01852 -118.60745 33.01488 -118.60749 33.0148 -118.59764 33.01158 -118.59331 33.00882 -118.58951 33.00287 -118.58575 32.99192 -118.58259 32.98597 -118.57829 32.97686 -118.57784 32.97001 -118.57519 32.96405 -118.57088 32.95899 -118.56438 32.95303 -118.55898 32.94479 -118.55307 32.93201 -118.5494 32.91697 -118.54794 32.90508 -118.54098 32.90593 -118.53442 32.89724 -118.52905 32.88579 -118.52209 32.88116 -118.51341 32.8752 -118.50748 32.86792 -118.50812 32.85968 -118.5033 32.85146 -118.50012 32.84957 -118.49305 32.8441 -118.49258 32.84353 -118.47948 32.83939 -118.47408 32.83252 -118.4698 32.82973 -118.46328 32.82191 -118.45465 32.81869 -118.45142 32.82001 -118.44704 32.81588 -118.44327 32.81492 -118.43783 32.81123 -118.43297 32.79889 -118.42822 32.80878 -118.41499 32.80964 -118.40952 32.81049 -118.40296 32.81779 -118.4045 32.82046 -118.39791 32.82407 -118.39404 32.8258 -118.38528 32.82346 -118.37822 32.81932 -118.37446 32.82106 -118.36679 32.81963 -118.36026 32.81596 -118.35704 32.81454 -118.3516 32.81817 -118.34991 32.8228 -118.35803 32.83611 -118.36821 32.84307 -118.38122 32.85504 -118.3947 32.86564 -118.40874 32.87441 -118.42119 32.88086 -118.42929 32.88823 -118.43848 32.89516 -118.44877 32.90068 -118.4558 32.90573 -118.4601 32.91033 -118.46496 32.91586 -118.47253 32.92052 -118.48396 32.92925 -118.49368 32.93615 -118.50179 32.94761 -118.5104 32.96181 -118.52006 32.96872 -118.52982 32.97696 -118.53464 32.98158 -118.54279 32.99482 -118.5481 33.00075 -118.54967 33.0049 -118.55563 33.00494 -118.56001 33.01315 -118.56264 33.01956 -118.56695 33.02362 -118.56307 33.02638 -118.56632 33.02823 -118.56904 33.02961 -118.57175 33.03421 -118.57662 33.03016 -118.5827 33.02885 -118.59037 33.03388 -118.5925 40.8162 -124.16544 40.81635 -124.16454 40.81687 -124.16276 40.81698 -124.15972 40.81569 -124.15781 40.81385 -124.1583 40.8124 -124.16064 40.81187 -124.1619 40.81141 -124.163 40.81082 -124.16661 40.80793 -124.17129 40.80592 -124.17663 40.80632 -124.17786 40.8077 -124.17735 40.81232 -124.17522 40.81559 -124.173 40.81615 -124.17001 40.81576 -124.16815 40.8162 -124.16544 37.85361 -122.44151 37.85366 -122.43919 37.85281 -122.43682 37.85204 -122.43096 37.85209 -122.42921 37.85261 -122.42632 37.8554 -122.42351 37.85906 -122.42191 37.86444 -122.42445 37.86665 -122.42687 37.87022 -122.42934 37.87198 -122.43175 37.87192 -122.43408 37.86956 -122.43806 37.86724 -122.44031 37.86534 -122.44373 37.86255 -122.44654 37.85935 -122.44758 37.85707 -122.44807 37.85528 -122.44742 37.85444 -122.44447 37.85361 -122.44151 37.81217 -122.37226 37.81442 -122.37293 37.82005 -122.36499 37.82467 -122.36829 37.82799 -122.37068 37.83209 -122.37362 37.83058 -122.37997 37.82734 -122.38276 37.82257 -122.38029 37.81952 -122.37872 37.8139 -122.37582 37.80981 -122.37625 37.80498 -122.36965 37.80597 -122.3662 37.80616 -122.36322 37.80921 -122.3634 37.81154 -122.36058 37.81424 -122.36127 37.81466 -122.36303 37.81414 -122.36593 37.81227 -122.36819 37.81217 -122.37226 37.75652 -122.22858 37.75188 -122.23308 37.74987 -122.24174 37.75236 -122.25231 37.75446 -122.25938 37.7588 -122.26827 37.76043 -122.27649 37.76756 -122.282 37.76974 -122.28558 37.76863 -122.29427 37.77023 -122.30365 37.77338 -122.30493 37.77662 -122.30215 37.77932 -122.30283 37.78001 -122.31218 37.77546 -122.31316 37.77667 -122.31962 37.77932 -122.32263 37.77965 -122.32789 37.78126 -122.33669 37.79307 -122.33598 37.79533 -122.33607 37.78976 -122.30264 37.79049 -122.29044 37.79109 -122.28405 37.78854 -122.27638 37.78592 -122.2722 37.78276 -122.2715 37.78019 -122.265 37.78117 -122.26154 37.77893 -122.26029 37.77724 -122.25498 37.77417 -122.25021 37.77425 -122.24672 37.77076 -122.24076 37.76818 -122.23426 37.76149 -122.22935 37.75652 -122.22858 34.06467 -120.33546 34.06695 -120.33327 34.067 -120.32716 34.06383 -120.32491 34.0611 -120.32544 34.06063 -120.32765 34.06015 -120.33208 34.06058 -120.33486 34.06284 -120.3371 34.06467 -120.33546 33.75129 -118.24782 33.74352 -118.24353 33.74168 -118.24135 33.74064 -118.22977 33.74371 -118.21978 33.74553 -118.21975 33.74293 -118.23139 33.74394 -118.24076 33.74532 -118.24184 33.75172 -118.24506 33.75698 -118.22729 33.75239 -118.2235 33.75416 -118.21906 33.75917 -118.22008 33.7665 -118.22437 33.76787 -118.22491 33.76313 -118.24873 33.76094 -118.25706 33.75779 -118.25987 33.75192 -118.26382 33.75147 -118.26439 33.74878 -118.26775 33.74654 -118.27055 33.74339 -118.27336 33.74112 -118.27395 33.73976 -118.27452 33.72195 -118.26762 33.72237 -118.26485 33.73698 -118.26959 33.73786 -118.26681 33.73372 -118.26301 33.73826 -118.26239 33.74185 -118.25791 33.74452 -118.25235 33.74681 -118.25342 33.74997 -118.25115 33.75129 -118.24782 33.30979 -118.30758 33.31523 -118.30677 33.31838 -118.3063 33.32206 -118.30575 33.32449 -118.30766 33.32797 -118.31038 33.33034 -118.31221 33.33366 -118.31331 33.3399 -118.31536 33.34263 -118.31998 33.34358 -118.32159 33.34488 -118.32379 33.34731 -118.32789 33.35068 -118.32966 33.35308 -118.33092 33.35569 -118.33228 33.36057 -118.33484 33.36252 -118.33754 33.36424 -118.33993 33.36742 -118.34433 33.37147 -118.34995 33.37335 -118.35255 33.37626 -118.35659 33.37971 -118.35945 33.38263 -118.36188 33.38503 -118.36387 33.389 -118.36716 33.39162 -118.36933 33.39645 -118.37334 33.39972 -118.37204 33.40191 -118.37117 33.40506 -118.36992 33.40914 -118.36876 33.40918 -118.3726 33.40921 -118.37595 33.40926 -118.3814 33.41137 -118.38456 33.41434 -118.38903 33.41801 -118.39228 33.41873 -118.39636 33.41917 -118.39887 33.41994 -118.40325 33.42105 -118.40619 33.42173 -118.40797 33.42231 -118.4095 33.42334 -118.41222 33.42394 -118.4138 33.42471 -118.41582 33.4258 -118.41872 33.4274 -118.42294 33.42767 -118.42682 33.42793 -118.43064 33.42755 -118.435 33.4271 -118.44 33.42877 -118.44304 33.42997 -118.44523 33.4322 -118.44928 33.43361 -118.45422 33.43591 -118.45914 33.4369 -118.46129 33.43871 -118.46515 33.44192 -118.46841 33.44243 -118.47445 33.44746 -118.47769 33.44706 -118.4832 33.44393 -118.48929 33.44216 -118.49537 33.44266 -118.50031 33.4486 -118.50298 33.45148 -118.50518 33.45501 -118.50786 33.45778 -118.51222 33.45958 -118.51665 33.46038 -118.51864 33.46136 -118.52106 33.46289 -118.52481 33.46606 -118.52312 33.46703 -118.53027 33.47023 -118.53188 33.47434 -118.53458 33.47758 -118.54059 33.47626 -118.54611 33.47609 -118.5522 33.47603 -118.5544 33.47591 -118.55877 33.47549 -118.56263 33.47599 -118.56923 33.47687 -118.57426 33.47742 -118.57747 33.47612 -118.58463 33.47707 -118.58958 33.47794 -118.5946 33.47832 -118.59682 33.47897 -118.60056 33.47811 -118.60608 33.47551 -118.60506 33.47263 -118.60394 33.46939 -118.6011 33.46717 -118.59915 33.46511 -118.59734 33.4621 -118.5947 33.45951 -118.59187 33.45782 -118.59002 33.45567 -118.58766 33.45399 -118.58583 33.45232 -118.58399 33.45016 -118.58163 33.44783 -118.57396 33.44147 -118.57569 33.43869 -118.56967 33.43616 -118.56667 33.43272 -118.56259 33.43225 -118.56094 33.43272 -118.55683 33.43305 -118.55399 33.43343 -118.55068 33.43395 -118.54607 33.43298 -118.53893 33.43111 -118.53236 33.42968 -118.52467 33.42828 -118.52029 33.43094 -118.51311 33.4349 -118.50658 33.43494 -118.50151 33.43186 -118.5048 33.43042 -118.50635 33.42818 -118.50874 33.4252 -118.50522 33.42312 -118.50276 33.42307 -118.49723 33.42304 -118.49341 33.42035 -118.49052 33.41799 -118.48798 33.41463 -118.48749 33.4127 -118.48721 33.41092 -118.48695 33.40751 -118.48646 33.40245 -118.48536 33.39794 -118.48438 33.39349 -118.48193 33.39016 -118.48009 33.38773 -118.47852 33.38513 -118.47685 33.38254 -118.47578 33.38105 -118.47855 33.38062 -118.48131 33.37765 -118.48367 33.37429 -118.48634 33.36837 -118.48476 33.36385 -118.48867 33.36115 -118.492 33.35432 -118.49155 33.3518 -118.48938 33.34928 -118.48721 33.34651 -118.4823 33.34238 -118.47796 33.33644 -118.47639 33.33231 -118.4715 33.32726 -118.46662 33.32312 -118.46172 33.32145 -118.45891 33.32004 -118.45292 33.32026 -118.44803 33.32023 -118.44473 33.32021 -118.44196 33.32016 -118.4365 33.31779 -118.42719 33.31852 -118.42398 33.31943 -118.41999 33.32042 -118.41563 33.32038 -118.41235 33.32033 -118.40629 33.32159 -118.39822 33.32247 -118.39252 33.32024 -118.3873 33.31866 -118.3838 33.31855 -118.37844 33.31838 -118.37396 33.31813 -118.36732 33.31762 -118.36184 33.31527 -118.35473 33.31276 -118.35291 33.30931 -118.35043 33.30637 -118.34422 33.30444 -118.34014 33.30234 -118.3357 33.30145 -118.3324 33.29998 -118.32695 33.30265 -118.32087 33.3035 -118.31536 33.3094 -118.31418 33.30979 -118.30758 32.77571 -117.2234 32.78024 -117.22218 32.78338 -117.21991 32.78655 -117.21873 32.78789 -117.2176 32.78876 -117.21539 32.78827 -117.21377 32.78644 -117.21327 32.78465 -117.21496 32.78331 -117.21609 32.78195 -117.21667 32.77967 -117.21674 32.7783 -117.21624 32.77737 -117.21517 32.77645 -117.21465 32.77602 -117.2163 32.77651 -117.21793 32.77699 -117.219 32.77562 -117.21904 32.77469 -117.21798 32.7733 -117.21693 32.77235 -117.21478 32.7714 -117.21316 32.77046 -117.21155 32.76818 -117.21162 32.76682 -117.21165 32.76639 -117.21276 32.76551 -117.21442 32.76601 -117.21659 32.76738 -117.21709 32.7683 -117.21707 32.76924 -117.21868 32.77017 -117.21974 32.77067 -117.22191 32.76976 -117.22194 32.76885 -117.22196 32.76839 -117.22198 32.76797 -117.22363 32.76848 -117.22634 32.76897 -117.22796 32.77036 -117.22901 32.77126 -117.22844 32.77124 -117.22735 32.77257 -117.22568 32.77438 -117.22507 32.77571 -117.2234 37.77986 -123.17215 37.7804 -123.16927 37.78045 -123.16752 37.78271 -123.16763 37.78308 -123.17056 37.78444 -123.17063 37.787 -123.176 37.78738 -123.17835 37.78686 -123.18066 37.78505 -123.18057 37.78194 -123.17809 37.77986 -123.17215 37.77598 -123.10437 37.77513 -123.10258 37.77335 -123.10133 37.77199 -123.10126 37.77093 -123.10645 37.77133 -123.10822 37.77312 -123.10889 37.77454 -123.10722 37.77598 -123.10437 37.76382 -123.10145 37.76389 -123.09912 37.7631 -123.095 37.7622 -123.09496 37.76122 -123.09724 37.76075 -123.0978 37.76068 -123.10013 37.76201 -123.10136 37.76382 -123.10145 37.73045 -123.03286 37.72962 -123.02991 37.7292 -123.02872 37.72831 -123.0281 37.72781 -123.02982 37.72866 -123.03161 37.72816 -123.03333 37.72908 -123.03279 37.73045 -123.03286 37.70268 -123.00475 37.70397 -123.00715 37.70166 -123.00878 37.69944 -123.00694 37.69947 -123.00577 37.69907 -123.00401 37.69912 -123.00226 37.70268 -123.00475 37.70332 -122.99838 37.70298 -122.99429 37.70118 -122.99362 37.69791 -122.99696 37.70015 -122.99824 37.70239 -122.99892 37.70332 -122.99838</gml:posList></gml:LineString></georss:where></item><item><guid isPermaLink="false">6938426d-4687-4e03-96d9-b85a30f7905c</guid><a10:author><a10:name>Simon Hope</a10:name></a10:author><title /><description /><pubDate>Tue, 01 May 2012 21:57:27 +1000</pubDate><a10:link href="http://www.mapbutcher.com/" /><a10:rights type="text">Copyright 2011</a10:rights><a10:content type="text"></a10:content><a10:contributor><a10:name>mapbutcher@mapbutcher.com</a10:name></a10:contributor><georss:where><gml:LineString><gml:posList>41.99385 -122.96081 41.98811 -122.97164 41.98344 -122.97635 41.98102 -122.98179 41.98043 -122.9867 41.98209 -122.99235 41.98373 -122.99922 41.98628 -123.00553 41.98835 -123.01305 41.99089 -123.01997 41.99428 -123.02879 41.99549 -123.03442 41.99675 -123.03819 41.99754 -123.04255 41.99791 -123.04565 41.99786 -123.04751 41.99823 -123.05061 41.99796 -123.06049 41.99725 -123.06973 41.99522 -123.07704 41.99902 -123.08774 41.99733 -123.0994 41.99845 -123.1081 41.99598 -123.11539 41.99802 -123.12353 41.99741 -123.12906 41.99937 -123.14028 41.99921 -123.14584 42.00045 -123.15022 42.00403 -123.15227 42.00633 -123.15115 42.00663 -123.15136 42.00766 -123.15207</gml:posList></gml:LineString></georss:where></item><item><guid isPermaLink="false">1292d01a-d275-43c7-98fc-4e9e1ec89567</guid><a10:author><a10:name>Simon Hope</a10:name></a10:author><title /><description /><pubDate>Tue, 01 May 2012 21:57:27 +1000</pubDate><a10:link href="http://www.mapbutcher.com/" /><a10:rights type="text">Copyright 2011</a10:rights><a10:content type="text"></a10:content><a10:contributor><a10:name>mapbutcher@mapbutcher.com</a10:name></a10:contributor><georss:where><gml:LineString><gml:posList>41.98207 -122.32462 41.97847 -122.32323</gml:posList></gml:LineString></georss:where></item><item><guid isPermaLink="false">63b12243-08aa-4668-9591-a1f54786acb3</guid><a10:author><a10:name>Simon Hope</a10:name></a10:author><title /><description /><pubDate>Tue, 01 May 2012 21:57:27 +1000</pubDate><a10:link href="http://www.mapbutcher.com/" /><a10:rights type="text">Copyright 2011</a10:rights><a10:content type="text"></a10:content><a10:contributor><a10:name>mapbutcher@mapbutcher.com</a10:name></a10:contributor><georss:where><gml:LineString><gml:posList>41.97847 -122.32323 41.97397 -122.3212</gml:posList></gml:LineString></georss:where></item><item><guid isPermaLink="false">1a828165-a6d1-4591-8bd7-985dce66bf87</guid><a10:author><a10:name>Simon Hope</a10:name></a10:author><title /><description /><pubDate>Tue, 01 May 2012 21:57:27 +1000</pubDate><a10:link href="http://www.mapbutcher.com/" /><a10:rights type="text">Copyright 2011</a10:rights><a10:content type="text"></a10:content><a10:contributor><a10:name>mapbutcher@mapbutcher.com</a10:name></a10:contributor><georss:where><gml:LineString><gml:posList>41.96872 -122.39447 41.9747 -122.39101 41.98157 -122.38821 41.9854 -122.37971 41.99046 -122.37684 41.99409 -122.37698 41.99906 -122.37843 42.00229 -122.37609 42.00873 -122.36803 42.00959 -122.36695</gml:posList></gml:LineString></georss:where></item><item><guid isPermaLink="false">403bd715-d696-4559-b95d-00c755725eaf</guid><a10:author><a10:name>Simon Hope</a10:name></a10:author><title /><description /><pubDate>Tue, 01 May 2012 21:57:27 +1000</pubDate><a10:link href="http://www.mapbutcher.com/" /><a10:rights type="text">Copyright 2011</a10:rights><a10:content type="text"></a10:content><a10:contributor><a10:name>mapbutcher@mapbutcher.com</a10:name></a10:contributor><georss:where><gml:LineString><gml:posList>41.97847 -122.32323 41.97601 -122.33178 41.97167 -122.34334 41.96785 -122.35182 41.96585 -122.35977 41.96436 -122.36588 41.96197 -122.37073</gml:posList></gml:LineString></georss:where></item><item><guid isPermaLink="false">9cdf8104-b222-483a-a52f-a5b8ca3d5c53</guid><a10:author><a10:name>Simon Hope</a10:name></a10:author><title /><description /><pubDate>Tue, 01 May 2012 21:57:27 +1000</pubDate><a10:link href="http://www.mapbutcher.com/" /><a10:rights type="text">Copyright 2011</a10:rights><a10:content type="text"></a10:content><a10:contributor><a10:name>mapbutcher@mapbutcher.com</a10:name></a10:contributor><georss:where><gml:LineString><gml:posList>42.00848 -122.18346 42.00811 -122.1838 42.0064 -122.18535 42.00627 -122.19152 41.99939 -122.19496 41.99169 -122.19343 41.98664 -122.19632 41.98028 -122.19608 41.97662 -122.19717 41.97292 -122.20074 41.97139 -122.20871 41.96582 -122.21405 41.96113 -122.22128 41.96333 -122.22445 41.96404 -122.23374 41.96342 -122.24174 41.96278 -122.25036 41.96132 -122.25524</gml:posList></gml:LineString></georss:where></item><item><guid isPermaLink="false">de869e54-7f94-430e-8cc7-1518305195fe</guid><a10:author><a10:name>Simon Hope</a10:name></a10:author><title /><description /><pubDate>Tue, 01 May 2012 21:57:27 +1000</pubDate><a10:link href="http://www.mapbutcher.com/" /><a10:rights type="text">Copyright 2011</a10:rights><a10:content type="text"></a10:content><a10:contributor><a10:name>mapbutcher@mapbutcher.com</a10:name></a10:contributor><georss:where><gml:LineString><gml:posList>41.93838 -121.50325 41.95292 -121.50305 41.9652 -121.50217 41.97692 -121.50745 41.98497 -121.5157 41.9908 -121.52081 41.99781 -121.52695 41.999 -121.528</gml:posList></gml:LineString></georss:where></item><item><guid isPermaLink="false">40c8fac0-33b8-4a08-ba22-d6e2f9ea3d38</guid><a10:author><a10:name>Simon Hope</a10:name></a10:author><title /><description /><pubDate>Tue, 01 May 2012 21:57:27 +1000</pubDate><a10:link href="http://www.mapbutcher.com/" /><a10:rights type="text">Copyright 2011</a10:rights><a10:content type="text"></a10:content><a10:contributor><a10:name>mapbutcher@mapbutcher.com</a10:name></a10:contributor><georss:where><gml:LineString><gml:posList>41.93114 -122.42871 41.93271 -122.41952</gml:posList></gml:LineString></georss:where></item><item><guid isPermaLink="false">ce99c7f0-52b4-4c6d-8502-173fba55d0a6</guid><a10:author><a10:name>Simon Hope</a10:name></a10:author><title /><description /><pubDate>Tue, 01 May 2012 21:57:27 +1000</pubDate><a10:link href="http://www.mapbutcher.com/" /><a10:rights type="text">Copyright 2011</a10:rights><a10:content type="text"></a10:content><a10:contributor><a10:name>mapbutcher@mapbutcher.com</a10:name></a10:contributor><georss:where><gml:LineString><gml:posList>41.93014 -122.43299 41.93114 -122.42871</gml:posList></gml:LineString></georss:where></item><item><guid isPermaLink="false">466fb25d-dd2e-465d-b2de-4a6c91a62a30</guid><a10:author><a10:name>Simon Hope</a10:name></a10:author><title /><description /><pubDate>Tue, 01 May 2012 21:57:27 +1000</pubDate><a10:link href="http://www.mapbutcher.com/" /><a10:rights type="text">Copyright 2011</a10:rights><a10:content type="text"></a10:content><a10:contributor><a10:name>mapbutcher@mapbutcher.com</a10:name></a10:contributor><georss:where><gml:LineString><gml:posList>41.92656 -121.07905 41.9321 -121.07115 41.93754 -121.07189 41.94653 -121.08012 41.95191 -121.08579 41.95368 -121.08954 41.95681 -121.09332 41.95903 -121.09768 41.95612 -121.11243 41.96371 -121.12248 41.96267 -121.13295 41.97622 -121.13882 41.97998 -121.16485 41.98404 -121.1668 41.99115 -121.17932 41.99065 -121.18301 41.9966 -121.20203 41.99754 -121.20502</gml:posList></gml:LineString></georss:where></item><item><guid isPermaLink="false">cc6e8497-f15a-4b65-8ce1-f097b9cec3b5</guid><a10:author><a10:name>Simon Hope</a10:name></a10:author><title /><description /><pubDate>Tue, 01 May 2012 21:57:27 +1000</pubDate><a10:link href="http://www.mapbutcher.com/" /><a10:rights type="text">Copyright 2011</a10:rights><a10:content type="text"></a10:content><a10:contributor><a10:name>mapbutcher@mapbutcher.com</a10:name></a10:contributor><georss:where><gml:LineString><gml:posList>41.96167 -120.82368 41.95694 -120.84211 41.9473 -120.8518 41.94003 -120.8529 41.9326 -120.86755 41.92987 -120.86812 41.92534 -120.86742 41.92121 -120.87165 41.9175 -120.87898 41.91649 -120.88821 41.90918 -120.89239 41.90772 -120.90161 41.91493 -120.90669 41.91205 -120.92081 41.91278 -120.93625 41.91862 -120.94193 41.92036 -120.94875 41.9325 -120.95948 41.93875 -120.96949 41.93958 -120.9763 41.93675 -120.98549 41.93353 -120.98912 41.92669 -120.99144 41.91581 -120.98997 41.91307 -120.99115 41.91213 -120.9936 41.91346 -120.99671 41.91476 -121.00167 41.91383 -121.00412 41.90424 -121.00823</gml:posList></gml:LineString></georss:where></item><item><guid isPermaLink="false">9bebe245-b1e0-4629-8812-df66aeadef47</guid><a10:author><a10:name>Simon Hope</a10:name></a10:author><title /><description /><pubDate>Tue, 01 May 2012 21:57:27 +1000</pubDate><a10:link href="http://www.mapbutcher.com/" /><a10:rights type="text">Copyright 2011</a10:rights><a10:content type="text"></a10:content><a10:contributor><a10:name>mapbutcher@mapbutcher.com</a10:name></a10:contributor><georss:where><gml:LineString><gml:posList>41.90424 -121.00823 41.9037 -121.01562 41.89914 -121.01737 41.89453 -121.02283 41.89174 -121.02832 41.8974 -121.04879 41.89687 -121.05556 41.8995 -121.06303 41.89805 -121.07039 41.89932 -121.07782</gml:posList></gml:LineString></georss:where></item><item><guid isPermaLink="false">badc42d7-2054-4c04-8b75-69d095e465c3</guid><a10:author><a10:name>Simon Hope</a10:name></a10:author><title /><description /><pubDate>Tue, 01 May 2012 21:57:27 +1000</pubDate><a10:link href="http://www.mapbutcher.com/" /><a10:rights type="text">Copyright 2011</a10:rights><a10:content type="text"></a10:content><a10:contributor><a10:name>mapbutcher@mapbutcher.com</a10:name></a10:contributor><georss:where><gml:LineString><gml:posList>41.99982 -123.62439 41.99891 -123.62489 41.99703 -123.62592 41.99472 -123.62701 41.99289 -123.62752 41.99062 -123.62739 41.98924 -123.62792 41.98737 -123.62967 41.98553 -123.63017 41.98419 -123.62948 41.98194 -123.62872 41.98056 -123.62926 41.97916 -123.63042 41.97868 -123.631 41.97221 -123.63433 41.96718 -123.63527 41.96085 -123.63428 41.95588 -123.63336 41.95103 -123.62875 41.94659 -123.6254 41.94216 -123.62206 41.93543 -123.61919 41.92772 -123.61874 41.91764 -123.62123 41.91034 -123.62203 41.9044 -123.62292 41.89896 -123.6226 41.89667 -123.62308 41.89484 -123.62359 41.89255 -123.62407 41.89119 -123.62399 41.88894 -123.62324 41.88715 -123.62251 41.88496 -123.61992 41.8832 -123.61797</gml:posList></gml:LineString></georss:where></item><item><guid isPermaLink="false">9c8c8ad7-1021-4c3f-9580-41d405035c5b</guid><a10:author><a10:name>Simon Hope</a10:name></a10:author><title /><description /><pubDate>Tue, 01 May 2012 21:57:27 +1000</pubDate><a10:link href="http://www.mapbutcher.com/" /><a10:rights type="text">Copyright 2011</a10:rights><a10:content type="text"></a10:content><a10:contributor><a10:name>mapbutcher@mapbutcher.com</a10:name></a10:contributor><georss:where><gml:LineString><gml:posList>41.84782 -123.97054 41.84963 -123.97066 41.85141 -123.972 41.85231 -123.97206 41.85417 -123.97095 41.85654 -123.96802 41.85885 -123.96693 41.86071 -123.96581 41.86253 -123.96593 41.86434 -123.96604 41.86704 -123.96684 41.86885 -123.96696 41.87067 -123.96707 41.873 -123.96537 41.87579 -123.9637 41.87807 -123.96323 41.87991 -123.96272 41.88174 -123.96223 41.88308 -123.96293 41.88393 -123.96483 41.88432 -123.96671 41.88516 -123.96861 41.88691 -123.97057 41.88911 -123.97257 41.89 -123.97324 41.89084 -123.97515 41.89212 -123.9777 41.89251 -123.97958 41.89292 -123.98083 41.89424 -123.98215 41.89508 -123.98406 41.89495 -123.98775 41.89534 -123.98963 41.89709 -123.9916 41.89834 -123.99477 41.89921 -123.99606 41.90137 -123.99928 41.90266 -124.00121 41.90353 -124.00251 41.90394 -124.00377 41.90571 -124.00511 41.90751 -124.00584 41.90886 -124.00594 41.91064 -124.00729 41.91293 -124.00681 41.91567 -124.00638 41.9175 -124.00587 41.91973 -124.00726 41.92204 -124.00617 41.92437 -124.00446 41.92582 -124.00209 41.92681 -123.99968 41.92912 -123.9986 41.93143 -123.99751 41.9324 -123.99572 41.93381 -123.99458 41.9361 -123.9941 41.93798 -123.99237 41.93981 -123.99187 41.94205 -123.99263 41.9448 -123.9922 41.94715 -123.98988 41.94769 -123.98743 41.94782 -123.98373 41.94933 -123.97952 41.95035 -123.97649 41.95222 -123.97475 41.95453 -123.97367 41.95695 -123.9695 41.96062 -123.9685 41.96298 -123.96618 41.96395 -123.96439 41.96276 -123.95937 41.96325 -123.95816 41.96595 -123.95895 41.96913 -123.95915 41.97137 -123.95992 41.97324 -123.9588 41.97412 -123.95947 41.97676 -123.96211 41.97857 -123.96223 41.98086 -123.96175 41.98354 -123.96317 41.98438 -123.96507 41.98521 -123.9676 41.98609 -123.96827 41.98795 -123.96715 41.98935 -123.96601 41.99162 -123.96616 41.9943 -123.96756 41.99521 -123.96762 41.99622 -123.96459 41.99624 -123.96451 41.99716 -123.96039</gml:posList></gml:LineString></georss:where></item><item><guid isPermaLink="false">74d9aa8e-67d4-49be-b429-5326e0250d97</guid><a10:author><a10:name>Simon Hope</a10:name></a10:author><title /><description /><pubDate>Tue, 01 May 2012 21:57:27 +1000</pubDate><a10:link href="http://www.mapbutcher.com/" /><a10:rights type="text">Copyright 2011</a10:rights><a10:content type="text"></a10:content><a10:contributor><a10:name>mapbutcher@mapbutcher.com</a10:name></a10:contributor><georss:where><gml:LineString><gml:posList>41.93729 -123.68847 41.93878 -123.69844 41.93857 -123.7188 41.92929 -123.73862 41.91971 -123.75348 41.91522 -123.76555 41.90567 -123.76559 41.89969 -123.76769 41.89209 -123.77772 41.89036 -123.78872 41.88706 -123.79222 41.87846 -123.81823 41.88131 -123.82828 41.86389 -123.83275 41.86459 -123.83897 41.86889 -123.84602 41.86731 -123.85271 41.86407 -123.85435 41.86023 -123.86028 41.85951 -123.86826 41.86144 -123.87825 41.85983 -123.88556 41.85568 -123.88715 41.85236 -123.89126 41.84525 -123.91302 41.84144 -123.91833 41.84365 -123.93327 41.83832 -123.94279 41.84618 -123.9655 41.84782 -123.97054</gml:posList></gml:LineString></georss:where></item><item><guid isPermaLink="false">5f9c7cc9-760d-4ad6-b12c-6ad2ee6cb119</guid><a10:author><a10:name>Simon Hope</a10:name></a10:author><title /><description /><pubDate>Tue, 01 May 2012 21:57:27 +1000</pubDate><a10:link href="http://www.mapbutcher.com/" /><a10:rights type="text">Copyright 2011</a10:rights><a10:content type="text"></a10:content><a10:contributor><a10:name>mapbutcher@mapbutcher.com</a10:name></a10:contributor><georss:where><gml:LineString><gml:posList>41.8293 -120.13492 41.8334 -120.13372 41.84065 -120.13625 41.84516 -120.14307 41.84785 -120.14803 41.85328 -120.15301 41.85826 -120.15614 41.8655 -120.16113 41.87273 -120.16737 41.87677 -120.17664 41.88174 -120.18224 41.89531 -120.19039 41.89943 -120.18611 41.90216 -120.18306 41.90807 -120.18311 41.9135 -120.18625 41.91712 -120.18876 41.92074 -120.19064 41.92574 -120.19007 41.93389 -120.19509 41.94117 -120.1927 41.94662 -120.19213 41.94842 -120.19524 41.94373 -120.22295</gml:posList></gml:LineString></georss:where></item><item><guid isPermaLink="false">d50dd212-a3ef-495b-9942-366a54d1048f</guid><a10:author><a10:name>Simon Hope</a10:name></a10:author><title /><description /><pubDate>Tue, 01 May 2012 21:57:27 +1000</pubDate><a10:link href="http://www.mapbutcher.com/" /><a10:rights type="text">Copyright 2011</a10:rights><a10:content type="text"></a10:content><a10:contributor><a10:name>mapbutcher@mapbutcher.com</a10:name></a10:contributor><georss:where><gml:LineString><gml:posList>41.93114 -122.42871 41.92567 -122.42972 41.92664 -122.44704 41.91613 -122.44968 41.91309 -122.46313 41.90261 -122.46454 41.90282 -122.47504 41.89585 -122.48214 41.89151 -122.49306 41.89561 -122.51174 41.88419 -122.55319 41.87274 -122.55701 41.8433 -122.57236 41.82983 -122.58472 41.8262 -122.60367</gml:posList></gml:LineString></georss:where></item><item><guid isPermaLink="false">3bde1f5e-2314-4db3-8489-3bbe1222b3ad</guid><a10:author><a10:name>Simon Hope</a10:name></a10:author><title /><description /><pubDate>Tue, 01 May 2012 21:57:27 +1000</pubDate><a10:link href="http://www.mapbutcher.com/" /><a10:rights type="text">Copyright 2011</a10:rights><a10:content type="text"></a10:content><a10:contributor><a10:name>mapbutcher@mapbutcher.com</a10:name></a10:contributor><georss:where><gml:LineString><gml:posList>41.84782 -123.97054 41.84864 -123.97306 41.84919 -123.98359 41.84793 -123.99338 41.84405 -124.00053 41.84519 -124.00677 41.84234 -124.01029 41.83953 -124.01257 41.83837 -124.0199 41.83549 -124.02403 41.83606 -124.03394 41.83379 -124.03379 41.83036 -124.02802 41.82673 -124.02779 41.82306 -124.02878 41.81697 -124.03394 41.80794 -124.04507 41.80593 -124.05048 41.80133 -124.05203 41.79522 -124.0578</gml:posList></gml:LineString></georss:where></item><item><guid isPermaLink="false">d6e445c9-fac6-4f30-83ca-80c015b543e8</guid><a10:author><a10:name>Simon Hope</a10:name></a10:author><title /><description /><pubDate>Tue, 01 May 2012 21:57:27 +1000</pubDate><a10:link href="http://www.mapbutcher.com/" /><a10:rights type="text">Copyright 2011</a10:rights><a10:content type="text"></a10:content><a10:contributor><a10:name>mapbutcher@mapbutcher.com</a10:name></a10:contributor><georss:where><gml:LineString><gml:posList>41.8262 -122.60367 41.83002 -122.61493 41.83082 -122.61928 41.83117 -122.6236 41.82425 -122.64672 41.82493 -122.65599 41.83373 -122.66749 41.83993 -122.67393 41.84385 -122.68089 41.84996 -122.69103 41.85138 -122.70713 41.86169 -122.71254 41.85975 -122.71738 41.85952 -122.72662 41.85844 -122.73335 41.86225 -122.74463 41.85484 -122.75045 41.85175 -122.76449 41.85243 -122.77377 41.85584 -122.78256 41.85926 -122.79073 41.86227 -122.79766 41.86242 -122.80939 41.86589 -122.81571 41.8547 -122.8269 41.84448 -122.83566 41.83536 -122.83707 41.83296 -122.84189 41.82785 -122.84596 41.82903 -122.85342 41.8329 -122.86162 41.83441 -122.8734 41.83833 -122.87975 41.84075 -122.89159 41.84002 -122.90202 41.84256 -122.90894 41.83672 -122.92345 41.8345 -122.93874 41.8297 -122.94837 41.82623 -122.9593 41.8193 -122.96326 41.81821 -122.97 41.81937 -122.97746 41.82339 -122.98012 41.82454 -122.98819 41.82617 -122.99505 41.82409 -123.00481 41.82029 -123.01078 41.821 -123.01821 41.81147 -123.01773 41.80175 -123.02402 41.79083 -123.02471 41.78878 -123.03323</gml:posList></gml:LineString></georss:where></item><item><guid isPermaLink="false">266c7290-134a-4a22-a612-ab5e2149c96d</guid><a10:author><a10:name>Simon Hope</a10:name></a10:author><title /><description /><pubDate>Tue, 01 May 2012 21:57:27 +1000</pubDate><a10:link href="http://www.mapbutcher.com/" /><a10:rights type="text">Copyright 2011</a10:rights><a10:content type="text"></a10:content><a10:contributor><a10:name>mapbutcher@mapbutcher.com</a10:name></a10:contributor><georss:where><gml:LineString><gml:posList>41.78705 -123.37755 41.79383 -123.37854 41.8031 -123.38768 41.81864 -123.38485 41.83459 -123.38326 41.84317 -123.38497 41.85207 -123.39101 41.85535 -123.40292 41.86526 -123.40594 41.86923 -123.40986 41.87044 -123.41486 41.87252 -123.42115 41.87698 -123.42387 41.87999 -123.42959 41.88262 -123.43282 41.8853 -123.4342 41.89026 -123.43572 41.89962 -123.4418 41.90498 -123.44457 41.90797 -123.45091 41.90964 -123.45594 41.91428 -123.46732 41.92419 -123.47034 41.92907 -123.47433 41.93491 -123.47651 41.94256 -123.47881 41.96443 -123.49179 41.9795 -123.50439 41.98078 -123.50694 41.98341 -123.51018</gml:posList></gml:LineString></georss:where></item><item><guid isPermaLink="false">19875256-b042-4f86-9484-b183d6a118da</guid><a10:author><a10:name>Simon Hope</a10:name></a10:author><title /><description /><pubDate>Tue, 01 May 2012 21:57:27 +1000</pubDate><a10:link href="http://www.mapbutcher.com/" /><a10:rights type="text">Copyright 2011</a10:rights><a10:content type="text"></a10:content><a10:contributor><a10:name>mapbutcher@mapbutcher.com</a10:name></a10:contributor><georss:where><gml:LineString><gml:posList>41.92822 -124.20235 41.92736 -124.20221 41.92144 -124.20127 41.91523 -124.19715 41.91314 -124.19207 41.91322 -124.17725 41.91084 -124.16784 41.90696 -124.16202 41.89886 -124.15962 41.89094 -124.15231 41.88656 -124.14769 41.88071 -124.14607 41.87877 -124.13668 41.87584 -124.1297 41.86654 -124.12292 41.85472 -124.12275 41.84568 -124.12154 41.8354 -124.11654 41.82631 -124.11656 41.82009 -124.11245 41.81947 -124.10439 41.815 -124.10225 41.81457 -124.1016 41.81377 -124.09846 41.81274 -124.08915 41.81022 -124.08344 41.80384 -124.08363 41.80045 -124.08958 41.7927 -124.0903 41.78651 -124.0597 41.78655 -124.05847 41.79334 -124.05952 41.79522 -124.0578</gml:posList></gml:LineString></georss:where></item><item><guid isPermaLink="false">32a0f78b-af26-485a-bd82-e29a0699c2fa</guid><a10:author><a10:name>Simon Hope</a10:name></a10:author><title /><description /><pubDate>Tue, 01 May 2012 21:57:27 +1000</pubDate><a10:link href="http://www.mapbutcher.com/" /><a10:rights type="text">Copyright 2011</a10:rights><a10:content type="text"></a10:content><a10:contributor><a10:name>mapbutcher@mapbutcher.com</a10:name></a10:contributor><georss:where><gml:LineString><gml:posList>41.78705 -123.37755 41.78207 -123.39206 41.77708 -123.39178</gml:posList></gml:LineString></georss:where></item><item><guid isPermaLink="false">925deb7c-9a83-4c5a-922c-59b983ee7ce5</guid><a10:author><a10:name>Simon Hope</a10:name></a10:author><title /><description /><pubDate>Tue, 01 May 2012 21:57:27 +1000</pubDate><a10:link href="http://www.mapbutcher.com/" /><a10:rights type="text">Copyright 2011</a10:rights><a10:content type="text"></a10:content><a10:contributor><a10:name>mapbutcher@mapbutcher.com</a10:name></a10:contributor><georss:where><gml:LineString><gml:posList>41.78878 -123.03323 41.7823 -123.03783 41.78806 -123.04305 41.7882 -123.05415 41.78519 -123.06447 41.78314 -123.07298 41.79361 -123.08831 41.80685 -123.10254 41.8119 -123.11697 41.81474 -123.12884 41.82492 -123.13861 41.83126 -123.15559 41.83569 -123.17554 41.8341 -123.18348 41.82811 -123.18625 41.82617 -123.19046 41.82828 -123.19611 41.83535 -123.20327 41.83704 -123.20768 41.84047 -123.21464 41.84286 -123.22648 41.85344 -123.23753 41.85265 -123.24921 41.85933 -123.25388 41.85657 -123.27039 41.86325 -123.27506 41.86412 -123.29177 41.86387 -123.30039 41.86053 -123.30576 41.85003 -123.30766 41.83942 -123.29721 41.83536 -123.29637 41.82182 -123.29317 41.81476 -123.30142 41.81081 -123.3123 41.79948 -123.31107 41.79575 -123.31456 41.80184 -123.32352 41.79667 -123.32941 41.79105 -123.31985 41.79121 -123.31432 41.7851 -123.30598 41.78132 -123.3107 41.78248 -123.31754 41.78141 -123.32302 41.765 -123.33999 41.77056 -123.35139 41.77766 -123.34191 41.78505 -123.33801 41.79469 -123.35024 41.80147 -123.35123 41.80452 -123.35571 41.80562 -123.3644 41.79371 -123.36744 41.79045 -123.37035 41.78705 -123.37755</gml:posList></gml:LineString></georss:where></item><item><guid isPermaLink="false">dcaac13a-749b-4269-ad64-e36405945e38</guid><a10:author><a10:name>Simon Hope</a10:name></a10:author><title /><description /><pubDate>Tue, 01 May 2012 21:57:27 +1000</pubDate><a10:link href="http://www.mapbutcher.com/" /><a10:rights type="text">Copyright 2011</a10:rights><a10:content type="text"></a10:content><a10:contributor><a10:name>mapbutcher@mapbutcher.com</a10:name></a10:contributor><georss:where><gml:LineString><gml:posList>41.91494 -120.62789 41.9082 -120.61915 41.90049 -120.61779 41.89147 -120.61086 41.88692 -120.6114 41.8829 -120.60455 41.86874 -120.61358 41.86136 -120.6264 41.85861 -120.63007 41.86217 -120.63752 41.85563 -120.65836 41.85556 -120.66637 41.85368 -120.67374 41.85404 -120.68422 41.85761 -120.69044 41.86028 -120.69666 41.85422 -120.71319 41.85144 -120.7193 41.85049 -120.7236 41.84814 -120.73157 41.844 -120.73766 41.84122 -120.74377 41.83618 -120.74799 41.82519 -120.75765 41.8229 -120.76008 41.81827 -120.76862 41.8141 -120.77717 41.81219 -120.78575 41.80985 -120.79372 41.80299 -120.7979 41.79168 -120.794 41.78625 -120.79205 41.78258 -120.79629 41.77662 -120.80234 41.77295 -120.80534 41.76654 -120.81077 41.76147 -120.81867 41.7631 -120.83655 41.75358 -120.83453 41.74679 -120.83316 41.74179 -120.83307 41.73629 -120.83788 41.73167 -120.84641 41.73066 -120.85623 41.72647 -120.86538</gml:posList></gml:LineString></georss:where></item><item><guid isPermaLink="false">316ec921-f3e7-489f-b00f-ba50530c6877</guid><a10:author><a10:name>Simon Hope</a10:name></a10:author><title /><description /><pubDate>Tue, 01 May 2012 21:57:27 +1000</pubDate><a10:link href="http://www.mapbutcher.com/" /><a10:rights type="text">Copyright 2011</a10:rights><a10:content type="text"></a10:content><a10:contributor><a10:name>mapbutcher@mapbutcher.com</a10:name></a10:contributor><georss:where><gml:LineString><gml:posList>41.72647 -120.86538 41.72775 -120.87279 41.72993 -120.88083 41.73301 -120.89073 41.73476 -120.89693 41.74199 -120.90015 41.74642 -120.91008 41.74186 -120.91183 41.74078 -120.92781 41.7475 -120.93533 41.75708 -120.93183 41.75973 -120.93804 41.76147 -120.94485 41.7664 -120.95049 41.77412 -120.95126 41.77951 -120.95568 41.78305 -120.96438 41.78801 -120.96756 41.79569 -120.9708 41.79929 -120.97334 41.80424 -120.97775 41.81008 -120.9828 41.81458 -120.9866 41.8191 -120.98853 41.82404 -120.99357 41.82993 -120.99431 41.8331 -120.99561 41.83763 -120.99632 41.84211 -121.00135 41.84433 -121.0051 41.84843 -121.00395 41.85074 -121.00092 41.85396 -120.99729 41.85902 -120.99247 41.86628 -120.99262 41.87394 -120.99772 41.88071 -121.00095 41.89664 -120.99759 41.90424 -121.00823</gml:posList></gml:LineString></georss:where></item><item><guid isPermaLink="false">7ae00c45-6512-4ca5-8cd2-b45923adbcad</guid><a10:author><a10:name>Simon Hope</a10:name></a10:author><title /><description /><pubDate>Tue, 01 May 2012 21:57:27 +1000</pubDate><a10:link href="http://www.mapbutcher.com/" /><a10:rights type="text">Copyright 2011</a10:rights><a10:content type="text"></a10:content><a10:contributor><a10:name>mapbutcher@mapbutcher.com</a10:name></a10:contributor><georss:where><gml:LineString><gml:posList>41.72279 -120.26927 41.74648 -120.25538 41.75283 -120.25668 41.77043 -120.2741 41.77812 -120.27911 41.789 -120.28046 41.79626 -120.28239 41.80489 -120.28187 41.81256 -120.28873 41.82071 -120.29314 41.82793 -120.30061 41.83335 -120.30437 41.83652 -120.30687 41.84509 -120.3156 41.84827 -120.3144 41.85188 -120.31814 41.85637 -120.32682 41.86043 -120.33057 41.86587 -120.3331 41.87083 -120.33685 41.87989 -120.34066 41.88166 -120.34869 41.88663 -120.35122 41.89022 -120.35867 41.89016 -120.36791</gml:posList></gml:LineString></georss:where></item><item><guid isPermaLink="false">17c50a99-e50c-4ac1-9a61-d48220e68fa3</guid><a10:author><a10:name>Simon Hope</a10:name></a10:author><title /><description /><pubDate>Tue, 01 May 2012 21:57:27 +1000</pubDate><a10:link href="http://www.mapbutcher.com/" /><a10:rights type="text">Copyright 2011</a10:rights><a10:content type="text"></a10:content><a10:contributor><a10:name>mapbutcher@mapbutcher.com</a10:name></a10:contributor><georss:where><gml:LineString><gml:posList>41.77708 -123.39178 41.76722 -123.40232 41.76149 -123.39646 41.75167 -123.39037 41.74421 -123.39674 41.73714 -123.40496 41.72428 -123.42455 41.72623 -123.43513 41.71555 -123.44254 41.70595 -123.44446</gml:posList></gml:LineString></georss:where></item><item><guid isPermaLink="false">b898abde-6d62-4270-bc75-77758d778f51</guid><a10:author><a10:name>Simon Hope</a10:name></a10:author><title /><description /><pubDate>Tue, 01 May 2012 21:57:27 +1000</pubDate><a10:link href="http://www.mapbutcher.com/" /><a10:rights type="text">Copyright 2011</a10:rights><a10:content type="text"></a10:content><a10:contributor><a10:name>mapbutcher@mapbutcher.com</a10:name></a10:contributor><georss:where><gml:LineString><gml:posList>41.70595 -123.44446 41.70321 -123.45969 41.71081 -123.46381 41.71167 -123.47986 41.71572 -123.49609 41.71618 -123.51028 41.72106 -123.51425 41.72444 -123.52245 41.7291 -123.53318 41.73512 -123.54401 41.73254 -123.5537 41.73012 -123.55849 41.73048 -123.56159 41.72936 -123.5683 41.72905 -123.57813 41.72878 -123.58673 41.72767 -123.59283 41.72887 -123.59782 41.73339 -123.5987 41.74142 -123.60348 41.73996 -123.62064 41.74241 -123.6294 41.74637 -123.63333 41.7513 -123.63547 41.75804 -123.63771 41.76074 -123.63849 41.76357 -123.63557 41.77238 -123.62994 41.77837 -123.62721 41.78334 -123.62812 41.79376 -123.62935 41.80528 -123.63866 41.81046 -123.64697 41.8176 -123.65109 41.82577 -123.65158 41.83081 -123.65003 41.84529 -123.65212 41.84734 -123.64484 41.85186 -123.64573 41.85381 -123.64153 41.85801 -123.63807 41.85987 -123.63695 41.86393 -123.6378 41.86851 -123.63684 41.87553 -123.63047 41.8773 -123.61761</gml:posList></gml:LineString></georss:where></item><item><guid isPermaLink="false">fb42802e-6542-4ca0-8140-27099f154037</guid><a10:author><a10:name>Simon Hope</a10:name></a10:author><title /><description /><pubDate>Tue, 01 May 2012 21:57:27 +1000</pubDate><a10:link href="http://www.mapbutcher.com/" /><a10:rights type="text">Copyright 2011</a10:rights><a10:content type="text"></a10:content><a10:contributor><a10:name>mapbutcher@mapbutcher.com</a10:name></a10:contributor><georss:where><gml:LineString><gml:posList>41.69709 -122.53152 41.7012 -122.5114 41.70401 -122.50783 41.71185 -122.50262 41.71401 -122.48795 41.71526 -122.47323 41.71546 -122.46462 41.70676 -122.44765 41.70052 -122.42278 41.70172 -122.40991 41.70383 -122.39708 41.70861 -122.3862 41.71744 -122.37733 41.72211 -122.37138 41.72654 -122.35617 41.73447 -122.34665 41.73705 -122.3326 41.7421 -122.33034 41.74644 -122.31882 41.751 -122.31777 41.75017 -122.29373 41.75056 -122.27589 41.75707 -122.26877 41.75623 -122.2441 41.76096 -122.23566 41.75939 -122.22391 41.76183 -122.216 41.76202 -122.20677 41.76356 -122.19821 41.76547 -122.19398 41.77453 -122.19494 41.77911 -122.19327 41.79033 -122.19986 41.79377 -122.20861</gml:posList></gml:LineString></georss:where></item><item><guid isPermaLink="false">361b019c-ab38-4f2f-bf11-c52cf09cc228</guid><a10:author><a10:name>Simon Hope</a10:name></a10:author><title /><description /><pubDate>Tue, 01 May 2012 21:57:27 +1000</pubDate><a10:link href="http://www.mapbutcher.com/" /><a10:rights type="text">Copyright 2011</a10:rights><a10:content type="text"></a10:content><a10:contributor><a10:name>mapbutcher@mapbutcher.com</a10:name></a10:contributor><georss:where><gml:LineString><gml:posList>41.69709 -122.53152 41.7011 -122.53539 41.70953 -122.54375 41.71397 -122.54763 41.7148 -122.55136 41.7174 -122.5564 41.71963 -122.55833 41.72276 -122.56032 41.72557 -122.55675 41.7358 -122.56581 41.74022 -122.57093 41.74909 -122.57994 41.75812 -122.58218 41.76315 -122.58056 41.76579 -122.58437 41.7692 -122.59375 41.77599 -122.59467 41.79143 -122.61383 41.80001 -122.59696 41.80466 -122.61134 41.80758 -122.60345 41.80953 -122.598 41.80238 -122.59275 41.80518 -122.5898 41.81026 -122.58633 41.81436 -122.58589 41.81663 -122.58599 41.82114 -122.58742 41.82156 -122.58867 41.8195 -122.59905 41.8262 -122.60367</gml:posList></gml:LineString></georss:where></item><item><guid isPermaLink="false">3431cc72-2c6f-4633-bb7e-e6a1a6f622b3</guid><a10:author><a10:name>Simon Hope</a10:name></a10:author><title /><description /><pubDate>Tue, 01 May 2012 21:57:27 +1000</pubDate><a10:link href="http://www.mapbutcher.com/" /><a10:rights type="text">Copyright 2011</a10:rights><a10:content type="text"></a10:content><a10:contributor><a10:name>mapbutcher@mapbutcher.com</a10:name></a10:contributor><georss:where><gml:LineString><gml:posList>41.66414 -122.50365 41.66719 -122.50932 41.67175 -122.50829 41.67982 -122.51294 41.68065 -122.51605 41.68398 -122.52911 41.69123 -122.53004 41.69709 -122.53152</gml:posList></gml:LineString></georss:where></item><item><guid isPermaLink="false">8f62ee04-52a2-482d-a289-05ffba2f3f8b</guid><a10:author><a10:name>Simon Hope</a10:name></a10:author><title /><description /><pubDate>Tue, 01 May 2012 21:57:27 +1000</pubDate><a10:link href="http://www.mapbutcher.com/" /><a10:rights type="text">Copyright 2011</a10:rights><a10:content type="text"></a10:content><a10:contributor><a10:name>mapbutcher@mapbutcher.com</a10:name></a10:contributor><georss:where><gml:LineString><gml:posList>41.65034 -120.66603 41.65584 -120.66059 41.66219 -120.6607 41.66496 -120.65644 41.66869 -120.64483 41.67598 -120.64187 41.68139 -120.64626 41.69821 -120.64408 41.70363 -120.64724 41.71362 -120.64679 41.71768 -120.64993 41.72633 -120.647 41.73216 -120.65509 41.73904 -120.6472</gml:posList></gml:LineString></georss:where></item><item><guid isPermaLink="false">16cc8961-7dd9-40da-b064-74887defbfb7</guid><a10:author><a10:name>Simon Hope</a10:name></a10:author><title /><description /><pubDate>Tue, 01 May 2012 21:57:27 +1000</pubDate><a10:link href="http://www.mapbutcher.com/" /><a10:rights type="text">Copyright 2011</a10:rights><a10:content type="text"></a10:content><a10:contributor><a10:name>mapbutcher@mapbutcher.com</a10:name></a10:contributor><georss:where><gml:LineString><gml:posList>41.79348 -123.70822 41.78831 -123.71346 41.78633 -123.71827 41.78022 -123.72468 41.77003 -123.73022 41.76764 -123.73377 41.75325 -123.72921 41.74439 -123.73606 41.72067 -123.73895 41.7135 -123.74959 41.69693 -123.75597 41.68881 -123.76778 41.67556 -123.77006 41.66583 -123.77561 41.6572 -123.78924 41.65167 -123.80489 41.64269 -123.81541 41.65021 -123.82141 41.65015 -123.82325 41.65112 -123.835 41.65138 -123.84055 41.64833 -123.8502 41.64839 -123.86189 41.65332 -123.86404 41.66026 -123.8737 41.67535 -123.87095 41.68241 -123.87692 41.68332 -123.89052 41.67748 -123.90185 41.67893 -123.9124 41.68248 -123.91508 41.68428 -123.92873 41.69553 -123.93191 41.70478 -123.94049 41.70931 -123.94078 41.71465 -123.9442 41.7256 -123.95598 41.72528 -123.96519 41.72347 -123.978 41.73341 -123.97987 41.74548 -123.98557 41.74533 -123.98988 41.75324 -123.99777 41.75982 -124.00436 41.76231 -123.99835 41.7682 -123.99873 41.76701 -124.00667 41.77123 -124.01619 41.77812 -124.01417 41.78023 -124.01862 41.78997 -124.02602 41.792 -124.03294 41.79418 -124.03555 41.79632 -124.05232 41.79522 -124.0578</gml:posList></gml:LineString></georss:where></item><item><guid isPermaLink="false">b2844930-e74c-4160-ae0d-aa19a5e1ed9c</guid><a10:author><a10:name>Simon Hope</a10:name></a10:author><title /><description /><pubDate>Tue, 01 May 2012 21:57:27 +1000</pubDate><a10:link href="http://www.mapbutcher.com/" /><a10:rights type="text">Copyright 2011</a10:rights><a10:content type="text"></a10:content><a10:contributor><a10:name>mapbutcher@mapbutcher.com</a10:name></a10:contributor><georss:where><gml:LineString><gml:posList>41.70292 -120.45599 41.69695 -120.46452 41.68929 -120.45765 41.67799 -120.45012 41.66941 -120.44386 41.65996 -120.43267 41.65047 -120.42763 41.64497 -120.43431 41.64002 -120.42872 41.63777 -120.42561 41.63237 -120.4194</gml:posList></gml:LineString></georss:where></item><item><guid isPermaLink="false">e99e63dc-9470-440b-b8f8-88de87692b14</guid><a10:author><a10:name>Simon Hope</a10:name></a10:author><title /><description /><pubDate>Tue, 01 May 2012 21:57:27 +1000</pubDate><a10:link href="http://www.mapbutcher.com/" /><a10:rights type="text">Copyright 2011</a10:rights><a10:content type="text"></a10:content><a10:contributor><a10:name>mapbutcher@mapbutcher.com</a10:name></a10:contributor><georss:where><gml:LineString><gml:posList>41.60437 -122.86297 41.60876 -122.86871 41.61279 -122.88795 41.61295 -122.89902 41.61781 -122.90417 41.6209 -122.90801 41.62564 -122.91746 41.62734 -122.92184 41.62661 -122.93226 41.62502 -122.94078 41.62399 -122.94504 41.62547 -122.95802 41.63079 -122.96258 41.6329 -122.96883 41.63538 -122.97755 41.63154 -122.98536 41.63895 -122.99679 41.63512 -123.02058 41.64204 -123.03323 41.64177 -123.04305 41.63888 -123.04905 41.63553 -123.05502 41.63666 -123.06369 41.62975 -123.08362 41.63257 -123.09606 41.63003 -123.10577 41.63438 -123.11275 41.64289 -123.11687 41.64755 -123.11282 41.66029 -123.11224 41.66723 -123.10767 41.67058 -123.1017 41.67873 -123.10273 41.68186 -123.08813 41.68621 -123.07851 41.68728 -123.07303 41.69024 -123.06456 41.69086 -123.05844 41.69977 -123.03182 41.70397 -123.02773 41.70695 -123.01865 41.71291 -123.01649 41.71973 -123.01621 41.72029 -123.01254 41.72728 -123.00612 41.73694 -123.00168 41.74492 -123.00886 41.74813 -123.00778 41.76146 -123.01892 41.77159 -123.03052 41.77229 -123.03794 41.78016 -123.0328 41.78878 -123.03323</gml:posList></gml:LineString></georss:where></item><item><guid isPermaLink="false">b674d368-d472-4ec9-b03f-cbf32beaef11</guid><a10:author><a10:name>Simon Hope</a10:name></a10:author><title /><description /><pubDate>Tue, 01 May 2012 21:57:27 +1000</pubDate><a10:link href="http://www.mapbutcher.com/" /><a10:rights type="text">Copyright 2011</a10:rights><a10:content type="text"></a10:content><a10:contributor><a10:name>mapbutcher@mapbutcher.com</a10:name></a10:contributor><georss:where><gml:LineString><gml:posList>41.59098 -122.85373 41.59639 -122.85522 41.59984 -122.86214 41.60391 -122.86295 41.60437 -122.86297</gml:posList></gml:LineString></georss:where></item><item><guid isPermaLink="false">c7753937-021a-4f5a-ac9b-85ee80b8c635</guid><a10:author><a10:name>Simon Hope</a10:name></a10:author><title /><description /><pubDate>Tue, 01 May 2012 21:57:27 +1000</pubDate><a10:link href="http://www.mapbutcher.com/" /><a10:rights type="text">Copyright 2011</a10:rights><a10:content type="text"></a10:content><a10:contributor><a10:name>mapbutcher@mapbutcher.com</a10:name></a10:contributor><georss:where><gml:LineString><gml:posList>41.57776 -123.21857 41.59742 -123.22944 41.59893 -123.25594 41.60532 -123.27042 41.60606 -123.27599 41.61216 -123.28492 41.62112 -123.28909 41.62464 -123.29297 41.6287 -123.2938 41.63756 -123.30166 41.64362 -123.31183 41.65835 -123.32063 41.65995 -123.32809 41.66562 -123.33578 41.67119 -123.34716 41.67525 -123.34799 41.68412 -123.35525 41.6959 -123.35651 41.7 -123.35612 41.70379 -123.35079 41.70733 -123.35406 41.71811 -123.35835 41.71883 -123.36454 41.72781 -123.36812 41.73022 -123.36333 41.73587 -123.35686 41.73772 -123.35574 41.74362 -123.35606 41.74854 -123.3588 41.75389 -123.36217 41.76278 -123.36881 41.77108 -123.37975 41.77454 -123.38548 41.77662 -123.39175 41.77708 -123.39178</gml:posList></gml:LineString></georss:where></item><item><guid isPermaLink="false">df5972d8-513a-47a5-8738-a3101f8453e6</guid><a10:author><a10:name>Simon Hope</a10:name></a10:author><title /><description /><pubDate>Tue, 01 May 2012 21:57:27 +1000</pubDate><a10:link href="http://www.mapbutcher.com/" /><a10:rights type="text">Copyright 2011</a10:rights><a10:content type="text"></a10:content><a10:contributor><a10:name>mapbutcher@mapbutcher.com</a10:name></a10:contributor><georss:where><gml:LineString><gml:posList>41.57632 -122.43235 41.58175 -122.43319 41.58983 -122.43722 41.59361 -122.45088 41.59849 -122.45538 41.6017 -122.45429 41.60661 -122.45818 41.60505 -122.46672 41.60665 -122.47601 41.61459 -122.48617 41.62289 -122.48038 41.62657 -122.47869 41.63018 -122.47946 41.63146 -122.4832 41.63048 -122.48623 41.63343 -122.49619 41.6465 -122.50043 41.6555 -122.5039 41.65745 -122.49844 41.66065 -122.49735 41.66243 -122.49928 41.66414 -122.50365</gml:posList></gml:LineString></georss:where></item><item><guid isPermaLink="false">169da6fb-ecd9-439c-808d-730755c5bac9</guid><a10:author><a10:name>Simon Hope</a10:name></a10:author><title /><description /><pubDate>Tue, 01 May 2012 21:57:27 +1000</pubDate><a10:link href="http://www.mapbutcher.com/" /><a10:rights type="text">Copyright 2011</a10:rights><a10:content type="text"></a10:content><a10:contributor><a10:name>mapbutcher@mapbutcher.com</a10:name></a10:contributor><georss:where><gml:LineString><gml:posList>41.57621 -120.6292 41.59175 -120.61779</gml:posList></gml:LineString></georss:where></item><item><guid isPermaLink="false">991ba234-48d0-49f5-8852-6dcd419eb8f2</guid><a10:author><a10:name>Simon Hope</a10:name></a10:author><title /><description /><pubDate>Tue, 01 May 2012 21:57:27 +1000</pubDate><a10:link href="http://www.mapbutcher.com/" /><a10:rights type="text">Copyright 2011</a10:rights><a10:content type="text"></a10:content><a10:contributor><a10:name>mapbutcher@mapbutcher.com</a10:name></a10:contributor><georss:where><gml:LineString><gml:posList>41.54073 -122.37931 41.54527 -122.37949 41.54746 -122.38327 41.54647 -122.38691 41.54367 -122.38986 41.54488 -122.39667 41.54938 -122.3987 41.55828 -122.40643 41.5612 -122.41821 41.56461 -122.42818 41.57632 -122.43235</gml:posList></gml:LineString></georss:where></item><item><guid isPermaLink="false">4bd1f978-3842-4ad4-98f2-31fd6dc4b180</guid><a10:author><a10:name>Simon Hope</a10:name></a10:author><title /><description /><pubDate>Tue, 01 May 2012 21:57:27 +1000</pubDate><a10:link href="http://www.mapbutcher.com/" /><a10:rights type="text">Copyright 2011</a10:rights><a10:content type="text"></a10:content><a10:contributor><a10:name>mapbutcher@mapbutcher.com</a10:name></a10:contributor><georss:where><gml:LineString><gml:posList>41.5066 -123.08533 41.50953 -123.07811 41.50938 -123.06705 41.50726 -123.06142 41.50342 -123.05264 41.49924 -123.03955 41.49764 -123.03149 41.49833 -123.02293 41.50171 -123.01574 41.50641 -123.00983 41.51206 -123.00275 41.51572 -123.00171 41.51778 -122.99261 41.51897 -122.98223 41.52436 -122.96777 41.52637 -122.9605 41.53027 -122.95087 41.53464 -122.94004 41.53669 -122.93155 41.5369 -122.92358 41.53806 -122.91443 41.54108 -122.90292 41.54447 -122.8951 41.54654 -122.88599 41.54953 -122.87569 41.5524 -122.87031 41.55926 -122.86818 41.5648 -122.86476 41.57214 -122.86205 41.5777 -122.85801 41.58047 -122.85629 41.58232 -122.85516 41.59098 -122.85373</gml:posList></gml:LineString></georss:where></item><item><guid isPermaLink="false">13c628dc-97b8-4408-b7a9-098893aa9d42</guid><a10:author><a10:name>Simon Hope</a10:name></a10:author><title /><description /><pubDate>Tue, 01 May 2012 21:57:27 +1000</pubDate><a10:link href="http://www.mapbutcher.com/" /><a10:rights type="text">Copyright 2011</a10:rights><a10:content type="text"></a10:content><a10:contributor><a10:name>mapbutcher@mapbutcher.com</a10:name></a10:contributor><georss:where><gml:LineString><gml:posList>41.49105 -120.60944 41.50075 -120.58998 41.50669 -120.58578 41.5108 -120.58339 41.5154 -120.57549 41.51915 -120.56144 41.5255 -120.56153 41.53597 -120.55801 41.54086 -120.57035 41.55578 -120.57733 41.55618 -120.5847 41.56744 -120.59408 41.56826 -120.60452 41.57227 -120.61379 41.57632 -120.61755 41.574 -120.62303 41.57442 -120.62672 41.57621 -120.6292</gml:posList></gml:LineString></georss:where></item><item><guid isPermaLink="false">4015f6b1-f3ae-4d6e-9276-f18e9b9b6caf</guid><a10:author><a10:name>Simon Hope</a10:name></a10:author><title /><description /><pubDate>Tue, 01 May 2012 21:57:27 +1000</pubDate><a10:link href="http://www.mapbutcher.com/" /><a10:rights type="text">Copyright 2011</a10:rights><a10:content type="text"></a10:content><a10:contributor><a10:name>mapbutcher@mapbutcher.com</a10:name></a10:contributor><georss:where><gml:LineString><gml:posList>41.47435 -122.57834 41.48088 -122.57127 41.49051 -122.54838 41.49678 -122.5327 41.50846 -122.51909 41.52425 -122.52345 41.53588 -122.51167 41.54094 -122.50883 41.55222 -122.51176 41.56282 -122.50546 41.58109 -122.50072 41.60046 -122.50768 41.6122 -122.51064 41.61578 -122.51265 41.62493 -122.50996 41.62819 -122.50642 41.63852 -122.51178 41.64368 -122.50462 41.64809 -122.51035 41.6594 -122.51206 41.66228 -122.50542 41.66414 -122.50365</gml:posList></gml:LineString></georss:where></item><item><guid isPermaLink="false">487efaed-a92d-484a-a111-e99bbd04e5bf</guid><a10:author><a10:name>Simon Hope</a10:name></a10:author><title /><description /><pubDate>Tue, 01 May 2012 21:57:27 +1000</pubDate><a10:link href="http://www.mapbutcher.com/" /><a10:rights type="text">Copyright 2011</a10:rights><a10:content type="text"></a10:content><a10:contributor><a10:name>mapbutcher@mapbutcher.com</a10:name></a10:contributor><georss:where><gml:LineString><gml:posList>41.47379 -122.71261 41.48262 -122.70443 41.48818 -122.69978 41.49693 -122.69527 41.50922 -122.69398 41.51559 -122.69366 41.52795 -122.68931 41.53441 -122.6853 41.54175 -122.68257 41.55077 -122.68481 41.55755 -122.68635 41.56518 -122.68977 41.5701 -122.69306 41.57319 -122.69627 41.57531 -122.70251 41.57876 -122.71004 41.58222 -122.71695 41.58385 -122.7244 41.59541 -122.73414 41.60078 -122.73746 41.60535 -122.73644 41.60778 -122.7298 41.61116 -122.72196 41.61671 -122.71792 41.62086 -122.71565 41.62447 -122.71643 41.6289 -122.72093 41.63012 -122.72652 41.63124 -122.7364 41.63271 -122.75001 41.62978 -122.75786 41.6273 -122.76635 41.6223 -122.78455 41.6234 -122.79443 41.624 -122.80676 41.62632 -122.82223 41.62669 -122.82532 41.62707 -122.82841 41.62424 -122.83258 41.62004 -122.83668 41.61401 -122.84131 41.61076 -122.84422 41.60927 -122.84908 41.60687 -122.85387 41.60446 -122.85929 41.60437 -122.86297</gml:posList></gml:LineString></georss:where></item><item><guid isPermaLink="false">adc6ebaa-0a4a-4948-85e4-276984d5b6d0</guid><a10:author><a10:name>Simon Hope</a10:name></a10:author><title /><description /><pubDate>Tue, 01 May 2012 21:57:27 +1000</pubDate><a10:link href="http://www.mapbutcher.com/" /><a10:rights type="text">Copyright 2011</a10:rights><a10:content type="text"></a10:content><a10:contributor><a10:name>mapbutcher@mapbutcher.com</a10:name></a10:contributor><georss:where><gml:LineString><gml:posList>41.63237 -120.4194 41.62963 -120.42059 41.62098 -120.42416 41.61462 -120.4247 41.60828 -120.42338 41.60143 -120.4282 41.59235 -120.42931 41.58868 -120.43479 41.58093 -120.4396 41.57774 -120.44017 41.56909 -120.44374 41.56545 -120.44553 41.54537 -120.45937 41.54216 -120.46301 41.53348 -120.47086 41.52662 -120.47752 41.51978 -120.48172 41.50747 -120.48829 41.49927 -120.49308 41.49514 -120.49854 41.4927 -120.51996 41.48628 -120.52845 41.48125 -120.53267 41.4784 -120.54856 41.47105 -120.55888</gml:posList></gml:LineString></georss:where></item><item><guid isPermaLink="false">f6abe399-e841-4443-a361-e8e108b1dd13</guid><a10:author><a10:name>Simon Hope</a10:name></a10:author><title /><description /><pubDate>Tue, 01 May 2012 21:57:27 +1000</pubDate><a10:link href="http://www.mapbutcher.com/" /><a10:rights type="text">Copyright 2011</a10:rights><a10:content type="text"></a10:content><a10:contributor><a10:name>mapbutcher@mapbutcher.com</a10:name></a10:contributor><georss:where><gml:LineString><gml:posList>41.47105 -120.55888 41.46777 -120.57108 41.47184 -120.57359 41.47498 -120.57732 41.47355 -120.58588 41.48801 -120.59346 41.49105 -120.60944</gml:posList></gml:LineString></georss:where></item><item><guid isPermaLink="false">176344f6-8ff0-4015-bb09-7811f669fabc</guid><a10:author><a10:name>Simon Hope</a10:name></a10:author><title /><description /><pubDate>Tue, 01 May 2012 21:57:27 +1000</pubDate><a10:link href="http://www.mapbutcher.com/" /><a10:rights type="text">Copyright 2011</a10:rights><a10:content type="text"></a10:content><a10:contributor><a10:name>mapbutcher@mapbutcher.com</a10:name></a10:contributor><georss:where><gml:LineString><gml:posList>41.43443 -120.54117 41.44351 -120.54131 41.44938 -120.54507 41.45166 -120.54327 41.45438 -120.54453 41.45885 -120.55195 41.47105 -120.55888</gml:posList></gml:LineString></georss:where></item><item><guid isPermaLink="false">46cf2a57-72ec-4627-ba3f-8e6845057791</guid><a10:author><a10:name>Simon Hope</a10:name></a10:author><title /><description /><pubDate>Tue, 01 May 2012 21:57:27 +1000</pubDate><a10:link href="http://www.mapbutcher.com/" /><a10:rights type="text">Copyright 2011</a10:rights><a10:content type="text"></a10:content><a10:contributor><a10:name>mapbutcher@mapbutcher.com</a10:name></a10:contributor><georss:where><gml:LineString><gml:posList>41.42244 -123.93188 41.42405 -123.92463 41.42652 -123.91866 41.43213 -123.9141 41.4377 -123.91077 41.44147 -123.90671 41.4448 -123.90263 41.44632 -123.89781 41.44468 -123.89281 41.44225 -123.88407 41.44071 -123.876 41.4421 -123.86198 41.44291 -123.85161 41.44505 -123.84193 41.4461 -123.8377 41.44767 -123.83167 41.45239 -123.82643 41.45707 -123.82243 41.46574 -123.82112 41.47407 -123.81673 41.47875 -123.81271 41.48066 -123.80976 41.48988 -123.79253 41.4934 -123.78232 41.49881 -123.76975 41.50172 -123.7644 41.50602 -123.75791 41.51154 -123.75579 41.51795 -123.75434 41.52533 -123.7511 41.52945 -123.75012 41.53275 -123.74664 41.53804 -123.73775 41.54043 -123.73421 41.54568 -123.72654 41.54947 -123.72186 41.55414 -123.71783 41.56156 -123.71336 41.57 -123.70527</gml:posList></gml:LineString></georss:where></item><item><guid isPermaLink="false">1c94fb58-b11a-4b73-b846-ebdb8b840092</guid><a10:author><a10:name>Simon Hope</a10:name></a10:author><title /><description /><pubDate>Tue, 01 May 2012 21:57:27 +1000</pubDate><a10:link href="http://www.mapbutcher.com/" /><a10:rights type="text">Copyright 2011</a10:rights><a10:content type="text"></a10:content><a10:contributor><a10:name>mapbutcher@mapbutcher.com</a10:name></a10:contributor><georss:where><gml:LineString><gml:posList>41.42244 -123.93188 41.42913 -123.93537 41.43703 -123.93035 41.44316 -123.93687 41.45359 -123.93752 41.45761 -123.93962 41.46051 -123.94778 41.46491 -123.95174 41.47322 -123.94797 41.47814 -123.95012 41.48249 -123.95592 41.4867 -123.96539 41.49296 -123.96824 41.50114 -123.96815 41.50933 -123.96805 41.5114 -123.97371 41.51028 -123.97977 41.50124 -123.99148 41.50677 -124.00227 41.51858 -124.0024 41.52069 -124.00684 41.52182 -124.01366 41.51826 -124.02449 41.51769 -124.04041 41.52385 -124.04634 41.53062 -124.05007 41.53142 -124.05051</gml:posList></gml:LineString></georss:where></item><item><guid isPermaLink="false">9981a5aa-4005-44c6-8c16-6178a32f90e7</guid><a10:author><a10:name>Simon Hope</a10:name></a10:author><title /><description /><pubDate>Tue, 01 May 2012 21:57:27 +1000</pubDate><a10:link href="http://www.mapbutcher.com/" /><a10:rights type="text">Copyright 2011</a10:rights><a10:content type="text"></a10:content><a10:contributor><a10:name>mapbutcher@mapbutcher.com</a10:name></a10:contributor><georss:where><gml:LineString><gml:posList>41.39872 -120.3343 41.40364 -120.34539 41.41224 -120.34917 41.41718 -120.3578 41.42206 -120.37439 41.42374 -120.39462 41.42685 -120.40385 41.42899 -120.42165 41.42663 -120.43447 41.44405 -120.47269 41.44569 -120.49538 41.44468 -120.50885 41.44822 -120.51993 41.44314 -120.53088 41.43539 -120.53506 41.43443 -120.54117</gml:posList></gml:LineString></georss:where></item><item><guid isPermaLink="false">64b01366-3f1d-44e8-9946-27b6f4f6f694</guid><a10:author><a10:name>Simon Hope</a10:name></a10:author><title /><description /><pubDate>Tue, 01 May 2012 21:57:27 +1000</pubDate><a10:link href="http://www.mapbutcher.com/" /><a10:rights type="text">Copyright 2011</a10:rights><a10:content type="text"></a10:content><a10:contributor><a10:name>mapbutcher@mapbutcher.com</a10:name></a10:contributor><georss:where><gml:LineString><gml:posList>41.70595 -123.44446 41.69057 -123.44236 41.67242 -123.42657 41.66579 -123.43543 41.6618 -123.4469 41.654 -123.44953 41.64962 -123.45912 41.64221 -123.46362 41.63096 -123.45992 41.6162 -123.46707 41.61457 -123.49033 41.61121 -123.49629 41.60658 -123.4991 41.60047 -123.50552 41.5998 -123.51224 41.5961 -123.51449 41.59221 -123.50812 41.57779 -123.51897 41.57811 -123.53742 41.56685 -123.53432 41.55928 -123.52959 41.54746 -123.53014 41.53874 -123.53271 41.53197 -123.53109 41.52052 -123.53411 41.50866 -123.53589 41.50293 -123.53004 41.49076 -123.52689 41.47702 -123.51628 41.46796 -123.51515 41.46865 -123.50784 41.46648 -123.50464 41.46153 -123.50314 41.46128 -123.51109 41.45635 -123.50897 41.45246 -123.50262 41.44762 -123.49743 41.44392 -123.49967 41.44458 -123.50769 41.44212 -123.51368 41.43634 -123.50967 41.41013 -123.5051 41.4055 -123.50791 41.38892 -123.50084 41.38699 -123.5044 41.38293 -123.50356</gml:posList></gml:LineString></georss:where></item><item><guid isPermaLink="false">878e5617-8b15-4976-a8c6-25aab1a1b895</guid><a10:author><a10:name>Simon Hope</a10:name></a10:author><title /><description /><pubDate>Tue, 01 May 2012 21:57:27 +1000</pubDate><a10:link href="http://www.mapbutcher.com/" /><a10:rights type="text">Copyright 2011</a10:rights><a10:content type="text"></a10:content><a10:contributor><a10:name>mapbutcher@mapbutcher.com</a10:name></a10:contributor><georss:where><gml:LineString><gml:posList>41.37627 -122.54037 41.38968 -122.52992 41.39979 -122.52485 41.405 -122.51588 41.41888 -122.50483 41.43269 -122.49684 41.43271 -122.47662 41.43519 -122.46754 41.44133 -122.45737 41.44878 -122.4491 41.45685 -122.45374 41.4636 -122.45647 41.47387 -122.46365 41.48095 -122.47192 41.48629 -122.47643 41.49411 -122.47247 41.49941 -122.4592 41.50557 -122.44781 41.51618 -122.44089 41.524 -122.4363 41.5281 -122.43586 41.53261 -122.43728 41.53336 -122.44406 41.5373 -122.45036 41.54371 -122.44818 41.55286 -122.44549 41.55963 -122.44701 41.56654 -122.44299 41.57117 -122.43889 41.57632 -122.43235</gml:posList></gml:LineString></georss:where></item><item><guid isPermaLink="false">8c0f3146-7897-4118-a529-22ab44e50e2c</guid><a10:author><a10:name>Simon Hope</a10:name></a10:author><title /><description /><pubDate>Tue, 01 May 2012 21:57:27 +1000</pubDate><a10:link href="http://www.mapbutcher.com/" /><a10:rights type="text">Copyright 2011</a10:rights><a10:content type="text"></a10:content><a10:contributor><a10:name>mapbutcher@mapbutcher.com</a10:name></a10:contributor><georss:where><gml:LineString><gml:posList>41.37447 -123.42467 41.38235 -123.4196 41.38977 -123.4145 41.40169 -123.41087 41.40612 -123.39948 41.41253 -123.39799 41.415 -123.39139 41.42715 -123.38041 41.43604 -123.3717 41.43817 -123.3614 41.43884 -123.35408 41.43955 -123.34554 41.44293 -123.33897 41.44509 -123.32745 41.44631 -123.31708 41.45396 -123.30401 41.46064 -123.29333 41.46528 -123.2899 41.47023 -123.27605 41.47386 -123.27625 41.47947 -123.2557 41.48552 -123.2505 41.48846 -123.24329 41.49642 -123.23513 41.4961 -123.21487 41.49892 -123.21133 41.50828 -123.202 41.51181 -123.18992 41.51823 -123.17184 41.51609 -123.15147 41.50885 -123.13453</gml:posList></gml:LineString></georss:where></item><item><guid isPermaLink="false">dcca7e55-0d34-4df9-8f22-727292a4fe15</guid><a10:author><a10:name>Simon Hope</a10:name></a10:author><title /><description /><pubDate>Tue, 01 May 2012 21:57:27 +1000</pubDate><a10:link href="http://www.mapbutcher.com/" /><a10:rights type="text">Copyright 2011</a10:rights><a10:content type="text"></a10:content><a10:contributor><a10:name>mapbutcher@mapbutcher.com</a10:name></a10:contributor><georss:where><gml:LineString><gml:posList>41.37447 -123.42467 41.37011 -123.43362 41.37351 -123.44116 41.36839 -123.44516 41.37085 -123.45387 41.37593 -123.4658 41.37432 -123.47367 41.37448 -123.48287 41.37836 -123.48982 41.38293 -123.50356</gml:posList></gml:LineString></georss:where></item><item><guid isPermaLink="false">864e19d8-21c7-4967-9133-10e1d92bf9c9</guid><a10:author><a10:name>Simon Hope</a10:name></a10:author><title /><description /><pubDate>Tue, 01 May 2012 21:57:27 +1000</pubDate><a10:link href="http://www.mapbutcher.com/" /><a10:rights type="text">Copyright 2011</a10:rights><a10:content type="text"></a10:content><a10:contributor><a10:name>mapbutcher@mapbutcher.com</a10:name></a10:contributor><georss:where><gml:LineString><gml:posList>41.35214 -120.23341 41.35846 -120.2402 41.36159 -120.24758 41.3638 -120.25679 41.36238 -120.26717 41.3587 -120.2757 41.36001 -120.28429 41.36317 -120.28738 41.3654 -120.29353 41.36396 -120.30636 41.37073 -120.31194 41.37159 -120.31869 41.38831 -120.3299 41.39872 -120.3343</gml:posList></gml:LineString></georss:where></item><item><guid isPermaLink="false">20e6090a-aad4-41b0-9c56-9f255bda7b1f</guid><a10:author><a10:name>Simon Hope</a10:name></a10:author><title /><description /><pubDate>Tue, 01 May 2012 21:57:27 +1000</pubDate><a10:link href="http://www.mapbutcher.com/" /><a10:rights type="text">Copyright 2011</a10:rights><a10:content type="text"></a10:content><a10:contributor><a10:name>mapbutcher@mapbutcher.com</a10:name></a10:contributor><georss:where><gml:LineString><gml:posList>41.36664 -120.38105 41.37522 -120.38667 41.37931 -120.38733 41.38338 -120.38921 41.38426 -120.39351 41.38377 -120.39779 41.38102 -120.40204 41.38052 -120.40877 41.37822 -120.41241 41.37683 -120.41729 41.37587 -120.42462 41.37535 -120.43318 41.37531 -120.43869 41.37571 -120.44604 41.36889 -120.44778 41.36609 -120.45815 41.35877 -120.466 41.35594 -120.48004 41.35909 -120.48376 41.36044 -120.48561 41.36132 -120.4893 41.35986 -120.50152 41.35983 -120.50519 41.35837 -120.51802 41.35558 -120.52593 41.34827 -120.53255 41.34637 -120.54293</gml:posList></gml:LineString></georss:where></item><item><guid isPermaLink="false">fefd18eb-d27d-4346-bbba-0a70acce3b76</guid><a10:author><a10:name>Simon Hope</a10:name></a10:author><title /><description /><pubDate>Tue, 01 May 2012 21:57:27 +1000</pubDate><a10:link href="http://www.mapbutcher.com/" /><a10:rights type="text">Copyright 2011</a10:rights><a10:content type="text"></a10:content><a10:contributor><a10:name>mapbutcher@mapbutcher.com</a10:name></a10:contributor><georss:where><gml:LineString><gml:posList>41.34637 -120.54293 41.35632 -120.54675 41.36133 -120.54437 41.36813 -120.5457 41.37084 -120.54697 41.37806 -120.55197 41.3826 -120.55265 41.3894 -120.55275 41.39806 -120.54859 41.40574 -120.5536 41.41533 -120.54579 41.41721 -120.53847 41.42358 -120.53611 41.42671 -120.54228 41.43443 -120.54117</gml:posList></gml:LineString></georss:where></item><item><guid isPermaLink="false">3c33064d-9107-408f-b6dd-f30a9a46c2da</guid><a10:author><a10:name>Simon Hope</a10:name></a10:author><title /><description /><pubDate>Tue, 01 May 2012 21:57:27 +1000</pubDate><a10:link href="http://www.mapbutcher.com/" /><a10:rights type="text">Copyright 2011</a10:rights><a10:content type="text"></a10:content><a10:contributor><a10:name>mapbutcher@mapbutcher.com</a10:name></a10:contributor><georss:where><gml:LineString><gml:posList>41.34187 -122.47768 41.35335 -122.47205 41.36084 -122.46257 41.36284 -122.45469 41.36537 -122.44317 41.36959 -122.43722 41.37508 -122.43562 41.38234 -122.43591 41.38731 -122.43674 41.39275 -122.43696 41.40363 -122.43803 41.40876 -122.43211 41.41379 -122.43049 41.43584 -122.43937 41.44414 -122.43359 41.45583 -122.43898 41.46358 -122.43746 41.47393 -122.44157 41.47762 -122.43928 41.48184 -122.43332 41.48911 -122.43301 41.49868 -122.43157 41.49963 -122.42976</gml:posList></gml:LineString></georss:where></item><item><guid isPermaLink="false">be63e0b3-0ce3-4d17-a44f-061ace43c2b7</guid><a10:author><a10:name>Simon Hope</a10:name></a10:author><title /><description /><pubDate>Tue, 01 May 2012 21:57:27 +1000</pubDate><a10:link href="http://www.mapbutcher.com/" /><a10:rights type="text">Copyright 2011</a10:rights><a10:content type="text"></a10:content><a10:contributor><a10:name>mapbutcher@mapbutcher.com</a10:name></a10:contributor><georss:where><gml:LineString><gml:posList>41.33107 -120.26745 41.33147 -120.2748 41.33822 -120.28465 41.33361 -120.29745 41.33306 -120.31212 41.32026 -120.32665 41.3175 -120.33212 41.31025 -120.33143 41.30882 -120.34058 41.32785 -120.3457 41.33363 -120.36351 41.33857 -120.37214 41.34716 -120.37592 41.35577 -120.37908 41.36664 -120.38105</gml:posList></gml:LineString></georss:where></item><item><guid isPermaLink="false">d3f5dd7a-98a4-4ad2-a0a7-c00917fa2ab8</guid><a10:author><a10:name>Simon Hope</a10:name></a10:author><title /><description /><pubDate>Tue, 01 May 2012 21:57:27 +1000</pubDate><a10:link href="http://www.mapbutcher.com/" /><a10:rights type="text">Copyright 2011</a10:rights><a10:content type="text"></a10:content><a10:contributor><a10:name>mapbutcher@mapbutcher.com</a10:name></a10:contributor><georss:where><gml:LineString><gml:posList>41.41901 -122.63229 41.41092 -122.62887 41.40579 -122.63416 41.40014 -122.64248 41.39787 -122.66075 41.38386 -122.67667 41.37584 -122.68855 41.37105 -122.69874 41.3681 -122.70779 41.3666 -122.71323 41.35596 -122.72071 41.34632 -122.72517 41.33912 -122.72239 41.3314 -122.72265 41.32684 -122.72305 41.32043 -122.7252 41.31401 -122.72797 41.31035 -122.72903 41.30916 -122.73998 41.30502 -122.74224 41.30342 -122.75134 41.30461 -122.75813 41.30998 -122.76144</gml:posList></gml:LineString></georss:where></item><item><guid isPermaLink="false">8952a53b-dc60-4519-bd27-c228a8ac56b3</guid><a10:author><a10:name>Simon Hope</a10:name></a10:author><title /><description /><pubDate>Tue, 01 May 2012 21:57:27 +1000</pubDate><a10:link href="http://www.mapbutcher.com/" /><a10:rights type="text">Copyright 2011</a10:rights><a10:content type="text"></a10:content><a10:contributor><a10:name>mapbutcher@mapbutcher.com</a10:name></a10:contributor><georss:where><gml:LineString><gml:posList>41.30998 -122.76144 41.30282 -122.77517 41.3021 -122.78554 41.30321 -122.79538 41.30622 -122.80164 41.31334 -122.80748 41.32402 -122.81594 41.33569 -122.82139 41.3401 -122.82649 41.34873 -122.82629 41.35514 -122.82414 41.37323 -122.82683 41.38723 -122.82994 41.39479 -122.83582 41.40162 -122.83553 41.4028 -122.84232 41.40862 -122.84566 41.41171 -122.84887 41.42035 -122.84867 41.42357 -122.84698 41.42908 -122.84479 41.44021 -122.85329 41.44009 -122.85757 41.44917 -122.85801 41.46255 -122.85006 41.46705 -122.8515 41.48164 -122.84913 41.49123 -122.84713 41.49519 -122.85223 41.50969 -122.85353 41.51702 -122.85081 41.527 -122.85129 41.53572 -122.84802 41.54003 -122.83964 41.54548 -122.83928 41.55133 -122.8414 41.55851 -122.84481 41.56752 -122.84769 41.57348 -122.84553 41.58034 -122.84401 41.58438 -122.84543 41.59098 -122.85373</gml:posList></gml:LineString></georss:where></item><item><guid isPermaLink="false">082e2cbb-b687-470f-9ed6-cab1a496cba1</guid><a10:author><a10:name>Simon Hope</a10:name></a10:author><title /><description /><pubDate>Tue, 01 May 2012 21:57:27 +1000</pubDate><a10:link href="http://www.mapbutcher.com/" /><a10:rights type="text">Copyright 2011</a10:rights><a10:content type="text"></a10:content><a10:contributor><a10:name>mapbutcher@mapbutcher.com</a10:name></a10:contributor><georss:where><gml:LineString><gml:posList>41.38293 -123.50356 41.3762 -123.50073 41.37273 -123.49563 41.36606 -123.49097 41.36077 -123.50047 41.35423 -123.50622 41.34964 -123.5078 41.34331 -123.50682 41.33598 -123.50886 41.33397 -123.51486 41.32682 -123.52547 41.31003 -123.52512 41.30721 -123.52802 41.30292 -123.53451 41.29823 -123.53914 41.2912 -123.54608 41.28868 -123.55389 41.28664 -123.56111 41.29151 -123.56506 41.29041 -123.57112 41.28492 -123.57202 41.28165 -123.5749 41.27886 -123.57718 41.27685 -123.58318 41.27297 -123.60499 41.26341 -123.60565 41.2616 -123.60555 41.25693 -123.60956</gml:posList></gml:LineString></georss:where></item><item><guid isPermaLink="false">be4add03-26af-4361-b628-62620d884c14</guid><a10:author><a10:name>Simon Hope</a10:name></a10:author><title /><description /><pubDate>Tue, 01 May 2012 21:57:27 +1000</pubDate><a10:link href="http://www.mapbutcher.com/" /><a10:rights type="text">Copyright 2011</a10:rights><a10:content type="text"></a10:content><a10:contributor><a10:name>mapbutcher@mapbutcher.com</a10:name></a10:contributor><georss:where><gml:LineString><gml:posList>41.40271 -122.14703 41.40287 -122.13908 41.39893 -122.13219 41.39953 -122.12486 41.39788 -122.11683 41.39878 -122.09482 41.40112 -122.09123 41.40396 -122.08582 41.40493 -122.08279 41.40462 -122.07543 41.40697 -122.07123 41.39942 -122.063 41.39814 -122.05866 41.39643 -122.0537 41.39428 -122.0475 41.39253 -122.04437 41.3903 -122.04245 41.38628 -122.03864 41.38225 -122.03604 41.38016 -122.02678 41.37982 -122.02126 41.3746 -122.00944 41.37106 -122.00503 41.36708 -121.99937 41.36043 -121.99119 41.34982 -121.97673 41.34675 -121.97112 41.34231 -121.96606 41.33875 -121.96227 41.33648 -121.96219 41.33286 -121.96146 41.3279 -121.96006 41.32153 -121.96044 41.31564 -121.96024 41.30984 -121.95453 41.30402 -121.95066 41.29284 -121.94171 41.28837 -121.93789 41.28023 -121.93638 41.27797 -121.93568 41.2766 -121.93625 41.27246 -121.93916 41.26526 -121.93586 41.25612 -121.93921</gml:posList></gml:LineString></georss:where></item><item><guid isPermaLink="false">2512cf1c-38ba-41cf-a62e-ec58fb203c1c</guid><a10:author><a10:name>Simon Hope</a10:name></a10:author><title /><description /><pubDate>Tue, 01 May 2012 21:57:27 +1000</pubDate><a10:link href="http://www.mapbutcher.com/" /><a10:rights type="text">Copyright 2011</a10:rights><a10:content type="text"></a10:content><a10:contributor><a10:name>mapbutcher@mapbutcher.com</a10:name></a10:contributor><georss:where><gml:LineString><gml:posList>41.42357 -123.19388 41.43162 -123.18266 41.43646 -123.15654 41.44477 -123.15145 41.44493 -123.14594 41.44371 -123.14098 41.43488 -123.13194 41.43368 -123.12636 41.43197 -123.12259 41.42939 -123.11755 41.42773 -123.11195 41.42101 -123.10854 41.40753 -123.10356 41.39901 -123.09946 41.38919 -123.09344 41.38474 -123.09015 41.37846 -123.08738 41.37171 -123.0852 41.36775 -123.08071 41.36101 -123.07792 41.35603 -123.07767 41.35106 -123.0768 41.34655 -123.07535 41.34067 -123.07444 41.33404 -123.06798 41.32968 -123.06164 41.31879 -123.06109 41.31334 -123.06142 41.31091 -123.06681 41.30491 -123.07018 41.30066 -123.07608 41.29646 -123.08015 41.29448 -123.08617 41.29008 -123.11347 41.2939 -123.12284 41.29191 -123.12886 41.2957 -123.13945 41.29627 -123.15111 41.2969 -123.16093 41.29852 -123.16774 41.30518 -123.17298 41.3129 -123.17339 41.3146 -123.17715 41.30993 -123.18181 41.31028 -123.18549 41.30577 -123.19994 41.3046 -123.20906 41.29762 -123.21481 41.29041 -123.2438 41.28576 -123.24783 41.27441 -123.26313 41.27358 -123.27593 41.26935 -123.28059 41.26993 -123.29163 41.26815 -123.30561 41.26224 -123.3059 41.25981 -123.31127 41.25963 -123.31738 41.25732 -123.31847 41.25401 -123.32319</gml:posList></gml:LineString></georss:where></item><item><guid isPermaLink="false">4d8a00ae-272b-40f3-9e72-928ef91ac6bf</guid><a10:author><a10:name>Simon Hope</a10:name></a10:author><title /><description /><pubDate>Tue, 01 May 2012 21:57:27 +1000</pubDate><a10:link href="http://www.mapbutcher.com/" /><a10:rights type="text">Copyright 2011</a10:rights><a10:content type="text"></a10:content><a10:contributor><a10:name>mapbutcher@mapbutcher.com</a10:name></a10:contributor><georss:where><gml:LineString><gml:posList>41.25401 -123.32319 41.2525 -123.328 41.25596 -123.33369 41.26088 -123.3364 41.26302 -123.3408 41.26789 -123.34473 41.27143 -123.34798 41.27266 -123.35233 41.278 -123.35568 41.2805 -123.36317 41.28179 -123.36568 41.28304 -123.36942 41.2871 -123.37026 41.29509 -123.36152 41.30025 -123.37098 41.30509 -123.37614 41.30956 -123.37884 41.31498 -123.37975 41.31849 -123.38361 41.32315 -123.37959 41.32825 -123.37619 41.33299 -123.36972 41.33778 -123.37672 41.34029 -123.38359 41.33826 -123.39082 41.33195 -123.40394 41.33636 -123.40847 41.3424 -123.40391 41.34856 -123.41037 41.35276 -123.40693 41.35631 -123.40958 41.35894 -123.41279 41.36201 -123.41602 41.3688 -123.41701 41.37447 -123.42467</gml:posList></gml:LineString></georss:where></item><item><guid isPermaLink="false">e7c1a561-cf1e-458b-a3fd-cb1431e16a3d</guid><a10:author><a10:name>Simon Hope</a10:name></a10:author><title /><description /><pubDate>Tue, 01 May 2012 21:57:27 +1000</pubDate><a10:link href="http://www.mapbutcher.com/" /><a10:rights type="text">Copyright 2011</a10:rights><a10:content type="text"></a10:content><a10:contributor><a10:name>mapbutcher@mapbutcher.com</a10:name></a10:contributor><georss:where><gml:LineString><gml:posList>41.34275 -120.20884 41.33771 -120.21796 41.33765 -120.22775 41.3326 -120.23871 41.31213 -120.24767 41.30711 -120.25128 41.29892 -120.25486 41.2808 -120.24978 41.27125 -120.25335 41.26986 -120.25883 41.27254 -120.26436 41.27157 -120.27596 41.2765 -120.2858 41.27601 -120.29191 41.27187 -120.30103 41.25685 -120.30697 41.25005 -120.30689 41.24681 -120.31602</gml:posList></gml:LineString></georss:where></item><item><guid isPermaLink="false">d81b037c-09ac-470f-80c7-3348e19a94ed</guid><a10:author><a10:name>Simon Hope</a10:name></a10:author><title /><description /><pubDate>Tue, 01 May 2012 21:57:27 +1000</pubDate><a10:link href="http://www.mapbutcher.com/" /><a10:rights type="text">Copyright 2011</a10:rights><a10:content type="text"></a10:content><a10:contributor><a10:name>mapbutcher@mapbutcher.com</a10:name></a10:contributor><georss:where><gml:LineString><gml:posList>41.25693 -123.60956 41.25082 -123.62999 41.24396 -123.64549 41.23507 -123.65353</gml:posList></gml:LineString></georss:where></item><item><guid isPermaLink="false">77053fac-57e8-417a-9b05-961dffe44164</guid><a10:author><a10:name>Simon Hope</a10:name></a10:author><title /><description /><pubDate>Tue, 01 May 2012 21:57:27 +1000</pubDate><a10:link href="http://www.mapbutcher.com/" /><a10:rights type="text">Copyright 2011</a10:rights><a10:content type="text"></a10:content><a10:contributor><a10:name>mapbutcher@mapbutcher.com</a10:name></a10:contributor><georss:where><gml:LineString><gml:posList>41.23507 -123.65353 41.23631 -123.65726 41.2434 -123.66257 41.2558 -123.65842 41.26104 -123.66484 41.27247 -123.67653 41.27594 -123.68163 41.28347 -123.68758 41.29007 -123.69409 41.30025 -123.70204 41.30444 -123.69923 41.3111 -123.70391 41.31926 -123.7044 41.32134 -123.71003 41.32613 -123.71644 41.32679 -123.72382 41.32754 -123.72877 41.32966 -123.73318 41.33552 -123.73476 41.33867 -123.73556 41.3465 -123.73235 41.35853 -123.72573 41.3705 -123.72093 41.3774 -123.71828 41.38334 -123.71741 41.39201 -123.71609 41.40299 -123.71368 41.41219 -123.72404 41.42274 -123.721 41.42867 -123.72013 41.43112 -123.71476 41.43592 -123.70707 41.44022 -123.70058 41.4392 -123.6901 41.4422 -123.68169 41.44147 -123.67613 41.4423 -123.66453 41.43716 -123.64093 41.44687 -123.62187</gml:posList></gml:LineString></georss:where></item><item><guid isPermaLink="false">ac3f7350-10e8-4707-9e64-726aad1ea0d5</guid><a10:author><a10:name>Simon Hope</a10:name></a10:author><title /><description /><pubDate>Tue, 01 May 2012 21:57:27 +1000</pubDate><a10:link href="http://www.mapbutcher.com/" /><a10:rights type="text">Copyright 2011</a10:rights><a10:content type="text"></a10:content><a10:contributor><a10:name>mapbutcher@mapbutcher.com</a10:name></a10:contributor><georss:where><gml:LineString><gml:posList>41.24681 -120.31602 41.24448 -120.32699 41.24037 -120.32999 41.23489 -120.33543 41.23077 -120.34087 41.22891 -120.34757 41.23206 -120.35249 41.22787 -120.3671 41.22736 -120.37626 41.23004 -120.38179 41.2318 -120.38914 41.23085 -120.39585 41.22582 -120.40128 41.2285 -120.40804 41.22705 -120.41901</gml:posList></gml:LineString></georss:where></item><item><guid isPermaLink="false">e5ced171-67c2-418d-acf6-39b7a4ad2d34</guid><a10:author><a10:name>Simon Hope</a10:name></a10:author><title /><description /><pubDate>Tue, 01 May 2012 21:57:27 +1000</pubDate><a10:link href="http://www.mapbutcher.com/" /><a10:rights type="text">Copyright 2011</a10:rights><a10:content type="text"></a10:content><a10:contributor><a10:name>mapbutcher@mapbutcher.com</a10:name></a10:contributor><georss:where><gml:LineString><gml:posList>41.22705 -120.41901 41.22657 -120.42328 41.22564 -120.42754 41.22287 -120.433 41.22329 -120.43729 41.22599 -120.44037 41.22961 -120.44225 41.23454 -120.45148 41.23763 -120.46191 41.23529 -120.47104 41.23344 -120.47651 41.23245 -120.48688 41.23375 -120.49422 41.23548 -120.50525 41.23633 -120.51259 41.23855 -120.51874 41.24303 -120.52674 41.25385 -120.53484 41.26244 -120.53925 41.26923 -120.54179 41.27918 -120.545 41.28645 -120.54449 41.29329 -120.5397 41.30146 -120.54044 41.30917 -120.53994 41.32051 -120.54133 41.34637 -120.54293</gml:posList></gml:LineString></georss:where></item><item><guid isPermaLink="false">53f5300e-8546-48b2-bb86-a7441dac8890</guid><a10:author><a10:name>Simon Hope</a10:name></a10:author><title /><description /><pubDate>Tue, 01 May 2012 21:57:27 +1000</pubDate><a10:link href="http://www.mapbutcher.com/" /><a10:rights type="text">Copyright 2011</a10:rights><a10:content type="text"></a10:content><a10:contributor><a10:name>mapbutcher@mapbutcher.com</a10:name></a10:contributor><georss:where><gml:LineString><gml:posList>41.2203 -120.41282 41.22705 -120.41901</gml:posList></gml:LineString></georss:where></item><item><guid isPermaLink="false">34e720d1-6a11-4734-bf27-77994b01ba36</guid><a10:author><a10:name>Simon Hope</a10:name></a10:author><title /><description /><pubDate>Tue, 01 May 2012 21:57:27 +1000</pubDate><a10:link href="http://www.mapbutcher.com/" /><a10:rights type="text">Copyright 2011</a10:rights><a10:content type="text"></a10:content><a10:contributor><a10:name>mapbutcher@mapbutcher.com</a10:name></a10:contributor><georss:where><gml:LineString><gml:posList>41.23507 -123.65353 41.22878 -123.65132 41.2181 -123.64458 41.203 -123.66203 41.1961 -123.66468 41.19462 -123.66826 41.18902 -123.67281 41.18249 -123.67793 41.18106 -123.70778</gml:posList></gml:LineString></georss:where></item><item><guid isPermaLink="false">9bcc0d3e-1b6f-4fd5-b283-5f5f25444cc0</guid><a10:author><a10:name>Simon Hope</a10:name></a10:author><title /><description /><pubDate>Tue, 01 May 2012 21:57:27 +1000</pubDate><a10:link href="http://www.mapbutcher.com/" /><a10:rights type="text">Copyright 2011</a10:rights><a10:content type="text"></a10:content><a10:contributor><a10:name>mapbutcher@mapbutcher.com</a10:name></a10:contributor><georss:where><gml:LineString><gml:posList>41.18106 -123.70778 41.19226 -123.72617 41.19182 -123.73958 41.19413 -123.75194 41.2106 -123.7621 41.214 -123.76903 41.22556 -123.77646 41.23572 -123.77157 41.24596 -123.77769 41.25324 -123.77752 41.26206 -123.78539 41.26816 -123.79311 41.27105 -123.80185 41.27072 -123.81161 41.27715 -123.82302 41.27455 -123.83265 41.27473 -123.85407 41.28622 -123.86335 41.29156 -123.86674 41.29943 -123.87579 41.30456 -123.87183 41.30875 -123.86903 41.31027 -123.86423 41.31046 -123.85873 41.31056 -123.85567 41.3116 -123.85207 41.31572 -123.8511 41.3205 -123.85751 41.32764 -123.86102 41.33317 -123.85891 41.33688 -123.85669 41.34092 -123.85816 41.34528 -123.86333 41.34398 -123.87489 41.35638 -123.88424 41.36484 -123.90253 41.37516 -123.90623 41.37918 -123.9212 41.38593 -123.92345 41.39199 -123.9318 41.39828 -123.93404 41.40376 -123.93316 41.40914 -123.93533 41.41752 -123.94261 41.42088 -123.9373 41.42244 -123.93188</gml:posList></gml:LineString></georss:where></item><item><guid isPermaLink="false">f41dd003-4ead-44c0-9af4-4753457a1d94</guid><a10:author><a10:name>Simon Hope</a10:name></a10:author><title /><description /><pubDate>Tue, 01 May 2012 21:57:27 +1000</pubDate><a10:link href="http://www.mapbutcher.com/" /><a10:rights type="text">Copyright 2011</a10:rights><a10:content type="text"></a10:content><a10:contributor><a10:name>mapbutcher@mapbutcher.com</a10:name></a10:contributor><georss:where><gml:LineString><gml:posList>41.22779 -120.1515 41.21234 -120.15624 41.2082 -120.16597 41.2032 -120.16776 41.19777 -120.16526 41.19001 -120.17374 41.18492 -120.192 41.17488 -120.20228 41.17349 -120.20837 41.17711 -120.20962 41.1839 -120.21335 41.19249 -120.21771 41.19568 -120.21652 41.20343 -120.20866 41.20979 -120.20873 41.21296 -120.20998 41.21832 -120.22469 41.22373 -120.23147 41.22503 -120.24125 41.22952 -120.25107 41.22718 -120.26143 41.23302 -120.27126 41.24108 -120.28907 41.23784 -120.30003 41.24006 -120.30739 41.24092 -120.31412 41.24681 -120.31602</gml:posList></gml:LineString></georss:where></item><item><guid isPermaLink="false">0dcaea34-7030-4a62-aafd-a6ea0a3446ab</guid><a10:author><a10:name>Simon Hope</a10:name></a10:author><title /><description /><pubDate>Tue, 01 May 2012 21:57:27 +1000</pubDate><a10:link href="http://www.mapbutcher.com/" /><a10:rights type="text">Copyright 2011</a10:rights><a10:content type="text"></a10:content><a10:contributor><a10:name>mapbutcher@mapbutcher.com</a10:name></a10:contributor><georss:where><gml:LineString><gml:posList>41.19394 -120.99491 41.19247 -121.00343 41.18834 -121.00761 41.19002 -121.01925 41.18587 -121.02466 41.18882 -121.04364 41.1887 -121.05341 41.18815 -121.06133 41.18897 -121.06868 41.18707 -121.07596 41.18653 -121.08205 41.18374 -121.08749 41.18 -121.09656 41.17815 -121.09956 41.17533 -121.10683 41.17389 -121.11351 41.1697 -121.12196 41.1669 -121.12739 41.16359 -121.1383 41.15483 -121.14847</gml:posList></gml:LineString></georss:where></item><item><guid isPermaLink="false">8a5ce7b5-ffa6-470d-8a21-d7129ea3ca72</guid><a10:author><a10:name>Simon Hope</a10:name></a10:author><title /><description /><pubDate>Tue, 01 May 2012 21:57:27 +1000</pubDate><a10:link href="http://www.mapbutcher.com/" /><a10:rights type="text">Copyright 2011</a10:rights><a10:content type="text"></a10:content><a10:contributor><a10:name>mapbutcher@mapbutcher.com</a10:name></a10:contributor><georss:where><gml:LineString><gml:posList>41.15483 -121.14847 41.16885 -121.15245 41.17432 -121.15075 41.18285 -121.15828 41.18648 -121.15775 41.19154 -121.15298 41.19432 -121.14816 41.20613 -121.14783 41.2103 -121.14059 41.21535 -121.13644 41.21904 -121.13165 41.22496 -121.13055 41.23131 -121.1307 41.23861 -121.12782 41.24231 -121.1218 41.24815 -121.12682 41.26709 -121.13581 41.27298 -121.13656 41.27719 -121.12749 41.28719 -121.1265 41.29308 -121.12663 41.30665 -121.13061 41.31659 -121.1339 41.3212 -121.1285 41.3253 -121.12737 41.33111 -121.13423 41.34695 -121.13827 41.3604 -121.11472 41.36482 -121.08911 41.35859 -121.07857 41.36145 -121.06762 41.35518 -121.06013 41.35673 -121.04487 41.36177 -121.0407 41.36504 -121.03281 41.37545 -121.0361 41.37848 -121.04841 41.38401 -121.04118 41.38998 -121.03519 41.39646 -121.02493 41.40052 -121.02685 41.40616 -121.01044 41.41659 -121.01128 41.41397 -121.00264 41.41144 -120.98605 41.40654 -120.97799 41.40247 -120.97668 41.39618 -120.97104 41.39576 -120.96796 41.40093 -120.95216 41.39961 -120.94846 41.4006 -120.94173 41.40477 -120.93385 41.40306 -120.92464 41.40766 -120.91861 41.41189 -120.90583 41.41973 -120.89435 41.42247 -120.89318 41.4285 -120.88043 41.4326 -120.87929 41.43592 -120.86649 41.44282 -120.85744 41.43926 -120.85062 41.43707 -120.84323 41.43306 -120.83642 41.4299 -120.83452 41.42494 -120.83136 41.42503 -120.82279 41.42825 -120.81857 41.43144 -120.81679 41.43104 -120.81187 41.42789 -120.80937 41.4211 -120.80679 41.42134 -120.78352 41.41544 -120.78342 41.41506 -120.77667 41.4215 -120.76821 41.42528 -120.75236 41.42915 -120.72792 41.44463 -120.72329 41.45103 -120.7185 41.45517 -120.71245 41.4525 -120.70627 41.45119 -120.70135 41.45712 -120.69839 41.4621 -120.69969 41.46935 -120.70043 41.47306 -120.69252 41.47992 -120.68651 41.47592 -120.67786 41.47461 -120.67232 41.47651 -120.66315 41.47751 -120.65214 41.48033 -120.64115 41.48592 -120.62531 41.49105 -120.60944</gml:posList></gml:LineString></georss:where></item><item><guid isPermaLink="false">a4c2ccca-a42f-4ad2-ad96-02c9584d3db7</guid><a10:author><a10:name>Simon Hope</a10:name></a10:author><title /><description /><pubDate>Tue, 01 May 2012 21:57:27 +1000</pubDate><a10:link href="http://www.mapbutcher.com/" /><a10:rights type="text">Copyright 2011</a10:rights><a10:content type="text"></a10:content><a10:contributor><a10:name>mapbutcher@mapbutcher.com</a10:name></a10:contributor><georss:where><gml:LineString><gml:posList>41.12076 -122.84485 41.12118 -122.84608 41.12423 -122.85111 41.12826 -122.85313 41.13323 -122.85398 41.13783 -122.85176 41.14156 -122.84827 41.14884 -122.8474 41.15872 -122.85152 41.16389 -122.86216 41.16822 -122.8703 41.16919 -122.885 41.17034 -122.893 41.17154 -122.89916 41.17319 -122.90535 41.18391 -122.91197</gml:posList></gml:LineString></georss:where></item><item><guid isPermaLink="false">53f5515a-1fe6-4f91-b211-8b523604eb0c</guid><a10:author><a10:name>Simon Hope</a10:name></a10:author><title /><description /><pubDate>Tue, 01 May 2012 21:57:27 +1000</pubDate><a10:link href="http://www.mapbutcher.com/" /><a10:rights type="text">Copyright 2011</a10:rights><a10:content type="text"></a10:content><a10:contributor><a10:name>mapbutcher@mapbutcher.com</a10:name></a10:contributor><georss:where><gml:LineString><gml:posList>41.12777 -121.73469 41.1338 -121.75317 41.1347 -121.7532 41.14489 -121.74194 41.15578 -121.74228 41.16585 -121.73711 41.18392 -121.74195 41.19038 -121.73605 41.19252 -121.7178 41.19128 -121.71043 41.18816 -121.70728 41.18639 -121.70479 41.18464 -121.70046 41.18473 -121.69558 41.18391 -121.69006 41.18263 -121.68575 41.18086 -121.68263 41.17864 -121.68012 41.17826 -121.67583 41.17702 -121.66847 41.17347 -121.66348 41.17495 -121.65681 41.18219 -121.65826 41.18598 -121.6486 41.1838 -121.64304 41.18388 -121.63815 41.18441 -121.6339 41.18491 -121.63086 41.18728 -121.62482 41.18597 -121.62173 41.18559 -121.61745 41.18518 -121.615 41.18704 -121.612 41.18813 -121.60104 41.18641 -121.5955 41.18326 -121.59357 41.18058 -121.59105 41.17609 -121.58847 41.17431 -121.58598 41.17118 -121.58283 41.16445 -121.57836 41.15859 -121.57575 41.15186 -121.57128 41.14637 -121.57417 41.14361 -121.57592 41.14047 -121.574 41.12762 -121.58216 41.11824 -121.57335 41.11603 -121.56963 41.11565 -121.56534 41.11393 -121.5592 41.11307 -121.55612</gml:posList></gml:LineString></georss:where></item><item><guid isPermaLink="false">b5c925ae-b22a-4877-9e25-235fb002ac34</guid><a10:author><a10:name>Simon Hope</a10:name></a10:author><title /><description /><pubDate>Tue, 01 May 2012 21:57:27 +1000</pubDate><a10:link href="http://www.mapbutcher.com/" /><a10:rights type="text">Copyright 2011</a10:rights><a10:content type="text"></a10:content><a10:contributor><a10:name>mapbutcher@mapbutcher.com</a10:name></a10:contributor><georss:where><gml:LineString><gml:posList>41.10664 -123.45008 41.11478 -123.45114 41.12107 -123.45332 41.13411 -123.45773 41.13711 -123.46339 41.14347 -123.46313 41.15371 -123.46981 41.15756 -123.47736 41.16332 -123.48196 41.16725 -123.48706 41.17112 -123.494 41.17724 -123.50168 41.18018 -123.50918 41.18581 -123.51805 41.18924 -123.52435 41.19094 -123.52811 41.19347 -123.53437 41.19651 -123.53882 41.19815 -123.54441 41.20233 -123.55565 41.20592 -123.55708 41.20998 -123.55792 41.21499 -123.5576 41.21916 -123.55479 41.22508 -123.55451 41.22886 -123.54984 41.23485 -123.54713 41.24074 -123.54746 41.24433 -123.5489 41.24965 -123.55286 41.25391 -123.56168 41.25554 -123.56788 41.25997 -123.5712 41.25891 -123.57603 41.25684 -123.58385 41.25651 -123.59424 41.25594 -123.59787 41.25667 -123.60342 41.25693 -123.60956</gml:posList></gml:LineString></georss:where></item><item><guid isPermaLink="false">89e4e01f-ccbc-4a75-81e1-630341a2f5c4</guid><a10:author><a10:name>Simon Hope</a10:name></a10:author><title /><description /><pubDate>Tue, 01 May 2012 21:57:27 +1000</pubDate><a10:link href="http://www.mapbutcher.com/" /><a10:rights type="text">Copyright 2011</a10:rights><a10:content type="text"></a10:content><a10:contributor><a10:name>mapbutcher@mapbutcher.com</a10:name></a10:contributor><georss:where><gml:LineString><gml:posList>41.33103 -122.55249 41.32324 -122.55521 41.30614 -122.56793 41.30059 -122.57198 41.29174 -122.58138 41.28846 -122.58551 41.28281 -122.59383 41.27128 -122.60127 41.26561 -122.6108 41.26138 -122.61673 41.25663 -122.62508 41.24847 -122.64307 41.23845 -122.64445 41.22982 -122.64468 41.21976 -122.64729 41.20932 -122.64743 41.2052 -122.64847 41.19476 -122.64861 41.18787 -122.65197 41.18096 -122.65594 41.17546 -122.65813 41.16536 -122.66257 41.15623 -122.6646 41.14426 -122.67139 41.13895 -122.68397 41.13184 -122.69585 41.12896 -122.70183 41.12352 -122.70158 41.11158 -122.70714 41.10519 -122.70868 41.09507 -122.71371 41.09474 -122.70882 41.08889 -122.70672 41.0853 -122.70534</gml:posList></gml:LineString></georss:where></item><item><guid isPermaLink="false">7aa72889-aa3f-4017-87c2-4b79285bc535</guid><a10:author><a10:name>Simon Hope</a10:name></a10:author><title /><description /><pubDate>Tue, 01 May 2012 21:57:27 +1000</pubDate><a10:link href="http://www.mapbutcher.com/" /><a10:rights type="text">Copyright 2011</a10:rights><a10:content type="text"></a10:content><a10:contributor><a10:name>mapbutcher@mapbutcher.com</a10:name></a10:contributor><georss:where><gml:LineString><gml:posList>41.0817 -120.37568 41.09992 -120.36493 41.1072 -120.36197 41.10992 -120.362 41.11851 -120.36699 41.12348 -120.37009 41.13123 -120.36592 41.13531 -120.36597 41.13848 -120.36723 41.14252 -120.37338 41.14934 -120.37164 41.15567 -120.37476 41.162 -120.3785 41.16605 -120.38222 41.17781 -120.38908</gml:posList></gml:LineString></georss:where></item><item><guid isPermaLink="false">024099d1-57cd-4355-957d-92be6ff864f4</guid><a10:author><a10:name>Simon Hope</a10:name></a10:author><title /><description /><pubDate>Tue, 01 May 2012 21:57:27 +1000</pubDate><a10:link href="http://www.mapbutcher.com/" /><a10:rights type="text">Copyright 2011</a10:rights><a10:content type="text"></a10:content><a10:contributor><a10:name>mapbutcher@mapbutcher.com</a10:name></a10:contributor><georss:where><gml:LineString><gml:posList>41.0853 -122.70534 41.08425 -122.71078 41.08506 -122.71448 41.08491 -122.72057 41.08065 -122.72769 41.07771 -122.73609 41.07718 -122.73912 41.07931 -122.74471 41.082 -122.74605 41.08694 -122.7481 41.0891 -122.75247 41.0908 -122.75682 41.09326 -122.7673 41.09126 -122.77453 41.09531 -122.77593 41.09951 -122.78894 41.10376 -122.80012 41.10979 -122.8126 41.11386 -122.8134 41.11697 -122.81599 41.11914 -122.81975 41.11806 -122.82642 41.11825 -122.83679 41.12076 -122.84485</gml:posList></gml:LineString></georss:where></item><item><guid isPermaLink="false">f58b45e5-1243-4865-8004-394aa49c190e</guid><a10:author><a10:name>Simon Hope</a10:name></a10:author><title /><description /><pubDate>Tue, 01 May 2012 21:57:27 +1000</pubDate><a10:link href="http://www.mapbutcher.com/" /><a10:rights type="text">Copyright 2011</a10:rights><a10:content type="text"></a10:content><a10:contributor><a10:name>mapbutcher@mapbutcher.com</a10:name></a10:contributor><georss:where><gml:LineString><gml:posList>41.07599 -120.10926 41.08196 -120.09408 41.09015 -120.08926 41.09339 -120.07527 41.1011 -120.07533 41.11013 -120.08578 41.11917 -120.09195 41.12326 -120.09138 41.12963 -120.08655 41.13148 -120.07924 41.13649 -120.07562 41.13964 -120.08114 41.1456 -120.06837 41.14792 -120.0562 41.15293 -120.05196 41.15882 -120.05506 41.16157 -120.04715 41.15887 -120.04225 41.16389 -120.03497 41.17025 -120.03379 41.17479 -120.03443 41.18113 -120.03571 41.20745 -120.03591 41.21153 -120.03777</gml:posList></gml:LineString></georss:where></item><item><guid isPermaLink="false">9b3c0f88-6d43-4a10-a182-b8fd17f18f92</guid><a10:author><a10:name>Simon Hope</a10:name></a10:author><title /><description /><pubDate>Tue, 01 May 2012 21:57:27 +1000</pubDate><a10:link href="http://www.mapbutcher.com/" /><a10:rights type="text">Copyright 2011</a10:rights><a10:content type="text"></a10:content><a10:contributor><a10:name>mapbutcher@mapbutcher.com</a10:name></a10:contributor><georss:where><gml:LineString><gml:posList>41.07586 -120.43228 41.08353 -120.43787</gml:posList></gml:LineString></georss:where></item><item><guid isPermaLink="false">102e0dd9-4e68-474b-83a4-651f1e29a7ea</guid><a10:author><a10:name>Simon Hope</a10:name></a10:author><title /><description /><pubDate>Tue, 01 May 2012 21:57:27 +1000</pubDate><a10:link href="http://www.mapbutcher.com/" /><a10:rights type="text">Copyright 2011</a10:rights><a10:content type="text"></a10:content><a10:contributor><a10:name>mapbutcher@mapbutcher.com</a10:name></a10:contributor><georss:where><gml:LineString><gml:posList>41.11307 -121.55612 41.10989 -121.55603 41.1058 -121.55652 41.10131 -121.55395 41.09816 -121.55202 41.09686 -121.54833 41.09827 -121.54533 41.10012 -121.54294 41.09925 -121.54047 41.09813 -121.52581 41.09547 -121.52146 41.09321 -121.52079 41.09326 -121.51775 41.10013 -121.51366 41.09709 -121.50504 41.09384 -121.50983 41.08934 -121.50726 41.086 -121.48888 41.09108 -121.48292 41.09073 -121.47681 41.08351 -121.47356 41.07941 -121.47467 41.07409 -121.46659 41.07003 -121.46526</gml:posList></gml:LineString></georss:where></item><item><guid isPermaLink="false">87b7de42-a89a-4f0d-b4de-caf81c07b161</guid><a10:author><a10:name>Simon Hope</a10:name></a10:author><title /><description /><pubDate>Tue, 01 May 2012 21:57:27 +1000</pubDate><a10:link href="http://www.mapbutcher.com/" /><a10:rights type="text">Copyright 2011</a10:rights><a10:content type="text"></a10:content><a10:contributor><a10:name>mapbutcher@mapbutcher.com</a10:name></a10:contributor><georss:where><gml:LineString><gml:posList>41.0994 -121.44352 41.09214 -121.44392 41.0871 -121.44684 41.08381 -121.45406 41.0797 -121.45578 41.07793 -121.45268 41.07296 -121.45132 41.07066 -121.4537 41.06968 -121.45855 41.07003 -121.46526</gml:posList></gml:LineString></georss:where></item><item><guid isPermaLink="false">e1779e61-ffa1-40e0-bf46-9d94bc40f86f</guid><a10:author><a10:name>Simon Hope</a10:name></a10:author><title /><description /><pubDate>Tue, 01 May 2012 21:57:27 +1000</pubDate><a10:link href="http://www.mapbutcher.com/" /><a10:rights type="text">Copyright 2011</a10:rights><a10:content type="text"></a10:content><a10:contributor><a10:name>mapbutcher@mapbutcher.com</a10:name></a10:contributor><georss:where><gml:LineString><gml:posList>41.127 -120.24449 41.12198 -120.24871 41.10925 -120.25406 41.10609 -120.25098 41.08933 -120.24593 41.07702 -120.25677 41.07471 -120.26344 41.06694 -120.27311 41.06684 -120.28896 41.07768 -120.297 41.0799 -120.30495 41.0803 -120.31226 41.07843 -120.32078 41.0793 -120.32749 41.0797 -120.33481 41.08057 -120.34092 41.07907 -120.36285 41.07812 -120.36832</gml:posList></gml:LineString></georss:where></item><item><guid isPermaLink="false">3f5b3289-ee23-43b3-baa0-89e5bf5410c2</guid><a10:author><a10:name>Simon Hope</a10:name></a10:author><title /><description /><pubDate>Tue, 01 May 2012 21:57:27 +1000</pubDate><a10:link href="http://www.mapbutcher.com/" /><a10:rights type="text">Copyright 2011</a10:rights><a10:content type="text"></a10:content><a10:contributor><a10:name>mapbutcher@mapbutcher.com</a10:name></a10:contributor><georss:where><gml:LineString><gml:posList>41.0853 -122.70534 41.08135 -122.69967 41.07819 -122.69891 41.07361 -122.70054 41.07082 -122.70346 41.06586 -122.70202 41.06403 -122.70255 41.06086 -122.7024</gml:posList></gml:LineString></georss:where></item><item><guid isPermaLink="false">3f730551-7e4e-4126-a887-8efc9f174a9e</guid><a10:author><a10:name>Simon Hope</a10:name></a10:author><title /><description /><pubDate>Tue, 01 May 2012 21:57:27 +1000</pubDate><a10:link href="http://www.mapbutcher.com/" /><a10:rights type="text">Copyright 2011</a10:rights><a10:content type="text"></a10:content><a10:contributor><a10:name>mapbutcher@mapbutcher.com</a10:name></a10:contributor><georss:where><gml:LineString><gml:posList>41.0387 -122.20898 41.04165 -122.19812 41.04144 -122.18653 41.04516 -122.18241 41.04842 -122.17888 41.05666 -122.17553 41.06134 -122.1684 41.06818 -122.16682 41.0683 -122.16134 41.07154 -122.15842 41.07937 -122.15322 41.08178 -122.146 41.09015 -122.13655 41.08719 -122.12608 41.09055 -122.11705 41.09571 -122.1087 41.10726 -122.09876 41.11153 -122.08977 41.11034 -122.08118 41.11276 -122.07396 41.11013 -122.06898 41.11433 -122.06364 41.12465 -122.06951 41.13347 -122.08203 41.13928 -122.08652 41.15153 -122.08696 41.15347 -122.08093 41.1599 -122.0769 41.16253 -122.08187 41.16666 -122.07958 41.17163 -122.08038 41.17764 -122.0751 41.18366 -122.06921 41.18966 -122.06454 41.19315 -122.07139 41.20131 -122.0723 41.20329 -122.06382 41.21321 -122.06723 41.21569 -122.05694 41.22211 -122.0535 41.2259 -122.0457 41.22335 -122.03706 41.23306 -122.02824 41.23536 -122.02649 41.24218 -122.02551 41.241 -122.0163 41.24202 -122.01084 41.23385 -122.01115 41.22343 -122.00957 41.22903 -122.00182 41.22952 -122.00001 41.22964 -121.9939 41.23471 -121.98981 41.2316 -121.98664 41.23126 -121.98051 41.23545 -121.97517 41.23965 -121.96919 41.24253 -121.96135 41.24573 -121.96024 41.24535 -121.95595 41.24459 -121.94859 41.24603 -121.94437 41.24879 -121.94263 41.25154 -121.94089 41.25566 -121.93919 41.25612 -121.93921</gml:posList></gml:LineString></georss:where></item><item><guid isPermaLink="false">58ee2147-1a90-4434-8f63-412e86b2b411</guid><a10:author><a10:name>Simon Hope</a10:name></a10:author><title /><description /><pubDate>Tue, 01 May 2012 21:57:27 +1000</pubDate><a10:link href="http://www.mapbutcher.com/" /><a10:rights type="text">Copyright 2011</a10:rights><a10:content type="text"></a10:content><a10:contributor><a10:name>mapbutcher@mapbutcher.com</a10:name></a10:contributor><georss:where><gml:LineString><gml:posList>41.0387 -122.20898 41.04596 -122.20925 41.05296 -122.19977 41.05975 -122.20064 41.0688 -122.2022 41.08685 -122.20716 41.09514 -122.20138 41.10302 -122.19376 41.10704 -122.19695 41.11124 -122.19163 41.10726 -122.18659 41.11106 -122.17881 41.11446 -122.16795 41.12034 -122.16879 41.12494 -122.16591 41.13223 -122.16496 41.13707 -122.17186 41.14205 -122.17266 41.14892 -122.16987 41.15587 -122.1628 41.16282 -122.15636 41.16484 -122.14605 41.17038 -122.14198 41.17268 -122.14024 41.17718 -122.14223 41.18071 -122.14725 41.18563 -122.1505 41.19284 -122.15321 41.19741 -122.15155 41.20871 -122.15441 41.21444 -122.14058 41.21988 -122.14079 41.2285 -122.14111 41.23496 -122.13585 41.2413 -122.1367 41.24722 -122.1357 41.25375 -122.12738 41.26248 -122.12221 41.27207 -122.11951 41.27672 -122.11417 41.28171 -122.11436 41.29296 -122.11906 41.29878 -122.12294 41.30956 -122.12885 41.31218 -122.13384 41.31757 -122.13649 41.31841 -122.14019 41.32154 -122.14214 41.32695 -122.14418 41.33103 -122.14433 41.33603 -122.14391 41.3391 -122.14953 41.34216 -122.15515 41.34391 -122.15829 41.34519 -122.16201 41.3474 -122.16515 41.35235 -122.16718 41.35901 -122.17416 41.36757 -122.17754</gml:posList></gml:LineString></georss:where></item><item><guid isPermaLink="false">3f181699-34d7-4a72-a162-714bef9ce70b</guid><a10:author><a10:name>Simon Hope</a10:name></a10:author><title /><description /><pubDate>Tue, 01 May 2012 21:57:27 +1000</pubDate><a10:link href="http://www.mapbutcher.com/" /><a10:rights type="text">Copyright 2011</a10:rights><a10:content type="text"></a10:content><a10:contributor><a10:name>mapbutcher@mapbutcher.com</a10:name></a10:contributor><georss:where><gml:LineString><gml:posList>41.03166 -122.93449 41.03934 -122.93609 41.04836 -122.93835 41.05616 -122.93507 41.06291 -122.93723 41.06594 -122.94287 41.06437 -122.95071 41.06319 -122.96042 41.06348 -122.96653 41.06814 -122.97895 41.07167 -122.99925 41.07016 -123.00466 41.076 -123.02325 41.07664 -123.03304 41.08279 -123.04066 41.08742 -123.0537 41.09418 -123.07174 41.09844 -123.08172 41.10237 -123.0874 41.11088 -123.0915 41.1153 -123.09599 41.12478 -123.09769 41.13155 -123.09927 41.137 -123.09893 41.13997 -123.10641 41.14348 -123.11086 41.15019 -123.11426 41.14862 -123.1215 41.13706 -123.12885 41.13489 -123.14155 41.13982 -123.15951 41.13816 -123.1698 41.13785 -123.18077 41.1394 -123.19001 41.14098 -123.19803 41.14169 -123.20478 41.14426 -123.2104 41.14508 -123.2135 41.14637 -123.21601 41.15273 -123.21574 41.15918 -123.21241 41.16267 -123.21748 41.16617 -123.22195 41.1702 -123.22399 41.17249 -123.2235 41.17615 -123.22247 41.18164 -123.22093 41.18757 -123.22002 41.19437 -123.22038 41.19962 -123.22737 41.20713 -123.23449 41.20791 -123.23882 41.21504 -123.24347 41.21793 -123.2534 41.22406 -123.26105 41.23167 -123.26452 41.23688 -123.27274 41.23968 -123.28573 41.24374 -123.28656 41.24178 -123.29135 41.24289 -123.29996 41.25123 -123.30959 41.24873 -123.3174 41.25401 -123.32319</gml:posList></gml:LineString></georss:where></item><item><guid isPermaLink="false">10c0df3f-9653-4a98-9e98-2d958508b47c</guid><a10:author><a10:name>Simon Hope</a10:name></a10:author><title /><description /><pubDate>Tue, 01 May 2012 21:57:27 +1000</pubDate><a10:link href="http://www.mapbutcher.com/" /><a10:rights type="text">Copyright 2011</a10:rights><a10:content type="text"></a10:content><a10:contributor><a10:name>mapbutcher@mapbutcher.com</a10:name></a10:contributor><georss:where><gml:LineString><gml:posList>41.00904 -120.61713 41.01165 -120.62934 41.01021 -120.63846 41.0106 -120.64455 41.01099 -120.65186 41.02142 -120.65325 41.02411 -120.65634 41.0313 -120.66438 41.04225 -120.65785 41.05086 -120.658 41.05767 -120.6581 41.06401 -120.65882 41.07397 -120.66203 41.0752 -120.67667 41.07877 -120.68283 41.07508 -120.68948 41.07732 -120.69195 41.08 -120.69687 41.08314 -120.69997 41.08352 -120.70912 41.0889 -120.71531 41.08881 -120.72445 41.09239 -120.73 41.09781 -120.73254 41.10274 -120.73872 41.10727 -120.73941 41.11134 -120.74192 41.11582 -120.74687 41.11712 -120.75361 41.11982 -120.75549 41.12569 -120.75925 41.13106 -120.76606 41.12868 -120.7776 41.12955 -120.78128 41.12806 -120.79345 41.13251 -120.80268 41.14694 -120.81149 41.14866 -120.82067 41.15495 -120.8275 41.16078 -120.83372 41.16526 -120.83868 41.16933 -120.84059 41.17792 -120.8438 41.18415 -120.85491 41.18599 -120.85311 41.19867 -120.8558 41.1995 -120.86253 41.20536 -120.86631 41.20799 -120.87552 41.21111 -120.87985 41.21423 -120.88541 41.2178 -120.89159 41.22181 -120.89777 41.22311 -120.90391 41.2244 -120.91004 41.22341 -120.91735 41.2156 -120.92574 41.20827 -120.9317 41.20325 -120.93465 41.19365 -120.94118 41.19087 -120.946 41.19078 -120.95332 41.19293 -120.96375 41.19101 -120.97286 41.19394 -120.99491</gml:posList></gml:LineString></georss:where></item><item><guid isPermaLink="false">2bf5cc0e-bf78-4e32-96d1-47894adc80e3</guid><a10:author><a10:name>Simon Hope</a10:name></a10:author><title /><description /><pubDate>Tue, 01 May 2012 21:57:27 +1000</pubDate><a10:link href="http://www.mapbutcher.com/" /><a10:rights type="text">Copyright 2011</a10:rights><a10:content type="text"></a10:content><a10:contributor><a10:name>mapbutcher@mapbutcher.com</a10:name></a10:contributor><georss:where><gml:LineString><gml:posList>41.00836 -122.62265 41.01351 -122.61618 41.01907 -122.61155 41.0361 -122.60194 41.04739 -122.60426 41.05708 -122.59798 41.06532 -122.59529 41.07502 -122.5884 41.07676 -122.59152 41.08537 -122.5919 41.09181 -122.58852 41.09873 -122.58395 41.0993 -122.57909 41.11169 -122.57353 41.11924 -122.56165 41.12525 -122.53812 41.12534 -122.49602 41.14539 -122.47307 41.15213 -122.45687</gml:posList></gml:LineString></georss:where></item><item><guid isPermaLink="false">a7a2a06f-d854-457a-891b-d905bb84f2b5</guid><a10:author><a10:name>Simon Hope</a10:name></a10:author><title /><description /><pubDate>Tue, 01 May 2012 21:57:27 +1000</pubDate><a10:link href="http://www.mapbutcher.com/" /><a10:rights type="text">Copyright 2011</a10:rights><a10:content type="text"></a10:content><a10:contributor><a10:name>mapbutcher@mapbutcher.com</a10:name></a10:contributor><georss:where><gml:LineString><gml:posList>40.99788 -121.43525 41.00929 -121.43069 41.01892 -121.42426 41.02724 -121.41412 41.03228 -121.41122 41.036 -121.40523 41.03875 -121.40286 41.04609 -121.39819 41.05076 -121.38856 41.05365 -121.37767 41.04875 -121.37144 41.0461 -121.36589 41.04715 -121.35617</gml:posList></gml:LineString></georss:where></item><item><guid isPermaLink="false">b5dc8dff-9911-4365-a95e-c0b26bb43c17</guid><a10:author><a10:name>Simon Hope</a10:name></a10:author><title /><description /><pubDate>Tue, 01 May 2012 21:57:27 +1000</pubDate><a10:link href="http://www.mapbutcher.com/" /><a10:rights type="text">Copyright 2011</a10:rights><a10:content type="text"></a10:content><a10:contributor><a10:name>mapbutcher@mapbutcher.com</a10:name></a10:contributor><georss:where><gml:LineString><gml:posList>40.99788 -121.43525 41.00005 -121.44201 41.00227 -121.44511 41.00537 -121.45007 41.00759 -121.45318 41.01437 -121.45519 41.0152 -121.46008 41.01193 -121.46609 41.01371 -121.46857 41.01773 -121.47234 41.02355 -121.47737 41.02865 -121.47081 41.03096 -121.46783 41.03408 -121.47158 41.03313 -121.47398 41.03172 -121.4776 41.03205 -121.48553 41.03246 -121.48859 41.03694 -121.49176 41.04149 -121.49128 41.04508 -121.49382 41.04919 -121.4921 41.05382 -121.48615 41.05168 -121.47816 41.05259 -121.47758 41.05575 -121.47888 41.05666 -121.4789 41.05844 -121.48078 41.06339 -121.48336 41.06576 -121.47733 41.06677 -121.47066 41.06366 -121.4663 41.06413 -121.4651 41.0646 -121.4639 41.06733 -121.46397 41.07003 -121.46526</gml:posList></gml:LineString></georss:where></item><item><guid isPermaLink="false">1d808bf0-fdc2-4834-b910-b319ca122c6f</guid><a10:author><a10:name>Simon Hope</a10:name></a10:author><title /><description /><pubDate>Tue, 01 May 2012 21:57:27 +1000</pubDate><a10:link href="http://www.mapbutcher.com/" /><a10:rights type="text">Copyright 2011</a10:rights><a10:content type="text"></a10:content><a10:contributor><a10:name>mapbutcher@mapbutcher.com</a10:name></a10:contributor><georss:where><gml:LineString><gml:posList>40.98917 -120.142 40.99686 -120.14632 41.00909 -120.1501 41.01317 -120.15135 41.02723 -120.15209 41.03542 -120.14851 41.04628 -120.15288 41.06491 -120.14696</gml:posList></gml:LineString></georss:where></item><item><guid isPermaLink="false">e2923390-7333-437b-9039-e93a32b20a51</guid><a10:author><a10:name>Simon Hope</a10:name></a10:author><title /><description /><pubDate>Tue, 01 May 2012 21:57:27 +1000</pubDate><a10:link href="http://www.mapbutcher.com/" /><a10:rights type="text">Copyright 2011</a10:rights><a10:content type="text"></a10:content><a10:contributor><a10:name>mapbutcher@mapbutcher.com</a10:name></a10:contributor><georss:where><gml:LineString><gml:posList>41.02238 -121.6345 41.01265 -121.61959 41.01114 -121.60067 41.00758 -121.5963 41.00552 -121.58406 41.00013 -121.58024 40.99012 -121.58178 40.98315 -121.56452 40.97733 -121.55949 40.97382 -121.55207</gml:posList></gml:LineString></georss:where></item><item><guid isPermaLink="false">d1b031b2-ec14-4556-a816-aac6428394bf</guid><a10:author><a10:name>Simon Hope</a10:name></a10:author><title /><description /><pubDate>Tue, 01 May 2012 21:57:27 +1000</pubDate><a10:link href="http://www.mapbutcher.com/" /><a10:rights type="text">Copyright 2011</a10:rights><a10:content type="text"></a10:content><a10:contributor><a10:name>mapbutcher@mapbutcher.com</a10:name></a10:contributor><georss:where><gml:LineString><gml:posList>40.97272 -120.76444 40.97844 -120.7828 40.9851 -120.79693 40.9968 -120.80688 41.00492 -120.81129 41.00886 -120.82477 41.01641 -120.84013 41.01454 -120.84618 41.01715 -120.85598 41.02301 -120.86035 41.02935 -120.86108 41.03477 -120.86301 41.03969 -120.87042 41.04823 -120.87729 41.0563 -120.88659 41.06173 -120.88791 41.06759 -120.89229 41.07073 -120.89479 41.08059 -120.90596 41.08236 -120.91026 41.08728 -120.91706 41.09405 -120.92025 41.09901 -120.92278 41.10395 -120.92776 41.10796 -120.93394 41.10974 -120.93703 41.11237 -120.94501 41.11504 -120.94994 41.11724 -120.95609 41.11856 -120.95977 41.12215 -120.96289 41.13023 -120.97099 41.13387 -120.97046 41.14056 -120.97974 41.15151 -120.9751 41.17004 -120.98097 41.18359 -120.98676 41.19394 -120.99491</gml:posList></gml:LineString></georss:where></item><item><guid isPermaLink="false">def1767c-067f-4615-874e-d1919e2ba3d7</guid><a10:author><a10:name>Simon Hope</a10:name></a10:author><title /><description /><pubDate>Tue, 01 May 2012 21:57:27 +1000</pubDate><a10:link href="http://www.mapbutcher.com/" /><a10:rights type="text">Copyright 2011</a10:rights><a10:content type="text"></a10:content><a10:contributor><a10:name>mapbutcher@mapbutcher.com</a10:name></a10:contributor><georss:where><gml:LineString><gml:posList>40.97382 -121.55207 40.97176 -121.53923 40.97097 -121.5313 40.97149 -121.52705 40.9734 -121.52162 40.97438 -121.51678 40.97581 -121.51257 40.98494 -121.50917 40.98548 -121.50371 40.98238 -121.49875 40.98378 -121.49635 40.98569 -121.49032 40.98535 -121.483 40.98098 -121.47192 40.9783 -121.46941 40.97559 -121.46812 40.97021 -121.46432 40.96938 -121.45943 40.97721 -121.45173 40.98427 -121.43488 40.99064 -121.43384 40.99426 -121.43455 40.99788 -121.43525</gml:posList></gml:LineString></georss:where></item><item><guid isPermaLink="false">8897a51f-477f-489a-a075-33fb6bf340e9</guid><a10:author><a10:name>Simon Hope</a10:name></a10:author><title /><description /><pubDate>Tue, 01 May 2012 21:57:27 +1000</pubDate><a10:link href="http://www.mapbutcher.com/" /><a10:rights type="text">Copyright 2011</a10:rights><a10:content type="text"></a10:content><a10:contributor><a10:name>mapbutcher@mapbutcher.com</a10:name></a10:contributor><georss:where><gml:LineString><gml:posList>40.92837 -121.21984 40.93486 -121.20905 40.93451 -121.20174 40.94051 -121.19398 40.94604 -121.18803 40.95555 -121.18886 40.9633 -121.18661 40.96619 -121.1739 40.97208 -121.17404 40.97493 -121.16498 40.98133 -121.16087 40.98864 -121.15678 40.99686 -121.15331 41.00221 -121.16013 41.01044 -121.15546 41.02398 -121.16125 41.03173 -121.15839 41.03498 -121.15298 41.04143 -121.14522 41.04787 -121.13805 41.0552 -121.13274 41.06378 -121.13599 41.0648 -121.12748 41.07118 -121.12518 41.0753 -121.12223 41.07943 -121.11928 41.08488 -121.11819 41.08804 -121.11948 41.09887 -121.1246 41.09835 -121.13008 41.10648 -121.13271 41.10867 -121.13885 41.11318 -121.1414 41.11631 -121.14513 41.11944 -121.14825 41.12396 -121.14957 41.13615 -121.15474 41.15022 -121.15446 41.15483 -121.14847</gml:posList></gml:LineString></georss:where></item><item><guid isPermaLink="false">9017be95-41f9-4b1a-8a03-62d34f7b7128</guid><a10:author><a10:name>Simon Hope</a10:name></a10:author><title /><description /><pubDate>Tue, 01 May 2012 21:57:27 +1000</pubDate><a10:link href="http://www.mapbutcher.com/" /><a10:rights type="text">Copyright 2011</a10:rights><a10:content type="text"></a10:content><a10:contributor><a10:name>mapbutcher@mapbutcher.com</a10:name></a10:contributor><georss:where><gml:LineString><gml:posList>41.04715 -121.35617 41.0477 -121.35009 41.04325 -121.34388 41.0406 -121.33894 41.04521 -121.33358 41.04259 -121.32619 41.04041 -121.32066 41.04005 -121.31334 41.03969 -121.30724 41.03289 -121.30646 41.02794 -121.30389 41.0262 -121.29836 41.02446 -121.29284 41.02588 -121.28922 41.01961 -121.28297 41.0178 -121.28293 41.01447 -121.2932 41.00949 -121.29307 41.0023 -121.28801 40.99381 -121.27805 40.98397 -121.26807 40.97991 -121.26614 40.9718 -121.26228 40.96054 -121.25592 40.95482 -121.24361 40.94805 -121.2404 40.939 -121.23835 40.93909 -121.23227 40.93466 -121.22426 40.92837 -121.21984</gml:posList></gml:LineString></georss:where></item><item><guid isPermaLink="false">bd940ad3-45f0-4bcc-9847-74034ea63a89</guid><a10:author><a10:name>Simon Hope</a10:name></a10:author><title /><description /><pubDate>Tue, 01 May 2012 21:57:27 +1000</pubDate><a10:link href="http://www.mapbutcher.com/" /><a10:rights type="text">Copyright 2011</a10:rights><a10:content type="text"></a10:content><a10:contributor><a10:name>mapbutcher@mapbutcher.com</a10:name></a10:contributor><georss:where><gml:LineString><gml:posList>40.92708 -122.24973 40.93435 -122.2494 40.94402 -122.24309 40.9528 -122.23552 40.95352 -122.22337 40.95678 -122.21924 40.96149 -122.2115 40.96696 -122.21049 40.97254 -122.20401 40.97895 -122.20121 40.98156 -122.20679 40.98953 -122.21623 40.99598 -122.21161 40.99949 -122.21722 41.00676 -122.21689 41.01212 -122.22075 41.02021 -122.22472 41.02578 -122.21883 41.03212 -122.21969 41.0387 -122.20898</gml:posList></gml:LineString></georss:where></item><item><guid isPermaLink="false">3ce46278-682c-4d0c-8a65-c21a72bd6769</guid><a10:author><a10:name>Simon Hope</a10:name></a10:author><title /><description /><pubDate>Tue, 01 May 2012 21:57:27 +1000</pubDate><a10:link href="http://www.mapbutcher.com/" /><a10:rights type="text">Copyright 2011</a10:rights><a10:content type="text"></a10:content><a10:contributor><a10:name>mapbutcher@mapbutcher.com</a10:name></a10:contributor><georss:where><gml:LineString><gml:posList>40.92066 -122.39611 40.92143 -122.40222 40.93732 -122.42174 40.94107 -122.4365 40.9446 -122.4409 40.95104 -122.43691 40.95779 -122.43963 40.96365 -122.44109 40.96874 -122.43703 40.97289 -122.43417 40.98067 -122.43144 40.98661 -122.42986 40.99087 -122.42212 40.99542 -122.4217 40.99208 -122.40877 40.99442 -122.40582 40.99672 -122.4047 41.00268 -122.40189 41.00357 -122.40254 41.01562 -122.41157 41.0176 -122.40434 41.02086 -122.40082 41.02592 -122.39797 41.04053 -122.39431 41.04651 -122.39089 41.04753 -122.38606 41.0499 -122.38128 41.05455 -122.37659 41.06055 -122.37196 41.05899 -122.36093 41.06502 -122.35507 41.06963 -122.35161 41.07286 -122.3493 41.07745 -122.34705 41.08775 -122.35355 41.09142 -122.35187 41.09632 -122.3356 41.10337 -122.32491 41.10846 -122.32023 41.11801 -122.31939 41.12443 -122.3166 41.13082 -122.31502 41.14178 -122.3118 41.14253 -122.2984 41.14352 -122.29478 41.15051 -122.28651 41.15324 -122.286 41.15915 -122.28563 41.16553 -122.28466 41.17057 -122.28242 41.17383 -122.27888 41.18678 -122.28855 41.19695 -122.2804 41.20157 -122.27631 41.20576 -122.27158 41.21039 -122.26749 41.21403 -122.26702 41.2181 -122.26779 41.22334 -122.27716 41.23068 -122.27378 41.2372 -122.2661 41.24122 -122.26931 41.24556 -122.27865 41.25052 -122.28007 41.25423 -122.27654 41.25732 -122.28033 41.2626 -122.28849 41.26342 -122.29219 41.26384 -122.29404 41.26553 -122.29961 41.26681 -122.30333 41.26624 -122.30881 41.26876 -122.31808 41.27413 -122.32135 41.28025 -122.33199 41.28316 -122.34434 41.28565 -122.35483 41.28814 -122.36533 41.29021 -122.37398 41.28367 -122.38227 41.27704 -122.39423 41.27091 -122.40437</gml:posList></gml:LineString></georss:where></item><item><guid isPermaLink="false">098be098-81c1-4b52-be82-6e1f218b8b22</guid><a10:author><a10:name>Simon Hope</a10:name></a10:author><title /><description /><pubDate>Tue, 01 May 2012 21:57:27 +1000</pubDate><a10:link href="http://www.mapbutcher.com/" /><a10:rights type="text">Copyright 2011</a10:rights><a10:content type="text"></a10:content><a10:contributor><a10:name>mapbutcher@mapbutcher.com</a10:name></a10:contributor><georss:where><gml:LineString><gml:posList>40.88981 -123.60104 40.91072 -123.61443 40.92241 -123.61815 40.92633 -123.62325 40.92855 -123.62459 40.93462 -123.61946 40.94666 -123.61224 40.94156 -123.62961 40.95469 -123.645 40.95855 -123.63792 40.96473 -123.64315 40.97027 -123.64043 40.98024 -123.64101 40.98531 -123.63887 40.99089 -123.63493 40.99574 -123.62547 40.99887 -123.62687 40.99514 -123.64371 41.00419 -123.64484 41.00935 -123.63966 41.02156 -123.64099 41.02176 -123.64893 41.0275 -123.65414 41.03374 -123.65755 41.03114 -123.66776 41.03337 -123.66911 41.04332 -123.67031 41.05035 -123.67744 41.05699 -123.68271 41.0588 -123.69684 41.06193 -123.69824 41.07527 -123.69294 41.07953 -123.70173 41.08886 -123.70777 41.09503 -123.71363 41.09921 -123.71083 41.09937 -123.70596 41.10152 -123.69571 41.10439 -123.69161 41.11623 -123.69048 41.13531 -123.69039 41.14134 -123.68648 41.1468 -123.68619 41.14987 -123.68942 41.15346 -123.69086 41.16185 -123.69808 41.16394 -123.7037 41.17107 -123.70779 41.17469 -123.70801 41.18106 -123.70778</gml:posList></gml:LineString></georss:where></item><item><guid isPermaLink="false">ac924b3e-7ada-46d4-a286-4a8d6dbe6d8a</guid><a10:author><a10:name>Simon Hope</a10:name></a10:author><title /><description /><pubDate>Tue, 01 May 2012 21:57:27 +1000</pubDate><a10:link href="http://www.mapbutcher.com/" /><a10:rights type="text">Copyright 2011</a10:rights><a10:content type="text"></a10:content><a10:contributor><a10:name>mapbutcher@mapbutcher.com</a10:name></a10:contributor><georss:where><gml:LineString><gml:posList>40.88075 -121.11413 40.88253 -121.11721 40.88739 -121.12706 40.88774 -121.13497 40.88448 -121.14219 40.87991 -121.14452 40.87391 -121.15228 40.87199 -121.16013 40.87554 -121.16629 40.88275 -121.17011 40.88953 -121.17209 40.89447 -121.17586 40.89668 -121.18017 40.90026 -121.1845 40.90384 -121.18824 40.90651 -121.19195 40.90913 -121.19931 40.91225 -121.20364 40.91494 -121.20614 40.91673 -121.20801 40.92837 -121.21984</gml:posList></gml:LineString></georss:where></item><item><guid isPermaLink="false">f0e1e433-2d51-4d86-b8bc-b68b5067a2b7</guid><a10:author><a10:name>Simon Hope</a10:name></a10:author><title /><description /><pubDate>Tue, 01 May 2012 21:57:27 +1000</pubDate><a10:link href="http://www.mapbutcher.com/" /><a10:rights type="text">Copyright 2011</a10:rights><a10:content type="text"></a10:content><a10:contributor><a10:name>mapbutcher@mapbutcher.com</a10:name></a10:contributor><georss:where><gml:LineString><gml:posList>40.85377 -122.8815 40.85444 -122.89065 40.85613 -122.89499 40.85882 -122.89633 40.86049 -122.90189 40.86219 -122.90622 40.86622 -122.90824 40.86928 -122.91264 40.87224 -122.92069 40.8749 -122.92325 40.87711 -122.92518 40.88239 -122.93152 40.88904 -122.93732 40.89796 -122.94322 40.9024 -122.94708 40.90953 -122.9517 40.91669 -122.9557 40.92205 -122.959 40.92656 -122.95983 40.93578 -122.9548 40.94039 -122.95199 40.94639 -122.94862 40.95094 -122.94823 40.95861 -122.94983 40.96399 -122.95252 40.96792 -122.9582 40.97378 -122.9597 40.98147 -122.96069 40.98728 -122.96401 40.99314 -122.96552 40.99791 -122.97367 40.99961 -122.97802 41.00129 -122.98298</gml:posList></gml:LineString></georss:where></item><item><guid isPermaLink="false">bcd4fbd6-8e93-42d9-a022-d80ea0c08f65</guid><a10:author><a10:name>Simon Hope</a10:name></a10:author><title /><description /><pubDate>Tue, 01 May 2012 21:57:27 +1000</pubDate><a10:link href="http://www.mapbutcher.com/" /><a10:rights type="text">Copyright 2011</a10:rights><a10:content type="text"></a10:content><a10:contributor><a10:name>mapbutcher@mapbutcher.com</a10:name></a10:contributor><georss:where><gml:LineString><gml:posList>40.84366 -123.48164 40.84954 -123.46798 40.85469 -123.46279 40.86147 -123.46378 40.86553 -123.43542 40.87465 -123.4341 40.88139 -123.4363 40.89493 -123.42428 40.90436 -123.42785 40.91061 -123.41663 40.92254 -123.39781 40.9355 -123.3894 40.94831 -123.38644 40.95127 -123.37869 40.94794 -123.36877 40.9524 -123.35622 40.95986 -123.34993 40.97 -123.345 40.97622 -123.3496 40.97817 -123.34483 40.98682 -123.34409 40.99087 -123.34554 40.99408 -123.34449 41.00173 -123.34673 41.00347 -123.34927 41.00619 -123.34941 41.01348 -123.34859 41.01763 -123.34638 41.02976 -123.35069</gml:posList></gml:LineString></georss:where></item><item><guid isPermaLink="false">70ffa4d6-b48c-43fe-ac87-09e482ebf93d</guid><a10:author><a10:name>Simon Hope</a10:name></a10:author><title /><description /><pubDate>Tue, 01 May 2012 21:57:27 +1000</pubDate><a10:link href="http://www.mapbutcher.com/" /><a10:rights type="text">Copyright 2011</a10:rights><a10:content type="text"></a10:content><a10:contributor><a10:name>mapbutcher@mapbutcher.com</a10:name></a10:contributor><georss:where><gml:LineString><gml:posList>40.84366 -123.48164 40.85042 -123.48323 40.85875 -123.49282 40.86517 -123.50535 40.85816 -123.51164 40.86393 -123.51562 40.86701 -123.51884 40.87505 -123.53754 40.87906 -123.5256 40.88428 -123.53259 40.87996 -123.54025 40.8812 -123.54397 40.8853 -123.54359 40.88278 -123.55136 40.88217 -123.55619 40.89291 -123.56107 40.89276 -123.56593 40.88947 -123.56938 40.89396 -123.58485 40.8879 -123.58998 40.88981 -123.60104</gml:posList></gml:LineString></georss:where></item><item><guid isPermaLink="false">2896218e-59c7-405d-8ff3-131a519472e1</guid><a10:author><a10:name>Simon Hope</a10:name></a10:author><title /><description /><pubDate>Tue, 01 May 2012 21:57:27 +1000</pubDate><a10:link href="http://www.mapbutcher.com/" /><a10:rights type="text">Copyright 2011</a10:rights><a10:content type="text"></a10:content><a10:contributor><a10:name>mapbutcher@mapbutcher.com</a10:name></a10:contributor><georss:where><gml:LineString><gml:posList>40.83477 -120.25419 40.84384 -120.25429 40.85388 -120.24285 40.85986 -120.23015 40.8631 -120.21742 40.86771 -120.20531 40.8728 -120.18653 40.87691 -120.18049 40.88371 -120.18116 40.88694 -120.17208 40.89239 -120.17091 40.89469 -120.16485 40.90062 -120.15822 40.90698 -120.15645 40.91517 -120.15166 40.92427 -120.14749 40.93514 -120.15002 40.94243 -120.14462 40.94925 -120.14224 40.9556 -120.1423 40.9606 -120.13991 40.96559 -120.13935</gml:posList></gml:LineString></georss:where></item><item><guid isPermaLink="false">0cc01f8f-8f5e-4884-8176-f78d2e27140c</guid><a10:author><a10:name>Simon Hope</a10:name></a10:author><title /><description /><pubDate>Tue, 01 May 2012 21:57:27 +1000</pubDate><a10:link href="http://www.mapbutcher.com/" /><a10:rights type="text">Copyright 2011</a10:rights><a10:content type="text"></a10:content><a10:contributor><a10:name>mapbutcher@mapbutcher.com</a10:name></a10:contributor><georss:where><gml:LineString><gml:posList>40.83442 -121.25523 40.84702 -121.26222 40.85337 -121.26299 40.86161 -121.25712 40.86651 -121.26392 40.87464 -121.26656 40.87965 -121.26546 40.88282 -121.26555 40.89646 -121.26345 40.90239 -121.26117 40.90915 -121.26438 40.92045 -121.2677 40.92673 -121.27272 40.9359 -121.26626 40.94215 -121.27311 40.94932 -121.27998 40.94963 -121.29033 40.96318 -121.29433 40.96524 -121.3096 40.97373 -121.31834 40.9788 -121.31299 40.98825 -121.31871 40.9928 -121.31761 40.9996 -121.31839 41.00588 -121.32343 41.01167 -121.33088 41.01477 -121.33644 41.02061 -121.34025 41.03282 -121.34361 41.03596 -121.34552 41.04715 -121.35617</gml:posList></gml:LineString></georss:where></item><item><guid isPermaLink="false">789af876-4605-4995-9322-89a80f85ce08</guid><a10:author><a10:name>Simon Hope</a10:name></a10:author><title /><description /><pubDate>Tue, 01 May 2012 21:57:27 +1000</pubDate><a10:link href="http://www.mapbutcher.com/" /><a10:rights type="text">Copyright 2011</a10:rights><a10:content type="text"></a10:content><a10:contributor><a10:name>mapbutcher@mapbutcher.com</a10:name></a10:contributor><georss:where><gml:LineString><gml:posList>40.8213 -122.14479 40.8255 -122.13887 40.83787 -122.13326 40.85202 -122.12953 40.85306 -122.12288 40.85902 -122.12006 40.86316 -122.11718 40.86849 -122.12284 40.87587 -122.11703 40.88184 -122.11361 40.89217 -122.11886 40.90307 -122.11865 40.91024 -122.12317 40.9109 -122.11346 40.91817 -122.11252 40.92063 -122.10349 40.93044 -122.08985 40.93815 -122.09013 40.94192 -122.08296 40.94612 -122.07764 40.95216 -122.07056 40.95814 -122.06651 40.96641 -122.06134 40.97193 -122.05788 40.98054 -122.0582 40.98824 -122.05908 40.99635 -122.06242 41.00947 -122.06411 41.02312 -122.06278 41.03283 -122.05338 41.04617 -122.04472 41.06085 -122.03672 41.06636 -122.03387 41.07182 -122.03284 41.0774 -122.02634</gml:posList></gml:LineString></georss:where></item><item><guid isPermaLink="false">34202b16-37fd-4e59-b15a-3325b9babc12</guid><a10:author><a10:name>Simon Hope</a10:name></a10:author><title /><description /><pubDate>Tue, 01 May 2012 21:57:27 +1000</pubDate><a10:link href="http://www.mapbutcher.com/" /><a10:rights type="text">Copyright 2011</a10:rights><a10:content type="text"></a10:content><a10:contributor><a10:name>mapbutcher@mapbutcher.com</a10:name></a10:contributor><georss:where><gml:LineString><gml:posList>40.81437 -121.08955 40.81422 -121.10108 40.82101 -121.10245 40.824 -121.1171 40.83161 -121.12516 40.84257 -121.11934 40.85838 -121.12517 40.87531 -121.11401 40.88075 -121.11413</gml:posList></gml:LineString></georss:where></item><item><guid isPermaLink="false">7b3b8b82-5a8b-4e3b-b617-51eed4fe3225</guid><a10:author><a10:name>Simon Hope</a10:name></a10:author><title /><description /><pubDate>Tue, 01 May 2012 21:57:27 +1000</pubDate><a10:link href="http://www.mapbutcher.com/" /><a10:rights type="text">Copyright 2011</a10:rights><a10:content type="text"></a10:content><a10:contributor><a10:name>mapbutcher@mapbutcher.com</a10:name></a10:contributor><georss:where><gml:LineString><gml:posList>40.8101 -122.07149 40.81206 -122.06427 40.81679 -122.05473 40.81559 -122.04678 40.81031 -122.03809 40.81132 -122.03327 40.81459 -122.02853 40.81964 -122.02567 40.83602 -122.02322 40.84705 -122.01631 40.84224 -122.00702 40.84602 -121.99925 40.84804 -121.989 40.85145 -121.97696 40.85257 -121.96606 40.85449 -121.96066 40.85675 -121.96135 40.86496 -121.9592 40.87003 -121.95512 40.8759 -121.95654 40.88127 -121.96037 40.88789 -121.97033 40.89229 -121.97717 40.90162 -121.98723 40.91289 -121.99127 40.92501 -121.99778 40.93187 -121.99559 40.94326 -121.99295 40.95543 -121.99763 40.96099 -121.99113 40.97654 -121.9856 40.98756 -121.97868 41.00277 -121.96703 41.00379 -121.96098 41.00845 -121.95444 41.01451 -121.94612 41.01995 -121.9463 41.02192 -121.93845 41.02612 -121.93251 41.0195 -121.92254 41.02003 -121.9189 41.01827 -121.91579 41.017 -121.91087 41.01841 -121.90849 41.01986 -121.90366 41.01355 -121.90163 41.0118 -121.8979 41.00884 -121.88624 40.99702 -121.88766 40.999 -121.87859 40.99354 -121.87963 40.98969 -121.86671 40.98495 -121.85316 40.97863 -121.85113 40.96957 -121.85082 40.96254 -121.83781 40.96452 -121.82874 40.96083 -121.80732 40.95406 -121.80527 40.95277 -121.80097 40.9579 -121.79323 40.96249 -121.79095 40.96898 -121.78323 40.98222 -121.77879 40.9906 -121.76688 40.99478 -121.76154 40.99444 -121.75483 40.98918 -121.74431 40.99112 -121.73707 40.99207 -121.73466 40.99491 -121.72805 41.00554 -121.71742 41.00708 -121.70651 41.00353 -121.70213 41.00282 -121.69054 41.00844 -121.68037 41.01304 -121.67685 41.01582 -121.67389 41.01813 -121.67092</gml:posList></gml:LineString></georss:where></item><item><guid isPermaLink="false">b5da8c66-d82e-4ab8-aaa6-fdc28d4da8aa</guid><a10:author><a10:name>Simon Hope</a10:name></a10:author><title /><description /><pubDate>Tue, 01 May 2012 21:57:27 +1000</pubDate><a10:link href="http://www.mapbutcher.com/" /><a10:rights type="text">Copyright 2011</a10:rights><a10:content type="text"></a10:content><a10:contributor><a10:name>mapbutcher@mapbutcher.com</a10:name></a10:contributor><georss:where><gml:LineString><gml:posList>40.80033 -122.77265 40.79957 -122.76715</gml:posList></gml:LineString></georss:where></item><item><guid isPermaLink="false">7deb6e73-347d-48bd-800c-e0940aa6b763</guid><a10:author><a10:name>Simon Hope</a10:name></a10:author><title /><description /><pubDate>Tue, 01 May 2012 21:57:27 +1000</pubDate><a10:link href="http://www.mapbutcher.com/" /><a10:rights type="text">Copyright 2011</a10:rights><a10:content type="text"></a10:content><a10:contributor><a10:name>mapbutcher@mapbutcher.com</a10:name></a10:contributor><georss:where><gml:LineString><gml:posList>40.79957 -122.76715 40.7993 -122.75985</gml:posList></gml:LineString></georss:where></item><item><guid isPermaLink="false">8a8c72b2-63cf-4927-b1e7-220cbefb1778</guid><a10:author><a10:name>Simon Hope</a10:name></a10:author><title /><description /><pubDate>Tue, 01 May 2012 21:57:27 +1000</pubDate><a10:link href="http://www.mapbutcher.com/" /><a10:rights type="text">Copyright 2011</a10:rights><a10:content type="text"></a10:content><a10:contributor><a10:name>mapbutcher@mapbutcher.com</a10:name></a10:contributor><georss:where><gml:LineString><gml:posList>40.79957 -122.76715 40.79366 -122.76749</gml:posList></gml:LineString></georss:where></item><item><guid isPermaLink="false">10ab147e-0af1-4633-be7e-e83524aade63</guid><a10:author><a10:name>Simon Hope</a10:name></a10:author><title /><description /><pubDate>Tue, 01 May 2012 21:57:27 +1000</pubDate><a10:link href="http://www.mapbutcher.com/" /><a10:rights type="text">Copyright 2011</a10:rights><a10:content type="text"></a10:content><a10:contributor><a10:name>mapbutcher@mapbutcher.com</a10:name></a10:contributor><georss:where><gml:LineString><gml:posList>40.76841 -123.12943 40.78634 -123.13703 40.79285 -123.1477 40.80179 -123.1524 40.81753 -123.15747 40.82134 -123.15159 40.8255 -123.14877 40.82632 -123.15184 40.83068 -123.15815 40.83281 -123.16312 40.84529 -123.17106 40.85151 -123.15983 40.8547 -123.15939 40.8587 -123.16264 40.86588 -123.16544 40.87728 -123.16359 40.88767 -123.16534 40.90113 -123.17091 40.91391 -123.15271 40.92237 -123.15862 40.92971 -123.15595 40.94964 -123.1576 40.96882 -123.15372 40.97857 -123.16214 40.98676 -123.16135 41.01307 -123.16209 41.02116 -123.16495 41.02766 -123.15981 41.04442 -123.16128 41.05317 -123.17271 41.06039 -123.1743 41.06203 -123.18048</gml:posList></gml:LineString></georss:where></item><item><guid isPermaLink="false">2b06167b-9a10-4a17-aec7-40ed8d693512</guid><a10:author><a10:name>Simon Hope</a10:name></a10:author><title /><description /><pubDate>Tue, 01 May 2012 21:57:27 +1000</pubDate><a10:link href="http://www.mapbutcher.com/" /><a10:rights type="text">Copyright 2011</a10:rights><a10:content type="text"></a10:content><a10:contributor><a10:name>mapbutcher@mapbutcher.com</a10:name></a10:contributor><georss:where><gml:LineString><gml:posList>40.76841 -123.12943 40.76156 -123.1467 40.74963 -123.16673 40.74531 -123.175 40.74187 -123.18392 40.73993 -123.18807 40.73843 -123.19286 40.73599 -123.19879 40.73634 -123.20245 40.74022 -123.20934 40.74226 -123.21733 40.74063 -123.22635 40.7359 -123.23278 40.73543 -123.23336 40.73925 -123.24267 40.7393 -123.25603 40.74088 -123.264 40.74253 -123.26955 40.75927 -123.28683 40.76623 -123.29692 40.7664 -123.30665 40.77037 -123.3105 40.7753 -123.31259 40.77339 -123.33071 40.79126 -123.35537 40.79272 -123.36699 40.79158 -123.37482 40.79465 -123.37804 40.79884 -123.38981 40.79812 -123.39827 40.79514 -123.40662 40.79174 -123.41372 40.78754 -123.41774 40.78331 -123.42236 40.7832 -123.426 40.79085 -123.44283 40.79052 -123.45313 40.79758 -123.45961 40.80333 -123.46479 40.80457 -123.46851 40.80982 -123.47488 40.81832 -123.479 40.82634 -123.4837 40.84366 -123.48164</gml:posList></gml:LineString></georss:where></item><item><guid isPermaLink="false">52ed4da4-3523-47a8-ad81-30dda982ab1a</guid><a10:author><a10:name>Simon Hope</a10:name></a10:author><title /><description /><pubDate>Tue, 01 May 2012 21:57:27 +1000</pubDate><a10:link href="http://www.mapbutcher.com/" /><a10:rights type="text">Copyright 2011</a10:rights><a10:content type="text"></a10:content><a10:contributor><a10:name>mapbutcher@mapbutcher.com</a10:name></a10:contributor><georss:where><gml:LineString><gml:posList>40.7251 -123.0556 40.74369 -123.05653 40.74735 -123.0555 40.75402 -123.0601 40.76553 -123.0546 40.77716 -123.06065 40.78588 -123.05744 40.80063 -123.06547 40.80616 -123.06271 40.81651 -123.06566 40.8248 -123.06122 40.83414 -123.05196 40.84578 -123.0416 40.85607 -123.04698 40.86356 -123.03884 40.87096 -123.03374 40.87523 -123.02726 40.89113 -123.02684 40.89939 -123.0236 40.91795 -123.02573 40.92977 -123.02511 40.93445 -123.01986 40.94164 -123.02265 40.94761 -123.01991 40.95295 -123.02383 40.96426 -123.0256 40.96748 -123.02394 40.97287 -123.02603</gml:posList></gml:LineString></georss:where></item><item><guid isPermaLink="false">310fa9f4-9054-4867-9a68-d079d46dcf0f</guid><a10:author><a10:name>Simon Hope</a10:name></a10:author><title /><description /><pubDate>Tue, 01 May 2012 21:57:27 +1000</pubDate><a10:link href="http://www.mapbutcher.com/" /><a10:rights type="text">Copyright 2011</a10:rights><a10:content type="text"></a10:content><a10:contributor><a10:name>mapbutcher@mapbutcher.com</a10:name></a10:contributor><georss:where><gml:LineString><gml:posList>40.7251 -123.0556 40.74384 -123.06748 40.75283 -123.07036 40.75686 -123.07238 40.76043 -123.07439 40.76285 -123.08543 40.76378 -123.10066 40.76647 -123.1178 40.76841 -123.12943</gml:posList></gml:LineString></georss:where></item><item><guid isPermaLink="false">e60909a0-ed15-405e-97c1-56798388cd20</guid><a10:author><a10:name>Simon Hope</a10:name></a10:author><title /><description /><pubDate>Tue, 01 May 2012 21:57:27 +1000</pubDate><a10:link href="http://www.mapbutcher.com/" /><a10:rights type="text">Copyright 2011</a10:rights><a10:content type="text"></a10:content><a10:contributor><a10:name>mapbutcher@mapbutcher.com</a10:name></a10:contributor><georss:where><gml:LineString><gml:posList>40.72805 -122.79482 40.72492 -122.79285</gml:posList></gml:LineString></georss:where></item><item><guid isPermaLink="false">83346c70-95c6-4339-8dd5-277e9e45c219</guid><a10:author><a10:name>Simon Hope</a10:name></a10:author><title /><description /><pubDate>Tue, 01 May 2012 21:57:27 +1000</pubDate><a10:link href="http://www.mapbutcher.com/" /><a10:rights type="text">Copyright 2011</a10:rights><a10:content type="text"></a10:content><a10:contributor><a10:name>mapbutcher@mapbutcher.com</a10:name></a10:contributor><georss:where><gml:LineString><gml:posList>40.72232 -121.7468 40.71887 -121.73699 40.71725 -121.72542 40.733 -121.7071 40.74304 -121.70377 40.76381 -121.70927 40.77269 -121.72108 40.78043 -121.71951 40.78819 -121.71671 40.79726 -121.717 40.80363 -121.71598 40.80726 -121.71609 40.81438 -121.7236 40.81717 -121.72005 40.82129 -121.71774 40.83261 -121.71931 40.83942 -121.71892 40.84428 -121.72636 40.85421 -121.72971 40.85748 -121.72434 40.8639 -121.72089 40.86631 -121.71246 40.86692 -121.70337 40.86621 -121.6918 40.86914 -121.67973 40.87292 -121.67134 40.87703 -121.66964 40.88789 -121.67119 40.89554 -121.67507 40.90099 -121.67463 40.90833 -121.66999 40.91483 -121.66167 40.9213 -121.65457 40.92639 -121.64864 40.9296 -121.64691 40.93499 -121.65012 40.9395 -121.65147 40.94575 -121.65775 40.95432 -121.66105 40.95839 -121.66179 40.96202 -121.66129 40.9702 -121.66093 40.97701 -121.66113 40.98066 -121.65942 40.98759 -121.65232 40.98593 -121.64314 40.99188 -121.64028 40.99596 -121.6404 41.00045 -121.64297 41.00446 -121.64796 41.00799 -121.65356 41.01249 -121.65613 41.01698 -121.6587</gml:posList></gml:LineString></georss:where></item><item><guid isPermaLink="false">39079638-4a2b-413d-9d5c-fdc88e564f4c</guid><a10:author><a10:name>Simon Hope</a10:name></a10:author><title /><description /><pubDate>Tue, 01 May 2012 21:57:27 +1000</pubDate><a10:link href="http://www.mapbutcher.com/" /><a10:rights type="text">Copyright 2011</a10:rights><a10:content type="text"></a10:content><a10:contributor><a10:name>mapbutcher@mapbutcher.com</a10:name></a10:contributor><georss:where><gml:LineString><gml:posList>40.71551 -122.41687 40.71722 -122.42119</gml:posList></gml:LineString></georss:where></item><item><guid isPermaLink="false">ac36c17c-50a0-47ca-bc0f-116ce87119a6</guid><a10:author><a10:name>Simon Hope</a10:name></a10:author><title /><description /><pubDate>Tue, 01 May 2012 21:57:27 +1000</pubDate><a10:link href="http://www.mapbutcher.com/" /><a10:rights type="text">Copyright 2011</a10:rights><a10:content type="text"></a10:content><a10:contributor><a10:name>mapbutcher@mapbutcher.com</a10:name></a10:contributor><georss:where><gml:LineString><gml:posList>40.71551 -122.41687 40.71192 -122.4149</gml:posList></gml:LineString></georss:where></item><item><guid isPermaLink="false">2d46afa5-f255-4c09-957c-5f7ab12d7ae4</guid><a10:author><a10:name>Simon Hope</a10:name></a10:author><title /><description /><pubDate>Tue, 01 May 2012 21:57:27 +1000</pubDate><a10:link href="http://www.mapbutcher.com/" /><a10:rights type="text">Copyright 2011</a10:rights><a10:content type="text"></a10:content><a10:contributor><a10:name>mapbutcher@mapbutcher.com</a10:name></a10:contributor><georss:where><gml:LineString><gml:posList>41.28399 -124.09574 41.28496 -124.09429 41.28831 -124.08929 41.29168 -124.08401 41.29317 -124.08043 41.2919 -124.0779 41.28736 -124.07761 41.28519 -124.07501 41.28651 -124.06347 41.28718 -124.0574 41.28951 -124.05571 41.2923 -124.05405 41.29748 -124.04888 41.29625 -124.04513 41.29649 -124.03841 41.2944 -124.03338 41.29124 -124.03257 41.28673 -124.03167 41.2812 -124.03376 41.27448 -124.03149 41.26597 -124.02789 41.25783 -124.0139 41.25203 -124.01109 41.2465 -124.01318 41.24046 -124.01707 41.23489 -124.02039 41.2307 -124.02318 41.22776 -124.01626 41.22153 -124.0128 41.21654 -124.01249 41.21164 -124.00974 41.20895 -124.00894 41.2059 -124.01792 41.20092 -124.00477 41.19384 -123.99943 41.19375 -123.98903 41.19172 -123.98218 41.18777 -123.97826 41.18763 -123.96908 41.18413 -123.96519 41.17664 -123.95861 41.17007 -123.95148 41.16252 -123.94672 41.15721 -123.94273 41.15149 -123.93748 41.14024 -123.93433 41.1244 -123.93272 41.12066 -123.92272 41.11396 -123.91925 41.10591 -123.9157 41.09905 -123.9171 41.09581 -123.91872 41.08786 -123.91212 41.08649 -123.89923 41.08227 -123.88982 41.07836 -123.88469 41.07346 -123.88194 41.06356 -123.8795 41.05509 -123.87471 41.04644 -123.87539 41.0426 -123.88125 41.03634 -123.87843 41.03504 -123.88993 41.02869 -123.88953 41.03109 -123.87261 41.02747 -123.87239 41.02095 -123.89027 41.01607 -123.88692 41.02007 -123.8762 41.01397 -123.86851 41.00505 -123.86369 40.99614 -123.85888 40.97787 -123.84861 40.96489 -123.84294 40.95599 -123.83752 40.94417 -123.83801 40.9356 -123.83627 40.9246 -123.82586 40.91702 -123.82174 40.91175 -123.81655 40.90545 -123.81495 40.89787 -123.81084 40.89006 -123.81341 40.87638 -123.80163 40.86651 -123.79799 40.85736 -123.78648 40.84949 -123.7775 40.83868 -123.77502 40.81764 -123.76585 40.81202 -123.75761 40.80052 -123.74841 40.79113 -123.7442 40.78171 -123.7406 40.77151 -123.73331 40.76932 -123.73074 40.76315 -123.72552 40.75639 -123.7239 40.7505 -123.72355 40.72046 -123.71205 40.71502 -123.71173 40.7116 -123.71881 40.70705 -123.71915</gml:posList></gml:LineString></georss:where></item><item><guid isPermaLink="false">89a7b1e0-ddd5-4eaf-91cd-22e4c5c24334</guid><a10:author><a10:name>Simon Hope</a10:name></a10:author><title /><description /><pubDate>Tue, 01 May 2012 21:57:27 +1000</pubDate><a10:link href="http://www.mapbutcher.com/" /><a10:rights type="text">Copyright 2011</a10:rights><a10:content type="text"></a10:content><a10:contributor><a10:name>mapbutcher@mapbutcher.com</a10:name></a10:contributor><georss:where><gml:LineString><gml:posList>40.69207 -122.44926 40.69982 -122.44776 40.70401 -122.44308 40.70541 -122.44132 40.70744 -122.43231 40.7084 -122.42992 40.70846 -122.4275 40.71037 -122.42333 40.71551 -122.41687</gml:posList></gml:LineString></georss:where></item><item><guid isPermaLink="false">47db7caa-6755-4ea6-bc8a-dabbbed75fca</guid><a10:author><a10:name>Simon Hope</a10:name></a10:author><title /><description /><pubDate>Tue, 01 May 2012 21:57:27 +1000</pubDate><a10:link href="http://www.mapbutcher.com/" /><a10:rights type="text">Copyright 2011</a10:rights><a10:content type="text"></a10:content><a10:contributor><a10:name>mapbutcher@mapbutcher.com</a10:name></a10:contributor><georss:where><gml:LineString><gml:posList>40.65609 -122.99093 40.6551 -123.01028 40.65569 -123.02183 40.66098 -123.02754 40.66821 -123.02851 40.68588 -123.02999 40.69898 -123.04823 40.71649 -123.05518 40.72102 -123.0554 40.7251 -123.0556</gml:posList></gml:LineString></georss:where></item><item><guid isPermaLink="false">75d0fef0-e0de-43ef-9cb6-cf0abd136e38</guid><a10:author><a10:name>Simon Hope</a10:name></a10:author><title /><description /><pubDate>Tue, 01 May 2012 21:57:27 +1000</pubDate><a10:link href="http://www.mapbutcher.com/" /><a10:rights type="text">Copyright 2011</a10:rights><a10:content type="text"></a10:content><a10:contributor><a10:name>mapbutcher@mapbutcher.com</a10:name></a10:contributor><georss:where><gml:LineString><gml:posList>40.64705 -122.62377 40.66309 -122.63599 40.67803 -122.63725 40.68341 -122.63992 40.69292 -122.64095 40.69849 -122.63573 40.6978 -122.62721 40.70014 -122.62428 40.70518 -122.62208 40.70881 -122.62224 40.71292 -122.62121 40.71615 -122.61892 40.72076 -122.61609 40.72714 -122.61516 40.73484 -122.61549 40.74281 -122.62373 40.74837 -122.61912 40.7557 -122.6164 40.75806 -122.61287 40.76311 -122.61005 40.76898 -122.61153 40.77578 -122.61182 40.78167 -122.61208 40.78986 -122.61122 40.79716 -122.60973 40.8049 -122.60885 40.81353 -122.60862 40.82217 -122.60778 40.82899 -122.60747 40.84116 -122.61104 40.8447 -122.596 40.84799 -122.59129 40.8526 -122.58845 40.85721 -122.58561 40.8627 -122.58342 40.87149 -122.5765 40.87772 -122.58163 40.8845 -122.58315 40.88867 -122.57967 40.89238 -122.57619 40.90462 -122.57672 40.91302 -122.58621 40.9202 -122.58957 40.92792 -122.58929</gml:posList></gml:LineString></georss:where></item><item><guid isPermaLink="false">92aedd73-53ec-4a1d-8e44-1963ccc2fdaf</guid><a10:author><a10:name>Simon Hope</a10:name></a10:author><title /><description /><pubDate>Tue, 01 May 2012 21:57:27 +1000</pubDate><a10:link href="http://www.mapbutcher.com/" /><a10:rights type="text">Copyright 2011</a10:rights><a10:content type="text"></a10:content><a10:contributor><a10:name>mapbutcher@mapbutcher.com</a10:name></a10:contributor><georss:where><gml:LineString><gml:posList>40.72492 -122.79285 40.72043 -122.80842 40.71735 -122.80463 40.71502 -122.80695 40.70907 -122.8091 40.70219 -122.81181 40.7033 -122.82157 40.71239 -122.82078 40.71457 -122.82452 40.71972 -122.83569 40.70251 -122.83427 40.704 -122.84647 40.69379 -122.85509 40.69368 -122.85933 40.69247 -122.8708 40.68175 -122.8812 40.67714 -122.88402 40.67827 -122.89256 40.68889 -122.88579 40.69101 -122.89135 40.67652 -122.90704 40.67613 -122.92157 40.66878 -122.92485 40.66914 -122.91153 40.66602 -122.90956 40.66348 -122.90277 40.65946 -122.90015 40.65588 -122.89816 40.65959 -122.91228 40.66076 -122.91962 40.65908 -122.93105 40.6571 -122.93702 40.65515 -122.94238 40.65271 -122.94833 40.64567 -122.95708 40.64636 -122.96499 40.65546 -122.96422 40.66092 -122.96388 40.66535 -122.96774 40.66379 -122.97493 40.65609 -122.99093</gml:posList></gml:LineString></georss:where></item><item><guid isPermaLink="false">88b77fae-980b-439f-8ca8-82a4fcb78f6f</guid><a10:author><a10:name>Simon Hope</a10:name></a10:author><title /><description /><pubDate>Tue, 01 May 2012 21:57:27 +1000</pubDate><a10:link href="http://www.mapbutcher.com/" /><a10:rights type="text">Copyright 2011</a10:rights><a10:content type="text"></a10:content><a10:contributor><a10:name>mapbutcher@mapbutcher.com</a10:name></a10:contributor><georss:where><gml:LineString><gml:posList>40.63595 -120.0086 40.64227 -120.01591 40.64539 -120.02744 40.64942 -120.04201 40.65435 -120.05416 40.65384 -120.06809 40.65516 -120.07658 40.65605 -120.08022 40.66511 -120.08273 40.6696 -120.09306 40.67185 -120.09732 40.67773 -120.10101 40.68222 -120.10953 40.68354 -120.11924 40.69397 -120.11933 40.70667 -120.11884 40.71846 -120.12076 40.72844 -120.11903 40.73615 -120.1203 40.74068 -120.11974 40.74747 -120.12283 40.75018 -120.1271 40.74879 -120.13133 40.74652 -120.13313 40.74286 -120.13917 40.74057 -120.14339 40.73872 -120.15126 40.73867 -120.15975 40.73729 -120.16277 40.73953 -120.16825 40.74085 -120.17615 40.7399 -120.18403 40.74707 -120.19926 40.74885 -120.20657 40.74699 -120.21504</gml:posList></gml:LineString></georss:where></item><item><guid isPermaLink="false">904de181-56e6-4411-b87d-fd3fe25d15ee</guid><a10:author><a10:name>Simon Hope</a10:name></a10:author><title /><description /><pubDate>Tue, 01 May 2012 21:57:27 +1000</pubDate><a10:link href="http://www.mapbutcher.com/" /><a10:rights type="text">Copyright 2011</a10:rights><a10:content type="text"></a10:content><a10:contributor><a10:name>mapbutcher@mapbutcher.com</a10:name></a10:contributor><georss:where><gml:LineString><gml:posList>40.72492 -122.79285 40.71239 -122.7862 40.70267 -122.77604 40.68986 -122.76211 40.67682 -122.73968 40.65854 -122.70914 40.64313 -122.67208 40.6355 -122.65053 40.6408 -122.63804 40.64705 -122.62377</gml:posList></gml:LineString></georss:where></item><item><guid isPermaLink="false">db73d287-2f4f-47ac-a8ec-1750f31a6bad</guid><a10:author><a10:name>Simon Hope</a10:name></a10:author><title /><description /><pubDate>Tue, 01 May 2012 21:57:27 +1000</pubDate><a10:link href="http://www.mapbutcher.com/" /><a10:rights type="text">Copyright 2011</a10:rights><a10:content type="text"></a10:content><a10:contributor><a10:name>mapbutcher@mapbutcher.com</a10:name></a10:contributor><georss:where><gml:LineString><gml:posList>40.61536 -122.52726 40.6179 -122.51585 40.62231 -122.50211 40.62553 -122.48104 40.62925 -122.45759</gml:posList></gml:LineString></georss:where></item><item><guid isPermaLink="false">2d586218-1f62-4cb4-8a83-c2bfb3071623</guid><a10:author><a10:name>Simon Hope</a10:name></a10:author><title /><description /><pubDate>Tue, 01 May 2012 21:57:27 +1000</pubDate><a10:link href="http://www.mapbutcher.com/" /><a10:rights type="text">Copyright 2011</a10:rights><a10:content type="text"></a10:content><a10:contributor><a10:name>mapbutcher@mapbutcher.com</a10:name></a10:contributor><georss:where><gml:LineString><gml:posList>40.88981 -123.60104 40.88569 -123.60202 40.88075 -123.60052 40.87815 -123.61071 40.87978 -123.61628 40.87492 -123.61234 40.87474 -123.60382 40.87038 -123.5981 40.86597 -123.59419 40.86577 -123.58627 40.86398 -123.58556 40.85931 -123.58955 40.85695 -123.59245 40.85389 -123.58863 40.85414 -123.58074 40.85054 -123.57992 40.84646 -123.57969 40.83933 -123.57563 40.8391 -123.56832 40.83684 -123.56819 40.83355 -123.57165 40.83136 -123.56909 40.82923 -123.56471 40.82509 -123.5663 40.82174 -123.57158 40.81721 -123.57132 40.80653 -123.56463 40.8058 -123.55912 40.79447 -123.55846 40.78891 -123.56179 40.79475 -123.56395 40.79504 -123.56883 40.79008 -123.56793 40.78462 -123.56823 40.78474 -123.56459 40.78572 -123.56222 40.7821 -123.56201 40.77977 -123.5637 40.7767 -123.56049 40.77283 -123.55358 40.77102 -123.55348 40.76633 -123.55807 40.76195 -123.55296 40.75819 -123.557 40.75457 -123.55679 40.75421 -123.55373 40.75149 -123.55358 40.74822 -123.55643 40.74464 -123.55501 40.74251 -123.55064 40.73494 -123.54596 40.73048 -123.54327 40.72615 -123.53696 40.71924 -123.52564 40.71379 -123.52594 40.70267 -123.51864 40.69951 -123.51785 40.69075 -123.50765 40.68392 -123.50848 40.6741 -123.50307 40.66857 -123.50579 40.66332 -123.49944 40.65989 -123.49318 40.65481 -123.49593 40.65026 -123.49628 40.64486 -123.49476 40.63865 -123.49017 40.637 -123.48462 40.63353 -123.47958 40.62324 -123.47475 40.61454 -123.46275 40.61344 -123.4542</gml:posList></gml:LineString></georss:where></item><item><guid isPermaLink="false">f06e7c2a-bb13-4893-8077-3a432f5f3b45</guid><a10:author><a10:name>Simon Hope</a10:name></a10:author><title /><description /><pubDate>Tue, 01 May 2012 21:57:27 +1000</pubDate><a10:link href="http://www.mapbutcher.com/" /><a10:rights type="text">Copyright 2011</a10:rights><a10:content type="text"></a10:content><a10:contributor><a10:name>mapbutcher@mapbutcher.com</a10:name></a10:contributor><georss:where><gml:LineString><gml:posList>40.59732 -122.54163 40.59929 -122.53506</gml:posList></gml:LineString></georss:where></item><item><guid isPermaLink="false">7efde1cd-0bbc-4106-8b82-d3a0d28df488</guid><a10:author><a10:name>Simon Hope</a10:name></a10:author><title /><description /><pubDate>Tue, 01 May 2012 21:57:27 +1000</pubDate><a10:link href="http://www.mapbutcher.com/" /><a10:rights type="text">Copyright 2011</a10:rights><a10:content type="text"></a10:content><a10:contributor><a10:name>mapbutcher@mapbutcher.com</a10:name></a10:contributor><georss:where><gml:LineString><gml:posList>40.59665 -122.5507 40.59732 -122.54163</gml:posList></gml:LineString></georss:where></item><item><guid isPermaLink="false">21672a1f-f298-45a7-847e-259caf019729</guid><a10:author><a10:name>Simon Hope</a10:name></a10:author><title /><description /><pubDate>Tue, 01 May 2012 21:57:27 +1000</pubDate><a10:link href="http://www.mapbutcher.com/" /><a10:rights type="text">Copyright 2011</a10:rights><a10:content type="text"></a10:content><a10:contributor><a10:name>mapbutcher@mapbutcher.com</a10:name></a10:contributor><georss:where><gml:LineString><gml:posList>40.56662 -121.29765 40.61423 -121.29886 40.62468 -121.29791 40.6306 -121.29624 40.63517 -121.29394 40.63928 -121.29162 40.64566 -121.28935 40.64978 -121.28703 40.65656 -121.28902 40.6643 -121.28679 40.66844 -121.28265 40.67252 -121.28336 40.67613 -121.28466 40.68062 -121.2878 40.68372 -121.29273 40.68639 -121.29644 40.69268 -121.30084 40.69489 -121.30514 40.69711 -121.30884 40.70376 -121.31931 40.7082 -121.32671 40.71268 -121.32985 40.71902 -121.33062 40.72494 -121.32956 40.73081 -121.33153 40.73488 -121.33224 40.73895 -121.33295 40.74391 -121.33551 40.7466 -121.33739 40.74749 -121.33863</gml:posList></gml:LineString></georss:where></item><item><guid isPermaLink="false">b0a45a3d-60a0-4dc7-afa0-539f5304251a</guid><a10:author><a10:name>Simon Hope</a10:name></a10:author><title /><description /><pubDate>Tue, 01 May 2012 21:57:27 +1000</pubDate><a10:link href="http://www.mapbutcher.com/" /><a10:rights type="text">Copyright 2011</a10:rights><a10:content type="text"></a10:content><a10:contributor><a10:name>mapbutcher@mapbutcher.com</a10:name></a10:contributor><georss:where><gml:LineString><gml:posList>40.60398 -123.76031 40.59892 -123.77576 40.59806 -123.78783 40.60088 -123.7983 40.60125 -123.81408 40.61009 -123.82128 40.6138 -123.83241 40.61017 -123.84553 40.61212 -123.86807 40.61509 -123.88705 40.62017 -123.89766 40.61751 -123.90901 40.60071 -123.90919 40.59536 -123.91916 40.5894 -123.93394 40.57544 -123.93064 40.56983 -123.93513 40.56546 -123.94334</gml:posList></gml:LineString></georss:where></item><item><guid isPermaLink="false">271e9e03-abcb-40ce-8072-6eb343197418</guid><a10:author><a10:name>Simon Hope</a10:name></a10:author><title /><description /><pubDate>Tue, 01 May 2012 21:57:27 +1000</pubDate><a10:link href="http://www.mapbutcher.com/" /><a10:rights type="text">Copyright 2011</a10:rights><a10:content type="text"></a10:content><a10:contributor><a10:name>mapbutcher@mapbutcher.com</a10:name></a10:contributor><georss:where><gml:LineString><gml:posList>40.70555 -121.98946 40.69889 -122.005 40.69783 -122.01285 40.6982 -122.01711 40.69986 -122.02505 40.6918 -122.04234 40.68855 -122.04587 40.68865 -122.06346 40.68583 -122.06821 40.67859 -122.06734 40.67631 -122.06786 40.67028 -122.07432 40.66344 -122.07589 40.65615 -122.07745 40.64893 -122.07536 40.63968 -122.08411 40.63408 -122.09179 40.62379 -122.10656 40.61964 -122.11005 40.61625 -122.12022 40.61424 -122.12984 40.60849 -122.14416 40.60429 -122.15005 40.60232 -122.15725 40.5958 -122.16549 40.58793 -122.17307 40.57873 -122.17877 40.56951 -122.18569 40.56433 -122.19457 40.56321 -122.20482 40.56151 -122.22049</gml:posList></gml:LineString></georss:where></item><item><guid isPermaLink="false">d3cfdfda-bf38-487b-a032-29a0e1324ff8</guid><a10:author><a10:name>Simon Hope</a10:name></a10:author><title /><description /><pubDate>Tue, 01 May 2012 21:57:27 +1000</pubDate><a10:link href="http://www.mapbutcher.com/" /><a10:rights type="text">Copyright 2011</a10:rights><a10:content type="text"></a10:content><a10:contributor><a10:name>mapbutcher@mapbutcher.com</a10:name></a10:contributor><georss:where><gml:LineString><gml:posList>40.56151 -122.22049 40.55673 -122.23181</gml:posList></gml:LineString></georss:where></item><item><guid isPermaLink="false">9b60ad39-13cf-48ae-9f73-152bd2e3cc8c</guid><a10:author><a10:name>Simon Hope</a10:name></a10:author><title /><description /><pubDate>Tue, 01 May 2012 21:57:27 +1000</pubDate><a10:link href="http://www.mapbutcher.com/" /><a10:rights type="text">Copyright 2011</a10:rights><a10:content type="text"></a10:content><a10:contributor><a10:name>mapbutcher@mapbutcher.com</a10:name></a10:contributor><georss:where><gml:LineString><gml:posList>40.75183 -121.82178 40.75574 -121.83101 40.75651 -121.83892 40.75316 -121.84792 40.75391 -121.85644 40.7597 -121.86269 40.75579 -121.87774 40.75782 -121.89056 40.76587 -121.89629 40.76647 -121.9127 40.76214 -121.9259 40.74876 -121.93697 40.74436 -121.95381 40.74174 -121.99499 40.73738 -122.00879 40.74212 -122.0217 40.75016 -122.02805 40.7482 -122.03527 40.74614 -122.04733 40.74418 -122.05454 40.7408 -122.06474 40.73704 -122.07127 40.72698 -122.07516 40.71964 -122.07914 40.71143 -122.08127 40.70676 -122.08777 40.69681 -122.0862 40.69086 -122.0884 40.68447 -122.0906 40.67834 -122.10189 40.6777 -122.11096 40.67503 -122.13026 40.67215 -122.13804 40.66707 -122.14209 40.66722 -122.15665 40.66479 -122.16443 40.66093 -122.1752 40.65944 -122.18121 40.65125 -122.20393 40.64664 -122.20739 40.64472 -122.21216 40.63282 -122.21716 40.62591 -122.22175 40.61348 -122.23035 40.59677 -122.22668 40.58174 -122.22913 40.56858 -122.22924 40.55673 -122.23181</gml:posList></gml:LineString></georss:where></item><item><guid isPermaLink="false">35ec9882-97e8-4a28-8a2b-b78dda3d45ee</guid><a10:author><a10:name>Simon Hope</a10:name></a10:author><title /><description /><pubDate>Tue, 01 May 2012 21:57:27 +1000</pubDate><a10:link href="http://www.mapbutcher.com/" /><a10:rights type="text">Copyright 2011</a10:rights><a10:content type="text"></a10:content><a10:contributor><a10:name>mapbutcher@mapbutcher.com</a10:name></a10:contributor><georss:where><gml:LineString><gml:posList>40.72229 -121.79958 40.71621 -121.8097 40.7146 -121.82299 40.71119 -121.83562 40.70185 -121.84986 40.70359 -121.87842 40.69592 -121.9006 40.70133 -121.92625 40.70312 -121.95118 40.70333 -121.96331 40.69181 -121.97262 40.69251 -121.98356 40.68999 -121.9962 40.67334 -122.01199 40.6651 -122.01593 40.65684 -122.02049 40.65101 -122.01725 40.64736 -122.01833 40.64133 -122.02479 40.63033 -122.03046 40.62457 -122.04601 40.6212 -122.05557 40.61932 -122.05914 40.61512 -122.06505 40.61183 -122.07038 40.60755 -122.07992 40.60513 -122.0871 40.60044 -122.0948 40.59758 -122.10136 40.59378 -122.1097 40.58775 -122.11614 40.58177 -122.12016 40.5766 -122.12905 40.57375 -122.135 40.57 -122.14091 40.56718 -122.14565 40.56186 -122.16119 40.55585 -122.16641 40.55266 -122.18869</gml:posList></gml:LineString></georss:where></item><item><guid isPermaLink="false">aeb917c0-61b6-40e3-8518-c8603c2f28ff</guid><a10:author><a10:name>Simon Hope</a10:name></a10:author><title /><description /><pubDate>Tue, 01 May 2012 21:57:27 +1000</pubDate><a10:link href="http://www.mapbutcher.com/" /><a10:rights type="text">Copyright 2011</a10:rights><a10:content type="text"></a10:content><a10:contributor><a10:name>mapbutcher@mapbutcher.com</a10:name></a10:contributor><georss:where><gml:LineString><gml:posList>40.55266 -122.18869 40.55696 -122.19975 40.55724 -122.20823 40.55572 -122.21543 40.56151 -122.22049</gml:posList></gml:LineString></georss:where></item><item><guid isPermaLink="false">a9b059ae-1832-44f7-8aad-0fca11bbc4ee</guid><a10:author><a10:name>Simon Hope</a10:name></a10:author><title /><description /><pubDate>Tue, 01 May 2012 21:57:27 +1000</pubDate><a10:link href="http://www.mapbutcher.com/" /><a10:rights type="text">Copyright 2011</a10:rights><a10:content type="text"></a10:content><a10:contributor><a10:name>mapbutcher@mapbutcher.com</a10:name></a10:contributor><georss:where><gml:LineString><gml:posList>40.58751 -120.09057 40.57667 -120.0826 40.56227 -120.05647 40.55323 -120.04854 40.54742 -120.02914 40.54974 -120.01585 40.55204 -120.0086 40.54909 -119.99788 40.54891 -119.99724</gml:posList></gml:LineString></georss:where></item><item><guid isPermaLink="false">fc414fb3-54e8-4bad-9314-79afc8c22ab4</guid><a10:author><a10:name>Simon Hope</a10:name></a10:author><title /><description /><pubDate>Tue, 01 May 2012 21:57:27 +1000</pubDate><a10:link href="http://www.mapbutcher.com/" /><a10:rights type="text">Copyright 2011</a10:rights><a10:content type="text"></a10:content><a10:contributor><a10:name>mapbutcher@mapbutcher.com</a10:name></a10:contributor><georss:where><gml:LineString><gml:posList>40.56894 -119.9707 40.56264 -119.96806 40.55859 -119.96611 40.55719 -119.96848 40.55531 -119.97144 40.55302 -119.97257 40.55075 -119.9731 40.54797 -119.97603 40.54608 -119.97959 40.54506 -119.98561 40.54631 -119.9911 40.54817 -119.99548 40.54891 -119.99724</gml:posList></gml:LineString></georss:where></item><item><guid isPermaLink="false">4cf7ed0e-1eff-4547-9ce9-30041502fd6d</guid><a10:author><a10:name>Simon Hope</a10:name></a10:author><title /><description /><pubDate>Tue, 01 May 2012 21:57:27 +1000</pubDate><a10:link href="http://www.mapbutcher.com/" /><a10:rights type="text">Copyright 2011</a10:rights><a10:content type="text"></a10:content><a10:contributor><a10:name>mapbutcher@mapbutcher.com</a10:name></a10:contributor><georss:where><gml:LineString><gml:posList>40.6199 -121.68845 40.6197 -121.69996 40.61985 -121.71753 40.61918 -121.72962 40.61896 -121.74233 40.61738 -121.75439 40.61497 -121.7628 40.61162 -121.77238 40.60875 -121.78077 40.60586 -121.78976 40.60304 -121.79512 40.60199 -121.80296 40.60223 -121.81509 40.60567 -121.82489 40.60825 -121.83284 40.60527 -121.84728 40.60371 -121.85752 40.5983 -121.88036 40.59903 -121.88947 40.60071 -121.89678 40.60283 -121.90473 40.59632 -121.91299 40.59354 -121.91592 40.59166 -121.91949 40.58701 -121.92538 40.58501 -121.93501 40.58485 -121.94347 40.5856 -121.95137 40.5873 -121.95749 40.5872 -121.96233 40.58753 -121.96899 40.58744 -121.97384 40.58911 -121.98116 40.5908 -121.98727 40.59058 -121.99877 40.58678 -122.00712 40.58438 -122.01369 40.5807 -122.01659 40.57958 -122.02684 40.57178 -122.0314 40.56455 -122.02994 40.55981 -122.04005 40.55593 -122.05263 40.55437 -122.06226 40.55377 -122.0695 40.55127 -122.0809 40.54696 -122.09225 40.54438 -122.10728 40.54472 -122.11274 40.54287 -122.13628</gml:posList></gml:LineString></georss:where></item><item><guid isPermaLink="false">11f1ea2c-2261-44c2-bba7-514a9755ff7d</guid><a10:author><a10:name>Simon Hope</a10:name></a10:author><title /><description /><pubDate>Tue, 01 May 2012 21:57:27 +1000</pubDate><a10:link href="http://www.mapbutcher.com/" /><a10:rights type="text">Copyright 2011</a10:rights><a10:content type="text"></a10:content><a10:contributor><a10:name>mapbutcher@mapbutcher.com</a10:name></a10:contributor><georss:where><gml:LineString><gml:posList>40.64262 -121.66007 40.64429 -121.668 40.65414 -121.67618 40.66139 -121.6764 40.66248 -121.69219 40.66682 -121.70323 40.66919 -121.72392 40.68654 -121.74325 40.69042 -121.75489 40.68744 -121.79482 40.68994 -121.80703 40.68346 -121.81409 40.68237 -121.82375 40.68077 -121.83704 40.68243 -121.84558 40.68271 -121.85468 40.68213 -121.86134 40.67871 -121.87456 40.675 -121.87868 40.673 -121.88892 40.66745 -121.89418 40.65965 -121.89877 40.65006 -121.90208 40.64496 -121.90797 40.64119 -121.91512 40.63738 -121.92467 40.63403 -121.93426 40.63258 -121.93845 40.63067 -121.94383 40.62962 -121.95107 40.62904 -121.95771 40.62606 -121.97094 40.62313 -121.98113 40.61875 -121.99673 40.61813 -122.00519 40.61489 -122.0081 40.61337 -122.01653 40.61186 -122.02374 40.6113 -122.02917 40.60984 -122.03397 40.60795 -122.03754 40.60334 -122.04161 40.6014 -122.0476 40.60079 -122.05545 40.6002 -122.06209 40.59877 -122.06567 40.59375 -122.06731 40.58784 -122.0677 40.58326 -122.06995 40.58051 -122.07107 40.57671 -122.07941 40.57204 -122.08589 40.56831 -122.0906 40.56548 -122.09595 40.56222 -122.10006 40.55763 -122.10292 40.55435 -122.10764 40.5556 -122.11314 40.55175 -122.12389 40.54287 -122.13628</gml:posList></gml:LineString></georss:where></item><item><guid isPermaLink="false">bff70c0a-81c7-436a-8685-f518361a3a73</guid><a10:author><a10:name>Simon Hope</a10:name></a10:author><title /><description /><pubDate>Tue, 01 May 2012 21:57:27 +1000</pubDate><a10:link href="http://www.mapbutcher.com/" /><a10:rights type="text">Copyright 2011</a10:rights><a10:content type="text"></a10:content><a10:contributor><a10:name>mapbutcher@mapbutcher.com</a10:name></a10:contributor><georss:where><gml:LineString><gml:posList>40.53913 -124.15788 40.55061 -124.15439 40.56787 -124.1543 40.57821 -124.15742 40.58113 -124.16427 40.58367 -124.16929 40.58936 -124.17511 40.59381 -124.17722 40.60848 -124.19819 40.61192 -124.20327 40.61265 -124.20817 40.61105 -124.21473 40.61309 -124.22092 40.61517 -124.22591 40.6173 -124.22969 40.61755 -124.23517 40.61551 -124.24109 40.618 -124.24732 40.62335 -124.2501 40.62319 -124.25433 40.6202 -124.26141 40.61803 -124.27097 40.61999 -124.27898 40.62078 -124.28207 40.62024 -124.29659 40.62019 -124.29779</gml:posList></gml:LineString></georss:where></item><item><guid isPermaLink="false">c92d98a4-dccd-4a79-8568-46b22b5e5d62</guid><a10:author><a10:name>Simon Hope</a10:name></a10:author><title /><description /><pubDate>Tue, 01 May 2012 21:57:27 +1000</pubDate><a10:link href="http://www.mapbutcher.com/" /><a10:rights type="text">Copyright 2011</a10:rights><a10:content type="text"></a10:content><a10:contributor><a10:name>mapbutcher@mapbutcher.com</a10:name></a10:contributor><georss:where><gml:LineString><gml:posList>40.54287 -122.13628 40.5392 -122.15974 40.53909 -122.16518 40.54085 -122.16766 40.54172 -122.16952 40.54484 -122.17205 40.54325 -122.18288 40.55266 -122.18869</gml:posList></gml:LineString></georss:where></item><item><guid isPermaLink="false">a0e8cc75-afcf-4b21-8947-adeaa5e25213</guid><a10:author><a10:name>Simon Hope</a10:name></a10:author><title /><description /><pubDate>Tue, 01 May 2012 21:57:27 +1000</pubDate><a10:link href="http://www.mapbutcher.com/" /><a10:rights type="text">Copyright 2011</a10:rights><a10:content type="text"></a10:content><a10:contributor><a10:name>mapbutcher@mapbutcher.com</a10:name></a10:contributor><georss:where><gml:LineString><gml:posList>40.57955 -121.78952 40.57528 -121.80028 40.57405 -121.81779 40.56793 -121.8297 40.56419 -121.83564 40.56573 -121.85082 40.56513 -121.85867 40.57118 -121.8746 40.56636 -121.88958 40.5588 -121.90566 40.5509 -121.91569 40.54977 -121.92715 40.54369 -121.93661 40.53468 -121.95688</gml:posList></gml:LineString></georss:where></item><item><guid isPermaLink="false">9bd9c49f-6450-4cda-a3a3-4c0e727884f1</guid><a10:author><a10:name>Simon Hope</a10:name></a10:author><title /><description /><pubDate>Tue, 01 May 2012 21:57:27 +1000</pubDate><a10:link href="http://www.mapbutcher.com/" /><a10:rights type="text">Copyright 2011</a10:rights><a10:content type="text"></a10:content><a10:contributor><a10:name>mapbutcher@mapbutcher.com</a10:name></a10:contributor><georss:where><gml:LineString><gml:posList>40.56546 -123.94334 40.56212 -123.94798 40.56409 -123.95659 40.56545 -123.96939 40.57475 -123.97604 40.57845 -123.98717 40.57692 -123.99192 40.57372 -124.00505 40.56762 -124.01072 40.56292 -124.01527 40.56277 -124.0195 40.56945 -124.02295 40.57159 -124.02673 40.57141 -124.03156 40.57176 -124.03461 40.57452 -124.0463 40.56714 -124.04946 40.56192 -124.05579 40.55648 -124.05544 40.55171 -124.0618 40.54433 -124.06496 40.54 -124.05923 40.53785 -124.05607 40.53601 -124.05656 40.53599 -124.05716 40.53312 -124.06121 40.52835 -124.06757 40.5214 -124.07136</gml:posList></gml:LineString></georss:where></item><item><guid isPermaLink="false">74ecd693-c600-4756-9374-571373cc08c9</guid><a10:author><a10:name>Simon Hope</a10:name></a10:author><title /><description /><pubDate>Tue, 01 May 2012 21:57:27 +1000</pubDate><a10:link href="http://www.mapbutcher.com/" /><a10:rights type="text">Copyright 2011</a10:rights><a10:content type="text"></a10:content><a10:contributor><a10:name>mapbutcher@mapbutcher.com</a10:name></a10:contributor><georss:where><gml:LineString><gml:posList>40.5214 -124.07136 40.52562 -124.08011 40.52633 -124.0856 40.52285 -124.09385 40.5263 -124.09892 40.52703 -124.10381 40.52774 -124.10931 40.5294 -124.11365 40.53063 -124.11736 40.53308 -124.12479 40.53462 -124.14487 40.53913 -124.15788</gml:posList></gml:LineString></georss:where></item><item><guid isPermaLink="false">1a38cc74-87d2-4d7d-8f14-2206dd251c03</guid><a10:author><a10:name>Simon Hope</a10:name></a10:author><title /><description /><pubDate>Tue, 01 May 2012 21:57:27 +1000</pubDate><a10:link href="http://www.mapbutcher.com/" /><a10:rights type="text">Copyright 2011</a10:rights><a10:content type="text"></a10:content><a10:contributor><a10:name>mapbutcher@mapbutcher.com</a10:name></a10:contributor><georss:where><gml:LineString><gml:posList>40.67676 -120.78161 40.67488 -120.78764 40.66441 -120.79169 40.65936 -120.79826 40.66104 -120.81041 40.66052 -120.81706 40.65818 -120.82369 40.65585 -120.8297 40.66709 -120.83961 40.67247 -120.84516 40.67833 -120.84892 40.68189 -120.85564 40.67993 -120.86955 40.67983 -120.87804 40.68114 -120.88291 40.68558 -120.89148 40.68964 -120.89459 40.69321 -120.89951 40.69223 -120.90616 40.69083 -120.90977 40.69033 -120.9134 40.69158 -120.92373 40.69605 -120.92928 40.69874 -120.93237 40.6996 -120.93602 40.69865 -120.94025 40.69632 -120.94566 40.69177 -120.94677 40.68676 -120.94849 40.68584 -120.94968 40.6826 -120.95507 40.6829 -120.96841 40.67343 -120.96397 40.66931 -120.96692 40.66517 -120.97169 40.66323 -120.98255 40.64966 -120.97924 40.6451 -120.98096 40.63786 -120.9796 40.62839 -120.97456 40.62433 -120.97326 40.61886 -120.97557 40.61064 -120.98025 40.60571 -120.97469 40.60253 -120.97523 40.60161 -120.97643 40.59467 -120.98779 40.59141 -120.99558 40.58905 -121.0034 40.58445 -121.00876 40.58345 -121.0166 40.58065 -121.0232 40.57787 -121.02798 40.57464 -121.03215 40.57278 -121.03574 40.57133 -121.04358 40.57259 -121.05148 40.56754 -121.05681 40.57198 -121.06477 40.57368 -121.07329 40.57305 -121.0878 40.57474 -121.09752 40.57416 -121.1078 40.56733 -121.10946 40.56274 -121.11359 40.55415 -121.11158 40.55139 -121.11454 40.54809 -121.12475 40.54156 -121.13852 40.53373 -121.14802 40.51469 -121.14636</gml:posList></gml:LineString></georss:where></item><item><guid isPermaLink="false">d65fff06-6598-47c6-aefb-d5ed2b6a8ae3</guid><a10:author><a10:name>Simon Hope</a10:name></a10:author><title /><description /><pubDate>Tue, 01 May 2012 21:57:27 +1000</pubDate><a10:link href="http://www.mapbutcher.com/" /><a10:rights type="text">Copyright 2011</a10:rights><a10:content type="text"></a10:content><a10:contributor><a10:name>mapbutcher@mapbutcher.com</a10:name></a10:contributor><georss:where><gml:LineString><gml:posList>40.5125 -121.45958 40.52251 -121.45744 40.53401 -121.44746 40.53766 -121.44636 40.54221 -121.44527 40.55533 -121.44744 40.5592 -121.46086 40.56726 -121.46835 40.5817 -121.47298 40.59124 -121.47204 40.6048 -121.47544 40.61123 -121.47017 40.61847 -121.47158 40.62763 -121.46577 40.63981 -121.47035 40.64397 -121.46501 40.6512 -121.46703 40.66247 -121.47159 40.66392 -121.46617 40.66492 -121.45953 40.66866 -121.45297 40.67416 -121.44888 40.67601 -121.44711 40.6784 -121.43869 40.68305 -121.43154 40.6945 -121.42458 40.70082 -121.42596 40.70534 -121.4273 40.70986 -121.42863 40.71391 -121.43117 40.71886 -121.43372 40.72245 -121.43565 40.72646 -121.44061 40.73047 -121.44556 40.73309 -121.45231 40.74483 -121.45567 40.74503 -121.47266 40.75436 -121.48505 40.75837 -121.48942 40.76423 -121.492 40.77102 -121.49341 40.77689 -121.49479 40.78177 -121.50221 40.78987 -121.50608 40.79894 -121.50634 40.80762 -121.50294 40.82156 -121.51062 40.82883 -121.50961 40.83382 -121.51036 40.8383 -121.51353 40.84457 -121.51856 40.84636 -121.52044 40.84621 -121.52955 40.84743 -121.5387 40.85094 -121.54609 40.85227 -121.54795 40.86169 -121.55491 40.86672 -121.55262 40.87218 -121.55157 40.87664 -121.55656 40.88471 -121.56226 40.89248 -121.55884 40.90113 -121.55727 40.91206 -121.55454 40.91935 -121.55293 40.9258 -121.54642 40.93213 -121.54843 40.93942 -121.54621 40.94622 -121.54641 40.95754 -121.54855 40.96255 -121.54749 40.96706 -121.54884 40.97382 -121.55207</gml:posList></gml:LineString></georss:where></item><item><guid isPermaLink="false">53d8f56c-89c8-4f82-a6d0-e2def76018d2</guid><a10:author><a10:name>Simon Hope</a10:name></a10:author><title /><description /><pubDate>Tue, 01 May 2012 21:57:27 +1000</pubDate><a10:link href="http://www.mapbutcher.com/" /><a10:rights type="text">Copyright 2011</a10:rights><a10:content type="text"></a10:content><a10:contributor><a10:name>mapbutcher@mapbutcher.com</a10:name></a10:contributor><georss:where><gml:LineString><gml:posList>40.50737 -120.31179 40.51101 -120.31123 40.51825 -120.31313 40.52969 -120.29753 40.53746 -120.28794 40.54247 -120.28497 40.54748 -120.28079 40.55704 -120.27605 40.55979 -120.27065 40.56753 -120.26528 40.57164 -120.26048 40.57757 -120.25571 40.58578 -120.24792 40.6044 -120.24267 40.61391 -120.2458 40.61842 -120.24947 40.62338 -120.25619 40.63107 -120.2599 40.63827 -120.26846 40.64051 -120.27333 40.6432 -120.2776 40.65133 -120.28496 40.67304 -120.29429 40.68159 -120.30347</gml:posList></gml:LineString></georss:where></item><item><guid isPermaLink="false">9f2c6833-f8d6-41af-8dc3-87554937f7dd</guid><a10:author><a10:name>Simon Hope</a10:name></a10:author><title /><description /><pubDate>Tue, 01 May 2012 21:57:27 +1000</pubDate><a10:link href="http://www.mapbutcher.com/" /><a10:rights type="text">Copyright 2011</a10:rights><a10:content type="text"></a10:content><a10:contributor><a10:name>mapbutcher@mapbutcher.com</a10:name></a10:contributor><georss:where><gml:LineString><gml:posList>40.50338 -122.36707 40.51108 -122.36738 40.51214 -122.36076 40.52661 -122.36316 40.5336 -122.35497 40.53854 -122.35698 40.54116 -122.36132 40.54331 -122.36685 40.54718 -122.37609 40.55761 -122.37651 40.56807 -122.37572 40.57137 -122.3698 40.57599 -122.36636 40.58187 -122.3672 40.59054 -122.36512 40.59266 -122.37187 40.59334 -122.38158 40.59319 -122.38824 40.59481 -122.39678 40.59418 -122.40463 40.59481 -122.41677 40.59373 -122.424 40.59321 -122.427 40.59311 -122.43124 40.59395 -122.4343 40.59568 -122.438 40.59878 -122.44116 40.60238 -122.44252 40.60601 -122.44267 40.61052 -122.44357</gml:posList></gml:LineString></georss:where></item><item><guid isPermaLink="false">cd6e0e94-5a33-48dd-a460-83c1a2543c42</guid><a10:author><a10:name>Simon Hope</a10:name></a10:author><title /><description /><pubDate>Tue, 01 May 2012 21:57:27 +1000</pubDate><a10:link href="http://www.mapbutcher.com/" /><a10:rights type="text">Copyright 2011</a10:rights><a10:content type="text"></a10:content><a10:contributor><a10:name>mapbutcher@mapbutcher.com</a10:name></a10:contributor><georss:where><gml:LineString><gml:posList>40.50338 -122.36707 40.50593 -122.37442 40.50628 -122.37927 40.507 -122.38717 40.50354 -122.39973 40.50153 -122.40812 40.50055 -122.41171 40.49577 -122.42179 40.49524 -122.4254 40.49418 -122.43201 40.49364 -122.43562 40.49183 -122.45489 40.49066 -122.46633 40.49046 -122.47479 40.49057 -122.4893 40.4899 -122.49835 40.50021 -122.50362 40.50283 -122.50797 40.50541 -122.51412 40.50898 -122.51669 40.50876 -122.52576 40.51726 -122.53096 40.52443 -122.53489 40.53071 -122.53758 40.53708 -122.53725 40.54216 -122.53323 40.54938 -122.53474 40.55894 -122.53334 40.56529 -122.53361 40.57381 -122.53761 40.58481 -122.55201 40.59732 -122.54163</gml:posList></gml:LineString></georss:where></item><item><guid isPermaLink="false">877c8f56-28d1-45e2-9fed-f9ab6775db4a</guid><a10:author><a10:name>Simon Hope</a10:name></a10:author><title /><description /><pubDate>Tue, 01 May 2012 21:57:27 +1000</pubDate><a10:link href="http://www.mapbutcher.com/" /><a10:rights type="text">Copyright 2011</a10:rights><a10:content type="text"></a10:content><a10:contributor><a10:name>mapbutcher@mapbutcher.com</a10:name></a10:contributor><georss:where><gml:LineString><gml:posList>40.50737 -120.31179 40.51752 -120.2847 40.53669 -120.26616 40.54266 -120.25291 40.55092 -120.23605 40.55279 -120.22639 40.5515 -120.21429 40.53388 -120.20261 40.53076 -120.19231 40.5249 -120.18559 40.52454 -120.16866 40.52095 -120.16197 40.50016 -120.14667 40.4971 -120.12366 40.48676 -120.10605</gml:posList></gml:LineString></georss:where></item><item><guid isPermaLink="false">0de02c8f-bdc9-46bf-9897-ef97bf259237</guid><a10:author><a10:name>Simon Hope</a10:name></a10:author><title /><description /><pubDate>Tue, 01 May 2012 21:57:27 +1000</pubDate><a10:link href="http://www.mapbutcher.com/" /><a10:rights type="text">Copyright 2011</a10:rights><a10:content type="text"></a10:content><a10:contributor><a10:name>mapbutcher@mapbutcher.com</a10:name></a10:contributor><georss:where><gml:LineString><gml:posList>40.4867 -120.47778 40.49355 -120.47183 40.50262 -120.47135 40.51304 -120.4727 40.51939 -120.47279 40.52441 -120.46923 40.52942 -120.46627 40.53444 -120.46272 40.53856 -120.45672 40.54541 -120.45136 40.54907 -120.44657 40.55549 -120.43818 40.56277 -120.43343 40.57322 -120.43237 40.57776 -120.43121 40.58365 -120.43189 40.58908 -120.43318 40.60043 -120.43272 40.60361 -120.43095 40.61314 -120.43108 40.61811 -120.43296 40.62896 -120.43916 40.63121 -120.441 40.63299 -120.44527 40.63612 -120.45136 40.63745 -120.45623 40.63743 -120.45865 40.63788 -120.45866 40.64194 -120.46114 40.64279 -120.46963 40.65319 -120.4734 40.65588 -120.47768 40.65583 -120.48374 40.65715 -120.48921</gml:posList></gml:LineString></georss:where></item><item><guid isPermaLink="false">353f8074-ec42-42f7-b490-c75ff6caee52</guid><a10:author><a10:name>Simon Hope</a10:name></a10:author><title /><description /><pubDate>Tue, 01 May 2012 21:57:27 +1000</pubDate><a10:link href="http://www.mapbutcher.com/" /><a10:rights type="text">Copyright 2011</a10:rights><a10:content type="text"></a10:content><a10:contributor><a10:name>mapbutcher@mapbutcher.com</a10:name></a10:contributor><georss:where><gml:LineString><gml:posList>40.48637 -121.53442 40.50254 -121.54456 40.51119 -121.54239 40.52958 -121.55562 40.53341 -121.57146 40.53333 -121.57569 40.53553 -121.57999 40.53394 -121.59386 40.53383 -121.60052 40.53284 -121.60532 40.53133 -121.61436 40.52944 -121.61914 40.52797 -121.62575 40.52645 -121.63477 40.52542 -121.64201 40.52439 -121.64983 40.52792 -121.65539 40.52922 -121.65906 40.53051 -121.66333 40.53133 -121.6682 40.53169 -121.67365 40.53195 -121.68515 40.53172 -121.69846 40.53386 -121.70578 40.53421 -121.71184 40.53406 -121.72031 40.53561 -121.73487</gml:posList></gml:LineString></georss:where></item><item><guid isPermaLink="false">1a84f409-043a-4488-8bc4-e29b6916a0e3</guid><a10:author><a10:name>Simon Hope</a10:name></a10:author><title /><description /><pubDate>Tue, 01 May 2012 21:57:27 +1000</pubDate><a10:link href="http://www.mapbutcher.com/" /><a10:rights type="text">Copyright 2011</a10:rights><a10:content type="text"></a10:content><a10:contributor><a10:name>mapbutcher@mapbutcher.com</a10:name></a10:contributor><georss:where><gml:LineString><gml:posList>40.4867 -120.47778 40.48845 -120.48566 40.47789 -120.50304 40.47959 -120.51697 40.48314 -120.52669 40.48625 -120.53459 40.48979 -120.54492 40.49245 -120.55282 40.49739 -120.55772 40.50554 -120.56026 40.51183 -120.56761 40.51723 -120.57253 40.52352 -120.57928 40.52845 -120.5854 40.53342 -120.5879 40.53796 -120.58736 40.54202 -120.59045 40.54381 -120.5935 40.5483 -120.59841 40.5546 -120.60455 40.55906 -120.61309 40.56302 -120.62646 40.56204 -120.63493 40.55832 -120.64575 40.55645 -120.65178 40.56313 -120.6652 40.56397 -120.67187 40.56709 -120.67797 40.56521 -120.6846 40.56697 -120.69068 40.57144 -120.69802 40.57636 -120.70476 40.58044 -120.70543 40.58455 -120.70187 40.58866 -120.69891 40.59728 -120.69906 40.59906 -120.70332 40.60305 -120.71187 40.6106 -120.72955</gml:posList></gml:LineString></georss:where></item><item><guid isPermaLink="false">c571a36c-c8e0-4f7f-b6e9-4abf3cfa2cd1</guid><a10:author><a10:name>Simon Hope</a10:name></a10:author><title /><description /><pubDate>Tue, 01 May 2012 21:57:27 +1000</pubDate><a10:link href="http://www.mapbutcher.com/" /><a10:rights type="text">Copyright 2011</a10:rights><a10:content type="text"></a10:content><a10:contributor><a10:name>mapbutcher@mapbutcher.com</a10:name></a10:contributor><georss:where><gml:LineString><gml:posList>40.46692 -120.97485 40.46983 -120.99667 40.47108 -121.00575 40.47375 -121.01004 40.47782 -121.01194 40.48913 -121.01399 40.48995 -121.02126 40.49036 -121.0249 40.49259 -121.02798 40.49574 -121.03046 40.49612 -121.03651 40.49653 -121.04015 40.49329 -121.04552 40.48735 -121.04842 40.48364 -121.05559 40.4854 -121.05985 40.49307 -121.06304 40.49069 -121.07206 40.48606 -121.07982 40.48642 -121.08768 40.48681 -121.09253 40.48719 -121.09798 40.48893 -121.10406 40.4866 -121.10945 40.48921 -121.11797 40.49096 -121.12285 40.49451 -121.12897 40.49803 -121.13751 40.49563 -121.14774</gml:posList></gml:LineString></georss:where></item><item><guid isPermaLink="false">7c5b253d-57d4-4709-98a7-a3df71ded0a7</guid><a10:author><a10:name>Simon Hope</a10:name></a10:author><title /><description /><pubDate>Tue, 01 May 2012 21:57:27 +1000</pubDate><a10:link href="http://www.mapbutcher.com/" /><a10:rights type="text">Copyright 2011</a10:rights><a10:content type="text"></a10:content><a10:contributor><a10:name>mapbutcher@mapbutcher.com</a10:name></a10:contributor><georss:where><gml:LineString><gml:posList>40.46233 -122.23303 40.47421 -122.22926 40.48092 -122.23374 40.49361 -122.23423 40.50406 -122.23342 40.50734 -122.22871 40.50966 -122.22638 40.52893 -122.2374 40.53633 -122.23103 40.54391 -122.23676 40.55673 -122.23181</gml:posList></gml:LineString></georss:where></item><item><guid isPermaLink="false">92b62b37-65c2-481a-9d4f-2ea570ec5c63</guid><a10:author><a10:name>Simon Hope</a10:name></a10:author><title /><description /><pubDate>Tue, 01 May 2012 21:57:27 +1000</pubDate><a10:link href="http://www.mapbutcher.com/" /><a10:rights type="text">Copyright 2011</a10:rights><a10:content type="text"></a10:content><a10:contributor><a10:name>mapbutcher@mapbutcher.com</a10:name></a10:contributor><georss:where><gml:LineString><gml:posList>40.46233 -122.23303 40.46107 -122.24931 40.46188 -122.25356 40.46365 -122.25605 40.46718 -122.26042 40.47158 -122.26663 40.4654 -122.27969 40.46918 -122.29314 40.47131 -122.29987 40.47207 -122.30655 40.47047 -122.31676 40.47531 -122.32361 40.48015 -122.33045 40.4887 -122.33381 40.49406 -122.33765 40.49444 -122.34069 40.49699 -122.34866 40.49636 -122.3565 40.50338 -122.36707</gml:posList></gml:LineString></georss:where></item><item><guid isPermaLink="false">e22c2f14-034c-4583-a90f-0aea53f3ad8f</guid><a10:author><a10:name>Simon Hope</a10:name></a10:author><title /><description /><pubDate>Tue, 01 May 2012 21:57:27 +1000</pubDate><a10:link href="http://www.mapbutcher.com/" /><a10:rights type="text">Copyright 2011</a10:rights><a10:content type="text"></a10:content><a10:contributor><a10:name>mapbutcher@mapbutcher.com</a10:name></a10:contributor><georss:where><gml:LineString><gml:posList>40.53468 -121.95688 40.53373 -121.95927 40.53173 -121.96888 40.52836 -121.97844 40.52778 -121.98508 40.52761 -121.99354 40.52879 -122.00326 40.52853 -122.01595 40.52684 -122.03283 40.52311 -122.03754 40.52168 -122.04111 40.51979 -122.04468 40.51599 -122.05302 40.51587 -122.05906 40.52111 -122.06953 40.51961 -122.07613 40.51808 -122.08454 40.51749 -122.09117 40.52151 -122.09435 40.52903 -122.10369 40.5297 -122.11521 40.52548 -122.12172 40.5261 -122.13566 40.51549 -122.14373 40.50309 -122.15113 40.49667 -122.15453 40.49031 -122.15489 40.48582 -122.15231 40.4794 -122.15569 40.47253 -122.15907 40.4665 -122.16489 40.46639 -122.17033 40.46309 -122.17624 40.4597 -122.18639 40.45232 -122.19215 40.44629 -122.19798 40.44277 -122.21415</gml:posList></gml:LineString></georss:where></item><item><guid isPermaLink="false">8cdfe8ed-7c16-44d2-a55b-6ae578f2036e</guid><a10:author><a10:name>Simon Hope</a10:name></a10:author><title /><description /><pubDate>Tue, 01 May 2012 21:57:27 +1000</pubDate><a10:link href="http://www.mapbutcher.com/" /><a10:rights type="text">Copyright 2011</a10:rights><a10:content type="text"></a10:content><a10:contributor><a10:name>mapbutcher@mapbutcher.com</a10:name></a10:contributor><georss:where><gml:LineString><gml:posList>40.44277 -122.21415 40.44806 -122.22161 40.45299 -122.22421 40.45569 -122.22552 40.46233 -122.23303</gml:posList></gml:LineString></georss:where></item><item><guid isPermaLink="false">1d87241e-872b-41b4-ac9a-41ce8f4359df</guid><a10:author><a10:name>Simon Hope</a10:name></a10:author><title /><description /><pubDate>Tue, 01 May 2012 21:57:27 +1000</pubDate><a10:link href="http://www.mapbutcher.com/" /><a10:rights type="text">Copyright 2011</a10:rights><a10:content type="text"></a10:content><a10:contributor><a10:name>mapbutcher@mapbutcher.com</a10:name></a10:contributor><georss:where><gml:LineString><gml:posList>40.53561 -121.73487 40.52869 -121.74131 40.5176 -121.75306 40.51289 -121.76258 40.50999 -121.77277 40.50887 -121.78484 40.5096 -121.79453 40.50317 -121.79856 40.50028 -121.80814 40.49383 -121.81337 40.49013 -121.81749 40.48495 -121.8276 40.47514 -121.84299 40.47188 -121.84772 40.46771 -121.85242 40.46166 -121.86068 40.45624 -121.85929 40.45252 -121.86401 40.44744 -121.86867 40.44375 -121.87217 40.44181 -121.87875 40.43943 -121.88471 40.43638 -121.90214 40.42568 -121.91628</gml:posList></gml:LineString></georss:where></item><item><guid isPermaLink="false">c856ee47-37ac-479a-b384-a0a8307eb96e</guid><a10:author><a10:name>Simon Hope</a10:name></a10:author><title /><description /><pubDate>Tue, 01 May 2012 21:57:27 +1000</pubDate><a10:link href="http://www.mapbutcher.com/" /><a10:rights type="text">Copyright 2011</a10:rights><a10:content type="text"></a10:content><a10:contributor><a10:name>mapbutcher@mapbutcher.com</a10:name></a10:contributor><georss:where><gml:LineString><gml:posList>40.42482 -121.34844 40.42661 -121.3497 40.4342 -121.35775 40.44092 -121.36336 40.44674 -121.36895 40.45117 -121.37571 40.45417 -121.38788 40.45892 -121.40371 40.46423 -121.41293 40.46464 -121.41535 40.4571 -121.43388 40.45866 -121.45085 40.45648 -121.47436 40.46656 -121.49699</gml:posList></gml:LineString></georss:where></item><item><guid isPermaLink="false">e009a508-9ea8-4802-abc9-5550e8097491</guid><a10:author><a10:name>Simon Hope</a10:name></a10:author><title /><description /><pubDate>Tue, 01 May 2012 21:57:27 +1000</pubDate><a10:link href="http://www.mapbutcher.com/" /><a10:rights type="text">Copyright 2011</a10:rights><a10:content type="text"></a10:content><a10:contributor><a10:name>mapbutcher@mapbutcher.com</a10:name></a10:contributor><georss:where><gml:LineString><gml:posList>40.65609 -122.99093 40.6508 -122.98521 40.64267 -122.9836 40.63457 -122.98138 40.62881 -122.97626 40.62632 -122.96765 40.62198 -122.96017 40.62069 -122.95768 40.61716 -122.95387 40.61448 -122.95253 40.60739 -122.94613 40.60751 -122.94189 40.59636 -122.93469 40.59417 -122.93156 40.59019 -122.92773 40.58433 -122.92624 40.57757 -122.92471 40.57245 -122.9293 40.56664 -122.92599 40.56164 -122.92636 40.55569 -122.92789 40.55026 -122.92763 40.54625 -122.92502 40.542 -122.93086 40.5387 -122.93555 40.53061 -122.93273 40.52874 -122.93446 40.52631 -122.94039 40.52163 -122.94562 40.51846 -122.94547 40.51215 -122.94395 40.50682 -122.93945 40.50153 -122.93375 40.49122 -122.92902 40.473 -122.93178 40.46702 -122.9345 40.46229 -122.94154 40.4411 -122.9532 40.43148 -122.95636 40.42899 -122.9647 40.42266 -122.98011 40.42373 -122.99104</gml:posList></gml:LineString></georss:where></item><item><guid isPermaLink="false">86da5089-74ea-46c8-a442-76b308308f30</guid><a10:author><a10:name>Simon Hope</a10:name></a10:author><title /><description /><pubDate>Tue, 01 May 2012 21:57:27 +1000</pubDate><a10:link href="http://www.mapbutcher.com/" /><a10:rights type="text">Copyright 2011</a10:rights><a10:content type="text"></a10:content><a10:contributor><a10:name>mapbutcher@mapbutcher.com</a10:name></a10:contributor><georss:where><gml:LineString><gml:posList>40.43155 -121.58662 40.42777 -121.59557 40.42848 -121.60707 40.42786 -121.61732 40.4259 -121.62572 40.42667 -121.6342 40.42926 -121.64214 40.42868 -121.64936 40.42765 -121.65659 40.43021 -121.66573 40.43412 -121.67612 40.43843 -121.68954 40.43867 -121.70163 40.43938 -121.71252 40.43834 -121.72034 40.43868 -121.72701 40.43523 -121.74261 40.43644 -121.7511 40.43674 -121.75957 40.4375 -121.76805 40.43829 -121.77472 40.44173 -121.7845 40.4423 -121.80325 40.44022 -121.81768 40.4381 -121.83453 40.43877 -121.84724 40.43909 -121.8545 40.43849 -121.86234 40.43607 -121.87071 40.43364 -121.87909 40.43083 -121.88383 40.42326 -121.90048 40.42086 -121.90705 40.42568 -121.91628</gml:posList></gml:LineString></georss:where></item><item><guid isPermaLink="false">22f7875f-a28e-4014-978d-ec2d38ebced6</guid><a10:author><a10:name>Simon Hope</a10:name></a10:author><title /><description /><pubDate>Tue, 01 May 2012 21:57:27 +1000</pubDate><a10:link href="http://www.mapbutcher.com/" /><a10:rights type="text">Copyright 2011</a10:rights><a10:content type="text"></a10:content><a10:contributor><a10:name>mapbutcher@mapbutcher.com</a10:name></a10:contributor><georss:where><gml:LineString><gml:posList>40.41667 -120.4424 40.42536 -120.43224 40.42591 -120.41837 40.43955 -120.41491 40.44859 -120.41866 40.46586 -120.41404 40.46956 -120.40442 40.47551 -120.39543 40.48557 -120.38468 40.49333 -120.37752 40.49749 -120.36669 40.49709 -120.35822 40.49668 -120.35157 40.49545 -120.33221 40.501 -120.31656 40.50556 -120.31178 40.50737 -120.31179</gml:posList></gml:LineString></georss:where></item><item><guid isPermaLink="false">d826e625-9608-4ac7-97a3-9bfe2ca5d082</guid><a10:author><a10:name>Simon Hope</a10:name></a10:author><title /><description /><pubDate>Tue, 01 May 2012 21:57:27 +1000</pubDate><a10:link href="http://www.mapbutcher.com/" /><a10:rights type="text">Copyright 2011</a10:rights><a10:content type="text"></a10:content><a10:contributor><a10:name>mapbutcher@mapbutcher.com</a10:name></a10:contributor><georss:where><gml:LineString><gml:posList>40.41667 -120.4424 40.43616 -120.44326 40.43886 -120.44691 40.44105 -120.45661 40.4533 -120.45677 40.45785 -120.45442 40.46285 -120.45328 40.46649 -120.45152 40.46922 -120.45094 40.47012 -120.45156 40.47464 -120.45404 40.47689 -120.45588 40.47824 -120.45711 40.4867 -120.47778</gml:posList></gml:LineString></georss:where></item><item><guid isPermaLink="false">92a9f004-c74c-407e-9fca-37b4e5749391</guid><a10:author><a10:name>Simon Hope</a10:name></a10:author><title /><description /><pubDate>Tue, 01 May 2012 21:57:27 +1000</pubDate><a10:link href="http://www.mapbutcher.com/" /><a10:rights type="text">Copyright 2011</a10:rights><a10:content type="text"></a10:content><a10:contributor><a10:name>mapbutcher@mapbutcher.com</a10:name></a10:contributor><georss:where><gml:LineString><gml:posList>40.42568 -121.91628 40.42106 -121.92035 40.41821 -121.9269 40.41484 -121.93705 40.41725 -121.95345 40.41797 -121.96313 40.41916 -121.97163 40.4217 -121.98138 40.42358 -122.00078</gml:posList></gml:LineString></georss:where></item><item><guid isPermaLink="false">7aaca058-4cc1-4aad-a694-db18cb7d31cb</guid><a10:author><a10:name>Simon Hope</a10:name></a10:author><title /><description /><pubDate>Tue, 01 May 2012 21:57:27 +1000</pubDate><a10:link href="http://www.mapbutcher.com/" /><a10:rights type="text">Copyright 2011</a10:rights><a10:content type="text"></a10:content><a10:contributor><a10:name>mapbutcher@mapbutcher.com</a10:name></a10:contributor><georss:where><gml:LineString><gml:posList>40.40872 -123.93358 40.42356 -123.93752 40.42275 -123.94775 40.42187 -123.95979 40.42045 -123.97421 40.4244 -123.97808 40.43111 -123.98092 40.43739 -123.98312 40.44459 -123.98479 40.45027 -123.9912 40.45193 -123.99553 40.45174 -124.00096 40.44923 -124.00746 40.449 -124.01409 40.44347 -124.02887 40.44458 -124.0362 40.44945 -124.03954 40.45344 -124.04221 40.4568 -124.04967 40.45516 -124.05743 40.45132 -124.07594 40.45278 -124.08571 40.45914 -124.09821 40.46786 -124.10785 40.47768 -124.11272 40.48555 -124.10839 40.48892 -124.10316 40.49229 -124.09793 40.49654 -124.09337 40.49937 -124.09052 40.50336 -124.0932 40.50594 -124.097 40.50753 -124.11586 40.50643 -124.13335 40.50728 -124.14732 40.51329 -124.1568 40.51902 -124.16141 40.53193 -124.1562 40.53913 -124.15788</gml:posList></gml:LineString></georss:where></item><item><guid isPermaLink="false">9c3b53af-18e6-4aab-b8b4-390680bbd5c8</guid><a10:author><a10:name>Simon Hope</a10:name></a10:author><title /><description /><pubDate>Tue, 01 May 2012 21:57:27 +1000</pubDate><a10:link href="http://www.mapbutcher.com/" /><a10:rights type="text">Copyright 2011</a10:rights><a10:content type="text"></a10:content><a10:contributor><a10:name>mapbutcher@mapbutcher.com</a10:name></a10:contributor><georss:where><gml:LineString><gml:posList>40.48676 -120.10605 40.48088 -120.10117 40.47958 -120.08846 40.47327 -120.08176 40.4397 -120.0827 40.43246 -120.07962 40.42293 -120.08075 40.40563 -120.0945 40.39473 -120.09924</gml:posList></gml:LineString></georss:where></item><item><guid isPermaLink="false">ea2422b9-9455-418e-8062-3e3ce12521e2</guid><a10:author><a10:name>Simon Hope</a10:name></a10:author><title /><description /><pubDate>Tue, 01 May 2012 21:57:27 +1000</pubDate><a10:link href="http://www.mapbutcher.com/" /><a10:rights type="text">Copyright 2011</a10:rights><a10:content type="text"></a10:content><a10:contributor><a10:name>mapbutcher@mapbutcher.com</a10:name></a10:contributor><georss:where><gml:LineString><gml:posList>40.39309 -122.52448 40.398 -122.52771 40.40302 -122.52671 40.41197 -122.53192 40.41964 -122.53345 40.42456 -122.53669 40.42674 -122.54041 40.42936 -122.54475 40.4338 -122.54856 40.43915 -122.55242 40.44312 -122.55742 40.44627 -122.55816 40.45167 -122.5602 40.45386 -122.58205 40.44782 -122.58784 40.44899 -122.59575 40.4631 -122.61269 40.46859 -122.62926 40.4669 -122.64248 40.4662 -122.65212 40.46185 -122.66281 40.45565 -122.67463 40.44606 -122.69535 40.45004 -122.69916 40.45675 -122.70309 40.46354 -122.70399 40.47535 -122.70332 40.48313 -122.70065 40.48915 -122.69608 40.49329 -122.69384 40.49605 -122.69215</gml:posList></gml:LineString></georss:where></item><item><guid isPermaLink="false">4863dcdf-b32d-4452-ac80-0de73e48e069</guid><a10:author><a10:name>Simon Hope</a10:name></a10:author><title /><description /><pubDate>Tue, 01 May 2012 21:57:27 +1000</pubDate><a10:link href="http://www.mapbutcher.com/" /><a10:rights type="text">Copyright 2011</a10:rights><a10:content type="text"></a10:content><a10:contributor><a10:name>mapbutcher@mapbutcher.com</a10:name></a10:contributor><georss:where><gml:LineString><gml:posList>40.37816 -122.20204 40.38829 -122.19518 40.3992 -122.19378 40.40875 -122.19293 40.41732 -122.19507 40.42318 -122.1971 40.42947 -122.19975 40.43483 -122.20358 40.44277 -122.21415</gml:posList></gml:LineString></georss:where></item><item><guid isPermaLink="false">1eb7d616-9eb3-4663-a644-b61cf27bdd39</guid><a10:author><a10:name>Simon Hope</a10:name></a10:author><title /><description /><pubDate>Tue, 01 May 2012 21:57:27 +1000</pubDate><a10:link href="http://www.mapbutcher.com/" /><a10:rights type="text">Copyright 2011</a10:rights><a10:content type="text"></a10:content><a10:contributor><a10:name>mapbutcher@mapbutcher.com</a10:name></a10:contributor><georss:where><gml:LineString><gml:posList>40.37775 -120.43102 40.38586 -120.43777 40.38853 -120.44565 40.39663 -120.45421 40.40668 -120.44468 40.41667 -120.4424</gml:posList></gml:LineString></georss:where></item><item><guid isPermaLink="false">40331760-6666-4bf8-9d91-39d896b1fd2e</guid><a10:author><a10:name>Simon Hope</a10:name></a10:author><title /><description /><pubDate>Tue, 01 May 2012 21:57:27 +1000</pubDate><a10:link href="http://www.mapbutcher.com/" /><a10:rights type="text">Copyright 2011</a10:rights><a10:content type="text"></a10:content><a10:contributor><a10:name>mapbutcher@mapbutcher.com</a10:name></a10:contributor><georss:where><gml:LineString><gml:posList>40.37775 -120.43102 40.38125 -120.44857 40.38697 -120.47158 40.38784 -120.47643 40.38823 -120.48428 40.38544 -120.49389 40.38266 -120.50171 40.37942 -120.5089 40.37799 -120.51733 40.37704 -120.52335 40.3797 -120.53123 40.3851 -120.53615 40.3909 -120.5477 40.38991 -120.55734 40.39029 -120.5658 40.38839 -120.57603 40.38695 -120.58566 40.38505 -120.59589 40.38895 -120.61588 40.39523 -120.62443 40.39881 -120.62991 40.40329 -120.63602 40.40598 -120.63969 40.4082 -120.64455 40.40904 -120.65182 40.41119 -120.66513 40.4161 -120.67367 40.41784 -120.68095 40.4164 -120.68937 40.41223 -120.69836 40.40991 -120.70436 40.40665 -120.71275 40.40197 -120.72898 40.40011 -120.73317 40.3987 -120.73798 40.39772 -120.74521 40.39669 -120.75787 40.39798 -120.76514 40.39335 -120.77471 40.39329 -120.78014 40.3973 -120.78746 40.40128 -120.7978 40.40524 -120.80934 40.40426 -120.81657 40.40462 -120.82503 40.4073 -120.82931 40.41769 -120.83312 40.41946 -120.83738 40.41851 -120.84099 40.41385 -120.85297 40.4115 -120.86138 40.41055 -120.86499 40.4096 -120.86859 40.40815 -120.87702 40.40807 -120.88426 40.40892 -120.88971 40.41066 -120.89639 40.41197 -120.90064 40.4151 -120.90493 40.41909 -120.91286 40.42131 -120.91713 40.4253 -120.92567 40.42752 -120.92994 40.43064 -120.93423 40.43379 -120.93671 40.43879 -120.9362 40.44286 -120.93689 40.44739 -120.93758</gml:posList></gml:LineString></georss:where></item><item><guid isPermaLink="false">5af43a7a-29ac-47fb-a94b-8353f5f0f12e</guid><a10:author><a10:name>Simon Hope</a10:name></a10:author><title /><description /><pubDate>Tue, 01 May 2012 21:57:27 +1000</pubDate><a10:link href="http://www.mapbutcher.com/" /><a10:rights type="text">Copyright 2011</a10:rights><a10:content type="text"></a10:content><a10:contributor><a10:name>mapbutcher@mapbutcher.com</a10:name></a10:contributor><georss:where><gml:LineString><gml:posList>40.37263 -122.33041 40.3751 -122.32146 40.37179 -122.30684 40.37928 -122.29626 40.37635 -122.28529 40.37651 -122.27805 40.37997 -122.26489 40.38013 -122.25766 40.3866 -122.25247 40.38512 -122.23672 40.38983 -122.22905 40.38548 -122.22043 40.3816 -122.21123 40.37816 -122.20204</gml:posList></gml:LineString></georss:where></item><item><guid isPermaLink="false">ca0f32e3-3330-41d6-b8e2-08e2368a957f</guid><a10:author><a10:name>Simon Hope</a10:name></a10:author><title /><description /><pubDate>Tue, 01 May 2012 21:57:27 +1000</pubDate><a10:link href="http://www.mapbutcher.com/" /><a10:rights type="text">Copyright 2011</a10:rights><a10:content type="text"></a10:content><a10:contributor><a10:name>mapbutcher@mapbutcher.com</a10:name></a10:contributor><georss:where><gml:LineString><gml:posList>40.37263 -122.33041 40.37152 -122.35935 40.37161 -122.37565 40.37412 -122.38481 40.37155 -122.39799 40.37353 -122.41075 40.3792 -122.42065 40.37292 -122.43668 40.37772 -122.46466 40.38381 -122.47578 40.38001 -122.48286 40.38347 -122.49026 40.38318 -122.50232 40.39035 -122.50625 40.3874 -122.51579 40.39309 -122.52448</gml:posList></gml:LineString></georss:where></item><item><guid isPermaLink="false">8525217b-988d-4c54-89dd-6a8b1ad87a17</guid><a10:author><a10:name>Simon Hope</a10:name></a10:author><title /><description /><pubDate>Tue, 01 May 2012 21:57:27 +1000</pubDate><a10:link href="http://www.mapbutcher.com/" /><a10:rights type="text">Copyright 2011</a10:rights><a10:content type="text"></a10:content><a10:contributor><a10:name>mapbutcher@mapbutcher.com</a10:name></a10:contributor><georss:where><gml:LineString><gml:posList>40.36853 -123.4334 40.36755 -123.43576</gml:posList></gml:LineString></georss:where></item><item><guid isPermaLink="false">940e53db-6ce5-4478-a4e9-c8a8b5ce9a65</guid><a10:author><a10:name>Simon Hope</a10:name></a10:author><title /><description /><pubDate>Tue, 01 May 2012 21:57:27 +1000</pubDate><a10:link href="http://www.mapbutcher.com/" /><a10:rights type="text">Copyright 2011</a10:rights><a10:content type="text"></a10:content><a10:contributor><a10:name>mapbutcher@mapbutcher.com</a10:name></a10:contributor><georss:where><gml:LineString><gml:posList>40.93456 -124.1364 40.93448 -124.13499 40.93428 -124.13151 40.93297 -124.1302 40.93027 -124.12943 40.92434 -124.13025 40.9217 -124.12765 40.9224 -124.12099 40.92342 -124.11801 40.92266 -124.1137 40.91637 -124.11208 40.9135 -124.10337 40.91474 -124.09431 40.91448 -124.08882 40.9138 -124.08269 40.90872 -124.08479 40.9057 -124.08034 40.91195 -124.07101 40.90966 -124.05869 40.90302 -124.05399 40.90069 -124.04289 40.89998 -124.03736 40.89441 -124.02789 40.89098 -124.02219 40.89025 -124.01727 40.88075 -124.01605 40.87171 -124.00209 40.86698 -123.99449 40.85933 -123.99279 40.84491 -123.98944 40.84204 -123.98074 40.83846 -123.9793 40.83351 -123.97778 40.82769 -123.97559 40.82887 -123.96776 40.83306 -123.96498 40.83249 -123.95522 40.83562 -123.94386 40.82362 -123.94919 40.81735 -123.95974 40.80865 -123.94885 40.8075 -123.9427 40.8119 -123.93386 40.81446 -123.92551 40.80787 -123.91903 40.79696 -123.90619 40.79435 -123.90299 40.79042 -123.89849 40.78537 -123.9 40.77867 -123.90992 40.77439 -123.90237 40.76844 -123.90382 40.75945 -123.88808 40.75776 -123.88432 40.75232 -123.88399 40.7491 -123.87225 40.73706 -123.8788 40.73906 -123.88682 40.73354 -123.8889 40.72825 -123.87097 40.72191 -123.87057 40.70853 -123.86368 40.69996 -123.86194 40.69184 -123.86023 40.69156 -123.85535 40.68338 -123.85546 40.67448 -123.85007 40.66833 -123.84423 40.66265 -123.83781 40.65787 -123.83146 40.65455 -123.82216 40.647 -123.81746 40.64316 -123.80995 40.6417 -123.79955 40.64434 -123.7888 40.64139 -123.78195 40.64398 -123.77241 40.64925 -123.76423 40.64959 -123.75394 40.64887 -123.74844 40.65132 -123.74313 40.65101 -123.73887 40.64606 -123.73736 40.63853 -123.71812 40.63048 -123.71461 40.61266 -123.70446 40.60476 -123.69611 40.60262 -123.67841 40.60239 -123.67173 40.58531 -123.66649 40.57952 -123.66312 40.57808 -123.65153 40.56431 -123.64224 40.56455 -123.63499 40.54449 -123.62354 40.54134 -123.62275 40.53933 -123.62868 40.53504 -123.63509 40.52791 -123.63105 40.52227 -123.62286 40.51944 -123.6124 40.51203 -123.6029 40.50584 -123.5977 40.5029 -123.59026 40.50215 -123.58538 40.50154 -123.57627 40.50167 -123.57204 40.50044 -123.55382 40.49742 -123.54881 40.49213 -123.54427 40.48773 -123.53979 40.46067 -123.52011 40.45569 -123.50532 40.44485 -123.5035 40.4343 -123.49263 40.4235 -123.48961 40.41516 -123.48068 40.40712 -123.47661 40.4037 -123.46977 40.39917 -123.46952 40.39787 -123.46764 40.39932 -123.46469 40.39808 -123.461 40.39304 -123.46253 40.38686 -123.45676 40.38428 -123.45238 40.38026 -123.45035 40.37765 -123.44658 40.3718 -123.44505 40.36755 -123.43576</gml:posList></gml:LineString></georss:where></item><item><guid isPermaLink="false">c900a7c9-604e-48a6-807c-4d685ebd246a</guid><a10:author><a10:name>Simon Hope</a10:name></a10:author><title /><description /><pubDate>Tue, 01 May 2012 21:57:27 +1000</pubDate><a10:link href="http://www.mapbutcher.com/" /><a10:rights type="text">Copyright 2011</a10:rights><a10:content type="text"></a10:content><a10:contributor><a10:name>mapbutcher@mapbutcher.com</a10:name></a10:contributor><georss:where><gml:LineString><gml:posList>40.36755 -123.43576 40.36744 -123.43937</gml:posList></gml:LineString></georss:where></item><item><guid isPermaLink="false">6f1b4005-6803-4d50-85c1-f69ffcdcaa3f</guid><a10:author><a10:name>Simon Hope</a10:name></a10:author><title /><description /><pubDate>Tue, 01 May 2012 21:57:27 +1000</pubDate><a10:link href="http://www.mapbutcher.com/" /><a10:rights type="text">Copyright 2011</a10:rights><a10:content type="text"></a10:content><a10:contributor><a10:name>mapbutcher@mapbutcher.com</a10:name></a10:contributor><georss:where><gml:LineString><gml:posList>40.36392 -124.05704 40.38106 -124.07263 40.39013 -124.098 40.38964 -124.11126 40.38638 -124.12616 40.38983 -124.13121 40.39735 -124.13654 40.40363 -124.13876 40.40713 -124.14201 40.41011 -124.14764 40.41222 -124.15201 40.41528 -124.15524 40.41927 -124.15791 40.42282 -124.15996 40.42554 -124.16013 40.43005 -124.16103 40.43019 -124.16951 40.43094 -124.17379 40.43024 -124.1804 40.43133 -124.18772 40.43115 -124.19255 40.43439 -124.20304 40.4343 -124.20545 40.43595 -124.2098 40.43698 -124.21893 40.44128 -124.22527 40.44294 -124.22961 40.4447 -124.23093 40.4445 -124.23637 40.44296 -124.2411 40.4454 -124.24853 40.44529 -124.25154 40.44559 -124.25579 40.44701 -124.26617 40.45012 -124.26819 40.45181 -124.27133 40.45116 -124.27673 40.45473 -124.27818 40.45509 -124.28062 40.45625 -124.28615 40.45829 -124.29233 40.46089 -124.29553 40.4608 -124.29794 40.4607 -124.30036 40.45919 -124.30449 40.45934 -124.31237 40.4566 -124.31279 40.45363 -124.31924 40.4562 -124.33514 40.45735 -124.34067 40.45986 -124.34628 40.46183 -124.35429 40.46588 -124.35516 40.46714 -124.35767 40.4656 -124.3624 40.46449 -124.36777 40.4643 -124.3726 40.46602 -124.37514 40.46683 -124.37762 40.46846 -124.38257 40.46884 -124.38441 40.47058 -124.38634 40.4728 -124.3877 40.47331 -124.39065 40.47354 -124.39199</gml:posList></gml:LineString></georss:where></item><item><guid isPermaLink="false">889bf0ff-7936-425c-bfdb-07495bbb9436</guid><a10:author><a10:name>Simon Hope</a10:name></a10:author><title /><description /><pubDate>Tue, 01 May 2012 21:57:27 +1000</pubDate><a10:link href="http://www.mapbutcher.com/" /><a10:rights type="text">Copyright 2011</a10:rights><a10:content type="text"></a10:content><a10:contributor><a10:name>mapbutcher@mapbutcher.com</a10:name></a10:contributor><georss:where><gml:LineString><gml:posList>40.42358 -122.00078 40.42563 -122.01173 40.42103 -122.01518 40.41938 -122.02962 40.41898 -122.04955 40.4155 -122.06452 40.41438 -122.07536 40.41192 -122.08432 40.41079 -122.09515 40.41061 -122.1042 40.40585 -122.11491 40.40508 -122.12997 40.39869 -122.13215 40.39857 -122.13758 40.39788 -122.14903 40.39632 -122.15864 40.39302 -122.16455 40.39284 -122.173 40.39225 -122.17963 40.38808 -122.18369 40.37918 -122.17551 40.37385 -122.16988 40.36979 -122.16911 40.35597 -122.17886</gml:posList></gml:LineString></georss:where></item><item><guid isPermaLink="false">46a02c52-0a93-4086-9ba0-6a8c19d10eff</guid><a10:author><a10:name>Simon Hope</a10:name></a10:author><title /><description /><pubDate>Tue, 01 May 2012 21:57:27 +1000</pubDate><a10:link href="http://www.mapbutcher.com/" /><a10:rights type="text">Copyright 2011</a10:rights><a10:content type="text"></a10:content><a10:contributor><a10:name>mapbutcher@mapbutcher.com</a10:name></a10:contributor><georss:where><gml:LineString><gml:posList>40.35597 -122.17886 40.36487 -122.18704 40.36527 -122.18948 40.36965 -122.19688 40.37816 -122.20204</gml:posList></gml:LineString></georss:where></item><item><guid isPermaLink="false">f3d839e8-d80e-4862-a490-c12b8ef98e6d</guid><a10:author><a10:name>Simon Hope</a10:name></a10:author><title /><description /><pubDate>Tue, 01 May 2012 21:57:27 +1000</pubDate><a10:link href="http://www.mapbutcher.com/" /><a10:rights type="text">Copyright 2011</a10:rights><a10:content type="text"></a10:content><a10:contributor><a10:name>mapbutcher@mapbutcher.com</a10:name></a10:contributor><georss:where><gml:LineString><gml:posList>40.35282 -123.92226 40.35974 -123.91906 40.37098 -123.92217 40.37967 -123.9203 40.39472 -123.9315 40.40872 -123.93358</gml:posList></gml:LineString></georss:where></item><item><guid isPermaLink="false">282ee99a-8874-46df-bde2-8921394d97a5</guid><a10:author><a10:name>Simon Hope</a10:name></a10:author><title /><description /><pubDate>Tue, 01 May 2012 21:57:27 +1000</pubDate><a10:link href="http://www.mapbutcher.com/" /><a10:rights type="text">Copyright 2011</a10:rights><a10:content type="text"></a10:content><a10:contributor><a10:name>mapbutcher@mapbutcher.com</a10:name></a10:contributor><georss:where><gml:LineString><gml:posList>40.34529 -120.26712 40.34935 -120.27139 40.35157 -120.27925 40.35107 -120.28709 40.35555 -120.29498 40.3582 -120.30768 40.35726 -120.31249 40.35542 -120.3161 40.35308 -120.32693 40.35348 -120.33539 40.35662 -120.34085 40.36203 -120.34574 40.3638 -120.35119 40.36766 -120.38383 40.37395 -120.39175 40.37749 -120.40446 40.3787 -120.42561 40.37775 -120.43102</gml:posList></gml:LineString></georss:where></item><item><guid isPermaLink="false">d96183c8-b2c8-4b01-aa1d-4c56b6ba17d3</guid><a10:author><a10:name>Simon Hope</a10:name></a10:author><title /><description /><pubDate>Tue, 01 May 2012 21:57:27 +1000</pubDate><a10:link href="http://www.mapbutcher.com/" /><a10:rights type="text">Copyright 2011</a10:rights><a10:content type="text"></a10:content><a10:contributor><a10:name>mapbutcher@mapbutcher.com</a10:name></a10:contributor><georss:where><gml:LineString><gml:posList>40.35518 -121.5687 40.34967 -121.57277 40.34552 -121.57687 40.34228 -121.581 40.33672 -121.58808 40.33387 -121.59584 40.33376 -121.60247 40.33543 -121.61096 40.33806 -121.61647 40.34072 -121.62017 40.34379 -121.6263 40.35307 -121.64105 40.34742 -121.65295 40.35 -121.66148 40.35363 -121.68754 40.35226 -121.71405 40.35462 -121.73464 40.35577 -121.77209 40.35879 -121.78064 40.36093 -121.78795 40.36531 -121.79654 40.37367 -121.81069 40.37434 -121.82339 40.38224 -121.83813 40.3858 -121.84187 40.38935 -121.84561 40.39551 -121.85608 40.39183 -121.88313 40.39489 -121.88927 40.39284 -121.90188 40.39574 -121.91586 40.39353 -121.93693 40.39413 -121.95265 40.39351 -121.96108 40.39937 -121.9631 40.3997 -121.96975 40.40187 -121.97466 40.40446 -121.98138 40.41288 -121.99134 40.42358 -122.00078</gml:posList></gml:LineString></georss:where></item><item><guid isPermaLink="false">a56967c1-a009-4fbe-9ae0-70c1bf4f881d</guid><a10:author><a10:name>Simon Hope</a10:name></a10:author><title /><description /><pubDate>Tue, 01 May 2012 21:57:27 +1000</pubDate><a10:link href="http://www.mapbutcher.com/" /><a10:rights type="text">Copyright 2011</a10:rights><a10:content type="text"></a10:content><a10:contributor><a10:name>mapbutcher@mapbutcher.com</a10:name></a10:contributor><georss:where><gml:LineString><gml:posList>40.33194 -121.30985 40.33831 -121.3082 40.34106 -121.30647 40.35644 -121.30927 40.37681 -121.31219 40.3908 -121.31738 40.39667 -121.31873 40.40249 -121.32432 40.40829 -121.33051 40.41583 -121.34277 40.42482 -121.34844</gml:posList></gml:LineString></georss:where></item><item><guid isPermaLink="false">41d5464d-43d4-49bf-a1ab-f3f9d972534a</guid><a10:author><a10:name>Simon Hope</a10:name></a10:author><title /><description /><pubDate>Tue, 01 May 2012 21:57:27 +1000</pubDate><a10:link href="http://www.mapbutcher.com/" /><a10:rights type="text">Copyright 2011</a10:rights><a10:content type="text"></a10:content><a10:contributor><a10:name>mapbutcher@mapbutcher.com</a10:name></a10:contributor><georss:where><gml:LineString><gml:posList>40.39309 -122.52448 40.38717 -122.52544 40.38106 -122.53423 40.37856 -122.54379 40.37658 -122.55095 40.3682 -122.55965 40.36532 -122.56616 40.36726 -122.57953 40.36031 -122.58527 40.3587 -122.59546 40.35081 -122.60297 40.3488 -122.61072 40.34501 -122.6172 40.34849 -122.62338 40.34433 -122.62622 40.34166 -122.62429 40.33802 -122.62473 40.33692 -122.63253 40.33372 -122.6336 40.3322 -122.64017 40.33158 -122.64678 40.32779 -122.65325 40.3307 -122.66364 40.32951 -122.67505 40.33673 -122.67657 40.33599 -122.68801 40.34251 -122.69917 40.34508 -122.70532 40.3463 -122.71081 40.34843 -122.71634 40.34779 -122.72355 40.34618 -122.73313 40.35665 -122.7318 40.36195 -122.73747 40.36535 -122.74668 40.36196 -122.75497</gml:posList></gml:LineString></georss:where></item><item><guid isPermaLink="false">6c72b04a-9d5b-4c83-9502-7574750bab2c</guid><a10:author><a10:name>Simon Hope</a10:name></a10:author><title /><description /><pubDate>Tue, 01 May 2012 21:57:27 +1000</pubDate><a10:link href="http://www.mapbutcher.com/" /><a10:rights type="text">Copyright 2011</a10:rights><a10:content type="text"></a10:content><a10:contributor><a10:name>mapbutcher@mapbutcher.com</a10:name></a10:contributor><georss:where><gml:LineString><gml:posList>40.32184 -122.44846 40.32851 -122.43486 40.33464 -122.40494 40.33654 -122.38148 40.34493 -122.37156 40.34842 -122.35782 40.35725 -122.34852 40.35965 -122.34258 40.36475 -122.33795 40.37263 -122.33041</gml:posList></gml:LineString></georss:where></item><item><guid isPermaLink="false">c6dbbedc-b3b5-4043-9898-64694e7ef813</guid><a10:author><a10:name>Simon Hope</a10:name></a10:author><title /><description /><pubDate>Tue, 01 May 2012 21:57:27 +1000</pubDate><a10:link href="http://www.mapbutcher.com/" /><a10:rights type="text">Copyright 2011</a10:rights><a10:content type="text"></a10:content><a10:contributor><a10:name>mapbutcher@mapbutcher.com</a10:name></a10:contributor><georss:where><gml:LineString><gml:posList>40.36196 -122.75497 40.3591 -122.77779 40.35413 -122.79446 40.35237 -122.80947 40.35007 -122.82808 40.34207 -122.85607 40.34238 -122.86152 40.3489 -122.87209 40.34788 -122.87626 40.34232 -122.88083 40.33626 -122.88657 40.33251 -122.89123 40.32788 -122.89462 40.32459 -122.8987 40.31712 -122.90678 40.30818 -122.91843 40.30839 -122.92748 40.31319 -122.93435 40.30812 -122.95402 40.30839 -122.96066 40.30913 -122.96674 40.31328 -122.98081</gml:posList></gml:LineString></georss:where></item><item><guid isPermaLink="false">b6254b53-719c-485d-b160-b4a60f6b4919</guid><a10:author><a10:name>Simon Hope</a10:name></a10:author><title /><description /><pubDate>Tue, 01 May 2012 21:57:27 +1000</pubDate><a10:link href="http://www.mapbutcher.com/" /><a10:rights type="text">Copyright 2011</a10:rights><a10:content type="text"></a10:content><a10:contributor><a10:name>mapbutcher@mapbutcher.com</a10:name></a10:contributor><georss:where><gml:LineString><gml:posList>40.30095 -121.22344 40.30514 -121.24767 40.30127 -121.26566 40.30874 -121.28272 40.31313 -121.29308 40.31623 -121.29859 40.3184 -121.30528 40.32147 -121.3126 40.33194 -121.30985</gml:posList></gml:LineString></georss:where></item><item><guid isPermaLink="false">ac6a3ef4-5578-4280-98cd-1d19972122cb</guid><a10:author><a10:name>Simon Hope</a10:name></a10:author><title /><description /><pubDate>Tue, 01 May 2012 21:57:27 +1000</pubDate><a10:link href="http://www.mapbutcher.com/" /><a10:rights type="text">Copyright 2011</a10:rights><a10:content type="text"></a10:content><a10:contributor><a10:name>mapbutcher@mapbutcher.com</a10:name></a10:contributor><georss:where><gml:LineString><gml:posList>40.29562 -123.07706 40.30001 -123.08212 40.3094 -123.08741 40.31312 -123.08398 40.32398 -123.08512 40.32782 -123.09377 40.33411 -123.0959 40.33697 -123.09122 40.35197 -123.09016 40.36145 -123.09184 40.36757 -123.0843 40.3725 -123.08636 40.37853 -123.08183 40.37922 -123.07341 40.38951 -123.06245 40.39903 -123.06293 40.40949 -123.06224 40.4234 -123.05145 40.43005 -123.05722 40.43504 -123.05747 40.44091 -123.05836 40.4486 -123.05936 40.46048 -123.05632 40.47035 -123.06044 40.48299 -123.06289 40.48726 -123.07217 40.4934 -123.07974 40.50191 -123.08379 40.51 -123.08662 40.51675 -123.08878 40.52257 -123.09149 40.52933 -123.09304 40.53611 -123.09399 40.54234 -123.09854 40.5491 -123.1001 40.55311 -123.10271 40.55477 -123.10825 40.55383 -123.12515 40.54927 -123.14188 40.54737 -123.14481 40.54547 -123.14774 40.54388 -123.15553 40.54303 -123.1694 40.55029 -123.18491 40.54872 -123.19209 40.54858 -123.19692 40.54776 -123.20959 40.55956 -123.24049 40.56953 -123.24101 40.57334 -123.2503 40.58337 -123.26415 40.59581 -123.27329 40.59467 -123.28111 40.60703 -123.29267 40.61259 -123.28873 40.61517 -123.29371 40.61635 -123.29984 40.62269 -123.30017 40.62526 -123.30516 40.62518 -123.30818 40.62267 -123.31593 40.63275 -123.31283 40.63469 -123.32384 40.62125 -123.33282 40.61869 -123.34238 40.61858 -123.34601 40.62402 -123.36146 40.62852 -123.37746 40.62725 -123.38951 40.62716 -123.40708 40.63113 -123.42548 40.62405 -123.43418 40.61344 -123.4542</gml:posList></gml:LineString></georss:where></item><item><guid isPermaLink="false">bb6cc0a0-4595-4f8f-9c52-37f849cdae96</guid><a10:author><a10:name>Simon Hope</a10:name></a10:author><title /><description /><pubDate>Tue, 01 May 2012 21:57:27 +1000</pubDate><a10:link href="http://www.mapbutcher.com/" /><a10:rights type="text">Copyright 2011</a10:rights><a10:content type="text"></a10:content><a10:contributor><a10:name>mapbutcher@mapbutcher.com</a10:name></a10:contributor><georss:where><gml:LineString><gml:posList>40.28704 -123.65392 40.30541 -123.66103 40.3193 -123.66666 40.32609 -123.66706 40.33206 -123.66499 40.33204 -123.67948 40.32951 -123.68718 40.33547 -123.699 40.33562 -123.70806 40.34747 -123.72023 40.36062 -123.7343 40.37073 -123.74396 40.38213 -123.75611 40.38928 -123.75957 40.39552 -123.76296 40.40158 -123.77178 40.4043 -123.78524 40.40276 -123.79059 40.39668 -123.79566 40.39048 -123.80435 40.38894 -123.80969 40.39259 -123.8226 40.39596 -123.83006 40.40072 -123.837 40.40308 -123.84741 40.40741 -123.85372 40.40477 -123.86443 40.4054 -123.87233 40.40703 -123.87787 40.40904 -123.88525 40.40836 -123.89185 40.40798 -123.90271 40.40765 -123.91236 40.40872 -123.93358</gml:posList></gml:LineString></georss:where></item><item><guid isPermaLink="false">fda09806-e8e8-4016-bf87-9aee4fb32b1e</guid><a10:author><a10:name>Simon Hope</a10:name></a10:author><title /><description /><pubDate>Tue, 01 May 2012 21:57:27 +1000</pubDate><a10:link href="http://www.mapbutcher.com/" /><a10:rights type="text">Copyright 2011</a10:rights><a10:content type="text"></a10:content><a10:contributor><a10:name>mapbutcher@mapbutcher.com</a10:name></a10:contributor><georss:where><gml:LineString><gml:posList>40.32184 -122.44846 40.31841 -122.45918 40.30632 -122.47195 40.29789 -122.48306 40.28586 -122.49281 40.28157 -122.50167 40.27905 -122.51242 40.27806 -122.53469 40.27841 -122.53893</gml:posList></gml:LineString></georss:where></item><item><guid isPermaLink="false">eed93ae0-27c2-418e-9430-028dafb02638</guid><a10:author><a10:name>Simon Hope</a10:name></a10:author><title /><description /><pubDate>Tue, 01 May 2012 21:57:27 +1000</pubDate><a10:link href="http://www.mapbutcher.com/" /><a10:rights type="text">Copyright 2011</a10:rights><a10:content type="text"></a10:content><a10:contributor><a10:name>mapbutcher@mapbutcher.com</a10:name></a10:contributor><georss:where><gml:LineString><gml:posList>40.27841 -122.53893 40.27348 -122.55499 40.29285 -122.59804 40.29377 -122.61617 40.30107 -122.63277 40.30333 -122.66966 40.30183 -122.69312 40.29921 -122.70688 40.29221 -122.7144 40.28487 -122.71769</gml:posList></gml:LineString></georss:where></item><item><guid isPermaLink="false">3bcc4c8b-3773-4c81-8261-c2460659ffa8</guid><a10:author><a10:name>Simon Hope</a10:name></a10:author><title /><description /><pubDate>Tue, 01 May 2012 21:57:27 +1000</pubDate><a10:link href="http://www.mapbutcher.com/" /><a10:rights type="text">Copyright 2011</a10:rights><a10:content type="text"></a10:content><a10:contributor><a10:name>mapbutcher@mapbutcher.com</a10:name></a10:contributor><georss:where><gml:LineString><gml:posList>40.5214 -124.07136 40.52367 -124.05879 40.52652 -124.05534 40.52536 -124.04982 40.52422 -124.04369 40.5235 -124.03819 40.52225 -124.03509 40.51651 -124.03049 40.51153 -124.03017 40.50728 -124.02203 40.50482 -124.01461 40.50862 -123.9973 40.49768 -123.99843 40.49371 -123.99515 40.48694 -123.99412 40.48713 -123.98869 40.4935 -123.98848 40.49569 -123.97772 40.48995 -123.97312 40.48527 -123.97707 40.48046 -123.97192 40.4728 -123.97023 40.46781 -123.95721 40.46901 -123.94882 40.46993 -123.93557 40.4712 -123.92536 40.47378 -123.91645 40.4763 -123.90935 40.4761 -123.90208 40.47415 -123.89288 40.46961 -123.8799 40.46809 -123.87134 40.46506 -123.86692 40.45666 -123.86036 40.45467 -123.85237 40.45444 -123.8457 40.45737 -123.83984 40.45969 -123.83817 40.4626 -123.8329 40.46025 -123.82187 40.46147 -123.81287 40.46414 -123.80093 40.47479 -123.79492 40.47824 -123.78666 40.48603 -123.78471 40.49824 -123.78605 40.51204 -123.79414 40.51929 -123.79458 40.52501 -123.78645 40.52676 -123.77505 40.52504 -123.75861 40.53049 -123.74501 40.5247 -123.72832 40.51528 -123.72473 40.50708 -123.71214 40.50988 -123.69597 40.50687 -123.69095 40.49978 -123.68569 40.49129 -123.68156 40.4855 -123.6782 40.48502 -123.66547 40.48257 -123.65686 40.4836 -123.65328 40.48421 -123.64848 40.48311 -123.64056 40.48443 -123.62793 40.48526 -123.61647 40.48612 -123.60382 40.48378 -123.59219 40.47946 -123.58529 40.47463 -123.58017 40.47087 -123.57028 40.46523 -123.5621 40.46244 -123.54984 40.4583 -123.53751 40.45377 -123.53725 40.44712 -123.53204 40.43769 -123.52909 40.42955 -123.52803 40.42038 -123.51663 40.41156 -123.52278 40.39793 -123.52322 40.38853 -123.51907 40.37398 -123.50557 40.36753 -123.49433 40.35911 -123.48782 40.35471 -123.48335 40.34603 -123.48528 40.34259 -123.47905 40.33725 -123.47574 40.33523 -123.46778 40.32774 -123.46072 40.3219 -123.45858 40.31416 -123.45936 40.30731 -123.46079 40.30274 -123.46174 40.29781 -123.45966 40.29051 -123.46107 40.28458 -123.44746 40.29092 -123.43333 40.28577 -123.424 40.27397 -123.42397 40.26968 -123.41589 40.25849 -123.41105 40.25463 -123.4036</gml:posList></gml:LineString></georss:where></item><item><guid isPermaLink="false">f2f588ca-3266-4962-be04-0191ba43d1bd</guid><a10:author><a10:name>Simon Hope</a10:name></a10:author><title /><description /><pubDate>Tue, 01 May 2012 21:57:27 +1000</pubDate><a10:link href="http://www.mapbutcher.com/" /><a10:rights type="text">Copyright 2011</a10:rights><a10:content type="text"></a10:content><a10:contributor><a10:name>mapbutcher@mapbutcher.com</a10:name></a10:contributor><georss:where><gml:LineString><gml:posList>40.25401 -122.17384 40.26324 -122.16635 40.27108 -122.16001 40.27306 -122.15224 40.27967 -122.13983 40.29477 -122.13376 40.29671 -122.12779 40.29826 -122.11881 40.30383 -122.11238 40.3055 -122.09737 40.31117 -122.08672 40.31216 -122.08253 40.315 -122.0766 40.31972 -122.06772 40.32136 -122.0539 40.32065 -122.04423 40.31902 -122.03512 40.31594 -122.03019 40.30752 -122.02024 40.30682 -122.00996 40.30876 -122.0034 40.30664 -121.99609 40.30645 -121.98281 40.31068 -121.97512 40.31655 -121.953 40.32183 -121.9381 40.32936 -121.92387 40.3372 -121.89337 40.33837 -121.87953 40.34174 -121.86939 40.34104 -121.8579 40.32981 -121.8521 40.32989 -121.84789 40.33377 -121.83474 40.33308 -121.82265 40.33234 -121.81358 40.33313 -121.7949 40.33729 -121.79081 40.33704 -121.77934 40.33818 -121.76671 40.33478 -121.75393 40.3322 -121.746 40.33012 -121.73508 40.3285 -121.72417 40.32681 -121.71687 40.32699 -121.70663</gml:posList></gml:LineString></georss:where></item><item><guid isPermaLink="false">fef505d8-de5a-4ba3-b2d5-93cc2af4a932</guid><a10:author><a10:name>Simon Hope</a10:name></a10:author><title /><description /><pubDate>Tue, 01 May 2012 21:57:27 +1000</pubDate><a10:link href="http://www.mapbutcher.com/" /><a10:rights type="text">Copyright 2011</a10:rights><a10:content type="text"></a10:content><a10:contributor><a10:name>mapbutcher@mapbutcher.com</a10:name></a10:contributor><georss:where><gml:LineString><gml:posList>40.2402 -121.86603 40.24021 -121.86543 40.24254 -121.86189 40.24487 -121.85835 40.25002 -121.85008 40.25611 -121.83943 40.26172 -121.83058 40.2724 -121.81706 40.27296 -121.81105 40.27225 -121.80018 40.27235 -121.79476 40.27378 -121.79118 40.27537 -121.77858 40.27917 -121.76906 40.28403 -121.75052 40.29155 -121.73628 40.29924 -121.7112 40.30166 -121.70283 40.30449 -121.69688 40.30727 -121.69336 40.31187 -121.68927 40.31286 -121.68448 40.3144 -121.67427 40.31552 -121.66164 40.31757 -121.64783 40.31545 -121.63933 40.3106 -121.63074</gml:posList></gml:LineString></georss:where></item><item><guid isPermaLink="false">f2920746-cee1-4aa1-8a0b-20c48c354dcd</guid><a10:author><a10:name>Simon Hope</a10:name></a10:author><title /><description /><pubDate>Tue, 01 May 2012 21:57:27 +1000</pubDate><a10:link href="http://www.mapbutcher.com/" /><a10:rights type="text">Copyright 2011</a10:rights><a10:content type="text"></a10:content><a10:contributor><a10:name>mapbutcher@mapbutcher.com</a10:name></a10:contributor><georss:where><gml:LineString><gml:posList>40.28487 -122.71769 40.26901 -122.71698 40.25367 -122.73136 40.25044 -122.7511 40.24554 -122.76534 40.24004 -122.7675 40.23949 -122.7711 40.2635 -122.80717 40.2673 -122.8182 40.26148 -122.8324 40.2371 -122.87887 40.23663 -122.89632</gml:posList></gml:LineString></georss:where></item><item><guid isPermaLink="false">185f0df0-faa9-4ff5-9096-415d654e56bd</guid><a10:author><a10:name>Simon Hope</a10:name></a10:author><title /><description /><pubDate>Tue, 01 May 2012 21:57:27 +1000</pubDate><a10:link href="http://www.mapbutcher.com/" /><a10:rights type="text">Copyright 2011</a10:rights><a10:content type="text"></a10:content><a10:contributor><a10:name>mapbutcher@mapbutcher.com</a10:name></a10:contributor><georss:where><gml:LineString><gml:posList>40.25401 -122.17384 40.25207 -122.17979 40.24966 -122.18633 40.2469 -122.18803 40.24092 -122.19203 40.23675 -122.19609 40.23349 -122.20019 40.23425 -122.20684 40.23687 -122.21176 40.24269 -122.215 40.24857 -122.21582 40.25693 -122.2071 40.27091 -122.18954 40.27977 -122.17842 40.28261 -122.1942 40.28772 -122.18836 40.29466 -122.18199 40.29889 -122.17492 40.30037 -122.16954 40.30056 -122.16051 40.30337 -122.15639 40.30796 -122.15354 40.31255 -122.1513 40.31787 -122.15693 40.32114 -122.15282 40.32658 -122.15303 40.32922 -122.15675 40.32635 -122.16388 40.32215 -122.16915 40.31657 -122.17558 40.31593 -122.1846 40.31524 -122.19543 40.31906 -122.20764 40.32487 -122.21209 40.33076 -122.21232 40.339 -122.20901 40.34143 -122.20126 40.34024 -122.19336 40.34496 -122.18449 40.35597 -122.17886</gml:posList></gml:LineString></georss:where></item><item><guid isPermaLink="false">fd7184d5-3b0c-4213-a4db-5e6994e2ec8d</guid><a10:author><a10:name>Simon Hope</a10:name></a10:author><title /><description /><pubDate>Tue, 01 May 2012 21:57:27 +1000</pubDate><a10:link href="http://www.mapbutcher.com/" /><a10:rights type="text">Copyright 2011</a10:rights><a10:content type="text"></a10:content><a10:contributor><a10:name>mapbutcher@mapbutcher.com</a10:name></a10:contributor><georss:where><gml:LineString><gml:posList>40.20838 -122.54559 40.22339 -122.52514 40.23181 -122.51465 40.23983 -122.50173 40.24855 -122.49728 40.24643 -122.49116 40.24713 -122.48094 40.25536 -122.47827 40.26582 -122.4769 40.26499 -122.47385 40.27007 -122.46984 40.26788 -122.46674 40.27568 -122.46284 40.29152 -122.4647 40.29667 -122.45768 40.30443 -122.45559 40.31004 -122.44858 40.32184 -122.44846</gml:posList></gml:LineString></georss:where></item><item><guid isPermaLink="false">6acafbc5-f67e-4ae5-ae03-28be6800b8b8</guid><a10:author><a10:name>Simon Hope</a10:name></a10:author><title /><description /><pubDate>Tue, 01 May 2012 21:57:27 +1000</pubDate><a10:link href="http://www.mapbutcher.com/" /><a10:rights type="text">Copyright 2011</a10:rights><a10:content type="text"></a10:content><a10:contributor><a10:name>mapbutcher@mapbutcher.com</a10:name></a10:contributor><georss:where><gml:LineString><gml:posList>40.17472 -121.09642 40.17433 -121.09159</gml:posList></gml:LineString></georss:where></item><item><guid isPermaLink="false">7476a2c5-30d5-4e13-9855-7971d04b07ff</guid><a10:author><a10:name>Simon Hope</a10:name></a10:author><title /><description /><pubDate>Tue, 01 May 2012 21:57:27 +1000</pubDate><a10:link href="http://www.mapbutcher.com/" /><a10:rights type="text">Copyright 2011</a10:rights><a10:content type="text"></a10:content><a10:contributor><a10:name>mapbutcher@mapbutcher.com</a10:name></a10:contributor><georss:where><gml:LineString><gml:posList>40.17433 -121.09159 40.17393 -121.08737</gml:posList></gml:LineString></georss:where></item><item><guid isPermaLink="false">2a85aac4-fe26-4374-9b89-af608125b525</guid><a10:author><a10:name>Simon Hope</a10:name></a10:author><title /><description /><pubDate>Tue, 01 May 2012 21:57:27 +1000</pubDate><a10:link href="http://www.mapbutcher.com/" /><a10:rights type="text">Copyright 2011</a10:rights><a10:content type="text"></a10:content><a10:contributor><a10:name>mapbutcher@mapbutcher.com</a10:name></a10:contributor><georss:where><gml:LineString><gml:posList>40.16895 -121.19138 40.1853 -121.18935 40.18573 -121.19118 40.18706 -121.19362 40.18831 -121.20147 40.1928 -121.20518 40.19685 -121.2077 40.19954 -121.21017 40.20026 -121.22343 40.19962 -121.23726 40.19368 -121.24013 40.18862 -121.24542 40.18631 -121.24898 40.18354 -121.25192 40.18389 -121.25975 40.1911 -121.26294 40.19377 -121.26601 40.19458 -121.27386 40.19584 -121.28052 40.18932 -121.2924 40.1864 -121.30677 40.18621 -121.3194 40.18291 -121.32835 40.18052 -121.33672 40.17724 -121.34386 40.1749 -121.34922 40.17162 -121.35575 40.16834 -121.36289 40.16779 -121.3701 40.16721 -121.37791 40.16846 -121.38577 40.16832 -121.39479 40.16818 -121.40441 40.16994 -121.40747 40.17123 -121.41232 40.17247 -121.42078 40.17013 -121.42553 40.1669 -121.42905</gml:posList></gml:LineString></georss:where></item><item><guid isPermaLink="false">e908da96-9b45-42dd-8425-a2d54b64c12b</guid><a10:author><a10:name>Simon Hope</a10:name></a10:author><title /><description /><pubDate>Tue, 01 May 2012 21:57:27 +1000</pubDate><a10:link href="http://www.mapbutcher.com/" /><a10:rights type="text">Copyright 2011</a10:rights><a10:content type="text"></a10:content><a10:contributor><a10:name>mapbutcher@mapbutcher.com</a10:name></a10:contributor><georss:where><gml:LineString><gml:posList>40.20838 -122.54559 40.20173 -122.55795 40.20014 -122.56752 40.20121 -122.57961 40.20281 -122.58812 40.20082 -122.59526 40.20111 -122.60189 40.20397 -122.61467 40.20549 -122.62678 40.20477 -122.63759 40.20907 -122.64681 40.20889 -122.65404 40.20506 -122.6623 40.20125 -122.66936 40.19347 -122.67203 40.18657 -122.67593 40.17938 -122.67321 40.17255 -122.67411 40.1698 -122.67519 40.16365 -122.68516 40.16342 -122.69418 40.15948 -122.70664 40.16598 -122.71837 40.16528 -122.72797 40.17121 -122.74449 40.17762 -122.75983 40.18195 -122.76786 40.18448 -122.77521 40.18576 -122.77827 40.18465 -122.78605 40.18404 -122.79205 40.18348 -122.79623 40.1809 -122.80816 40.18644 -122.82166 40.18525 -122.83245 40.18586 -122.84392 40.18649 -122.85419 40.18759 -122.86388 40.18651 -122.87045 40.18879 -122.88682 40.19616 -122.91669</gml:posList></gml:LineString></georss:where></item><item><guid isPermaLink="false">0c97cb40-b0bd-4f2e-8712-de4df48abe9c</guid><a10:author><a10:name>Simon Hope</a10:name></a10:author><title /><description /><pubDate>Tue, 01 May 2012 21:57:27 +1000</pubDate><a10:link href="http://www.mapbutcher.com/" /><a10:rights type="text">Copyright 2011</a10:rights><a10:content type="text"></a10:content><a10:contributor><a10:name>mapbutcher@mapbutcher.com</a10:name></a10:contributor><georss:where><gml:LineString><gml:posList>40.1522 -122.20435 40.16056 -122.21609 40.16544 -122.22169 40.1699 -122.22488 40.17661 -122.22935 40.1819 -122.23617 40.19162 -122.22751 40.20312 -122.22012 40.21019 -122.20774 40.21581 -122.19952 40.22051 -122.19186 40.22515 -122.18661 40.22889 -122.18194 40.23401 -122.1755 40.23957 -122.17029 40.24376 -122.16502 40.24871 -122.16702 40.25183 -122.16954 40.25401 -122.17384</gml:posList></gml:LineString></georss:where></item><item><guid isPermaLink="false">1b8cb181-5e9f-41ba-a009-de75f6b54526</guid><a10:author><a10:name>Simon Hope</a10:name></a10:author><title /><description /><pubDate>Tue, 01 May 2012 21:57:27 +1000</pubDate><a10:link href="http://www.mapbutcher.com/" /><a10:rights type="text">Copyright 2011</a10:rights><a10:content type="text"></a10:content><a10:contributor><a10:name>mapbutcher@mapbutcher.com</a10:name></a10:contributor><georss:where><gml:LineString><gml:posList>40.15246 -123.0043 40.15048 -123.01022 40.15253 -123.01815 40.15602 -123.02313 40.16287 -123.02167 40.17203 -123.03476 40.17451 -123.04331 40.17297 -123.04987 40.17617 -123.06508 40.18365 -123.07328 40.1877 -123.09035 40.23039 -123.12081 40.23633 -123.1193 40.24634 -123.13428 40.24883 -123.14224 40.25315 -123.1497 40.25519 -123.15764 40.25687 -123.16254 40.2622 -123.16644 40.26476 -123.172 40.27887 -123.20168 40.28399 -123.2128 40.2878 -123.22205 40.29203 -123.23252 40.29736 -123.23642 40.30606 -123.24894 40.31535 -123.25727 40.32131 -123.27026 40.3273 -123.28265 40.33612 -123.29095 40.351 -123.30926 40.35608 -123.30651 40.36764 -123.31437 40.36695 -123.32219 40.36769 -123.32766 40.3829 -123.33511 40.37658 -123.36377 40.38181 -123.3707 40.39349 -123.38945 40.40473 -123.3931 40.4072 -123.40108 40.41064 -123.40731 40.42862 -123.41313 40.43589 -123.41293 40.43945 -123.41494 40.44119 -123.41745 40.44795 -123.41903 40.45477 -123.4188 40.46415 -123.42355 40.47014 -123.42085 40.47739 -123.42126 40.48554 -123.42171 40.51353 -123.4414 40.52506 -123.44991 40.53454 -123.45164 40.54702 -123.45899 40.55738 -123.46138 40.56445 -123.4533 40.56824 -123.44806 40.57066 -123.44334 40.59598 -123.44657 40.60223 -123.44994 40.61344 -123.4542</gml:posList></gml:LineString></georss:where></item><item><guid isPermaLink="false">16247e0e-d090-4922-8f71-43ba52da542f</guid><a10:author><a10:name>Simon Hope</a10:name></a10:author><title /><description /><pubDate>Tue, 01 May 2012 21:57:27 +1000</pubDate><a10:link href="http://www.mapbutcher.com/" /><a10:rights type="text">Copyright 2011</a10:rights><a10:content type="text"></a10:content><a10:contributor><a10:name>mapbutcher@mapbutcher.com</a10:name></a10:contributor><georss:where><gml:LineString><gml:posList>40.19064 -123.16157 40.18332 -123.1636 40.17956 -123.16823 40.16644 -123.16695 40.16447 -123.17227 40.15326 -123.16748 40.14812 -123.17264 40.13967 -123.16679 40.13282 -123.16824 40.12683 -123.17155 40.12392 -123.17802 40.122 -123.18153 40.12355 -123.19064 40.12965 -123.19938 40.13931 -123.21011 40.15363 -123.21687 40.16067 -123.22446 40.16859 -123.2327 40.17429 -123.23962 40.18134 -123.24662 40.18343 -123.25275 40.1877 -123.26141 40.19135 -123.27606 40.19706 -123.28239 40.1977 -123.29146 40.21062 -123.29937 40.21904 -123.30585 40.22852 -123.30756 40.23648 -123.31461 40.24271 -123.31856 40.25204 -123.32508 40.26078 -123.32133 40.26772 -123.33195 40.27184 -123.33097 40.27809 -123.33432 40.28162 -123.33752 40.29284 -123.34174 40.29889 -123.35173</gml:posList></gml:LineString></georss:where></item><item><guid isPermaLink="false">a61f25ff-f509-4a0b-8a61-db62d45828ad</guid><a10:author><a10:name>Simon Hope</a10:name></a10:author><title /><description /><pubDate>Tue, 01 May 2012 21:57:27 +1000</pubDate><a10:link href="http://www.mapbutcher.com/" /><a10:rights type="text">Copyright 2011</a10:rights><a10:content type="text"></a10:content><a10:contributor><a10:name>mapbutcher@mapbutcher.com</a10:name></a10:contributor><georss:where><gml:LineString><gml:posList>40.09415 -122.11796 40.11423 -122.11208 40.12183 -122.11717 40.13548 -122.11526 40.14183 -122.11549 40.14584 -122.11865 40.14805 -122.12174 40.14984 -122.12302 40.1524 -122.13033 40.15694 -122.13049 40.16006 -122.13302 40.16356 -122.13916 40.16769 -122.13691 40.1732 -122.1335 40.17829 -122.12887 40.18541 -122.13575 40.19038 -122.13654 40.1968 -122.13316 40.20195 -122.12552 40.20525 -122.11962 40.20815 -122.11069 40.20927 -122.10049 40.20945 -122.09207 40.2147 -122.07901 40.21581 -122.06941 40.21185 -122.06325 40.20799 -122.05227 40.20543 -122.04435 40.20871 -122.03905 40.20744 -122.03418 40.20859 -122.02217 40.21061 -122.012 40.21303 -122.00426 40.21819 -121.9954 40.22194 -121.98951 40.23678 -121.97316 40.24384 -121.96014 40.24543 -121.94815 40.24524 -121.93488 40.2422 -121.92755 40.24003 -121.92265 40.23646 -121.91953 40.22996 -121.90364 40.22878 -121.89397 40.22843 -121.88853 40.2327 -121.87843 40.23727 -121.87678 40.23873 -121.8714 40.2402 -121.86603</gml:posList></gml:LineString></georss:where></item><item><guid isPermaLink="false">087c3f55-e71d-4754-b3b0-0682d9c4ad6e</guid><a10:author><a10:name>Simon Hope</a10:name></a10:author><title /><description /><pubDate>Tue, 01 May 2012 21:57:27 +1000</pubDate><a10:link href="http://www.mapbutcher.com/" /><a10:rights type="text">Copyright 2011</a10:rights><a10:content type="text"></a10:content><a10:contributor><a10:name>mapbutcher@mapbutcher.com</a10:name></a10:contributor><georss:where><gml:LineString><gml:posList>40.13673 -122.91625 40.12403 -122.88255 40.11966 -122.87633 40.11483 -122.87009 40.10781 -122.86134 40.10535 -122.85159 40.09958 -122.84651 40.09857 -122.83324 40.09595 -122.8295 40.09608 -122.8247 40.09324 -122.79449 40.0984 -122.78812 40.10804 -122.78374 40.11773 -122.77757 40.11834 -122.77158 40.12415 -122.75741 40.12532 -122.74723 40.12692 -122.73768 40.12486 -122.72976 40.12281 -122.72124 40.12126 -122.71095 40.12143 -122.70434 40.12298 -122.69659 40.12943 -122.69266 40.13876 -122.68285 40.13938 -122.67625 40.14547 -122.6687 40.14522 -122.66026 40.14854 -122.65439 40.14635 -122.65128 40.14842 -122.64114 40.15211 -122.63889 40.14943 -122.63697 40.15012 -122.62737 40.14928 -122.62492 40.15308 -122.61787 40.15134 -122.61478 40.14984 -122.60208 40.15192 -122.59134 40.15299 -122.58476 40.16552 -122.57326 40.17025 -122.56504 40.17406 -122.55798 40.17736 -122.5527 40.18602 -122.55126 40.18971 -122.54841 40.20068 -122.54526 40.20534 -122.54004 40.20838 -122.54559</gml:posList></gml:LineString></georss:where></item><item><guid isPermaLink="false">d7a40205-3d0d-450d-aec3-38712693e94f</guid><a10:author><a10:name>Simon Hope</a10:name></a10:author><title /><description /><pubDate>Tue, 01 May 2012 21:57:27 +1000</pubDate><a10:link href="http://www.mapbutcher.com/" /><a10:rights type="text">Copyright 2011</a10:rights><a10:content type="text"></a10:content><a10:contributor><a10:name>mapbutcher@mapbutcher.com</a10:name></a10:contributor><georss:where><gml:LineString><gml:posList>40.09126 -121.13364 40.09787 -121.11334 40.09985 -121.10016 40.10451 -121.09004 40.10868 -121.08352 40.12085 -121.0892 40.12845 -121.09779 40.13298 -121.0985 40.14381 -121.10294 40.14747 -121.10002 40.15066 -121.09889 40.15655 -121.09902 40.16016 -121.1003 40.16522 -121.095 40.17433 -121.09159</gml:posList></gml:LineString></georss:where></item><item><guid isPermaLink="false">027e0aae-6276-47ce-b0de-71a01754d1ed</guid><a10:author><a10:name>Simon Hope</a10:name></a10:author><title /><description /><pubDate>Tue, 01 May 2012 21:57:27 +1000</pubDate><a10:link href="http://www.mapbutcher.com/" /><a10:rights type="text">Copyright 2011</a10:rights><a10:content type="text"></a10:content><a10:contributor><a10:name>mapbutcher@mapbutcher.com</a10:name></a10:contributor><georss:where><gml:LineString><gml:posList>40.09126 -121.13364 40.10437 -121.13634 40.10879 -121.14546 40.1133 -121.14738</gml:posList></gml:LineString></georss:where></item><item><guid isPermaLink="false">57ac1cf3-c547-4170-b444-4f72837416c8</guid><a10:author><a10:name>Simon Hope</a10:name></a10:author><title /><description /><pubDate>Tue, 01 May 2012 21:57:27 +1000</pubDate><a10:link href="http://www.mapbutcher.com/" /><a10:rights type="text">Copyright 2011</a10:rights><a10:content type="text"></a10:content><a10:contributor><a10:name>mapbutcher@mapbutcher.com</a10:name></a10:contributor><georss:where><gml:LineString><gml:posList>40.09415 -122.11796 40.08994 -122.12383 40.09032 -122.12744 40.09119 -122.12928 40.0934 -122.13237 40.09886 -122.13137 40.10427 -122.13277 40.11014 -122.13419 40.11784 -122.13448 40.12323 -122.13708 40.12996 -122.14093 40.13356 -122.14227 40.13625 -122.14357 40.13939 -122.14549 40.14072 -122.14674 40.1433 -122.15347 40.1441 -122.15891 40.14438 -122.16674 40.14744 -122.17227 40.15006 -122.17719 40.1522 -122.20435</gml:posList></gml:LineString></georss:where></item><item><guid isPermaLink="false">d94e9849-a1de-4aa4-8e1b-91211f5c71b0</guid><a10:author><a10:name>Simon Hope</a10:name></a10:author><title /><description /><pubDate>Tue, 01 May 2012 21:57:27 +1000</pubDate><a10:link href="http://www.mapbutcher.com/" /><a10:rights type="text">Copyright 2011</a10:rights><a10:content type="text"></a10:content><a10:contributor><a10:name>mapbutcher@mapbutcher.com</a10:name></a10:contributor><georss:where><gml:LineString><gml:posList>40.07315 -122.1244 40.07912 -122.12102 40.08325 -122.11877 40.09415 -122.11796</gml:posList></gml:LineString></georss:where></item><item><guid isPermaLink="false">c37ed363-716b-419f-9a06-9265622ae146</guid><a10:author><a10:name>Simon Hope</a10:name></a10:author><title /><description /><pubDate>Tue, 01 May 2012 21:57:27 +1000</pubDate><a10:link href="http://www.mapbutcher.com/" /><a10:rights type="text">Copyright 2011</a10:rights><a10:content type="text"></a10:content><a10:contributor><a10:name>mapbutcher@mapbutcher.com</a10:name></a10:contributor><georss:where><gml:LineString><gml:posList>40.06316 -120.68652 40.06648 -120.67155 40.07066 -120.6608 40.07521 -120.65907 40.08069 -120.65496 40.08437 -120.64961 40.08893 -120.64668 40.09304 -120.64374 40.10209 -120.64568 40.10896 -120.63737 40.11996 -120.62492 40.14173 -120.62466 40.15808 -120.62191 40.16904 -120.61246 40.1736 -120.61012 40.17633 -120.60956 40.17995 -120.61021 40.18673 -120.61213 40.19215 -120.61401 40.19712 -120.6171 40.20248 -120.62622 40.20831 -120.63293 40.21416 -120.63844 40.22001 -120.64275 40.22767 -120.6489 40.23396 -120.65562 40.24337 -120.66662 40.2506 -120.67035 40.2596 -120.67712</gml:posList></gml:LineString></georss:where></item><item><guid isPermaLink="false">4ee92c4f-567c-4ff6-993e-0cbf1f8449fc</guid><a10:author><a10:name>Simon Hope</a10:name></a10:author><title /><description /><pubDate>Tue, 01 May 2012 21:57:27 +1000</pubDate><a10:link href="http://www.mapbutcher.com/" /><a10:rights type="text">Copyright 2011</a10:rights><a10:content type="text"></a10:content><a10:contributor><a10:name>mapbutcher@mapbutcher.com</a10:name></a10:contributor><georss:where><gml:LineString><gml:posList>40.0615 -120.67088 40.06316 -120.68652</gml:posList></gml:LineString></georss:where></item><item><guid isPermaLink="false">3935b481-dc93-4054-bc1e-2f22b92f4df9</guid><a10:author><a10:name>Simon Hope</a10:name></a10:author><title /><description /><pubDate>Tue, 01 May 2012 21:57:27 +1000</pubDate><a10:link href="http://www.mapbutcher.com/" /><a10:rights type="text">Copyright 2011</a10:rights><a10:content type="text"></a10:content><a10:contributor><a10:name>mapbutcher@mapbutcher.com</a10:name></a10:contributor><georss:where><gml:LineString><gml:posList>40.1522 -122.20435 40.14255 -122.21 40.1424 -122.21721 40.1421 -122.23104 40.14329 -122.23891 40.13272 -122.24512 40.12923 -122.25943 40.12673 -122.27016 40.12287 -122.28024 40.12073 -122.2952 40.12093 -122.30663 40.116 -122.32449 40.11496 -122.33046 40.11073 -122.33691 40.10782 -122.34521 40.10774 -122.34882 40.10374 -122.36491 40.10361 -122.37092 40.10069 -122.37982 40.09827 -122.38634 40.09718 -122.39411 40.09663 -122.3983 40.09285 -122.40476 40.0927 -122.41137 40.09122 -122.41673 40.09105 -122.42393 40.0936 -122.43125 40.09618 -122.43737 40.1154 -122.44959 40.11652 -122.45986 40.10395 -122.49242 40.10468 -122.51892 40.109 -122.52812 40.10494 -122.546 40.09777 -122.56073 40.09071 -122.57125 40.06585 -122.58642 40.05905 -122.6228 40.06286 -122.63378 40.0606 -122.65172 40.07193 -122.67025 40.0817 -122.69654 40.06624 -122.71569 40.06136 -122.7293</gml:posList></gml:LineString></georss:where></item><item><guid isPermaLink="false">cf138f71-f8b3-4f75-9cda-f34208a26667</guid><a10:author><a10:name>Simon Hope</a10:name></a10:author><title /><description /><pubDate>Tue, 01 May 2012 21:57:27 +1000</pubDate><a10:link href="http://www.mapbutcher.com/" /><a10:rights type="text">Copyright 2011</a10:rights><a10:content type="text"></a10:content><a10:contributor><a10:name>mapbutcher@mapbutcher.com</a10:name></a10:contributor><georss:where><gml:LineString><gml:posList>40.07315 -122.1244 40.07432 -122.13347 40.07961 -122.14088 40.08259 -122.15001 40.0842 -122.15969 40.08397 -122.1705 40.08331 -122.1807 40.08081 -122.19143 40.07972 -122.19981 40.07865 -122.20758 40.07664 -122.21652 40.07655 -122.22073 40.07462 -122.22607 40.07214 -122.23559 40.07237 -122.24582 40.07266 -122.25364 40.07342 -122.26028 40.07324 -122.26869 40.07306 -122.2765 40.07105 -122.28545 40.07088 -122.29325 40.07441 -122.2976 40.0715 -122.3059 40.06848 -122.31961 40.0701 -122.32809 40.07129 -122.33595 40.07155 -122.34438 40.06537 -122.35676 40.06058 -122.36798 40.05899 -122.37814 40.05783 -122.38891 40.05782 -122.40936 40.05166 -122.42052 40.05003 -122.43248</gml:posList></gml:LineString></georss:where></item><item><guid isPermaLink="false">f408bd28-8e0f-4baa-a1ef-5d07fb2cfc00</guid><a10:author><a10:name>Simon Hope</a10:name></a10:author><title /><description /><pubDate>Tue, 01 May 2012 21:57:27 +1000</pubDate><a10:link href="http://www.mapbutcher.com/" /><a10:rights type="text">Copyright 2011</a10:rights><a10:content type="text"></a10:content><a10:contributor><a10:name>mapbutcher@mapbutcher.com</a10:name></a10:contributor><georss:where><gml:LineString><gml:posList>40.06719 -120.28878 40.06713 -120.29839 40.07161 -120.30685 40.0747 -120.32132 40.08505 -120.33225 40.08821 -120.3353 40.09042 -120.34373 40.09218 -120.35157 40.09077 -120.35937 40.08935 -120.36777 40.08656 -120.37675 40.08472 -120.38033 40.08514 -120.38515 40.08829 -120.38879 40.09235 -120.39245 40.09641 -120.3961 40.10948 -120.40589 40.10854 -120.4119 40.10804 -120.4179 40.10799 -120.42391 40.1093 -120.43175 40.11104 -120.44139 40.11283 -120.44442 40.11416 -120.44804 40.11819 -120.45531 40.11625 -120.47212 40.11208 -120.48289 40.10883 -120.49306 40.11464 -120.50397 40.11277 -120.50935 40.12083 -120.52209 40.11534 -120.52863 40.11436 -120.53764 40.10927 -120.55019 40.10651 -120.55496 40.09922 -120.55906 40.0897 -120.55892 40.08563 -120.55706 40.08435 -120.54682 40.07937 -120.54735 40.07796 -120.55214 40.07478 -120.55389 40.06842 -120.555 40.06297 -120.55553 40.06115 -120.5567 40.05975 -120.56149 40.05836 -120.56447 40.05471 -120.56802 40.05458 -120.58304 40.05636 -120.58667 40.05631 -120.59207 40.04632 -120.59373 40.04575 -120.60753 40.05154 -120.61903 40.05737 -120.62695 40.05959 -120.63179 40.06038 -120.64502 40.06073 -120.65644 40.0615 -120.67088</gml:posList></gml:LineString></georss:where></item><item><guid isPermaLink="false">43699371-0a4e-4c56-b0ed-43711328578c</guid><a10:author><a10:name>Simon Hope</a10:name></a10:author><title /><description /><pubDate>Tue, 01 May 2012 21:57:27 +1000</pubDate><a10:link href="http://www.mapbutcher.com/" /><a10:rights type="text">Copyright 2011</a10:rights><a10:content type="text"></a10:content><a10:contributor><a10:name>mapbutcher@mapbutcher.com</a10:name></a10:contributor><georss:where><gml:LineString><gml:posList>40.0452 -122.11617 40.06295 -122.11321 40.06693 -122.11817 40.07315 -122.1244</gml:posList></gml:LineString></georss:where></item><item><guid isPermaLink="false">4b5612ce-160c-432b-aed8-7a6d92ea996b</guid><a10:author><a10:name>Simon Hope</a10:name></a10:author><title /><description /><pubDate>Tue, 01 May 2012 21:57:27 +1000</pubDate><a10:link href="http://www.mapbutcher.com/" /><a10:rights type="text">Copyright 2011</a10:rights><a10:content type="text"></a10:content><a10:contributor><a10:name>mapbutcher@mapbutcher.com</a10:name></a10:contributor><georss:where><gml:LineString><gml:posList>40.03706 -121.98069 40.04389 -121.97913 40.05679 -121.96876 40.06016 -121.95925 40.05996 -121.94602 40.05721 -121.92429 40.05948 -121.90033 40.07699 -121.86185 40.09432 -121.83234 40.11057 -121.76191 40.11777 -121.73928 40.11805 -121.72425 40.12143 -121.71233</gml:posList></gml:LineString></georss:where></item><item><guid isPermaLink="false">ffb99922-c28b-44d1-a5bf-d5240704198f</guid><a10:author><a10:name>Simon Hope</a10:name></a10:author><title /><description /><pubDate>Tue, 01 May 2012 21:57:27 +1000</pubDate><a10:link href="http://www.mapbutcher.com/" /><a10:rights type="text">Copyright 2011</a10:rights><a10:content type="text"></a10:content><a10:contributor><a10:name>mapbutcher@mapbutcher.com</a10:name></a10:contributor><georss:where><gml:LineString><gml:posList>40.41943 -121.52285 40.4073 -121.51527 40.39324 -121.51487 40.38779 -121.51532 40.38327 -121.51459 40.37743 -121.5108 40.37247 -121.50885 40.37024 -121.50697 40.36664 -121.50507 40.36256 -121.50495 40.35708 -121.50721 40.35383 -121.51195 40.3497 -121.51485 40.34192 -121.51885 40.33606 -121.51688 40.33292 -121.51498 40.3311 -121.51492 40.32658 -121.5142 40.3229 -121.51711 40.31784 -121.52179 40.31733 -121.52539 40.31451 -121.53134 40.31392 -121.53977 40.31246 -121.54576 40.31003 -121.55594 40.30763 -121.56432 40.29758 -121.56824 40.29667 -121.56882 40.29118 -121.57168 40.28621 -121.57033 40.27861 -121.56348 40.27545 -121.56278 40.2732 -121.56152 40.26918 -121.55779 40.26555 -121.55768 40.25875 -121.55748 40.25282 -121.55972 40.24684 -121.56497 40.24035 -121.57322 40.23429 -121.58328 40.23187 -121.59286 40.22537 -121.6017 40.21923 -121.61597 40.21676 -121.62855 40.21292 -121.64048 40.20453 -121.65408 40.19986 -121.66177 40.19275 -121.67961 40.19079 -121.68798 40.18644 -121.7035 40.18401 -121.71306 40.17747 -121.72369 40.17822 -121.73274 40.1771 -121.74414 40.17652 -121.75135 40.17727 -121.7604 40.17753 -121.77125 40.17925 -121.77612 40.18053 -121.78098 40.18039 -121.7888 40.17796 -121.79774 40.17282 -121.80541 40.16824 -121.80827 40.16091 -121.81226 40.15631 -121.81571 40.15485 -121.82108 40.1532 -121.83668 40.15121 -121.84624 40.14614 -121.85029 40.13604 -121.85718 40.1278 -121.86111 40.11679 -121.86797 40.11076 -121.87498 40.10842 -121.87852 40.10564 -121.88203 40.09965 -121.88664 40.09351 -121.89967 40.08864 -121.91695 40.07994 -121.9449 40.07484 -121.95074 40.0724 -121.95967 40.06763 -121.97153 40.06147 -121.98454 40.05677 -121.99339 40.0527 -122.01549 40.05362 -122.03716 40.05431 -122.048 40.0523 -122.05754 40.05314 -122.06117 40.05336 -122.072 40.04655 -122.09459 40.037 -122.11768</gml:posList></gml:LineString></georss:where></item><item><guid isPermaLink="false">deb6cd68-0fe7-4f29-8982-a3626668a28e</guid><a10:author><a10:name>Simon Hope</a10:name></a10:author><title /><description /><pubDate>Tue, 01 May 2012 21:57:27 +1000</pubDate><a10:link href="http://www.mapbutcher.com/" /><a10:rights type="text">Copyright 2011</a10:rights><a10:content type="text"></a10:content><a10:contributor><a10:name>mapbutcher@mapbutcher.com</a10:name></a10:contributor><georss:where><gml:LineString><gml:posList>40.037 -122.11768 40.0452 -122.11617</gml:posList></gml:LineString></georss:where></item><item><guid isPermaLink="false">610987d5-5602-4be6-8f3b-901b4a5a36b7</guid><a10:author><a10:name>Simon Hope</a10:name></a10:author><title /><description /><pubDate>Tue, 01 May 2012 21:57:27 +1000</pubDate><a10:link href="http://www.mapbutcher.com/" /><a10:rights type="text">Copyright 2011</a10:rights><a10:content type="text"></a10:content><a10:contributor><a10:name>mapbutcher@mapbutcher.com</a10:name></a10:contributor><georss:where><gml:LineString><gml:posList>40.06316 -120.68652 40.06082 -120.69489 40.05579 -120.69962 40.05164 -120.70676 40.05111 -120.71396 40.04606 -120.72048 40.04329 -120.72585 40.04098 -120.73 40.03823 -120.73296 40.0368 -120.74075 40.03632 -120.74314 40.03718 -120.74796 40.03666 -120.75456 40.03843 -120.7588 40.03838 -120.7642 40.04014 -120.76904 40.03916 -120.77623 40.04231 -120.77929 40.04501 -120.78054 40.04677 -120.78597 40.04538 -120.78956 40.04532 -120.79496 40.04028 -120.80028 40.03936 -120.80146 40.04065 -120.80749 40.04375 -120.81535 40.04684 -120.82262 40.05859 -120.82645 40.0649 -120.83016 40.07748 -120.84182 40.08103 -120.84911 40.08734 -120.85223 40.0927 -120.86015 40.0981 -120.86385 40.10123 -120.86812 40.10391 -120.87178 40.10609 -120.87964 40.11098 -120.88875 40.10638 -120.89407 40.10088 -120.89998 40.094 -120.90646 40.08945 -120.90817 40.08627 -120.90871 40.08261 -120.91104 40.08076 -120.91461 40.0789 -120.91818 40.07749 -120.92296 40.07103 -120.93305 40.07041 -120.94746 40.0644 -120.95695 40.05844 -120.96284 40.05209 -120.96331 40.05107 -120.97231 40.0451 -120.97939 40.04192 -120.97932 40.03554 -120.9828</gml:posList></gml:LineString></georss:where></item><item><guid isPermaLink="false">a2913604-2d25-452e-9aa0-ddcd1c3b0c7e</guid><a10:author><a10:name>Simon Hope</a10:name></a10:author><title /><description /><pubDate>Tue, 01 May 2012 21:57:27 +1000</pubDate><a10:link href="http://www.mapbutcher.com/" /><a10:rights type="text">Copyright 2011</a10:rights><a10:content type="text"></a10:content><a10:contributor><a10:name>mapbutcher@mapbutcher.com</a10:name></a10:contributor><georss:where><gml:LineString><gml:posList>40.02201 -120.09431 40.02518 -120.09615 40.0342 -120.10583 40.04053 -120.11009 40.04007 -120.11189 40.04141 -120.1149 40.0473 -120.11615 40.05046 -120.11978 40.04861 -120.12578 40.04722 -120.13297 40.04811 -120.13538 40.05171 -120.14082 40.05668 -120.14507 40.06165 -120.14812 40.06618 -120.14996 40.06845 -120.14878 40.07211 -120.14281 40.07444 -120.12901 40.07808 -120.12843 40.07942 -120.13085 40.08891 -120.13695 40.09568 -120.14482 40.09882 -120.15146 40.10106 -120.15509 40.10195 -120.15871 40.10556 -120.16295 40.11007 -120.1672 40.11592 -120.17446 40.11816 -120.1799 40.11993 -120.18654 40.12081 -120.19196 40.1235 -120.1986 40.1253 -120.20042 40.12935 -120.20587 40.13295 -120.21072 40.13607 -120.21977 40.15046 -120.24157 40.14949 -120.25239</gml:posList></gml:LineString></georss:where></item><item><guid isPermaLink="false">b4d2e9c6-f507-45e4-8830-457e3b7f036e</guid><a10:author><a10:name>Simon Hope</a10:name></a10:author><title /><description /><pubDate>Tue, 01 May 2012 21:57:27 +1000</pubDate><a10:link href="http://www.mapbutcher.com/" /><a10:rights type="text">Copyright 2011</a10:rights><a10:content type="text"></a10:content><a10:contributor><a10:name>mapbutcher@mapbutcher.com</a10:name></a10:contributor><georss:where><gml:LineString><gml:posList>40.0452 -122.11617 40.05099 -122.12119 40.05618 -122.1334 40.05503 -122.14478 40.0526 -122.1525 40.05225 -122.16933 40.04957 -122.18845 40.04739 -122.2058 40.04585 -122.21416 40.04288 -122.22546 40.04412 -122.23092 40.04205 -122.24285 40.03824 -122.25112 40.03984 -122.2608 40.03435 -122.26299 40.03379 -122.26778 40.02909 -122.27541 40.02804 -122.28197 40.03143 -122.29292 40.03471 -122.30807 40.03394 -122.32246 40.02495 -122.33893 40.02236 -122.35324 40.0193 -122.36814 40.01538 -122.38059 40.01786 -122.39151 40.02207 -122.40549 40.01746 -122.42813 40.01543 -122.43768 40.01799 -122.44438 40.01738 -122.45097 40.01945 -122.45947 40.02207 -122.46378 40.02554 -122.47053 40.02757 -122.48083 40.0305 -122.49117 40.02657 -122.50362 40.02412 -122.51132 40.02028 -122.52017 40.01693 -122.52724 40.01403 -122.53493 40.01342 -122.54151 40.01271 -122.5517 40.01226 -122.55167</gml:posList></gml:LineString></georss:where></item><item><guid isPermaLink="false">698faf0e-b2bd-4c1e-9a35-7dd6e9a58b22</guid><a10:author><a10:name>Simon Hope</a10:name></a10:author><title /><description /><pubDate>Tue, 01 May 2012 21:57:27 +1000</pubDate><a10:link href="http://www.mapbutcher.com/" /><a10:rights type="text">Copyright 2011</a10:rights><a10:content type="text"></a10:content><a10:contributor><a10:name>mapbutcher@mapbutcher.com</a10:name></a10:contributor><georss:where><gml:LineString><gml:posList>40.01207 -121.22311 40.01883 -121.22568 40.02568 -121.22224 40.03517 -121.22487 40.04339 -121.22086 40.04809 -121.20836 40.0554 -121.20493 40.06017 -121.18701 40.06665 -121.17695 40.06681 -121.16494 40.0751 -121.15551 40.08149 -121.15266 40.08574 -121.13953 40.09126 -121.13364</gml:posList></gml:LineString></georss:where></item><item><guid isPermaLink="false">4dc14f80-9f2a-420a-90f4-2120c53aec01</guid><a10:author><a10:name>Simon Hope</a10:name></a10:author><title /><description /><pubDate>Tue, 01 May 2012 21:57:27 +1000</pubDate><a10:link href="http://www.mapbutcher.com/" /><a10:rights type="text">Copyright 2011</a10:rights><a10:content type="text"></a10:content><a10:contributor><a10:name>mapbutcher@mapbutcher.com</a10:name></a10:contributor><georss:where><gml:LineString><gml:posList>40.03554 -120.9828 40.03502 -120.98819 40.03444 -120.99899 40.03485 -121.0026 40.03427 -121.0128 40.03103 -121.01875 40.02734 -121.02347 40.02274 -121.02878 40.02134 -121.03235 40.01811 -121.03648 40.01851 -121.0413 40.01754 -121.04608 40.01748 -121.05088 40.01879 -121.05511 40.01949 -121.07195 40.01614 -121.08628 40.01604 -121.09409 40.01999 -121.10439 40.02655 -121.12315 40.02776 -121.1352 40.02625 -121.14658 40.02422 -121.16274 40.02091 -121.17288 40.01538 -121.17936 40.01153 -121.19608 40.01309 -121.21474 40.01207 -121.22311</gml:posList></gml:LineString></georss:where></item><item><guid isPermaLink="false">eef4acea-7a92-4e69-85e4-a23d2da272f2</guid><a10:author><a10:name>Simon Hope</a10:name></a10:author><title /><description /><pubDate>Tue, 01 May 2012 21:57:27 +1000</pubDate><a10:link href="http://www.mapbutcher.com/" /><a10:rights type="text">Copyright 2011</a10:rights><a10:content type="text"></a10:content><a10:contributor><a10:name>mapbutcher@mapbutcher.com</a10:name></a10:contributor><georss:where><gml:LineString><gml:posList>40.00668 -121.52383 40.01491 -121.51986 40.02097 -121.50922 40.02246 -121.50145 40.02486 -121.49311 40.02625 -121.49135 40.02723 -121.48656 40.02736 -121.47816 40.02791 -121.47217 40.02704 -121.46974</gml:posList></gml:LineString></georss:where></item><item><guid isPermaLink="false">90807849-9489-4542-b97a-729a3a05b282</guid><a10:author><a10:name>Simon Hope</a10:name></a10:author><title /><description /><pubDate>Tue, 01 May 2012 21:57:27 +1000</pubDate><a10:link href="http://www.mapbutcher.com/" /><a10:rights type="text">Copyright 2011</a10:rights><a10:content type="text"></a10:content><a10:contributor><a10:name>mapbutcher@mapbutcher.com</a10:name></a10:contributor><georss:where><gml:LineString><gml:posList>39.99351 -123.92954 39.998 -123.93102 40.0007 -123.93179 40.00296 -123.93193 40.00518 -123.93327 40.00879 -123.93409 40.01319 -123.93797 40.01716 -123.94122 40.021 -123.94807 40.02711 -123.95506 40.03153 -123.95834 40.03867 -123.96179 40.04542 -123.96342 40.05051 -123.96072 40.0537 -123.96032 40.05584 -123.96407 40.05616 -123.9677 40.05744 -123.98282 40.05928 -123.99496 40.06868 -123.99856 40.07114 -124.00594 40.07953 -124.01247 40.08577 -124.00324 40.08986 -124.0029 40.09748 -124.00578 40.10166 -124.00304 40.10278 -123.99709 40.10606 -123.99429 40.10862 -123.99866 40.11106 -124.00664 40.12019 -124.0054 40.12439 -124.00206 40.13267 -123.99896 40.14108 -123.99226 40.14871 -123.99455 40.14748 -124.00351 40.15633 -124.01009 40.16204 -124.01527 40.1686 -124.00966 40.17259 -124.01232 40.17494 -124.02271 40.18402 -124.02268 40.18717 -124.02349 40.18782 -124.03076 40.18806 -124.0368 40.1889 -124.03867 40.18568 -124.05231 40.19452 -124.05891 40.19849 -124.04951 40.20207 -124.05095 40.20666 -124.04943 40.21368 -124.04385 40.22375 -124.04148 40.22726 -124.04472 40.22754 -124.04955 40.22812 -124.05864 40.22929 -124.06414 40.23211 -124.07396 40.23489 -124.08499 40.23637 -124.09413 40.23701 -124.10141 40.23686 -124.10562 40.23582 -124.10917 40.23502 -124.11877 40.23978 -124.12511 40.2418 -124.13187 40.22852 -124.14729 40.23505 -124.15495 40.23799 -124.14912 40.24347 -124.14826 40.24503 -124.155 40.24841 -124.16185 40.25131 -124.16927 40.25428 -124.1749 40.25513 -124.18883 40.26351 -124.19541 40.26867 -124.20299 40.27579 -124.20708 40.27905 -124.20489 40.28403 -124.20522 40.28276 -124.21479 40.27681 -124.2162 40.27253 -124.22135 40.2697 -124.22418 40.26596 -124.22695 40.26624 -124.2318 40.27201 -124.23519 40.26542 -124.24139 40.2666 -124.2463 40.27536 -124.24265 40.2788 -124.24771 40.28512 -124.24873 40.28965 -124.23697 40.28895 -124.23149 40.28956 -124.2273 40.29185 -124.22685 40.29499 -124.22767 40.29579 -124.23074 40.2974 -124.23627 40.29857 -124.24118 40.30122 -124.24316 40.3045 -124.24036 40.30811 -124.24121 40.3084 -124.24545 40.30686 -124.25018 40.30704 -124.25744 40.30962 -124.26123 40.30992 -124.26547 40.31053 -124.27336 40.30989 -124.27815 40.31023 -124.28119 40.31102 -124.28426 40.31449 -124.28872 40.31616 -124.29246 40.31677 -124.30035 40.31392 -124.30377 40.30898 -124.30224 40.30318 -124.29943 40.30038 -124.30166 40.29838 -124.30635 40.29903 -124.31303 40.29928 -124.31848 40.29831 -124.32023 40.29662 -124.32857 40.29477 -124.32964 40.29203 -124.33006 40.28958 -124.33472 40.28842 -124.34129 40.28907 -124.34797 40.29165 -124.35177 40.2943 -124.35376 40.29394 -124.35593 40.29371 -124.35734</gml:posList></gml:LineString></georss:where></item><item><guid isPermaLink="false">d8b84ca1-d1d1-4446-8f48-83ad54a9550b</guid><a10:author><a10:name>Simon Hope</a10:name></a10:author><title /><description /><pubDate>Tue, 01 May 2012 21:57:27 +1000</pubDate><a10:link href="http://www.mapbutcher.com/" /><a10:rights type="text">Copyright 2011</a10:rights><a10:content type="text"></a10:content><a10:contributor><a10:name>mapbutcher@mapbutcher.com</a10:name></a10:contributor><georss:where><gml:LineString><gml:posList>39.99113 -122.09859 39.99335 -122.10107 39.99193 -122.10403 39.99094 -122.10819 39.99173 -122.11362 39.99669 -122.11501 39.99898 -122.11389 40.00721 -122.11059 40.01616 -122.11692 40.02336 -122.11958 40.02967 -122.12102 40.037 -122.11768</gml:posList></gml:LineString></georss:where></item><item><guid isPermaLink="false">ae0a98be-8a2f-4ffc-b205-44212996b80e</guid><a10:author><a10:name>Simon Hope</a10:name></a10:author><title /><description /><pubDate>Tue, 01 May 2012 21:57:27 +1000</pubDate><a10:link href="http://www.mapbutcher.com/" /><a10:rights type="text">Copyright 2011</a10:rights><a10:content type="text"></a10:content><a10:contributor><a10:name>mapbutcher@mapbutcher.com</a10:name></a10:contributor><georss:where><gml:LineString><gml:posList>40.03706 -121.98069 40.03087 -121.9955 40.03025 -122.00389 40.02737 -122.0116 40.02136 -122.01739 40.01398 -122.02374 40.00928 -122.03198 40.00554 -122.03725 40.00184 -122.04133 39.99862 -122.04301 39.99074 -122.07396 39.98289 -122.08028 39.98124 -122.09463</gml:posList></gml:LineString></georss:where></item><item><guid isPermaLink="false">f9bf3c39-b5af-4f03-9db3-4bc33f4275ae</guid><a10:author><a10:name>Simon Hope</a10:name></a10:author><title /><description /><pubDate>Tue, 01 May 2012 21:57:27 +1000</pubDate><a10:link href="http://www.mapbutcher.com/" /><a10:rights type="text">Copyright 2011</a10:rights><a10:content type="text"></a10:content><a10:contributor><a10:name>mapbutcher@mapbutcher.com</a10:name></a10:contributor><georss:where><gml:LineString><gml:posList>39.98124 -122.09463 39.98169 -122.09465 39.99113 -122.09859</gml:posList></gml:LineString></georss:where></item><item><guid isPermaLink="false">f02df695-1086-48bc-9936-67b965916871</guid><a10:author><a10:name>Simon Hope</a10:name></a10:author><title /><description /><pubDate>Tue, 01 May 2012 21:57:27 +1000</pubDate><a10:link href="http://www.mapbutcher.com/" /><a10:rights type="text">Copyright 2011</a10:rights><a10:content type="text"></a10:content><a10:contributor><a10:name>mapbutcher@mapbutcher.com</a10:name></a10:contributor><georss:where><gml:LineString><gml:posList>39.96146 -119.99843 39.96188 -120.00008 39.96435 -120.00984 39.96704 -120.01886 39.97017 -120.02728 39.97377 -120.03451 39.97557 -120.03693 39.98009 -120.04176 39.98415 -120.04599 39.98731 -120.04902 39.99227 -120.05505 39.99677 -120.0635 39.99902 -120.06712 40.00217 -120.07194 40.00668 -120.07678 40.00939 -120.0792 40.02201 -120.09431</gml:posList></gml:LineString></georss:where></item><item><guid isPermaLink="false">c3628721-6166-423f-b1fb-f83c8c8c205c</guid><a10:author><a10:name>Simon Hope</a10:name></a10:author><title /><description /><pubDate>Tue, 01 May 2012 21:57:27 +1000</pubDate><a10:link href="http://www.mapbutcher.com/" /><a10:rights type="text">Copyright 2011</a10:rights><a10:content type="text"></a10:content><a10:contributor><a10:name>mapbutcher@mapbutcher.com</a10:name></a10:contributor><georss:where><gml:LineString><gml:posList>39.95416 -123.4347 39.95461 -123.43472 39.95913 -123.43557 39.96992 -123.43856 39.97349 -123.44056 39.97974 -123.44391 39.99278 -123.46205 40.00255 -123.48302 40.00787 -123.48692 40.01276 -123.4902 40.01974 -123.48457 40.02966 -123.48693 40.02924 -123.50014 40.02155 -123.51353 40.02138 -123.51893 40.0267 -123.52283 40.03345 -123.52441 40.03767 -123.52044 40.04129 -123.50622 40.05162 -123.49537 40.05655 -123.49744 40.05959 -123.50182 40.0673 -123.51609 40.07387 -123.52367 40.079 -123.51915 40.08808 -123.51906 40.09342 -123.52237 40.09717 -123.5328 40.10317 -123.54397 40.10394 -123.54823 40.10861 -123.55812 40.11156 -123.57935 40.12464 -123.5819 40.12858 -123.58633 40.13697 -123.60728 40.14235 -123.6094 40.15068 -123.60446 40.16155 -123.60508 40.17548 -123.6095 40.18438 -123.61482 40.18333 -123.61898 40.17597 -123.62217 40.16811 -123.64039 40.17386 -123.64494 40.18184 -123.63697 40.1946 -123.64916 40.20285 -123.63277 40.20989 -123.62594 40.21704 -123.62937 40.2232 -123.63515 40.22647 -123.64619 40.22928 -123.6572 40.23228 -123.6628 40.23708 -123.6685 40.24183 -123.67602 40.23985 -123.69459 40.24839 -123.6969 40.25099 -123.70068 40.24905 -123.71805 40.2702 -123.72351 40.27177 -123.73084 40.28239 -123.72544 40.29015 -123.72409 40.29464 -123.72556 40.29574 -123.73347 40.2976 -123.74565 40.30441 -123.74545 40.30928 -123.74936 40.31037 -123.75727 40.31655 -123.76247 40.32082 -123.77057 40.32156 -123.77544 40.31965 -123.79163 40.31922 -123.80428 40.3234 -123.82808 40.32988 -123.83752 40.33559 -123.84331 40.33777 -123.84585 40.33991 -123.84961 40.34122 -123.86417 40.34311 -123.87516 40.34654 -123.89409 40.34013 -123.90879 40.34867 -123.91113 40.35091 -123.91187 40.35282 -123.92226</gml:posList></gml:LineString></georss:where></item><item><guid isPermaLink="false">7ceb1b4d-1b5f-41ff-9adc-f50f354ecea0</guid><a10:author><a10:name>Simon Hope</a10:name></a10:author><title /><description /><pubDate>Tue, 01 May 2012 21:57:27 +1000</pubDate><a10:link href="http://www.mapbutcher.com/" /><a10:rights type="text">Copyright 2011</a10:rights><a10:content type="text"></a10:content><a10:contributor><a10:name>mapbutcher@mapbutcher.com</a10:name></a10:contributor><georss:where><gml:LineString><gml:posList>40.00673 -119.7886 39.9931 -119.78997 39.98097 -119.78358 39.9755 -119.7852 39.97303 -119.79593 39.97286 -119.80553 39.97033 -119.81985 39.97062 -119.82827 39.97134 -119.83849 39.97213 -119.84512 39.97191 -119.85652 39.97004 -119.85946 39.96719 -119.86657 39.96795 -119.8744 39.96823 -119.88341 39.96446 -119.89108 39.96166 -119.8952 39.95656 -119.90102 39.95102 -119.90624 39.94731 -119.91032 39.9468 -119.9133 39.94574 -119.92107 39.94468 -119.92943 39.9495 -119.938 39.94746 -119.94933 39.95169 -119.96507 39.95436 -119.96757 39.95425 -119.97357 39.95754 -119.99049 39.95929 -119.99355 39.96116 -119.99774 39.96146 -119.99843</gml:posList></gml:LineString></georss:where></item><item><guid isPermaLink="false">99fdd52e-2a27-4458-9812-926c71f17459</guid><a10:author><a10:name>Simon Hope</a10:name></a10:author><title /><description /><pubDate>Tue, 01 May 2012 21:57:27 +1000</pubDate><a10:link href="http://www.mapbutcher.com/" /><a10:rights type="text">Copyright 2011</a10:rights><a10:content type="text"></a10:content><a10:contributor><a10:name>mapbutcher@mapbutcher.com</a10:name></a10:contributor><georss:where><gml:LineString><gml:posList>39.96683 -121.14701 39.98013 -121.13651 39.98212 -121.12215 39.97115 -121.0937 39.96085 -121.08386 39.94453 -121.0835 39.94188 -121.07805 39.94652 -121.06915 39.94674 -121.05176 39.95142 -121.03926 39.95071 -121.02364 39.94535 -121.01633 39.94829 -120.9984 39.94345 -120.9473 39.97009 -120.91724 39.97377 -120.91251 39.97744 -120.90897 39.97971 -120.90902 39.98647 -120.91276 39.9873 -120.91877 39.98956 -120.92002 39.99404 -120.92491 39.9958 -120.92975 39.99844 -120.937 39.997 -120.94358 40.00284 -120.9485 40.00278 -120.9533 40.00315 -120.96052 40.00715 -120.9678 40.01169 -120.96729 40.01627 -120.96318 40.02091 -120.95427 40.02449 -120.95734 40.02491 -120.96096 40.02579 -120.96278 40.02711 -120.96641 40.03208 -120.96831 40.03425 -120.97617 40.03554 -120.9828</gml:posList></gml:LineString></georss:where></item><item><guid isPermaLink="false">e3e0843b-fafb-4e0a-acc6-aaf4ac714833</guid><a10:author><a10:name>Simon Hope</a10:name></a10:author><title /><description /><pubDate>Tue, 01 May 2012 21:57:27 +1000</pubDate><a10:link href="http://www.mapbutcher.com/" /><a10:rights type="text">Copyright 2011</a10:rights><a10:content type="text"></a10:content><a10:contributor><a10:name>mapbutcher@mapbutcher.com</a10:name></a10:contributor><georss:where><gml:LineString><gml:posList>40.01226 -122.55167 40.00675 -122.55444 40.00083 -122.5554 39.99583 -122.55578 39.99159 -122.5622 39.98659 -122.56259 39.9811 -122.56476 39.97743 -122.56641 39.97237 -122.56919 39.96685 -122.57256 39.96502 -122.57308 39.96117 -122.58192 39.96284 -122.58799 39.95399 -122.59721 39.95473 -122.60385 39.94507 -122.60944 39.9418 -122.6315 39.94065 -122.64105 39.94498 -122.64964 39.95119 -122.65532 39.95608 -122.65913 39.95921 -122.66107 39.9641 -122.66489 39.96899 -122.66871 39.98621 -122.68748 39.98761 -122.70376 39.99789 -122.74506</gml:posList></gml:LineString></georss:where></item><item><guid isPermaLink="false">ce181c55-902b-4e72-92fd-ea7f3159738a</guid><a10:author><a10:name>Simon Hope</a10:name></a10:author><title /><description /><pubDate>Tue, 01 May 2012 21:57:27 +1000</pubDate><a10:link href="http://www.mapbutcher.com/" /><a10:rights type="text">Copyright 2011</a10:rights><a10:content type="text"></a10:content><a10:contributor><a10:name>mapbutcher@mapbutcher.com</a10:name></a10:contributor><georss:where><gml:LineString><gml:posList>39.95416 -123.4347 39.95261 -123.42621 39.94587 -123.42404 39.94759 -123.41273 39.94286 -123.40406 39.93933 -123.40087 39.93604 -123.38988 39.93859 -123.38102 39.93877 -123.37502 39.9366 -123.37191 39.93171 -123.36864 39.93561 -123.35985 39.93717 -123.35333 39.93828 -123.34679 39.93935 -123.34144 39.94348 -123.33986 39.94933 -123.34138 39.95811 -123.33644 39.96218 -123.33666 39.96974 -123.34187 39.97561 -123.34278 39.98148 -123.3437 39.98759 -123.33681 39.99694 -123.3277 39.99972 -123.31103 40.00303 -123.3064 40.0034 -123.27938 40.00541 -123.27288 40.01218 -123.27383 40.01584 -123.27283 40.02166 -123.27554 40.02567 -123.27815 40.03014 -123.28019 40.03491 -123.28765 40.04781 -123.29615 40.05183 -123.29816 40.05498 -123.29893 40.05799 -123.3045 40.06555 -123.30972 40.07225 -123.31308 40.07635 -123.3127 40.07856 -123.31462 40.10368 -123.32438 40.10675 -123.32755 40.11129 -123.32779 40.1165 -123.3353 40.12196 -123.33499 40.12587 -123.34061 40.12878 -123.3492 40.13322 -123.35245 40.13347 -123.35909 40.14082 -123.35647 40.1519 -123.36489 40.15377 -123.36319 40.16107 -123.36177 40.16872 -123.36399 40.17871 -123.37839 40.18596 -123.37878 40.19287 -123.37554 40.19512 -123.37626 40.20311 -123.38212 40.21102 -123.39038 40.21033 -123.39818 40.21754 -123.41424 40.2361 -123.43032 40.24188 -123.43426 40.25359 -123.43732 40.26891 -123.44057</gml:posList></gml:LineString></georss:where></item><item><guid isPermaLink="false">f578391b-ec92-48d0-8cd6-f69a94634d25</guid><a10:author><a10:name>Simon Hope</a10:name></a10:author><title /><description /><pubDate>Tue, 01 May 2012 21:57:27 +1000</pubDate><a10:link href="http://www.mapbutcher.com/" /><a10:rights type="text">Copyright 2011</a10:rights><a10:content type="text"></a10:content><a10:contributor><a10:name>mapbutcher@mapbutcher.com</a10:name></a10:contributor><georss:where><gml:LineString><gml:posList>39.92332 -122.08834 39.93032 -122.07839 39.93451 -122.07314 39.93769 -122.07326 39.94299 -122.05785 39.94716 -122.05379 39.96203 -122.03572 39.96629 -122.02687 39.9707 -122.01081 39.97436 -121.98633 39.97493 -121.98035 39.97916 -121.97269 39.98149 -121.96976 39.99055 -121.97008 40.00422 -121.96694 40.01027 -121.95934 40.01493 -121.9529 40.01786 -121.94218 40.01709 -121.93495 40.01914 -121.92241 40.01984 -121.90982 40.01698 -121.89349 40.01573 -121.88745 40.01597 -121.87485 40.01831 -121.87072 40.02343 -121.86368 40.02628 -121.85716 40.02921 -121.84585 40.03212 -121.83573 40.03137 -121.82729 40.03059 -121.82066 40.03072 -121.81346 40.03263 -121.80811 40.03587 -121.80461 40.04229 -121.80061 40.04924 -121.79243 40.05618 -121.78543 40.06002 -121.77354 40.06422 -121.76706 40.0703 -121.75643 40.07178 -121.74986 40.07011 -121.742 40.06884 -121.73655 40.06755 -121.7329 40.06678 -121.72507 40.06736 -121.71787 40.07024 -121.70895 40.07452 -121.69765 40.08044 -121.69604 40.08281 -121.69009 40.08387 -121.68111 40.09258 -121.67596 40.10125 -121.67323 40.10575 -121.67456 40.11079 -121.67231 40.11674 -121.66888 40.12144 -121.6594 40.12603 -121.65593 40.1342 -121.65557 40.14283 -121.65463 40.14646 -121.65474 40.15377 -121.65195 40.15836 -121.64848 40.16455 -121.63121 40.16381 -121.62156 40.16312 -121.6083 40.16373 -121.59869 40.16383 -121.59267 40.16635 -121.5777 40.16743 -121.56689 40.17218 -121.5544 40.17776 -121.54552 40.18567 -121.5331 40.19077 -121.52602 40.19268 -121.52006 40.19453 -121.5183 40.19869 -121.513 40.20202 -121.50346 40.21219 -121.4911 40.2155 -121.48276 40.22104 -121.47629 40.22937 -121.46568 40.23217 -121.46093 40.23775 -121.45205 40.24323 -121.44978 40.24687 -121.44868 40.2523 -121.44943 40.25547 -121.44952 40.25774 -121.44958 40.26139 -121.44848 40.26323 -121.44672 40.26423 -121.44072 40.26519 -121.43713 40.26749 -121.43539 40.26794 -121.43539</gml:posList></gml:LineString></georss:where></item><item><guid isPermaLink="false">d08adc3e-4f9f-4e5f-93f8-a7219cea52b1</guid><a10:author><a10:name>Simon Hope</a10:name></a10:author><title /><description /><pubDate>Tue, 01 May 2012 21:57:27 +1000</pubDate><a10:link href="http://www.mapbutcher.com/" /><a10:rights type="text">Copyright 2011</a10:rights><a10:content type="text"></a10:content><a10:contributor><a10:name>mapbutcher@mapbutcher.com</a10:name></a10:contributor><georss:where><gml:LineString><gml:posList>39.92332 -122.08834 39.9277 -122.0957 39.93225 -122.09526 39.93922 -122.08711 39.9447 -122.08492 39.94925 -122.08447 39.96011 -122.08546 39.96672 -122.09471 39.97351 -122.09555 39.98124 -122.09463</gml:posList></gml:LineString></georss:where></item><item><guid isPermaLink="false">7a77dd59-4c56-40d9-83e9-03dcf3461222</guid><a10:author><a10:name>Simon Hope</a10:name></a10:author><title /><description /><pubDate>Tue, 01 May 2012 21:57:27 +1000</pubDate><a10:link href="http://www.mapbutcher.com/" /><a10:rights type="text">Copyright 2011</a10:rights><a10:content type="text"></a10:content><a10:contributor><a10:name>mapbutcher@mapbutcher.com</a10:name></a10:contributor><georss:where><gml:LineString><gml:posList>39.93148 -120.55599 39.92726 -120.57212 39.92537 -120.58109 39.9266 -120.5961 39.92925 -120.60394 39.92691 -120.6123 39.92774 -120.6207 39.93266 -120.62918 39.93219 -120.63037 39.92537 -120.63206 39.92131 -120.63081</gml:posList></gml:LineString></georss:where></item><item><guid isPermaLink="false">844484fe-6487-4622-b222-a72da72b3980</guid><a10:author><a10:name>Simon Hope</a10:name></a10:author><title /><description /><pubDate>Tue, 01 May 2012 21:57:27 +1000</pubDate><a10:link href="http://www.mapbutcher.com/" /><a10:rights type="text">Copyright 2011</a10:rights><a10:content type="text"></a10:content><a10:contributor><a10:name>mapbutcher@mapbutcher.com</a10:name></a10:contributor><georss:where><gml:LineString><gml:posList>39.89181 -120.19934 39.8932 -120.19276</gml:posList></gml:LineString></georss:where></item><item><guid isPermaLink="false">7eb79282-e220-4332-98cb-ee898da674dc</guid><a10:author><a10:name>Simon Hope</a10:name></a10:author><title /><description /><pubDate>Tue, 01 May 2012 21:57:27 +1000</pubDate><a10:link href="http://www.mapbutcher.com/" /><a10:rights type="text">Copyright 2011</a10:rights><a10:content type="text"></a10:content><a10:contributor><a10:name>mapbutcher@mapbutcher.com</a10:name></a10:contributor><georss:where><gml:LineString><gml:posList>39.8881 -120.35815 39.90604 -120.38594 39.91008 -120.39198 39.91635 -120.40226 39.92177 -120.40533 39.93034 -120.41263 39.93796 -120.42412 39.9411 -120.42896 39.94332 -120.43499 39.94691 -120.44043 39.94913 -120.44526 39.95362 -120.45252 39.95583 -120.45975 39.9607 -120.47542 39.96105 -120.48803 39.9578 -120.49758 39.95864 -120.50659 39.96173 -120.51624 39.97025 -120.52895 39.97067 -120.53256 39.96922 -120.54275 39.97368 -120.55181 39.97996 -120.5591 39.98221 -120.56214 39.98441 -120.56937 39.99254 -120.5737 40.0016 -120.57443 40.0102 -120.57576 40.01654 -120.57706 40.01925 -120.5789 40.0219 -120.58675 40.02358 -120.60178 40.02795 -120.62047 40.03563 -120.6236 40.03598 -120.63562 40.0359 -120.64403 40.03856 -120.65128 40.04213 -120.65674 40.04435 -120.66219 40.04928 -120.66827 40.0615 -120.67088</gml:posList></gml:LineString></georss:where></item><item><guid isPermaLink="false">a6b05bd8-3186-474a-b25d-4ac06259b350</guid><a10:author><a10:name>Simon Hope</a10:name></a10:author><title /><description /><pubDate>Tue, 01 May 2012 21:57:27 +1000</pubDate><a10:link href="http://www.mapbutcher.com/" /><a10:rights type="text">Copyright 2011</a10:rights><a10:content type="text"></a10:content><a10:contributor><a10:name>mapbutcher@mapbutcher.com</a10:name></a10:contributor><georss:where><gml:LineString><gml:posList>39.86711 -121.997 39.87775 -121.98658 39.89009 -121.98161 39.89793 -121.97528 39.90497 -121.96294 39.91412 -121.95905 39.91904 -121.96281 39.92787 -121.95172 39.93171 -121.94105 39.94231 -121.93182 39.94115 -121.92157 39.94231 -121.90841 39.94339 -121.89944 39.95084 -121.8895 39.95923 -121.87717 39.96711 -121.86842 39.97127 -121.86436 39.98085 -121.86108 39.98499 -121.85821 39.99141 -121.85422 39.99788 -121.84782 40.00258 -121.83897 40.0059 -121.83128 40.00973 -121.81999</gml:posList></gml:LineString></georss:where></item><item><guid isPermaLink="false">fa77174d-dfb3-424e-b97d-a505e8ffe101</guid><a10:author><a10:name>Simon Hope</a10:name></a10:author><title /><description /><pubDate>Tue, 01 May 2012 21:57:27 +1000</pubDate><a10:link href="http://www.mapbutcher.com/" /><a10:rights type="text">Copyright 2011</a10:rights><a10:content type="text"></a10:content><a10:contributor><a10:name>mapbutcher@mapbutcher.com</a10:name></a10:contributor><georss:where><gml:LineString><gml:posList>39.86711 -121.997 39.86679 -121.99039 39.87517 -121.97929 39.88221 -121.96755 39.88697 -121.95572 39.89085 -121.94326 39.89281 -121.93553 39.89478 -121.92721 39.89532 -121.92303 39.89446 -121.9206 39.8928 -121.91275 39.89159 -121.90491 39.89129 -121.89651 39.89152 -121.88452 39.89352 -121.8744 39.89826 -121.86376 39.90062 -121.85905 39.90396 -121.85016 39.90918 -121.83774 39.91632 -121.81937 39.91782 -121.81162 39.92156 -121.80575 39.93679 -121.79124 39.941 -121.78417 39.9456 -121.78072 39.95025 -121.77426 39.9558 -121.76844 39.95994 -121.76497 39.96595 -121.75855 39.98096 -121.75603 39.9892 -121.75208</gml:posList></gml:LineString></georss:where></item><item><guid isPermaLink="false">2366100b-7455-4495-af53-97d4a662dd0a</guid><a10:author><a10:name>Simon Hope</a10:name></a10:author><title /><description /><pubDate>Tue, 01 May 2012 21:57:27 +1000</pubDate><a10:link href="http://www.mapbutcher.com/" /><a10:rights type="text">Copyright 2011</a10:rights><a10:content type="text"></a10:content><a10:contributor><a10:name>mapbutcher@mapbutcher.com</a10:name></a10:contributor><georss:where><gml:LineString><gml:posList>39.99113 -122.09859 39.98834 -122.1021 39.98579 -122.11581 39.9847 -122.12478 39.9849 -122.13679 39.98604 -122.14704 39.98484 -122.1608 39.98185 -122.1739 39.97622 -122.1827 39.97381 -122.18921 39.97572 -122.20609 39.97585 -122.22111 39.97561 -122.2319 39.98262 -122.24299 39.98098 -122.25613 39.96777 -122.27904 39.96843 -122.29047 39.9612 -122.30939 39.95684 -122.32182 39.95945 -122.32673 39.94992 -122.34737 39.94871 -122.36052 39.94329 -122.3795 39.93623 -122.39063 39.92785 -122.39989 39.9234 -122.4159 39.91945 -122.42954 39.91736 -122.44145 39.91442 -122.45094 39.91421 -122.45992 39.91173 -122.46882 39.9101 -122.48015 39.90715 -122.48962 39.90202 -122.49541 39.89859 -122.50606 39.89579 -122.50954 39.88929 -122.51586 39.88443 -122.52945 39.88197 -122.53714 39.8825 -122.55276 39.87378 -122.55718 39.87224 -122.56431 39.87646 -122.57709 39.86652 -122.59405 39.85994 -122.60335 39.85747 -122.61163 39.85771 -122.62005 39.85131 -122.62215 39.85341 -122.62885 39.85656 -122.63019 39.85955 -122.63751 39.85056 -122.6521 39.85396 -122.66124 39.85183 -122.67374 39.84828 -122.68857 39.85268 -122.69415 39.85365 -122.70918 39.85442 -122.71461 39.85794 -122.71896 39.85968 -122.72204 39.86226 -122.72755 39.8644 -122.73244 39.86923 -122.73866 39.87179 -122.74477 39.87025 -122.75189 39.86875 -122.75722 39.86725 -122.76255 39.8675 -122.77036 39.86959 -122.77705 39.86905 -122.78062 39.86798 -122.78656 39.86872 -122.79319 39.86811 -122.79916 39.868 -122.80335 39.87146 -122.80951 39.8716 -122.8215 39.87155 -122.8233 39.87194 -122.82572 39.87274 -122.82995 39.87397 -122.8348 39.87881 -122.84042 39.88554 -122.84314 39.89315 -122.84709 39.89946 -122.84859 39.91013 -122.85688 39.92042 -122.86216 39.92513 -122.85578 39.92843 -122.85114 39.93166 -122.84888 39.93758 -122.84796 39.94119 -122.84873 39.94432 -122.85068 39.94672 -122.86279 39.95191 -122.87204 39.95636 -122.87525 39.96464 -122.87083 39.96741 -122.86916 39.97332 -122.86884 39.9783 -122.86907 39.98231 -122.87167 39.98626 -122.87666 39.9902 -122.88226 39.99562 -122.89993 40.00219 -122.90865 40.00927 -122.91499 40.02583 -122.92359 40.03696 -122.93134</gml:posList></gml:LineString></georss:where></item><item><guid isPermaLink="false">26d1141a-2aa8-43e0-b966-d6ad3616e5b0</guid><a10:author><a10:name>Simon Hope</a10:name></a10:author><title /><description /><pubDate>Tue, 01 May 2012 21:57:27 +1000</pubDate><a10:link href="http://www.mapbutcher.com/" /><a10:rights type="text">Copyright 2011</a10:rights><a10:content type="text"></a10:content><a10:contributor><a10:name>mapbutcher@mapbutcher.com</a10:name></a10:contributor><georss:where><gml:LineString><gml:posList>39.86128 -122.35584 39.85395 -122.35915 39.84843 -122.36253 39.84424 -122.36715 39.84083 -122.3772 39.83881 -122.38611 39.83443 -122.39912 39.82859 -122.41625 39.82507 -122.43109 39.82447 -122.45683 39.82777 -122.48992 39.83114 -122.50084 39.83508 -122.5064</gml:posList></gml:LineString></georss:where></item><item><guid isPermaLink="false">4c1f5d13-02ca-419d-a7ae-efefce9e3ec1</guid><a10:author><a10:name>Simon Hope</a10:name></a10:author><title /><description /><pubDate>Tue, 01 May 2012 21:57:27 +1000</pubDate><a10:link href="http://www.mapbutcher.com/" /><a10:rights type="text">Copyright 2011</a10:rights><a10:content type="text"></a10:content><a10:contributor><a10:name>mapbutcher@mapbutcher.com</a10:name></a10:contributor><georss:where><gml:LineString><gml:posList>40.10933 -123.00519 40.11131 -123.01553 40.10781 -123.02738 40.10426 -123.04044 40.0969 -123.04429 40.07825 -123.04577 40.07364 -123.04855 40.06982 -123.05497 40.06778 -123.06329 40.06445 -123.06853 40.06468 -123.07637 40.06134 -123.08221 40.05759 -123.08624 40.05523 -123.08972 40.04895 -123.087 40.04254 -123.08908 40.03658 -123.09119 40.03294 -123.09161 40.03061 -123.09389 40.02864 -123.09921 40.02796 -123.10698 40.02094 -123.11444 40.01815 -123.11671 40.00836 -123.11021 40.00331 -123.11235 39.9948 -123.10832 39.98833 -123.09658 39.98515 -123.09702 39.98352 -123.09034 39.97859 -123.08829 39.97579 -123.07494 39.97192 -123.06754 39.97211 -123.06094 39.96999 -123.05543 39.96842 -123.04695 39.96587 -123.04082 39.96282 -123.03646 39.95748 -123.0326 39.95248 -123.03295 39.94988 -123.02862 39.94612 -123.01704 39.93637 -123.00875 39.93103 -123.00489 39.9182 -123.00967 39.91001 -123.01047 39.8924 -123.024 39.8862 -123.03449 39.88112 -123.03784 39.87743 -123.04006 39.87459 -123.04412 39.87083 -123.04873 39.86613 -123.05449 39.85967 -123.05837 39.85589 -123.06358 39.84965 -123.05968 39.83767 -123.06628 39.82983 -123.07068 39.82733 -123.07894 39.82628 -123.08369 39.82386 -123.08896</gml:posList></gml:LineString></georss:where></item><item><guid isPermaLink="false">37f0be30-1d8f-4da8-8285-fe8a6565d344</guid><a10:author><a10:name>Simon Hope</a10:name></a10:author><title /><description /><pubDate>Tue, 01 May 2012 21:57:27 +1000</pubDate><a10:link href="http://www.mapbutcher.com/" /><a10:rights type="text">Copyright 2011</a10:rights><a10:content type="text"></a10:content><a10:contributor><a10:name>mapbutcher@mapbutcher.com</a10:name></a10:contributor><georss:where><gml:LineString><gml:posList>39.81778 -120.42857 39.81871 -120.42499 39.82098 -120.42382 39.83094 -120.42634 39.83635 -120.4306 39.83952 -120.43064 39.84542 -120.43073 39.84856 -120.43495 39.85347 -120.44521 39.85524 -120.45061 39.8584 -120.45306 39.86201 -120.45551 39.86562 -120.45734 39.87104 -120.45982 39.88225 -120.47675</gml:posList></gml:LineString></georss:where></item><item><guid isPermaLink="false">df96a2b1-09e8-4553-83bd-d649f060dc9a</guid><a10:author><a10:name>Simon Hope</a10:name></a10:author><title /><description /><pubDate>Tue, 01 May 2012 21:57:27 +1000</pubDate><a10:link href="http://www.mapbutcher.com/" /><a10:rights type="text">Copyright 2011</a10:rights><a10:content type="text"></a10:content><a10:contributor><a10:name>mapbutcher@mapbutcher.com</a10:name></a10:contributor><georss:where><gml:LineString><gml:posList>39.81682 -122.33611 39.81905 -122.33799</gml:posList></gml:LineString></georss:where></item><item><guid isPermaLink="false">b9ef8dad-58b2-4ee4-8567-bec8b7d6bb65</guid><a10:author><a10:name>Simon Hope</a10:name></a10:author><title /><description /><pubDate>Tue, 01 May 2012 21:57:27 +1000</pubDate><a10:link href="http://www.mapbutcher.com/" /><a10:rights type="text">Copyright 2011</a10:rights><a10:content type="text"></a10:content><a10:contributor><a10:name>mapbutcher@mapbutcher.com</a10:name></a10:contributor><georss:where><gml:LineString><gml:posList>39.81682 -122.33611 39.81548 -122.33545</gml:posList></gml:LineString></georss:where></item><item><guid isPermaLink="false">4a18c1a5-ec18-458e-9b8e-6bf2bba0a6b4</guid><a10:author><a10:name>Simon Hope</a10:name></a10:author><title /><description /><pubDate>Tue, 01 May 2012 21:57:27 +1000</pubDate><a10:link href="http://www.mapbutcher.com/" /><a10:rights type="text">Copyright 2011</a10:rights><a10:content type="text"></a10:content><a10:contributor><a10:name>mapbutcher@mapbutcher.com</a10:name></a10:contributor><georss:where><gml:LineString><gml:posList>39.8127 -122.064 39.82003 -122.06066 39.82463 -122.05723 39.83395 -122.06715 39.83664 -122.06905 39.84159 -122.07043 39.84576 -122.06638 39.84996 -122.06053 39.85413 -122.05649 39.8573 -122.0566 39.86138 -122.05674 39.86501 -122.05627 39.86919 -122.05163 39.87247 -122.04635 39.87619 -122.04168 39.88254 -122.04191 39.88383 -122.04556 39.88418 -122.05036 39.88412 -122.05335 39.87949 -122.05798 39.87487 -122.06202 39.87481 -122.06502 39.87745 -122.06931 39.88106 -122.07003 39.88704 -122.06606 39.89471 -122.06812 39.89915 -122.07248 39.90177 -122.07737 39.90436 -122.08406 39.90742 -122.08957 39.91275 -122.09516 39.91732 -122.09352 39.91917 -122.09179 39.92332 -122.08834</gml:posList></gml:LineString></georss:where></item><item><guid isPermaLink="false">471d55b1-42ed-4b19-971b-a856938b7448</guid><a10:author><a10:name>Simon Hope</a10:name></a10:author><title /><description /><pubDate>Tue, 01 May 2012 21:57:27 +1000</pubDate><a10:link href="http://www.mapbutcher.com/" /><a10:rights type="text">Copyright 2011</a10:rights><a10:content type="text"></a10:content><a10:contributor><a10:name>mapbutcher@mapbutcher.com</a10:name></a10:contributor><georss:where><gml:LineString><gml:posList>39.8127 -122.064 39.81892 -122.07021 39.82297 -122.07215 39.82888 -122.07117 39.8334 -122.07193 39.83557 -122.0768 39.8376 -122.08826 39.84298 -122.09145 39.84648 -122.09756 39.84733 -122.12216 39.84946 -122.12883 39.85147 -122.14089 39.85117 -122.15527 39.85744 -122.15909 39.86282 -122.16169 39.87448 -122.16811 39.88212 -122.17139 39.89201 -122.17536 39.89406 -122.18563 39.90399 -122.1878 39.91201 -122.19469 39.91618 -122.21165 39.92246 -122.21489 39.92409 -122.22335 39.92426 -122.23655 39.92317 -122.24491 39.92481 -122.25277 39.92327 -122.26111 39.92761 -122.26968 39.92703 -122.27566 39.92323 -122.28331 39.918 -122.29391 39.91158 -122.29726 39.90698 -122.30008 39.90321 -122.30653 39.89816 -122.30933 39.89351 -122.31454 39.88883 -122.32095 39.88095 -122.32845 39.87308 -122.33533 39.86795 -122.34172 39.8646 -122.34938 39.86128 -122.35584</gml:posList></gml:LineString></georss:where></item><item><guid isPermaLink="false">f66c39f2-5339-4490-b4d0-f05e007cc18a</guid><a10:author><a10:name>Simon Hope</a10:name></a10:author><title /><description /><pubDate>Tue, 01 May 2012 21:57:27 +1000</pubDate><a10:link href="http://www.mapbutcher.com/" /><a10:rights type="text">Copyright 2011</a10:rights><a10:content type="text"></a10:content><a10:contributor><a10:name>mapbutcher@mapbutcher.com</a10:name></a10:contributor><georss:where><gml:LineString><gml:posList>39.80588 -120.38112 39.81131 -120.38238 39.81447 -120.38422 39.81716 -120.38844 39.81713 -120.39263 39.8171 -120.39622 39.81708 -120.39922 39.81839 -120.40642 39.81971 -120.41242 39.81379 -120.41654 39.81287 -120.41713 39.81195 -120.41951 39.81192 -120.4231 39.81778 -120.42857</gml:posList></gml:LineString></georss:where></item><item><guid isPermaLink="false">3f4e8c96-e00f-4a1f-ba28-b218df018dad</guid><a10:author><a10:name>Simon Hope</a10:name></a10:author><title /><description /><pubDate>Tue, 01 May 2012 21:57:27 +1000</pubDate><a10:link href="http://www.mapbutcher.com/" /><a10:rights type="text">Copyright 2011</a10:rights><a10:content type="text"></a10:content><a10:contributor><a10:name>mapbutcher@mapbutcher.com</a10:name></a10:contributor><georss:where><gml:LineString><gml:posList>39.8932 -120.19276 39.88914 -120.19032 39.88232 -120.19386 39.86972 -120.17576 39.86296 -120.1685 39.85801 -120.16126 39.85395 -120.15643 39.84534 -120.15696 39.83582 -120.15567 39.82901 -120.15741 39.82356 -120.16035 39.82082 -120.16392 39.81989 -120.1675 39.81987 -120.1711 39.81892 -120.17947 39.81164 -120.18419 39.80798 -120.19014 39.8052 -120.20149 39.79971 -120.21162 39.79513 -120.21875 39.7901 -120.22649 39.78325 -120.2342 39.77911 -120.24373 39.7786 -120.2539 39.78215 -120.2665 39.78619 -120.27313 39.78933 -120.27915 39.79426 -120.28758 39.79644 -120.30138 39.79544 -120.31574 39.79356 -120.32649 39.79396 -120.33488 39.79525 -120.34387 39.79477 -120.34806 39.79429 -120.35224 39.79288 -120.35881 39.79331 -120.3636 39.79689 -120.37023 39.80094 -120.37447 39.80588 -120.38112</gml:posList></gml:LineString></georss:where></item><item><guid isPermaLink="false">956db966-5860-4097-b7cb-823cd9bacceb</guid><a10:author><a10:name>Simon Hope</a10:name></a10:author><title /><description /><pubDate>Tue, 01 May 2012 21:57:27 +1000</pubDate><a10:link href="http://www.mapbutcher.com/" /><a10:rights type="text">Copyright 2011</a10:rights><a10:content type="text"></a10:content><a10:contributor><a10:name>mapbutcher@mapbutcher.com</a10:name></a10:contributor><georss:where><gml:LineString><gml:posList>39.76281 -121.97363 39.76383 -121.96828 39.77653 -121.96812 39.79161 -121.96205 39.79636 -121.95143 39.80198 -121.94204 39.80893 -121.93449 39.81481 -121.93529 39.81717 -121.93058 39.81743 -121.91741 39.8194 -121.90909 39.81945 -121.9061 39.81823 -121.89887 39.81948 -121.88094 39.82185 -121.87563 39.82382 -121.8673 39.82857 -121.85608 39.83459 -121.84909 39.84206 -121.83795 39.84769 -121.82735 39.85371 -121.82095 39.86161 -121.81042 39.86802 -121.80702 39.87713 -121.80492 39.88129 -121.80086 39.88548 -121.795 39.8839 -121.78176 39.88667 -121.77945 39.89364 -121.77007 39.90108 -121.75951 39.90484 -121.75243 39.90896 -121.75017 39.91576 -121.75038 39.92485 -121.74947</gml:posList></gml:LineString></georss:where></item><item><guid isPermaLink="false">1d0196a9-bba9-4743-8ee0-a2b5f5217286</guid><a10:author><a10:name>Simon Hope</a10:name></a10:author><title /><description /><pubDate>Tue, 01 May 2012 21:57:27 +1000</pubDate><a10:link href="http://www.mapbutcher.com/" /><a10:rights type="text">Copyright 2011</a10:rights><a10:content type="text"></a10:content><a10:contributor><a10:name>mapbutcher@mapbutcher.com</a10:name></a10:contributor><georss:where><gml:LineString><gml:posList>39.76281 -121.97363 39.77305 -121.98357 39.7802 -121.9886 39.78786 -121.99126 39.79458 -121.99568 39.80265 -122.00015 39.80804 -122.00274 39.81645 -122.01321 39.82458 -122.01469 39.82998 -122.01668 39.83634 -122.0163 39.84308 -122.01953 39.85523 -122.02415 39.86114 -122.02316 39.86851 -122.01803 39.86865 -122.01084 39.86711 -121.997</gml:posList></gml:LineString></georss:where></item><item><guid isPermaLink="false">a0b079f4-3b4d-42f6-b2a0-bd3fda1c648d</guid><a10:author><a10:name>Simon Hope</a10:name></a10:author><title /><description /><pubDate>Tue, 01 May 2012 21:57:27 +1000</pubDate><a10:link href="http://www.mapbutcher.com/" /><a10:rights type="text">Copyright 2011</a10:rights><a10:content type="text"></a10:content><a10:contributor><a10:name>mapbutcher@mapbutcher.com</a10:name></a10:contributor><georss:where><gml:LineString><gml:posList>39.74211 -121.96574 39.74884 -121.96957 39.75469 -121.97156 39.76281 -121.97363</gml:posList></gml:LineString></georss:where></item><item><guid isPermaLink="false">84eb9a6c-e6ed-42a8-a66e-27b44112b830</guid><a10:author><a10:name>Simon Hope</a10:name></a10:author><title /><description /><pubDate>Tue, 01 May 2012 21:57:27 +1000</pubDate><a10:link href="http://www.mapbutcher.com/" /><a10:rights type="text">Copyright 2011</a10:rights><a10:content type="text"></a10:content><a10:contributor><a10:name>mapbutcher@mapbutcher.com</a10:name></a10:contributor><georss:where><gml:LineString><gml:posList>39.74134 -120.97615 39.74547 -120.97264 39.74783 -120.96432 39.76302 -120.94487 39.7662 -120.94374 39.77041 -120.93305 39.76644 -120.92339 39.76791 -120.91385 39.77306 -120.89959 39.77176 -120.89417</gml:posList></gml:LineString></georss:where></item><item><guid isPermaLink="false">2ae9cc50-2ebb-4af2-9d5f-485422df33ba</guid><a10:author><a10:name>Simon Hope</a10:name></a10:author><title /><description /><pubDate>Tue, 01 May 2012 21:57:27 +1000</pubDate><a10:link href="http://www.mapbutcher.com/" /><a10:rights type="text">Copyright 2011</a10:rights><a10:content type="text"></a10:content><a10:contributor><a10:name>mapbutcher@mapbutcher.com</a10:name></a10:contributor><georss:where><gml:LineString><gml:posList>39.8127 -122.064 39.80784 -122.05783 39.80388 -122.0517 39.80302 -122.04927 39.80217 -122.04685 39.79724 -122.04368 39.79412 -122.04118 39.79875 -122.03654 39.79971 -122.03358 39.80021 -122.03121 39.79984 -122.0276 39.79398 -122.0256 39.78987 -122.02666 39.78621 -122.02832 39.78345 -122.03062 39.77935 -122.03107 39.77486 -122.02912 39.77127 -122.0272 39.76771 -122.02408 39.75849 -122.0088 39.75451 -122.00387 39.75272 -122.00261 39.74878 -121.99529 39.7439 -121.98974 39.73896 -121.98717 39.73458 -121.97925 39.73881 -121.97221 39.74211 -121.96574</gml:posList></gml:LineString></georss:where></item><item><guid isPermaLink="false">054e831b-cf9b-4a5a-9896-770be08db477</guid><a10:author><a10:name>Simon Hope</a10:name></a10:author><title /><description /><pubDate>Tue, 01 May 2012 21:57:27 +1000</pubDate><a10:link href="http://www.mapbutcher.com/" /><a10:rights type="text">Copyright 2011</a10:rights><a10:content type="text"></a10:content><a10:contributor><a10:name>mapbutcher@mapbutcher.com</a10:name></a10:contributor><georss:where><gml:LineString><gml:posList>39.72681 -121.01592 39.72366 -121.01406</gml:posList></gml:LineString></georss:where></item><item><guid isPermaLink="false">ca1ec4f3-f042-48ec-8a77-5b81482dcd3d</guid><a10:author><a10:name>Simon Hope</a10:name></a10:author><title /><description /><pubDate>Tue, 01 May 2012 21:57:27 +1000</pubDate><a10:link href="http://www.mapbutcher.com/" /><a10:rights type="text">Copyright 2011</a10:rights><a10:content type="text"></a10:content><a10:contributor><a10:name>mapbutcher@mapbutcher.com</a10:name></a10:contributor><georss:where><gml:LineString><gml:posList>39.72366 -121.01406 39.72007 -121.0116</gml:posList></gml:LineString></georss:where></item><item><guid isPermaLink="false">50e43b0e-1d2f-4d3e-b498-c3d199e2cea1</guid><a10:author><a10:name>Simon Hope</a10:name></a10:author><title /><description /><pubDate>Tue, 01 May 2012 21:57:27 +1000</pubDate><a10:link href="http://www.mapbutcher.com/" /><a10:rights type="text">Copyright 2011</a10:rights><a10:content type="text"></a10:content><a10:contributor><a10:name>mapbutcher@mapbutcher.com</a10:name></a10:contributor><georss:where><gml:LineString><gml:posList>39.71301 -123.3539 39.71751 -123.35534 39.72102 -123.35912 39.7231 -123.36522 39.74417 -123.37354 39.75125 -123.3793 39.78034 -123.39225 39.79219 -123.3905 39.80403 -123.40372 39.81026 -123.40765 39.81364 -123.41563 39.82368 -123.41377 39.83714 -123.41871 39.8435 -123.41845 39.85226 -123.42852 39.86504 -123.44061 39.87417 -123.43871 39.88076 -123.44567 39.89607 -123.44952 39.9009 -123.45458 39.90356 -123.47092 39.91724 -123.46868 39.93063 -123.47602 39.93261 -123.45633 39.94048 -123.45135 39.94559 -123.44743 39.95445 -123.44012 39.95416 -123.4347</gml:posList></gml:LineString></georss:where></item><item><guid isPermaLink="false">a037c7cf-27a6-4f95-8fd9-255669907e4e</guid><a10:author><a10:name>Simon Hope</a10:name></a10:author><title /><description /><pubDate>Tue, 01 May 2012 21:57:27 +1000</pubDate><a10:link href="http://www.mapbutcher.com/" /><a10:rights type="text">Copyright 2011</a10:rights><a10:content type="text"></a10:content><a10:contributor><a10:name>mapbutcher@mapbutcher.com</a10:name></a10:contributor><georss:where><gml:LineString><gml:posList>39.71266 -122.01019 39.73423 -122.01991 39.75175 -122.02831 39.76522 -122.03477 39.76836 -122.03667 39.77283 -122.03983 39.78041 -122.04608 39.78933 -122.05358 39.79382 -122.05613 39.79881 -122.05571 39.80419 -122.05889 39.8127 -122.064</gml:posList></gml:LineString></georss:where></item><item><guid isPermaLink="false">21838c14-cabe-4db4-a9e9-bd3da0d88a04</guid><a10:author><a10:name>Simon Hope</a10:name></a10:author><title /><description /><pubDate>Tue, 01 May 2012 21:57:27 +1000</pubDate><a10:link href="http://www.mapbutcher.com/" /><a10:rights type="text">Copyright 2011</a10:rights><a10:content type="text"></a10:content><a10:contributor><a10:name>mapbutcher@mapbutcher.com</a10:name></a10:contributor><georss:where><gml:LineString><gml:posList>39.81682 -122.33611 39.81832 -122.33018 39.81616 -122.32529 39.81813 -122.31818 39.81453 -122.31684 39.8008 -122.30253 39.79849 -122.28387 39.79876 -122.2719 39.79361 -122.25853 39.78755 -122.24512 39.78188 -122.23473 39.7766 -122.22735 39.77279 -122.21523 39.76719 -122.20125 39.7602 -122.18902 39.75457 -122.17624 39.75984 -122.16327 39.76149 -122.14957 39.75633 -122.13621 39.75197 -122.12767 39.75243 -122.10554 39.73944 -122.09789 39.7374 -122.0649 39.72707 -122.05975 39.72319 -122.05004 39.72474 -122.04052 39.72212 -122.03564 39.71559 -122.02225 39.71704 -122.01752 39.71528 -122.01507 39.71266 -122.01019</gml:posList></gml:LineString></georss:where></item><item><guid isPermaLink="false">3da682cb-1ac2-4580-8a95-5688fa1a0eac</guid><a10:author><a10:name>Simon Hope</a10:name></a10:author><title /><description /><pubDate>Tue, 01 May 2012 21:57:27 +1000</pubDate><a10:link href="http://www.mapbutcher.com/" /><a10:rights type="text">Copyright 2011</a10:rights><a10:content type="text"></a10:content><a10:contributor><a10:name>mapbutcher@mapbutcher.com</a10:name></a10:contributor><georss:where><gml:LineString><gml:posList>40.01207 -121.22311 40.00689 -121.2368 40.00592 -121.24098 40.00588 -121.24458 40.00583 -121.24758 40.00385 -121.25954 40.00143 -121.27029 39.99727 -121.27619 39.98943 -121.28561 39.97909 -121.27934 39.97233 -121.27618 39.96646 -121.27423 39.96235 -121.27653 39.95951 -121.28486 39.9576 -121.29141 39.95525 -121.29736 39.95154 -121.30326 39.9465 -121.30674 39.94329 -121.30906 39.93823 -121.31433 39.93368 -121.31541 39.92779 -121.31526 39.92372 -121.31456 39.92006 -121.31627 39.91594 -121.31916 39.91316 -121.32329 39.90853 -121.32977 39.9029 -121.34282 39.90144 -121.34998 39.89863 -121.3559 39.89315 -121.35815 39.8872 -121.3622 39.88077 -121.36742 39.86753 -121.37367 39.86428 -121.37838 39.86008 -121.38667 39.84138 -121.39396 39.83982 -121.4071 39.83569 -121.41058 39.82485 -121.4073 39.81878 -121.41912 39.81326 -121.42377 39.80729 -121.42899 39.80405 -121.4331 39.79936 -121.44315 39.79523 -121.44603 39.79205 -121.44654 39.7861 -121.45058 39.77336 -121.45322 39.76878 -121.4561 39.76284 -121.45893 39.75779 -121.46298 39.75449 -121.47067 39.74901 -121.47351 39.73857 -121.47443 39.73089 -121.47242 39.72316 -121.4734 39.71862 -121.47388 39.71232 -121.47131 39.71109 -121.4629 39.71351 -121.4528 39.71508 -121.43968 39.71837 -121.43199 39.71576 -121.42474 39.71271 -121.41689 39.71004 -121.41324</gml:posList></gml:LineString></georss:where></item><item><guid isPermaLink="false">fcc47c0b-8b7c-4e28-b2f2-54c279108e79</guid><a10:author><a10:name>Simon Hope</a10:name></a10:author><title /><description /><pubDate>Tue, 01 May 2012 21:57:27 +1000</pubDate><a10:link href="http://www.mapbutcher.com/" /><a10:rights type="text">Copyright 2011</a10:rights><a10:content type="text"></a10:content><a10:contributor><a10:name>mapbutcher@mapbutcher.com</a10:name></a10:contributor><georss:where><gml:LineString><gml:posList>39.70999 -121.55975 39.71819 -121.557 39.72497 -121.55839 39.73354 -121.56102 39.74932 -121.56686 39.76071 -121.5636 39.77383 -121.56517 39.78115 -121.56179 39.78746 -121.56377 39.79375 -121.56754 39.80184 -121.57137 39.81134 -121.57284 39.82043 -121.5719 39.82818 -121.56912 39.83055 -121.5632 39.83377 -121.5603 39.84013 -121.55929 39.84624 -121.54628 39.85588 -121.53876 39.86049 -121.5347 39.86284 -121.52937 39.85886 -121.52267 39.85803 -121.51845 39.86037 -121.51373 39.86541 -121.51086 39.87266 -121.51107 39.87815 -121.50763 39.89392 -121.51406 39.89985 -121.51183 39.90977 -121.5157 39.91612 -121.51528 39.92011 -121.5208 39.92679 -121.52878 39.93805 -121.53329 39.94307 -121.53164 39.94894 -121.533 39.95841 -121.53627 39.96629 -121.52569 39.97357 -121.5241 39.97983 -121.52967 39.98626 -121.52445 39.99264 -121.52283 39.99804 -121.52539 40.00531 -121.52439 40.00668 -121.52383</gml:posList></gml:LineString></georss:where></item><item><guid isPermaLink="false">94887dd2-4cc2-47f5-aa75-720ee42f92ca</guid><a10:author><a10:name>Simon Hope</a10:name></a10:author><title /><description /><pubDate>Tue, 01 May 2012 21:57:27 +1000</pubDate><a10:link href="http://www.mapbutcher.com/" /><a10:rights type="text">Copyright 2011</a10:rights><a10:content type="text"></a10:content><a10:contributor><a10:name>mapbutcher@mapbutcher.com</a10:name></a10:contributor><georss:where><gml:LineString><gml:posList>39.70778 -121.93586 39.71649 -121.93077 39.71677 -121.91643 39.71925 -121.90514 39.72356 -121.89333 39.72787 -121.8815 39.72491 -121.87004 39.72687 -121.86233 39.72426 -121.85626 39.72897 -121.84684 39.73092 -121.83973 39.73708 -121.82557 39.74362 -121.81501 39.74325 -121.81081 39.74796 -121.80138 39.75256 -121.79734 39.75621 -121.79626 39.76126 -121.79283 39.76599 -121.78221 39.77064 -121.77577 39.76899 -121.76674 39.77282 -121.75609 39.77935 -121.74552 39.7835 -121.74146 39.79451 -121.73462 39.8078 -121.72665 39.82194 -121.72229 39.83103 -121.72077 39.84107 -121.71749 39.84792 -121.71471 39.85753 -121.7096 39.86113 -121.71152 39.87298 -121.70768 39.88396 -121.70203 39.89503 -121.69157 39.90736 -121.68655 39.9188 -121.6809 39.93071 -121.67406 39.93708 -121.67306 39.94792 -121.67519 39.95434 -121.67118 39.96476 -121.6721 39.98204 -121.66901 39.99127 -121.65968 39.99488 -121.661 40.00448 -121.65648 40.01271 -121.65253 40.03014 -121.64103 40.04333 -121.63902 40.04565 -121.63549 40.04492 -121.62525 40.05685 -121.6172 40.06111 -121.60651 40.08506 -121.58436 40.08067 -121.57581 40.08366 -121.55907 40.0924 -121.5515 40.09618 -121.54259</gml:posList></gml:LineString></georss:where></item><item><guid isPermaLink="false">7bb9e401-e949-4084-936e-44e6727bbb84</guid><a10:author><a10:name>Simon Hope</a10:name></a10:author><title /><description /><pubDate>Tue, 01 May 2012 21:57:27 +1000</pubDate><a10:link href="http://www.mapbutcher.com/" /><a10:rights type="text">Copyright 2011</a10:rights><a10:content type="text"></a10:content><a10:contributor><a10:name>mapbutcher@mapbutcher.com</a10:name></a10:contributor><georss:where><gml:LineString><gml:posList>39.70778 -121.93586 39.7118 -121.93899 39.7127 -121.93902 39.72174 -121.94052 39.72824 -121.93296 39.73414 -121.93256 39.73731 -121.93267 39.74245 -121.92506 39.74709 -121.91984 39.75626 -121.91416 39.76456 -121.90726 39.77477 -121.89503 39.77984 -121.89101 39.78496 -121.88399 39.789 -121.88592 39.79216 -121.88663 39.79629 -121.88436 39.80192 -121.87437 39.80671 -121.86076 39.80769 -121.85719 39.81132 -121.85671 39.81417 -121.84962 39.82069 -121.84085 39.82591 -121.82844 39.83121 -121.81123 39.83799 -121.78809 39.83778 -121.77431 39.84167 -121.76005 39.86144 -121.74509 39.87207 -121.73343 39.88175 -121.72474 39.89587 -121.72098 39.9095 -121.7202 39.91584 -121.72039 39.92084 -121.71995 39.94317 -121.71344</gml:posList></gml:LineString></georss:where></item><item><guid isPermaLink="false">fe727ed8-30f7-43e5-b0a6-f090a5d0a4ff</guid><a10:author><a10:name>Simon Hope</a10:name></a10:author><title /><description /><pubDate>Tue, 01 May 2012 21:57:27 +1000</pubDate><a10:link href="http://www.mapbutcher.com/" /><a10:rights type="text">Copyright 2011</a10:rights><a10:content type="text"></a10:content><a10:contributor><a10:name>mapbutcher@mapbutcher.com</a10:name></a10:contributor><georss:where><gml:LineString><gml:posList>39.71088 -122.24639 39.70942 -122.25112 39.70797 -122.25526 39.70866 -122.26485 39.71035 -122.2703 39.71777 -122.28374 39.72165 -122.29227 39.72557 -122.2996 39.72769 -122.30627 39.73712 -122.33057 39.73651 -122.33772 39.73187 -122.34232 39.72613 -122.35526 39.71288 -122.37926 39.71272 -122.38644 39.70755 -122.39401 39.7025 -122.41653</gml:posList></gml:LineString></georss:where></item><item><guid isPermaLink="false">76e11e35-bed0-4c5e-821d-387903410952</guid><a10:author><a10:name>Simon Hope</a10:name></a10:author><title /><description /><pubDate>Tue, 01 May 2012 21:57:27 +1000</pubDate><a10:link href="http://www.mapbutcher.com/" /><a10:rights type="text">Copyright 2011</a10:rights><a10:content type="text"></a10:content><a10:contributor><a10:name>mapbutcher@mapbutcher.com</a10:name></a10:contributor><georss:where><gml:LineString><gml:posList>39.7022 -121.94285 39.70778 -121.93586</gml:posList></gml:LineString></georss:where></item><item><guid isPermaLink="false">8981e5bb-e1fe-4329-8f7b-121f4ff89760</guid><a10:author><a10:name>Simon Hope</a10:name></a10:author><title /><description /><pubDate>Tue, 01 May 2012 21:57:27 +1000</pubDate><a10:link href="http://www.mapbutcher.com/" /><a10:rights type="text">Copyright 2011</a10:rights><a10:content type="text"></a10:content><a10:contributor><a10:name>mapbutcher@mapbutcher.com</a10:name></a10:contributor><georss:where><gml:LineString><gml:posList>39.7022 -121.94285 39.72421 -121.95377 39.73005 -121.95635 39.73273 -121.95824 39.74211 -121.96574</gml:posList></gml:LineString></georss:where></item><item><guid isPermaLink="false">a2cfb056-bb8d-475c-89e3-0e3704402f7e</guid><a10:author><a10:name>Simon Hope</a10:name></a10:author><title /><description /><pubDate>Tue, 01 May 2012 21:57:27 +1000</pubDate><a10:link href="http://www.mapbutcher.com/" /><a10:rights type="text">Copyright 2011</a10:rights><a10:content type="text"></a10:content><a10:contributor><a10:name>mapbutcher@mapbutcher.com</a10:name></a10:contributor><georss:where><gml:LineString><gml:posList>39.68924 -121.95616 39.69252 -121.95089 39.69403 -121.94317 39.69634 -121.94086 39.7022 -121.94285</gml:posList></gml:LineString></georss:where></item><item><guid isPermaLink="false">82f68ed4-9532-4af4-bf8c-63e7205eadd6</guid><a10:author><a10:name>Simon Hope</a10:name></a10:author><title /><description /><pubDate>Tue, 01 May 2012 21:57:27 +1000</pubDate><a10:link href="http://www.mapbutcher.com/" /><a10:rights type="text">Copyright 2011</a10:rights><a10:content type="text"></a10:content><a10:contributor><a10:name>mapbutcher@mapbutcher.com</a10:name></a10:contributor><georss:where><gml:LineString><gml:posList>39.71266 -122.01019 39.7183 -122.00021 39.71899 -121.98828 39.71871 -121.9793 39.71799 -121.9697 39.71539 -121.96423 39.70826 -121.95741 39.68924 -121.95616</gml:posList></gml:LineString></georss:where></item><item><guid isPermaLink="false">e005cb69-ef4c-4e2a-bbf4-8b3b1644b4e8</guid><a10:author><a10:name>Simon Hope</a10:name></a10:author><title /><description /><pubDate>Tue, 01 May 2012 21:57:27 +1000</pubDate><a10:link href="http://www.mapbutcher.com/" /><a10:rights type="text">Copyright 2011</a10:rights><a10:content type="text"></a10:content><a10:contributor><a10:name>mapbutcher@mapbutcher.com</a10:name></a10:contributor><georss:where><gml:LineString><gml:posList>39.82386 -123.08896 39.82183 -123.09665 39.82255 -123.10328 39.82227 -123.11285 39.82064 -123.12235 39.8145 -123.13043 39.80881 -123.13913 39.80241 -123.14061 39.79729 -123.14514 39.79055 -123.14301 39.78863 -123.1465 39.78647 -123.15837 39.78001 -123.16223 39.77741 -123.15791 39.77149 -123.15881 39.77304 -123.1523 39.77039 -123.14977 39.76391 -123.15423 39.76305 -123.15239 39.76595 -123.14655 39.76236 -123.14517 39.7587 -123.14618 39.75185 -123.14763 39.7456 -123.14432 39.74012 -123.14524 39.73446 -123.13717 39.72301 -123.12523 39.7123 -123.1193 39.71139 -123.11926 39.70557 -123.11657 39.69921 -123.11685 39.69423 -123.1166 39.68923 -123.11694 39.68647 -123.118 39.68277 -123.12081 39.68034 -123.12607 39.67848 -123.12777 39.67592 -123.13781 39.67942 -123.15772 39.68301 -123.1591 39.6846 -123.16695 39.6935 -123.17279 39.69662 -123.17474 39.69916 -123.18085 39.7017 -123.18697 39.70606 -123.19318 39.70825 -123.19568 39.70816 -123.19867 39.70722 -123.19981 39.70799 -123.20464 39.70549 -123.21229 39.69892 -123.21973 39.70173 -123.2474 39.7005 -123.2581 39.69981 -123.26585 39.69655 -123.26866 39.70152 -123.28448 39.70137 -123.28926 39.69793 -123.29805 39.70134 -123.30541 39.70159 -123.312 39.70277 -123.31805 39.70485 -123.32414 39.70418 -123.33129 39.70501 -123.33372 39.71301 -123.3539</gml:posList></gml:LineString></georss:where></item><item><guid isPermaLink="false">1ba16bb6-9667-49ad-a116-aaee25f3a7eb</guid><a10:author><a10:name>Simon Hope</a10:name></a10:author><title /><description /><pubDate>Tue, 01 May 2012 21:57:27 +1000</pubDate><a10:link href="http://www.mapbutcher.com/" /><a10:rights type="text">Copyright 2011</a10:rights><a10:content type="text"></a10:content><a10:contributor><a10:name>mapbutcher@mapbutcher.com</a10:name></a10:contributor><georss:where><gml:LineString><gml:posList>39.67001 -122.52403 39.67353 -122.50983 39.6792 -122.5005 39.6802 -122.49635 39.67984 -122.49275 39.68035 -122.49038 39.68272 -122.48569 39.68458 -122.48398 39.69085 -122.48723 39.6992 -122.4798 39.69982 -122.47265 39.70449 -122.46686 39.70654 -122.45677 39.71117 -122.45277 39.71531 -122.45055 39.71904 -122.44592 39.71926 -122.43696 39.72301 -122.43172 39.72821 -122.42236 39.73434 -122.41244 39.73547 -122.40291</gml:posList></gml:LineString></georss:where></item><item><guid isPermaLink="false">b49f8d42-e7ec-419f-8dbe-8a0328e1a4f4</guid><a10:author><a10:name>Simon Hope</a10:name></a10:author><title /><description /><pubDate>Tue, 01 May 2012 21:57:27 +1000</pubDate><a10:link href="http://www.mapbutcher.com/" /><a10:rights type="text">Copyright 2011</a10:rights><a10:content type="text"></a10:content><a10:contributor><a10:name>mapbutcher@mapbutcher.com</a10:name></a10:contributor><georss:where><gml:LineString><gml:posList>39.67001 -122.52403 39.67769 -122.52554 39.67766 -122.52674 39.67701 -122.53509 39.67598 -122.53983 39.67635 -122.54343 39.67847 -122.5495 39.67723 -122.56319 39.67638 -122.57931 39.6762 -122.58647 39.67551 -122.59601 39.67351 -122.6037 39.67279 -122.61443 39.67559 -122.62949 39.68065 -122.64466 39.68309 -122.65614 39.68341 -122.66093 39.68455 -122.66995 39.69021 -122.67917 39.69909 -122.68674 39.70303 -122.6923 39.70693 -122.69965 39.70812 -122.70628 39.71019 -122.71415 39.71503 -122.71975 39.72035 -122.72478 39.72527 -122.72739 39.73167 -122.72528 39.73728 -122.71895 39.74216 -122.72336 39.74744 -122.72958 39.75129 -122.73873 39.76242 -122.74641 39.76769 -122.75323 39.77063 -122.76235 39.7723 -122.76781 39.77438 -122.7751 39.77513 -122.78113 39.77682 -122.786 39.77975 -122.79511 39.784 -122.80608 39.78566 -122.81215 39.79008 -122.81654 39.79399 -122.82272 39.80023 -122.82719 39.80549 -122.83403 39.80977 -122.84381 39.80768 -122.8539 39.80801 -122.8587 39.80461 -122.86694 39.80892 -122.87553 39.81479 -122.8764 39.82154 -122.87851 39.82458 -122.88345 39.82665 -122.89074 39.84494 -122.91917 39.85202 -122.9255 39.85331 -122.94475</gml:posList></gml:LineString></georss:where></item><item><guid isPermaLink="false">3042c3bc-6cfa-4e36-b8a1-58454e2eec67</guid><a10:author><a10:name>Simon Hope</a10:name></a10:author><title /><description /><pubDate>Tue, 01 May 2012 21:57:27 +1000</pubDate><a10:link href="http://www.mapbutcher.com/" /><a10:rights type="text">Copyright 2011</a10:rights><a10:content type="text"></a10:content><a10:contributor><a10:name>mapbutcher@mapbutcher.com</a10:name></a10:contributor><georss:where><gml:LineString><gml:posList>39.62759 -121.28561 39.64774 -121.27118 39.65413 -121.26834 39.65692 -121.26363 39.66154 -121.25777 39.65897 -121.24695 39.66362 -121.2381 39.66285 -121.22852 39.66209 -121.21833 39.65396 -121.21575 39.65355 -121.21275 39.6582 -121.2045 39.65522 -121.18949 39.6454 -121.17791 39.64188 -121.17065 39.63601 -121.16873 39.63202 -121.16206 39.63118 -121.15667 39.63168 -121.1531 39.63946 -121.1479 39.65492 -121.14467 39.66818 -121.13541 39.67774 -121.13264 39.68697 -121.12029 39.6958 -121.10316 39.70595 -121.08963 39.71377 -121.08083 39.7161 -121.0755 39.72119 -121.06783 39.7258 -121.06136 39.73183 -121.05013 39.73555 -121.04302</gml:posList></gml:LineString></georss:where></item><item><guid isPermaLink="false">8f199918-654a-4d78-ab2c-5042797ad434</guid><a10:author><a10:name>Simon Hope</a10:name></a10:author><title /><description /><pubDate>Tue, 01 May 2012 21:57:27 +1000</pubDate><a10:link href="http://www.mapbutcher.com/" /><a10:rights type="text">Copyright 2011</a10:rights><a10:content type="text"></a10:content><a10:contributor><a10:name>mapbutcher@mapbutcher.com</a10:name></a10:contributor><georss:where><gml:LineString><gml:posList>39.62759 -121.28561 39.63939 -121.28471 39.64296 -121.28898 39.65455 -121.30241 39.66494 -121.30566 39.66957 -121.29861 39.67564 -121.2868 39.68211 -121.278 39.68713 -121.27513 39.69124 -121.27344 39.69989 -121.27126 39.71029 -121.27331 39.71545 -121.26028 39.72142 -121.25564 39.71938 -121.23885 39.72132 -121.22991 39.72505 -121.22223 39.73204 -121.20863 39.73937 -121.20343 39.74548 -121.18742 39.75049 -121.18574 39.75462 -121.18165 39.76561 -121.17353 39.77069 -121.16706 39.77532 -121.15999 39.78094 -121.14575 39.77699 -121.13668 39.78074 -121.12659 39.78532 -121.1231 39.78951 -121.11481 39.78915 -121.10703 39.78877 -121.10163 39.79159 -121.09391 39.78987 -121.08609 39.79315 -121.07778 39.80094 -121.07137 39.8042 -121.06425 39.80339 -121.05645 39.8062 -121.04933 39.80715 -121.04636 39.81406 -121.03752 39.81823 -121.03043 39.81926 -121.02026 39.82631 -120.99945 39.83368 -120.98942 39.83881 -120.97755 39.84854 -120.95977 39.84862 -120.95319 39.84835 -120.93639 39.84621 -120.92558 39.84851 -120.92322 39.85035 -120.92086 39.85173 -120.91909 39.85358 -120.91553 39.85183 -120.9101 39.85009 -120.90348 39.84835 -120.89686 39.84659 -120.89203 39.848 -120.88727 39.84943 -120.8807 39.85083 -120.87714 39.85682 -120.86886 39.85784 -120.85809 39.86024 -120.84615 39.86616 -120.84327 39.87131 -120.82779 39.86688 -120.81812 39.86429 -120.80608 39.86343 -120.80128 39.86259 -120.79527 39.86227 -120.78208 39.8615 -120.76829 39.86161 -120.7569 39.8599 -120.74669 39.86 -120.7365 39.85781 -120.72927 39.85692 -120.72746 39.85604 -120.72445 39.85425 -120.72262 39.85291 -120.7202 39.85067 -120.71717 39.84936 -120.71235 39.84941 -120.70756 39.84676 -120.69972 39.84142 -120.68945 39.83876 -120.68282 39.8365 -120.68218 39.83243 -120.68092 39.82525 -120.67301 39.81713 -120.66809 39.81131 -120.66021 39.8018 -120.65946 39.79773 -120.6588 39.79683 -120.65818 39.79374 -120.64855 39.79151 -120.64493 39.78563 -120.64304 39.78246 -120.64239 39.77984 -120.63158 39.77583 -120.62373 39.77319 -120.61472 39.76731 -120.61283 39.76241 -120.60378 39.76017 -120.60075 39.75519 -120.59948 39.75204 -120.59763 39.74529 -120.59095 39.74038 -120.5825 39.74317 -120.57477 39.74637 -120.57063 39.74963 -120.56171 39.75054 -120.56112 39.75416 -120.56117 39.75463 -120.55878 39.75694 -120.55403 39.7588 -120.54927 39.75973 -120.5457 39.76203 -120.54214 39.76615 -120.53741 39.76843 -120.53565 39.77433 -120.53514 39.77569 -120.53456 39.77843 -120.5328 39.78029 -120.52684 39.78935 -120.52757 39.78621 -120.52393 39.78305 -120.52209 39.78262 -120.5191 39.78309 -120.51671 39.78629 -120.51376 39.7922 -120.51145 39.7963 -120.50971 39.79814 -120.50613 39.79821 -120.49716 39.80412 -120.49604 39.80639 -120.49428 39.80512 -120.48348 39.80561 -120.4787 39.80615 -120.46733 39.81347 -120.45845 39.81445 -120.44888 39.81675 -120.44472 39.81859 -120.44175 39.82134 -120.437 39.8232 -120.43163 39.81778 -120.42857</gml:posList></gml:LineString></georss:where></item><item><guid isPermaLink="false">b3e1a0c6-d8c0-442f-9fe9-3f0c5af90517</guid><a10:author><a10:name>Simon Hope</a10:name></a10:author><title /><description /><pubDate>Tue, 01 May 2012 21:57:27 +1000</pubDate><a10:link href="http://www.mapbutcher.com/" /><a10:rights type="text">Copyright 2011</a10:rights><a10:content type="text"></a10:content><a10:contributor><a10:name>mapbutcher@mapbutcher.com</a10:name></a10:contributor><georss:where><gml:LineString><gml:posList>39.62223 -123.34068 39.62804 -123.34338 39.65661 -123.34371 39.66465 -123.34772 39.67064 -123.34505 39.67866 -123.34967 39.68127 -123.35339 39.68831 -123.36035 39.69611 -123.35778 39.71301 -123.3539</gml:posList></gml:LineString></georss:where></item><item><guid isPermaLink="false">d942411a-f57d-4b1b-b48a-378e539b8945</guid><a10:author><a10:name>Simon Hope</a10:name></a10:author><title /><description /><pubDate>Tue, 01 May 2012 21:57:27 +1000</pubDate><a10:link href="http://www.mapbutcher.com/" /><a10:rights type="text">Copyright 2011</a10:rights><a10:content type="text"></a10:content><a10:contributor><a10:name>mapbutcher@mapbutcher.com</a10:name></a10:contributor><georss:where><gml:LineString><gml:posList>39.60946 -122.87037 39.61977 -122.87504 39.63483 -122.88829 39.65802 -122.90313 39.66349 -122.91894 39.67758 -122.91781 39.68792 -122.9213 39.7023 -122.92616 39.71255 -122.93263 39.72327 -122.93913 39.73077 -122.94666 39.73651 -122.95232 39.74232 -122.9556 39.74908 -122.95712 39.75566 -122.96522 39.76041 -122.97382 39.76203 -122.98109 39.76324 -122.98654 39.76759 -122.99333 39.77271 -123.00496 39.77438 -123.00983 39.77692 -123.01655 39.78403 -123.02168 39.78619 -123.02538 39.78963 -123.03215 39.79955 -123.03443 39.80281 -123.04777 39.80621 -123.05573 39.80681 -123.06654 39.80937 -123.07206 39.81387 -123.07348 39.81513 -123.07714 39.82386 -123.08896</gml:posList></gml:LineString></georss:where></item><item><guid isPermaLink="false">708b2a6c-0d9b-4948-b482-5f1337e30f34</guid><a10:author><a10:name>Simon Hope</a10:name></a10:author><title /><description /><pubDate>Tue, 01 May 2012 21:57:27 +1000</pubDate><a10:link href="http://www.mapbutcher.com/" /><a10:rights type="text">Copyright 2011</a10:rights><a10:content type="text"></a10:content><a10:contributor><a10:name>mapbutcher@mapbutcher.com</a10:name></a10:contributor><georss:where><gml:LineString><gml:posList>40.35282 -123.92226 40.3503 -123.92934 40.34614 -123.9315 40.33913 -123.93711 40.33257 -123.93006 40.32207 -123.93182 40.3162 -123.93085 40.30707 -123.91943 40.30149 -123.91003 40.30011 -123.89787 40.29564 -123.89579 40.2903 -123.90572 40.27614 -123.89519 40.27351 -123.89262 40.26976 -123.88274 40.26629 -123.8783 40.2593 -123.88329 40.25772 -123.87656 40.26574 -123.868 40.26957 -123.86221 40.27146 -123.85991 40.27634 -123.86323 40.28052 -123.86047 40.2748 -123.85529 40.26319 -123.84975 40.25802 -123.8416 40.25549 -123.83602 40.25446 -123.82631 40.24946 -123.82661 40.24225 -123.82497 40.23978 -123.83085 40.23428 -123.83232 40.22897 -123.82838 40.22055 -123.82245 40.21757 -123.81684 40.21967 -123.80853 40.2216 -123.80503 40.22053 -123.79652 40.22074 -123.79051 40.21629 -123.78783 40.21122 -123.78994 40.20581 -123.78902 40.20249 -123.77978 40.18882 -123.76811 40.18408 -123.77386 40.18058 -123.78329 40.17329 -123.78405 40.16597 -123.78603 40.16072 -123.79354 40.15601 -123.79868 40.151 -123.79898 40.1424 -123.81171 40.13536 -123.81851 40.12691 -123.82643 40.12471 -123.83773 40.11919 -123.83981 40.11124 -123.83331 40.11147 -123.81346 40.11375 -123.79975 40.10877 -123.79945 40.10379 -123.79915 40.09914 -123.80247 40.09237 -123.80147 40.08958 -123.80311 40.08619 -123.80952 40.08195 -123.81408 40.07913 -123.81692 40.07629 -123.82036 40.07322 -123.8304 40.06643 -123.82999 40.06329 -123.8286 40.05893 -123.8103 40.06626 -123.79509 40.0706 -123.78754 40.06485 -123.78298 40.05928 -123.78686 40.05528 -123.79744 40.04816 -123.79341 40.04515 -123.78842 40.03898 -123.78324 40.03371 -123.77811 40.02963 -123.77787 40.02945 -123.78327 40.03244 -123.78886 40.03324 -123.79192 40.03044 -123.79415 40.02192 -123.79124 40.01648 -123.79091 40.0111 -123.78879 40.00532 -123.78543 40.00684 -123.78072 40.006 -123.77886 39.9992 -123.77846 39.99811 -123.7838 39.99779 -123.7934 39.99455 -123.79501 39.98712 -123.79997 39.98517 -123.80405 39.9814 -123.80804 39.97594 -123.80831 39.96108 -123.80502 39.96009 -123.79414 39.95758 -123.78799 39.95367 -123.78295 39.95132 -123.78522 39.94082 -123.78699 39.93423 -123.78059 39.92924 -123.76709 39.92574 -123.76328 39.92397 -123.76197 39.92168 -123.76244 39.91998 -123.77254 39.91595 -123.7711 39.91244 -123.76729 39.90837 -123.76705 39.89198 -123.75527 39.88251 -123.75352 39.88295 -123.74034 39.87406 -123.73502 39.87139 -123.71986 39.86869 -123.7191 39.86499 -123.72128 39.85798 -123.72746 39.84024 -123.71503 39.83684 -123.70824 39.8381 -123.69752 39.83094 -123.68092 39.82413 -123.68112 39.82242 -123.67802 39.82295 -123.67566 39.82085 -123.67074 39.8229 -123.66367 39.82437 -123.66016 39.81922 -123.65147 39.81559 -123.65126 39.81063 -123.65037 39.80429 -123.65 39.79885 -123.64969 39.79116 -123.64925 39.78122 -123.64808 39.77533 -123.64774 39.76717 -123.64726 39.7627 -123.64521 39.75538 -123.63342 39.75091 -123.63136 39.74768 -123.63297 39.75008 -123.64269 39.74112 -123.63918 39.73506 -123.63045 39.7313 -123.63442 39.73281 -123.64349 39.72992 -123.64871 39.72456 -123.64601 39.71377 -123.65676 39.70851 -123.65107 39.70158 -123.65486 39.66821 -123.64875 39.64682 -123.63676 39.62421 -123.59302 39.61868 -123.58195 39.6206 -123.56472 39.6177 -123.55619 39.62248 -123.54869 39.62613 -123.53395 39.63234 -123.52414 39.62771 -123.51312 39.61848 -123.50364 39.60848 -123.50428 39.60825 -123.51144</gml:posList></gml:LineString></georss:where></item><item><guid isPermaLink="false">27c84e9b-fbcd-4fe7-a029-bc28e75a1c19</guid><a10:author><a10:name>Simon Hope</a10:name></a10:author><title /><description /><pubDate>Tue, 01 May 2012 21:57:27 +1000</pubDate><a10:link href="http://www.mapbutcher.com/" /><a10:rights type="text">Copyright 2011</a10:rights><a10:content type="text"></a10:content><a10:contributor><a10:name>mapbutcher@mapbutcher.com</a10:name></a10:contributor><georss:where><gml:LineString><gml:posList>40.02201 -120.09431 40.01205 -120.09123 40.00528 -120.08517 40.00032 -120.08033 39.99807 -120.07671 39.99537 -120.07189 39.99358 -120.06647 39.99088 -120.06165 39.98592 -120.05621 39.98141 -120.05137 39.97734 -120.04774 39.9674 -120.03986 39.9656 -120.03745 39.96153 -120.03442 39.95746 -120.03079 39.95205 -120.02535 39.94889 -120.02113 39.94617 -120.01991 39.93984 -120.01627 39.93531 -120.01563 39.93031 -120.01859 39.92622 -120.02097 39.92078 -120.02093 39.91761 -120.0209 39.90991 -120.01845 39.90764 -120.01843 39.90402 -120.01781 39.89994 -120.01778 39.89404 -120.02013 39.88858 -120.02369 39.87811 -120.0332 39.87355 -120.03916 39.86853 -120.04751 39.86353 -120.04987 39.86124 -120.05585 39.85806 -120.05762 39.8535 -120.06297 39.85213 -120.06536 39.85303 -120.06776 39.85573 -120.07138 39.85072 -120.07733 39.84798 -120.0797 39.84345 -120.07907 39.84072 -120.08264 39.83617 -120.0844 39.82304 -120.0813 39.8149 -120.07704 39.81128 -120.07522 39.80631 -120.07218 39.79951 -120.07093 39.79315 -120.07507 39.77911 -120.07256 39.7687 -120.06889 39.76238 -120.06346 39.75422 -120.0622 39.7497 -120.05977 39.74472 -120.05794 39.74016 -120.06388 39.73339 -120.05785 39.72572 -120.04882 39.70987 -120.04631 39.7058 -120.04388 39.70217 -120.04207 39.69946 -120.04085 39.69358 -120.03782 39.68998 -120.03241 39.68683 -120.02581 39.68367 -120.02219 39.68096 -120.01978 39.67736 -120.01498 39.67555 -120.01318 39.67329 -120.01136 39.67057 -120.01015 39.66741 -120.00774 39.66149 -120.01427 39.65514 -120.01661 39.65104 -120.01957 39.64695 -120.02373 39.64104 -120.02548 39.63605 -120.02724 39.62924 -120.03077 39.6265 -120.03613 39.62196 -120.03788 39.61514 -120.04201 39.60922 -120.04675 39.60693 -120.05329 39.60327 -120.06043 39.60231 -120.07117 39.59864 -120.08069 39.5954 -120.09618</gml:posList></gml:LineString></georss:where></item><item><guid isPermaLink="false">73ac0562-aaa8-4b83-9dcb-a921e933d6ca</guid><a10:author><a10:name>Simon Hope</a10:name></a10:author><title /><description /><pubDate>Tue, 01 May 2012 21:57:27 +1000</pubDate><a10:link href="http://www.mapbutcher.com/" /><a10:rights type="text">Copyright 2011</a10:rights><a10:content type="text"></a10:content><a10:contributor><a10:name>mapbutcher@mapbutcher.com</a10:name></a10:contributor><georss:where><gml:LineString><gml:posList>39.62759 -121.28561 39.62385 -121.29329 39.6157 -121.29249 39.61245 -121.29838 39.60375 -121.30413 39.60091 -121.31242 39.59996 -121.31538 39.59903 -121.31715 39.60032 -121.32195 39.60572 -121.32449 39.60656 -121.32928 39.59999 -121.34404 39.58666 -121.35624</gml:posList></gml:LineString></georss:where></item><item><guid isPermaLink="false">3f3bc7ae-1034-4ab0-815e-9b0c3a70e154</guid><a10:author><a10:name>Simon Hope</a10:name></a10:author><title /><description /><pubDate>Tue, 01 May 2012 21:57:27 +1000</pubDate><a10:link href="http://www.mapbutcher.com/" /><a10:rights type="text">Copyright 2011</a10:rights><a10:content type="text"></a10:content><a10:contributor><a10:name>mapbutcher@mapbutcher.com</a10:name></a10:contributor><georss:where><gml:LineString><gml:posList>39.58956 -122.53141 39.58545 -122.53242</gml:posList></gml:LineString></georss:where></item><item><guid isPermaLink="false">09d06b60-18a4-479d-ba10-6e7a34f92e07</guid><a10:author><a10:name>Simon Hope</a10:name></a10:author><title /><description /><pubDate>Tue, 01 May 2012 21:57:27 +1000</pubDate><a10:link href="http://www.mapbutcher.com/" /><a10:rights type="text">Copyright 2011</a10:rights><a10:content type="text"></a10:content><a10:contributor><a10:name>mapbutcher@mapbutcher.com</a10:name></a10:contributor><georss:where><gml:LineString><gml:posList>39.58545 -122.53242 39.58764 -122.53551 39.59573 -122.53883 39.60626 -122.5345 39.61425 -122.52289 39.61703 -122.52061 39.61884 -122.52069 39.62553 -122.52575 39.63381 -122.52072 39.63925 -122.52094 39.65093 -122.52562 39.65823 -122.52354 39.67001 -122.52403</gml:posList></gml:LineString></georss:where></item><item><guid isPermaLink="false">938199e9-126f-4f1e-b51b-063dc0336e57</guid><a10:author><a10:name>Simon Hope</a10:name></a10:author><title /><description /><pubDate>Tue, 01 May 2012 21:57:27 +1000</pubDate><a10:link href="http://www.mapbutcher.com/" /><a10:rights type="text">Copyright 2011</a10:rights><a10:content type="text"></a10:content><a10:contributor><a10:name>mapbutcher@mapbutcher.com</a10:name></a10:contributor><georss:where><gml:LineString><gml:posList>39.58545 -122.53242 39.58134 -122.53345</gml:posList></gml:LineString></georss:where></item><item><guid isPermaLink="false">e01cabef-6652-4437-94f9-ad2f90108965</guid><a10:author><a10:name>Simon Hope</a10:name></a10:author><title /><description /><pubDate>Tue, 01 May 2012 21:57:27 +1000</pubDate><a10:link href="http://www.mapbutcher.com/" /><a10:rights type="text">Copyright 2011</a10:rights><a10:content type="text"></a10:content><a10:contributor><a10:name>mapbutcher@mapbutcher.com</a10:name></a10:contributor><georss:where><gml:LineString><gml:posList>39.55996 -122.22095 39.56102 -122.23473 39.57275 -122.25845 39.57527 -122.2675 39.57399 -122.28417 39.57971 -122.29215 39.58601 -122.29419 39.59137 -122.29798 39.59578 -122.30352 39.60026 -122.30608 39.60376 -122.3116 39.60723 -122.3189 39.61257 -122.32329 39.61563 -122.32819 39.61693 -122.33122 39.6208 -122.34034 39.62293 -122.3464 39.62505 -122.35306 39.62677 -122.3573 39.62938 -122.36219 39.63146 -122.37004 39.63495 -122.37615 39.6407 -122.38235 39.64326 -122.38963 39.64669 -122.39813 39.64659 -122.40231 39.6474 -122.40653 39.64822 -122.41015 39.64798 -122.4203 39.65086 -122.43298</gml:posList></gml:LineString></georss:where></item><item><guid isPermaLink="false">c641f558-2916-4718-b8d7-e18cf63eda07</guid><a10:author><a10:name>Simon Hope</a10:name></a10:author><title /><description /><pubDate>Tue, 01 May 2012 21:57:27 +1000</pubDate><a10:link href="http://www.mapbutcher.com/" /><a10:rights type="text">Copyright 2011</a10:rights><a10:content type="text"></a10:content><a10:contributor><a10:name>mapbutcher@mapbutcher.com</a10:name></a10:contributor><georss:where><gml:LineString><gml:posList>39.55938 -122.20601 39.56474 -122.20979 39.56409 -122.21872 39.5702 -122.2297 39.58181 -122.2379 39.58909 -122.23698 39.59725 -122.23729 39.60399 -122.23994 39.61023 -122.24495 39.61688 -122.25178 39.62483 -122.26163 39.63159 -122.26369 39.63658 -122.26328 39.64109 -122.26465 39.64598 -122.26902 39.6503 -122.27875 39.65566 -122.28255 39.65777 -122.28979 39.65854 -122.29581 39.66072 -122.29948 39.66703 -122.30151 39.67721 -122.31267 39.67944 -122.31455 39.68114 -122.3194 39.68138 -122.32898 39.67759 -122.33601 39.6851 -122.34467 39.68779 -122.34597 39.69504 -122.34625 39.69859 -122.34998 39.70061 -122.36083 39.70094 -122.36623 39.69943 -122.37274 39.69717 -122.39179 39.69028 -122.41544 39.68952 -122.42857 39.69251 -122.43646 39.68955 -122.44651</gml:posList></gml:LineString></georss:where></item><item><guid isPermaLink="false">16a2ade4-a93b-4534-ae58-4704c50814c2</guid><a10:author><a10:name>Simon Hope</a10:name></a10:author><title /><description /><pubDate>Tue, 01 May 2012 21:57:27 +1000</pubDate><a10:link href="http://www.mapbutcher.com/" /><a10:rights type="text">Copyright 2011</a10:rights><a10:content type="text"></a10:content><a10:contributor><a10:name>mapbutcher@mapbutcher.com</a10:name></a10:contributor><georss:where><gml:LineString><gml:posList>39.55938 -122.20601 39.55996 -122.22095</gml:posList></gml:LineString></georss:where></item><item><guid isPermaLink="false">4011b29e-3752-4d10-be1d-62117b2245e7</guid><a10:author><a10:name>Simon Hope</a10:name></a10:author><title /><description /><pubDate>Tue, 01 May 2012 21:57:27 +1000</pubDate><a10:link href="http://www.mapbutcher.com/" /><a10:rights type="text">Copyright 2011</a10:rights><a10:content type="text"></a10:content><a10:contributor><a10:name>mapbutcher@mapbutcher.com</a10:name></a10:contributor><georss:where><gml:LineString><gml:posList>39.55514 -120.24739 39.55959 -120.26176 39.57173 -120.2774 39.57791 -120.30492 39.57778 -120.32462 39.58535 -120.34559 39.59438 -120.34988 39.60431 -120.35715 39.60881 -120.36079 39.61286 -120.36562 39.61599 -120.37164 39.61961 -120.37347 39.62322 -120.37531 39.63046 -120.37718 39.63361 -120.38021 39.6404 -120.38268 39.64718 -120.38456 39.65127 -120.38401 39.65445 -120.38226 39.65855 -120.38051 39.66264 -120.37817 39.66948 -120.37228 39.67494 -120.36936 39.67859 -120.36642 39.68451 -120.3629 39.68861 -120.35996 39.69407 -120.35644 39.70045 -120.35173 39.70594 -120.34522 39.71234 -120.33692 39.72053 -120.33283 39.73236 -120.32639 39.73778 -120.32884 39.75 -120.33138 39.75679 -120.33445 39.7631 -120.33871 39.76853 -120.34116 39.77985 -120.34369 39.78345 -120.34732 39.78478 -120.35093 39.78608 -120.35992 39.78741 -120.36353 39.79189 -120.37137 39.79459 -120.37499 39.79954 -120.37984 39.80588 -120.38112</gml:posList></gml:LineString></georss:where></item><item><guid isPermaLink="false">c784d578-5c39-4787-ac00-5b4c7eaf7599</guid><a10:author><a10:name>Simon Hope</a10:name></a10:author><title /><description /><pubDate>Tue, 01 May 2012 21:57:27 +1000</pubDate><a10:link href="http://www.mapbutcher.com/" /><a10:rights type="text">Copyright 2011</a10:rights><a10:content type="text"></a10:content><a10:contributor><a10:name>mapbutcher@mapbutcher.com</a10:name></a10:contributor><georss:where><gml:LineString><gml:posList>39.53919 -122.17481 39.54277 -122.15585 39.55207 -122.14486 39.55959 -122.1326 39.57551 -122.13019 39.58199 -122.12386 39.59127 -122.11404 39.59767 -122.11129 39.60181 -122.10846 39.60586 -122.08829 39.61136 -122.08551 39.62223 -122.0859 39.62529 -122.06928 39.63023 -122.04974 39.63598 -122.03441 39.64518 -122.02816 39.66056 -122.02989 39.67016 -122.02605 39.67902 -122.0144 39.68623 -122.01644 39.70173 -122.0122 39.71266 -122.01019</gml:posList></gml:LineString></georss:where></item><item><guid isPermaLink="false">45ffd288-f8eb-4aba-ac1c-775a2f26c4f9</guid><a10:author><a10:name>Simon Hope</a10:name></a10:author><title /><description /><pubDate>Tue, 01 May 2012 21:57:27 +1000</pubDate><a10:link href="http://www.mapbutcher.com/" /><a10:rights type="text">Copyright 2011</a10:rights><a10:content type="text"></a10:content><a10:contributor><a10:name>mapbutcher@mapbutcher.com</a10:name></a10:contributor><georss:where><gml:LineString><gml:posList>39.53919 -122.17481 39.55014 -122.17164 39.56598 -122.17342 39.57597 -122.1726 39.58321 -122.19436 39.59264 -122.19889 39.59762 -122.19907 39.60572 -122.20237 39.6103 -122.20015 39.61385 -122.20387 39.63066 -122.20212 39.63604 -122.20531 39.64225 -122.21151 39.64944 -122.21477 39.65569 -122.21919 39.66158 -122.21941 39.66928 -122.2197 39.67699 -122.21999 39.68877 -122.22044 39.69453 -122.22663 39.7021 -122.2329 39.70874 -122.24033 39.71088 -122.24639</gml:posList></gml:LineString></georss:where></item><item><guid isPermaLink="false">8dc33905-9055-45f6-8fa2-565dea4f855a</guid><a10:author><a10:name>Simon Hope</a10:name></a10:author><title /><description /><pubDate>Tue, 01 May 2012 21:57:27 +1000</pubDate><a10:link href="http://www.mapbutcher.com/" /><a10:rights type="text">Copyright 2011</a10:rights><a10:content type="text"></a10:content><a10:contributor><a10:name>mapbutcher@mapbutcher.com</a10:name></a10:contributor><georss:where><gml:LineString><gml:posList>39.54375 -121.49356 39.53575 -121.48319</gml:posList></gml:LineString></georss:where></item><item><guid isPermaLink="false">192ea7dc-887f-4b49-ba8f-411f09d084eb</guid><a10:author><a10:name>Simon Hope</a10:name></a10:author><title /><description /><pubDate>Tue, 01 May 2012 21:57:27 +1000</pubDate><a10:link href="http://www.mapbutcher.com/" /><a10:rights type="text">Copyright 2011</a10:rights><a10:content type="text"></a10:content><a10:contributor><a10:name>mapbutcher@mapbutcher.com</a10:name></a10:contributor><georss:where><gml:LineString><gml:posList>39.53853 -121.33054 39.54367 -121.31993 39.54869 -121.31767 39.54747 -121.3081 39.54755 -121.30273 39.54813 -121.29379 39.54912 -121.28785 39.55147 -121.28254 39.54213 -121.26978 39.54175 -121.2644 39.53503 -121.25887 39.53877 -121.25061 39.54297 -121.24236 39.5444 -121.23702 39.54496 -121.22927 39.54738 -121.21799 39.55069 -121.20793 39.55668 -121.20091 39.56227 -121.1903 39.56504 -121.18619 39.57423 -121.17744 39.58291 -121.17228 39.58708 -121.16581 39.59666 -121.16125 39.60082 -121.15538 39.60535 -121.15549 39.62007 -121.13969 39.62973 -121.12856 39.64121 -121.11807 39.64709 -121.1188 39.65531 -121.1142 39.6572 -121.10827 39.66453 -121.10246 39.67375 -121.09012 39.67434 -121.07937 39.68123 -121.07234 39.68723 -121.06411 39.69176 -121.06421 39.69909 -121.05839 39.70144 -121.05126 39.70506 -121.05254 39.7193 -121.03729 39.72393 -121.02962 39.72263 -121.0248 39.72366 -121.01406</gml:posList></gml:LineString></georss:where></item><item><guid isPermaLink="false">203d0629-f17e-4bec-bde1-fa244513fd2a</guid><a10:author><a10:name>Simon Hope</a10:name></a10:author><title /><description /><pubDate>Tue, 01 May 2012 21:57:27 +1000</pubDate><a10:link href="http://www.mapbutcher.com/" /><a10:rights type="text">Copyright 2011</a10:rights><a10:content type="text"></a10:content><a10:contributor><a10:name>mapbutcher@mapbutcher.com</a10:name></a10:contributor><georss:where><gml:LineString><gml:posList>39.53452 -122.18121 39.53919 -122.17481</gml:posList></gml:LineString></georss:where></item><item><guid isPermaLink="false">bc2560b6-6649-48ab-8d53-e555f6624be6</guid><a10:author><a10:name>Simon Hope</a10:name></a10:author><title /><description /><pubDate>Tue, 01 May 2012 21:57:27 +1000</pubDate><a10:link href="http://www.mapbutcher.com/" /><a10:rights type="text">Copyright 2011</a10:rights><a10:content type="text"></a10:content><a10:contributor><a10:name>mapbutcher@mapbutcher.com</a10:name></a10:contributor><georss:where><gml:LineString><gml:posList>39.53452 -122.18121 39.55697 -122.19159 39.55938 -122.20601</gml:posList></gml:LineString></georss:where></item><item><guid isPermaLink="false">0ec74b73-72a3-47ea-8892-0d737073ae81</guid><a10:author><a10:name>Simon Hope</a10:name></a10:author><title /><description /><pubDate>Tue, 01 May 2012 21:57:27 +1000</pubDate><a10:link href="http://www.mapbutcher.com/" /><a10:rights type="text">Copyright 2011</a10:rights><a10:content type="text"></a10:content><a10:contributor><a10:name>mapbutcher@mapbutcher.com</a10:name></a10:contributor><georss:where><gml:LineString><gml:posList>39.53575 -121.48319 39.53175 -121.47771</gml:posList></gml:LineString></georss:where></item><item><guid isPermaLink="false">e0a7f52c-a3e9-43ca-9d59-0ac252bed3f2</guid><a10:author><a10:name>Simon Hope</a10:name></a10:author><title /><description /><pubDate>Tue, 01 May 2012 21:57:27 +1000</pubDate><a10:link href="http://www.mapbutcher.com/" /><a10:rights type="text">Copyright 2011</a10:rights><a10:content type="text"></a10:content><a10:contributor><a10:name>mapbutcher@mapbutcher.com</a10:name></a10:contributor><georss:where><gml:LineString><gml:posList>39.53068 -121.48842 39.53253 -121.48608 39.53575 -121.48319</gml:posList></gml:LineString></georss:where></item><item><guid isPermaLink="false">32408a7a-7e58-432b-a934-b1d7038e8ac4</guid><a10:author><a10:name>Simon Hope</a10:name></a10:author><title /><description /><pubDate>Tue, 01 May 2012 21:57:27 +1000</pubDate><a10:link href="http://www.mapbutcher.com/" /><a10:rights type="text">Copyright 2011</a10:rights><a10:content type="text"></a10:content><a10:contributor><a10:name>mapbutcher@mapbutcher.com</a10:name></a10:contributor><georss:where><gml:LineString><gml:posList>39.53194 -121.5505 39.52972 -121.54745</gml:posList></gml:LineString></georss:where></item><item><guid isPermaLink="false">8d3cec06-9ecf-4f3d-b9cf-42cc414135d2</guid><a10:author><a10:name>Simon Hope</a10:name></a10:author><title /><description /><pubDate>Tue, 01 May 2012 21:57:27 +1000</pubDate><a10:link href="http://www.mapbutcher.com/" /><a10:rights type="text">Copyright 2011</a10:rights><a10:content type="text"></a10:content><a10:contributor><a10:name>mapbutcher@mapbutcher.com</a10:name></a10:contributor><georss:where><gml:LineString><gml:posList>39.52972 -121.54745 39.52795 -121.54502</gml:posList></gml:LineString></georss:where></item><item><guid isPermaLink="false">45b6b8e3-5d8f-46d1-955c-5276d853fcca</guid><a10:author><a10:name>Simon Hope</a10:name></a10:author><title /><description /><pubDate>Tue, 01 May 2012 21:57:27 +1000</pubDate><a10:link href="http://www.mapbutcher.com/" /><a10:rights type="text">Copyright 2011</a10:rights><a10:content type="text"></a10:content><a10:contributor><a10:name>mapbutcher@mapbutcher.com</a10:name></a10:contributor><georss:where><gml:LineString><gml:posList>39.52364 -121.09396 39.52657 -121.07733 39.533 -121.07031 39.54027 -121.06927 39.54757 -121.06586 39.55436 -121.0666 39.56168 -121.06139 39.56755 -121.06271 39.57616 -121.0629 39.58662 -121.06074 39.59344 -121.05909 39.59934 -121.05862 39.6075 -121.0588 39.61302 -121.05235 39.61491 -121.04642 39.61721 -121.04348 39.61907 -121.03994 39.62275 -121.03524 39.62689 -121.03055 39.62877 -121.02522 39.63385 -121.01756 39.63805 -121.00809 39.64087 -120.99918 39.64415 -120.99088 39.64739 -120.98498 39.65203 -120.97552 39.65709 -120.97024 39.66168 -120.96495 39.66716 -120.96207 39.66906 -120.95374 39.67227 -120.95142 39.67679 -120.95211 39.67953 -120.95037 39.68413 -120.94508 39.69326 -120.93989 39.70556 -120.93415 39.72433 -120.91778 39.73902 -120.90251 39.74185 -120.8924 39.74918 -120.88596 39.75658 -120.87234</gml:posList></gml:LineString></georss:where></item><item><guid isPermaLink="false">9cad0d6d-dae2-418f-b7d9-fe3d0da2a509</guid><a10:author><a10:name>Simon Hope</a10:name></a10:author><title /><description /><pubDate>Tue, 01 May 2012 21:57:27 +1000</pubDate><a10:link href="http://www.mapbutcher.com/" /><a10:rights type="text">Copyright 2011</a10:rights><a10:content type="text"></a10:content><a10:contributor><a10:name>mapbutcher@mapbutcher.com</a10:name></a10:contributor><georss:where><gml:LineString><gml:posList>39.52098 -121.05276 39.53675 -121.06026 39.54504 -121.05089 39.55104 -121.04207 39.57191 -121.00312 39.5801 -121.00031 39.58121 -120.98421 39.59541 -120.97137 39.60553 -120.95903 39.61425 -120.95026 39.62562 -120.9469 39.63523 -120.93932 39.64081 -120.92689 39.64444 -120.92636 39.64992 -120.92348 39.65902 -120.92068 39.67091 -120.91075 39.67513 -120.89948 39.68017 -120.8942 39.68854 -120.87523 39.68821 -120.86446 39.69156 -120.84779 39.69617 -120.84071 39.70078 -120.83361 39.70129 -120.82884 39.7004 -120.82643 39.69916 -120.81505 39.69786 -120.80965</gml:posList></gml:LineString></georss:where></item><item><guid isPermaLink="false">946ba2a9-cafa-43f2-8d61-4b855146d1f6</guid><a10:author><a10:name>Simon Hope</a10:name></a10:author><title /><description /><pubDate>Tue, 01 May 2012 21:57:27 +1000</pubDate><a10:link href="http://www.mapbutcher.com/" /><a10:rights type="text">Copyright 2011</a10:rights><a10:content type="text"></a10:content><a10:contributor><a10:name>mapbutcher@mapbutcher.com</a10:name></a10:contributor><georss:where><gml:LineString><gml:posList>39.51846 -120.44381 39.52998 -120.47736 39.53293 -120.50543 39.54773 -120.52532 39.55266 -120.53196 39.55304 -120.5415 39.56468 -120.55898 39.56863 -120.57455 39.5649 -120.58583 39.5635 -120.59119 39.56472 -120.60612 39.56689 -120.6169 39.56643 -120.61868</gml:posList></gml:LineString></georss:where></item><item><guid isPermaLink="false">4331d902-7ebb-41ea-9955-2e5a857f8b74</guid><a10:author><a10:name>Simon Hope</a10:name></a10:author><title /><description /><pubDate>Tue, 01 May 2012 21:57:27 +1000</pubDate><a10:link href="http://www.mapbutcher.com/" /><a10:rights type="text">Copyright 2011</a10:rights><a10:content type="text"></a10:content><a10:contributor><a10:name>mapbutcher@mapbutcher.com</a10:name></a10:contributor><georss:where><gml:LineString><gml:posList>39.52098 -121.05276 39.51712 -121.07175 39.51868 -121.09148 39.52364 -121.09396</gml:posList></gml:LineString></georss:where></item><item><guid isPermaLink="false">f720beaa-01db-4bfb-a0e0-45ee2be6ea5b</guid><a10:author><a10:name>Simon Hope</a10:name></a10:author><title /><description /><pubDate>Tue, 01 May 2012 21:57:27 +1000</pubDate><a10:link href="http://www.mapbutcher.com/" /><a10:rights type="text">Copyright 2011</a10:rights><a10:content type="text"></a10:content><a10:contributor><a10:name>mapbutcher@mapbutcher.com</a10:name></a10:contributor><georss:where><gml:LineString><gml:posList>39.56643 -120.61868 39.56594 -120.62226 39.56172 -120.6377 39.55937 -120.64662 39.55928 -120.65617 39.56236 -120.66755 39.56633 -120.67836 39.56482 -120.69385 39.56154 -120.70513 39.56278 -120.71709 39.56449 -120.72785 39.56713 -120.73566 39.56475 -120.74755 39.55792 -120.75042 39.55873 -120.75998 39.55273 -120.77121 39.55037 -120.78012 39.55028 -120.78847 39.55381 -120.79868 39.55504 -120.81063 39.55403 -120.82076 39.55656 -120.83811 39.55593 -120.85421 39.54771 -120.86062 39.54265 -120.86709 39.54029 -120.8754 39.54019 -120.88434 39.53869 -120.89684 39.53949 -120.90639 39.53716 -120.91172 39.53481 -120.91943 39.52882 -120.92766 39.52372 -120.9371 39.52228 -120.94482 39.52171 -120.95496 39.5149 -120.95541 39.5108 -120.95772 39.508 -120.96422 39.50659 -120.96837 39.50784 -120.97793 39.50864 -120.98631 39.51213 -120.9977 39.5129 -121.00964 39.50783 -121.01611 39.50319 -121.02495 39.51041 -121.02808 39.51489 -121.03235 39.51425 -121.04725 39.52098 -121.05276</gml:posList></gml:LineString></georss:where></item><item><guid isPermaLink="false">8a86cd1e-5afe-4e93-a789-2aed17aada95</guid><a10:author><a10:name>Simon Hope</a10:name></a10:author><title /><description /><pubDate>Tue, 01 May 2012 21:57:27 +1000</pubDate><a10:link href="http://www.mapbutcher.com/" /><a10:rights type="text">Copyright 2011</a10:rights><a10:content type="text"></a10:content><a10:contributor><a10:name>mapbutcher@mapbutcher.com</a10:name></a10:contributor><georss:where><gml:LineString><gml:posList>39.47116 -120.10291 39.47569 -120.10294</gml:posList></gml:LineString></georss:where></item><item><guid isPermaLink="false">7e60af16-698f-4c4f-a14b-5749c49e7800</guid><a10:author><a10:name>Simon Hope</a10:name></a10:author><title /><description /><pubDate>Tue, 01 May 2012 21:57:27 +1000</pubDate><a10:link href="http://www.mapbutcher.com/" /><a10:rights type="text">Copyright 2011</a10:rights><a10:content type="text"></a10:content><a10:contributor><a10:name>mapbutcher@mapbutcher.com</a10:name></a10:contributor><georss:where><gml:LineString><gml:posList>39.52364 -121.09396 39.52857 -121.09825 39.52803 -121.1048 39.52481 -121.10831 39.5247 -121.11665 39.52047 -121.12849 39.51727 -121.13081 39.50278 -121.12928 39.49725 -121.13572 39.49133 -121.13797 39.4867 -121.14561 39.47852 -121.14722 39.4729 -121.1602 39.46975 -121.15894</gml:posList></gml:LineString></georss:where></item><item><guid isPermaLink="false">1a46ae1b-3e02-4f7a-b345-d471de8dea6d</guid><a10:author><a10:name>Simon Hope</a10:name></a10:author><title /><description /><pubDate>Tue, 01 May 2012 21:57:27 +1000</pubDate><a10:link href="http://www.mapbutcher.com/" /><a10:rights type="text">Copyright 2011</a10:rights><a10:content type="text"></a10:content><a10:contributor><a10:name>mapbutcher@mapbutcher.com</a10:name></a10:contributor><georss:where><gml:LineString><gml:posList>39.46118 -120.00259 39.462 -120.00157 39.46583 -119.99679 39.47738 -119.98646 39.48261 -119.99677 39.48936 -119.99939 39.49085 -119.99288 39.499 -119.99377 39.51029 -119.99595 39.51619 -119.99556 39.51981 -119.99628 39.52212 -119.99397 39.52484 -119.99406 39.5304 -119.98769 39.52876 -119.97928 39.5225 -119.95162 39.51633 -119.94247 39.50795 -119.93026 39.51103 -119.91187</gml:posList></gml:LineString></georss:where></item><item><guid isPermaLink="false">aa9941c4-a3e8-4e80-8484-be504ba12f03</guid><a10:author><a10:name>Simon Hope</a10:name></a10:author><title /><description /><pubDate>Tue, 01 May 2012 21:57:27 +1000</pubDate><a10:link href="http://www.mapbutcher.com/" /><a10:rights type="text">Copyright 2011</a10:rights><a10:content type="text"></a10:content><a10:contributor><a10:name>mapbutcher@mapbutcher.com</a10:name></a10:contributor><georss:where><gml:LineString><gml:posList>39.43816 -122.23306 39.4423 -122.23083 39.44738 -122.22625 39.45427 -122.22234 39.47287 -122.22184 39.48609 -122.21877 39.49883 -122.21686 39.50344 -122.21346 39.50986 -122.21011 39.51007 -122.20058 39.51112 -122.19405 39.51485 -122.18883 39.51809 -122.18597 39.52493 -122.18443 39.52946 -122.1846 39.53452 -122.18121</gml:posList></gml:LineString></georss:where></item><item><guid isPermaLink="false">dd586d3c-60f9-482e-99e1-2a5060e84b75</guid><a10:author><a10:name>Simon Hope</a10:name></a10:author><title /><description /><pubDate>Tue, 01 May 2012 21:57:27 +1000</pubDate><a10:link href="http://www.mapbutcher.com/" /><a10:rights type="text">Copyright 2011</a10:rights><a10:content type="text"></a10:content><a10:contributor><a10:name>mapbutcher@mapbutcher.com</a10:name></a10:contributor><georss:where><gml:LineString><gml:posList>39.43816 -122.23306 39.44125 -122.23734 39.44794 -122.24236 39.4518 -122.25204 39.4525 -122.2616 39.45053 -122.26868 39.45717 -122.27609 39.45827 -122.28746 39.45857 -122.29462 39.46031 -122.29768 39.46385 -122.30199 39.46227 -122.31146 39.47328 -122.32619 39.47721 -122.33291 39.47032 -122.33681 39.46656 -122.34263 39.4651 -122.34674 39.46588 -122.35214 39.46758 -122.35757 39.46837 -122.36237 39.47087 -122.37201 39.47528 -122.37755 39.47888 -122.37889 39.48196 -122.38258 39.48555 -122.38452 39.48779 -122.3858 39.4913 -122.39071 39.49303 -122.39436</gml:posList></gml:LineString></georss:where></item><item><guid isPermaLink="false">734736a8-7407-4e37-8e62-1a1c6b852337</guid><a10:author><a10:name>Simon Hope</a10:name></a10:author><title /><description /><pubDate>Tue, 01 May 2012 21:57:27 +1000</pubDate><a10:link href="http://www.mapbutcher.com/" /><a10:rights type="text">Copyright 2011</a10:rights><a10:content type="text"></a10:content><a10:contributor><a10:name>mapbutcher@mapbutcher.com</a10:name></a10:contributor><georss:where><gml:LineString><gml:posList>39.42387 -120.48247 39.42884 -120.48373 39.43423 -120.48976 39.44194 -120.48987 39.44416 -120.49526 39.44956 -120.5001 39.45268 -120.50789 39.45576 -120.51866 39.45978 -120.52646 39.46426 -120.53308 39.47284 -120.53677</gml:posList></gml:LineString></georss:where></item><item><guid isPermaLink="false">5a77d672-56ec-4c05-9e31-601cdc7c9813</guid><a10:author><a10:name>Simon Hope</a10:name></a10:author><title /><description /><pubDate>Tue, 01 May 2012 21:57:27 +1000</pubDate><a10:link href="http://www.mapbutcher.com/" /><a10:rights type="text">Copyright 2011</a10:rights><a10:content type="text"></a10:content><a10:contributor><a10:name>mapbutcher@mapbutcher.com</a10:name></a10:contributor><georss:where><gml:LineString><gml:posList>39.42202 -122.52021 39.42965 -122.50504 39.43557 -122.50409 39.441 -122.50432 39.44727 -122.50755 39.454 -122.51082 39.45863 -122.50684 39.46368 -122.50407 39.46861 -122.50665 39.47533 -122.50992 39.48341 -122.51383 39.48615 -122.51275 39.4907 -122.51234 39.4966 -122.51199 39.49935 -122.51092 39.50612 -122.51239 39.51326 -122.51686</gml:posList></gml:LineString></georss:where></item><item><guid isPermaLink="false">16d8723d-8bb8-49d3-bad9-cab5f81117a7</guid><a10:author><a10:name>Simon Hope</a10:name></a10:author><title /><description /><pubDate>Tue, 01 May 2012 21:57:27 +1000</pubDate><a10:link href="http://www.mapbutcher.com/" /><a10:rights type="text">Copyright 2011</a10:rights><a10:content type="text"></a10:content><a10:contributor><a10:name>mapbutcher@mapbutcher.com</a10:name></a10:contributor><georss:where><gml:LineString><gml:posList>39.42065 -120.54317 39.42198 -120.54736 39.42328 -120.55453 39.42459 -120.55931 39.42548 -120.5623 39.42772 -120.56472 39.43129 -120.57191 39.4353 -120.58031 39.43751 -120.5863 39.44146 -120.60126 39.45049 -120.60616 39.45494 -120.61457</gml:posList></gml:LineString></georss:where></item><item><guid isPermaLink="false">34df047f-7831-4053-bf33-504fdfdbcc78</guid><a10:author><a10:name>Simon Hope</a10:name></a10:author><title /><description /><pubDate>Tue, 01 May 2012 21:57:27 +1000</pubDate><a10:link href="http://www.mapbutcher.com/" /><a10:rights type="text">Copyright 2011</a10:rights><a10:content type="text"></a10:content><a10:contributor><a10:name>mapbutcher@mapbutcher.com</a10:name></a10:contributor><georss:where><gml:LineString><gml:posList>39.41948 -123.33945 39.42173 -123.34016 39.42573 -123.34276 39.43325 -123.34912 39.43549 -123.34984 39.44245 -123.34484 39.45665 -123.35514 39.46105 -123.35955 39.46072 -123.37026 39.46644 -123.37594 39.47087 -123.37916 39.47918 -123.38914 39.4879 -123.38603 39.50449 -123.3923 39.51342 -123.39696 39.5232 -123.40345 39.53252 -123.40992 39.53745 -123.41198 39.54596 -123.41543 39.55315 -123.41761 39.55596 -123.41478 39.5576 -123.40591 39.5709 -123.38692 39.57835 -123.38075 39.59154 -123.37967 39.59715 -123.38893 39.60711 -123.38947 39.61404 -123.38566 39.61165 -123.37477 39.61159 -123.36222 39.61454 -123.35461 39.62223 -123.34068</gml:posList></gml:LineString></georss:where></item><item><guid isPermaLink="false">4416b69d-2bd9-4fcb-b2c4-cb6593d87a83</guid><a10:author><a10:name>Simon Hope</a10:name></a10:author><title /><description /><pubDate>Tue, 01 May 2012 21:57:27 +1000</pubDate><a10:link href="http://www.mapbutcher.com/" /><a10:rights type="text">Copyright 2011</a10:rights><a10:content type="text"></a10:content><a10:contributor><a10:name>mapbutcher@mapbutcher.com</a10:name></a10:contributor><georss:where><gml:LineString><gml:posList>39.55996 -122.22095 39.55618 -122.22797 39.55307 -122.24577 39.55289 -122.25411 39.54736 -122.25808 39.53947 -122.26614 39.52987 -122.26994 39.52298 -122.27386 39.51928 -122.2767 39.51551 -122.28311 39.51494 -122.28846 39.51469 -122.29978 39.51519 -122.3177 39.51871 -122.32261 39.51856 -122.32916 39.52028 -122.3334 39.52156 -122.33704 39.52151 -122.33882 39.51777 -122.34405 39.51849 -122.35242 39.52105 -122.35909 39.52541 -122.36702 39.52891 -122.37253 39.53151 -122.378 39.53591 -122.38354 39.53995 -122.3855 39.54022 -122.39326 39.54287 -122.39635 39.54773 -122.40192 39.54522 -122.41257 39.54369 -122.41966 39.54451 -122.42328 39.54667 -122.42814 39.55114 -122.43071 39.55497 -122.4416 39.54345 -122.44949 39.54241 -122.45482 39.52865 -122.46142 39.51337 -122.45542 39.50243 -122.45795 39.4745 -122.44966 39.45416 -122.44704 39.43417 -122.44861 39.40892 -122.44222</gml:posList></gml:LineString></georss:where></item><item><guid isPermaLink="false">313bb0ba-54a7-4785-b9fb-a0ef16878ad7</guid><a10:author><a10:name>Simon Hope</a10:name></a10:author><title /><description /><pubDate>Tue, 01 May 2012 21:57:27 +1000</pubDate><a10:link href="http://www.mapbutcher.com/" /><a10:rights type="text">Copyright 2011</a10:rights><a10:content type="text"></a10:content><a10:contributor><a10:name>mapbutcher@mapbutcher.com</a10:name></a10:contributor><georss:where><gml:LineString><gml:posList>39.40925 -122.95995 39.40566 -122.95858</gml:posList></gml:LineString></georss:where></item><item><guid isPermaLink="false">74a9b5a6-b8e6-4523-9e36-e1495384cf6d</guid><a10:author><a10:name>Simon Hope</a10:name></a10:author><title /><description /><pubDate>Tue, 01 May 2012 21:57:27 +1000</pubDate><a10:link href="http://www.mapbutcher.com/" /><a10:rights type="text">Copyright 2011</a10:rights><a10:content type="text"></a10:content><a10:contributor><a10:name>mapbutcher@mapbutcher.com</a10:name></a10:contributor><georss:where><gml:LineString><gml:posList>39.40411 -123.42503 39.42399 -123.4422 39.4261 -123.44709 39.42674 -123.46977 39.42703 -123.47515 39.42818 -123.48177 39.4271 -123.48708 39.4251 -123.49293 39.42178 -123.49751 39.41422 -123.50663 39.41811 -123.54082 39.41734 -123.5509 39.41759 -123.55688 39.41567 -123.56035 39.41445 -123.56982 39.42296 -123.57327 39.42229 -123.5798 39.42802 -123.58488 39.43072 -123.58563 39.42752 -123.60036 39.4223 -123.60722 39.42081 -123.6113 39.41966 -123.61839 39.42403 -123.62341 39.42415 -123.63354 39.42624 -123.63903 39.43006 -123.647 39.43153 -123.65722 39.43596 -123.66045 39.43986 -123.66605 39.43978 -123.66843 39.44013 -123.67142 39.43637 -123.67538 39.44029 -123.68037 39.43928 -123.6833 39.43772 -123.68917 39.43902 -123.69104 39.44081 -123.69173 39.44117 -123.69474 39.43743 -123.6981 39.43177 -123.70433 39.42978 -123.70958 39.43052 -123.71439 39.43363 -123.71636 39.43627 -123.7189 39.43668 -123.72012 39.43288 -123.72526 39.42934 -123.72266 39.42715 -123.72015 39.4224 -123.72643 39.4249 -123.73314 39.4248 -123.73611 39.42511 -123.7403 39.43133 -123.74425 39.4317 -123.74665 39.43148 -123.7532 39.43675 -123.75829 39.43897 -123.75961 39.44066 -123.76328 39.43632 -123.77078 39.43137 -123.783 39.43005 -123.79485 39.42818 -123.79653 39.42396 -123.80045 39.42338 -123.80399 39.42645 -123.80716 39.42667 -123.80962 39.42678 -123.81075</gml:posList></gml:LineString></georss:where></item><item><guid isPermaLink="false">c37e6e39-5d5e-47c4-84c0-6016673c04ac</guid><a10:author><a10:name>Simon Hope</a10:name></a10:author><title /><description /><pubDate>Tue, 01 May 2012 21:57:27 +1000</pubDate><a10:link href="http://www.mapbutcher.com/" /><a10:rights type="text">Copyright 2011</a10:rights><a10:content type="text"></a10:content><a10:contributor><a10:name>mapbutcher@mapbutcher.com</a10:name></a10:contributor><georss:where><gml:LineString><gml:posList>39.40566 -122.95858 39.3994 -122.95531</gml:posList></gml:LineString></georss:where></item><item><guid isPermaLink="false">10595a94-dbed-4740-bfbb-b019d6c053c4</guid><a10:author><a10:name>Simon Hope</a10:name></a10:author><title /><description /><pubDate>Tue, 01 May 2012 21:57:27 +1000</pubDate><a10:link href="http://www.mapbutcher.com/" /><a10:rights type="text">Copyright 2011</a10:rights><a10:content type="text"></a10:content><a10:contributor><a10:name>mapbutcher@mapbutcher.com</a10:name></a10:contributor><georss:where><gml:LineString><gml:posList>39.60899 -122.97072 39.60006 -122.96551 39.59361 -122.95266 39.58678 -122.92068 39.58065 -122.91262 39.56821 -122.90308 39.56188 -122.90218 39.55991 -122.89134 39.55515 -122.88276 39.55074 -122.86107 39.53669 -122.86101 39.5274 -122.85221 39.52374 -122.85324 39.51478 -122.84924 39.50939 -122.8472 39.50341 -122.8505 39.49831 -122.85445 39.49416 -122.85723 39.48741 -122.85513 39.47938 -122.84998 39.47073 -122.83408 39.46748 -122.83691 39.4636 -122.84628 39.46655 -122.85476 39.46552 -122.85948 39.46408 -122.8624 39.45908 -122.86276 39.45542 -122.86378 39.44847 -122.86942 39.43644 -122.86111 39.42981 -122.85484 39.42243 -122.85927 39.42002 -122.86452 39.40948 -122.8688 39.40567 -122.87517 39.4001 -122.88027 39.39411 -122.88357 39.39254 -122.89124 39.39666 -122.90632 39.40241 -122.91196</gml:posList></gml:LineString></georss:where></item><item><guid isPermaLink="false">c447ca54-a24d-43fa-a80a-e3293d1ea70b</guid><a10:author><a10:name>Simon Hope</a10:name></a10:author><title /><description /><pubDate>Tue, 01 May 2012 21:57:27 +1000</pubDate><a10:link href="http://www.mapbutcher.com/" /><a10:rights type="text">Copyright 2011</a10:rights><a10:content type="text"></a10:content><a10:contributor><a10:name>mapbutcher@mapbutcher.com</a10:name></a10:contributor><georss:where><gml:LineString><gml:posList>39.38913 -120.09924 39.39187 -120.09332</gml:posList></gml:LineString></georss:where></item><item><guid isPermaLink="false">455dd9b8-2b72-4f01-aa7d-ad2ac907d499</guid><a10:author><a10:name>Simon Hope</a10:name></a10:author><title /><description /><pubDate>Tue, 01 May 2012 21:57:27 +1000</pubDate><a10:link href="http://www.mapbutcher.com/" /><a10:rights type="text">Copyright 2011</a10:rights><a10:content type="text"></a10:content><a10:contributor><a10:name>mapbutcher@mapbutcher.com</a10:name></a10:contributor><georss:where><gml:LineString><gml:posList>39.37714 -120.13961 39.38078 -120.13726</gml:posList></gml:LineString></georss:where></item><item><guid isPermaLink="false">9110cffb-51b0-42a9-b353-9c0c7e0455fc</guid><a10:author><a10:name>Simon Hope</a10:name></a10:author><title /><description /><pubDate>Tue, 01 May 2012 21:57:27 +1000</pubDate><a10:link href="http://www.mapbutcher.com/" /><a10:rights type="text">Copyright 2011</a10:rights><a10:content type="text"></a10:content><a10:contributor><a10:name>mapbutcher@mapbutcher.com</a10:name></a10:contributor><georss:where><gml:LineString><gml:posList>39.40566 -122.95858 39.40454 -122.96628 39.4079 -122.97597 39.40731 -122.98071 39.40487 -122.98714 39.407 -122.99201 39.40372 -122.99542 39.40589 -122.99911 39.40992 -123.00108 39.41463 -123.01085 39.41401 -123.01678 39.40979 -123.02193 39.39828 -123.02793 39.39115 -123.03949 39.38425 -123.04273 39.37959 -123.04726 39.37331 -123.06065 39.37062 -123.07541 39.37944 -123.08418 39.38063 -123.0902 39.3818 -123.09681 39.38351 -123.11595 39.39712 -123.11604 39.40067 -123.1186 39.40413 -123.12473 39.40726 -123.12608 39.41399 -123.1288 39.41733 -123.1385 39.42443 -123.14362 39.43304 -123.14406 39.44386 -123.14639 39.45062 -123.14793 39.46931 -123.16021 39.47276 -123.15084 39.47635 -123.15221 39.48073 -123.15781 39.48658 -123.15929 39.49076 -123.17143 39.49059 -123.17739 39.49239 -123.19299 39.49295 -123.20495 39.49089 -123.2132 39.4935 -123.21691 39.49895 -123.21659 39.50465 -123.20794 39.50827 -123.20812 39.51362 -123.21138 39.51355 -123.21377 39.51036 -123.2142 39.50663 -123.21759 39.50743 -123.22121 39.51688 -123.22408 39.52116 -123.21714 39.52423 -123.22088 39.52853 -123.22886 39.52826 -123.2378 39.53359 -123.24165 39.53294 -123.24819 39.52981 -123.26175 39.5332 -123.26969 39.54601 -123.28111 39.56292 -123.29214 39.57109 -123.29198 39.57712 -123.28751 39.5833 -123.29321 39.58951 -123.29772 39.59564 -123.30521 39.60017 -123.30545 39.61806 -123.31357 39.62207 -123.33111 39.62223 -123.34068</gml:posList></gml:LineString></georss:where></item><item><guid isPermaLink="false">ec740770-ed62-4fea-bcb0-b31ac90b7c84</guid><a10:author><a10:name>Simon Hope</a10:name></a10:author><title /><description /><pubDate>Tue, 01 May 2012 21:57:27 +1000</pubDate><a10:link href="http://www.mapbutcher.com/" /><a10:rights type="text">Copyright 2011</a10:rights><a10:content type="text"></a10:content><a10:contributor><a10:name>mapbutcher@mapbutcher.com</a10:name></a10:contributor><georss:where><gml:LineString><gml:posList>39.37612 -122.65286 39.37658 -122.65228 39.37542 -122.64449 39.37109 -122.63657 39.37453 -122.626 39.37144 -122.62229 39.37218 -122.61102 39.37046 -122.60737 39.37037 -122.59248 39.37632 -122.57189 39.38075 -122.55779 39.38326 -122.54777 39.38792 -122.54261 39.39434 -122.5399 39.40341 -122.53969 39.41201 -122.54064 39.41481 -122.53719 39.41856 -122.53198 39.42202 -122.52021</gml:posList></gml:LineString></georss:where></item><item><guid isPermaLink="false">c29f6b81-be96-4506-8893-5e687071b67e</guid><a10:author><a10:name>Simon Hope</a10:name></a10:author><title /><description /><pubDate>Tue, 01 May 2012 21:57:27 +1000</pubDate><a10:link href="http://www.mapbutcher.com/" /><a10:rights type="text">Copyright 2011</a10:rights><a10:content type="text"></a10:content><a10:contributor><a10:name>mapbutcher@mapbutcher.com</a10:name></a10:contributor><georss:where><gml:LineString><gml:posList>39.36263 -121.8927 39.366 -121.8821 39.37248 -121.87516 39.38796 -121.8721 39.39808 -121.86469 39.40724 -121.85963 39.41593 -121.85574 39.42366 -121.85421 39.431 -121.84969 39.44363 -121.85367 39.451 -121.84735 39.45965 -121.84525 39.46966 -121.84379 39.48239 -121.84181 39.49478 -121.83386 39.5016 -121.83289 39.51265 -121.8243 39.52057 -121.81263 39.52751 -121.80509 39.54266 -121.79484 39.55503 -121.78807 39.56837 -121.77776 39.57621 -121.77024 39.58651 -121.75206 39.58986 -121.74261 39.59639 -121.73266 39.60191 -121.72805 39.60835 -121.72287 39.61656 -121.72014 39.63132 -121.70566 39.6342 -121.69678 39.63033 -121.68472 39.63049 -121.67577 39.63519 -121.66635 39.64432 -121.66244 39.66154 -121.66296 39.67979 -121.65693 39.68988 -121.65005 39.70813 -121.64342 39.71459 -121.63704</gml:posList></gml:LineString></georss:where></item><item><guid isPermaLink="false">6b37a550-c6b3-4e4d-8447-26fc99745cc8</guid><a10:author><a10:name>Simon Hope</a10:name></a10:author><title /><description /><pubDate>Tue, 01 May 2012 21:57:27 +1000</pubDate><a10:link href="http://www.mapbutcher.com/" /><a10:rights type="text">Copyright 2011</a10:rights><a10:content type="text"></a10:content><a10:contributor><a10:name>mapbutcher@mapbutcher.com</a10:name></a10:contributor><georss:where><gml:LineString><gml:posList>39.36263 -121.8927 39.36955 -121.88638 39.38133 -121.88676 39.3899 -121.88884 39.40177 -121.88506 39.40953 -121.88234 39.42049 -121.87793 39.43053 -121.87469 39.44006 -121.8744 39.45415 -121.87248 39.46412 -121.87281 39.48363 -121.87225 39.49132 -121.87311 39.4994 -121.87754 39.50575 -121.87775 39.51254 -121.87798 39.52049 -121.86512 39.5251 -121.86109 39.53338 -121.8548 39.54121 -121.84849 39.54859 -121.84218 39.55689 -121.83469 39.56435 -121.82359 39.57362 -121.81254 39.58061 -121.80262 39.58895 -121.79273 39.59494 -121.78755 39.60408 -121.78366 39.61142 -121.77911 39.62058 -121.77402 39.62875 -121.77369 39.64799 -121.78744 39.65522 -121.78886 39.66528 -121.7844 39.67308 -121.77927 39.67858 -121.77646 39.68579 -121.77908 39.69484 -121.77996 39.70079 -121.77715 39.70371 -121.76588 39.70709 -121.75463 39.70905 -121.74632 39.71056 -121.73799 39.71446 -121.72256 39.72657 -121.70438 39.73664 -121.69931 39.74226 -121.68871 39.7492 -121.68114 39.7538 -121.67709 39.76017 -121.67609 39.76886 -121.67156 39.77669 -121.66462 39.78541 -121.65889 39.79757 -121.66345 39.81184 -121.6513 39.82233 -121.64742 39.83912 -121.64673 39.85431 -121.63339 39.87699 -121.63287 39.88248 -121.63063 39.88704 -121.62897 39.89433 -121.62679 39.90119 -121.6234 39.9099 -121.61765 39.91952 -121.61194 39.92831 -121.60201 39.93284 -121.60213 39.94014 -121.59935 39.94841 -121.59299 39.95657 -121.59323 39.96698 -121.59473 39.97293 -121.5913 39.98158 -121.58916 39.98612 -121.58868 39.99463 -121.59494 40.00066 -121.58731 40.0089 -121.58214 40.01926 -121.58665 40.02838 -121.58391 40.03529 -121.5775 40.04208 -121.57829 40.05068 -121.57915 40.0593 -121.5788 40.06386 -121.57713 40.06661 -121.5754 40.07126 -121.56832 40.07508 -121.55701 40.07657 -121.54865 40.08078 -121.54095 40.08821 -121.53033 40.0933 -121.52387 40.09707 -121.51496 40.09811 -121.50657 40.09867 -121.49997 40.10378 -121.49229 40.10842 -121.48581 40.10899 -121.478 40.10501 -121.47189 40.10323 -121.46943 40.10234 -121.46821 40.10196 -121.46398 40.10164 -121.45496 40.10004 -121.44109 40.09648 -121.43678 40.09427 -121.43311 40.0925 -121.43066 40.08582 -121.42266 40.08371 -121.41179 40.06161 -121.40399</gml:posList></gml:LineString></georss:where></item><item><guid isPermaLink="false">7c3fed79-f033-4054-8077-477bb897d701</guid><a10:author><a10:name>Simon Hope</a10:name></a10:author><title /><description /><pubDate>Tue, 01 May 2012 21:57:27 +1000</pubDate><a10:link href="http://www.mapbutcher.com/" /><a10:rights type="text">Copyright 2011</a10:rights><a10:content type="text"></a10:content><a10:contributor><a10:name>mapbutcher@mapbutcher.com</a10:name></a10:contributor><georss:where><gml:LineString><gml:posList>39.36246 -121.31062 39.36266 -121.29694 39.36684 -121.28989 39.36829 -121.28339 39.37748 -121.27467 39.38211 -121.26765 39.38308 -121.2635 39.3863 -121.2606 39.3877 -121.25767 39.3954 -121.25785 39.39947 -121.25854 39.4059 -121.25275 39.41049 -121.24869 39.41817 -121.25066 39.42491 -121.25499 39.43075 -121.25871 39.43429 -121.26476 39.43875 -121.27023 39.44459 -121.27395 39.45044 -121.27707 39.4554 -121.27898 39.46226 -121.27498 39.4664 -121.2709 39.47011 -121.26444 39.47333 -121.26154 39.47937 -121.25095 39.48038 -121.24383 39.47822 -121.23602 39.47872 -121.23245 39.49121 -121.21427</gml:posList></gml:LineString></georss:where></item><item><guid isPermaLink="false">801ce3b5-18f7-43df-b3f3-8dddb266b05e</guid><a10:author><a10:name>Simon Hope</a10:name></a10:author><title /><description /><pubDate>Tue, 01 May 2012 21:57:27 +1000</pubDate><a10:link href="http://www.mapbutcher.com/" /><a10:rights type="text">Copyright 2011</a10:rights><a10:content type="text"></a10:content><a10:contributor><a10:name>mapbutcher@mapbutcher.com</a10:name></a10:contributor><georss:where><gml:LineString><gml:posList>39.51028 -120.55818 39.51253 -120.5606 39.51431 -120.5642 39.51654 -120.5696 39.51876 -120.57441 39.52098 -120.57981 39.51922 -120.6251 39.51963 -120.63048 39.52322 -120.63411 39.52272 -120.63889 39.52265 -120.64723 39.52305 -120.6526 39.52209 -120.65855 39.52158 -120.66451 39.51834 -120.67162 39.51419 -120.6793 39.50084 -120.70055 39.49534 -120.70641 39.48801 -120.71404 39.48304 -120.71336 39.47984 -120.71569 39.47616 -120.72099 39.47433 -120.72275 39.46974 -120.72803 39.46825 -120.74112 39.46189 -120.7428 39.46004 -120.74575 39.45726 -120.75225 39.45446 -120.76055 39.45073 -120.77061 39.44788 -120.78367 39.44189 -120.7925 39.44001 -120.79961 39.43906 -120.80317 39.43716 -120.81207 39.43801 -120.81744 39.43519 -120.82633 39.43466 -120.83347 39.43914 -120.83832 39.43592 -120.84302 39.43489 -120.85432 39.43253 -120.86322 39.42879 -120.87328 39.42914 -120.88281 39.42349 -120.90176 39.42611 -120.90955 39.42152 -120.91483 39.42095 -120.92554 39.41863 -120.92966 39.41668 -120.94153 39.42071 -120.94637 39.41656 -120.95165 39.41558 -120.95878 39.41903 -120.97374 39.41625 -120.97845 39.41119 -120.98489 39.41159 -120.98966 39.41241 -120.99623 39.40641 -121.00563 39.40539 -121.01514 39.40049 -121.00789 39.3977 -121.01319 39.39491 -121.01968 39.39079 -121.02258 39.39166 -121.02557 39.39525 -121.02862 39.39613 -121.03102 39.39563 -121.03399 39.39061 -121.03745 39.38966 -121.04041 39.39007 -121.04399 39.39186 -121.04581 39.39412 -121.04646 39.39546 -121.04827 39.39585 -121.05305 39.39488 -121.05839 39.3921 -121.06309 39.39382 -121.07087 39.3946 -121.08101 39.39274 -121.08454 39.38909 -121.08624 39.38815 -121.0892 39.38762 -121.09454 39.38349 -121.09863 39.38163 -121.10275 39.37978 -121.10568 39.37904 -121.12709 39.37497 -121.127 39.36989 -121.13343 39.36668 -121.13634 39.36167 -121.13801</gml:posList></gml:LineString></georss:where></item><item><guid isPermaLink="false">a06bf43b-ab2d-4da6-bdf1-433543ac795c</guid><a10:author><a10:name>Simon Hope</a10:name></a10:author><title /><description /><pubDate>Tue, 01 May 2012 21:57:27 +1000</pubDate><a10:link href="http://www.mapbutcher.com/" /><a10:rights type="text">Copyright 2011</a10:rights><a10:content type="text"></a10:content><a10:contributor><a10:name>mapbutcher@mapbutcher.com</a10:name></a10:contributor><georss:where><gml:LineString><gml:posList>39.39154 -121.14166 39.38835 -121.14337 39.38205 -121.13966 39.3798 -121.13902 39.37798 -121.13957 39.37566 -121.14309 39.37428 -121.14425 39.3711 -121.14537 39.36665 -121.13872 39.36167 -121.13801</gml:posList></gml:LineString></georss:where></item><item><guid isPermaLink="false">ce0cd3e4-3bf7-4113-81fa-8b8813beae26</guid><a10:author><a10:name>Simon Hope</a10:name></a10:author><title /><description /><pubDate>Tue, 01 May 2012 21:57:27 +1000</pubDate><a10:link href="http://www.mapbutcher.com/" /><a10:rights type="text">Copyright 2011</a10:rights><a10:content type="text"></a10:content><a10:contributor><a10:name>mapbutcher@mapbutcher.com</a10:name></a10:contributor><georss:where><gml:LineString><gml:posList>39.36139 -123.41319 39.36729 -123.39861 39.36528 -123.37588 39.36599 -123.36758 39.36985 -123.36004 39.38141 -123.35291 39.38871 -123.35152 39.41406 -123.33856 39.41948 -123.33945</gml:posList></gml:LineString></georss:where></item><item><guid isPermaLink="false">c394040b-c9d1-4dad-b122-2e508deddb4c</guid><a10:author><a10:name>Simon Hope</a10:name></a10:author><title /><description /><pubDate>Tue, 01 May 2012 21:57:27 +1000</pubDate><a10:link href="http://www.mapbutcher.com/" /><a10:rights type="text">Copyright 2011</a10:rights><a10:content type="text"></a10:content><a10:contributor><a10:name>mapbutcher@mapbutcher.com</a10:name></a10:contributor><georss:where><gml:LineString><gml:posList>39.36136 -122.51589 39.36353 -122.52015 39.37849 -122.52018 39.39257 -122.51958 39.39921 -122.52581 39.41011 -122.52507 39.41291 -122.52221 39.42202 -122.52021</gml:posList></gml:LineString></georss:where></item><item><guid isPermaLink="false">a7fd54eb-ba17-4d1f-9b04-a4fe4f19fbee</guid><a10:author><a10:name>Simon Hope</a10:name></a10:author><title /><description /><pubDate>Tue, 01 May 2012 21:57:27 +1000</pubDate><a10:link href="http://www.mapbutcher.com/" /><a10:rights type="text">Copyright 2011</a10:rights><a10:content type="text"></a10:content><a10:contributor><a10:name>mapbutcher@mapbutcher.com</a10:name></a10:contributor><georss:where><gml:LineString><gml:posList>39.44688 -120.65317 39.44361 -120.66444 39.43679 -120.66611 39.43356 -120.67262 39.43029 -120.68209 39.41756 -120.68605 39.40488 -120.68525 39.39895 -120.68873 39.39576 -120.69106 39.38845 -120.69629 39.38298 -120.69977 39.37887 -120.70268 39.37522 -120.705 39.37339 -120.70676 39.37154 -120.71089 39.36832 -120.7156 39.36827 -120.72036 39.37003 -120.72635 39.37087 -120.73351 39.3708 -120.74064 39.36801 -120.74714 39.36344 -120.75063 39.3616 -120.75417 39.36113 -120.75476</gml:posList></gml:LineString></georss:where></item><item><guid isPermaLink="false">81f64ec4-d2f3-4052-8123-094539aa80d7</guid><a10:author><a10:name>Simon Hope</a10:name></a10:author><title /><description /><pubDate>Tue, 01 May 2012 21:57:27 +1000</pubDate><a10:link href="http://www.mapbutcher.com/" /><a10:rights type="text">Copyright 2011</a10:rights><a10:content type="text"></a10:content><a10:contributor><a10:name>mapbutcher@mapbutcher.com</a10:name></a10:contributor><georss:where><gml:LineString><gml:posList>39.3606 -122.08548 39.42778 -122.08192 39.43374 -122.07857 39.4395 -122.08533 39.4535 -122.0882 39.46352 -122.08618 39.46972 -122.09296 39.47744 -122.09264 39.48636 -122.09953 39.48713 -122.10611 39.48699 -122.11266 39.49505 -122.11772 39.50165 -122.12751 39.5051 -122.13598 39.50754 -122.14919 39.51368 -122.15896 39.51946 -122.16454 39.52441 -122.16592 39.5266 -122.16958 39.52919 -122.17564 39.53452 -122.18121</gml:posList></gml:LineString></georss:where></item><item><guid isPermaLink="false">16078f44-fea0-4662-9133-a29910895e4a</guid><a10:author><a10:name>Simon Hope</a10:name></a10:author><title /><description /><pubDate>Tue, 01 May 2012 21:57:27 +1000</pubDate><a10:link href="http://www.mapbutcher.com/" /><a10:rights type="text">Copyright 2011</a10:rights><a10:content type="text"></a10:content><a10:contributor><a10:name>mapbutcher@mapbutcher.com</a10:name></a10:contributor><georss:where><gml:LineString><gml:posList>39.3606 -122.08548 39.34064 -122.08537</gml:posList></gml:LineString></georss:where></item><item><guid isPermaLink="false">28ca4db0-f56e-406c-bfcf-e372aa194386</guid><a10:author><a10:name>Simon Hope</a10:name></a10:author><title /><description /><pubDate>Tue, 01 May 2012 21:57:27 +1000</pubDate><a10:link href="http://www.mapbutcher.com/" /><a10:rights type="text">Copyright 2011</a10:rights><a10:content type="text"></a10:content><a10:contributor><a10:name>mapbutcher@mapbutcher.com</a10:name></a10:contributor><georss:where><gml:LineString><gml:posList>39.34064 -122.08537 39.34132 -122.09669 39.34219 -122.09851 39.34856 -122.09695 39.35033 -122.0994 39.35072 -122.10239 39.36624 -122.11902 39.36689 -122.13155 39.37259 -122.14068 39.39069 -122.14253 39.39603 -122.14749 39.39903 -122.15534 39.40045 -122.17386 39.40263 -122.17811 39.40709 -122.18125 39.41569 -122.18217 39.41788 -122.18582 39.41951 -122.19422 39.42107 -122.20619 39.42498 -122.21408 39.42657 -122.22427 39.43816 -122.23306</gml:posList></gml:LineString></georss:where></item><item><guid isPermaLink="false">bb299a1e-2309-4480-8a51-8c3f27f71bde</guid><a10:author><a10:name>Simon Hope</a10:name></a10:author><title /><description /><pubDate>Tue, 01 May 2012 21:57:27 +1000</pubDate><a10:link href="http://www.mapbutcher.com/" /><a10:rights type="text">Copyright 2011</a10:rights><a10:content type="text"></a10:content><a10:contributor><a10:name>mapbutcher@mapbutcher.com</a10:name></a10:contributor><georss:where><gml:LineString><gml:posList>39.32707 -122.23302 39.33292 -122.23503 39.33544 -122.24405 39.33852 -122.24834 39.34394 -122.24914 39.34848 -122.24931 39.35347 -122.2489 39.36392 -122.24811 39.37205 -122.2496 39.3775 -122.24921 39.38159 -122.24878 39.38746 -122.25019 39.39199 -122.25037 39.39606 -122.25052 39.40331 -122.25079 39.40646 -122.25211 39.4101 -122.25165 39.41193 -122.25053 39.41884 -122.24603 39.42526 -122.24269 39.42943 -122.23868 39.43128 -122.23696 39.43816 -122.23306</gml:posList></gml:LineString></georss:where></item><item><guid isPermaLink="false">f659d385-9df4-41e6-9bb1-8d24d3cc878e</guid><a10:author><a10:name>Simon Hope</a10:name></a10:author><title /><description /><pubDate>Tue, 01 May 2012 21:57:27 +1000</pubDate><a10:link href="http://www.mapbutcher.com/" /><a10:rights type="text">Copyright 2011</a10:rights><a10:content type="text"></a10:content><a10:contributor><a10:name>mapbutcher@mapbutcher.com</a10:name></a10:contributor><georss:where><gml:LineString><gml:posList>39.32707 -122.23302 39.3206 -122.25896 39.32544 -122.26569 39.32264 -122.26915 39.32161 -122.27505 39.32591 -122.28534 39.32801 -122.29256 39.33063 -122.29742 39.33173 -122.30877 39.33625 -122.30954 39.3375 -122.31435 39.3401 -122.3198 39.34496 -122.32535 39.34343 -122.33302 39.34745 -122.33556 39.35285 -122.33756 39.35868 -122.34017 39.36357 -122.34453 39.37025 -122.35015 39.37471 -122.3533 39.37556 -122.35572 39.3796 -122.35766 39.38535 -122.36385</gml:posList></gml:LineString></georss:where></item><item><guid isPermaLink="false">cc6195bb-73cf-4771-8e9f-3e87cb3b12fe</guid><a10:author><a10:name>Simon Hope</a10:name></a10:author><title /><description /><pubDate>Tue, 01 May 2012 21:57:27 +1000</pubDate><a10:link href="http://www.mapbutcher.com/" /><a10:rights type="text">Copyright 2011</a10:rights><a10:content type="text"></a10:content><a10:contributor><a10:name>mapbutcher@mapbutcher.com</a10:name></a10:contributor><georss:where><gml:LineString><gml:posList>39.31398 -121.30822 39.31543 -121.30231</gml:posList></gml:LineString></georss:where></item><item><guid isPermaLink="false">ed4383d5-cfcb-478e-a4a7-d0c59663adc5</guid><a10:author><a10:name>Simon Hope</a10:name></a10:author><title /><description /><pubDate>Tue, 01 May 2012 21:57:27 +1000</pubDate><a10:link href="http://www.mapbutcher.com/" /><a10:rights type="text">Copyright 2011</a10:rights><a10:content type="text"></a10:content><a10:contributor><a10:name>mapbutcher@mapbutcher.com</a10:name></a10:contributor><georss:where><gml:LineString><gml:posList>39.31254 -121.31413 39.31398 -121.30822</gml:posList></gml:LineString></georss:where></item><item><guid isPermaLink="false">d8963824-b88c-4e5c-8cbd-53526bfcd439</guid><a10:author><a10:name>Simon Hope</a10:name></a10:author><title /><description /><pubDate>Tue, 01 May 2012 21:57:27 +1000</pubDate><a10:link href="http://www.mapbutcher.com/" /><a10:rights type="text">Copyright 2011</a10:rights><a10:content type="text"></a10:content><a10:contributor><a10:name>mapbutcher@mapbutcher.com</a10:name></a10:contributor><georss:where><gml:LineString><gml:posList>39.31114 -121.57816 39.31127 -121.57042 39.31136 -121.56507 39.31279 -121.56036 39.31375 -121.5574 39.31614 -121.54974 39.3204 -121.53915 39.32151 -121.5267 39.32843 -121.51916 39.33091 -121.50555 39.33739 -121.49739 39.34156 -121.49216 39.34343 -121.48864 39.35249 -121.48888 39.35931 -121.48729 39.36751 -121.48513 39.37437 -121.48115 39.38225 -121.47065 39.39226 -121.46854 39.39463 -121.46206 39.40287 -121.45692 39.41799 -121.44661 39.42216 -121.44077 39.42763 -121.43913 39.4322 -121.43627 39.43809 -121.43702 39.44394 -121.44016 39.45159 -121.44334 39.45934 -121.44057 39.46974 -121.44205 39.47566 -121.44041 39.47803 -121.43392 39.48175 -121.42805 39.48768 -121.42583 39.49633 -121.42308 39.5005 -121.41782 39.50326 -121.41492</gml:posList></gml:LineString></georss:where></item><item><guid isPermaLink="false">7e5a0920-3816-4d77-bbef-6f1b4f0f53cf</guid><a10:author><a10:name>Simon Hope</a10:name></a10:author><title /><description /><pubDate>Tue, 01 May 2012 21:57:27 +1000</pubDate><a10:link href="http://www.mapbutcher.com/" /><a10:rights type="text">Copyright 2011</a10:rights><a10:content type="text"></a10:content><a10:contributor><a10:name>mapbutcher@mapbutcher.com</a10:name></a10:contributor><georss:where><gml:LineString><gml:posList>39.31114 -121.57816 39.3068 -121.56613 39.30742 -121.55663 39.31259 -121.54488 39.31453 -121.53721 39.31784 -121.52897 39.31935 -121.5201 39.31723 -121.51111 39.31784 -121.50101 39.31612 -121.49503 39.31847 -121.49033 39.32259 -121.48747 39.33001 -121.47697 39.33322 -121.47467 39.3329 -121.46634 39.33261 -121.45621 39.33273 -121.44789 39.33232 -121.4455 39.33375 -121.44077 39.33613 -121.4337 39.33971 -121.40703 39.34746 -121.40425 39.3521 -121.39724 39.35772 -121.38608 39.36229 -121.38322 39.36423 -121.37494 39.36792 -121.37086 39.37426 -121.37103 39.3784 -121.36697 39.3889 -121.36189 39.3971 -121.35971 39.40118 -121.35982 39.40524 -121.36111 39.41723 -121.34772 39.42097 -121.34007 39.42419 -121.33659 39.42741 -121.33309 39.42918 -121.33611 39.43408 -121.34219 39.44355 -121.34602 39.4531 -121.34387 39.45406 -121.34032</gml:posList></gml:LineString></georss:where></item><item><guid isPermaLink="false">7c464cff-0cda-4041-8902-8a78c04e57da</guid><a10:author><a10:name>Simon Hope</a10:name></a10:author><title /><description /><pubDate>Tue, 01 May 2012 21:57:27 +1000</pubDate><a10:link href="http://www.mapbutcher.com/" /><a10:rights type="text">Copyright 2011</a10:rights><a10:content type="text"></a10:content><a10:contributor><a10:name>mapbutcher@mapbutcher.com</a10:name></a10:contributor><georss:where><gml:LineString><gml:posList>39.30006 -123.78833 39.30108 -123.79496 39.30117 -123.79554</gml:posList></gml:LineString></georss:where></item><item><guid isPermaLink="false">27fe99cb-9611-466c-95a0-0f6951f59cbe</guid><a10:author><a10:name>Simon Hope</a10:name></a10:author><title /><description /><pubDate>Tue, 01 May 2012 21:57:27 +1000</pubDate><a10:link href="http://www.mapbutcher.com/" /><a10:rights type="text">Copyright 2011</a10:rights><a10:content type="text"></a10:content><a10:contributor><a10:name>mapbutcher@mapbutcher.com</a10:name></a10:contributor><georss:where><gml:LineString><gml:posList>39.29938 -122.17132 39.30814 -122.18591 39.33263 -122.18564 39.33248 -122.19277 39.33232 -122.19991 39.33175 -122.20524 39.33526 -122.21072 39.3292 -122.21823 39.32707 -122.23302</gml:posList></gml:LineString></georss:where></item><item><guid isPermaLink="false">ff690db1-1679-45f4-b8cb-abe04f01f1a2</guid><a10:author><a10:name>Simon Hope</a10:name></a10:author><title /><description /><pubDate>Tue, 01 May 2012 21:57:27 +1000</pubDate><a10:link href="http://www.mapbutcher.com/" /><a10:rights type="text">Copyright 2011</a10:rights><a10:content type="text"></a10:content><a10:contributor><a10:name>mapbutcher@mapbutcher.com</a10:name></a10:contributor><georss:where><gml:LineString><gml:posList>39.36167 -121.13801 39.35751 -121.14446 39.35342 -121.14497 39.35072 -121.14371 39.34934 -121.14487 39.34977 -121.14726 39.34969 -121.15321 39.34784 -121.15555 39.34284 -121.15662 39.33467 -121.15762 39.33282 -121.15997 39.33368 -121.16355 39.33683 -121.16541 39.33861 -121.16783 39.33902 -121.17141 39.33892 -121.17854 39.33797 -121.18209 39.33067 -121.1849 39.3297 -121.19022 39.32914 -121.19794 39.32143 -121.19777 39.31819 -121.20304 39.31182 -121.20468 39.30238 -121.1991 39.30189 -121.20147 39.29636 -121.20789 39.2959 -121.20847</gml:posList></gml:LineString></georss:where></item><item><guid isPermaLink="false">6381f36d-f268-4b7a-a833-b03332ac5174</guid><a10:author><a10:name>Simon Hope</a10:name></a10:author><title /><description /><pubDate>Tue, 01 May 2012 21:57:27 +1000</pubDate><a10:link href="http://www.mapbutcher.com/" /><a10:rights type="text">Copyright 2011</a10:rights><a10:content type="text"></a10:content><a10:contributor><a10:name>mapbutcher@mapbutcher.com</a10:name></a10:contributor><georss:where><gml:LineString><gml:posList>39.29493 -121.62526 39.31832 -121.60929 39.31298 -121.60319 39.30895 -121.60069 39.30544 -121.59345 39.31114 -121.57816</gml:posList></gml:LineString></georss:where></item><item><guid isPermaLink="false">e49bfa50-968c-4d0d-add4-66ab89659948</guid><a10:author><a10:name>Simon Hope</a10:name></a10:author><title /><description /><pubDate>Tue, 01 May 2012 21:57:27 +1000</pubDate><a10:link href="http://www.mapbutcher.com/" /><a10:rights type="text">Copyright 2011</a10:rights><a10:content type="text"></a10:content><a10:contributor><a10:name>mapbutcher@mapbutcher.com</a10:name></a10:contributor><georss:where><gml:LineString><gml:posList>39.52972 -121.54745 39.52152 -121.55021 39.51554 -121.5554 39.51222 -121.56425 39.50886 -121.57549 39.49885 -121.57759 39.49204 -121.57799 39.48296 -121.57892 39.47843 -121.57879 39.47335 -121.58401 39.4669 -121.59038 39.46174 -121.60036 39.45751 -121.60918 39.45545 -121.62402 39.45443 -121.63055 39.45344 -121.63528 39.44753 -121.6363 39.44029 -121.63549 39.43397 -121.63411 39.43005 -121.62505 39.4287 -121.62442 39.42733 -121.62438 39.42281 -121.62366 39.41917 -121.62474 39.4146 -121.62639 39.41054 -121.62567 39.4107 -121.61615 39.4089 -121.6155 39.4007 -121.61765 39.39475 -121.62105 39.38877 -121.62563 39.38278 -121.63141 39.376 -121.63002 39.37238 -121.62991 39.37116 -121.64833 39.36446 -121.64218 39.36225 -121.63914 39.35642 -121.63539 39.35515 -121.63 39.35203 -121.62693 39.34387 -121.62669 39.33751 -121.6277 39.33426 -121.63177 39.32843 -121.62803 39.32307 -121.62311 39.30116 -121.63198 39.29493 -121.62526</gml:posList></gml:LineString></georss:where></item><item><guid isPermaLink="false">ce9ba239-c599-4ebb-8488-5084b67103e1</guid><a10:author><a10:name>Simon Hope</a10:name></a10:author><title /><description /><pubDate>Tue, 01 May 2012 21:57:27 +1000</pubDate><a10:link href="http://www.mapbutcher.com/" /><a10:rights type="text">Copyright 2011</a10:rights><a10:content type="text"></a10:content><a10:contributor><a10:name>mapbutcher@mapbutcher.com</a10:name></a10:contributor><georss:where><gml:LineString><gml:posList>39.31396 -120.80092 39.31205 -120.8104 39.31451 -120.83482 39.31307 -120.84253 39.308 -120.85076 39.3083 -120.86444 39.30268 -120.88099 39.29626 -120.88741 39.29206 -120.89862 39.2879 -120.90508</gml:posList></gml:LineString></georss:where></item><item><guid isPermaLink="false">640321fb-ccd5-46ba-8dd2-85bea541074d</guid><a10:author><a10:name>Simon Hope</a10:name></a10:author><title /><description /><pubDate>Tue, 01 May 2012 21:57:27 +1000</pubDate><a10:link href="http://www.mapbutcher.com/" /><a10:rights type="text">Copyright 2011</a10:rights><a10:content type="text"></a10:content><a10:contributor><a10:name>mapbutcher@mapbutcher.com</a10:name></a10:contributor><georss:where><gml:LineString><gml:posList>39.36263 -121.8927 39.3562 -121.89725 39.3508 -121.89468 39.34174 -121.89439 39.33763 -121.89603 39.33349 -121.89887 39.32756 -121.90105 39.31839 -121.90611 39.30747 -121.90813 39.29735 -121.91552 39.28681 -121.92111</gml:posList></gml:LineString></georss:where></item><item><guid isPermaLink="false">0b928486-3b35-451e-8d11-e506d6cfe05f</guid><a10:author><a10:name>Simon Hope</a10:name></a10:author><title /><description /><pubDate>Tue, 01 May 2012 21:57:27 +1000</pubDate><a10:link href="http://www.mapbutcher.com/" /><a10:rights type="text">Copyright 2011</a10:rights><a10:content type="text"></a10:content><a10:contributor><a10:name>mapbutcher@mapbutcher.com</a10:name></a10:contributor><georss:where><gml:LineString><gml:posList>39.30766 -123.39065 39.29879 -123.3985 39.28746 -123.41277 39.28679 -123.41986 39.29239 -123.42909 39.3009 -123.43253 39.30618 -123.43758 39.30824 -123.44424 39.30771 -123.46087 39.30711 -123.47988 39.3099 -123.49193 39.3071 -123.50844 39.30093 -123.51702 39.30212 -123.52245 39.30104 -123.52774 39.29543 -123.53278</gml:posList></gml:LineString></georss:where></item><item><guid isPermaLink="false">d5c8032e-7873-402a-84a4-2e7fbc6927e8</guid><a10:author><a10:name>Simon Hope</a10:name></a10:author><title /><description /><pubDate>Tue, 01 May 2012 21:57:27 +1000</pubDate><a10:link href="http://www.mapbutcher.com/" /><a10:rights type="text">Copyright 2011</a10:rights><a10:content type="text"></a10:content><a10:contributor><a10:name>mapbutcher@mapbutcher.com</a10:name></a10:contributor><georss:where><gml:LineString><gml:posList>39.28681 -121.92111 39.28626 -121.90266 39.28871 -121.89323 39.29192 -121.89156 39.29158 -121.8856 39.34695 -121.88266 39.35373 -121.88407 39.3702 -121.85247 39.40239 -121.80349 39.40891 -121.79417 39.41455 -121.78363 39.42011 -121.77666 39.42565 -121.77147 39.44723 -121.75665 39.46238 -121.7464 39.47752 -121.73614 39.48718 -121.72868 39.50093 -121.72016 39.51928 -121.70821 39.54832 -121.7073 39.55239 -121.70743 39.57241 -121.70386 39.57972 -121.7005 39.59105 -121.70145 39.59195 -121.70147</gml:posList></gml:LineString></georss:where></item><item><guid isPermaLink="false">2ff95683-344b-4271-827a-e3ef09cc2ebf</guid><a10:author><a10:name>Simon Hope</a10:name></a10:author><title /><description /><pubDate>Tue, 01 May 2012 21:57:27 +1000</pubDate><a10:link href="http://www.mapbutcher.com/" /><a10:rights type="text">Copyright 2011</a10:rights><a10:content type="text"></a10:content><a10:contributor><a10:name>mapbutcher@mapbutcher.com</a10:name></a10:contributor><georss:where><gml:LineString><gml:posList>39.2959 -121.20847 39.29056 -121.2012 39.29262 -121.18282 39.28554 -121.17017 39.28518 -121.16303 39.28308 -121.15051 39.28403 -121.14696 39.28724 -121.14465 39.29183 -121.14 39.29475 -121.12461 39.29536 -121.11273 39.29135 -121.10728 39.29237 -121.09839 39.29564 -121.09132 39.29983 -121.0825 39.30261 -121.0778 39.30629 -121.07313 39.30956 -121.06547 39.31015 -121.05478 39.31065 -121.05062 39.31429 -121.05011 39.32336 -121.04971 39.32713 -121.03848 39.32901 -121.03258 39.3268 -121.02837 39.32602 -121.01764 39.32468 -121.01583 39.32473 -121.01167 39.32477 -121.0087 39.32527 -121.00454 39.32577 -121.00098 39.32765 -120.99567 39.32995 -120.99274 39.32821 -120.98676 39.32917 -120.98202 39.33198 -120.97434 39.33158 -120.97018 39.3298 -120.96657 39.32757 -120.96355 39.32716 -120.96057 39.32946 -120.95764 39.3404 -120.95191 39.33593 -120.94646 39.33326 -120.94285 39.33375 -120.93929 39.3356 -120.93635 39.33701 -120.93221 39.33664 -120.92506 39.33944 -120.91739 39.33767 -120.91438 39.33501 -120.90897 39.33322 -120.90655 39.33281 -120.90238 39.33465 -120.90004 39.33603 -120.89828 39.33787 -120.89594 39.34018 -120.89241 39.34431 -120.88773 39.34489 -120.87643 39.34132 -120.87161 39.34004 -120.86385 39.34146 -120.85852 39.34422 -120.85501 39.34386 -120.84548 39.34574 -120.83957 39.34809 -120.83247 39.35091 -120.82301 39.35285 -120.81055 39.35699 -120.80466 39.36123 -120.78986 39.35855 -120.78565 39.35813 -120.78207 39.35682 -120.77729 39.35881 -120.76007 39.36022 -120.75534 39.36113 -120.75476</gml:posList></gml:LineString></georss:where></item><item><guid isPermaLink="false">4e0aee72-4b75-4b31-bad8-c21ef571257b</guid><a10:author><a10:name>Simon Hope</a10:name></a10:author><title /><description /><pubDate>Tue, 01 May 2012 21:57:27 +1000</pubDate><a10:link href="http://www.mapbutcher.com/" /><a10:rights type="text">Copyright 2011</a10:rights><a10:content type="text"></a10:content><a10:contributor><a10:name>mapbutcher@mapbutcher.com</a10:name></a10:contributor><georss:where><gml:LineString><gml:posList>39.28165 -122.72903 39.28892 -122.74602 39.28963 -122.75319 39.29729 -122.75532 39.3129 -122.76554 39.31799 -122.7616 39.32412 -122.7351 39.33338 -122.72778 39.33459 -122.71593 39.33703 -122.7095 39.33845 -122.70718 39.34282 -122.69606 39.34572 -122.68903 39.34765 -122.68436 39.34916 -122.67847 39.35125 -122.66785 39.35544 -122.66328 39.3565 -122.65736 39.36201 -122.65462 39.36606 -122.656 39.37014 -122.65617 39.37284 -122.65688 39.37612 -122.65286</gml:posList></gml:LineString></georss:where></item><item><guid isPermaLink="false">87f9e9b8-36c6-4dad-a2ff-2e45e6bc9cd5</guid><a10:author><a10:name>Simon Hope</a10:name></a10:author><title /><description /><pubDate>Tue, 01 May 2012 21:57:27 +1000</pubDate><a10:link href="http://www.mapbutcher.com/" /><a10:rights type="text">Copyright 2011</a10:rights><a10:content type="text"></a10:content><a10:contributor><a10:name>mapbutcher@mapbutcher.com</a10:name></a10:contributor><georss:where><gml:LineString><gml:posList>39.2959 -121.20847 39.29172 -121.2155 39.28307 -121.21827 39.2816 -121.22596 39.28457 -121.2409</gml:posList></gml:LineString></georss:where></item><item><guid isPermaLink="false">7e3a9bad-fea8-4410-a2a9-483db391a348</guid><a10:author><a10:name>Simon Hope</a10:name></a10:author><title /><description /><pubDate>Tue, 01 May 2012 21:57:27 +1000</pubDate><a10:link href="http://www.mapbutcher.com/" /><a10:rights type="text">Copyright 2011</a10:rights><a10:content type="text"></a10:content><a10:contributor><a10:name>mapbutcher@mapbutcher.com</a10:name></a10:contributor><georss:where><gml:LineString><gml:posList>39.29543 -123.53278 39.2978 -123.54362 39.30181 -123.54563 39.30074 -123.55093 39.29556 -123.55659 39.29686 -123.55845 39.29441 -123.56426 39.30144 -123.57121 39.30205 -123.58016 39.31005 -123.58537 39.30991 -123.58953 39.30936 -123.59248 39.30915 -123.59901 39.312 -123.6087 39.31791 -123.60844 39.31726 -123.61435 39.31214 -123.61823 39.31248 -123.62181 39.31472 -123.62254 39.31758 -123.63223 39.32565 -123.63506 39.32343 -123.64744 39.31502 -123.64101 39.3083 -123.63824 39.30649 -123.63814 39.30588 -123.64286 39.30572 -123.64761 39.30324 -123.65401 39.30619 -123.66074 39.31106 -123.66459 39.31407 -123.66953 39.31521 -123.67613 39.3178 -123.67986 39.3195 -123.68353 39.31388 -123.68855 39.3115 -123.69199 39.30638 -123.69585 39.30898 -123.69958 39.31313 -123.71113 39.31033 -123.71335 39.30649 -123.70598 39.30155 -123.70451 39.2971 -123.70187 39.29278 -123.69566 39.28933 -123.69011 39.28618 -123.68933 39.28431 -123.69101 39.28236 -123.69506 39.28086 -123.69914 39.28299 -123.70343 39.28558 -123.70715 39.28461 -123.70888 39.28365 -123.7106 39.28176 -123.71288 39.28207 -123.71706 39.28735 -123.72212 39.29169 -123.72774 39.29931 -123.73056 39.29781 -123.73463 39.29143 -123.73545 39.28947 -123.7395 39.2938 -123.7457 39.29935 -123.75615 39.29904 -123.76506 39.30118 -123.76875 39.30249 -123.78371 39.30006 -123.78833</gml:posList></gml:LineString></georss:where></item><item><guid isPermaLink="false">b22780e9-1c2a-45f1-b69c-a8a5526d404f</guid><a10:author><a10:name>Simon Hope</a10:name></a10:author><title /><description /><pubDate>Tue, 01 May 2012 21:57:27 +1000</pubDate><a10:link href="http://www.mapbutcher.com/" /><a10:rights type="text">Copyright 2011</a10:rights><a10:content type="text"></a10:content><a10:contributor><a10:name>mapbutcher@mapbutcher.com</a10:name></a10:contributor><georss:where><gml:LineString><gml:posList>39.27805 -120.93401 39.27128 -120.9315</gml:posList></gml:LineString></georss:where></item><item><guid isPermaLink="false">176e8b40-1dee-4c11-8b9d-a2536dbd46b2</guid><a10:author><a10:name>Simon Hope</a10:name></a10:author><title /><description /><pubDate>Tue, 01 May 2012 21:57:27 +1000</pubDate><a10:link href="http://www.mapbutcher.com/" /><a10:rights type="text">Copyright 2011</a10:rights><a10:content type="text"></a10:content><a10:contributor><a10:name>mapbutcher@mapbutcher.com</a10:name></a10:contributor><georss:where><gml:LineString><gml:posList>39.38535 -122.36385 39.38324 -122.37687 39.37677 -122.38197 39.37529 -122.38727 39.36938 -122.38763 39.36826 -122.39711 39.35872 -122.39792 39.35501 -122.40134 39.34902 -122.40527 39.34713 -122.40876 39.33896 -122.40903 39.33662 -122.41191 39.33246 -122.41531 39.32594 -122.42278 39.32137 -122.42439 39.31402 -122.42825 39.30549 -122.42434 39.2997 -122.41994 39.29074 -122.41541 39.28051 -122.40668 39.26425 -122.40424</gml:posList></gml:LineString></georss:where></item><item><guid isPermaLink="false">81f1985e-413b-4e67-861d-7ed17801f809</guid><a10:author><a10:name>Simon Hope</a10:name></a10:author><title /><description /><pubDate>Tue, 01 May 2012 21:57:27 +1000</pubDate><a10:link href="http://www.mapbutcher.com/" /><a10:rights type="text">Copyright 2011</a10:rights><a10:content type="text"></a10:content><a10:contributor><a10:name>mapbutcher@mapbutcher.com</a10:name></a10:contributor><georss:where><gml:LineString><gml:posList>39.34064 -122.08537 39.3234 -122.08593 39.30997 -122.07772 39.28641 -122.07688 39.27628 -122.08425 39.2688 -122.09528 39.26375 -122.09808</gml:posList></gml:LineString></georss:where></item><item><guid isPermaLink="false">31d41868-03d5-499f-a282-b8fe727c41d5</guid><a10:author><a10:name>Simon Hope</a10:name></a10:author><title /><description /><pubDate>Tue, 01 May 2012 21:57:27 +1000</pubDate><a10:link href="http://www.mapbutcher.com/" /><a10:rights type="text">Copyright 2011</a10:rights><a10:content type="text"></a10:content><a10:contributor><a10:name>mapbutcher@mapbutcher.com</a10:name></a10:contributor><georss:where><gml:LineString><gml:posList>39.26375 -122.09808 39.26632 -122.1053 39.27765 -122.10571 39.28572 -122.11015 39.29284 -122.11636 39.29593 -122.12064 39.29808 -122.12607 39.30016 -122.13506 39.30184 -122.14108 39.30175 -122.14523 39.30211 -122.15001 39.30292 -122.1542 39.30461 -122.16021 39.29938 -122.17132</gml:posList></gml:LineString></georss:where></item><item><guid isPermaLink="false">aa06148c-c6cb-4fcb-b31a-794a4f90ddc0</guid><a10:author><a10:name>Simon Hope</a10:name></a10:author><title /><description /><pubDate>Tue, 01 May 2012 21:57:27 +1000</pubDate><a10:link href="http://www.mapbutcher.com/" /><a10:rights type="text">Copyright 2011</a10:rights><a10:content type="text"></a10:content><a10:contributor><a10:name>mapbutcher@mapbutcher.com</a10:name></a10:contributor><georss:where><gml:LineString><gml:posList>39.25376 -123.20937 39.26369 -123.21107 39.27738 -123.2082 39.29861 -123.21107 39.31502 -123.22381 39.34036 -123.22572 39.35555 -123.23364 39.37177 -123.23746 39.37637 -123.23531 39.38126 -123.23854</gml:posList></gml:LineString></georss:where></item><item><guid isPermaLink="false">4ea99863-0b98-4c34-af27-4cb4b5a1bb56</guid><a10:author><a10:name>Simon Hope</a10:name></a10:author><title /><description /><pubDate>Tue, 01 May 2012 21:57:27 +1000</pubDate><a10:link href="http://www.mapbutcher.com/" /><a10:rights type="text">Copyright 2011</a10:rights><a10:content type="text"></a10:content><a10:contributor><a10:name>mapbutcher@mapbutcher.com</a10:name></a10:contributor><georss:where><gml:LineString><gml:posList>39.25376 -123.20937 39.25612 -123.22138 39.25685 -123.22736 39.25934 -123.23522 39.26492 -123.24562 39.26916 -123.25536 39.27304 -123.2621 39.27741 -123.26768 39.2818 -123.27267 39.28531 -123.27642 39.28878 -123.28195 39.29084 -123.28861 39.29285 -123.29704 39.29631 -123.30258 39.30209 -123.30645 39.30566 -123.30843 39.31193 -123.31113 39.31571 -123.32085 39.31942 -123.33295 39.32631 -123.34522 39.33375 -123.35395 39.33983 -123.36261 39.34555 -123.36827 39.34807 -123.37495 39.34839 -123.37914 39.34913 -123.38454</gml:posList></gml:LineString></georss:where></item><item><guid isPermaLink="false">93456433-7e9c-484e-b5fc-2ede133193cd</guid><a10:author><a10:name>Simon Hope</a10:name></a10:author><title /><description /><pubDate>Tue, 01 May 2012 21:57:27 +1000</pubDate><a10:link href="http://www.mapbutcher.com/" /><a10:rights type="text">Copyright 2011</a10:rights><a10:content type="text"></a10:content><a10:contributor><a10:name>mapbutcher@mapbutcher.com</a10:name></a10:contributor><georss:where><gml:LineString><gml:posList>39.2715 -122.71788 39.26612 -122.69802 39.26603 -122.66591 39.25919 -122.64956 39.25269 -122.61955 39.25196 -122.6124 39.25727 -122.59954 39.26427 -122.59151 39.27101 -122.59418 39.27705 -122.58849 39.28264 -122.58219 39.28831 -122.57292 39.28905 -122.56165 39.29476 -122.55059 39.29804 -122.52753 39.30938 -122.52741 39.31441 -122.52583 39.32391 -122.52682 39.33034 -122.52353</gml:posList></gml:LineString></georss:where></item><item><guid isPermaLink="false">0a51e0ef-7db6-4466-afe0-0aafe37399b1</guid><a10:author><a10:name>Simon Hope</a10:name></a10:author><title /><description /><pubDate>Tue, 01 May 2012 21:57:27 +1000</pubDate><a10:link href="http://www.mapbutcher.com/" /><a10:rights type="text">Copyright 2011</a10:rights><a10:content type="text"></a10:content><a10:contributor><a10:name>mapbutcher@mapbutcher.com</a10:name></a10:contributor><georss:where><gml:LineString><gml:posList>39.23919 -121.27605 39.23837 -121.27009</gml:posList></gml:LineString></georss:where></item><item><guid isPermaLink="false">596616c6-deca-44ce-97ab-bef1c4e77316</guid><a10:author><a10:name>Simon Hope</a10:name></a10:author><title /><description /><pubDate>Tue, 01 May 2012 21:57:27 +1000</pubDate><a10:link href="http://www.mapbutcher.com/" /><a10:rights type="text">Copyright 2011</a10:rights><a10:content type="text"></a10:content><a10:contributor><a10:name>mapbutcher@mapbutcher.com</a10:name></a10:contributor><georss:where><gml:LineString><gml:posList>39.23837 -121.27009 39.23757 -121.26294</gml:posList></gml:LineString></georss:where></item><item><guid isPermaLink="false">e9e4bee8-7431-47ca-a43d-54cbad5f0422</guid><a10:author><a10:name>Simon Hope</a10:name></a10:author><title /><description /><pubDate>Tue, 01 May 2012 21:57:27 +1000</pubDate><a10:link href="http://www.mapbutcher.com/" /><a10:rights type="text">Copyright 2011</a10:rights><a10:content type="text"></a10:content><a10:contributor><a10:name>mapbutcher@mapbutcher.com</a10:name></a10:contributor><georss:where><gml:LineString><gml:posList>39.23837 -121.27009 39.23564 -121.27061 39.23243 -121.27351 39.22872 -121.27936 39.22776 -121.28289</gml:posList></gml:LineString></georss:where></item><item><guid isPermaLink="false">4f1968bd-478a-4f9c-9f10-373435ed3481</guid><a10:author><a10:name>Simon Hope</a10:name></a10:author><title /><description /><pubDate>Tue, 01 May 2012 21:57:27 +1000</pubDate><a10:link href="http://www.mapbutcher.com/" /><a10:rights type="text">Copyright 2011</a10:rights><a10:content type="text"></a10:content><a10:contributor><a10:name>mapbutcher@mapbutcher.com</a10:name></a10:contributor><georss:where><gml:LineString><gml:posList>39.22467 -123.34577 39.22817 -123.35012 39.22586 -123.36604 39.23156 -123.3723 39.23463 -123.39029 39.23341 -123.40034 39.24421 -123.41756 39.24212 -123.42637 39.23195 -123.44662 39.2309 -123.45132 39.22892 -123.45656 39.22812 -123.46722 39.23508 -123.47652 39.23842 -123.48562 39.24312 -123.4948 39.24935 -123.4987 39.255 -123.50616 39.25999 -123.50643 39.26587 -123.50675 39.27048 -123.50463 39.27214 -123.50948 39.26781 -123.51698 39.27268 -123.52081 39.27963 -123.51644 39.28512 -123.51496 39.28648 -123.51504 39.28817 -123.5187 39.28802 -123.52345 39.29237 -123.52905 39.29543 -123.53278</gml:posList></gml:LineString></georss:where></item><item><guid isPermaLink="false">7fdd278e-d297-4401-8e19-cfa2152cdc24</guid><a10:author><a10:name>Simon Hope</a10:name></a10:author><title /><description /><pubDate>Tue, 01 May 2012 21:57:27 +1000</pubDate><a10:link href="http://www.mapbutcher.com/" /><a10:rights type="text">Copyright 2011</a10:rights><a10:content type="text"></a10:content><a10:contributor><a10:name>mapbutcher@mapbutcher.com</a10:name></a10:contributor><georss:where><gml:LineString><gml:posList>39.27128 -120.9315 39.26979 -120.94336 39.26687 -120.95995 39.26619 -120.97895 39.26508 -120.99616 39.26223 -121.0068 39.25941 -121.01506 39.25785 -121.03167 39.25256 -121.05651 39.2492 -121.0707 39.24587 -121.08311 39.24078 -121.09131 39.24025 -121.09783 39.24422 -121.10564 39.24407 -121.11752 39.24286 -121.14127 39.24447 -121.15616 39.24205 -121.16739 39.23922 -121.17564 39.23722 -121.18986 39.2348 -121.20109 39.23694 -121.21005 39.23225 -121.22182 39.23025 -121.23484 39.22972 -121.24077 39.22783 -121.24607 39.22735 -121.24784 39.22197 -121.27563</gml:posList></gml:LineString></georss:where></item><item><guid isPermaLink="false">45dc9107-3834-4cf8-b37b-394cd21e36a9</guid><a10:author><a10:name>Simon Hope</a10:name></a10:author><title /><description /><pubDate>Tue, 01 May 2012 21:57:27 +1000</pubDate><a10:link href="http://www.mapbutcher.com/" /><a10:rights type="text">Copyright 2011</a10:rights><a10:content type="text"></a10:content><a10:contributor><a10:name>mapbutcher@mapbutcher.com</a10:name></a10:contributor><georss:where><gml:LineString><gml:posList>39.22197 -121.27563 39.22329 -121.27863 39.22776 -121.28289</gml:posList></gml:LineString></georss:where></item><item><guid isPermaLink="false">cdb26a78-6b05-4521-9e01-829e775c4faf</guid><a10:author><a10:name>Simon Hope</a10:name></a10:author><title /><description /><pubDate>Tue, 01 May 2012 21:57:27 +1000</pubDate><a10:link href="http://www.mapbutcher.com/" /><a10:rights type="text">Copyright 2011</a10:rights><a10:content type="text"></a10:content><a10:contributor><a10:name>mapbutcher@mapbutcher.com</a10:name></a10:contributor><georss:where><gml:LineString><gml:posList>39.22776 -121.28289 39.22537 -121.29175 39.21706 -121.30164 39.21613 -121.3034 39.21828 -121.31117 39.22785 -121.30844 39.22911 -121.315 39.23085 -121.3204 39.23077 -121.32574 39.21667 -121.32895 39.21727 -121.34975 39.22035 -121.35578 39.21523 -121.36456 39.21814 -121.38245 39.21568 -121.39486 39.21596 -121.40615 39.21221 -121.41437 39.21215 -121.41793</gml:posList></gml:LineString></georss:where></item><item><guid isPermaLink="false">f0afd702-e2f3-4964-bcc6-3f50a0673876</guid><a10:author><a10:name>Simon Hope</a10:name></a10:author><title /><description /><pubDate>Tue, 01 May 2012 21:57:27 +1000</pubDate><a10:link href="http://www.mapbutcher.com/" /><a10:rights type="text">Copyright 2011</a10:rights><a10:content type="text"></a10:content><a10:contributor><a10:name>mapbutcher@mapbutcher.com</a10:name></a10:contributor><georss:where><gml:LineString><gml:posList>39.31398 -121.30822 39.30142 -121.29958 39.29366 -121.30295 39.28411 -121.30508 39.28045 -121.30737 39.27629 -121.31322 39.27073 -121.32081 39.2661 -121.32783 39.26284 -121.33369 39.25822 -121.33952 39.25315 -121.34532 39.24942 -121.35177 39.2458 -121.35168 39.24302 -121.35577 39.23881 -121.36456 39.2369 -121.37046 39.23594 -121.3746 39.23584 -121.38053 39.23985 -121.38538 39.24202 -121.39198 39.23246 -121.3947 39.22925 -121.397 39.22642 -121.40405 39.2223 -121.40691 39.21767 -121.41332 39.21215 -121.41793</gml:posList></gml:LineString></georss:where></item><item><guid isPermaLink="false">61c80312-7aee-483a-8ba9-237056e6dba6</guid><a10:author><a10:name>Simon Hope</a10:name></a10:author><title /><description /><pubDate>Tue, 01 May 2012 21:57:27 +1000</pubDate><a10:link href="http://www.mapbutcher.com/" /><a10:rights type="text">Copyright 2011</a10:rights><a10:content type="text"></a10:content><a10:contributor><a10:name>mapbutcher@mapbutcher.com</a10:name></a10:contributor><georss:where><gml:LineString><gml:posList>39.20217 -122.07211 39.21541 -122.08981 39.23401 -122.08928 39.2511 -122.09583 39.26375 -122.09808</gml:posList></gml:LineString></georss:where></item><item><guid isPermaLink="false">faf1b92c-adee-4474-affb-e677314a07fa</guid><a10:author><a10:name>Simon Hope</a10:name></a10:author><title /><description /><pubDate>Tue, 01 May 2012 21:57:27 +1000</pubDate><a10:link href="http://www.mapbutcher.com/" /><a10:rights type="text">Copyright 2011</a10:rights><a10:content type="text"></a10:content><a10:contributor><a10:name>mapbutcher@mapbutcher.com</a10:name></a10:contributor><georss:where><gml:LineString><gml:posList>39.20636 -123.18615 39.2001 -123.18345</gml:posList></gml:LineString></georss:where></item><item><guid isPermaLink="false">26cef344-d541-4455-a748-c808cd781a86</guid><a10:author><a10:name>Simon Hope</a10:name></a10:author><title /><description /><pubDate>Tue, 01 May 2012 21:57:27 +1000</pubDate><a10:link href="http://www.mapbutcher.com/" /><a10:rights type="text">Copyright 2011</a10:rights><a10:content type="text"></a10:content><a10:contributor><a10:name>mapbutcher@mapbutcher.com</a10:name></a10:contributor><georss:where><gml:LineString><gml:posList>39.28681 -121.92111 39.2768 -121.92316 39.26336 -121.93816 39.25418 -121.94379 39.24825 -121.94538 39.23652 -121.9426 39.22887 -121.93938 39.22484 -121.93687 39.21898 -121.93549 39.2154 -121.93299 39.21004 -121.92865 39.20553 -121.92731 39.20102 -121.92597 39.19599 -121.92818 39.19266 -121.93638</gml:posList></gml:LineString></georss:where></item><item><guid isPermaLink="false">88d9d4ec-381e-49fc-8f3e-68324df12bd4</guid><a10:author><a10:name>Simon Hope</a10:name></a10:author><title /><description /><pubDate>Tue, 01 May 2012 21:57:27 +1000</pubDate><a10:link href="http://www.mapbutcher.com/" /><a10:rights type="text">Copyright 2011</a10:rights><a10:content type="text"></a10:content><a10:contributor><a10:name>mapbutcher@mapbutcher.com</a10:name></a10:contributor><georss:where><gml:LineString><gml:posList>39.2001 -123.18345 39.19153 -123.18183</gml:posList></gml:LineString></georss:where></item><item><guid isPermaLink="false">0d1a4358-7b62-4f9d-a1f2-8895f2a133a7</guid><a10:author><a10:name>Simon Hope</a10:name></a10:author><title /><description /><pubDate>Tue, 01 May 2012 21:57:27 +1000</pubDate><a10:link href="http://www.mapbutcher.com/" /><a10:rights type="text">Copyright 2011</a10:rights><a10:content type="text"></a10:content><a10:contributor><a10:name>mapbutcher@mapbutcher.com</a10:name></a10:contributor><georss:where><gml:LineString><gml:posList>39.19266 -121.93638 39.19698 -121.94722 39.19189 -121.95238 39.1886 -121.95821 39.18529 -121.96523 39.1847 -121.97234 39.18683 -121.97894 39.19117 -121.98859 39.19936 -121.98708 39.2044 -121.98488 39.20794 -121.98916 39.21197 -121.99168 39.2128 -121.99527 39.21479 -122.009 39.21879 -122.01329 39.2216 -122.00864 39.22659 -122.00881 39.23037 -122.00122 39.23402 -122.00015 39.2384 -122.00744 39.24528 -122.00352 39.24892 -122.00304 39.25295 -122.00556 39.25735 -122.01225 39.26021 -122.00522 39.26165 -122.00111 39.2653 -122.00005 39.26845 -122.00134 39.27151 -122.0068 39.2677 -122.01617 39.27076 -122.02164 39.27756 -122.02187 39.28537 -122.01679 39.2976 -122.01722 39.29967 -122.0274 39.30594 -122.03119 39.30738 -122.02708 39.30841 -122.02116 39.31113 -122.02126 39.31655 -122.02204 39.32281 -122.02642 39.32463 -122.02589 39.32692 -122.02478 39.32828 -122.02483 39.33421 -122.02325 39.33876 -122.02222 39.34241 -122.02116 39.34476 -122.01707 39.34891 -122.01364 39.35395 -122.01084 39.35628 -122.00795 39.35859 -122.00624 39.36404 -122.00524 39.36946 -122.00662 39.37265 -122.00554 39.37722 -122.00391 39.38627 -122.00482 39.38948 -122.00314 39.3945 -122.00153 39.39906 -122.0005 39.40899 -122.00263 39.41306 -122.00336 39.42027 -122.0054 39.42477 -122.00675 39.42574 -122.0038 39.42578 -122.00201 39.42581 -122.00023 39.43038 -121.9986 39.43531 -122.00175 39.44539 -121.99614 39.45583 -121.9959 39.46761 -121.99631 39.47218 -121.99468 39.47718 -121.99366 39.47934 -121.9991 39.48755 -121.997 39.4943 -121.99962 39.50024 -121.99744 39.51077 -121.99243 39.51818 -122.007 39.52227 -122.00655 39.52369 -122.00362 39.52327 -122.00182 39.52243 -121.9988 39.52213 -121.99104 39.52218 -121.98865 39.52771 -121.98407 39.53135 -121.9836 39.53577 -121.98912 39.53888 -121.99221 39.54198 -121.9959 39.54739 -121.99788 39.55278 -122.00046 39.55642 -121.99998 39.56102 -121.99657 39.56611 -121.99137 39.57499 -122.00063 39.57908 -122.00018 39.58095 -121.99725 39.58328 -121.99435 39.58782 -121.99391 39.59506 -121.99476 39.60232 -121.99441 39.60509 -121.99211 39.60744 -121.98801 39.61073 -121.98215 39.61352 -121.97867 39.61806 -121.97823 39.62206 -121.98254 39.63002 -121.99238 39.63778 -121.99026 39.64278 -121.98923 39.64652 -121.98399 39.64614 -121.97979 39.64764 -121.97327 39.64911 -121.96735 39.65097 -121.96502 39.65682 -121.96761 39.66079 -121.97312 39.66154 -121.98092 39.66233 -121.98692 39.66352 -121.99533 39.66621 -121.99722 39.66893 -121.99731 39.67077 -121.99558 39.67171 -121.99382 39.67331 -121.98192 39.67435 -121.97538 39.67765 -121.96892 39.67686 -121.96291 39.67928 -121.95522 39.68251 -121.95235 39.68563 -121.95544 39.68924 -121.95616</gml:posList></gml:LineString></georss:where></item><item><guid isPermaLink="false">d930977a-7107-491c-aaf3-3c1d890d448a</guid><a10:author><a10:name>Simon Hope</a10:name></a10:author><title /><description /><pubDate>Tue, 01 May 2012 21:57:27 +1000</pubDate><a10:link href="http://www.mapbutcher.com/" /><a10:rights type="text">Copyright 2011</a10:rights><a10:content type="text"></a10:content><a10:contributor><a10:name>mapbutcher@mapbutcher.com</a10:name></a10:contributor><georss:where><gml:LineString><gml:posList>39.30235 -120.69368 39.29771 -120.7049 39.29449 -120.70901 39.29125 -120.71609 39.28844 -120.72615 39.28658 -120.73087 39.28152 -120.73733 39.27646 -120.74556 39.26501 -120.75725 39.26359 -120.76257 39.25994 -120.76548 39.2558 -120.77135 39.25391 -120.77844 39.2429 -120.79073 39.23967 -120.79602 39.23508 -120.80188 39.23228 -120.80956 39.22809 -120.82017 39.22577 -120.82488 39.22347 -120.8278 39.22117 -120.83133 39.21518 -120.84013 39.21051 -120.8531 39.2014 -120.8565 39.19503 -120.85875 39.19092 -120.86224 39.18316 -120.86684 39.17844 -120.88396 39.17703 -120.88809 39.17558 -120.89578 39.17595 -120.9041 39.17229 -120.9064</gml:posList></gml:LineString></georss:where></item><item><guid isPermaLink="false">cb2c6f2a-bc19-419d-8915-285286f60881</guid><a10:author><a10:name>Simon Hope</a10:name></a10:author><title /><description /><pubDate>Tue, 01 May 2012 21:57:27 +1000</pubDate><a10:link href="http://www.mapbutcher.com/" /><a10:rights type="text">Copyright 2011</a10:rights><a10:content type="text"></a10:content><a10:contributor><a10:name>mapbutcher@mapbutcher.com</a10:name></a10:contributor><georss:where><gml:LineString><gml:posList>39.16634 -120.14368 39.16175 -120.15551 39.163 -120.1751 39.16568 -120.18285 39.16927 -120.18882 39.1801 -120.19842 39.19097 -120.2003 39.20139 -120.19981 39.20775 -120.19809 39.21453 -120.19994 39.21996 -120.20177 39.23175 -120.20188 39.23944 -120.20374 39.25665 -120.20807 39.26845 -120.20462 39.27978 -120.20532 39.29565 -120.20369 39.30291 -120.20377 39.31154 -120.20087 39.31746 -120.19439 39.32297 -120.18195 39.32722 -120.14988 39.33548 -120.13092 39.33869 -120.12381 39.34461 -120.1191 39.34915 -120.11676 39.35547 -120.12276 39.35815 -120.13112 39.36407 -120.12521 39.36319 -120.11926 39.36366 -120.1151 39.37044 -120.12051 39.37453 -120.11757 39.37412 -120.10805 39.37642 -120.10211 39.38053 -120.09501 39.38283 -120.08848 39.37969 -120.0819 39.37561 -120.08068 39.37154 -120.08006 39.36701 -120.07823 39.36249 -120.07581 39.36297 -120.07106 39.36388 -120.06928 39.36571 -120.06573 39.36618 -120.06156 39.36621 -120.05621 39.36441 -120.05203 39.36444 -120.04608 39.36673 -120.03955 39.36902 -120.03481 39.37446 -120.03544 39.37948 -120.02596 39.38674 -120.02482 39.3949 -120.02547 39.39943 -120.0261 39.40441 -120.02614 39.4103 -120.02856 39.4234 -120.03699 39.43158 -120.03288 39.44025 -120.02103 39.44346 -120.01093 39.44847 -120.0062 39.45617 -120.00626 39.45925 -120.00401 39.46118 -120.00259</gml:posList></gml:LineString></georss:where></item><item><guid isPermaLink="false">4d2fe7c8-71b4-460e-98e8-e1384f24513a</guid><a10:author><a10:name>Simon Hope</a10:name></a10:author><title /><description /><pubDate>Tue, 01 May 2012 21:57:28 +1000</pubDate><a10:link href="http://www.mapbutcher.com/" /><a10:rights type="text">Copyright 2011</a10:rights><a10:content type="text"></a10:content><a10:contributor><a10:name>mapbutcher@mapbutcher.com</a10:name></a10:contributor><georss:where><gml:LineString><gml:posList>39.15443 -123.64075 39.16338 -123.64423 39.16053 -123.64822 39.1594 -123.65469 39.16456 -123.66331 39.16899 -123.66653 39.17131 -123.67854 39.17652 -123.68538 39.17402 -123.69236 39.17781 -123.7009 39.17525 -123.70966 39.17997 -123.71766 39.18605 -123.72574 39.18624 -123.73347 39.19081 -123.73255 39.19118 -123.73495 39.19015 -123.73846 39.19565 -123.75007 39.19543 -123.7566 39.19305 -123.76002 39.19126 -123.76258 39.19066 -123.76344</gml:posList></gml:LineString></georss:where></item><item><guid isPermaLink="false">9b478610-94ba-408e-a614-b777726f26af</guid><a10:author><a10:name>Simon Hope</a10:name></a10:author><title /><description /><pubDate>Tue, 01 May 2012 21:57:28 +1000</pubDate><a10:link href="http://www.mapbutcher.com/" /><a10:rights type="text">Copyright 2011</a10:rights><a10:content type="text"></a10:content><a10:contributor><a10:name>mapbutcher@mapbutcher.com</a10:name></a10:contributor><georss:where><gml:LineString><gml:posList>39.16978 -123.56025 39.16679 -123.5684 39.16273 -123.56757 39.15868 -123.56676 39.1549 -123.5713 39.15678 -123.58327 39.15235 -123.59372 39.15495 -123.59743 39.15429 -123.60392 39.15322 -123.60861 39.15214 -123.6139 39.15245 -123.61807 39.15443 -123.64075</gml:posList></gml:LineString></georss:where></item><item><guid isPermaLink="false">a3bf4275-6a4a-42a2-9f21-a513a22e5bbc</guid><a10:author><a10:name>Simon Hope</a10:name></a10:author><title /><description /><pubDate>Tue, 01 May 2012 21:57:28 +1000</pubDate><a10:link href="http://www.mapbutcher.com/" /><a10:rights type="text">Copyright 2011</a10:rights><a10:content type="text"></a10:content><a10:contributor><a10:name>mapbutcher@mapbutcher.com</a10:name></a10:contributor><georss:where><gml:LineString><gml:posList>39.14513 -123.38015 39.14491 -123.38727 39.14788 -123.39396 39.15041 -123.40003 39.15384 -123.40615 39.15554 -123.40981 39.15634 -123.41341 39.15659 -123.41996 39.15321 -123.42631 39.15025 -123.43387 39.1491 -123.44153 39.15031 -123.44634 39.15285 -123.45182 39.15503 -123.45491 39.15627 -123.45854 39.15446 -123.47269 39.1534 -123.47739 39.16125 -123.48732 39.16374 -123.49458 39.16492 -123.49999 39.16283 -123.50879 39.16352 -123.51536 39.16384 -123.51953 39.16633 -123.52679 39.16659 -123.53275 39.16598 -123.53747 39.16545 -123.53982 39.16351 -123.54386 39.16471 -123.54868 39.1672 -123.55595 39.16978 -123.56025</gml:posList></gml:LineString></georss:where></item><item><guid isPermaLink="false">97433a38-dfc3-44a6-8997-d1cfc954c481</guid><a10:author><a10:name>Simon Hope</a10:name></a10:author><title /><description /><pubDate>Tue, 01 May 2012 21:57:28 +1000</pubDate><a10:link href="http://www.mapbutcher.com/" /><a10:rights type="text">Copyright 2011</a10:rights><a10:content type="text"></a10:content><a10:contributor><a10:name>mapbutcher@mapbutcher.com</a10:name></a10:contributor><georss:where><gml:LineString><gml:posList>39.20217 -122.07211 39.19847 -122.09752 39.19501 -122.11105 39.17748 -122.14664 39.16804 -122.1641 39.14156 -122.19398 39.14153 -122.21594</gml:posList></gml:LineString></georss:where></item><item><guid isPermaLink="false">f7af4481-0546-4975-96c9-320fc14b7b67</guid><a10:author><a10:name>Simon Hope</a10:name></a10:author><title /><description /><pubDate>Tue, 01 May 2012 21:57:28 +1000</pubDate><a10:link href="http://www.mapbutcher.com/" /><a10:rights type="text">Copyright 2011</a10:rights><a10:content type="text"></a10:content><a10:contributor><a10:name>mapbutcher@mapbutcher.com</a10:name></a10:contributor><georss:where><gml:LineString><gml:posList>39.32707 -122.23302 39.31579 -122.23022 39.30988 -122.23119 39.30387 -122.23631 39.29699 -122.23962 39.29152 -122.2412 39.28875 -122.24348 39.28299 -122.2373 39.27758 -122.23592 39.27253 -122.23869 39.26844 -122.23914 39.26431 -122.24136 39.26056 -122.24716 39.2542 -122.24751 39.24649 -122.24722 39.24011 -122.24876 39.23509 -122.25036 39.2264 -122.25359 39.21999 -122.25632 39.21502 -122.25554 39.20916 -122.25413 39.19821 -122.25727 39.19282 -122.25469 39.18608 -122.25206 39.17947 -122.2435 39.17387 -122.22962 39.1676 -122.22642 39.16148 -122.21609 39.15553 -122.21825 39.14734 -122.21973 39.14153 -122.21594</gml:posList></gml:LineString></georss:where></item><item><guid isPermaLink="false">a7da90f1-8aa5-4899-9aa8-5d39bdbb24f8</guid><a10:author><a10:name>Simon Hope</a10:name></a10:author><title /><description /><pubDate>Tue, 01 May 2012 21:57:28 +1000</pubDate><a10:link href="http://www.mapbutcher.com/" /><a10:rights type="text">Copyright 2011</a10:rights><a10:content type="text"></a10:content><a10:contributor><a10:name>mapbutcher@mapbutcher.com</a10:name></a10:contributor><georss:where><gml:LineString><gml:posList>39.19 -120.28577 39.18904 -120.29467 39.19078 -120.30597 39.1874 -120.3368 39.18775 -120.35283 39.1904 -120.36176 39.1899 -120.37007 39.18485 -120.37772 39.1794 -120.37944 39.16798 -120.39176 39.15298 -120.39751 39.14524 -120.40335 39.14201 -120.40984 39.13747 -120.41156</gml:posList></gml:LineString></georss:where></item><item><guid isPermaLink="false">b79adbbc-b067-429b-a4ef-5ee5354db56b</guid><a10:author><a10:name>Simon Hope</a10:name></a10:author><title /><description /><pubDate>Tue, 01 May 2012 21:57:28 +1000</pubDate><a10:link href="http://www.mapbutcher.com/" /><a10:rights type="text">Copyright 2011</a10:rights><a10:content type="text"></a10:content><a10:contributor><a10:name>mapbutcher@mapbutcher.com</a10:name></a10:contributor><georss:where><gml:LineString><gml:posList>39.13548 -120.95374 39.13726 -120.95674</gml:posList></gml:LineString></georss:where></item><item><guid isPermaLink="false">de18bdd1-f682-43d9-b2b2-cd05524634e4</guid><a10:author><a10:name>Simon Hope</a10:name></a10:author><title /><description /><pubDate>Tue, 01 May 2012 21:57:28 +1000</pubDate><a10:link href="http://www.mapbutcher.com/" /><a10:rights type="text">Copyright 2011</a10:rights><a10:content type="text"></a10:content><a10:contributor><a10:name>mapbutcher@mapbutcher.com</a10:name></a10:contributor><georss:where><gml:LineString><gml:posList>39.1337 -120.95133 39.13548 -120.95374</gml:posList></gml:LineString></georss:where></item><item><guid isPermaLink="false">11997840-33d6-4707-ae9c-c9a90377bc84</guid><a10:author><a10:name>Simon Hope</a10:name></a10:author><title /><description /><pubDate>Tue, 01 May 2012 21:57:28 +1000</pubDate><a10:link href="http://www.mapbutcher.com/" /><a10:rights type="text">Copyright 2011</a10:rights><a10:content type="text"></a10:content><a10:contributor><a10:name>mapbutcher@mapbutcher.com</a10:name></a10:contributor><georss:where><gml:LineString><gml:posList>39.21215 -121.41793 39.21201 -121.42742 39.20959 -121.43687 39.20632 -121.44331 39.20304 -121.45035 39.20204 -121.45625 39.19965 -121.46391 39.19684 -121.46977 39.19311 -121.4762 39.19071 -121.48445 39.18512 -121.4938 39.18275 -121.50026 39.1817 -121.50914 39.18018 -121.51919 39.17648 -121.52383 39.17141 -121.52904 39.16726 -121.53307 39.16542 -121.53481 39.16354 -121.53891 39.16255 -121.54362 39.16331 -121.55255 39.15599 -121.5565 39.15091 -121.56229 39.1485 -121.57112 39.14615 -121.5758 39.138 -121.57497 39.13332 -121.58434 39.12943 -121.59965</gml:posList></gml:LineString></georss:where></item><item><guid isPermaLink="false">dfe9e0aa-532c-4faa-9842-e9ab49d79ab1</guid><a10:author><a10:name>Simon Hope</a10:name></a10:author><title /><description /><pubDate>Tue, 01 May 2012 21:57:28 +1000</pubDate><a10:link href="http://www.mapbutcher.com/" /><a10:rights type="text">Copyright 2011</a10:rights><a10:content type="text"></a10:content><a10:contributor><a10:name>mapbutcher@mapbutcher.com</a10:name></a10:contributor><georss:where><gml:LineString><gml:posList>39.29493 -121.62526 39.28894 -121.63103 39.28037 -121.6284 39.27726 -121.62415 39.27414 -121.62109 39.2714 -121.62219 39.27126 -121.63051 39.26719 -121.62979 39.2637 -121.62196 39.2596 -121.62304 39.25907 -121.62778 39.25987 -121.63374 39.25082 -121.63288 39.24399 -121.63446 39.2296 -121.6275 39.22979 -121.61621 39.22027 -121.61653 39.21488 -121.6134 39.21071 -121.61863 39.20334 -121.62553 39.19479 -121.62173 39.19178 -121.61273 39.18675 -121.61496 39.18399 -121.61726 39.17858 -121.61532 39.17592 -121.61168 39.17323 -121.61041 39.16682 -121.61378 39.15874 -121.6088 39.15514 -121.60751 39.15379 -121.60688 39.15017 -121.60618 39.14609 -121.60665 39.14067 -121.60531 39.13528 -121.60219 39.12943 -121.59965</gml:posList></gml:LineString></georss:where></item><item><guid isPermaLink="false">0bc4a853-d2f6-49d8-8649-000a8ae8aa38</guid><a10:author><a10:name>Simon Hope</a10:name></a10:author><title /><description /><pubDate>Tue, 01 May 2012 21:57:28 +1000</pubDate><a10:link href="http://www.mapbutcher.com/" /><a10:rights type="text">Copyright 2011</a10:rights><a10:content type="text"></a10:content><a10:contributor><a10:name>mapbutcher@mapbutcher.com</a10:name></a10:contributor><georss:where><gml:LineString><gml:posList>39.11342 -122.02211 39.13918 -122.02656 39.14455 -122.02972 39.15081 -122.03409 39.15796 -122.03909 39.16596 -122.04708 39.17233 -122.04612 39.18039 -122.05116 39.18789 -122.06091 39.19511 -122.06236 39.20217 -122.07211</gml:posList></gml:LineString></georss:where></item><item><guid isPermaLink="false">ab66c9a9-f0a1-4025-ae77-183691220a5d</guid><a10:author><a10:name>Simon Hope</a10:name></a10:author><title /><description /><pubDate>Tue, 01 May 2012 21:57:28 +1000</pubDate><a10:link href="http://www.mapbutcher.com/" /><a10:rights type="text">Copyright 2011</a10:rights><a10:content type="text"></a10:content><a10:contributor><a10:name>mapbutcher@mapbutcher.com</a10:name></a10:contributor><georss:where><gml:LineString><gml:posList>39.11342 -122.02211 39.11505 -122.03106 39.11556 -122.05065 39.11523 -122.06666 39.11425 -122.07018 39.11441 -122.08443 39.11893 -122.08518 39.12119 -122.08526 39.12245 -122.09005 39.1227 -122.10014 39.12323 -122.11796 39.12304 -122.12685 39.11802 -122.12846 39.11384 -122.13305 39.11219 -122.14663 39.11613 -122.1533 39.12057 -122.15762 39.12556 -122.1578 39.1268 -122.16319 39.12646 -122.17919 39.13293 -122.19426 39.13795 -122.21403 39.14153 -122.21594</gml:posList></gml:LineString></georss:where></item><item><guid isPermaLink="false">7c748bd3-7944-4c7c-ad38-38b2b97435e0</guid><a10:author><a10:name>Simon Hope</a10:name></a10:author><title /><description /><pubDate>Tue, 01 May 2012 21:57:28 +1000</pubDate><a10:link href="http://www.mapbutcher.com/" /><a10:rights type="text">Copyright 2011</a10:rights><a10:content type="text"></a10:content><a10:contributor><a10:name>mapbutcher@mapbutcher.com</a10:name></a10:contributor><georss:where><gml:LineString><gml:posList>39.11394 -120.46642 39.10986 -120.46696</gml:posList></gml:LineString></georss:where></item><item><guid isPermaLink="false">a24fa3f3-987b-4a1b-bc62-7877679df97b</guid><a10:author><a10:name>Simon Hope</a10:name></a10:author><title /><description /><pubDate>Tue, 01 May 2012 21:57:28 +1000</pubDate><a10:link href="http://www.mapbutcher.com/" /><a10:rights type="text">Copyright 2011</a10:rights><a10:content type="text"></a10:content><a10:contributor><a10:name>mapbutcher@mapbutcher.com</a10:name></a10:contributor><georss:where><gml:LineString><gml:posList>39.10598 -121.72292 39.1241 -121.72408 39.1305 -121.72071 39.15185 -121.7184 39.15384 -121.70837 39.17295 -121.7048 39.18608 -121.70579 39.20556 -121.70638 39.21225 -121.71252 39.22575 -121.71828 39.23619 -121.718 39.24645 -121.72723 39.2602 -121.74429 39.26654 -121.74449 39.27271 -121.7542 39.33889 -121.75566</gml:posList></gml:LineString></georss:where></item><item><guid isPermaLink="false">52bacf4f-dddd-4dfb-879b-b9bd9dde0f03</guid><a10:author><a10:name>Simon Hope</a10:name></a10:author><title /><description /><pubDate>Tue, 01 May 2012 21:57:28 +1000</pubDate><a10:link href="http://www.mapbutcher.com/" /><a10:rights type="text">Copyright 2011</a10:rights><a10:content type="text"></a10:content><a10:contributor><a10:name>mapbutcher@mapbutcher.com</a10:name></a10:contributor><georss:where><gml:LineString><gml:posList>39.10986 -120.46696 39.10577 -120.4669</gml:posList></gml:LineString></georss:where></item><item><guid isPermaLink="false">29ccc7a3-b23e-4d42-b5f2-a37bacc70a9d</guid><a10:author><a10:name>Simon Hope</a10:name></a10:author><title /><description /><pubDate>Tue, 01 May 2012 21:57:28 +1000</pubDate><a10:link href="http://www.mapbutcher.com/" /><a10:rights type="text">Copyright 2011</a10:rights><a10:content type="text"></a10:content><a10:contributor><a10:name>mapbutcher@mapbutcher.com</a10:name></a10:contributor><georss:where><gml:LineString><gml:posList>39.06198 -122.00965 39.07138 -122.01591 39.0786 -122.01734 39.09175 -122.0172 39.0999 -122.01808 39.11342 -122.02211</gml:posList></gml:LineString></georss:where></item><item><guid isPermaLink="false">004b008f-65f7-4169-9ee8-611a2c065e4d</guid><a10:author><a10:name>Simon Hope</a10:name></a10:author><title /><description /><pubDate>Tue, 01 May 2012 21:57:28 +1000</pubDate><a10:link href="http://www.mapbutcher.com/" /><a10:rights type="text">Copyright 2011</a10:rights><a10:content type="text"></a10:content><a10:contributor><a10:name>mapbutcher@mapbutcher.com</a10:name></a10:contributor><georss:where><gml:LineString><gml:posList>39.06111 -123.14379 39.0705 -123.14841 39.09455 -123.16327 39.10527 -123.16915 39.11572 -123.16849 39.11958 -123.1758 39.12444 -123.18021 39.14251 -123.16747 39.15056 -123.17144 39.15456 -123.17401 39.15984 -123.17963 39.16979 -123.18073 39.17876 -123.18415 39.18893 -123.19299 39.195 -123.18735 39.2001 -123.18345</gml:posList></gml:LineString></georss:where></item><item><guid isPermaLink="false">d976d362-7ce5-489f-80f1-2d6a384dd2c2</guid><a10:author><a10:name>Simon Hope</a10:name></a10:author><title /><description /><pubDate>Tue, 01 May 2012 21:57:28 +1000</pubDate><a10:link href="http://www.mapbutcher.com/" /><a10:rights type="text">Copyright 2011</a10:rights><a10:content type="text"></a10:content><a10:contributor><a10:name>mapbutcher@mapbutcher.com</a10:name></a10:contributor><georss:where><gml:LineString><gml:posList>39.06111 -123.14379 39.07127 -123.1532 39.0845 -123.16573 39.09156 -123.17261 39.09819 -123.17828 39.1049 -123.18159 39.10851 -123.18237 39.11039 -123.18008 39.11349 -123.18262 39.11824 -123.19057 39.12686 -123.19042 39.13244 -123.18595 39.13802 -123.18149 39.14482 -123.18124 39.15115 -123.18215 39.15735 -123.18722 39.16351 -123.19347 39.1667 -123.19304 39.17034 -123.19263 39.17388 -123.19579 39.18287 -123.19862 39.19199 -123.1967 39.19562 -123.19688 39.19883 -123.19586 39.20565 -123.19502 39.21384 -123.19425 39.2229 -123.19472 39.23512 -123.19534 39.24134 -123.19981 39.24847 -123.20434 39.25376 -123.20937</gml:posList></gml:LineString></georss:where></item><item><guid isPermaLink="false">191e3016-8636-4c3e-9150-799eab60bf9e</guid><a10:author><a10:name>Simon Hope</a10:name></a10:author><title /><description /><pubDate>Tue, 01 May 2012 21:57:28 +1000</pubDate><a10:link href="http://www.mapbutcher.com/" /><a10:rights type="text">Copyright 2011</a10:rights><a10:content type="text"></a10:content><a10:contributor><a10:name>mapbutcher@mapbutcher.com</a10:name></a10:contributor><georss:where><gml:LineString><gml:posList>39.06039 -120.41415 39.06136 -120.40646</gml:posList></gml:LineString></georss:where></item><item><guid isPermaLink="false">7c0a7803-007f-443b-9e35-569626990fd2</guid><a10:author><a10:name>Simon Hope</a10:name></a10:author><title /><description /><pubDate>Tue, 01 May 2012 21:57:28 +1000</pubDate><a10:link href="http://www.mapbutcher.com/" /><a10:rights type="text">Copyright 2011</a10:rights><a10:content type="text"></a10:content><a10:contributor><a10:name>mapbutcher@mapbutcher.com</a10:name></a10:contributor><georss:where><gml:LineString><gml:posList>39.05989 -120.42066 39.06039 -120.41415</gml:posList></gml:LineString></georss:where></item><item><guid isPermaLink="false">099f4304-7715-4c7a-9f49-e749006dd03e</guid><a10:author><a10:name>Simon Hope</a10:name></a10:author><title /><description /><pubDate>Tue, 01 May 2012 21:57:28 +1000</pubDate><a10:link href="http://www.mapbutcher.com/" /><a10:rights type="text">Copyright 2011</a10:rights><a10:content type="text"></a10:content><a10:contributor><a10:name>mapbutcher@mapbutcher.com</a10:name></a10:contributor><georss:where><gml:LineString><gml:posList>39.05291 -123.44224 39.06012 -123.45805 39.07355 -123.46352 39.07421 -123.47128 39.08261 -123.47826 39.08512 -123.48492 39.08862 -123.48867 39.09206 -123.49479 39.0933 -123.49842 39.09908 -123.5023 39.09939 -123.50647 39.10016 -123.51067 39.09456 -123.5157 39.09931 -123.52308 39.10684 -123.52884 39.10081 -123.53266 39.09979 -123.53616 39.1033 -123.53992 39.10866 -123.54259 39.11309 -123.54581 39.11794 -123.55023 39.11501 -123.55659 39.11162 -123.56293 39.12003 -123.56934 39.11893 -123.57521 39.12065 -123.57828 39.12729 -123.5834 39.13355 -123.58613 39.13558 -123.59337 39.14038 -123.59898 39.1383 -123.60718 39.1435 -123.61459 39.13883 -123.61848 39.14139 -123.62338 39.146 -123.63493 39.15443 -123.64075</gml:posList></gml:LineString></georss:where></item><item><guid isPermaLink="false">9cc66a7d-9c33-4cca-99f1-c8cd82dc5e47</guid><a10:author><a10:name>Simon Hope</a10:name></a10:author><title /><description /><pubDate>Tue, 01 May 2012 21:57:28 +1000</pubDate><a10:link href="http://www.mapbutcher.com/" /><a10:rights type="text">Copyright 2011</a10:rights><a10:content type="text"></a10:content><a10:contributor><a10:name>mapbutcher@mapbutcher.com</a10:name></a10:contributor><georss:where><gml:LineString><gml:posList>39.04736 -121.31225 39.05541 -121.31956</gml:posList></gml:LineString></georss:where></item><item><guid isPermaLink="false">fcdc3a68-01d7-44ff-9281-cfc6a3f1798a</guid><a10:author><a10:name>Simon Hope</a10:name></a10:author><title /><description /><pubDate>Tue, 01 May 2012 21:57:28 +1000</pubDate><a10:link href="http://www.mapbutcher.com/" /><a10:rights type="text">Copyright 2011</a10:rights><a10:content type="text"></a10:content><a10:contributor><a10:name>mapbutcher@mapbutcher.com</a10:name></a10:contributor><georss:where><gml:LineString><gml:posList>39.04333 -121.30919 39.04736 -121.31225</gml:posList></gml:LineString></georss:where></item><item><guid isPermaLink="false">c2d2f181-59b2-4b1c-8888-80b03dc8908b</guid><a10:author><a10:name>Simon Hope</a10:name></a10:author><title /><description /><pubDate>Tue, 01 May 2012 21:57:28 +1000</pubDate><a10:link href="http://www.mapbutcher.com/" /><a10:rights type="text">Copyright 2011</a10:rights><a10:content type="text"></a10:content><a10:contributor><a10:name>mapbutcher@mapbutcher.com</a10:name></a10:contributor><georss:where><gml:LineString><gml:posList>39.11646 -122.88665 39.12395 -122.89471 39.12746 -122.89903 39.13461 -122.90293 39.14359 -122.90632 39.14618 -122.91119 39.14968 -122.91551 39.1569 -122.91704 39.15432 -122.92819 39.15299 -122.94357 39.15826 -122.94975 39.15999 -122.9528 39.16166 -122.95823 39.16297 -122.9761 39.15635 -122.98589 39.15244 -122.99579 39.14142 -123.0006 39.13067 -122.99593 39.12215 -122.99255 39.11604 -122.98395 39.10545 -122.97335 39.10253 -122.96432 39.09444 -122.96156 39.08975 -122.95065 39.08539 -122.94451 39.08046 -122.9425 39.07322 -122.94157 39.06725 -122.94425 39.06169 -122.94873 39.05571 -122.95141 39.05251 -122.95245 39.05067 -122.95354 39.04601 -122.95806 39.03966 -122.97436 39.04036 -122.98151 39.04842 -122.98545 39.05318 -122.99339 39.06023 -123.00085 39.06513 -123.00404 39.07363 -123.00801 39.0807 -123.01488 39.0859 -123.02344 39.09296 -123.0303 39.09833 -123.03294 39.10076 -123.04314 39.11196 -123.04784 39.1211 -123.04532 39.12664 -123.04203 39.13258 -123.04054 39.13881 -123.045 39.1435 -123.05532 39.15126 -123.06935 39.16067 -123.07338 39.16537 -123.06767</gml:posList></gml:LineString></georss:where></item><item><guid isPermaLink="false">e012822c-f929-4d65-a680-e988e300babd</guid><a10:author><a10:name>Simon Hope</a10:name></a10:author><title /><description /><pubDate>Tue, 01 May 2012 21:57:28 +1000</pubDate><a10:link href="http://www.mapbutcher.com/" /><a10:rights type="text">Copyright 2011</a10:rights><a10:content type="text"></a10:content><a10:contributor><a10:name>mapbutcher@mapbutcher.com</a10:name></a10:contributor><georss:where><gml:LineString><gml:posList>39.13548 -120.95374 39.12717 -120.96722 39.11757 -120.97414 39.11389 -120.97822 39.1093 -120.98287 39.11105 -120.98824 39.09473 -120.98791 39.08836 -120.99015 39.07835 -120.9935 39.07241 -120.99753 39.06742 -120.99742 39.06559 -120.99916 39.06144 -121.00441 39.05688 -121.00728 39.05187 -121.00896 39.04682 -121.01418 39.04494 -121.01948 39.04039 -121.02116 39.03758 -121.02821</gml:posList></gml:LineString></georss:where></item><item><guid isPermaLink="false">b187e207-e9fb-4eb2-809c-f1c466ca7f2e</guid><a10:author><a10:name>Simon Hope</a10:name></a10:author><title /><description /><pubDate>Tue, 01 May 2012 21:57:28 +1000</pubDate><a10:link href="http://www.mapbutcher.com/" /><a10:rights type="text">Copyright 2011</a10:rights><a10:content type="text"></a10:content><a10:contributor><a10:name>mapbutcher@mapbutcher.com</a10:name></a10:contributor><georss:where><gml:LineString><gml:posList>39.14153 -122.21594 39.14057 -122.23905 39.13247 -122.25714 39.12336 -122.25858 39.11773 -122.26727 39.11166 -122.29551 39.107 -122.30067 39.10716 -122.31373 39.10495 -122.33144 39.10056 -122.34491 39.09224 -122.3517 39.06138 -122.35286 39.03071 -122.34573</gml:posList></gml:LineString></georss:where></item><item><guid isPermaLink="false">15c706aa-097e-4e74-8654-251e50202648</guid><a10:author><a10:name>Simon Hope</a10:name></a10:author><title /><description /><pubDate>Tue, 01 May 2012 21:57:28 +1000</pubDate><a10:link href="http://www.mapbutcher.com/" /><a10:rights type="text">Copyright 2011</a10:rights><a10:content type="text"></a10:content><a10:contributor><a10:name>mapbutcher@mapbutcher.com</a10:name></a10:contributor><georss:where><gml:LineString><gml:posList>39.0091 -121.9788 39.01486 -121.98552 39.01885 -121.99039 39.02242 -121.99288 39.03194 -121.99321 39.03458 -121.99744 39.04399 -122.00251 39.05029 -122.0051 39.06198 -122.00965</gml:posList></gml:LineString></georss:where></item><item><guid isPermaLink="false">23b1a312-6776-4a8a-b9da-73f40372c8e0</guid><a10:author><a10:name>Simon Hope</a10:name></a10:author><title /><description /><pubDate>Tue, 01 May 2012 21:57:28 +1000</pubDate><a10:link href="http://www.mapbutcher.com/" /><a10:rights type="text">Copyright 2011</a10:rights><a10:content type="text"></a10:content><a10:contributor><a10:name>mapbutcher@mapbutcher.com</a10:name></a10:contributor><georss:where><gml:LineString><gml:posList>39.00909 -121.05901 39.01178 -121.06143</gml:posList></gml:LineString></georss:where></item><item><guid isPermaLink="false">3191fb70-398f-4da6-a53c-2896b9528bbd</guid><a10:author><a10:name>Simon Hope</a10:name></a10:author><title /><description /><pubDate>Tue, 01 May 2012 21:57:28 +1000</pubDate><a10:link href="http://www.mapbutcher.com/" /><a10:rights type="text">Copyright 2011</a10:rights><a10:content type="text"></a10:content><a10:contributor><a10:name>mapbutcher@mapbutcher.com</a10:name></a10:contributor><georss:where><gml:LineString><gml:posList>39.00761 -120.74983 39.01498 -120.73752 39.01871 -120.72752 39.03061 -120.71528 39.03439 -120.69994 39.03947 -120.69054 39.04271 -120.68349 39.04683 -120.67941 39.05539 -120.68488 39.06305 -120.68916 39.06867 -120.67028 39.07561 -120.65558 39.08381 -120.65096 39.08747 -120.64747 39.0915 -120.65228 39.10189 -120.65659 39.10734 -120.65549 39.12307 -120.62015 39.12409 -120.60771 39.12098 -120.60114 39.12148 -120.59521 39.12424 -120.59052 39.12926 -120.58703 39.13699 -120.58477 39.14115 -120.57535 39.1394 -120.5676 39.14452 -120.55167 39.14555 -120.53803 39.15196 -120.52922 39.15923 -120.52755</gml:posList></gml:LineString></georss:where></item><item><guid isPermaLink="false">386be124-e7ba-4f4b-b69a-ff742198763e</guid><a10:author><a10:name>Simon Hope</a10:name></a10:author><title /><description /><pubDate>Tue, 01 May 2012 21:57:28 +1000</pubDate><a10:link href="http://www.mapbutcher.com/" /><a10:rights type="text">Copyright 2011</a10:rights><a10:content type="text"></a10:content><a10:contributor><a10:name>mapbutcher@mapbutcher.com</a10:name></a10:contributor><georss:where><gml:LineString><gml:posList>39.00594 -121.05716 39.00909 -121.05901</gml:posList></gml:LineString></georss:where></item><item><guid isPermaLink="false">07048262-860e-461d-80e5-2e4eb84a2880</guid><a10:author><a10:name>Simon Hope</a10:name></a10:author><title /><description /><pubDate>Tue, 01 May 2012 21:57:28 +1000</pubDate><a10:link href="http://www.mapbutcher.com/" /><a10:rights type="text">Copyright 2011</a10:rights><a10:content type="text"></a10:content><a10:contributor><a10:name>mapbutcher@mapbutcher.com</a10:name></a10:contributor><georss:where><gml:LineString><gml:posList>39.00909 -121.05901 39.0063 -121.06487 39.00533 -121.07018 39.00661 -121.07613 39.00883 -121.07973 39.01105 -121.08392 39.01369 -121.0899 39.01086 -121.09872 39.01712 -121.10537 39.01841 -121.11014 39.01921 -121.11845 39.02689 -121.12099 39.03092 -121.12463 39.03534 -121.13303 39.03526 -121.13954 39.03112 -121.14419 39.03244 -121.14718 39.02554 -121.15413 39.02454 -121.16122 39.01946 -121.16821 39.01851 -121.17174 39.01889 -121.17708 39.0124 -121.18759 39.01548 -121.19418 39.01582 -121.20306 39.01165 -121.20949 39.01239 -121.22134 39.01912 -121.22624 39.02357 -121.23228 39.02206 -121.24349 39.02728 -121.25903 39.02815 -121.26141</gml:posList></gml:LineString></georss:where></item><item><guid isPermaLink="false">8949da74-eb6e-4dff-9e7e-ffeaf2ec555a</guid><a10:author><a10:name>Simon Hope</a10:name></a10:author><title /><description /><pubDate>Tue, 01 May 2012 21:57:28 +1000</pubDate><a10:link href="http://www.mapbutcher.com/" /><a10:rights type="text">Copyright 2011</a10:rights><a10:content type="text"></a10:content><a10:contributor><a10:name>mapbutcher@mapbutcher.com</a10:name></a10:contributor><georss:where><gml:LineString><gml:posList>39.10986 -120.46696 39.11069 -120.47587 39.10696 -120.48886 39.09104 -120.49635 39.08466 -120.50101 39.08054 -120.50569 39.07051 -120.51207 39.0664 -120.51616 39.06093 -120.52023 39.05543 -120.52727 39.04905 -120.53191 39.04443 -120.54133 39.03989 -120.54305 39.03482 -120.55304 39.02842 -120.55887 39.02654 -120.56714 39.02833 -120.57012 39.02922 -120.57191 39.02557 -120.57423 39.02419 -120.57717 39.02416 -120.58013 39.02505 -120.58251 39.02819 -120.58611 39.02726 -120.58788 39.02813 -120.59263 39.02447 -120.59672 39.02397 -120.60145 39.02484 -120.60561 39.02665 -120.60564 39.02708 -120.6086 39.02749 -120.61395 39.02746 -120.61691 39.03102 -120.62407 39.0378 -120.62595 39.04001 -120.6319 39.03952 -120.63605 39.04129 -120.6414 39.04121 -120.64911 39.03802 -120.65142 39.03573 -120.65435 39.03344 -120.65609 39.02892 -120.65484 39.02392 -120.65653 39.02164 -120.65768 39.0198 -120.6612 39.01838 -120.66711 39.01925 -120.67186 39.01734 -120.68189 39.0236 -120.69088 39.0258 -120.69743 39.01253 -120.71083 39.01106 -120.72147 39.00734 -120.73148 39.0028 -120.73139</gml:posList></gml:LineString></georss:where></item><item><guid isPermaLink="false">671dddc6-538f-4ae4-9232-b89667215b15</guid><a10:author><a10:name>Simon Hope</a10:name></a10:author><title /><description /><pubDate>Tue, 01 May 2012 21:57:28 +1000</pubDate><a10:link href="http://www.mapbutcher.com/" /><a10:rights type="text">Copyright 2011</a10:rights><a10:content type="text"></a10:content><a10:contributor><a10:name>mapbutcher@mapbutcher.com</a10:name></a10:contributor><georss:where><gml:LineString><gml:posList>39.0028 -120.73139 39.00134 -120.74144 39.00357 -120.74503 39.00761 -120.74983</gml:posList></gml:LineString></georss:where></item><item><guid isPermaLink="false">9e751dca-9d01-4970-8010-a107f768a616</guid><a10:author><a10:name>Simon Hope</a10:name></a10:author><title /><description /><pubDate>Tue, 01 May 2012 21:57:28 +1000</pubDate><a10:link href="http://www.mapbutcher.com/" /><a10:rights type="text">Copyright 2011</a10:rights><a10:content type="text"></a10:content><a10:contributor><a10:name>mapbutcher@mapbutcher.com</a10:name></a10:contributor><georss:where><gml:LineString><gml:posList>38.98968 -120.68262 38.98735 -120.6891 38.98412 -120.69497 38.98133 -120.70262 38.98259 -120.7127 38.98618 -120.7169 38.98885 -120.7211 38.99654 -120.72359 38.99923 -120.72601 39.0028 -120.73139</gml:posList></gml:LineString></georss:where></item><item><guid isPermaLink="false">33ccec27-a99e-4bf9-9863-8409d54ad837</guid><a10:author><a10:name>Simon Hope</a10:name></a10:author><title /><description /><pubDate>Tue, 01 May 2012 21:57:28 +1000</pubDate><a10:link href="http://www.mapbutcher.com/" /><a10:rights type="text">Copyright 2011</a10:rights><a10:content type="text"></a10:content><a10:contributor><a10:name>mapbutcher@mapbutcher.com</a10:name></a10:contributor><georss:where><gml:LineString><gml:posList>39.24544 -122.81243 39.24209 -122.80217 39.24135 -122.7956 39.23826 -122.79249 39.23487 -122.78342 39.23013 -122.77429 39.22797 -122.77003 39.22769 -122.76347 39.22778 -122.75992 39.22653 -122.7557 39.22578 -122.74973 39.22367 -122.74368 39.21456 -122.72783 39.20487 -122.71671 39.19605 -122.70681 39.19491 -122.69845 39.1884 -122.68687 39.1828 -122.67535 39.17719 -122.66441 39.17066 -122.65343 39.16774 -122.64322 39.16563 -122.63719 39.16541 -122.62768 39.167 -122.61884 39.16532 -122.61343 39.1618 -122.60912 39.15796 -122.59946 39.15824 -122.58819 39.15033 -122.57776 39.1511 -122.56533 39.14633 -122.55622 39.14101 -122.55125 39.13572 -122.54509 39.12859 -122.54004 39.11994 -122.54146 39.11228 -122.53936 39.09784 -122.53638 39.08602 -122.53767 39.08057 -122.53803 39.07611 -122.53488 39.0716 -122.5341 39.06927 -122.53638 39.06681 -122.54457 39.06847 -122.55058 39.07091 -122.56194 39.07127 -122.56611 39.07215 -122.58511 39.06667 -122.58666 39.0563 -122.58444 39.04779 -122.57993 39.03837 -122.57598 39.03293 -122.57575 39.02248 -122.57649 39.01417 -122.56429 39.01068 -122.55882 39.00754 -122.5575 39.00391 -122.55734 38.99899 -122.55477 38.99409 -122.55101 38.99197 -122.545 38.9889 -122.54072 38.9854 -122.53584 38.98558 -122.52814 38.98396 -122.52038 38.98369 -122.51267 38.97843 -122.50535</gml:posList></gml:LineString></georss:where></item><item><guid isPermaLink="false">8c766bfd-29ce-43b7-8272-6b1d689823bd</guid><a10:author><a10:name>Simon Hope</a10:name></a10:author><title /><description /><pubDate>Tue, 01 May 2012 21:57:28 +1000</pubDate><a10:link href="http://www.mapbutcher.com/" /><a10:rights type="text">Copyright 2011</a10:rights><a10:content type="text"></a10:content><a10:contributor><a10:name>mapbutcher@mapbutcher.com</a10:name></a10:contributor><georss:where><gml:LineString><gml:posList>38.98968 -120.68262 38.98125 -120.66296 38.97968 -120.63689 38.97884 -120.62977 38.97805 -120.61733 38.97855 -120.61201 38.98045 -120.60257 38.98188 -120.59489 38.98331 -120.58663 38.98518 -120.57955 38.98843 -120.57131 38.99255 -120.56664 38.99624 -120.559 38.99859 -120.54897 39.00042 -120.54662 39.00457 -120.53899 39.01097 -120.53197 39.01647 -120.52435 39.02249 -120.50963 39.02986 -120.49433 39.04132 -120.47849 39.05182 -120.46855 39.06329 -120.45033 39.06517 -120.44147 39.06974 -120.43797 39.07983 -120.4221 39.08981 -120.41985 39.09532 -120.41044 39.10216 -120.40519 39.1168 -120.38639</gml:posList></gml:LineString></georss:where></item><item><guid isPermaLink="false">07439789-9aa6-4f38-9612-aacb41614181</guid><a10:author><a10:name>Simon Hope</a10:name></a10:author><title /><description /><pubDate>Tue, 01 May 2012 21:57:28 +1000</pubDate><a10:link href="http://www.mapbutcher.com/" /><a10:rights type="text">Copyright 2011</a10:rights><a10:content type="text"></a10:content><a10:contributor><a10:name>mapbutcher@mapbutcher.com</a10:name></a10:contributor><georss:where><gml:LineString><gml:posList>39.04736 -121.31225 39.04545 -121.31872 39.04358 -121.32282 39.04169 -121.3281 39.03701 -121.33806 39.03559 -121.34158 39.02655 -121.37038 39.0127 -121.38719 39.00942 -121.39422 39.00705 -121.40067 39.0056 -121.40656 39.0014 -121.41415 38.99712 -121.42765 38.99422 -121.43883 38.99459 -121.44416 38.99719 -121.45193 38.99797 -121.46024 38.99464 -121.47021 38.99314 -121.47847 38.99303 -121.48557 38.98886 -121.49078 38.98656 -121.49309 38.98328 -121.50011 38.9832 -121.50484 38.98035 -121.51305 38.9762 -121.51707 38.9729 -121.52468 38.9729 -121.52528</gml:posList></gml:LineString></georss:where></item><item><guid isPermaLink="false">8fd951cb-1f1c-47d9-8331-382dfd707482</guid><a10:author><a10:name>Simon Hope</a10:name></a10:author><title /><description /><pubDate>Tue, 01 May 2012 21:57:28 +1000</pubDate><a10:link href="http://www.mapbutcher.com/" /><a10:rights type="text">Copyright 2011</a10:rights><a10:content type="text"></a10:content><a10:contributor><a10:name>mapbutcher@mapbutcher.com</a10:name></a10:contributor><georss:where><gml:LineString><gml:posList>38.9729 -121.52528 38.9844 -121.51494 38.99194 -121.49679 39.00394 -121.4835 39.01384 -121.46008 39.01939 -121.45252 39.02505 -121.43905 39.0294 -121.42139 39.03093 -121.41018 39.03607 -121.40024 39.04442 -121.38802 39.0531 -121.3835 39.05956 -121.37597 39.05963 -121.37122 39.06611 -121.3625 39.07934 -121.35691 39.08978 -121.356 39.09616 -121.35378 39.1067 -121.34634 39.1072 -121.34339 39.11089 -121.3079 39.10617 -121.2894 39.10668 -121.28585 39.11322 -121.27178 39.11282 -121.26821 39.11177 -121.24625 39.11592 -121.241 39.1155 -121.23922 39.11282 -121.23619 39.10631 -121.21528 39.10688 -121.2064 39.10828 -121.20406 39.11235 -121.20415 39.11195 -121.20058 39.10935 -121.19162 39.10903 -121.18212 39.10688 -121.17377 39.10508 -121.17255 39.09646 -121.17294 39.09332 -121.17049 39.09385 -121.16517 39.0958 -121.15455 39.09948 -121.15107 39.11907 -121.14321 39.12961 -121.13455 39.13505 -121.13467 39.141 -121.13007 39.15141 -121.13148</gml:posList></gml:LineString></georss:where></item><item><guid isPermaLink="false">9e198d88-3c9e-4fb8-9580-a6b910c19e57</guid><a10:author><a10:name>Simon Hope</a10:name></a10:author><title /><description /><pubDate>Tue, 01 May 2012 21:57:28 +1000</pubDate><a10:link href="http://www.mapbutcher.com/" /><a10:rights type="text">Copyright 2011</a10:rights><a10:content type="text"></a10:content><a10:contributor><a10:name>mapbutcher@mapbutcher.com</a10:name></a10:contributor><georss:where><gml:LineString><gml:posList>38.93964 -122.24155 38.9546 -122.24212 38.9632 -122.24245 38.97093 -122.24155 38.97827 -122.23769 38.98103 -122.23602 38.99403 -122.22228 38.99505 -122.217 38.99791 -122.21059 39.00139 -122.1965 39.00886 -122.18671 39.01327 -122.17146 39.01857 -122.15685 39.01875 -122.14856 39.02766 -122.13467 39.0264 -122.10855 39.02715 -122.09436 39.0295 -122.06837 39.03382 -122.05668 39.04531 -122.04938 39.04865 -122.0412 39.05326 -122.03721 39.05563 -122.03255 39.05864 -122.01842 39.06198 -122.00965</gml:posList></gml:LineString></georss:where></item><item><guid isPermaLink="false">5289fb09-5ec3-41ab-8031-a2963a127c2e</guid><a10:author><a10:name>Simon Hope</a10:name></a10:author><title /><description /><pubDate>Tue, 01 May 2012 21:57:28 +1000</pubDate><a10:link href="http://www.mapbutcher.com/" /><a10:rights type="text">Copyright 2011</a10:rights><a10:content type="text"></a10:content><a10:contributor><a10:name>mapbutcher@mapbutcher.com</a10:name></a10:contributor><georss:where><gml:LineString><gml:posList>38.9729 -121.52528 38.97263 -121.54184 38.96574 -121.54697 38.95527 -121.54964 38.94961 -121.5631 38.94135 -121.56937 38.93748 -121.58347</gml:posList></gml:LineString></georss:where></item><item><guid isPermaLink="false">8e62fa56-eb11-4cb1-a882-259f83ec8233</guid><a10:author><a10:name>Simon Hope</a10:name></a10:author><title /><description /><pubDate>Tue, 01 May 2012 21:57:28 +1000</pubDate><a10:link href="http://www.mapbutcher.com/" /><a10:rights type="text">Copyright 2011</a10:rights><a10:content type="text"></a10:content><a10:contributor><a10:name>mapbutcher@mapbutcher.com</a10:name></a10:contributor><georss:where><gml:LineString><gml:posList>39.12943 -121.59965 39.11993 -121.59818 39.11261 -121.60213 39.10268 -121.59946 39.10001 -121.59702 39.10289 -121.58702 39.09344 -121.58319 39.08705 -121.58538 39.08245 -121.58939 39.07739 -121.59399 39.06356 -121.60723 39.05404 -121.60754 39.04545 -121.60611 39.03056 -121.60153 39.02793 -121.59612 39.02435 -121.59365 39.02254 -121.5936 39.01802 -121.59288 39.01479 -121.59575 39.01028 -121.59443 39.00853 -121.59083 39.00914 -121.58137 39.00419 -121.57945 38.99359 -121.58981 38.98635 -121.589 38.98048 -121.58765 38.97414 -121.58688 38.9665 -121.58311 38.95658 -121.57986 38.94978 -121.58026 38.9448 -121.57953 38.93748 -121.58347</gml:posList></gml:LineString></georss:where></item><item><guid isPermaLink="false">40d9fa9e-277c-48d5-9d6f-4bdd7a6c8c04</guid><a10:author><a10:name>Simon Hope</a10:name></a10:author><title /><description /><pubDate>Tue, 01 May 2012 21:57:28 +1000</pubDate><a10:link href="http://www.mapbutcher.com/" /><a10:rights type="text">Copyright 2011</a10:rights><a10:content type="text"></a10:content><a10:contributor><a10:name>mapbutcher@mapbutcher.com</a10:name></a10:contributor><georss:where><gml:LineString><gml:posList>38.93534 -122.27217 38.93769 -122.26811 38.94271 -122.26712 38.95942 -122.27013 38.97462 -122.25945 38.9806 -122.25553 38.98554 -122.2575 38.99182 -122.2607 38.99728 -122.25972 39.005 -122.25942 39.01544 -122.25863 39.02651 -122.25016 39.03304 -122.24212 39.0356 -122.22858 39.04037 -122.21809 39.04736 -122.20947 39.05378 -122.20615 39.06016 -122.20461 39.06803 -122.1972 39.07507 -122.18619 39.07792 -122.18037 39.0755 -122.16605 39.07573 -122.15539 39.08098 -122.14312 39.08345 -122.13373 39.08558 -122.11839 39.08452 -122.10412 39.08654 -122.0947 39.08856 -122.08469 39.08831 -122.0746 39.08792 -122.07162 39.06617 -122.04892 39.06413 -122.01566 39.06198 -122.00965</gml:posList></gml:LineString></georss:where></item><item><guid isPermaLink="false">e9b30f14-3bc1-438f-a64b-d6fb10144db6</guid><a10:author><a10:name>Simon Hope</a10:name></a10:author><title /><description /><pubDate>Tue, 01 May 2012 21:57:28 +1000</pubDate><a10:link href="http://www.mapbutcher.com/" /><a10:rights type="text">Copyright 2011</a10:rights><a10:content type="text"></a10:content><a10:contributor><a10:name>mapbutcher@mapbutcher.com</a10:name></a10:contributor><georss:where><gml:LineString><gml:posList>38.92346 -122.33621 38.9311 -122.33946 38.93865 -122.34627 38.9435 -122.35238 38.94888 -122.35496 38.95578 -122.35049 38.95865 -122.34409 38.96093 -122.34359 38.96638 -122.34321 38.97227 -122.34344 38.97449 -122.34531 38.9757 -122.35187 38.98328 -122.35749 38.9919 -122.35723 38.99643 -122.35741 39.00232 -122.35764 39.00771 -122.36023 39.01428 -122.36996 39.01512 -122.39252 39.02227 -122.39695 39.02795 -122.40606 39.03245 -122.40742 39.04316 -122.41497 39.05183 -122.41235 39.05908 -122.41264 39.06681 -122.41177 39.07721 -122.41337 39.08401 -122.41305 39.09084 -122.41214 39.10166 -122.41494 39.10743 -122.41992 39.11417 -122.42257 39.12179 -122.42643 39.12714 -122.43021 39.13526 -122.43232 39.13971 -122.43546 39.1482 -122.44115 39.15582 -122.44501 39.16309 -122.44412 39.16625 -122.44485 39.16894 -122.44614 39.17247 -122.45044 39.17783 -122.45363 39.18232 -122.4556 39.18903 -122.45943 39.19577 -122.46208 39.20113 -122.46527 39.20473 -122.46661 39.23017 -122.48369</gml:posList></gml:LineString></georss:where></item><item><guid isPermaLink="false">ae282f89-ddcc-49fd-9097-34dad4d50a5d</guid><a10:author><a10:name>Simon Hope</a10:name></a10:author><title /><description /><pubDate>Tue, 01 May 2012 21:57:28 +1000</pubDate><a10:link href="http://www.mapbutcher.com/" /><a10:rights type="text">Copyright 2011</a10:rights><a10:content type="text"></a10:content><a10:contributor><a10:name>mapbutcher@mapbutcher.com</a10:name></a10:contributor><georss:where><gml:LineString><gml:posList>38.97843 -122.50535 38.97544 -122.49752 38.97223 -122.49917 38.9734 -122.50691 38.97412 -122.51464 38.97442 -122.52117 38.97024 -122.52514 38.97099 -122.53168 38.96624 -122.54037 38.96339 -122.54558 38.95605 -122.54882 38.95139 -122.55396 38.94587 -122.55727 38.94165 -122.56302 38.93468 -122.56982 38.92968 -122.57021 38.92661 -122.56593 38.92342 -122.56639 38.92205 -122.56693 38.92243 -122.5699 38.92525 -122.58422 38.92464 -122.59071 38.92181 -122.59473 38.91851 -122.59991 38.92067 -122.60415 38.92373 -122.60901 38.92565 -122.6227 38.93 -122.63</gml:posList></gml:LineString></georss:where></item><item><guid isPermaLink="false">91c9b9e1-be63-48b2-8b89-eb79cd85b93e</guid><a10:author><a10:name>Simon Hope</a10:name></a10:author><title /><description /><pubDate>Tue, 01 May 2012 21:57:28 +1000</pubDate><a10:link href="http://www.mapbutcher.com/" /><a10:rights type="text">Copyright 2011</a10:rights><a10:content type="text"></a10:content><a10:contributor><a10:name>mapbutcher@mapbutcher.com</a10:name></a10:contributor><georss:where><gml:LineString><gml:posList>38.91553 -121.03748 38.9259 -121.04184 38.93092 -121.03958 38.94351 -121.01085 38.94407 -121.00199 38.94867 -120.99676 38.95423 -120.98622 38.9566 -120.97798 38.96024 -120.97628 38.96523 -120.97639 38.97074 -120.96999 38.9752 -120.976 38.98483 -120.96672 38.98718 -120.95966 38.99036 -120.95913 38.99549 -120.9468 39.00009 -120.94097 39.00285 -120.93806 39.00469 -120.93573 39.01247 -120.92878 39.01479 -120.92468 39.02848 -120.91666 39.03398 -120.91084 39.03724 -120.9032 39.05127 -120.90584 39.06112 -120.91669 39.07017 -120.91806 39.0706 -120.91985 39.08148 -120.91946 39.08592 -120.92785 39.09637 -120.92569 39.10224 -120.92757 39.10682 -120.92352 39.11005 -120.91884 39.11015 -120.90994 39.11429 -120.90469 39.11717 -120.89051 39.11498 -120.88394 39.11279 -120.87679 39.11694 -120.86975 39.12746 -120.86164 39.13023 -120.85695 39.1426 -120.84471 39.14991 -120.83951 39.15868 -120.82484 39.16331 -120.81602 39.1698 -120.80248 39.17174 -120.79005 39.1786 -120.78484 39.17737 -120.77176 39.1815 -120.76649 39.18657 -120.75886 39.18034 -120.74688 39.17902 -120.74329 39.17772 -120.73734 39.17825 -120.72903 39.18241 -120.72079 39.18519 -120.7149 39.18932 -120.71023 39.19529 -120.70201 39.20261 -120.69501 39.20454 -120.68317 39.20236 -120.67363 39.19931 -120.66052 39.19714 -120.6498 39.19812 -120.6415 39.19907 -120.63676 39.20192 -120.62257 39.2029 -120.61485 39.20477 -120.60835 39.21164 -120.60014 39.20998 -120.58289 39.21138 -120.57757 39.21329 -120.56691 39.21699 -120.55865 39.21884 -120.55392 39.22025 -120.5486 39.22167 -120.5415 39.22221 -120.53082 39.21865 -120.52304 39.21825 -120.51591 39.21606 -120.50697 39.21613 -120.49866 39.21573 -120.49153 39.21672 -120.48085 39.21727 -120.46899 39.21826 -120.45771 39.22107 -120.44587 39.22612 -120.43703 39.23249 -120.43474 39.2402 -120.43424 39.24122 -120.41821 39.24355 -120.40993 39.24629 -120.40759 39.25 -120.39635 39.25097 -120.38744 39.25155 -120.36844 39.24754 -120.35829 39.24266 -120.34278 39.24731 -120.32501 39.23788 -120.31243 39.23656 -120.30529 39.2258 -120.28676 39.22539 -120.28022 39.21909 -120.27303</gml:posList></gml:LineString></georss:where></item><item><guid isPermaLink="false">106b9eb6-cf13-4f38-a132-b42bec503a56</guid><a10:author><a10:name>Simon Hope</a10:name></a10:author><title /><description /><pubDate>Tue, 01 May 2012 21:57:28 +1000</pubDate><a10:link href="http://www.mapbutcher.com/" /><a10:rights type="text">Copyright 2011</a10:rights><a10:content type="text"></a10:content><a10:contributor><a10:name>mapbutcher@mapbutcher.com</a10:name></a10:contributor><georss:where><gml:LineString><gml:posList>38.92346 -122.33621 38.92198 -122.34148 38.92006 -122.34614 38.91535 -122.35365 38.91394 -122.35596 38.91921 -122.36327 38.92362 -122.36877 38.92722 -122.37009 38.93035 -122.37199 38.93246 -122.37858 38.93736 -122.38232 38.94046 -122.38541 38.94262 -122.39023 38.93886 -122.396 38.93969 -122.39899 38.9405 -122.40317 38.94087 -122.40673 38.94122 -122.41148 38.94156 -122.41623 38.9465 -122.41821 38.9464 -122.42234 38.94493 -122.42702 38.94438 -122.43114 38.94295 -122.43404 38.94191 -122.43992 38.94535 -122.44775 38.94842 -122.45202 38.95203 -122.45276 38.95649 -122.45589 38.96163 -122.46854 38.96666 -122.46696 38.97161 -122.46835 38.97516 -122.47146 38.97907 -122.47873 38.98359 -122.4795 38.98676 -122.47963 38.98618 -122.48494 38.98342 -122.4866 38.98241 -122.49071 38.97843 -122.50535</gml:posList></gml:LineString></georss:where></item><item><guid isPermaLink="false">113c61b0-b50b-4e74-b5aa-bfe2dfcb6cc5</guid><a10:author><a10:name>Simon Hope</a10:name></a10:author><title /><description /><pubDate>Tue, 01 May 2012 21:57:28 +1000</pubDate><a10:link href="http://www.mapbutcher.com/" /><a10:rights type="text">Copyright 2011</a10:rights><a10:content type="text"></a10:content><a10:contributor><a10:name>mapbutcher@mapbutcher.com</a10:name></a10:contributor><georss:where><gml:LineString><gml:posList>39.00761 -120.74983 39.00525 -120.75867 39.00385 -120.76279 39.00336 -120.76634 39.00785 -120.76998 39.00274 -120.78291 38.99858 -120.79054 38.99578 -120.79819 38.99847 -120.80119 39.00159 -120.80598 38.99651 -120.81478 38.98957 -120.82827 38.98095 -120.82929 38.97731 -120.82982 38.97321 -120.83153 38.97045 -120.83562 38.97177 -120.83919 38.9753 -120.84814 38.97025 -120.85455 38.96257 -120.85145 38.95802 -120.85314 38.95345 -120.8572 38.95157 -120.86249 38.95596 -120.87618 38.95853 -120.88925 38.95527 -120.89629 38.95201 -120.90392 38.95552 -120.91464 38.9564 -120.91703 38.95728 -120.91941 38.96125 -120.92837 38.96209 -120.9343 38.96253 -120.93609 38.96205 -120.93785 38.95162 -120.93824 38.94437 -120.93868 38.9394 -120.93681 38.93482 -120.94086 38.93654 -120.94859 38.93742 -120.95156 38.93781 -120.95631 38.93458 -120.96156 38.93273 -120.96449 38.93134 -120.96683 38.92947 -120.97211 38.92897 -120.97565 38.92799 -120.98214 38.92563 -120.98978 38.91967 -120.99557 38.91913 -121.00266 38.91677 -121.0097 38.91618 -121.02152 38.91343 -121.02383 38.91293 -121.02737 38.91553 -121.03748</gml:posList></gml:LineString></georss:where></item><item><guid isPermaLink="false">3e0907b4-1835-40e9-95fb-fc0fada7b20f</guid><a10:author><a10:name>Simon Hope</a10:name></a10:author><title /><description /><pubDate>Tue, 01 May 2012 21:57:28 +1000</pubDate><a10:link href="http://www.mapbutcher.com/" /><a10:rights type="text">Copyright 2011</a10:rights><a10:content type="text"></a10:content><a10:contributor><a10:name>mapbutcher@mapbutcher.com</a10:name></a10:contributor><georss:where><gml:LineString><gml:posList>38.98968 -120.68262 38.98242 -120.68311 38.97652 -120.6836 38.96883 -120.68288 38.96028 -120.67623 38.95721 -120.66553 38.95588 -120.66137 38.95368 -120.65482 38.95007 -120.65359 38.94738 -120.6494 38.94476 -120.63931 38.94522 -120.63754 38.94346 -120.63218 38.94714 -120.62691 38.94217 -120.62506 38.94039 -120.62148 38.94319 -120.61266 38.93914 -120.60904 38.93418 -120.60601 38.93609 -120.59539 38.93295 -120.5912 38.92937 -120.58701 38.92755 -120.58698 38.92665 -120.58697 38.91854 -120.58093 38.91274 -120.57079 38.91234 -120.56429 38.91558 -120.55546 38.92522 -120.54199 38.9239 -120.53665 38.93032 -120.52787 38.92901 -120.52193 38.93685 -120.50607 38.9405 -120.50258 38.94465 -120.49434 38.9501 -120.49205 38.95605 -120.48503 38.95923 -120.48448 38.96019 -120.47798 38.96524 -120.46918 38.97802 -120.45869 38.98482 -120.45819 38.98713 -120.45289 38.99573 -120.4536 39.00392 -120.45015 39.0103 -120.4455 39.01664 -120.44676 39.0285 -120.43566 39.03123 -120.43451 39.03488 -120.43159 39.03942 -120.43047 39.04311 -120.42223 39.05041 -120.4158 39.05498 -120.40993 39.06039 -120.41415</gml:posList></gml:LineString></georss:where></item><item><guid isPermaLink="false">81a1bcb1-9ee4-4072-8414-b9e20fd9e293</guid><a10:author><a10:name>Simon Hope</a10:name></a10:author><title /><description /><pubDate>Tue, 01 May 2012 21:57:28 +1000</pubDate><a10:link href="http://www.mapbutcher.com/" /><a10:rights type="text">Copyright 2011</a10:rights><a10:content type="text"></a10:content><a10:contributor><a10:name>mapbutcher@mapbutcher.com</a10:name></a10:contributor><georss:where><gml:LineString><gml:posList>38.89559 -120.17323 38.9069 -120.17687 38.91188 -120.1781 38.91457 -120.18286 38.92681 -120.18298 38.93361 -120.18245 38.94357 -120.18549 38.94671 -120.19085 38.95029 -120.19858 38.96475 -120.20641 38.96291 -120.21231 38.98646 -120.2149 38.99731 -120.22034 39.0018 -120.22749 39.00854 -120.23644 39.00985 -120.24593 39.02115 -120.25078 39.027 -120.25795 39.03462 -120.27225 39.04179 -120.28477 39.0467 -120.29608 39.05163 -120.30502 39.05748 -120.3116 39.06332 -120.31937 39.06962 -120.32596 39.06953 -120.34018 39.07177 -120.34435 39.07718 -120.34738 39.07985 -120.35512</gml:posList></gml:LineString></georss:where></item><item><guid isPermaLink="false">a786dbc9-816e-4946-ad3d-3843e9d2297b</guid><a10:author><a10:name>Simon Hope</a10:name></a10:author><title /><description /><pubDate>Tue, 01 May 2012 21:57:28 +1000</pubDate><a10:link href="http://www.mapbutcher.com/" /><a10:rights type="text">Copyright 2011</a10:rights><a10:content type="text"></a10:content><a10:contributor><a10:name>mapbutcher@mapbutcher.com</a10:name></a10:contributor><georss:where><gml:LineString><gml:posList>38.86798 -120.44483 38.86393 -120.44006</gml:posList></gml:LineString></georss:where></item><item><guid isPermaLink="false">cc27a246-8a99-4a6b-8d3e-0fb7f4b61f58</guid><a10:author><a10:name>Simon Hope</a10:name></a10:author><title /><description /><pubDate>Tue, 01 May 2012 21:57:28 +1000</pubDate><a10:link href="http://www.mapbutcher.com/" /><a10:rights type="text">Copyright 2011</a10:rights><a10:content type="text"></a10:content><a10:contributor><a10:name>mapbutcher@mapbutcher.com</a10:name></a10:contributor><georss:where><gml:LineString><gml:posList>38.89463 -123.36917 38.89454 -123.37213 38.89297 -123.37856 38.89677 -123.38763 38.90121 -123.39083 38.90142 -123.39853 38.90669 -123.40414 38.90735 -123.41187 38.91309 -123.41691 38.91917 -123.42552 38.92292 -123.43579 38.92477 -123.44891 38.92542 -123.45724 38.92707 -123.46206 38.92966 -123.46635 38.93053 -123.46758 38.93359 -123.4713 38.92987 -123.47405 38.92562 -123.47915 38.9206 -123.48006 38.91552 -123.48274 38.91303 -123.48971 38.90807 -123.48885 38.90434 -123.49219 38.90469 -123.49516 38.90043 -123.50085 38.89106 -123.5098 38.88897 -123.50436 38.88496 -123.50237 38.8823 -123.50045 38.87771 -123.50197 38.87843 -123.50793 38.87784 -123.51203 38.87506 -123.51366 38.87304 -123.52005 38.87076 -123.52052 38.86929 -123.52399 38.86777 -123.52863 38.86845 -123.53577 38.86656 -123.53803 38.86501 -123.54386 38.86 -123.55836 38.85382 -123.56689 38.86136 -123.57204 38.86778 -123.57004 38.87136 -123.57143 38.86938 -123.57664 38.87385 -123.57866 38.87759 -123.58893 38.88206 -123.59095 38.88507 -123.59586 38.88864 -123.59783 38.89303 -123.60222 38.89963 -123.60851 38.90542 -123.61179 38.90932 -123.61734 38.91509 -123.62123 38.91678 -123.62488 38.91896 -123.62737 38.92133 -123.62454 38.92448 -123.62531 38.92383 -123.6312 38.92696 -123.63255 38.93048 -123.63572 38.93401 -123.63888 38.93751 -123.64263 38.94011 -123.64633 38.944 -123.65188 38.94833 -123.65805 38.95003 -123.6617 38.94754 -123.66808 38.9466 -123.6692 38.94329 -123.67316 38.94346 -123.68146 38.93962 -123.68775 38.94294 -123.69682 38.94252 -123.70924 38.94593 -123.71595 38.94254 -123.72227 38.94637 -123.72959 38.95404 -123.73325 38.95485 -123.73364</gml:posList></gml:LineString></georss:where></item><item><guid isPermaLink="false">d3b7ee7f-326d-4760-b655-84e93a08e35b</guid><a10:author><a10:name>Simon Hope</a10:name></a10:author><title /><description /><pubDate>Tue, 01 May 2012 21:57:28 +1000</pubDate><a10:link href="http://www.mapbutcher.com/" /><a10:rights type="text">Copyright 2011</a10:rights><a10:content type="text"></a10:content><a10:contributor><a10:name>mapbutcher@mapbutcher.com</a10:name></a10:contributor><georss:where><gml:LineString><gml:posList>38.89082 -121.12683 38.89201 -121.13987 38.89235 -121.14816 38.89678 -121.15594 38.89851 -121.1619 38.89887 -121.169 38.89835 -121.17431 38.89946 -121.19207 38.8988 -121.20743 38.89368 -121.21677 38.88938 -121.23322 38.89012 -121.24506 38.89496 -121.25523 38.89618 -121.26532 38.89329 -121.27707 38.88955 -121.28467 38.88314 -121.28924 38.88304 -121.29633 38.88374 -121.31054 38.88407 -121.31882 38.88126 -121.32526 38.87748 -121.33522 38.8756 -121.3399 38.87222 -121.354 38.8667 -121.35918 38.86433 -121.36621 38.8563 -121.38728 38.86021 -121.39861 38.85831 -121.40388 38.85997 -121.41398 38.85718 -121.41863 38.85835 -121.43108 38.8623 -121.43886 38.85942 -121.44942 38.86065 -121.45773 38.85775 -121.46888 38.85848 -121.48013 38.85516 -121.48891 38.85496 -121.5019 38.8517 -121.50713 38.8514 -121.52544</gml:posList></gml:LineString></georss:where></item><item><guid isPermaLink="false">20ee1415-5326-45da-8125-e75df3fc86a8</guid><a10:author><a10:name>Simon Hope</a10:name></a10:author><title /><description /><pubDate>Tue, 01 May 2012 21:57:28 +1000</pubDate><a10:link href="http://www.mapbutcher.com/" /><a10:rights type="text">Copyright 2011</a10:rights><a10:content type="text"></a10:content><a10:contributor><a10:name>mapbutcher@mapbutcher.com</a10:name></a10:contributor><georss:where><gml:LineString><gml:posList>38.91553 -121.03748 38.90593 -121.04437 38.89901 -121.05369 38.89586 -121.05184 38.89006 -121.04462 38.88681 -121.05047 38.88216 -121.06042 38.87088 -121.05545 38.86364 -121.0553 38.85996 -121.05936 38.8532 -121.05625 38.84866 -121.05675 38.84591 -121.05905 38.84542 -121.062</gml:posList></gml:LineString></georss:where></item><item><guid isPermaLink="false">0c115070-66df-43ea-b20c-3c6b47c1e745</guid><a10:author><a10:name>Simon Hope</a10:name></a10:author><title /><description /><pubDate>Tue, 01 May 2012 21:57:28 +1000</pubDate><a10:link href="http://www.mapbutcher.com/" /><a10:rights type="text">Copyright 2011</a10:rights><a10:content type="text"></a10:content><a10:contributor><a10:name>mapbutcher@mapbutcher.com</a10:name></a10:contributor><georss:where><gml:LineString><gml:posList>38.83124 -122.73214 38.83593 -122.74358 38.83723 -122.746 38.8417 -122.74857 38.84525 -122.75168 38.84787 -122.75534 38.85088 -122.76139 38.85207 -122.76794 38.85557 -122.77283 38.86041 -122.77837 38.86527 -122.78333 38.87103 -122.78831 38.87723 -122.79392 38.8812 -122.79824 38.88284 -122.80482 38.88493 -122.81142 38.8853 -122.81439 38.88502 -122.82503 38.8812 -122.83195 38.88365 -122.84212 38.89228 -122.85848 38.90287 -122.85246 38.90682 -122.85738 38.9123 -122.85586 38.91692 -122.85311 38.9202 -122.84912 38.92346 -122.84572 38.92623 -122.84407 38.92852 -122.84299 38.9361 -122.84808 38.94389 -122.84489 38.94491 -122.84078 38.94952 -122.83804 38.95364 -122.83645 38.95639 -122.83539 38.96228 -122.83566 38.96814 -122.83711 38.97262 -122.8391 38.97663 -122.84165 38.98111 -122.84363 38.98745 -122.84393 38.99194 -122.84591 38.99695 -122.84495 39.001 -122.84632 39.00653 -122.84303 39.01377 -122.82677 39.0186 -122.81573</gml:posList></gml:LineString></georss:where></item><item><guid isPermaLink="false">b4183b7e-6ceb-43d0-a937-3696ce35fb04</guid><a10:author><a10:name>Simon Hope</a10:name></a10:author><title /><description /><pubDate>Tue, 01 May 2012 21:57:28 +1000</pubDate><a10:link href="http://www.mapbutcher.com/" /><a10:rights type="text">Copyright 2011</a10:rights><a10:content type="text"></a10:content><a10:contributor><a10:name>mapbutcher@mapbutcher.com</a10:name></a10:contributor><georss:where><gml:LineString><gml:posList>38.83006 -123.22624 38.83065 -123.23691 38.84357 -123.24467 38.85681 -123.2418 38.86132 -123.24262 38.86784 -123.25183 38.88 -123.25482 38.8847 -123.26453 38.88787 -123.26469 38.89017 -123.26363 38.89482 -123.25973 38.89855 -123.25637 38.90221 -123.25538 38.90542 -123.25436 38.90808 -123.25627 38.91114 -123.25998 38.91098 -123.2653 38.90995 -123.26939 38.90886 -123.27525 38.91089 -123.28304 38.9147 -123.29212 38.92084 -123.29895 38.92788 -123.30583 38.93448 -123.31268 38.93888 -123.31706 38.94185 -123.32373 38.94755 -123.32995 38.95894 -123.34299 38.96068 -123.34544 38.96146 -123.34963 38.9614 -123.35141 38.96133 -123.35378 38.9612 -123.35791 38.96238 -123.3639 38.96172 -123.37038 38.96061 -123.37683 38.95937 -123.38742 38.96002 -123.39575 38.96257 -123.40121 38.96544 -123.41084 38.9702 -123.41821 38.97656 -123.41796 38.98418 -123.42074 38.98886 -123.43047 38.99232 -123.43599 38.9953 -123.44208 38.99875 -123.44759 39.00272 -123.45137 39.00979 -123.45708 39.0186 -123.46527 39.02343 -123.47028 39.02928 -123.48601 39.03604 -123.48756 39.04202 -123.48493 39.0374 -123.47341 39.03391 -123.46907 39.03138 -123.46301 39.02898 -123.4528 39.03291 -123.44353 39.03885 -123.44207 39.04159 -123.44163 39.04506 -123.44656 39.04919 -123.445 39.05291 -123.44224</gml:posList></gml:LineString></georss:where></item><item><guid isPermaLink="false">28c56380-3a55-4c64-96fa-176fa486fb4e</guid><a10:author><a10:name>Simon Hope</a10:name></a10:author><title /><description /><pubDate>Tue, 01 May 2012 21:57:28 +1000</pubDate><a10:link href="http://www.mapbutcher.com/" /><a10:rights type="text">Copyright 2011</a10:rights><a10:content type="text"></a10:content><a10:contributor><a10:name>mapbutcher@mapbutcher.com</a10:name></a10:contributor><georss:where><gml:LineString><gml:posList>38.82464 -120.35804 38.82462 -120.36158</gml:posList></gml:LineString></georss:where></item><item><guid isPermaLink="false">9255a0e2-6153-4c66-b8e2-0ef1c1d5211f</guid><a10:author><a10:name>Simon Hope</a10:name></a10:author><title /><description /><pubDate>Tue, 01 May 2012 21:57:28 +1000</pubDate><a10:link href="http://www.mapbutcher.com/" /><a10:rights type="text">Copyright 2011</a10:rights><a10:content type="text"></a10:content><a10:contributor><a10:name>mapbutcher@mapbutcher.com</a10:name></a10:contributor><georss:where><gml:LineString><gml:posList>38.82459 -120.36572 38.82462 -120.36158</gml:posList></gml:LineString></georss:where></item><item><guid isPermaLink="false">397614c0-91b8-4efb-a025-2a66c68aace8</guid><a10:author><a10:name>Simon Hope</a10:name></a10:author><title /><description /><pubDate>Tue, 01 May 2012 21:57:28 +1000</pubDate><a10:link href="http://www.mapbutcher.com/" /><a10:rights type="text">Copyright 2011</a10:rights><a10:content type="text"></a10:content><a10:contributor><a10:name>mapbutcher@mapbutcher.com</a10:name></a10:contributor><georss:where><gml:LineString><gml:posList>38.82101 -123.00827 38.8283 -123.00685 38.83359 -123.01243 38.84109 -123.01988 38.85171 -123.02926 38.86053 -123.03796 38.86769 -123.04128 38.87756 -123.0453 38.88188 -123.05261 38.89635 -123.0539 38.90588 -123.05378 38.91937 -123.05799 38.92849 -123.05607 38.9329 -123.06042 38.93857 -123.0684 38.9406 -123.07679 38.94717 -123.0848 38.95015 -123.09146 38.95134 -123.09744 38.95355 -123.09933 38.96117 -123.10267 38.96745 -123.10476 38.97651 -123.1052 38.98738 -123.10574 38.99634 -123.10974 39.0018 -123.10883 39.01162 -123.11465 39.02319 -123.12234 39.0339 -123.1282 39.04153 -123.13096 39.04597 -123.13414 39.05444 -123.13931 39.06111 -123.14379</gml:posList></gml:LineString></georss:where></item><item><guid isPermaLink="false">55d9fd71-2755-4a58-9fbc-d831c8cad396</guid><a10:author><a10:name>Simon Hope</a10:name></a10:author><title /><description /><pubDate>Tue, 01 May 2012 21:57:28 +1000</pubDate><a10:link href="http://www.mapbutcher.com/" /><a10:rights type="text">Copyright 2011</a10:rights><a10:content type="text"></a10:content><a10:contributor><a10:name>mapbutcher@mapbutcher.com</a10:name></a10:contributor><georss:where><gml:LineString><gml:posList>38.84401 -120.23714 38.83722 -120.23589 38.83315 -120.23349 38.82497 -120.23754 38.82448 -120.24345 38.82217 -120.24992 38.82033 -120.25581 38.81393 -120.26341 38.80892 -120.26809 38.80844 -120.27222 38.81021 -120.27814 38.81565 -120.27938 38.81516 -120.2841 38.81513 -120.29 38.82096 -120.29893 38.82503 -120.30075 38.82454 -120.30665 38.81903 -120.31781</gml:posList></gml:LineString></georss:where></item><item><guid isPermaLink="false">89e50429-957f-4b95-9270-bb4b511ce501</guid><a10:author><a10:name>Simon Hope</a10:name></a10:author><title /><description /><pubDate>Tue, 01 May 2012 21:57:28 +1000</pubDate><a10:link href="http://www.mapbutcher.com/" /><a10:rights type="text">Copyright 2011</a10:rights><a10:content type="text"></a10:content><a10:contributor><a10:name>mapbutcher@mapbutcher.com</a10:name></a10:contributor><georss:where><gml:LineString><gml:posList>38.82462 -120.36158 38.82416 -120.36217 38.82098 -120.36331 38.81596 -120.36797 38.81411 -120.37327 38.81767 -120.38276 38.80483 -120.40327 38.80386 -120.41153 38.80379 -120.42216 38.8028 -120.43218 38.80503 -120.43811 38.80864 -120.44052 38.81813 -120.44301 38.82897 -120.44846 38.83446 -120.44204 38.84125 -120.44331 38.84489 -120.4404 38.85122 -120.44284 38.85254 -120.44877 38.85253 -120.44936</gml:posList></gml:LineString></georss:where></item><item><guid isPermaLink="false">02af27f5-5294-40df-b5c7-df757dffc554</guid><a10:author><a10:name>Simon Hope</a10:name></a10:author><title /><description /><pubDate>Tue, 01 May 2012 21:57:28 +1000</pubDate><a10:link href="http://www.mapbutcher.com/" /><a10:rights type="text">Copyright 2011</a10:rights><a10:content type="text"></a10:content><a10:contributor><a10:name>mapbutcher@mapbutcher.com</a10:name></a10:contributor><georss:where><gml:LineString><gml:posList>38.80229 -121.71957 38.8054 -121.72321 38.8113 -121.7228 38.81487 -121.72586 38.81988 -121.72484 38.82848 -121.72569 38.83649 -121.73361 38.84061 -121.73138 38.84514 -121.73151 38.84836 -121.72925 38.85159 -121.72639 38.85332 -121.73058 38.85738 -121.73189 38.86012 -121.73079 38.86186 -121.73498 38.86623 -121.74398 38.87025 -121.74706 38.87194 -121.75362 38.86735 -121.75703 38.86449 -121.76462 38.86161 -121.7734 38.85829 -121.78156 38.8632 -121.78586 38.86623 -121.79364 38.86604 -121.80368 38.87144 -121.80563 38.87803 -121.81707 38.88163 -121.81837 38.88623 -121.81496 38.89002 -121.80621 38.89322 -121.80454 38.89592 -121.80581 38.89964 -121.80061 38.90433 -121.79247 38.90884 -121.79379 38.90725 -121.80617 38.91033 -121.811 38.91265 -121.80811 38.91745 -121.81832 38.92484 -121.83512 38.93029 -121.8347 38.93944 -121.83026 38.943 -121.83393 38.9493 -121.83649 38.95609 -121.83672 38.96075 -121.83035 38.96978 -121.83242 38.97036 -121.82533 38.97635 -121.8202 38.98224 -121.82039 38.98726 -121.81877 38.98643 -121.8146 38.98705 -121.80573 38.98805 -121.80044 38.99083 -121.79697 38.994 -121.79707 38.99625 -121.79832 38.99795 -121.80431 39.00545 -121.8158 39.01756 -121.82269 39.03068 -121.8243 39.03423 -121.82856 39.03872 -121.83048 39.04406 -121.83599 39.05218 -121.83804 39.05674 -121.837 39.0626 -121.83837 39.06481 -121.8414 39.07014 -121.8475 39.06859 -121.85753 39.06786 -121.87173 39.07172 -121.88371 39.07394 -121.88616 39.07837 -121.89164 39.08429 -121.89006 39.09011 -121.89381 39.09242 -121.89151 39.09554 -121.89458 39.10217 -121.9031 39.11256 -121.90522 39.1148 -121.90649 39.11567 -121.90888 39.12062 -121.91024 39.12237 -121.91385 39.12404 -121.92103 39.12893 -121.92653 39.13061 -121.93311 39.14008 -121.93581 39.14103 -121.93346 39.14163 -121.92577 39.14212 -121.924 39.14362 -121.91693 39.14954 -121.91535 39.1549 -121.91969 39.16595 -121.9343 39.17536 -121.93996 39.18347 -121.9426 39.18714 -121.94035 39.19266 -121.93638</gml:posList></gml:LineString></georss:where></item><item><guid isPermaLink="false">36fa396e-fde4-43f0-871f-ed14a39c59a3</guid><a10:author><a10:name>Simon Hope</a10:name></a10:author><title /><description /><pubDate>Tue, 01 May 2012 21:57:28 +1000</pubDate><a10:link href="http://www.mapbutcher.com/" /><a10:rights type="text">Copyright 2011</a10:rights><a10:content type="text"></a10:content><a10:contributor><a10:name>mapbutcher@mapbutcher.com</a10:name></a10:contributor><georss:where><gml:LineString><gml:posList>38.80229 -121.71957 38.79807 -121.72712 38.79704 -121.73418 38.79942 -121.75315 38.81255 -121.77837 38.82215 -121.79875 38.82944 -121.82143 38.83629 -121.84292 38.84014 -121.85487 38.84266 -121.86559 38.84509 -121.88044 38.84711 -121.8935 38.85423 -121.90024 38.87073 -121.91438 38.87981 -121.91409 38.89975 -121.91416 38.91426 -121.91405 38.92424 -121.91379 38.9352 -121.91001 38.94477 -121.90736 38.95061 -121.90993 38.95999 -121.91734 38.96624 -121.92228 38.98032 -121.94407 38.99447 -121.96231 39.00556 -121.97453 39.0091 -121.9788</gml:posList></gml:LineString></georss:where></item><item><guid isPermaLink="false">6ba47375-bc5e-4eb2-9dc3-24c3a997a192</guid><a10:author><a10:name>Simon Hope</a10:name></a10:author><title /><description /><pubDate>Tue, 01 May 2012 21:57:28 +1000</pubDate><a10:link href="http://www.mapbutcher.com/" /><a10:rights type="text">Copyright 2011</a10:rights><a10:content type="text"></a10:content><a10:contributor><a10:name>mapbutcher@mapbutcher.com</a10:name></a10:contributor><georss:where><gml:LineString><gml:posList>38.83265 -121.23779 38.82713 -121.24356 38.82382 -121.25352 38.82278 -121.26236 38.81182 -121.26859 38.80949 -121.27267 38.81074 -121.28038 38.80783 -121.29389 38.80628 -121.30685 38.80617 -121.31452 38.80472 -121.32039 38.80415 -121.32864 38.80219 -121.33804 38.80026 -121.34626 38.79364 -121.3644 38.79127 -121.37142 38.7943 -121.38036 38.79876 -121.3858 38.80184 -121.39178 38.80447 -121.39716 38.80708 -121.40432 38.80737 -121.41555 38.80853 -121.42799 38.80878 -121.44098 38.81035 -121.45638 38.81149 -121.47059 38.81136 -121.47885 38.80903 -121.48233 38.80987 -121.48649 38.80841 -121.49294 38.80739 -121.50001 38.79821 -121.50684 38.79677 -121.51212 38.79606 -121.52805</gml:posList></gml:LineString></georss:where></item><item><guid isPermaLink="false">fe7b3107-d343-41e9-a783-b211e33e5b5f</guid><a10:author><a10:name>Simon Hope</a10:name></a10:author><title /><description /><pubDate>Tue, 01 May 2012 21:57:28 +1000</pubDate><a10:link href="http://www.mapbutcher.com/" /><a10:rights type="text">Copyright 2011</a10:rights><a10:content type="text"></a10:content><a10:contributor><a10:name>mapbutcher@mapbutcher.com</a10:name></a10:contributor><georss:where><gml:LineString><gml:posList>38.85253 -120.44936 38.85107 -120.46234 38.84918 -120.47295 38.84511 -120.47172 38.84275 -120.48291 38.84132 -120.49235 38.84131 -120.49413 38.83945 -120.49941 38.83939 -120.5071 38.84481 -120.50953 38.84739 -120.52611 38.85056 -120.52675 38.85326 -120.52856 38.85366 -120.53447 38.84999 -120.54033 38.84681 -120.54147 38.8423 -120.53904 38.83466 -120.53065 38.82646 -120.53586 38.82371 -120.53936 38.82402 -120.5565 38.81668 -120.56584 38.81262 -120.56401 38.81033 -120.56693 38.81297 -120.57583 38.80703 -120.58105 38.80344 -120.57687 38.79612 -120.58562 38.78971 -120.59261</gml:posList></gml:LineString></georss:where></item><item><guid isPermaLink="false">eb4f02ff-61ed-46ff-874b-11c982b4db4a</guid><a10:author><a10:name>Simon Hope</a10:name></a10:author><title /><description /><pubDate>Tue, 01 May 2012 21:57:28 +1000</pubDate><a10:link href="http://www.mapbutcher.com/" /><a10:rights type="text">Copyright 2011</a10:rights><a10:content type="text"></a10:content><a10:contributor><a10:name>mapbutcher@mapbutcher.com</a10:name></a10:contributor><georss:where><gml:LineString><gml:posList>38.93748 -121.58347 38.93206 -121.58212 38.91855 -121.57701 38.91448 -121.5763 38.91265 -121.57743 38.90988 -121.58031 38.90164 -121.5848 38.89937 -121.58533 38.89703 -121.5894 38.89513 -121.59467 38.89233 -121.59932 38.88949 -121.60633 38.88575 -121.61332 38.87757 -121.61427 38.86612 -121.62103 38.85418 -121.63014 38.84278 -121.63394 38.82132 -121.64276 38.81461 -121.63784 38.80693 -121.63584 38.79744 -121.63438 38.79026 -121.63004 38.78445 -121.62514</gml:posList></gml:LineString></georss:where></item><item><guid isPermaLink="false">9b64b18b-cb7f-4237-be4f-97454a54571d</guid><a10:author><a10:name>Simon Hope</a10:name></a10:author><title /><description /><pubDate>Tue, 01 May 2012 21:57:28 +1000</pubDate><a10:link href="http://www.mapbutcher.com/" /><a10:rights type="text">Copyright 2011</a10:rights><a10:content type="text"></a10:content><a10:contributor><a10:name>mapbutcher@mapbutcher.com</a10:name></a10:contributor><georss:where><gml:LineString><gml:posList>38.78016 -121.61085 38.78988 -121.59932 38.79435 -121.60299 38.79841 -121.60429 38.80436 -121.60091 38.80935 -121.60106 38.81214 -121.59641 38.80997 -121.59103 38.81181 -121.58932 38.81723 -121.59065 38.82529 -121.5962 38.83075 -121.59518 38.8327 -121.58696 38.83458 -121.58347 38.83735 -121.58 38.84103 -121.57716 38.84558 -121.5761 38.84912 -121.58093 38.85633 -121.5835 38.86586 -121.58318 38.87184 -121.57803 38.87962 -121.57352 38.8871 -121.55955 38.88812 -121.55307 38.88868 -121.54659 38.88887 -121.53477 38.89305 -121.52897 38.89447 -121.52546 38.89777 -121.51727 38.90198 -121.5097 38.90927 -121.50753 38.91534 -121.49646 38.9165 -121.48052 38.92344 -121.47184 38.92673 -121.46424 38.93091 -121.45785 38.93468 -121.44907 38.93704 -121.44321 38.93585 -121.43195 38.93559 -121.41951 38.93578 -121.40709 38.9359 -121.39941 38.93372 -121.39403 38.93063 -121.38862 38.92707 -121.3838 38.93177 -121.37327 38.93429 -121.35617 38.93725 -121.34027 38.94376 -121.32919 38.95567 -121.32062 38.96213 -121.31309 38.96635 -121.30313 38.96963 -121.29552 38.97426 -121.28912 38.9748 -121.2832 38.9799 -121.27504 38.98773 -121.26635 38.99079 -121.24274 38.98593 -121.23375 38.98155 -121.2224 38.97579 -121.21279 38.96915 -121.20079 38.9671 -121.18536 38.9673 -121.17056 38.96807 -121.14632 38.96857 -121.14337</gml:posList></gml:LineString></georss:where></item><item><guid isPermaLink="false">7d872d5c-60ac-455c-9ca8-912ce80c1ad2</guid><a10:author><a10:name>Simon Hope</a10:name></a10:author><title /><description /><pubDate>Tue, 01 May 2012 21:57:28 +1000</pubDate><a10:link href="http://www.mapbutcher.com/" /><a10:rights type="text">Copyright 2011</a10:rights><a10:content type="text"></a10:content><a10:contributor><a10:name>mapbutcher@mapbutcher.com</a10:name></a10:contributor><georss:where><gml:LineString><gml:posList>38.78016 -121.61085 38.78193 -121.61385 38.78445 -121.62514</gml:posList></gml:LineString></georss:where></item><item><guid isPermaLink="false">fc042bed-34c7-4f06-a1cc-2d72c78517c2</guid><a10:author><a10:name>Simon Hope</a10:name></a10:author><title /><description /><pubDate>Tue, 01 May 2012 21:57:28 +1000</pubDate><a10:link href="http://www.mapbutcher.com/" /><a10:rights type="text">Copyright 2011</a10:rights><a10:content type="text"></a10:content><a10:contributor><a10:name>mapbutcher@mapbutcher.com</a10:name></a10:contributor><georss:where><gml:LineString><gml:posList>38.81908 -120.06443 38.8145 -120.07561 38.81129 -120.0815 38.80991 -120.08622 38.80717 -120.09151 38.80306 -120.09679 38.80032 -120.1009 38.80165 -120.10682 38.80119 -120.10976 38.79889 -120.11565 38.79887 -120.12096 38.80336 -120.12926 38.80379 -120.13341 38.8015 -120.13752 38.79741 -120.14103 38.79376 -120.14394 38.78783 -120.15098 38.78374 -120.15448 38.78278 -120.16333 38.78495 -120.18224 38.78531 -120.19877 38.78299 -120.20819 38.78023 -120.21525 38.77837 -120.22231 38.77965 -120.2365 38.77778 -120.24651 38.77545 -120.25652 38.77395 -120.28011 38.76938 -120.28538 38.7711 -120.29898 38.76514 -120.31071</gml:posList></gml:LineString></georss:where></item><item><guid isPermaLink="false">c4034348-9d49-4b28-84fd-eb1298072fba</guid><a10:author><a10:name>Simon Hope</a10:name></a10:author><title /><description /><pubDate>Tue, 01 May 2012 21:57:28 +1000</pubDate><a10:link href="http://www.mapbutcher.com/" /><a10:rights type="text">Copyright 2011</a10:rights><a10:content type="text"></a10:content><a10:contributor><a10:name>mapbutcher@mapbutcher.com</a10:name></a10:contributor><georss:where><gml:LineString><gml:posList>38.78971 -120.59261 38.79418 -120.59917 38.79322 -120.60506 38.79955 -120.6081 38.79401 -120.61806 38.79391 -120.62927 38.79018 -120.64102 38.79325 -120.6517 38.79092 -120.65874 38.78498 -120.66338 38.78655 -120.68878 38.77792 -120.6916 38.77563 -120.69334 38.77334 -120.69625 38.77102 -120.70152 38.77097 -120.70743 38.77317 -120.71336 38.77676 -120.71756 38.77527 -120.72993 38.77113 -120.73576 38.77335 -120.74111 38.77649 -120.74471 38.77278 -120.75291 38.77364 -120.75764 38.77813 -120.76126 38.77581 -120.76653 38.78029 -120.77193 38.78246 -120.78141 38.7766 -120.77776 38.76976 -120.78236 38.76478 -120.7811 38.7624 -120.79227 38.76875 -120.79238 38.76915 -120.79711 38.76317 -120.80527 38.76945 -120.81187 38.76805 -120.81539 38.76524 -120.8236 38.76884 -120.82661 38.77187 -120.83966 38.76949 -120.84965 38.77949 -120.84688 38.78036 -120.85103 38.78165 -120.85754 38.78705 -120.8606 38.78792 -120.86416 38.78968 -120.86832 38.79143 -120.87426 38.79683 -120.87849 38.79997 -120.88151 38.80176 -120.88332 38.80489 -120.88751 38.81561 -120.9013 38.81284 -120.90598 38.8088 -120.90235 38.80558 -120.90643 38.80326 -120.91051 38.80138 -120.91697 38.80498 -120.91882 38.80768 -120.92064 38.81036 -120.92423 38.81392 -120.92962 38.81744 -120.93973 38.82287 -120.93983 38.82417 -120.94518 38.8164 -120.95034 38.81992 -120.95985 38.81439 -120.96742 38.81033 -120.96558 38.80578 -120.96725 38.80472 -120.98022 38.80199 -120.98076 38.7929 -120.98293 38.78703 -120.98104 38.78157 -120.9827 38.77789 -120.98735 38.77231 -120.99905 38.76822 -121.00014 38.76269 -121.00711</gml:posList></gml:LineString></georss:where></item><item><guid isPermaLink="false">76af5933-9779-4f58-924f-5ad335c6065a</guid><a10:author><a10:name>Simon Hope</a10:name></a10:author><title /><description /><pubDate>Tue, 01 May 2012 21:57:28 +1000</pubDate><a10:link href="http://www.mapbutcher.com/" /><a10:rights type="text">Copyright 2011</a10:rights><a10:content type="text"></a10:content><a10:contributor><a10:name>mapbutcher@mapbutcher.com</a10:name></a10:contributor><georss:where><gml:LineString><gml:posList>38.76269 -121.00711 38.76216 -121.01359 38.76848 -121.0155 38.7739 -121.01738 38.77522 -121.02036 38.77141 -121.03503 38.77272 -121.03919</gml:posList></gml:LineString></georss:where></item><item><guid isPermaLink="false">c2ff5ddd-871c-48b4-9d21-04162a0d8b25</guid><a10:author><a10:name>Simon Hope</a10:name></a10:author><title /><description /><pubDate>Tue, 01 May 2012 21:57:28 +1000</pubDate><a10:link href="http://www.mapbutcher.com/" /><a10:rights type="text">Copyright 2011</a10:rights><a10:content type="text"></a10:content><a10:contributor><a10:name>mapbutcher@mapbutcher.com</a10:name></a10:contributor><georss:where><gml:LineString><gml:posList>38.76514 -120.31071 38.76094 -120.32896 38.76128 -120.34549 38.76071 -120.36142 38.76378 -120.3768 38.76418 -120.38448 38.76999 -120.39458 38.77082 -120.4058 38.77254 -120.41881 38.77066 -120.42705 38.76743 -120.43468 38.76602 -120.44115 38.76775 -120.4518 38.77088 -120.45834 38.7781 -120.46256 38.77667 -120.4708 38.77296 -120.48138 38.76704 -120.48485 38.76736 -120.50138 38.76277 -120.50899 38.76635 -120.51435 38.76489 -120.52673 38.76527 -120.53558 38.76749 -120.54092 38.77065 -120.54274 38.77514 -120.54812 38.77687 -120.55759 38.77682 -120.56348 38.77587 -120.56819 38.7772 -120.57175 38.78442 -120.576 38.78382 -120.59193 38.78971 -120.59261</gml:posList></gml:LineString></georss:where></item><item><guid isPermaLink="false">a396ee67-f8c8-46b4-824d-9b05d352ded0</guid><a10:author><a10:name>Simon Hope</a10:name></a10:author><title /><description /><pubDate>Tue, 01 May 2012 21:57:28 +1000</pubDate><a10:link href="http://www.mapbutcher.com/" /><a10:rights type="text">Copyright 2011</a10:rights><a10:content type="text"></a10:content><a10:contributor><a10:name>mapbutcher@mapbutcher.com</a10:name></a10:contributor><georss:where><gml:LineString><gml:posList>38.77762 -123.49707 38.7743 -123.50161 38.77271 -123.50861 38.76761 -123.51188 38.76606 -123.5177 38.75961 -123.52089 38.75906 -123.52381 38.766 -123.53365 38.7662 -123.53535 38.76635 -123.53662</gml:posList></gml:LineString></georss:where></item><item><guid isPermaLink="false">c646bde7-beb8-48fb-acfb-2e45617bc585</guid><a10:author><a10:name>Simon Hope</a10:name></a10:author><title /><description /><pubDate>Tue, 01 May 2012 21:57:28 +1000</pubDate><a10:link href="http://www.mapbutcher.com/" /><a10:rights type="text">Copyright 2011</a10:rights><a10:content type="text"></a10:content><a10:contributor><a10:name>mapbutcher@mapbutcher.com</a10:name></a10:contributor><georss:where><gml:LineString><gml:posList>38.78445 -121.62514 38.78075 -121.62976 38.77486 -121.629 38.76976 -121.63593 38.77107 -121.63892 38.77377 -121.64018 38.77458 -121.64552 38.77272 -121.64842 38.77042 -121.65012 38.76911 -121.64713 38.76691 -121.64352 38.76368 -121.64639 38.76452 -121.65054 38.76761 -121.65536 38.76615 -121.66122 38.76112 -121.66343 38.75624 -121.65738 38.75389 -121.66203 38.75154 -121.66727 38.75017 -121.66782 38.74565 -121.66651 38.74244 -121.66878 38.74548 -121.67654 38.74996 -121.67962 38.75685 -121.67451 38.76257 -121.68413 38.76519 -121.69011 38.7683 -121.69375 38.77239 -121.69269 38.77789 -121.68932 38.78375 -121.69125 38.78782 -121.69197 38.79192 -121.69091 38.79639 -121.6946 38.79994 -121.69883 38.80255 -121.70482 38.80195 -121.71307 38.80229 -121.71957</gml:posList></gml:LineString></georss:where></item><item><guid isPermaLink="false">cdf7d3df-64bc-4568-a4aa-3f8192676b9a</guid><a10:author><a10:name>Simon Hope</a10:name></a10:author><title /><description /><pubDate>Tue, 01 May 2012 21:57:28 +1000</pubDate><a10:link href="http://www.mapbutcher.com/" /><a10:rights type="text">Copyright 2011</a10:rights><a10:content type="text"></a10:content><a10:contributor><a10:name>mapbutcher@mapbutcher.com</a10:name></a10:contributor><georss:where><gml:LineString><gml:posList>38.74734 -122.71485 38.7423 -122.71699 38.74165 -122.72463 38.74462 -122.73244 38.75218 -122.73808 38.7703 -122.75602 38.77465 -122.76331 38.77893 -122.77294 38.78853 -122.78696 38.79235 -122.79659 38.79892 -122.80574 38.80087 -122.81765 38.80381 -122.82605 38.80532 -122.83735 38.80918 -122.84579 38.81172 -122.85241 38.8124 -122.86072 38.81905 -122.86634 38.82376 -122.8766 38.82401 -122.8843 38.82253 -122.88837 38.82627 -122.90095 38.82549 -122.91273 38.82212 -122.91967 38.81486 -122.91992 38.81117 -122.92211 38.80978 -122.92323 38.80826 -122.92906 38.81033 -122.93626 38.81288 -122.94228 38.81676 -122.94955 38.8143 -122.95653 38.81418 -122.96066 38.8136 -122.96536 38.81393 -122.96951 38.81377 -122.97543 38.81758 -122.98506 38.82069 -122.98757 38.82599 -122.99255 38.82354 -122.99894 38.82101 -123.00827</gml:posList></gml:LineString></georss:where></item><item><guid isPermaLink="false">2290a3fe-07d0-4606-b556-aa85b7ebb62a</guid><a10:author><a10:name>Simon Hope</a10:name></a10:author><title /><description /><pubDate>Tue, 01 May 2012 21:57:28 +1000</pubDate><a10:link href="http://www.mapbutcher.com/" /><a10:rights type="text">Copyright 2011</a10:rights><a10:content type="text"></a10:content><a10:contributor><a10:name>mapbutcher@mapbutcher.com</a10:name></a10:contributor><georss:where><gml:LineString><gml:posList>38.71869 -120.01234 38.72409 -120.02064 38.7327 -120.01952 38.74355 -120.02786 38.75216 -120.02851 38.76437 -120.03332 38.77073 -120.03042 38.78252 -120.02991 38.78934 -120.02465 38.79888 -120.0194 38.81247 -120.02009 38.82515 -120.02313 38.83288 -120.01787 38.85232 -120.02983 38.86959 -120.01872 38.87098 -120.01223 38.87463 -120.00635 38.88373 -119.99577 38.88646 -119.99402 38.89372 -119.99229 38.90232 -119.99471 38.90776 -119.99416 38.91095 -119.99063 38.92182 -119.99129 38.92815 -119.99489 38.93223 -119.99551 38.9431 -119.99854</gml:posList></gml:LineString></georss:where></item><item><guid isPermaLink="false">0a5386b2-0b90-4ea2-aff6-908c8aafa4b7</guid><a10:author><a10:name>Simon Hope</a10:name></a10:author><title /><description /><pubDate>Tue, 01 May 2012 21:57:28 +1000</pubDate><a10:link href="http://www.mapbutcher.com/" /><a10:rights type="text">Copyright 2011</a10:rights><a10:content type="text"></a10:content><a10:contributor><a10:name>mapbutcher@mapbutcher.com</a10:name></a10:contributor><georss:where><gml:LineString><gml:posList>38.74799 -120.59493 38.74432 -120.60018 38.741 -120.61607 38.73222 -120.63422 38.73158 -120.65485 38.72151 -120.66531 38.71597 -120.67584 38.71498 -120.68468</gml:posList></gml:LineString></georss:where></item><item><guid isPermaLink="false">aa67d81d-2f8c-4130-a94b-fa704cbffb17</guid><a10:author><a10:name>Simon Hope</a10:name></a10:author><title /><description /><pubDate>Tue, 01 May 2012 21:57:28 +1000</pubDate><a10:link href="http://www.mapbutcher.com/" /><a10:rights type="text">Copyright 2011</a10:rights><a10:content type="text"></a10:content><a10:contributor><a10:name>mapbutcher@mapbutcher.com</a10:name></a10:contributor><georss:where><gml:LineString><gml:posList>38.71026 -121.17177 38.70858 -121.16229 38.70729 -121.15636</gml:posList></gml:LineString></georss:where></item><item><guid isPermaLink="false">7fa17d96-7dd4-4851-9ba6-a9c4c89c20f1</guid><a10:author><a10:name>Simon Hope</a10:name></a10:author><title /><description /><pubDate>Tue, 01 May 2012 21:57:28 +1000</pubDate><a10:link href="http://www.mapbutcher.com/" /><a10:rights type="text">Copyright 2011</a10:rights><a10:content type="text"></a10:content><a10:contributor><a10:name>mapbutcher@mapbutcher.com</a10:name></a10:contributor><georss:where><gml:LineString><gml:posList>38.71498 -120.68468 38.71496 -120.68703 38.71294 -120.70765 38.71288 -120.71413 38.71735 -120.7207 38.7168 -120.73071 38.71579 -120.74072 38.71122 -120.74477 38.71064 -120.75715 38.7051 -120.76708 38.70548 -120.77416 38.70358 -120.78297 38.70398 -120.7877 38.70299 -120.79535 38.70424 -120.80598 38.70818 -120.81962 38.71614 -120.83746 38.72016 -120.84343 38.72503 -120.85413 38.73039 -120.86131 38.7398 -120.87093 38.737 -120.87795 38.74236 -120.88455 38.73867 -120.89039 38.74536 -120.90054 38.74522 -120.91293 38.7433 -120.92175 38.74054 -120.92582 38.73906 -120.93582 38.73349 -120.94692 38.73706 -120.9523 38.73696 -120.96056 38.74506 -120.96544 38.74824 -120.96492 38.75276 -120.9656 38.75539 -120.97332 38.75847 -120.98106 38.76247 -120.98763 38.75868 -121.00172 38.76269 -121.00711</gml:posList></gml:LineString></georss:where></item><item><guid isPermaLink="false">91b041ef-251b-4832-bf3f-5c37a2c36f69</guid><a10:author><a10:name>Simon Hope</a10:name></a10:author><title /><description /><pubDate>Tue, 01 May 2012 21:57:28 +1000</pubDate><a10:link href="http://www.mapbutcher.com/" /><a10:rights type="text">Copyright 2011</a10:rights><a10:content type="text"></a10:content><a10:contributor><a10:name>mapbutcher@mapbutcher.com</a10:name></a10:contributor><georss:where><gml:LineString><gml:posList>38.70082 -123.41615 38.7029 -123.42216 38.70962 -123.42488 38.71356 -123.42923 38.71836 -123.43539 38.73066 -123.44786 38.74642 -123.46584 38.75038 -123.4696 38.75515 -123.47635 38.7596 -123.47896 38.76362 -123.48095 38.76581 -123.48343 38.77062 -123.48901 38.77413 -123.49274 38.77762 -123.49707</gml:posList></gml:LineString></georss:where></item><item><guid isPermaLink="false">dc7d92a4-47bb-4ceb-99cf-ec5214795dab</guid><a10:author><a10:name>Simon Hope</a10:name></a10:author><title /><description /><pubDate>Tue, 01 May 2012 21:57:28 +1000</pubDate><a10:link href="http://www.mapbutcher.com/" /><a10:rights type="text">Copyright 2011</a10:rights><a10:content type="text"></a10:content><a10:contributor><a10:name>mapbutcher@mapbutcher.com</a10:name></a10:contributor><georss:where><gml:LineString><gml:posList>38.70729 -121.15636 38.69838 -121.14496</gml:posList></gml:LineString></georss:where></item><item><guid isPermaLink="false">e7ce4a5e-1328-4390-98a4-e6076f33e4aa</guid><a10:author><a10:name>Simon Hope</a10:name></a10:author><title /><description /><pubDate>Tue, 01 May 2012 21:57:28 +1000</pubDate><a10:link href="http://www.mapbutcher.com/" /><a10:rights type="text">Copyright 2011</a10:rights><a10:content type="text"></a10:content><a10:contributor><a10:name>mapbutcher@mapbutcher.com</a10:name></a10:contributor><georss:where><gml:LineString><gml:posList>38.69018 -120.18902 38.69887 -120.17554 38.70254 -120.16673 38.70076 -120.16081 38.7035 -120.1573 38.7072 -120.14318 38.7113 -120.1385 38.71183 -120.12435 38.71461 -120.11199 38.70832 -120.10014 38.71109 -120.08837 38.70845 -120.07361 38.7103 -120.06359 38.70764 -120.0506</gml:posList></gml:LineString></georss:where></item><item><guid isPermaLink="false">e3ed7dd8-ba0f-4083-bf57-c29249a1571d</guid><a10:author><a10:name>Simon Hope</a10:name></a10:author><title /><description /><pubDate>Tue, 01 May 2012 21:57:28 +1000</pubDate><a10:link href="http://www.mapbutcher.com/" /><a10:rights type="text">Copyright 2011</a10:rights><a10:content type="text"></a10:content><a10:contributor><a10:name>mapbutcher@mapbutcher.com</a10:name></a10:contributor><georss:where><gml:LineString><gml:posList>38.69018 -120.18902 38.6906 -120.19492 38.69193 -120.20083 38.69372 -120.20438 38.69461 -120.20792 38.70046 -120.21447 38.70407 -120.21804 38.70903 -120.22222 38.71309 -120.2258 38.7176 -120.22879 38.7203 -120.23177 38.72254 -120.23651 38.72568 -120.24126 38.72929 -120.24425 38.73152 -120.25076 38.73558 -120.25434 38.73783 -120.25554 38.74009 -120.25793 38.74549 -120.26447 38.74954 -120.26805 38.75404 -120.27341 38.75538 -120.27814 38.75671 -120.2817 38.7594 -120.28645 38.76118 -120.2906 38.76252 -120.29417 38.76514 -120.31071</gml:posList></gml:LineString></georss:where></item><item><guid isPermaLink="false">97e6a6ff-2343-4e78-a2a7-1694b012b123</guid><a10:author><a10:name>Simon Hope</a10:name></a10:author><title /><description /><pubDate>Tue, 01 May 2012 21:57:28 +1000</pubDate><a10:link href="http://www.mapbutcher.com/" /><a10:rights type="text">Copyright 2011</a10:rights><a10:content type="text"></a10:content><a10:contributor><a10:name>mapbutcher@mapbutcher.com</a10:name></a10:contributor><georss:where><gml:LineString><gml:posList>38.70729 -121.15636 38.69991 -121.16681 38.68535 -121.17061 38.68398 -121.17117</gml:posList></gml:LineString></georss:where></item><item><guid isPermaLink="false">b37b91ae-f93a-489a-b2dd-28a6615e1497</guid><a10:author><a10:name>Simon Hope</a10:name></a10:author><title /><description /><pubDate>Tue, 01 May 2012 21:57:28 +1000</pubDate><a10:link href="http://www.mapbutcher.com/" /><a10:rights type="text">Copyright 2011</a10:rights><a10:content type="text"></a10:content><a10:contributor><a10:name>mapbutcher@mapbutcher.com</a10:name></a10:contributor><georss:where><gml:LineString><gml:posList>38.92346 -122.33621 38.91989 -122.3337 38.92041 -122.33076 38.92097 -122.32605 38.91784 -122.32416 38.91196 -122.32334 38.91071 -122.31856 38.90533 -122.31598 38.90846 -122.29777 38.90992 -122.29368 38.91141 -122.28782 38.91398 -122.27431 38.91327 -122.26541 38.91147 -122.26476 38.90655 -122.26161 38.90206 -122.25967 38.90366 -122.24908 38.90194 -122.24487 38.89878 -122.24416 38.89162 -122.23975 38.8872 -122.23486 38.88096 -122.22989 38.88161 -122.22104 38.88079 -122.21687 38.87822 -122.21027 38.87503 -122.21075 38.87181 -122.21299 38.86451 -122.21508 38.8602 -122.20487 38.85429 -122.20525 38.84943 -122.19975 38.84586 -122.19725 38.84185 -122.19356 38.83427 -122.18796 38.83207 -122.18492 38.82943 -122.18127 38.82631 -122.1788 38.82229 -122.1757 38.81644 -122.17371 38.80924 -122.17108 38.8016 -122.16785 38.78815 -122.16087 38.78274 -122.15948 38.77737 -122.15633 38.77247 -122.15202 38.76711 -122.14829 38.75998 -122.14272 38.75111 -122.13354 38.74321 -122.12086 38.74204 -122.11197 38.74162 -122.11077 38.73941 -122.10774 38.73536 -122.10642 38.7299 -122.10741 38.72047 -122.10294 38.71382 -122.09562 38.71078 -122.08903 38.71228 -122.08259 38.7116 -122.07195 38.71138 -122.06073 38.70902 -122.04295 38.71138 -122.01649 38.71122 -122.00173 38.71052 -121.99168 38.70885 -121.98454 38.70275 -121.97195 38.6967 -121.957 38.69547 -121.95047 38.69467 -121.94513 38.69519 -121.9416 38.69527 -121.93807 38.69264 -121.93327 38.69101 -121.92377 38.68681 -121.90654 38.68387 -121.89465 38.68228 -121.88339 38.68742 -121.87531 38.68764 -121.86351 38.69043 -121.86007 38.69586 -121.86083 38.69877 -121.8509 38.70296 -121.84513 38.70633 -121.83463 38.7185 -121.81437 38.72313 -121.8092 38.73136 -121.80534 38.7324 -121.79829 38.73485 -121.78833 38.729 -121.78579 38.72765 -121.78516 38.72638 -121.7804 38.72069 -121.7696 38.7199 -121.76308 38.72374 -121.7514 38.72705 -121.74384 38.72544 -121.73257 38.72609 -121.72198 38.71986 -121.7153 38.71542 -121.70985 38.68914 -121.70906 38.68608 -121.70248 38.67675 -121.69218 38.6753 -121.64555</gml:posList></gml:LineString></georss:where></item><item><guid isPermaLink="false">483a191a-cedf-4bf1-837d-d4b9552e3504</guid><a10:author><a10:name>Simon Hope</a10:name></a10:author><title /><description /><pubDate>Tue, 01 May 2012 21:57:28 +1000</pubDate><a10:link href="http://www.mapbutcher.com/" /><a10:rights type="text">Copyright 2011</a10:rights><a10:content type="text"></a10:content><a10:contributor><a10:name>mapbutcher@mapbutcher.com</a10:name></a10:contributor><georss:where><gml:LineString><gml:posList>38.67513 -121.62904 38.68408 -121.63579 38.69226 -121.63484 38.69782 -121.62793 38.70199 -121.62274 38.71078 -121.61238 38.71947 -121.60792 38.73537 -121.60542 38.74134 -121.60088 38.74547 -121.59804 38.75735 -121.59248 38.76727 -121.59572 38.77577 -121.60246 38.78016 -121.61085</gml:posList></gml:LineString></georss:where></item><item><guid isPermaLink="false">1bb3ea0b-2fb6-4b61-b67b-1b6f9abefd1a</guid><a10:author><a10:name>Simon Hope</a10:name></a10:author><title /><description /><pubDate>Tue, 01 May 2012 21:57:28 +1000</pubDate><a10:link href="http://www.mapbutcher.com/" /><a10:rights type="text">Copyright 2011</a10:rights><a10:content type="text"></a10:content><a10:contributor><a10:name>mapbutcher@mapbutcher.com</a10:name></a10:contributor><georss:where><gml:LineString><gml:posList>38.67513 -121.62904 38.6753 -121.64555</gml:posList></gml:LineString></georss:where></item><item><guid isPermaLink="false">6c7d693d-96c2-428c-9b5d-f656b72430fe</guid><a10:author><a10:name>Simon Hope</a10:name></a10:author><title /><description /><pubDate>Tue, 01 May 2012 21:57:28 +1000</pubDate><a10:link href="http://www.mapbutcher.com/" /><a10:rights type="text">Copyright 2011</a10:rights><a10:content type="text"></a10:content><a10:contributor><a10:name>mapbutcher@mapbutcher.com</a10:name></a10:contributor><georss:where><gml:LineString><gml:posList>38.66424 -122.33028 38.6718 -122.33647 38.68055 -122.35038 38.68589 -122.35471 38.69213 -122.35967 38.69736 -122.36873 38.70583 -122.37496 38.70289 -122.38428 38.7109 -122.39109 38.71843 -122.39847 38.72583 -122.39227 38.72944 -122.39301 38.7339 -122.39613 38.73883 -122.39869 38.74831 -122.40025 38.75227 -122.40572 38.74744 -122.41792 38.75506 -122.42177 38.75693 -122.41948 38.76294 -122.41441 38.76427 -122.41564 38.7692 -122.4182 38.76865 -122.42231 38.76984 -122.42944 38.77151 -122.43542 38.77365 -122.44081 38.7754 -122.44384 38.78188 -122.45709 38.78638 -122.45846 38.79039 -122.46157 38.78793 -122.46974 38.78732 -122.47621 38.78861 -122.47922 38.78991 -122.48164 38.79031 -122.48402 38.79509 -122.49248 38.79183 -122.49589 38.79068 -122.50588 38.78683 -122.51517 38.78096 -122.51434 38.77586 -122.51885 38.77482 -122.52412 38.77605 -122.52949 38.78086 -122.53678 38.78345 -122.5422 38.7856 -122.54701 38.78592 -122.55235 38.78582 -122.55647 38.78791 -122.56365 38.79267 -122.57271 38.79797 -122.57825 38.80106 -122.58192 38.80364 -122.58735 38.80392 -122.59446 38.80474 -122.59804 38.80367 -122.60449 38.8047 -122.61753 38.78992 -122.6104 38.78237 -122.60417 38.77969 -122.60229 38.77601 -122.60449 38.77319 -122.60851 38.76508 -122.60639 38.76042 -122.6115 38.75844 -122.61792 38.76295 -122.637 38.77032 -122.65031 38.77056 -122.65859 38.78561 -122.69054 38.80301 -122.70194 38.81147 -122.70763 38.81082 -122.71528 38.80658 -122.7216</gml:posList></gml:LineString></georss:where></item><item><guid isPermaLink="false">db92bf8d-e19e-478e-b36e-7fbe48973ab0</guid><a10:author><a10:name>Simon Hope</a10:name></a10:author><title /><description /><pubDate>Tue, 01 May 2012 21:57:28 +1000</pubDate><a10:link href="http://www.mapbutcher.com/" /><a10:rights type="text">Copyright 2011</a10:rights><a10:content type="text"></a10:content><a10:contributor><a10:name>mapbutcher@mapbutcher.com</a10:name></a10:contributor><georss:where><gml:LineString><gml:posList>38.74545 -123.14339 38.74821 -123.14175 38.75316 -123.14318 38.75391 -123.14854 38.75185 -123.17205 38.75481 -123.17928 38.75547 -123.18758 38.75248 -123.19688 38.74885 -123.19669 38.74509 -123.20123 38.74535 -123.20774 38.75007 -123.21684 38.74947 -123.22153 38.73968 -123.23048 38.74131 -123.23647 38.73246 -123.24428 38.72907 -123.25119 38.72277 -123.24969 38.71753 -123.24293 38.7138 -123.24628 38.70398 -123.24105 38.69084 -123.22562 38.67609 -123.21838 38.67281 -123.22176 38.66879 -123.21979 38.66145 -123.22236 38.66347 -123.23072 38.66887 -123.23218 38.67468 -123.23483 38.67576 -123.24432 38.67596 -123.25259 38.67493 -123.25667 38.67527 -123.26022 38.67517 -123.26376 38.67642 -123.26736 38.67578 -123.27323 38.67522 -123.27674 38.67557 -123.2803 38.67776 -123.28277 38.67725 -123.28452 38.67539 -123.28619 38.67207 -123.29073 38.66882 -123.29352 38.66664 -123.3052 38.66639 -123.31344 38.66106 -123.32437 38.66765 -123.3312 38.67234 -123.34089 38.67723 -123.34409 38.68216 -123.34612 38.68154 -123.3514 38.68815 -123.35765 38.6934 -123.36382 38.69542 -123.3716 38.70028 -123.37599 38.69987 -123.38895 38.70898 -123.38766 38.71025 -123.39069 38.70872 -123.39592 38.70842 -123.40534 38.70565 -123.40697 38.7024 -123.40915 38.70082 -123.41615</gml:posList></gml:LineString></georss:where></item><item><guid isPermaLink="false">cd8f1517-72fd-4e78-80e0-3fc9e7d0c487</guid><a10:author><a10:name>Simon Hope</a10:name></a10:author><title /><description /><pubDate>Tue, 01 May 2012 21:57:28 +1000</pubDate><a10:link href="http://www.mapbutcher.com/" /><a10:rights type="text">Copyright 2011</a10:rights><a10:content type="text"></a10:content><a10:contributor><a10:name>mapbutcher@mapbutcher.com</a10:name></a10:contributor><georss:where><gml:LineString><gml:posList>38.65291 -120.28236 38.65374 -120.29475 38.66093 -120.30485 38.66949 -120.31261 38.67302 -120.32679 38.67751 -120.33273 38.68235 -120.35519 38.68227 -120.3658 38.68223 -120.3717 38.68036 -120.38052 38.68029 -120.38876 38.67975 -120.40114 38.67965 -120.41587 38.67917 -120.4194 38.67905 -120.43473 38.6844 -120.44541 38.6902 -120.45846 38.69465 -120.46913 38.69779 -120.47272 38.70092 -120.47807 38.70313 -120.48517 38.70989 -120.48997 38.71349 -120.49416 38.71572 -120.49831 38.71795 -120.50188 38.72017 -120.5084 38.72279 -120.52082 38.72229 -120.52554 38.72 -120.52905 38.71273 -120.5313 38.7091 -120.53124 38.70364 -120.53353 38.6991 -120.53523 38.69545 -120.53813 38.6936 -120.54223 38.69038 -120.54749 38.69212 -120.55695 38.69197 -120.57287 38.6891 -120.5911 38.68583 -120.60166 38.68124 -120.60867 38.67937 -120.61512 38.67567 -120.62214 38.67288 -120.63035 38.67056 -120.63621 38.65393 -120.66954</gml:posList></gml:LineString></georss:where></item><item><guid isPermaLink="false">81d258cb-1fbc-4f9d-82ee-2573d47061d2</guid><a10:author><a10:name>Simon Hope</a10:name></a10:author><title /><description /><pubDate>Tue, 01 May 2012 21:57:28 +1000</pubDate><a10:link href="http://www.mapbutcher.com/" /><a10:rights type="text">Copyright 2011</a10:rights><a10:content type="text"></a10:content><a10:contributor><a10:name>mapbutcher@mapbutcher.com</a10:name></a10:contributor><georss:where><gml:LineString><gml:posList>38.64507 -119.94289 38.65322 -119.94472 38.66594 -119.9389 38.6741 -119.93954 38.68273 -119.93192 38.68636 -119.93313 38.6918 -119.93198 38.69586 -119.93554 38.7036 -119.92616 38.70951 -119.92265 38.71404 -119.92149 38.72128 -119.92448 38.72942 -119.92807 38.73259 -119.93163 38.7362 -119.93401 38.74572 -119.93348 38.75523 -119.93649 38.76294 -119.93653 38.77744 -119.93543 38.77973 -119.92954 38.78067 -119.9201 38.7739 -119.91122 38.7744 -119.89705 38.77442 -119.89115 38.77443 -119.88643 38.77309 -119.8817 38.76948 -119.87519 38.76859 -119.86929 38.76408 -119.86217 38.76456 -119.85333 38.76413 -119.84683 38.76596 -119.83858 38.7687 -119.83092 38.77189 -119.82385 38.78053 -119.81444 38.78327 -119.8056 38.78419 -119.79734 38.78874 -119.79086 38.79509 -119.78853 38.80328 -119.77675 38.80962 -119.77677 38.81191 -119.76969 38.81826 -119.76676 38.82506 -119.76561 38.82869 -119.76503 38.83598 -119.76279 38.8369 -119.76251</gml:posList></gml:LineString></georss:where></item><item><guid isPermaLink="false">e0c601c0-d50f-4149-819a-4f849cbb8507</guid><a10:author><a10:name>Simon Hope</a10:name></a10:author><title /><description /><pubDate>Tue, 01 May 2012 21:57:28 +1000</pubDate><a10:link href="http://www.mapbutcher.com/" /><a10:rights type="text">Copyright 2011</a10:rights><a10:content type="text"></a10:content><a10:contributor><a10:name>mapbutcher@mapbutcher.com</a10:name></a10:contributor><georss:where><gml:LineString><gml:posList>38.64288 -121.2262 38.63927 -121.22494</gml:posList></gml:LineString></georss:where></item><item><guid isPermaLink="false">2d527e6b-a26f-4585-b291-ccaccb93cd87</guid><a10:author><a10:name>Simon Hope</a10:name></a10:author><title /><description /><pubDate>Tue, 01 May 2012 21:57:28 +1000</pubDate><a10:link href="http://www.mapbutcher.com/" /><a10:rights type="text">Copyright 2011</a10:rights><a10:content type="text"></a10:content><a10:contributor><a10:name>mapbutcher@mapbutcher.com</a10:name></a10:contributor><georss:where><gml:LineString><gml:posList>38.63927 -121.22494 38.63477 -121.22307</gml:posList></gml:LineString></georss:where></item><item><guid isPermaLink="false">f2f0586c-f879-46cb-b13e-0b414f25df91</guid><a10:author><a10:name>Simon Hope</a10:name></a10:author><title /><description /><pubDate>Tue, 01 May 2012 21:57:28 +1000</pubDate><a10:link href="http://www.mapbutcher.com/" /><a10:rights type="text">Copyright 2011</a10:rights><a10:content type="text"></a10:content><a10:contributor><a10:name>mapbutcher@mapbutcher.com</a10:name></a10:contributor><georss:where><gml:LineString><gml:posList>38.63409 -120.24799 38.63086 -120.2568 38.63305 -120.26978 38.63796 -120.28162 38.63969 -120.29519 38.63911 -120.31345 38.63533 -120.33638 38.64162 -120.34588 38.64063 -120.35765 38.6451 -120.36654 38.64533 -120.39718 38.65334 -120.41731 38.65865 -120.43506 38.66222 -120.44276 38.66394 -120.4534 38.66934 -120.45936 38.67428 -120.46532 38.67873 -120.47541 38.68139 -120.4837 38.68358 -120.49316 38.68217 -120.49903 38.67213 -120.50715 38.66615 -120.51826 38.66331 -120.53237 38.66961 -120.53777 38.66909 -120.5466 38.66183 -120.54708 38.66127 -120.55945 38.65988 -120.56297 38.65574 -120.57056 38.65164 -120.57287 38.64799 -120.57576 38.64388 -120.57923 38.63929 -120.58564 38.63872 -120.59859 38.64459 -120.60104 38.65089 -120.60585 38.64903 -120.61172 38.64941 -120.61938 38.65112 -120.6312 38.65194 -120.64005 38.65005 -120.64827 38.64865 -120.65295 38.65393 -120.66954</gml:posList></gml:LineString></georss:where></item><item><guid isPermaLink="false">19e70eae-617d-41fc-9592-b35e17970352</guid><a10:author><a10:name>Simon Hope</a10:name></a10:author><title /><description /><pubDate>Tue, 01 May 2012 21:57:28 +1000</pubDate><a10:link href="http://www.mapbutcher.com/" /><a10:rights type="text">Copyright 2011</a10:rights><a10:content type="text"></a10:content><a10:contributor><a10:name>mapbutcher@mapbutcher.com</a10:name></a10:contributor><georss:where><gml:LineString><gml:posList>38.60087 -121.48788 38.64938 -121.48743 38.65731 -121.4735 38.68179 -121.44527 38.68965 -121.43546 38.69757 -121.42152 38.70408 -121.41048 38.71553 -121.40311 38.73149 -121.39703 38.73621 -121.38477 38.73642 -121.37061 38.73565 -121.36174 38.73619 -121.35585 38.73721 -121.3488 38.73337 -121.33277 38.73262 -121.32154 38.73324 -121.31035 38.73297 -121.29795 38.73538 -121.28798 38.74866 -121.27886 38.75145 -121.27362 38.75394 -121.25834 38.75241 -121.23824 38.75091 -121.21577 38.75014 -121.20573</gml:posList></gml:LineString></georss:where></item><item><guid isPermaLink="false">15c9a7e9-27b3-4d40-9609-59f5410b9f6c</guid><a10:author><a10:name>Simon Hope</a10:name></a10:author><title /><description /><pubDate>Tue, 01 May 2012 21:57:28 +1000</pubDate><a10:link href="http://www.mapbutcher.com/" /><a10:rights type="text">Copyright 2011</a10:rights><a10:content type="text"></a10:content><a10:contributor><a10:name>mapbutcher@mapbutcher.com</a10:name></a10:contributor><georss:where><gml:LineString><gml:posList>38.6753 -121.64555 38.66853 -121.64359 38.6627 -121.63988 38.6603 -121.64747 38.65837 -121.65449 38.65194 -121.65901 38.6469 -121.6624 38.64548 -121.66589 38.64619 -121.67711 38.64501 -121.69241 38.64114 -121.70585 38.64241 -121.71119 38.63773 -121.71929 38.63402 -121.72389 38.628 -121.73078 38.62571 -121.7319 38.62426 -121.73715 38.62191 -121.74179 38.61642 -121.74457 38.6114 -121.74618 38.60641 -121.74662 38.60186 -121.74707 38.59946 -121.75465 38.60024 -121.76174 38.60147 -121.76884 38.60586 -121.77664 38.60473 -121.78838 38.61134 -121.79861 38.61317 -121.82223 38.62497 -121.84558 38.63126 -121.84872 38.63565 -121.85594 38.63415 -121.86356 38.63659 -121.87778 38.63873 -121.88492 38.64456 -121.88805 38.65926 -121.9015 38.66669 -121.91531 38.66636 -121.93239 38.67061 -121.94669 38.68652 -121.96786 38.69114 -121.98571</gml:posList></gml:LineString></georss:where></item><item><guid isPermaLink="false">49efcd51-6bb1-4f27-877a-a7549ebfc8dd</guid><a10:author><a10:name>Simon Hope</a10:name></a10:author><title /><description /><pubDate>Tue, 01 May 2012 21:57:28 +1000</pubDate><a10:link href="http://www.mapbutcher.com/" /><a10:rights type="text">Copyright 2011</a10:rights><a10:content type="text"></a10:content><a10:contributor><a10:name>mapbutcher@mapbutcher.com</a10:name></a10:contributor><georss:where><gml:LineString><gml:posList>38.59689 -121.50957 38.60016 -121.50377 38.6021 -121.49616 38.60087 -121.48788</gml:posList></gml:LineString></georss:where></item><item><guid isPermaLink="false">71ed318b-4d5d-4b22-9fda-925b557fc41e</guid><a10:author><a10:name>Simon Hope</a10:name></a10:author><title /><description /><pubDate>Tue, 01 May 2012 21:57:28 +1000</pubDate><a10:link href="http://www.mapbutcher.com/" /><a10:rights type="text">Copyright 2011</a10:rights><a10:content type="text"></a10:content><a10:contributor><a10:name>mapbutcher@mapbutcher.com</a10:name></a10:contributor><georss:where><gml:LineString><gml:posList>38.59689 -121.50957 38.60046 -121.5132 38.6022 -121.51736 38.60297 -121.52563 38.6024 -121.53328 38.60094 -121.53912 38.5981 -121.54611 38.60255 -121.55154 38.60968 -121.55881 38.61778 -121.56257 38.64495 -121.56451 38.64853 -121.56697 38.64844 -121.57227 38.6442 -121.58217 38.64362 -121.58923 38.656 -121.60785 38.67334 -121.62781 38.67513 -121.62904</gml:posList></gml:LineString></georss:where></item><item><guid isPermaLink="false">e6d7c8eb-6fc9-4e17-93ce-5194c6fb285d</guid><a10:author><a10:name>Simon Hope</a10:name></a10:author><title /><description /><pubDate>Tue, 01 May 2012 21:57:28 +1000</pubDate><a10:link href="http://www.mapbutcher.com/" /><a10:rights type="text">Copyright 2011</a10:rights><a10:content type="text"></a10:content><a10:contributor><a10:name>mapbutcher@mapbutcher.com</a10:name></a10:contributor><georss:where><gml:LineString><gml:posList>38.58571 -122.85854 38.59071 -122.85818 38.59611 -122.85961 38.60465 -122.86236 38.60612 -122.85831 38.60646 -122.84595 38.61114 -122.84027 38.61373 -122.82861 38.61974 -122.82416 38.62172 -122.83486 38.62289 -122.84199 38.62375 -122.8438 38.6249 -122.85151 38.63066 -122.85648 38.63214 -122.85184 38.62828 -122.844 38.62845 -122.83752 38.63403 -122.83247 38.63099 -122.82762 38.63021 -122.82287 38.62801 -122.82041 38.62407 -122.81493 38.62054 -122.81123 38.61658 -122.80693 38.61125 -122.80256 38.60635 -122.79939 38.60373 -122.79574 38.60432 -122.79046 38.60669 -122.78644 38.61038 -122.78425 38.61578 -122.78567 38.62027 -122.78764 38.62613 -122.78908 38.63153 -122.7905 38.63732 -122.79431 38.6427 -122.79691 38.64672 -122.79886 38.64822 -122.81071 38.64988 -122.81669 38.65331 -122.82392 38.66027 -122.83485 38.67372 -122.84077 38.67801 -122.84982 38.6837 -122.85715 38.69082 -122.8622 38.69429 -122.86826 38.70082 -122.878 38.70296 -122.88282 38.70736 -122.88774 38.71041 -122.89201 38.71525 -122.89755 38.7187 -122.90421 38.72213 -122.91145 38.72607 -122.91635 38.73 -122.92184 38.73573 -122.92802 38.74066 -122.93002 38.74647 -122.93325 38.75043 -122.93757 38.75518 -122.94605 38.75735 -122.9497 38.75993 -122.95455 38.76337 -122.9612 38.7672 -122.97025 38.77068 -122.97573 38.77405 -122.98476 38.78167 -122.98807 38.78924 -122.99316 38.79261 -123.00218 38.80348 -123.0027 38.80883 -123.00591 38.81468 -123.00738 38.82101 -123.00827</gml:posList></gml:LineString></georss:where></item><item><guid isPermaLink="false">d6c1bf47-acb1-4658-b97e-deef707b5c26</guid><a10:author><a10:name>Simon Hope</a10:name></a10:author><title /><description /><pubDate>Tue, 01 May 2012 21:57:28 +1000</pubDate><a10:link href="http://www.mapbutcher.com/" /><a10:rights type="text">Copyright 2011</a10:rights><a10:content type="text"></a10:content><a10:contributor><a10:name>mapbutcher@mapbutcher.com</a10:name></a10:contributor><georss:where><gml:LineString><gml:posList>38.58571 -122.85854 38.58764 -122.87101 38.59523 -122.87548 38.60048 -122.8822 38.60634 -122.88365 38.61077 -122.8874 38.61752 -122.88947 38.62243 -122.89206 38.62421 -122.89332 38.62682 -122.89757 38.62902 -122.90002 38.6317 -122.90133 38.63393 -122.90261 38.63662 -122.90392 38.64058 -122.90823 38.64406 -122.9137 38.64626 -122.91616 38.64841 -122.92039 38.65049 -122.92697 38.65858 -122.92971 38.6606 -122.93864 38.66825 -122.94077 38.67503 -122.94169 38.67905 -122.94364 38.68246 -122.95148 38.68869 -122.9559 38.69495 -122.95914 38.69713 -122.9622 38.6993 -122.96584 38.70146 -122.96948 38.705 -122.9726 38.70761 -122.97686 38.70843 -122.97985 38.71375 -122.98424 38.71544 -122.98845 38.71667 -122.99323 38.7161 -122.99733 38.71727 -123.00388 38.71575 -123.00971 38.71692 -123.01626 38.71857 -123.02224 38.7206 -123.0306 38.72551 -123.0332 38.72677 -123.0368 38.72843 -123.04219 38.72967 -123.04639 38.73272 -123.05067 38.73351 -123.05483 38.73607 -123.06027 38.7373 -123.06506 38.73889 -123.07281 38.74207 -123.08831 38.74914 -123.09457 38.75327 -123.09299 38.76046 -123.09512 38.76134 -123.09634 38.76625 -123.09895 38.77237 -123.10693 38.77713 -123.11485 38.78046 -123.12505 38.77934 -123.13209 38.77873 -123.13737 38.78126 -123.14399 38.78366 -123.15475 38.78994 -123.15742 38.79603 -123.166 38.80072 -123.16092 38.80481 -123.16053 38.81105 -123.16439 38.81545 -123.16875 38.82399 -123.17154 38.82769 -123.16878 38.83301 -123.17318 38.84024 -123.17413 38.84924 -123.17636 38.85522 -123.17371 38.85856 -123.16796 38.85609 -123.15956 38.86217 -123.15336 38.86462 -123.14698 38.86753 -123.14062 38.87173 -123.13669 38.87579 -123.13748 38.88018 -123.14243 38.88189 -123.14607 38.88142 -123.16202 38.88218 -123.16679 38.88473 -123.17283 38.88636 -123.17883 38.88896 -123.1831 38.89375 -123.18985 38.89671 -123.1971 38.89466 -123.20469 38.9019 -123.22044 38.90902 -123.22495 38.9301 -123.21774</gml:posList></gml:LineString></georss:where></item><item><guid isPermaLink="false">58b7db70-3479-4b06-a86d-2fc78933abeb</guid><a10:author><a10:name>Simon Hope</a10:name></a10:author><title /><description /><pubDate>Tue, 01 May 2012 21:57:28 +1000</pubDate><a10:link href="http://www.mapbutcher.com/" /><a10:rights type="text">Copyright 2011</a10:rights><a10:content type="text"></a10:content><a10:contributor><a10:name>mapbutcher@mapbutcher.com</a10:name></a10:contributor><georss:where><gml:LineString><gml:posList>38.5609 -121.52035 38.56728 -121.51817 38.57141 -121.51534 38.57647 -121.51077 38.58197 -121.50681 38.58517 -121.50571 38.58835 -121.50521 38.59152 -121.50529 38.59378 -121.50595 38.59689 -121.50957</gml:posList></gml:LineString></georss:where></item><item><guid isPermaLink="false">22b10575-eaeb-41d4-9231-cc626db159d3</guid><a10:author><a10:name>Simon Hope</a10:name></a10:author><title /><description /><pubDate>Tue, 01 May 2012 21:57:28 +1000</pubDate><a10:link href="http://www.mapbutcher.com/" /><a10:rights type="text">Copyright 2011</a10:rights><a10:content type="text"></a10:content><a10:contributor><a10:name>mapbutcher@mapbutcher.com</a10:name></a10:contributor><georss:where><gml:LineString><gml:posList>38.60514 -120.23827 38.5901 -120.25226 38.58961 -120.25755 38.59319 -120.26524 38.59264 -120.28055 38.58439 -120.29517 38.58345 -120.30105 38.58297 -120.30399 38.58564 -120.31285 38.58418 -120.32697 38.58048 -120.33752 38.57497 -120.34923 38.5694 -120.36682 38.56294 -120.38322 38.56428 -120.38618 38.56329 -120.39735 38.56232 -120.40675 38.56226 -120.41441 38.56663 -120.43683 38.56833 -120.45098 38.56691 -120.45979 38.57003 -120.46572 38.57043 -120.4722 38.57312 -120.47577 38.56985 -120.48808 38.56888 -120.49632 38.56835 -120.50631 38.57009 -120.51457 38.57142 -120.51871 38.57411 -120.52229 38.57678 -120.52762 38.58127 -120.53298 38.58622 -120.53776 38.58979 -120.54429 38.59151 -120.55491 38.58873 -120.56252 38.59266 -120.57848 38.59855 -120.57974 38.5989 -120.59152 38.60475 -120.59573 38.60512 -120.60516 38.60825 -120.60992 38.61129 -120.62469 38.6162 -120.63301 38.62021 -120.64014 38.61607 -120.64714 38.62143 -120.65547 38.62222 -120.66785 38.62349 -120.67731 38.62613 -120.68619 38.62556 -120.69796 38.62319 -120.70853 38.61949 -120.71612 38.6185 -120.72435 38.61383 -120.73782 38.60783 -120.7489 38.61097 -120.75249 38.60955 -120.75777 38.60355 -120.76885 38.59856 -120.76936 38.59442 -120.77517 38.58935 -120.78274 38.58618 -120.78268 38.5812 -120.78259 38.57622 -120.78192 38.57348 -120.78364 38.57026 -120.78829 38.56749 -120.79237 38.56514 -120.80056 38.56089 -120.81696</gml:posList></gml:LineString></georss:where></item><item><guid isPermaLink="false">983baa3d-687c-4369-8721-b5f93c1cf964</guid><a10:author><a10:name>Simon Hope</a10:name></a10:author><title /><description /><pubDate>Tue, 01 May 2012 21:57:28 +1000</pubDate><a10:link href="http://www.mapbutcher.com/" /><a10:rights type="text">Copyright 2011</a10:rights><a10:content type="text"></a10:content><a10:contributor><a10:name>mapbutcher@mapbutcher.com</a10:name></a10:contributor><georss:where><gml:LineString><gml:posList>38.60087 -121.48788 38.59917 -121.48077 38.59518 -121.47536 38.58944 -121.46578 38.59041 -121.46169 38.59052 -121.45463 38.58928 -121.44694 38.58664 -121.44216 38.58442 -121.43916 38.58318 -121.43147 38.58103 -121.42376 38.57927 -121.42077 38.5629 -121.42328 38.55853 -121.41315 38.5605 -121.4032 38.56614 -121.38981 38.57021 -121.36106 38.58144 -121.33721 38.58333 -121.33195 38.58976 -121.32623 38.596 -121.33345 38.60292 -121.32597 38.60297 -121.32185 38.60398 -121.3154 38.60864 -121.30668 38.61091 -121.30614 38.61903 -121.3087 38.62408 -121.3047 38.62826 -121.29774 38.63018 -121.29071 38.62473 -121.29117 38.622 -121.29169 38.61932 -121.28927 38.61847 -121.28513 38.62122 -121.28284 38.62307 -121.28053 38.62675 -121.27649 38.63228 -121.27073 38.63601 -121.26375 38.6361 -121.25727 38.63445 -121.24545 38.63454 -121.23897 38.63598 -121.23312 38.63927 -121.22494</gml:posList></gml:LineString></georss:where></item><item><guid isPermaLink="false">cade2916-b97b-49a7-9eb0-61e747efba7b</guid><a10:author><a10:name>Simon Hope</a10:name></a10:author><title /><description /><pubDate>Tue, 01 May 2012 21:57:28 +1000</pubDate><a10:link href="http://www.mapbutcher.com/" /><a10:rights type="text">Copyright 2011</a10:rights><a10:content type="text"></a10:content><a10:contributor><a10:name>mapbutcher@mapbutcher.com</a10:name></a10:contributor><georss:where><gml:LineString><gml:posList>38.55676 -120.21837 38.56268 -120.21489 38.57584 -120.21031 38.58268 -120.2039 38.58632 -120.20276 38.59094 -120.18573 38.59464 -120.17163 38.59513 -120.16575 38.59154 -120.15807 38.59112 -120.15159 38.59298 -120.14394</gml:posList></gml:LineString></georss:where></item><item><guid isPermaLink="false">e5902cc5-b49c-47dc-b0c3-60cc9e20f3bc</guid><a10:author><a10:name>Simon Hope</a10:name></a10:author><title /><description /><pubDate>Tue, 01 May 2012 21:57:28 +1000</pubDate><a10:link href="http://www.mapbutcher.com/" /><a10:rights type="text">Copyright 2011</a10:rights><a10:content type="text"></a10:content><a10:contributor><a10:name>mapbutcher@mapbutcher.com</a10:name></a10:contributor><georss:where><gml:LineString><gml:posList>38.65393 -120.66954 38.65661 -120.67431 38.66141 -120.69383 38.65499 -120.70139 38.64906 -120.70541 38.64491 -120.71183 38.64528 -120.72126 38.64565 -120.72893 38.65063 -120.7296 38.64545 -120.74895 38.63991 -120.75888 38.63447 -120.75938 38.63123 -120.76521 38.63023 -120.77462 38.62791 -120.77988 38.62201 -120.78036 38.61788 -120.78559 38.61507 -120.79379 38.61676 -120.8056 38.61606 -120.82915 38.6128 -120.83675 38.6087 -120.83903 38.6005 -120.84241 38.59597 -120.84232 38.58827 -120.84219 38.58329 -120.84092 38.57696 -120.84021 38.57241 -120.84131 38.56742 -120.8418 38.56243 -120.8423 38.55608 -120.84277</gml:posList></gml:LineString></georss:where></item><item><guid isPermaLink="false">ce1af8e0-6d40-46ed-8f39-0209511d0ba8</guid><a10:author><a10:name>Simon Hope</a10:name></a10:author><title /><description /><pubDate>Tue, 01 May 2012 21:57:28 +1000</pubDate><a10:link href="http://www.mapbutcher.com/" /><a10:rights type="text">Copyright 2011</a10:rights><a10:content type="text"></a10:content><a10:contributor><a10:name>mapbutcher@mapbutcher.com</a10:name></a10:contributor><georss:where><gml:LineString><gml:posList>38.55608 -120.84277 38.55161 -120.83739 38.55621 -120.831 38.55716 -120.8269 38.56089 -120.81696</gml:posList></gml:LineString></georss:where></item><item><guid isPermaLink="false">d127b0ae-a70d-4525-9268-11b11bf9936e</guid><a10:author><a10:name>Simon Hope</a10:name></a10:author><title /><description /><pubDate>Tue, 01 May 2012 21:57:28 +1000</pubDate><a10:link href="http://www.mapbutcher.com/" /><a10:rights type="text">Copyright 2011</a10:rights><a10:content type="text"></a10:content><a10:contributor><a10:name>mapbutcher@mapbutcher.com</a10:name></a10:contributor><georss:where><gml:LineString><gml:posList>38.54155 -120.26058 38.53885 -120.25761</gml:posList></gml:LineString></georss:where></item><item><guid isPermaLink="false">7253f891-5de6-4653-8a58-af04f85dc7fd</guid><a10:author><a10:name>Simon Hope</a10:name></a10:author><title /><description /><pubDate>Tue, 01 May 2012 21:57:28 +1000</pubDate><a10:link href="http://www.mapbutcher.com/" /><a10:rights type="text">Copyright 2011</a10:rights><a10:content type="text"></a10:content><a10:contributor><a10:name>mapbutcher@mapbutcher.com</a10:name></a10:contributor><georss:where><gml:LineString><gml:posList>38.53885 -120.25761 38.53616 -120.25347</gml:posList></gml:LineString></georss:where></item><item><guid isPermaLink="false">1e5fc85c-8686-4d24-be95-15e0163be264</guid><a10:author><a10:name>Simon Hope</a10:name></a10:author><title /><description /><pubDate>Tue, 01 May 2012 21:57:28 +1000</pubDate><a10:link href="http://www.mapbutcher.com/" /><a10:rights type="text">Copyright 2011</a10:rights><a10:content type="text"></a10:content><a10:contributor><a10:name>mapbutcher@mapbutcher.com</a10:name></a10:contributor><georss:where><gml:LineString><gml:posList>38.5549 -123.17571 38.54772 -123.173 38.53978 -123.18084 38.53389 -123.18054 38.53014 -123.18447 38.52987 -123.19388 38.53721 -123.20602 38.54287 -123.21397 38.54684 -123.21771 38.55204 -123.22563 38.55772 -123.23299 38.56304 -123.23679 38.56431 -123.2398 38.55919 -123.24425 38.55944 -123.25074 38.56291 -123.25622 38.56724 -123.26292 38.57204 -123.26906 38.57722 -123.27757 38.5775 -123.28348 38.57744 -123.28524 38.58047 -123.29011 38.58894 -123.29468 38.59311 -123.29195 38.59682 -123.28919 38.60313 -123.2907 38.60751 -123.29564 38.6059 -123.3038 38.60436 -123.30962 38.60512 -123.31437 38.60594 -123.31736 38.61024 -123.32466 38.61247 -123.32596 38.61421 -123.3284 38.61591 -123.33202 38.61856 -123.33453 38.62424 -123.34131 38.62772 -123.34621 38.63431 -123.35304 38.63969 -123.35509 38.64569 -123.35187 38.64888 -123.35145 38.65009 -123.35622 38.65223 -123.36047 38.65108 -123.36807 38.66077 -123.37743 38.66782 -123.38371 38.67572 -123.39239 38.67925 -123.39552 38.68415 -123.39815 38.68634 -123.40062 38.6898 -123.40612 38.69369 -123.41222 38.70082 -123.41615</gml:posList></gml:LineString></georss:where></item><item><guid isPermaLink="false">5e4be780-b0db-450f-a4ab-70b9ce441a22</guid><a10:author><a10:name>Simon Hope</a10:name></a10:author><title /><description /><pubDate>Tue, 01 May 2012 21:57:28 +1000</pubDate><a10:link href="http://www.mapbutcher.com/" /><a10:rights type="text">Copyright 2011</a10:rights><a10:content type="text"></a10:content><a10:contributor><a10:name>mapbutcher@mapbutcher.com</a10:name></a10:contributor><georss:where><gml:LineString><gml:posList>38.51276 -122.10556 38.51503 -122.10564 38.51683 -122.10629</gml:posList></gml:LineString></georss:where></item><item><guid isPermaLink="false">941e968d-2473-4741-bf10-2e85a63e9f23</guid><a10:author><a10:name>Simon Hope</a10:name></a10:author><title /><description /><pubDate>Tue, 01 May 2012 21:57:28 +1000</pubDate><a10:link href="http://www.mapbutcher.com/" /><a10:rights type="text">Copyright 2011</a10:rights><a10:content type="text"></a10:content><a10:contributor><a10:name>mapbutcher@mapbutcher.com</a10:name></a10:contributor><georss:where><gml:LineString><gml:posList>38.51126 -121.61546 38.51202 -121.62371 38.51373 -121.62965 38.51489 -121.64144 38.51344 -121.64669 38.51017 -121.65189 38.50964 -121.65658 38.51082 -121.66662 38.51285 -121.68021 38.51676 -121.68974 38.51665 -121.69621 38.51377 -121.70494 38.51449 -121.71555 38.51527 -121.72263 38.51541 -121.73971 38.51558 -121.7556 38.51678 -121.76387 38.51882 -121.77629 38.52144 -121.78167 38.52452 -121.78706</gml:posList></gml:LineString></georss:where></item><item><guid isPermaLink="false">013b990d-f0ad-4d2a-8683-f8f88f41f9c7</guid><a10:author><a10:name>Simon Hope</a10:name></a10:author><title /><description /><pubDate>Tue, 01 May 2012 21:57:28 +1000</pubDate><a10:link href="http://www.mapbutcher.com/" /><a10:rights type="text">Copyright 2011</a10:rights><a10:content type="text"></a10:content><a10:contributor><a10:name>mapbutcher@mapbutcher.com</a10:name></a10:contributor><georss:where><gml:LineString><gml:posList>38.50914 -122.10543 38.51276 -122.10556</gml:posList></gml:LineString></georss:where></item><item><guid isPermaLink="false">320dd919-35e1-4ca1-9b12-b714726e06f5</guid><a10:author><a10:name>Simon Hope</a10:name></a10:author><title /><description /><pubDate>Tue, 01 May 2012 21:57:28 +1000</pubDate><a10:link href="http://www.mapbutcher.com/" /><a10:rights type="text">Copyright 2011</a10:rights><a10:content type="text"></a10:content><a10:contributor><a10:name>mapbutcher@mapbutcher.com</a10:name></a10:contributor><georss:where><gml:LineString><gml:posList>38.52045 -120.48859 38.51584 -120.49735 38.51163 -120.51376 38.51018 -120.52433 38.50964 -120.53432 38.50957 -120.54373 38.51221 -120.55259 38.5071 -120.56781 38.5047 -120.58189 38.5032 -120.59833 38.50444 -120.61129 38.50515 -120.63364 38.50994 -120.65372 38.51529 -120.66439 38.51652 -120.67735 38.52776 -120.68694 38.53035 -120.70052 38.53438 -120.70588 38.53705 -120.71063 38.53793 -120.713 38.54195 -120.71895 38.54691 -120.72256 38.54775 -120.72905 38.54632 -120.73608 38.54806 -120.74318 38.54847 -120.74789 38.55288 -120.75915 38.55315 -120.77681 38.5508 -120.7856 38.55614 -120.7951 38.55517 -120.80097 38.56089 -120.81696</gml:posList></gml:LineString></georss:where></item><item><guid isPermaLink="false">098c3911-da33-468c-bcba-2695980f69e1</guid><a10:author><a10:name>Simon Hope</a10:name></a10:author><title /><description /><pubDate>Tue, 01 May 2012 21:57:28 +1000</pubDate><a10:link href="http://www.mapbutcher.com/" /><a10:rights type="text">Copyright 2011</a10:rights><a10:content type="text"></a10:content><a10:contributor><a10:name>mapbutcher@mapbutcher.com</a10:name></a10:contributor><georss:where><gml:LineString><gml:posList>38.52452 -121.78706 38.52583 -121.78945 38.5284 -121.79777 38.52686 -121.80714 38.52573 -121.81946 38.52917 -121.82898 38.53134 -121.83434 38.53434 -121.84327 38.53689 -121.85218 38.53854 -121.86047 38.53655 -121.86982 38.53731 -121.87749 38.53852 -121.88519 38.53476 -121.89212 38.53192 -121.89851 38.53052 -121.90081 38.52908 -121.90488 38.52876 -121.92135 38.52991 -121.93139 38.53199 -121.94087 38.5269 -121.94659 38.52543 -121.95184 38.52204 -121.9629 38.51595 -121.9727 38.50951 -121.9772 38.50627 -121.98061 38.50392 -121.98465 38.50154 -121.99046 38.49825 -121.99622</gml:posList></gml:LineString></georss:where></item><item><guid isPermaLink="false">50161b93-e0d3-4578-b2e0-01da35b05c28</guid><a10:author><a10:name>Simon Hope</a10:name></a10:author><title /><description /><pubDate>Tue, 01 May 2012 21:57:28 +1000</pubDate><a10:link href="http://www.mapbutcher.com/" /><a10:rights type="text">Copyright 2011</a10:rights><a10:content type="text"></a10:content><a10:contributor><a10:name>mapbutcher@mapbutcher.com</a10:name></a10:contributor><georss:where><gml:LineString><gml:posList>38.53125 -119.81515 38.53485 -119.82339 38.53938 -119.82871 38.54161 -119.84048 38.54609 -119.85992 38.54607 -119.86581 38.54057 -119.88579 38.53645 -119.89753 38.53505 -119.91106 38.53593 -119.9193 38.53908 -119.92578 38.54758 -119.95525 38.55483 -119.95765 38.5584 -119.97298 38.56517 -119.98008 38.56695 -119.98715 38.56966 -119.99071 38.57372 -119.99426 38.57958 -120.00314 38.58 -120.0102 38.57408 -120.01839 38.5713 -120.03075 38.56537 -120.04071 38.55315 -120.03767 38.54949 -120.04412 38.54224 -120.04407 38.54042 -120.04523 38.53858 -120.05228 38.5295 -120.05574 38.51908 -120.05507 38.51541 -120.06328 38.51131 -120.06796 38.50808 -120.08204 38.50623 -120.08908 38.50757 -120.09321 38.50528 -120.09789 38.50478 -120.10789 38.4975 -120.11371 38.49657 -120.11782 38.49561 -120.1284 38.49691 -120.14134 38.49598 -120.14486</gml:posList></gml:LineString></georss:where></item><item><guid isPermaLink="false">079e228a-a9a5-45f7-bda7-e0feb2c2d12e</guid><a10:author><a10:name>Simon Hope</a10:name></a10:author><title /><description /><pubDate>Tue, 01 May 2012 21:57:28 +1000</pubDate><a10:link href="http://www.mapbutcher.com/" /><a10:rights type="text">Copyright 2011</a10:rights><a10:content type="text"></a10:content><a10:contributor><a10:name>mapbutcher@mapbutcher.com</a10:name></a10:contributor><georss:where><gml:LineString><gml:posList>38.49485 -122.89733 38.50289 -122.88535 38.51017 -122.88451 38.51562 -122.88417 38.51714 -122.87836 38.51279 -122.87168 38.51521 -122.86591 38.51619 -122.86359 38.51895 -122.86196 38.52345 -122.86334 38.52887 -122.86418 38.53084 -122.85838 38.53399 -122.85912 38.53663 -122.86218 38.54355 -122.85779 38.5512 -122.85991 38.55719 -122.85665 38.56141 -122.85155 38.5668 -122.85355 38.57081 -122.85609 38.57529 -122.85807 38.57712 -122.85757 38.58029 -122.85771 38.58571 -122.85854</gml:posList></gml:LineString></georss:where></item><item><guid isPermaLink="false">9ae74e7e-63f0-4c31-bbcc-939fd432ae4d</guid><a10:author><a10:name>Simon Hope</a10:name></a10:author><title /><description /><pubDate>Tue, 01 May 2012 21:57:28 +1000</pubDate><a10:link href="http://www.mapbutcher.com/" /><a10:rights type="text">Copyright 2011</a10:rights><a10:content type="text"></a10:content><a10:contributor><a10:name>mapbutcher@mapbutcher.com</a10:name></a10:contributor><georss:where><gml:LineString><gml:posList>38.49825 -121.99622 38.48935 -122.01003 38.48834 -122.0153 38.48915 -122.02003 38.49828 -122.03916 38.50634 -122.04415 38.51464 -122.05914 38.51114 -122.07491 38.51415 -122.08266 38.51114 -122.09668 38.51276 -122.10556</gml:posList></gml:LineString></georss:where></item><item><guid isPermaLink="false">1e4eeaba-b62b-4b5d-9258-d174d8363be9</guid><a10:author><a10:name>Simon Hope</a10:name></a10:author><title /><description /><pubDate>Tue, 01 May 2012 21:57:28 +1000</pubDate><a10:link href="http://www.mapbutcher.com/" /><a10:rights type="text">Copyright 2011</a10:rights><a10:content type="text"></a10:content><a10:contributor><a10:name>mapbutcher@mapbutcher.com</a10:name></a10:contributor><georss:where><gml:LineString><gml:posList>38.51875 -122.59241 38.51661 -122.60526 38.52006 -122.63013 38.51769 -122.63415 38.5131 -122.63631 38.50608 -122.64483 38.50771 -122.65196 38.51573 -122.6576 38.52375 -122.66325 38.5313 -122.66946 38.54004 -122.6822 38.54661 -122.69131 38.54555 -122.69715 38.54654 -122.71133 38.54824 -122.71552 38.54488 -122.72303 38.53524 -122.72731 38.52934 -122.72764 38.52339 -122.72973 38.518 -122.72773 38.51356 -122.724 38.50998 -122.72208 38.50622 -122.72721 38.50521 -122.73129 38.50276 -122.73824 38.50378 -122.75123 38.50587 -122.75779 38.50615 -122.76427 38.50823 -122.77143 38.50845 -122.78027 38.50505 -122.78894 38.49972 -122.80164 38.49314 -122.81017 38.49237 -122.82191 38.48542 -122.82747 38.47496 -122.84524</gml:posList></gml:LineString></georss:where></item><item><guid isPermaLink="false">d4c5a3e0-d160-4a94-acfa-be1ac23c016c</guid><a10:author><a10:name>Simon Hope</a10:name></a10:author><title /><description /><pubDate>Tue, 01 May 2012 21:57:28 +1000</pubDate><a10:link href="http://www.mapbutcher.com/" /><a10:rights type="text">Copyright 2011</a10:rights><a10:content type="text"></a10:content><a10:contributor><a10:name>mapbutcher@mapbutcher.com</a10:name></a10:contributor><georss:where><gml:LineString><gml:posList>38.47496 -122.84524 38.48167 -122.84849 38.4845 -122.8445 38.49031 -122.8477 38.49174 -122.84541 38.49441 -122.84731 38.4952 -122.85146 38.49281 -122.85606 38.49035 -122.863 38.49482 -122.86555 38.49559 -122.8703 38.49504 -122.87381 38.49244 -122.88604 38.49485 -122.89733</gml:posList></gml:LineString></georss:where></item></channel></rss>
]]></text>
                              </contents>
                            </body>
                          </stream>
                        </streams>
                        <attachments />
                      </testLog>
                    </testStepRun>
                    <testStepRun startTime="2012-05-01T21:57:28.2272144+10:00" endTime="2012-05-01T21:57:30.8810304+10:00">
                      <testStep id="8c74d13389ceecec" name="ExportGeoRSS_RSSFormat_Layer(&quot;&quot;, &quot;ExportLayers/2&quot;, &quot;ExportLayer&quot;, &quot;{\&quot;filterGeometry\&quot;:null,\&quot;geometryType\&quot;:null,\&quot;where\&quot;:null,\&quot;exportProperties\&quot;:{\&quot;Title\&quot;:\&quot;Californian EarthQuakes\&quot;,\&quot;ID\&quot;:\&quot;Feed Id\&quot;,\&quot;Language\&quot;:\&quot;en-us\&quot;,\&quot;CopyRight\&quot;:\&quot;Copyright 2011\&quot;,\&quot;Generator\&quot;:\&quot;http://www.mapbutcher.com\&quot;,\&quot;Description\&quot;:\&quot;A GeoRSS format of Californian EarthQuakes\&quot;,\&quot;Link\&quot;:{\&quot;BaseUri\&quot;:null,\&quot;Length\&quot;:0,\&quot;MediaType\&quot;:null,\&quot;RelationshipType\&quot;:null,\&quot;Title\&quot;:\&quot;Mapbutcher\&quot;,\&quot;Uri\&quot;:\&quot;http://www.mapbutcher.com\&quot;},\&quot;Author\&quot;:{\&quot;Email\&quot;:\&quot;mapbutcher@mapbutcher.com\&quot;,\&quot;Name\&quot;:\&quot;Simon\&quot;,\&quot;Uri\&quot;:\&quot;http://www.mapbutcher.com\&quot;},\&quot;GeometryFormat\&quot;:\&quot;simple\&quot;,\&quot;GeometryField\&quot;:\&quot;Shape\&quot;,\&quot;OutputSpatialReference\&quot;: {\&quot;Wkid\&quot;: 102100,\&quot;CoordinateSystemType\&quot;: \&quot;projected\&quot;,\&quot;TransformationId\&quot;: null},\&quot;FeedFormat\&quot;:\&quot;Rss\&quot;,\&quot;Items\&quot;:[{\&quot;Key\&quot;:\&quot;Author\&quot;,\&quot;Value\&quot;:{\&quot;PostCondition\&quot;:null,\&quot;PreConditon\&quot;:null,\&quot;MappedContent\&quot;:null,\&quot;MappedContentAlias\&quot;:null,\&quot;FixedContent\&quot;:\&quot;Simon Hope\&quot;,\&quot;MappedContentDelimeter\&quot;:null,\&quot;AutoGenerate\&quot;:false}},{\&quot;Key\&quot;:\&quot;Content\&quot;,\&quot;Value\&quot;:{\&quot;PostCondition\&quot;:null,\&quot;PreConditon\&quot;:null,\&quot;MappedContent\&quot;:null,\&quot;MappedContentAlias\&quot;:null,\&quot;FixedContent\&quot;:null,\&quot;MappedContentDelimeter\&quot;:null,\&quot;AutoGenerate\&quot;:false}},{\&quot;Key\&quot;:\&quot;Contributors\&quot;,\&quot;Value\&quot;:{\&quot;PostCondition\&quot;:null,\&quot;PreConditon\&quot;:null,\&quot;MappedContent\&quot;:null,\&quot;MappedContentAlias\&quot;:null,\&quot;FixedContent\&quot;:\&quot;mapbutcher@mapbutcher.com\&quot;,\&quot;MappedContentDelimeter\&quot;:null,\&quot;AutoGenerate\&quot;:false}},{\&quot;Key\&quot;:\&quot;Copyright\&quot;,\&quot;Value\&quot;:{\&quot;PostCondition\&quot;:null,\&quot;PreConditon\&quot;:null,\&quot;MappedContent\&quot;:null,\&quot;MappedContentAlias\&quot;:null,\&quot;FixedContent\&quot;:\&quot;Copyright 2011\&quot;,\&quot;MappedContentDelimeter\&quot;:null,\&quot;AutoGenerate\&quot;:false}},{\&quot;Key\&quot;:\&quot;Id\&quot;,\&quot;Value\&quot;:{\&quot;PostCondition\&quot;:null,\&quot;PreConditon\&quot;:null,\&quot;MappedContent\&quot;:\&quot;UFI\&quot;,\&quot;MappedContentAlias\&quot;:null,\&quot;FixedContent\&quot;:null,\&quot;MappedContentDelimeter\&quot;:null,\&quot;AutoGenerate\&quot;:true}},{\&quot;Key\&quot;:\&quot;LastUpdatedTime\&quot;,\&quot;Value\&quot;:{\&quot;PostCondition\&quot;:null,\&quot;PreConditon\&quot;:null,\&quot;MappedContent\&quot;:null,\&quot;MappedContentAlias\&quot;:null,\&quot;FixedContent\&quot;:null,\&quot;MappedContentDelimeter\&quot;:null,\&quot;AutoGenerate\&quot;:false}},{\&quot;Key\&quot;:\&quot;Links\&quot;,\&quot;Value\&quot;:{\&quot;PostCondition\&quot;:null,\&quot;PreConditon\&quot;:null,\&quot;MappedContent\&quot;:null,\&quot;MappedContentAlias\&quot;:null,\&quot;FixedContent\&quot;:\&quot;http://www.mapbutcher.com\&quot;,\&quot;MappedContentDelimeter\&quot;:null,\&quot;AutoGenerate\&quot;:false}},{\&quot;Key\&quot;:\&quot;PublishDate\&quot;,\&quot;Value\&quot;:{\&quot;PostCondition\&quot;:null,\&quot;PreConditon\&quot;:null,\&quot;MappedContent\&quot;:null,\&quot;MappedContentAlias\&quot;:null,\&quot;FixedContent\&quot;:null,\&quot;MappedContentDelimeter\&quot;:null,\&quot;AutoGenerate\&quot;:true}},{\&quot;Key\&quot;:\&quot;Summary\&quot;,\&quot;Value\&quot;:{\&quot;PostCondition\&quot;:null,\&quot;PreConditon\&quot;:null,\&quot;MappedContent\&quot;:null,\&quot;MappedContentAlias\&quot;:null,\&quot;FixedContent\&quot;:null,\&quot;MappedContentDelimeter\&quot;:null,\&quot;AutoGenerate\&quot;:false}},{\&quot;Key\&quot;:\&quot;Title\&quot;,\&quot;Value\&quot;:{\&quot;PostCondition\&quot;:null,\&quot;PreConditon\&quot;:null,\&quot;MappedContent\&quot;:null,\&quot;MappedContentAlias\&quot;:null,\&quot;FixedContent\&quot;:null,\&quot;MappedContentDelimeter\&quot;:null,\&quot;AutoGenerate\&quot;:false}}]}}&quot;, &quot;georss&quot;, &quot;{}&quot;, 221, &quot;item&quot;)" fullName="GPX.Server.Extension.Tests/MockServerTest/ExportGeoRSS_RSSFormat_Layer/ExportGeoRSS_RSSFormat_Layer(&quot;&quot;, &quot;ExportLayers/2&quot;, &quot;ExportLayer&quot;, &quot;{\&quot;filterGeometry\&quot;:null,\&quot;geometryType\&quot;:null,\&quot;where\&quot;:null,\&quot;exportProperties\&quot;:{\&quot;Title\&quot;:\&quot;Californian EarthQuakes\&quot;,\&quot;ID\&quot;:\&quot;Feed Id\&quot;,\&quot;Language\&quot;:\&quot;en-us\&quot;,\&quot;CopyRight\&quot;:\&quot;Copyright 2011\&quot;,\&quot;Generator\&quot;:\&quot;http://www.mapbutcher.com\&quot;,\&quot;Description\&quot;:\&quot;A GeoRSS format of Californian EarthQuakes\&quot;,\&quot;Link\&quot;:{\&quot;BaseUri\&quot;:null,\&quot;Length\&quot;:0,\&quot;MediaType\&quot;:null,\&quot;RelationshipType\&quot;:null,\&quot;Title\&quot;:\&quot;Mapbutcher\&quot;,\&quot;Uri\&quot;:\&quot;http://www.mapbutcher.com\&quot;},\&quot;Author\&quot;:{\&quot;Email\&quot;:\&quot;mapbutcher@mapbutcher.com\&quot;,\&quot;Name\&quot;:\&quot;Simon\&quot;,\&quot;Uri\&quot;:\&quot;http://www.mapbutcher.com\&quot;},\&quot;GeometryFormat\&quot;:\&quot;simple\&quot;,\&quot;GeometryField\&quot;:\&quot;Shape\&quot;,\&quot;OutputSpatialReference\&quot;: {\&quot;Wkid\&quot;: 102100,\&quot;CoordinateSystemType\&quot;: \&quot;projected\&quot;,\&quot;TransformationId\&quot;: null},\&quot;FeedFormat\&quot;:\&quot;Rss\&quot;,\&quot;Items\&quot;:[{\&quot;Key\&quot;:\&quot;Author\&quot;,\&quot;Value\&quot;:{\&quot;PostCondition\&quot;:null,\&quot;PreConditon\&quot;:null,\&quot;MappedContent\&quot;:null,\&quot;MappedContentAlias\&quot;:null,\&quot;FixedContent\&quot;:\&quot;Simon Hope\&quot;,\&quot;MappedContentDelimeter\&quot;:null,\&quot;AutoGenerate\&quot;:false}},{\&quot;Key\&quot;:\&quot;Content\&quot;,\&quot;Value\&quot;:{\&quot;PostCondition\&quot;:null,\&quot;PreConditon\&quot;:null,\&quot;MappedContent\&quot;:null,\&quot;MappedContentAlias\&quot;:null,\&quot;FixedContent\&quot;:null,\&quot;MappedContentDelimeter\&quot;:null,\&quot;AutoGenerate\&quot;:false}},{\&quot;Key\&quot;:\&quot;Contributors\&quot;,\&quot;Value\&quot;:{\&quot;PostCondition\&quot;:null,\&quot;PreConditon\&quot;:null,\&quot;MappedContent\&quot;:null,\&quot;MappedContentAlias\&quot;:null,\&quot;FixedContent\&quot;:\&quot;mapbutcher@mapbutcher.com\&quot;,\&quot;MappedContentDelimeter\&quot;:null,\&quot;AutoGenerate\&quot;:false}},{\&quot;Key\&quot;:\&quot;Copyright\&quot;,\&quot;Value\&quot;:{\&quot;PostCondition\&quot;:null,\&quot;PreConditon\&quot;:null,\&quot;MappedContent\&quot;:null,\&quot;MappedContentAlias\&quot;:null,\&quot;FixedContent\&quot;:\&quot;Copyright 2011\&quot;,\&quot;MappedContentDelimeter\&quot;:null,\&quot;AutoGenerate\&quot;:false}},{\&quot;Key\&quot;:\&quot;Id\&quot;,\&quot;Value\&quot;:{\&quot;PostCondition\&quot;:null,\&quot;PreConditon\&quot;:null,\&quot;MappedContent\&quot;:\&quot;UFI\&quot;,\&quot;MappedContentAlias\&quot;:null,\&quot;FixedContent\&quot;:null,\&quot;MappedContentDelimeter\&quot;:null,\&quot;AutoGenerate\&quot;:true}},{\&quot;Key\&quot;:\&quot;LastUpdatedTime\&quot;,\&quot;Value\&quot;:{\&quot;PostCondition\&quot;:null,\&quot;PreConditon\&quot;:null,\&quot;MappedContent\&quot;:null,\&quot;MappedContentAlias\&quot;:null,\&quot;FixedContent\&quot;:null,\&quot;MappedContentDelimeter\&quot;:null,\&quot;AutoGenerate\&quot;:false}},{\&quot;Key\&quot;:\&quot;Links\&quot;,\&quot;Value\&quot;:{\&quot;PostCondition\&quot;:null,\&quot;PreConditon\&quot;:null,\&quot;MappedContent\&quot;:null,\&quot;MappedContentAlias\&quot;:null,\&quot;FixedContent\&quot;:\&quot;http://www.mapbutcher.com\&quot;,\&quot;MappedContentDelimeter\&quot;:null,\&quot;AutoGenerate\&quot;:false}},{\&quot;Key\&quot;:\&quot;PublishDate\&quot;,\&quot;Value\&quot;:{\&quot;PostCondition\&quot;:null,\&quot;PreConditon\&quot;:null,\&quot;MappedContent\&quot;:null,\&quot;MappedContentAlias\&quot;:null,\&quot;FixedContent\&quot;:null,\&quot;MappedContentDelimeter\&quot;:null,\&quot;AutoGenerate\&quot;:true}},{\&quot;Key\&quot;:\&quot;Summary\&quot;,\&quot;Value\&quot;:{\&quot;PostCondition\&quot;:null,\&quot;PreConditon\&quot;:null,\&quot;MappedContent\&quot;:null,\&quot;MappedContentAlias\&quot;:null,\&quot;FixedContent\&quot;:null,\&quot;MappedContentDelimeter\&quot;:null,\&quot;AutoGenerate\&quot;:false}},{\&quot;Key\&quot;:\&quot;Title\&quot;,\&quot;Value\&quot;:{\&quot;PostCondition\&quot;:null,\&quot;PreConditon\&quot;:null,\&quot;MappedContent\&quot;:null,\&quot;MappedContentAlias\&quot;:null,\&quot;FixedContent\&quot;:null,\&quot;MappedContentDelimeter\&quot;:null,\&quot;AutoGenerate\&quot;:false}}]}}&quot;, &quot;georss&quot;, &quot;{}&quot;, 221, &quot;item&quot;)" testId="3329aded5f51c3be" isPrimary="false" isTestCase="true" isDynamic="false">
                        <codeReference assembly="GPX.Server.Extension.Tests, Version=1.0.0.0, Culture=neutral, PublicKeyToken=null" namespace="GPX.Server.Extension.Tests" type="GPX.Server.Extension.Tests.MockServerTest" member="ExportGeoRSS_RSSFormat_Layer" />
                        <codeLocation path="C:\Git\arcgis-exporter-extension\GPX.Server.Extension.Tests\MockServerTest.cs" line="230" />
                        <metadata>
                          <entry key="TestKind">
                            <value>Test</value>
                          </entry>
                          <entry key="Description">
                            <value>Export Points Simple RSS - Include Spatial Reference</value>
                          </entry>
                        </metadata>
                      </testStep>
                      <children />
                      <result assertCount="1" duration="2.6673708">
                        <outcome status="passed" />
                      </result>
                      <testLog>
                        <streams>
                          <stream name="Log">
                            <body>
                              <contents>
                                <text><![CDATA[<?xml version="1.0" encoding="utf-8"?><rss xmlns:a10="http://www.w3.org/2005/Atom" version="2.0"><channel xmlns:georss="http://www.georss.org/georss"><title>Californian EarthQuakes</title><description>A GeoRSS format of Californian EarthQuakes</description><language>en-us</language><copyright>Copyright 2011</copyright><managingEditor>mapbutcher@mapbutcher.com</managingEditor><generator>http://www.mapbutcher.com</generator><a10:id>fd596f40-6e7a-4ac9-9a36-08c2d4f98b4c</a10:id><a10:link title="Mapbutcher" href="http://www.mapbutcher.com/" /><item><guid isPermaLink="false">8bdf972a-696e-4da3-88ff-598efb885621</guid><a10:author><a10:name>Simon Hope</a10:name></a10:author><title /><description /><pubDate>Tue, 01 May 2012 21:57:30 +1000</pubDate><a10:link href="http://www.mapbutcher.com/" /><a10:rights type="text">Copyright 2011</a10:rights><a10:content type="text"></a10:content><a10:contributor><a10:name>mapbutcher@mapbutcher.com</a10:name></a10:contributor><georss:point>4532902.798 -13634532.221</georss:point></item><item><guid isPermaLink="false">e8de64a4-8fac-40ea-9968-e24cedd96f1a</guid><a10:author><a10:name>Simon Hope</a10:name></a10:author><title /><description /><pubDate>Tue, 01 May 2012 21:57:30 +1000</pubDate><a10:link href="http://www.mapbutcher.com/" /><a10:rights type="text">Copyright 2011</a10:rights><a10:content type="text"></a10:content><a10:contributor><a10:name>mapbutcher@mapbutcher.com</a10:name></a10:contributor><georss:point>4163877.0322 -13249016.0879</georss:point></item><item><guid isPermaLink="false">59205a6e-23b9-4639-9c40-ee6c992f4152</guid><a10:author><a10:name>Simon Hope</a10:name></a10:author><title /><description /><pubDate>Tue, 01 May 2012 21:57:30 +1000</pubDate><a10:link href="http://www.mapbutcher.com/" /><a10:rights type="text">Copyright 2011</a10:rights><a10:content type="text"></a10:content><a10:contributor><a10:name>mapbutcher@mapbutcher.com</a10:name></a10:contributor><georss:point>4028804.1053 -13080138.7085</georss:point></item><item><guid isPermaLink="false">ab6bc99e-ddfe-4e4f-ac35-a52ccd437bcb</guid><a10:author><a10:name>Simon Hope</a10:name></a10:author><title /><description /><pubDate>Tue, 01 May 2012 21:57:30 +1000</pubDate><a10:link href="http://www.mapbutcher.com/" /><a10:rights type="text">Copyright 2011</a10:rights><a10:content type="text"></a10:content><a10:contributor><a10:name>mapbutcher@mapbutcher.com</a10:name></a10:contributor><georss:point>4551200.5779 -13581096.8075</georss:point></item><item><guid isPermaLink="false">f4bffa8c-6c51-46aa-b619-8e328290477e</guid><a10:author><a10:name>Simon Hope</a10:name></a10:author><title /><description /><pubDate>Tue, 01 May 2012 21:57:30 +1000</pubDate><a10:link href="http://www.mapbutcher.com/" /><a10:rights type="text">Copyright 2011</a10:rights><a10:content type="text"></a10:content><a10:contributor><a10:name>mapbutcher@mapbutcher.com</a10:name></a10:contributor><georss:point>4467013.607 -13569964.9905</georss:point></item><item><guid isPermaLink="false">e6821e0f-fb55-41ab-9683-751977fe9776</guid><a10:author><a10:name>Simon Hope</a10:name></a10:author><title /><description /><pubDate>Tue, 01 May 2012 21:57:30 +1000</pubDate><a10:link href="http://www.mapbutcher.com/" /><a10:rights type="text">Copyright 2011</a10:rights><a10:content type="text"></a10:content><a10:contributor><a10:name>mapbutcher@mapbutcher.com</a10:name></a10:contributor><georss:point>4425171.0976 -13536567.1336</georss:point></item><item><guid isPermaLink="false">0780f84d-c7e3-41b2-93e6-ff9883326d43</guid><a10:author><a10:name>Simon Hope</a10:name></a10:author><title /><description /><pubDate>Tue, 01 May 2012 21:57:30 +1000</pubDate><a10:link href="http://www.mapbutcher.com/" /><a10:rights type="text">Copyright 2011</a10:rights><a10:content type="text"></a10:content><a10:contributor><a10:name>mapbutcher@mapbutcher.com</a10:name></a10:contributor><georss:point>4621880.8673 -13625627.2616</georss:point></item><item><guid isPermaLink="false">5285e994-e3be-46bf-bfa9-79daafeed23f</guid><a10:author><a10:name>Simon Hope</a10:name></a10:author><title /><description /><pubDate>Tue, 01 May 2012 21:57:30 +1000</pubDate><a10:link href="http://www.mapbutcher.com/" /><a10:rights type="text">Copyright 2011</a10:rights><a10:content type="text"></a10:content><a10:contributor><a10:name>mapbutcher@mapbutcher.com</a10:name></a10:contributor><georss:point>4069156.0582 -13202594.2224</georss:point></item><item><guid isPermaLink="false">0e991e8b-d2ac-443c-8e0b-d7591ecbdfaf</guid><a10:author><a10:name>Simon Hope</a10:name></a10:author><title /><description /><pubDate>Tue, 01 May 2012 21:57:30 +1000</pubDate><a10:link href="http://www.mapbutcher.com/" /><a10:rights type="text">Copyright 2011</a10:rights><a10:content type="text"></a10:content><a10:contributor><a10:name>mapbutcher@mapbutcher.com</a10:name></a10:contributor><georss:point>4439099.3437 -13525435.3166</georss:point></item><item><guid isPermaLink="false">7d513ac2-827b-4d3a-b5c7-bba54ec61035</guid><a10:author><a10:name>Simon Hope</a10:name></a10:author><title /><description /><pubDate>Tue, 01 May 2012 21:57:30 +1000</pubDate><a10:link href="http://www.mapbutcher.com/" /><a10:rights type="text">Copyright 2011</a10:rights><a10:content type="text"></a10:content><a10:contributor><a10:name>mapbutcher@mapbutcher.com</a10:name></a10:contributor><georss:point>4607705.9439 -13625627.2616</georss:point></item><item><guid isPermaLink="false">054be7ed-f791-4d31-b02e-ebb7810a3591</guid><a10:author><a10:name>Simon Hope</a10:name></a10:author><title /><description /><pubDate>Tue, 01 May 2012 21:57:30 +1000</pubDate><a10:link href="http://www.mapbutcher.com/" /><a10:rights type="text">Copyright 2011</a10:rights><a10:content type="text"></a10:content><a10:contributor><a10:name>mapbutcher@mapbutcher.com</a10:name></a10:contributor><georss:point>4750346.3757 -13781479.0068</georss:point></item><item><guid isPermaLink="false">17acac6e-3ca2-4d98-b5a9-63baf14c0d70</guid><a10:author><a10:name>Simon Hope</a10:name></a10:author><title /><description /><pubDate>Tue, 01 May 2012 21:57:30 +1000</pubDate><a10:link href="http://www.mapbutcher.com/" /><a10:rights type="text">Copyright 2011</a10:rights><a10:content type="text"></a10:content><a10:contributor><a10:name>mapbutcher@mapbutcher.com</a10:name></a10:contributor><georss:point>4069156.6091 -13080138.7085</georss:point></item><item><guid isPermaLink="false">2e257d29-1bda-4dc1-9cab-570d71a97d04</guid><a10:author><a10:name>Simon Hope</a10:name></a10:author><title /><description /><pubDate>Tue, 01 May 2012 21:57:30 +1000</pubDate><a10:link href="http://www.mapbutcher.com/" /><a10:rights type="text">Copyright 2011</a10:rights><a10:content type="text"></a10:content><a10:contributor><a10:name>mapbutcher@mapbutcher.com</a10:name></a10:contributor><georss:point>4300616.1388 -13414109.0189</georss:point></item><item><guid isPermaLink="false">de4d4a44-72f4-4852-8c5b-cd9db91aede3</guid><a10:author><a10:name>Simon Hope</a10:name></a10:author><title /><description /><pubDate>Tue, 01 May 2012 21:57:30 +1000</pubDate><a10:link href="http://www.mapbutcher.com/" /><a10:rights type="text">Copyright 2011</a10:rights><a10:content type="text"></a10:content><a10:contributor><a10:name>mapbutcher@mapbutcher.com</a10:name></a10:contributor><georss:point>4123184.7556 -13391845.5149</georss:point></item><item><guid isPermaLink="false">e6c7fe03-728a-4108-a830-1f6f73384e9b</guid><a10:author><a10:name>Simon Hope</a10:name></a10:author><title /><description /><pubDate>Tue, 01 May 2012 21:57:30 +1000</pubDate><a10:link href="http://www.mapbutcher.com/" /><a10:rights type="text">Copyright 2011</a10:rights><a10:content type="text"></a10:content><a10:contributor><a10:name>mapbutcher@mapbutcher.com</a10:name></a10:contributor><georss:point>4109652.4683 -13402977.2669</georss:point></item><item><guid isPermaLink="false">a929b158-3908-44c3-a59c-11dcc39cb782</guid><a10:author><a10:name>Simon Hope</a10:name></a10:author><title /><description /><pubDate>Tue, 01 May 2012 21:57:30 +1000</pubDate><a10:link href="http://www.mapbutcher.com/" /><a10:rights type="text">Copyright 2011</a10:rights><a10:content type="text"></a10:content><a10:contributor><a10:name>mapbutcher@mapbutcher.com</a10:name></a10:contributor><georss:point>3882044.9493 -12857492.9402</georss:point></item><item><guid isPermaLink="false">64faa0b4-85ae-47d7-be69-0118ea31599c</guid><a10:author><a10:name>Simon Hope</a10:name></a10:author><title /><description /><pubDate>Tue, 01 May 2012 21:57:30 +1000</pubDate><a10:link href="http://www.mapbutcher.com/" /><a10:rights type="text">Copyright 2011</a10:rights><a10:content type="text"></a10:content><a10:contributor><a10:name>mapbutcher@mapbutcher.com</a10:name></a10:contributor><georss:point>4938847.9252 -13826009.5258</georss:point></item><item><guid isPermaLink="false">4552e976-c931-47fe-9858-417effc27fbc</guid><a10:author><a10:name>Simon Hope</a10:name></a10:author><title /><description /><pubDate>Tue, 01 May 2012 21:57:30 +1000</pubDate><a10:link href="http://www.mapbutcher.com/" /><a10:rights type="text">Copyright 2011</a10:rights><a10:content type="text"></a10:content><a10:contributor><a10:name>mapbutcher@mapbutcher.com</a10:name></a10:contributor><georss:point>4474003.1236 -13553266.0296</georss:point></item><item><guid isPermaLink="false">00f43b7c-d474-4d0b-87e4-f4715f0ed389</guid><a10:author><a10:name>Simon Hope</a10:name></a10:author><title /><description /><pubDate>Tue, 01 May 2012 21:57:30 +1000</pubDate><a10:link href="http://www.mapbutcher.com/" /><a10:rights type="text">Copyright 2011</a10:rights><a10:content type="text"></a10:content><a10:contributor><a10:name>mapbutcher@mapbutcher.com</a10:name></a10:contributor><georss:point>4109652.4683 -13380712.0073</georss:point></item><item><guid isPermaLink="false">bd54e126-e2df-4397-a6b1-8b03fc091249</guid><a10:author><a10:name>Simon Hope</a10:name></a10:author><title /><description /><pubDate>Tue, 01 May 2012 21:57:30 +1000</pubDate><a10:link href="http://www.mapbutcher.com/" /><a10:rights type="text">Copyright 2011</a10:rights><a10:content type="text"></a10:content><a10:contributor><a10:name>mapbutcher@mapbutcher.com</a10:name></a10:contributor><georss:point>3868794.2511 -12857492.9402</georss:point></item><item><guid isPermaLink="false">fe3a0df0-d2c9-405a-a157-aafe58639303</guid><a10:author><a10:name>Simon Hope</a10:name></a10:author><title /><description /><pubDate>Tue, 01 May 2012 21:57:30 +1000</pubDate><a10:link href="http://www.mapbutcher.com/" /><a10:rights type="text">Copyright 2011</a10:rights><a10:content type="text"></a10:content><a10:contributor><a10:name>mapbutcher@mapbutcher.com</a10:name></a10:contributor><georss:point>3868794.2511 -12857492.9402</georss:point></item><item><guid isPermaLink="false">244a076a-2d50-4a03-bd08-132011ee798f</guid><a10:author><a10:name>Simon Hope</a10:name></a10:author><title /><description /><pubDate>Tue, 01 May 2012 21:57:30 +1000</pubDate><a10:link href="http://www.mapbutcher.com/" /><a10:rights type="text">Copyright 2011</a10:rights><a10:content type="text"></a10:content><a10:contributor><a10:name>mapbutcher@mapbutcher.com</a10:name></a10:contributor><georss:point>4028803.5563 -13191461.56</georss:point></item><item><guid isPermaLink="false">fb49a153-5370-4b07-80b3-a4ab7baf9199</guid><a10:author><a10:name>Simon Hope</a10:name></a10:author><title /><description /><pubDate>Tue, 01 May 2012 21:57:30 +1000</pubDate><a10:link href="http://www.mapbutcher.com/" /><a10:rights type="text">Copyright 2011</a10:rights><a10:content type="text"></a10:content><a10:contributor><a10:name>mapbutcher@mapbutcher.com</a10:name></a10:contributor><georss:point>4938847.4122 -13859407.3827</georss:point></item><item><guid isPermaLink="false">a511f1cf-509e-4594-b5f5-56ebd514d6fb</guid><a10:author><a10:name>Simon Hope</a10:name></a10:author><title /><description /><pubDate>Tue, 01 May 2012 21:57:30 +1000</pubDate><a10:link href="http://www.mapbutcher.com/" /><a10:rights type="text">Copyright 2011</a10:rights><a10:content type="text"></a10:content><a10:contributor><a10:name>mapbutcher@mapbutcher.com</a10:name></a10:contributor><georss:point>5012318.6026 -13870540.8902</georss:point></item><item><guid isPermaLink="false">90d44006-576a-4c1e-b442-ee14351a22e6</guid><a10:author><a10:name>Simon Hope</a10:name></a10:author><title /><description /><pubDate>Tue, 01 May 2012 21:57:30 +1000</pubDate><a10:link href="http://www.mapbutcher.com/" /><a10:rights type="text">Copyright 2011</a10:rights><a10:content type="text"></a10:content><a10:contributor><a10:name>mapbutcher@mapbutcher.com</a10:name></a10:contributor><georss:point>4123184.2019 -13447506.9407</georss:point></item><item><guid isPermaLink="false">c610c9d0-566b-4cfa-85c6-70d21ca61780</guid><a10:author><a10:name>Simon Hope</a10:name></a10:author><title /><description /><pubDate>Tue, 01 May 2012 21:57:30 +1000</pubDate><a10:link href="http://www.mapbutcher.com/" /><a10:rights type="text">Copyright 2011</a10:rights><a10:content type="text"></a10:content><a10:contributor><a10:name>mapbutcher@mapbutcher.com</a10:name></a10:contributor><georss:point>4975513.9084 -13859408.228</georss:point></item><item><guid isPermaLink="false">7eb05373-5e31-4d73-94e8-c72f8dbe55bb</guid><a10:author><a10:name>Simon Hope</a10:name></a10:author><title /><description /><pubDate>Tue, 01 May 2012 21:57:30 +1000</pubDate><a10:link href="http://www.mapbutcher.com/" /><a10:rights type="text">Copyright 2011</a10:rights><a10:content type="text"></a10:content><a10:contributor><a10:name>mapbutcher@mapbutcher.com</a10:name></a10:contributor><georss:point>3977358.7514 -13132014.7755</georss:point></item><item><guid isPermaLink="false">70c7aa46-0ad4-4f40-ae67-690c03946298</guid><a10:author><a10:name>Simon Hope</a10:name></a10:author><title /><description /><pubDate>Tue, 01 May 2012 21:57:30 +1000</pubDate><a10:link href="http://www.mapbutcher.com/" /><a10:rights type="text">Copyright 2011</a10:rights><a10:content type="text"></a10:content><a10:contributor><a10:name>mapbutcher@mapbutcher.com</a10:name></a10:contributor><georss:point>4273131.6482 -13395184.1107</georss:point></item><item><guid isPermaLink="false">a534f885-7414-4561-bdbc-96578bffe72c</guid><a10:author><a10:name>Simon Hope</a10:name></a10:author><title /><description /><pubDate>Tue, 01 May 2012 21:57:30 +1000</pubDate><a10:link href="http://www.mapbutcher.com/" /><a10:rights type="text">Copyright 2011</a10:rights><a10:content type="text"></a10:content><a10:contributor><a10:name>mapbutcher@mapbutcher.com</a10:name></a10:contributor><georss:point>4078187.8442 -13312025.7276</georss:point></item><item><guid isPermaLink="false">337dee09-168e-40bd-88f6-7a5616ae2a7c</guid><a10:author><a10:name>Simon Hope</a10:name></a10:author><title /><description /><pubDate>Tue, 01 May 2012 21:57:30 +1000</pubDate><a10:link href="http://www.mapbutcher.com/" /><a10:rights type="text">Copyright 2011</a10:rights><a10:content type="text"></a10:content><a10:contributor><a10:name>mapbutcher@mapbutcher.com</a10:name></a10:contributor><georss:point>3999703.9931 -13163630.8471</georss:point></item><item><guid isPermaLink="false">20f391b2-9248-4a3d-b2e5-47cdbb941fbf</guid><a10:author><a10:name>Simon Hope</a10:name></a10:author><title /><description /><pubDate>Tue, 01 May 2012 21:57:30 +1000</pubDate><a10:link href="http://www.mapbutcher.com/" /><a10:rights type="text">Copyright 2011</a10:rights><a10:content type="text"></a10:content><a10:contributor><a10:name>mapbutcher@mapbutcher.com</a10:name></a10:contributor><georss:point>3910849.749 -12864951.4955</georss:point></item><item><guid isPermaLink="false">40a2b002-430d-48f7-adfb-7aae8e14cdb0</guid><a10:author><a10:name>Simon Hope</a10:name></a10:author><title /><description /><pubDate>Tue, 01 May 2012 21:57:30 +1000</pubDate><a10:link href="http://www.mapbutcher.com/" /><a10:rights type="text">Copyright 2011</a10:rights><a10:content type="text"></a10:content><a10:contributor><a10:name>mapbutcher@mapbutcher.com</a10:name></a10:contributor><georss:point>4209221.4245 -13237883.4906</georss:point></item><item><guid isPermaLink="false">404fd508-e479-4d8f-880b-6e1b08ec6b5b</guid><a10:author><a10:name>Simon Hope</a10:name></a10:author><title /><description /><pubDate>Tue, 01 May 2012 21:57:30 +1000</pubDate><a10:link href="http://www.mapbutcher.com/" /><a10:rights type="text">Copyright 2011</a10:rights><a10:content type="text"></a10:content><a10:contributor><a10:name>mapbutcher@mapbutcher.com</a10:name></a10:contributor><georss:point>4429764.9069 -13545807.4742</georss:point></item><item><guid isPermaLink="false">8df7d64c-57e6-45d9-b453-1758d900f949</guid><a10:author><a10:name>Simon Hope</a10:name></a10:author><title /><description /><pubDate>Tue, 01 May 2012 21:57:30 +1000</pubDate><a10:link href="http://www.mapbutcher.com/" /><a10:rights type="text">Copyright 2011</a10:rights><a10:content type="text"></a10:content><a10:contributor><a10:name>mapbutcher@mapbutcher.com</a10:name></a10:contributor><georss:point>4645596.3496 -13658133.4131</georss:point></item><item><guid isPermaLink="false">a7972e6d-9187-41c2-b828-35f88edc1738</guid><a10:author><a10:name>Simon Hope</a10:name></a10:author><title /><description /><pubDate>Tue, 01 May 2012 21:57:30 +1000</pubDate><a10:link href="http://www.mapbutcher.com/" /><a10:rights type="text">Copyright 2011</a10:rights><a10:content type="text"></a10:content><a10:contributor><a10:name>mapbutcher@mapbutcher.com</a10:name></a10:contributor><georss:point>4643890.7473 -13658133.4131</georss:point></item><item><guid isPermaLink="false">86ba9f9b-807c-4a86-b211-6a6a82ce17f9</guid><a10:author><a10:name>Simon Hope</a10:name></a10:author><title /><description /><pubDate>Tue, 01 May 2012 21:57:30 +1000</pubDate><a10:link href="http://www.mapbutcher.com/" /><a10:rights type="text">Copyright 2011</a10:rights><a10:content type="text"></a10:content><a10:contributor><a10:name>mapbutcher@mapbutcher.com</a10:name></a10:contributor><georss:point>4784735.008 -13528555.6352</georss:point></item><item><guid isPermaLink="false">f60acd70-82bd-428d-841f-52b6435dc9db</guid><a10:author><a10:name>Simon Hope</a10:name></a10:author><title /><description /><pubDate>Tue, 01 May 2012 21:57:30 +1000</pubDate><a10:link href="http://www.mapbutcher.com/" /><a10:rights type="text">Copyright 2011</a10:rights><a10:content type="text"></a10:content><a10:contributor><a10:name>mapbutcher@mapbutcher.com</a10:name></a10:contributor><georss:point>4332723.2708 -13392845.9363</georss:point></item><item><guid isPermaLink="false">1e52c5b7-8664-4b87-916c-015ea4246862</guid><a10:author><a10:name>Simon Hope</a10:name></a10:author><title /><description /><pubDate>Tue, 01 May 2012 21:57:30 +1000</pubDate><a10:link href="http://www.mapbutcher.com/" /><a10:rights type="text">Copyright 2011</a10:rights><a10:content type="text"></a10:content><a10:contributor><a10:name>mapbutcher@mapbutcher.com</a10:name></a10:contributor><georss:point>4483796.407 -13547477.2272</georss:point></item><item><guid isPermaLink="false">74e72721-dba5-4b70-9b9e-6ffc305cb692</guid><a10:author><a10:name>Simon Hope</a10:name></a10:author><title /><description /><pubDate>Tue, 01 May 2012 21:57:30 +1000</pubDate><a10:link href="http://www.mapbutcher.com/" /><a10:rights type="text">Copyright 2011</a10:rights><a10:content type="text"></a10:content><a10:contributor><a10:name>mapbutcher@mapbutcher.com</a10:name></a10:contributor><georss:point>4036997.4319 -13144483.3702</georss:point></item><item><guid isPermaLink="false">53565186-2fc0-409b-9f59-26a74d5395e1</guid><a10:author><a10:name>Simon Hope</a10:name></a10:author><title /><description /><pubDate>Tue, 01 May 2012 21:57:30 +1000</pubDate><a10:link href="http://www.mapbutcher.com/" /><a10:rights type="text">Copyright 2011</a10:rights><a10:content type="text"></a10:content><a10:contributor><a10:name>mapbutcher@mapbutcher.com</a10:name></a10:contributor><georss:point>4919542.8485 -13838923.128</georss:point></item><item><guid isPermaLink="false">d87d2d17-c177-4657-a0e7-00e3bc0b77f7</guid><a10:author><a10:name>Simon Hope</a10:name></a10:author><title /><description /><pubDate>Tue, 01 May 2012 21:57:30 +1000</pubDate><a10:link href="http://www.mapbutcher.com/" /><a10:rights type="text">Copyright 2011</a10:rights><a10:content type="text"></a10:content><a10:contributor><a10:name>mapbutcher@mapbutcher.com</a10:name></a10:contributor><georss:point>4056093.5366 -13005218.4888</georss:point></item><item><guid isPermaLink="false">0c7b3949-15b8-4ea5-b9cd-ebb9a894db9c</guid><a10:author><a10:name>Simon Hope</a10:name></a10:author><title /><description /><pubDate>Tue, 01 May 2012 21:57:30 +1000</pubDate><a10:link href="http://www.mapbutcher.com/" /><a10:rights type="text">Copyright 2011</a10:rights><a10:content type="text"></a10:content><a10:contributor><a10:name>mapbutcher@mapbutcher.com</a10:name></a10:contributor><georss:point>4425171.0976 -13536567.1336</georss:point></item><item><guid isPermaLink="false">8cf3a3e9-f37f-412d-9b72-58c0383c48d2</guid><a10:author><a10:name>Simon Hope</a10:name></a10:author><title /><description /><pubDate>Tue, 01 May 2012 21:57:30 +1000</pubDate><a10:link href="http://www.mapbutcher.com/" /><a10:rights type="text">Copyright 2011</a10:rights><a10:content type="text"></a10:content><a10:contributor><a10:name>mapbutcher@mapbutcher.com</a10:name></a10:contributor><georss:point>3895309.5317 -13057873.4488</georss:point></item><item><guid isPermaLink="false">970a1d03-7aa2-40c4-a2ee-5a07bbb444b5</guid><a10:author><a10:name>Simon Hope</a10:name></a10:author><title /><description /><pubDate>Tue, 01 May 2012 21:57:30 +1000</pubDate><a10:link href="http://www.mapbutcher.com/" /><a10:rights type="text">Copyright 2011</a10:rights><a10:content type="text"></a10:content><a10:contributor><a10:name>mapbutcher@mapbutcher.com</a10:name></a10:contributor><georss:point>4509023.3954 -13636759.0786</georss:point></item><item><guid isPermaLink="false">2eb15200-fe08-4dad-ab94-86aef78f519a</guid><a10:author><a10:name>Simon Hope</a10:name></a10:author><title /><description /><pubDate>Tue, 01 May 2012 21:57:30 +1000</pubDate><a10:link href="http://www.mapbutcher.com/" /><a10:rights type="text">Copyright 2011</a10:rights><a10:content type="text"></a10:content><a10:contributor><a10:name>mapbutcher@mapbutcher.com</a10:name></a10:contributor><georss:point>4232034.7919 -13425241.6811</georss:point></item><item><guid isPermaLink="false">035fa556-bf93-490c-a5af-888bbe784079</guid><a10:author><a10:name>Simon Hope</a10:name></a10:author><title /><description /><pubDate>Tue, 01 May 2012 21:57:30 +1000</pubDate><a10:link href="http://www.mapbutcher.com/" /><a10:rights type="text">Copyright 2011</a10:rights><a10:content type="text"></a10:content><a10:contributor><a10:name>mapbutcher@mapbutcher.com</a10:name></a10:contributor><georss:point>4509022.8218 -13614494.6643</georss:point></item><item><guid isPermaLink="false">78497f52-318d-4641-90df-3effbf4dafce</guid><a10:author><a10:name>Simon Hope</a10:name></a10:author><title /><description /><pubDate>Tue, 01 May 2012 21:57:30 +1000</pubDate><a10:link href="http://www.mapbutcher.com/" /><a10:rights type="text">Copyright 2011</a10:rights><a10:content type="text"></a10:content><a10:contributor><a10:name>mapbutcher@mapbutcher.com</a10:name></a10:contributor><georss:point>4509022.8218 -13569964.9905</georss:point></item><item><guid isPermaLink="false">2cdeda9b-ace2-45ba-a493-9f1de7f411e7</guid><a10:author><a10:name>Simon Hope</a10:name></a10:author><title /><description /><pubDate>Tue, 01 May 2012 21:57:30 +1000</pubDate><a10:link href="http://www.mapbutcher.com/" /><a10:rights type="text">Copyright 2011</a10:rights><a10:content type="text"></a10:content><a10:contributor><a10:name>mapbutcher@mapbutcher.com</a10:name></a10:contributor><georss:point>4982863.7598 -13826011.2164</georss:point></item><item><guid isPermaLink="false">5d47e604-c930-429a-bfc7-eb161546ed12</guid><a10:author><a10:name>Simon Hope</a10:name></a10:author><title /><description /><pubDate>Tue, 01 May 2012 21:57:30 +1000</pubDate><a10:link href="http://www.mapbutcher.com/" /><a10:rights type="text">Copyright 2011</a10:rights><a10:content type="text"></a10:content><a10:contributor><a10:name>mapbutcher@mapbutcher.com</a10:name></a10:contributor><georss:point>3855558.5259 -13046740.7866</georss:point></item><item><guid isPermaLink="false">9ec0aba8-877b-4b34-bbc6-7cf9523632bb</guid><a10:author><a10:name>Simon Hope</a10:name></a10:author><title /><description /><pubDate>Tue, 01 May 2012 21:57:30 +1000</pubDate><a10:link href="http://www.mapbutcher.com/" /><a10:rights type="text">Copyright 2011</a10:rights><a10:content type="text"></a10:content><a10:contributor><a10:name>mapbutcher@mapbutcher.com</a10:name></a10:contributor><georss:point>4636075.2592 -13647891.6759</georss:point></item><item><guid isPermaLink="false">abf88de2-b734-4358-993a-4aae49d9835c</guid><a10:author><a10:name>Simon Hope</a10:name></a10:author><title /><description /><pubDate>Tue, 01 May 2012 21:57:30 +1000</pubDate><a10:link href="http://www.mapbutcher.com/" /><a10:rights type="text">Copyright 2011</a10:rights><a10:content type="text"></a10:content><a10:contributor><a10:name>mapbutcher@mapbutcher.com</a10:name></a10:contributor><georss:point>4982864.361 -13814878.5542</georss:point></item><item><guid isPermaLink="false">32ab23af-62f5-443c-a2d9-5ed44ad00318</guid><a10:author><a10:name>Simon Hope</a10:name></a10:author><title /><description /><pubDate>Tue, 01 May 2012 21:57:30 +1000</pubDate><a10:link href="http://www.mapbutcher.com/" /><a10:rights type="text">Copyright 2011</a10:rights><a10:content type="text"></a10:content><a10:contributor><a10:name>mapbutcher@mapbutcher.com</a10:name></a10:contributor><georss:point>4453046.9784 -13536567.1336</georss:point></item><item><guid isPermaLink="false">3ba5cc6e-7cdd-4796-be4d-3d6c04350eaf</guid><a10:author><a10:name>Simon Hope</a10:name></a10:author><title /><description /><pubDate>Tue, 01 May 2012 21:57:30 +1000</pubDate><a10:link href="http://www.mapbutcher.com/" /><a10:rights type="text">Copyright 2011</a10:rights><a10:content type="text"></a10:content><a10:contributor><a10:name>mapbutcher@mapbutcher.com</a10:name></a10:contributor><georss:point>4735990.3467 -13703553.1667</georss:point></item><item><guid isPermaLink="false">1ff99b71-9e03-4d56-89d7-3381fcf1387e</guid><a10:author><a10:name>Simon Hope</a10:name></a10:author><title /><description /><pubDate>Tue, 01 May 2012 21:57:30 +1000</pubDate><a10:link href="http://www.mapbutcher.com/" /><a10:rights type="text">Copyright 2011</a10:rights><a10:content type="text"></a10:content><a10:contributor><a10:name>mapbutcher@mapbutcher.com</a10:name></a10:contributor><georss:point>4467013.607 -13592229.4047</georss:point></item><item><guid isPermaLink="false">eecbf504-67f7-4e50-8c2b-0c2646585f03</guid><a10:author><a10:name>Simon Hope</a10:name></a10:author><title /><description /><pubDate>Tue, 01 May 2012 21:57:30 +1000</pubDate><a10:link href="http://www.mapbutcher.com/" /><a10:rights type="text">Copyright 2011</a10:rights><a10:content type="text"></a10:content><a10:contributor><a10:name>mapbutcher@mapbutcher.com</a10:name></a10:contributor><georss:point>4924220.1394 -13826009.5258</georss:point></item><item><guid isPermaLink="false">3ae0e3ef-5db0-4f61-9b78-1f08081c29a6</guid><a10:author><a10:name>Simon Hope</a10:name></a10:author><title /><description /><pubDate>Tue, 01 May 2012 21:57:30 +1000</pubDate><a10:link href="http://www.mapbutcher.com/" /><a10:rights type="text">Copyright 2011</a10:rights><a10:content type="text"></a10:content><a10:contributor><a10:name>mapbutcher@mapbutcher.com</a10:name></a10:contributor><georss:point>4968170.7821 -13803746.8021</georss:point></item><item><guid isPermaLink="false">6730e79c-2287-4975-9195-942944dd2a21</guid><a10:author><a10:name>Simon Hope</a10:name></a10:author><title /><description /><pubDate>Tue, 01 May 2012 21:57:30 +1000</pubDate><a10:link href="http://www.mapbutcher.com/" /><a10:rights type="text">Copyright 2011</a10:rights><a10:content type="text"></a10:content><a10:contributor><a10:name>mapbutcher@mapbutcher.com</a10:name></a10:contributor><georss:point>4880464.9962 -13803744.2663</georss:point></item><item><guid isPermaLink="false">73012d27-7bfe-4918-adbc-a4e67dfb7592</guid><a10:author><a10:name>Simon Hope</a10:name></a10:author><title /><description /><pubDate>Tue, 01 May 2012 21:57:30 +1000</pubDate><a10:link href="http://www.mapbutcher.com/" /><a10:rights type="text">Copyright 2011</a10:rights><a10:content type="text"></a10:content><a10:contributor><a10:name>mapbutcher@mapbutcher.com</a10:name></a10:contributor><georss:point>4300616.1388 -13414109.0189</georss:point></item><item><guid isPermaLink="false">654ff161-75a7-4dc4-bd97-2d8cad16c74d</guid><a10:author><a10:name>Simon Hope</a10:name></a10:author><title /><description /><pubDate>Tue, 01 May 2012 21:57:30 +1000</pubDate><a10:link href="http://www.mapbutcher.com/" /><a10:rights type="text">Copyright 2011</a10:rights><a10:content type="text"></a10:content><a10:contributor><a10:name>mapbutcher@mapbutcher.com</a10:name></a10:contributor><georss:point>4467013.607 -13581096.8075</georss:point></item><item><guid isPermaLink="false">c06a5ce8-b93e-41f5-8f80-0691600a3260</guid><a10:author><a10:name>Simon Hope</a10:name></a10:author><title /><description /><pubDate>Tue, 01 May 2012 21:57:30 +1000</pubDate><a10:link href="http://www.mapbutcher.com/" /><a10:rights type="text">Copyright 2011</a10:rights><a10:content type="text"></a10:content><a10:contributor><a10:name>mapbutcher@mapbutcher.com</a10:name></a10:contributor><georss:point>4425171.0976 -13536567.1336</georss:point></item><item><guid isPermaLink="false">0f739c8b-c025-436c-9fa5-dcf61ac165f3</guid><a10:author><a10:name>Simon Hope</a10:name></a10:author><title /><description /><pubDate>Tue, 01 May 2012 21:57:30 +1000</pubDate><a10:link href="http://www.mapbutcher.com/" /><a10:rights type="text">Copyright 2011</a10:rights><a10:content type="text"></a10:content><a10:contributor><a10:name>mapbutcher@mapbutcher.com</a10:name></a10:contributor><georss:point>4924225.7746 -13425248.4434</georss:point></item><item><guid isPermaLink="false">de9f04a6-0efb-4654-ae7f-220262d241fb</guid><a10:author><a10:name>Simon Hope</a10:name></a10:author><title /><description /><pubDate>Tue, 01 May 2012 21:57:30 +1000</pubDate><a10:link href="http://www.mapbutcher.com/" /><a10:rights type="text">Copyright 2011</a10:rights><a10:content type="text"></a10:content><a10:contributor><a10:name>mapbutcher@mapbutcher.com</a10:name></a10:contributor><georss:point>4397367.5273 -13503170.9023</georss:point></item><item><guid isPermaLink="false">5861f3d0-f27b-4f4e-bd5d-dfe7fc4e94b3</guid><a10:author><a10:name>Simon Hope</a10:name></a10:author><title /><description /><pubDate>Tue, 01 May 2012 21:57:30 +1000</pubDate><a10:link href="http://www.mapbutcher.com/" /><a10:rights type="text">Copyright 2011</a10:rights><a10:content type="text"></a10:content><a10:contributor><a10:name>mapbutcher@mapbutcher.com</a10:name></a10:contributor><georss:point>4355796.2371 -13469772.2003</georss:point></item><item><guid isPermaLink="false">8b3eda63-0734-4f71-8f3c-20e9982e6e19</guid><a10:author><a10:name>Simon Hope</a10:name></a10:author><title /><description /><pubDate>Tue, 01 May 2012 21:57:30 +1000</pubDate><a10:link href="http://www.mapbutcher.com/" /><a10:rights type="text">Copyright 2011</a10:rights><a10:content type="text"></a10:content><a10:contributor><a10:name>mapbutcher@mapbutcher.com</a10:name></a10:contributor><georss:point>4764720.0836 -13759213.7472</georss:point></item><item><guid isPermaLink="false">7e15a86b-4de6-4e1f-a5e5-004b6d7a65c4</guid><a10:author><a10:name>Simon Hope</a10:name></a10:author><title /><description /><pubDate>Tue, 01 May 2012 21:57:30 +1000</pubDate><a10:link href="http://www.mapbutcher.com/" /><a10:rights type="text">Copyright 2011</a10:rights><a10:content type="text"></a10:content><a10:contributor><a10:name>mapbutcher@mapbutcher.com</a10:name></a10:contributor><georss:point>4822427.5757 -13436379.4152</georss:point></item><item><guid isPermaLink="false">1574f8e9-c72e-46b0-8865-12e47c962049</guid><a10:author><a10:name>Simon Hope</a10:name></a10:author><title /><description /><pubDate>Tue, 01 May 2012 21:57:30 +1000</pubDate><a10:link href="http://www.mapbutcher.com/" /><a10:rights type="text">Copyright 2011</a10:rights><a10:content type="text"></a10:content><a10:contributor><a10:name>mapbutcher@mapbutcher.com</a10:name></a10:contributor><georss:point>4565298.2592 -13614494.6643</georss:point></item><item><guid isPermaLink="false">2c81cfd7-a39d-4765-bcf9-49f6ea60d274</guid><a10:author><a10:name>Simon Hope</a10:name></a10:author><title /><description /><pubDate>Tue, 01 May 2012 21:57:30 +1000</pubDate><a10:link href="http://www.mapbutcher.com/" /><a10:rights type="text">Copyright 2011</a10:rights><a10:content type="text"></a10:content><a10:contributor><a10:name>mapbutcher@mapbutcher.com</a10:name></a10:contributor><georss:point>4579414.5302 -13569964.9905</georss:point></item><item><guid isPermaLink="false">224b021f-0610-4e93-b701-028ab579c5c6</guid><a10:author><a10:name>Simon Hope</a10:name></a10:author><title /><description /><pubDate>Tue, 01 May 2012 21:57:30 +1000</pubDate><a10:link href="http://www.mapbutcher.com/" /><a10:rights type="text">Copyright 2011</a10:rights><a10:content type="text"></a10:content><a10:contributor><a10:name>mapbutcher@mapbutcher.com</a10:name></a10:contributor><georss:point>4938853.5688 -13436381.1057</georss:point></item><item><guid isPermaLink="false">bc7cdb03-2596-4a12-8c7e-a30b9bccafb7</guid><a10:author><a10:name>Simon Hope</a10:name></a10:author><title /><description /><pubDate>Tue, 01 May 2012 21:57:30 +1000</pubDate><a10:link href="http://www.mapbutcher.com/" /><a10:rights type="text">Copyright 2011</a10:rights><a10:content type="text"></a10:content><a10:contributor><a10:name>mapbutcher@mapbutcher.com</a10:name></a10:contributor><georss:point>4551200.5779 -13603361.1567</georss:point></item><item><guid isPermaLink="false">01cec458-ae3f-475c-b989-2ecc87c38503</guid><a10:author><a10:name>Simon Hope</a10:name></a10:author><title /><description /><pubDate>Tue, 01 May 2012 21:57:30 +1000</pubDate><a10:link href="http://www.mapbutcher.com/" /><a10:rights type="text">Copyright 2011</a10:rights><a10:content type="text"></a10:content><a10:contributor><a10:name>mapbutcher@mapbutcher.com</a10:name></a10:contributor><georss:point>4938847.9252 -13826009.5258</georss:point></item><item><guid isPermaLink="false">289e7b5b-8da2-4bc0-91c8-bc1000893809</guid><a10:author><a10:name>Simon Hope</a10:name></a10:author><title /><description /><pubDate>Tue, 01 May 2012 21:57:30 +1000</pubDate><a10:link href="http://www.mapbutcher.com/" /><a10:rights type="text">Copyright 2011</a10:rights><a10:content type="text"></a10:content><a10:contributor><a10:name>mapbutcher@mapbutcher.com</a10:name></a10:contributor><georss:point>4636075.2592 -13647891.6759</georss:point></item><item><guid isPermaLink="false">8be60402-f584-4767-9076-7cd560333319</guid><a10:author><a10:name>Simon Hope</a10:name></a10:author><title /><description /><pubDate>Tue, 01 May 2012 21:57:30 +1000</pubDate><a10:link href="http://www.mapbutcher.com/" /><a10:rights type="text">Copyright 2011</a10:rights><a10:content type="text"></a10:content><a10:contributor><a10:name>mapbutcher@mapbutcher.com</a10:name></a10:contributor><georss:point>4909614.1493 -13770348.035</georss:point></item><item><guid isPermaLink="false">b749e511-c7a2-4fa6-8565-454ef43ee5d1</guid><a10:author><a10:name>Simon Hope</a10:name></a10:author><title /><description /><pubDate>Tue, 01 May 2012 21:57:30 +1000</pubDate><a10:link href="http://www.mapbutcher.com/" /><a10:rights type="text">Copyright 2011</a10:rights><a10:content type="text"></a10:content><a10:contributor><a10:name>mapbutcher@mapbutcher.com</a10:name></a10:contributor><georss:point>4425171.0976 -13547699.7309</georss:point></item><item><guid isPermaLink="false">3026fba8-49d2-4605-bcb5-26b66982475d</guid><a10:author><a10:name>Simon Hope</a10:name></a10:author><title /><description /><pubDate>Tue, 01 May 2012 21:57:30 +1000</pubDate><a10:link href="http://www.mapbutcher.com/" /><a10:rights type="text">Copyright 2011</a10:rights><a10:content type="text"></a10:content><a10:contributor><a10:name>mapbutcher@mapbutcher.com</a10:name></a10:contributor><georss:point>4537122.5444 -13636758.2332</georss:point></item><item><guid isPermaLink="false">dabe1459-ae36-4350-bf67-e57e3799729b</guid><a10:author><a10:name>Simon Hope</a10:name></a10:author><title /><description /><pubDate>Tue, 01 May 2012 21:57:30 +1000</pubDate><a10:link href="http://www.mapbutcher.com/" /><a10:rights type="text">Copyright 2011</a10:rights><a10:content type="text"></a10:content><a10:contributor><a10:name>mapbutcher@mapbutcher.com</a10:name></a10:contributor><georss:point>4467013.1172 -13525435.3166</georss:point></item><item><guid isPermaLink="false">ac2ccc5d-5c37-48dd-a293-c042da950f00</guid><a10:author><a10:name>Simon Hope</a10:name></a10:author><title /><description /><pubDate>Tue, 01 May 2012 21:57:30 +1000</pubDate><a10:link href="http://www.mapbutcher.com/" /><a10:rights type="text">Copyright 2011</a10:rights><a10:content type="text"></a10:content><a10:contributor><a10:name>mapbutcher@mapbutcher.com</a10:name></a10:contributor><georss:point>4636075.2592 -13659023.4929</georss:point></item><item><guid isPermaLink="false">41113b10-4b12-47ac-9473-8ea34ba48439</guid><a10:author><a10:name>Simon Hope</a10:name></a10:author><title /><description /><pubDate>Tue, 01 May 2012 21:57:30 +1000</pubDate><a10:link href="http://www.mapbutcher.com/" /><a10:rights type="text">Copyright 2011</a10:rights><a10:content type="text"></a10:content><a10:contributor><a10:name>mapbutcher@mapbutcher.com</a10:name></a10:contributor><georss:point>4621880.2872 -13569965.8358</georss:point></item><item><guid isPermaLink="false">df0eb009-d5e7-4256-8e12-7f7a81f96623</guid><a10:author><a10:name>Simon Hope</a10:name></a10:author><title /><description /><pubDate>Tue, 01 May 2012 21:57:30 +1000</pubDate><a10:link href="http://www.mapbutcher.com/" /><a10:rights type="text">Copyright 2011</a10:rights><a10:content type="text"></a10:content><a10:contributor><a10:name>mapbutcher@mapbutcher.com</a10:name></a10:contributor><georss:point>4136732.3777 -13402977.2669</georss:point></item><item><guid isPermaLink="false">b4742285-8d0e-450b-852c-fa3010aa4ce8</guid><a10:author><a10:name>Simon Hope</a10:name></a10:author><title /><description /><pubDate>Tue, 01 May 2012 21:57:30 +1000</pubDate><a10:link href="http://www.mapbutcher.com/" /><a10:rights type="text">Copyright 2011</a10:rights><a10:content type="text"></a10:content><a10:contributor><a10:name>mapbutcher@mapbutcher.com</a10:name></a10:contributor><georss:point>4136732.3777 -13402977.2669</georss:point></item><item><guid isPermaLink="false">1db7a2c6-082b-498d-9650-112dcec92b20</guid><a10:author><a10:name>Simon Hope</a10:name></a10:author><title /><description /><pubDate>Tue, 01 May 2012 21:57:30 +1000</pubDate><a10:link href="http://www.mapbutcher.com/" /><a10:rights type="text">Copyright 2011</a10:rights><a10:content type="text"></a10:content><a10:contributor><a10:name>mapbutcher@mapbutcher.com</a10:name></a10:contributor><georss:point>4495000.9468 -13569964.9905</georss:point></item><item><guid isPermaLink="false">98705411-8fb7-4ce9-a022-a0c2c3f133ed</guid><a10:author><a10:name>Simon Hope</a10:name></a10:author><title /><description /><pubDate>Tue, 01 May 2012 21:57:30 +1000</pubDate><a10:link href="http://www.mapbutcher.com/" /><a10:rights type="text">Copyright 2011</a10:rights><a10:content type="text"></a10:content><a10:contributor><a10:name>mapbutcher@mapbutcher.com</a10:name></a10:contributor><georss:point>4793530.9256 -13581098.498</georss:point></item><item><guid isPermaLink="false">0b8bd7ca-ff3e-4300-91a3-7eac64f26406</guid><a10:author><a10:name>Simon Hope</a10:name></a10:author><title /><description /><pubDate>Tue, 01 May 2012 21:57:30 +1000</pubDate><a10:link href="http://www.mapbutcher.com/" /><a10:rights type="text">Copyright 2011</a10:rights><a10:content type="text"></a10:content><a10:contributor><a10:name>mapbutcher@mapbutcher.com</a10:name></a10:contributor><georss:point>4480997.6882 -13558832.3932</georss:point></item><item><guid isPermaLink="false">c68c2918-2a68-4750-9bb8-20e7801a00dd</guid><a10:author><a10:name>Simon Hope</a10:name></a10:author><title /><description /><pubDate>Tue, 01 May 2012 21:57:30 +1000</pubDate><a10:link href="http://www.mapbutcher.com/" /><a10:rights type="text">Copyright 2011</a10:rights><a10:content type="text"></a10:content><a10:contributor><a10:name>mapbutcher@mapbutcher.com</a10:name></a10:contributor><georss:point>5012319.1195 -13803747.6474</georss:point></item><item><guid isPermaLink="false">b2292ff2-4e0f-40ec-aa92-07bdeb259944</guid><a10:author><a10:name>Simon Hope</a10:name></a10:author><title /><description /><pubDate>Tue, 01 May 2012 21:57:30 +1000</pubDate><a10:link href="http://www.mapbutcher.com/" /><a10:rights type="text">Copyright 2011</a10:rights><a10:content type="text"></a10:content><a10:contributor><a10:name>mapbutcher@mapbutcher.com</a10:name></a10:contributor><georss:point>4055689.9949 -13035609.0346</georss:point></item><item><guid isPermaLink="false">4485fd40-9c3f-41c4-9c9e-b1e189f019c0</guid><a10:author><a10:name>Simon Hope</a10:name></a10:author><title /><description /><pubDate>Tue, 01 May 2012 21:57:30 +1000</pubDate><a10:link href="http://www.mapbutcher.com/" /><a10:rights type="text">Copyright 2011</a10:rights><a10:content type="text"></a10:content><a10:contributor><a10:name>mapbutcher@mapbutcher.com</a10:name></a10:contributor><georss:point>4909619.0942 -13391851.4319</georss:point></item><item><guid isPermaLink="false">891dbd08-6faa-4242-93ff-cb1f3586f7a5</guid><a10:author><a10:name>Simon Hope</a10:name></a10:author><title /><description /><pubDate>Tue, 01 May 2012 21:57:30 +1000</pubDate><a10:link href="http://www.mapbutcher.com/" /><a10:rights type="text">Copyright 2011</a10:rights><a10:content type="text"></a10:content><a10:contributor><a10:name>mapbutcher@mapbutcher.com</a10:name></a10:contributor><georss:point>4982864.361 -13803746.8021</georss:point></item><item><guid isPermaLink="false">2cf6009c-207d-4eb8-8ea7-095c9eac373c</guid><a10:author><a10:name>Simon Hope</a10:name></a10:author><title /><description /><pubDate>Tue, 01 May 2012 21:57:30 +1000</pubDate><a10:link href="http://www.mapbutcher.com/" /><a10:rights type="text">Copyright 2011</a10:rights><a10:content type="text"></a10:content><a10:contributor><a10:name>mapbutcher@mapbutcher.com</a10:name></a10:contributor><georss:point>5012319.1195 -13803747.6474</georss:point></item><item><guid isPermaLink="false">1bb08b38-984b-4afe-847c-c86651e92ace</guid><a10:author><a10:name>Simon Hope</a10:name></a10:author><title /><description /><pubDate>Tue, 01 May 2012 21:57:30 +1000</pubDate><a10:link href="http://www.mapbutcher.com/" /><a10:rights type="text">Copyright 2011</a10:rights><a10:content type="text"></a10:content><a10:contributor><a10:name>mapbutcher@mapbutcher.com</a10:name></a10:contributor><georss:point>4779116.5253 -13447512.0123</georss:point></item><item><guid isPermaLink="false">85adf74a-1738-4c08-8d06-50472d6f98f7</guid><a10:author><a10:name>Simon Hope</a10:name></a10:author><title /><description /><pubDate>Tue, 01 May 2012 21:57:30 +1000</pubDate><a10:link href="http://www.mapbutcher.com/" /><a10:rights type="text">Copyright 2011</a10:rights><a10:content type="text"></a10:content><a10:contributor><a10:name>mapbutcher@mapbutcher.com</a10:name></a10:contributor><georss:point>3988592.7654 -13069006.0461</georss:point></item><item><guid isPermaLink="false">599ca2de-df99-4d5b-ba85-dde642c9e8ae</guid><a10:author><a10:name>Simon Hope</a10:name></a10:author><title /><description /><pubDate>Tue, 01 May 2012 21:57:30 +1000</pubDate><a10:link href="http://www.mapbutcher.com/" /><a10:rights type="text">Copyright 2011</a10:rights><a10:content type="text"></a10:content><a10:contributor><a10:name>mapbutcher@mapbutcher.com</a10:name></a10:contributor><georss:point>4462821.4664 -13581096.8075</georss:point></item><item><guid isPermaLink="false">5667a191-efdf-4e18-809c-d4fc9208fd2d</guid><a10:author><a10:name>Simon Hope</a10:name></a10:author><title /><description /><pubDate>Tue, 01 May 2012 21:57:30 +1000</pubDate><a10:link href="http://www.mapbutcher.com/" /><a10:rights type="text">Copyright 2011</a10:rights><a10:content type="text"></a10:content><a10:contributor><a10:name>mapbutcher@mapbutcher.com</a10:name></a10:contributor><georss:point>4950570.1397 -13562176.906</georss:point></item><item><guid isPermaLink="false">7c54a873-1b37-46dd-8491-91003e2dd6e7</guid><a10:author><a10:name>Simon Hope</a10:name></a10:author><title /><description /><pubDate>Tue, 01 May 2012 21:57:30 +1000</pubDate><a10:link href="http://www.mapbutcher.com/" /><a10:rights type="text">Copyright 2011</a10:rights><a10:content type="text"></a10:content><a10:contributor><a10:name>mapbutcher@mapbutcher.com</a10:name></a10:contributor><georss:point>4393202.7985 -13497603.7585</georss:point></item><item><guid isPermaLink="false">e6db56fb-4a34-4f8f-9582-c6b824909b5e</guid><a10:author><a10:name>Simon Hope</a10:name></a10:author><title /><description /><pubDate>Tue, 01 May 2012 21:57:30 +1000</pubDate><a10:link href="http://www.mapbutcher.com/" /><a10:rights type="text">Copyright 2011</a10:rights><a10:content type="text"></a10:content><a10:contributor><a10:name>mapbutcher@mapbutcher.com</a10:name></a10:contributor><georss:point>4150296.4429 -13235991.2339</georss:point></item><item><guid isPermaLink="false">68cad24c-1a4d-4c49-af92-2a5e444d5c41</guid><a10:author><a10:name>Simon Hope</a10:name></a10:author><title /><description /><pubDate>Tue, 01 May 2012 21:57:30 +1000</pubDate><a10:link href="http://www.mapbutcher.com/" /><a10:rights type="text">Copyright 2011</a10:rights><a10:content type="text"></a10:content><a10:contributor><a10:name>mapbutcher@mapbutcher.com</a10:name></a10:contributor><georss:point>4187003.6604 -13441940.6421</georss:point></item><item><guid isPermaLink="false">fd4161f6-0ec8-45ef-92ec-7a272b417dc8</guid><a10:author><a10:name>Simon Hope</a10:name></a10:author><title /><description /><pubDate>Tue, 01 May 2012 21:57:30 +1000</pubDate><a10:link href="http://www.mapbutcher.com/" /><a10:rights type="text">Copyright 2011</a10:rights><a10:content type="text"></a10:content><a10:contributor><a10:name>mapbutcher@mapbutcher.com</a10:name></a10:contributor><georss:point>4805080.7898 -13450852.2987</georss:point></item><item><guid isPermaLink="false">af6b4028-68da-4c30-96f5-34fedd96b99e</guid><a10:author><a10:name>Simon Hope</a10:name></a10:author><title /><description /><pubDate>Tue, 01 May 2012 21:57:30 +1000</pubDate><a10:link href="http://www.mapbutcher.com/" /><a10:rights type="text">Copyright 2011</a10:rights><a10:content type="text"></a10:content><a10:contributor><a10:name>mapbutcher@mapbutcher.com</a10:name></a10:contributor><georss:point>4163877.0322 -13247123.8962</georss:point></item><item><guid isPermaLink="false">73b96709-4b48-430e-b9e6-99f9caff9edb</guid><a10:author><a10:name>Simon Hope</a10:name></a10:author><title /><description /><pubDate>Tue, 01 May 2012 21:57:30 +1000</pubDate><a10:link href="http://www.mapbutcher.com/" /><a10:rights type="text">Copyright 2011</a10:rights><a10:content type="text"></a10:content><a10:contributor><a10:name>mapbutcher@mapbutcher.com</a10:name></a10:contributor><georss:point>4987276.7921 -13822671.7754</georss:point></item><item><guid isPermaLink="false">a39a12e3-c550-4ff3-a5c6-02f1d6121aad</guid><a10:author><a10:name>Simon Hope</a10:name></a10:author><title /><description /><pubDate>Tue, 01 May 2012 21:57:30 +1000</pubDate><a10:link href="http://www.mapbutcher.com/" /><a10:rights type="text">Copyright 2011</a10:rights><a10:content type="text"></a10:content><a10:contributor><a10:name>mapbutcher@mapbutcher.com</a10:name></a10:contributor><georss:point>4938851.3457 -13562176.0607</georss:point></item><item><guid isPermaLink="false">12b6d559-d046-42b3-bbd5-8d804b251fc5</guid><a10:author><a10:name>Simon Hope</a10:name></a10:author><title /><description /><pubDate>Tue, 01 May 2012 21:57:30 +1000</pubDate><a10:link href="http://www.mapbutcher.com/" /><a10:rights type="text">Copyright 2011</a10:rights><a10:content type="text"></a10:content><a10:contributor><a10:name>mapbutcher@mapbutcher.com</a10:name></a10:contributor><georss:point>4028804.1053 -13052307.9955</georss:point></item><item><guid isPermaLink="false">0fb48004-a515-43c1-ae4f-131c52674f2d</guid><a10:author><a10:name>Simon Hope</a10:name></a10:author><title /><description /><pubDate>Tue, 01 May 2012 21:57:30 +1000</pubDate><a10:link href="http://www.mapbutcher.com/" /><a10:rights type="text">Copyright 2011</a10:rights><a10:content type="text"></a10:content><a10:contributor><a10:name>mapbutcher@mapbutcher.com</a10:name></a10:contributor><georss:point>4096138.0427 -13302785.322</georss:point></item><item><guid isPermaLink="false">9901329d-9064-4429-bc29-9a2b6ec03d42</guid><a10:author><a10:name>Simon Hope</a10:name></a10:author><title /><description /><pubDate>Tue, 01 May 2012 21:57:30 +1000</pubDate><a10:link href="http://www.mapbutcher.com/" /><a10:rights type="text">Copyright 2011</a10:rights><a10:content type="text"></a10:content><a10:contributor><a10:name>mapbutcher@mapbutcher.com</a10:name></a10:contributor><georss:point>4385849.3875 -13620060.1177</georss:point></item><item><guid isPermaLink="false">d4fa7953-733c-4462-aa24-de6e90d2cdf3</guid><a10:author><a10:name>Simon Hope</a10:name></a10:author><title /><description /><pubDate>Tue, 01 May 2012 21:57:30 +1000</pubDate><a10:link href="http://www.mapbutcher.com/" /><a10:rights type="text">Copyright 2011</a10:rights><a10:content type="text"></a10:content><a10:contributor><a10:name>mapbutcher@mapbutcher.com</a10:name></a10:contributor><georss:point>4376561.4696 -13601468.965</georss:point></item><item><guid isPermaLink="false">eda132dc-4264-47e7-8c4e-82ff1d6e3259</guid><a10:author><a10:name>Simon Hope</a10:name></a10:author><title /><description /><pubDate>Tue, 01 May 2012 21:57:30 +1000</pubDate><a10:link href="http://www.mapbutcher.com/" /><a10:rights type="text">Copyright 2011</a10:rights><a10:content type="text"></a10:content><a10:contributor><a10:name>mapbutcher@mapbutcher.com</a10:name></a10:contributor><georss:point>4016725.6654 -13140253.004</georss:point></item><item><guid isPermaLink="false">e867f7bb-2499-4c1e-880f-522a07013fe7</guid><a10:author><a10:name>Simon Hope</a10:name></a10:author><title /><description /><pubDate>Tue, 01 May 2012 21:57:30 +1000</pubDate><a10:link href="http://www.mapbutcher.com/" /><a10:rights type="text">Copyright 2011</a10:rights><a10:content type="text"></a10:content><a10:contributor><a10:name>mapbutcher@mapbutcher.com</a10:name></a10:contributor><georss:point>4425167.8453 -13158067.0843</georss:point></item><item><guid isPermaLink="false">be392f6a-369f-426d-ac99-6804ab2c0a43</guid><a10:author><a10:name>Simon Hope</a10:name></a10:author><title /><description /><pubDate>Tue, 01 May 2012 21:57:30 +1000</pubDate><a10:link href="http://www.mapbutcher.com/" /><a10:rights type="text">Copyright 2011</a10:rights><a10:content type="text"></a10:content><a10:contributor><a10:name>mapbutcher@mapbutcher.com</a10:name></a10:contributor><georss:point>4055689.9949 -13013344.6203</georss:point></item><item><guid isPermaLink="false">b6575169-c9c2-4a39-8772-d3df4feef0fb</guid><a10:author><a10:name>Simon Hope</a10:name></a10:author><title /><description /><pubDate>Tue, 01 May 2012 21:57:30 +1000</pubDate><a10:link href="http://www.mapbutcher.com/" /><a10:rights type="text">Copyright 2011</a10:rights><a10:content type="text"></a10:content><a10:contributor><a10:name>mapbutcher@mapbutcher.com</a10:name></a10:contributor><georss:point>4055689.9949 -13013344.6203</georss:point></item><item><guid isPermaLink="false">f9bafcc2-8855-4b5f-8a64-2013c59ec350</guid><a10:author><a10:name>Simon Hope</a10:name></a10:author><title /><description /><pubDate>Tue, 01 May 2012 21:57:30 +1000</pubDate><a10:link href="http://www.mapbutcher.com/" /><a10:rights type="text">Copyright 2011</a10:rights><a10:content type="text"></a10:content><a10:contributor><a10:name>mapbutcher@mapbutcher.com</a10:name></a10:contributor><georss:point>3895309.5317 -12857492.9402</georss:point></item><item><guid isPermaLink="false">f47261ca-9822-45c2-9eb9-8184a2c51af0</guid><a10:author><a10:name>Simon Hope</a10:name></a10:author><title /><description /><pubDate>Tue, 01 May 2012 21:57:30 +1000</pubDate><a10:link href="http://www.mapbutcher.com/" /><a10:rights type="text">Copyright 2011</a10:rights><a10:content type="text"></a10:content><a10:contributor><a10:name>mapbutcher@mapbutcher.com</a10:name></a10:contributor><georss:point>3895309.5317 -12857492.9402</georss:point></item><item><guid isPermaLink="false">b13f6b23-304f-4036-a7bc-5be63c553eb2</guid><a10:author><a10:name>Simon Hope</a10:name></a10:author><title /><description /><pubDate>Tue, 01 May 2012 21:57:30 +1000</pubDate><a10:link href="http://www.mapbutcher.com/" /><a10:rights type="text">Copyright 2011</a10:rights><a10:content type="text"></a10:content><a10:contributor><a10:name>mapbutcher@mapbutcher.com</a10:name></a10:contributor><georss:point>4032831.8914 -13207380.0024</georss:point></item><item><guid isPermaLink="false">8925f86d-95fd-4480-a415-b259eddb51a6</guid><a10:author><a10:name>Simon Hope</a10:name></a10:author><title /><description /><pubDate>Tue, 01 May 2012 21:57:30 +1000</pubDate><a10:link href="http://www.mapbutcher.com/" /><a10:rights type="text">Copyright 2011</a10:rights><a10:content type="text"></a10:content><a10:contributor><a10:name>mapbutcher@mapbutcher.com</a10:name></a10:contributor><georss:point>4987276.7921 -13822671.7754</georss:point></item><item><guid isPermaLink="false">59f83e10-c324-4394-9035-bd5d7bbbc13d</guid><a10:author><a10:name>Simon Hope</a10:name></a10:author><title /><description /><pubDate>Tue, 01 May 2012 21:57:30 +1000</pubDate><a10:link href="http://www.mapbutcher.com/" /><a10:rights type="text">Copyright 2011</a10:rights><a10:content type="text"></a10:content><a10:contributor><a10:name>mapbutcher@mapbutcher.com</a10:name></a10:contributor><georss:point>4523062.9952 -13581097.6528</georss:point></item><item><guid isPermaLink="false">232ca42a-cb8c-493d-af06-0e620c6afe12</guid><a10:author><a10:name>Simon Hope</a10:name></a10:author><title /><description /><pubDate>Tue, 01 May 2012 21:57:30 +1000</pubDate><a10:link href="http://www.mapbutcher.com/" /><a10:rights type="text">Copyright 2011</a10:rights><a10:content type="text"></a10:content><a10:contributor><a10:name>mapbutcher@mapbutcher.com</a10:name></a10:contributor><georss:point>4273131.6482 -13395184.1107</georss:point></item><item><guid isPermaLink="false">0d4736fc-af14-4a25-a7cf-50fc5022b03c</guid><a10:author><a10:name>Simon Hope</a10:name></a10:author><title /><description /><pubDate>Tue, 01 May 2012 21:57:30 +1000</pubDate><a10:link href="http://www.mapbutcher.com/" /><a10:rights type="text">Copyright 2011</a10:rights><a10:content type="text"></a10:content><a10:contributor><a10:name>mapbutcher@mapbutcher.com</a10:name></a10:contributor><georss:point>4551200.5779 -13603361.1567</georss:point></item><item><guid isPermaLink="false">f49a704d-b603-4c2f-a5b6-215054db7a53</guid><a10:author><a10:name>Simon Hope</a10:name></a10:author><title /><description /><pubDate>Tue, 01 May 2012 21:57:30 +1000</pubDate><a10:link href="http://www.mapbutcher.com/" /><a10:rights type="text">Copyright 2011</a10:rights><a10:content type="text"></a10:content><a10:contributor><a10:name>mapbutcher@mapbutcher.com</a10:name></a10:contributor><georss:point>4411259.9529 -13519869.018</georss:point></item><item><guid isPermaLink="false">f74bdc2f-6090-47b0-a577-1add7dfeb016</guid><a10:author><a10:name>Simon Hope</a10:name></a10:author><title /><description /><pubDate>Tue, 01 May 2012 21:57:30 +1000</pubDate><a10:link href="http://www.mapbutcher.com/" /><a10:rights type="text">Copyright 2011</a10:rights><a10:content type="text"></a10:content><a10:contributor><a10:name>mapbutcher@mapbutcher.com</a10:name></a10:contributor><georss:point>4865925.1032 -13536570.5148</georss:point></item><item><guid isPermaLink="false">93fafd6d-9c64-4510-a347-be5e61724515</guid><a10:author><a10:name>Simon Hope</a10:name></a10:author><title /><description /><pubDate>Tue, 01 May 2012 21:57:30 +1000</pubDate><a10:link href="http://www.mapbutcher.com/" /><a10:rights type="text">Copyright 2011</a10:rights><a10:content type="text"></a10:content><a10:contributor><a10:name>mapbutcher@mapbutcher.com</a10:name></a10:contributor><georss:point>4004258.7167 -13159956.8052</georss:point></item><item><guid isPermaLink="false">08c8e519-bcb4-4ba6-9337-1d0e9d97f3f9</guid><a10:author><a10:name>Simon Hope</a10:name></a10:author><title /><description /><pubDate>Tue, 01 May 2012 21:57:30 +1000</pubDate><a10:link href="http://www.mapbutcher.com/" /><a10:rights type="text">Copyright 2011</a10:rights><a10:content type="text"></a10:content><a10:contributor><a10:name>mapbutcher@mapbutcher.com</a10:name></a10:contributor><georss:point>4262840.5044 -13141923.6024</georss:point></item><item><guid isPermaLink="false">905ad71a-244b-497a-97d6-5405f4f002cb</guid><a10:author><a10:name>Simon Hope</a10:name></a10:author><title /><description /><pubDate>Tue, 01 May 2012 21:57:30 +1000</pubDate><a10:link href="http://www.mapbutcher.com/" /><a10:rights type="text">Copyright 2011</a10:rights><a10:content type="text"></a10:content><a10:contributor><a10:name>mapbutcher@mapbutcher.com</a10:name></a10:contributor><georss:point>4161569.3174 -12974382.9357</georss:point></item><item><guid isPermaLink="false">bfc4e6f1-12f6-43c6-8bf8-a12621228881</guid><a10:author><a10:name>Simon Hope</a10:name></a10:author><title /><description /><pubDate>Tue, 01 May 2012 21:57:30 +1000</pubDate><a10:link href="http://www.mapbutcher.com/" /><a10:rights type="text">Copyright 2011</a10:rights><a10:content type="text"></a10:content><a10:contributor><a10:name>mapbutcher@mapbutcher.com</a10:name></a10:contributor><georss:point>4019810.456 -12955790.9378</georss:point></item><item><guid isPermaLink="false">e39da3bf-b01e-486b-9cd6-def5a2ff05fd</guid><a10:author><a10:name>Simon Hope</a10:name></a10:author><title /><description /><pubDate>Tue, 01 May 2012 21:57:30 +1000</pubDate><a10:link href="http://www.mapbutcher.com/" /><a10:rights type="text">Copyright 2011</a10:rights><a10:content type="text"></a10:content><a10:contributor><a10:name>mapbutcher@mapbutcher.com</a10:name></a10:contributor><georss:point>4800750.0329 -13367360.16</georss:point></item><item><guid isPermaLink="false">a25fb4ab-6a84-426f-a923-2732376010e9</guid><a10:author><a10:name>Simon Hope</a10:name></a10:author><title /><description /><pubDate>Tue, 01 May 2012 21:57:30 +1000</pubDate><a10:link href="http://www.mapbutcher.com/" /><a10:rights type="text">Copyright 2011</a10:rights><a10:content type="text"></a10:content><a10:contributor><a10:name>mapbutcher@mapbutcher.com</a10:name></a10:contributor><georss:point>4425171.0976 -13538793.9912</georss:point></item><item><guid isPermaLink="false">b882b94d-d60a-4131-b0b6-4f75c7fee7dd</guid><a10:author><a10:name>Simon Hope</a10:name></a10:author><title /><description /><pubDate>Tue, 01 May 2012 21:57:30 +1000</pubDate><a10:link href="http://www.mapbutcher.com/" /><a10:rights type="text">Copyright 2011</a10:rights><a10:content type="text"></a10:content><a10:contributor><a10:name>mapbutcher@mapbutcher.com</a10:name></a10:contributor><georss:point>4441887.5478 -13523208.4591</georss:point></item><item><guid isPermaLink="false">a71ddd60-2249-46dc-ad58-0aa1dc9286a6</guid><a10:author><a10:name>Simon Hope</a10:name></a10:author><title /><description /><pubDate>Tue, 01 May 2012 21:57:30 +1000</pubDate><a10:link href="http://www.mapbutcher.com/" /><a10:rights type="text">Copyright 2011</a10:rights><a10:content type="text"></a10:content><a10:contributor><a10:name>mapbutcher@mapbutcher.com</a10:name></a10:contributor><georss:point>4877997.1266 -13365912.9757</georss:point></item><item><guid isPermaLink="false">7a60eafe-45cd-4342-8431-2835e5eaadc0</guid><a10:author><a10:name>Simon Hope</a10:name></a10:author><title /><description /><pubDate>Tue, 01 May 2012 21:57:30 +1000</pubDate><a10:link href="http://www.mapbutcher.com/" /><a10:rights type="text">Copyright 2011</a10:rights><a10:content type="text"></a10:content><a10:contributor><a10:name>mapbutcher@mapbutcher.com</a10:name></a10:contributor><georss:point>3893054.4982 -12883431.3963</georss:point></item><item><guid isPermaLink="false">bb2d3935-a13a-4f1b-8c42-f586eb5ebffd</guid><a10:author><a10:name>Simon Hope</a10:name></a10:author><title /><description /><pubDate>Tue, 01 May 2012 21:57:30 +1000</pubDate><a10:link href="http://www.mapbutcher.com/" /><a10:rights type="text">Copyright 2011</a10:rights><a10:content type="text"></a10:content><a10:contributor><a10:name>mapbutcher@mapbutcher.com</a10:name></a10:contributor><georss:point>4907132.2579 -13892804.4592</georss:point></item><item><guid isPermaLink="false">d89e28de-eea2-42fe-a87c-9f49fb121c8d</guid><a10:author><a10:name>Simon Hope</a10:name></a10:author><title /><description /><pubDate>Tue, 01 May 2012 21:57:30 +1000</pubDate><a10:link href="http://www.mapbutcher.com/" /><a10:rights type="text">Copyright 2011</a10:rights><a10:content type="text"></a10:content><a10:contributor><a10:name>mapbutcher@mapbutcher.com</a10:name></a10:contributor><georss:point>3908589.6992 -12846360.2778</georss:point></item><item><guid isPermaLink="false">a54b5f6d-fa38-454e-8337-f49841a89131</guid><a10:author><a10:name>Simon Hope</a10:name></a10:author><title /><description /><pubDate>Tue, 01 May 2012 21:57:30 +1000</pubDate><a10:link href="http://www.mapbutcher.com/" /><a10:rights type="text">Copyright 2011</a10:rights><a10:content type="text"></a10:content><a10:contributor><a10:name>mapbutcher@mapbutcher.com</a10:name></a10:contributor><georss:point>4163877.0322 -13228532.6785</georss:point></item><item><guid isPermaLink="false">76b1035f-b9a9-4f6a-bcd8-5581abf71ba1</guid><a10:author><a10:name>Simon Hope</a10:name></a10:author><title /><description /><pubDate>Tue, 01 May 2012 21:57:30 +1000</pubDate><a10:link href="http://www.mapbutcher.com/" /><a10:rights type="text">Copyright 2011</a10:rights><a10:content type="text"></a10:content><a10:contributor><a10:name>mapbutcher@mapbutcher.com</a10:name></a10:contributor><georss:point>4193404.5228 -13226751.6736</georss:point></item><item><guid isPermaLink="false">2111e770-79ec-47d1-a4ca-e96217d3c376</guid><a10:author><a10:name>Simon Hope</a10:name></a10:author><title /><description /><pubDate>Tue, 01 May 2012 21:57:30 +1000</pubDate><a10:link href="http://www.mapbutcher.com/" /><a10:rights type="text">Copyright 2011</a10:rights><a10:content type="text"></a10:content><a10:contributor><a10:name>mapbutcher@mapbutcher.com</a10:name></a10:contributor><georss:point>4216046.0531 -13230424.9352</georss:point></item><item><guid isPermaLink="false">3afdf0f0-6d59-4cb8-8a53-beed29b8a6ab</guid><a10:author><a10:name>Simon Hope</a10:name></a10:author><title /><description /><pubDate>Tue, 01 May 2012 21:57:30 +1000</pubDate><a10:link href="http://www.mapbutcher.com/" /><a10:rights type="text">Copyright 2011</a10:rights><a10:content type="text"></a10:content><a10:contributor><a10:name>mapbutcher@mapbutcher.com</a10:name></a10:contributor><georss:point>4895027.9734 -13850166.1318</georss:point></item><item><guid isPermaLink="false">00f1ebcc-cfa3-4ddf-8999-7227c4fa13ce</guid><a10:author><a10:name>Simon Hope</a10:name></a10:author><title /><description /><pubDate>Tue, 01 May 2012 21:57:30 +1000</pubDate><a10:link href="http://www.mapbutcher.com/" /><a10:rights type="text">Copyright 2011</a10:rights><a10:content type="text"></a10:content><a10:contributor><a10:name>mapbutcher@mapbutcher.com</a10:name></a10:contributor><georss:point>4268741.32 -13485913.9916</georss:point></item><item><guid isPermaLink="false">fe9379b3-c8dd-4928-96a4-2a52776824c3</guid><a10:author><a10:name>Simon Hope</a10:name></a10:author><title /><description /><pubDate>Tue, 01 May 2012 21:57:30 +1000</pubDate><a10:link href="http://www.mapbutcher.com/" /><a10:rights type="text">Copyright 2011</a10:rights><a10:content type="text"></a10:content><a10:contributor><a10:name>mapbutcher@mapbutcher.com</a10:name></a10:contributor><georss:point>3888675.8299 -12881650.3914</georss:point></item><item><guid isPermaLink="false">057d5808-ae43-4229-88d0-d512f59ce153</guid><a10:author><a10:name>Simon Hope</a10:name></a10:author><title /><description /><pubDate>Tue, 01 May 2012 21:57:30 +1000</pubDate><a10:link href="http://www.mapbutcher.com/" /><a10:rights type="text">Copyright 2011</a10:rights><a10:content type="text"></a10:content><a10:contributor><a10:name>mapbutcher@mapbutcher.com</a10:name></a10:contributor><georss:point>4163877.0322 -13249016.0879</georss:point></item><item><guid isPermaLink="false">22c2b3e5-d35f-4671-8a32-f5243be46a6f</guid><a10:author><a10:name>Simon Hope</a10:name></a10:author><title /><description /><pubDate>Tue, 01 May 2012 21:57:30 +1000</pubDate><a10:link href="http://www.mapbutcher.com/" /><a10:rights type="text">Copyright 2011</a10:rights><a10:content type="text"></a10:content><a10:contributor><a10:name>mapbutcher@mapbutcher.com</a10:name></a10:contributor><georss:point>4980364.3905 -13822337.9548</georss:point></item><item><guid isPermaLink="false">4259ab08-dcc9-4ee4-a4eb-bed7715dcd4a</guid><a10:author><a10:name>Simon Hope</a10:name></a10:author><title /><description /><pubDate>Tue, 01 May 2012 21:57:30 +1000</pubDate><a10:link href="http://www.mapbutcher.com/" /><a10:rights type="text">Copyright 2011</a10:rights><a10:content type="text"></a10:content><a10:contributor><a10:name>mapbutcher@mapbutcher.com</a10:name></a10:contributor><georss:point>4490377.6176 -13556939.2912</georss:point></item><item><guid isPermaLink="false">bb981a2f-c7de-496b-b08e-dd8442cf3b67</guid><a10:author><a10:name>Simon Hope</a10:name></a10:author><title /><description /><pubDate>Tue, 01 May 2012 21:57:30 +1000</pubDate><a10:link href="http://www.mapbutcher.com/" /><a10:rights type="text">Copyright 2011</a10:rights><a10:content type="text"></a10:content><a10:contributor><a10:name>mapbutcher@mapbutcher.com</a10:name></a10:contributor><georss:point>4574754.1475 -13586663.9514</georss:point></item><item><guid isPermaLink="false">af8ffc78-499a-4d32-bc12-9f12a4811424</guid><a10:author><a10:name>Simon Hope</a10:name></a10:author><title /><description /><pubDate>Tue, 01 May 2012 21:57:30 +1000</pubDate><a10:link href="http://www.mapbutcher.com/" /><a10:rights type="text">Copyright 2011</a10:rights><a10:content type="text"></a10:content><a10:contributor><a10:name>mapbutcher@mapbutcher.com</a10:name></a10:contributor><georss:point>3895309.5317 -12857492.9402</georss:point></item><item><guid isPermaLink="false">04ff2f9d-a8a2-4de4-b207-2ed415ccc184</guid><a10:author><a10:name>Simon Hope</a10:name></a10:author><title /><description /><pubDate>Tue, 01 May 2012 21:57:30 +1000</pubDate><a10:link href="http://www.mapbutcher.com/" /><a10:rights type="text">Copyright 2011</a10:rights><a10:content type="text"></a10:content><a10:contributor><a10:name>mapbutcher@mapbutcher.com</a10:name></a10:contributor><georss:point>4532481.1554 -13634865.9766</georss:point></item><item><guid isPermaLink="false">e30af88b-faee-4cc2-b5a5-12bb11001a54</guid><a10:author><a10:name>Simon Hope</a10:name></a10:author><title /><description /><pubDate>Tue, 01 May 2012 21:57:30 +1000</pubDate><a10:link href="http://www.mapbutcher.com/" /><a10:rights type="text">Copyright 2011</a10:rights><a10:content type="text"></a10:content><a10:contributor><a10:name>mapbutcher@mapbutcher.com</a10:name></a10:contributor><georss:point>3924148.0787 -12891780.0315</georss:point></item><item><guid isPermaLink="false">8c750f81-1217-4fbf-aa75-201a76bef95d</guid><a10:author><a10:name>Simon Hope</a10:name></a10:author><title /><description /><pubDate>Tue, 01 May 2012 21:57:30 +1000</pubDate><a10:link href="http://www.mapbutcher.com/" /><a10:rights type="text">Copyright 2011</a10:rights><a10:content type="text"></a10:content><a10:contributor><a10:name>mapbutcher@mapbutcher.com</a10:name></a10:contributor><georss:point>4824888.368 -13380717.9893</georss:point></item><item><guid isPermaLink="false">beb65e3c-e7a2-49f0-946a-bb1c2d793d2e</guid><a10:author><a10:name>Simon Hope</a10:name></a10:author><title /><description /><pubDate>Tue, 01 May 2012 21:57:30 +1000</pubDate><a10:link href="http://www.mapbutcher.com/" /><a10:rights type="text">Copyright 2011</a10:rights><a10:content type="text"></a10:content><a10:contributor><a10:name>mapbutcher@mapbutcher.com</a10:name></a10:contributor><georss:point>4395007.2203 -13503170.9023</georss:point></item><item><guid isPermaLink="false">c4d73227-1c5f-45cd-acaf-d3eb68d75472</guid><a10:author><a10:name>Simon Hope</a10:name></a10:author><title /><description /><pubDate>Tue, 01 May 2012 21:57:30 +1000</pubDate><a10:link href="http://www.mapbutcher.com/" /><a10:rights type="text">Copyright 2011</a10:rights><a10:content type="text"></a10:content><a10:contributor><a10:name>mapbutcher@mapbutcher.com</a10:name></a10:contributor><georss:point>4395007.2203 -13503170.9023</georss:point></item><item><guid isPermaLink="false">9727a5a6-8baa-4331-9a0b-b48adbb6bb20</guid><a10:author><a10:name>Simon Hope</a10:name></a10:author><title /><description /><pubDate>Tue, 01 May 2012 21:57:30 +1000</pubDate><a10:link href="http://www.mapbutcher.com/" /><a10:rights type="text">Copyright 2011</a10:rights><a10:content type="text"></a10:content><a10:contributor><a10:name>mapbutcher@mapbutcher.com</a10:name></a10:contributor><georss:point>4738286.0786 -13703219.3461</georss:point></item><item><guid isPermaLink="false">c3c93f48-b21f-42b8-abd8-e8a4af597069</guid><a10:author><a10:name>Simon Hope</a10:name></a10:author><title /><description /><pubDate>Tue, 01 May 2012 21:57:30 +1000</pubDate><a10:link href="http://www.mapbutcher.com/" /><a10:rights type="text">Copyright 2011</a10:rights><a10:content type="text"></a10:content><a10:contributor><a10:name>mapbutcher@mapbutcher.com</a10:name></a10:contributor><georss:point>4423778.8548 -13536233.3131</georss:point></item><item><guid isPermaLink="false">3b77a9a9-3d6b-47a0-97fd-505a9d5f29c2</guid><a10:author><a10:name>Simon Hope</a10:name></a10:author><title /><description /><pubDate>Tue, 01 May 2012 21:57:30 +1000</pubDate><a10:link href="http://www.mapbutcher.com/" /><a10:rights type="text">Copyright 2011</a10:rights><a10:content type="text"></a10:content><a10:contributor><a10:name>mapbutcher@mapbutcher.com</a10:name></a10:contributor><georss:point>4446768.4682 -13546809.6511</georss:point></item><item><guid isPermaLink="false">9fd95723-698a-4304-b4ed-41a5dfde37e6</guid><a10:author><a10:name>Simon Hope</a10:name></a10:author><title /><description /><pubDate>Tue, 01 May 2012 21:57:30 +1000</pubDate><a10:link href="http://www.mapbutcher.com/" /><a10:rights type="text">Copyright 2011</a10:rights><a10:content type="text"></a10:content><a10:contributor><a10:name>mapbutcher@mapbutcher.com</a10:name></a10:contributor><georss:point>4124946.1783 -12969150.3926</georss:point></item><item><guid isPermaLink="false">c26ef1c8-8394-4daa-8b5e-2bcb44899b34</guid><a10:author><a10:name>Simon Hope</a10:name></a10:author><title /><description /><pubDate>Tue, 01 May 2012 21:57:30 +1000</pubDate><a10:link href="http://www.mapbutcher.com/" /><a10:rights type="text">Copyright 2011</a10:rights><a10:content type="text"></a10:content><a10:contributor><a10:name>mapbutcher@mapbutcher.com</a10:name></a10:contributor><georss:point>4294426.2025 -13413886.5152</georss:point></item><item><guid isPermaLink="false">aef91703-ffb8-425a-879d-3f3ff6bd7eff</guid><a10:author><a10:name>Simon Hope</a10:name></a10:author><title /><description /><pubDate>Tue, 01 May 2012 21:57:30 +1000</pubDate><a10:link href="http://www.mapbutcher.com/" /><a10:rights type="text">Copyright 2011</a10:rights><a10:content type="text"></a10:content><a10:contributor><a10:name>mapbutcher@mapbutcher.com</a10:name></a10:contributor><georss:point>4784593.6509 -13376265.8998</georss:point></item><item><guid isPermaLink="false">8e386fde-f92c-4534-a007-31f31546f544</guid><a10:author><a10:name>Simon Hope</a10:name></a10:author><title /><description /><pubDate>Tue, 01 May 2012 21:57:30 +1000</pubDate><a10:link href="http://www.mapbutcher.com/" /><a10:rights type="text">Copyright 2011</a10:rights><a10:content type="text"></a10:content><a10:contributor><a10:name>mapbutcher@mapbutcher.com</a10:name></a10:contributor><georss:point>3920555.8998 -12927403.0553</georss:point></item><item><guid isPermaLink="false">324c2512-a852-4e7a-8efb-d58bf8d918b2</guid><a10:author><a10:name>Simon Hope</a10:name></a10:author><title /><description /><pubDate>Tue, 01 May 2012 21:57:30 +1000</pubDate><a10:link href="http://www.mapbutcher.com/" /><a10:rights type="text">Copyright 2011</a10:rights><a10:content type="text"></a10:content><a10:contributor><a10:name>mapbutcher@mapbutcher.com</a10:name></a10:contributor><georss:point>4647018.5108 -13661806.6096</georss:point></item><item><guid isPermaLink="false">9110cfc3-beda-44bc-8663-5a6fae7cd60d</guid><a10:author><a10:name>Simon Hope</a10:name></a10:author><title /><description /><pubDate>Tue, 01 May 2012 21:57:30 +1000</pubDate><a10:link href="http://www.mapbutcher.com/" /><a10:rights type="text">Copyright 2011</a10:rights><a10:content type="text"></a10:content><a10:contributor><a10:name>mapbutcher@mapbutcher.com</a10:name></a10:contributor><georss:point>4908153.1548 -13878331.5106</georss:point></item><item><guid isPermaLink="false">a17fe01e-cee5-46e2-86d3-f8fd9e6353c0</guid><a10:author><a10:name>Simon Hope</a10:name></a10:author><title /><description /><pubDate>Tue, 01 May 2012 21:57:30 +1000</pubDate><a10:link href="http://www.mapbutcher.com/" /><a10:rights type="text">Copyright 2011</a10:rights><a10:content type="text"></a10:content><a10:contributor><a10:name>mapbutcher@mapbutcher.com</a10:name></a10:contributor><georss:point>3940924.836 -12951783.0753</georss:point></item><item><guid isPermaLink="false">0df0dc63-b990-4cff-9dbe-50930aba80b7</guid><a10:author><a10:name>Simon Hope</a10:name></a10:author><title /><description /><pubDate>Tue, 01 May 2012 21:57:30 +1000</pubDate><a10:link href="http://www.mapbutcher.com/" /><a10:rights type="text">Copyright 2011</a10:rights><a10:content type="text"></a10:content><a10:contributor><a10:name>mapbutcher@mapbutcher.com</a10:name></a10:contributor><georss:point>4065114.9047 -13084591.5783</georss:point></item><item><guid isPermaLink="false">3cd2afb6-9f37-4ddd-9ef8-23dedd4b534b</guid><a10:author><a10:name>Simon Hope</a10:name></a10:author><title /><description /><pubDate>Tue, 01 May 2012 21:57:30 +1000</pubDate><a10:link href="http://www.mapbutcher.com/" /><a10:rights type="text">Copyright 2011</a10:rights><a10:content type="text"></a10:content><a10:contributor><a10:name>mapbutcher@mapbutcher.com</a10:name></a10:contributor><georss:point>4067135.0651 -13193131.3131</georss:point></item><item><guid isPermaLink="false">bdbfb830-14c1-43cc-af46-4e5c5d312105</guid><a10:author><a10:name>Simon Hope</a10:name></a10:author><title /><description /><pubDate>Tue, 01 May 2012 21:57:30 +1000</pubDate><a10:link href="http://www.mapbutcher.com/" /><a10:rights type="text">Copyright 2011</a10:rights><a10:content type="text"></a10:content><a10:contributor><a10:name>mapbutcher@mapbutcher.com</a10:name></a10:contributor><georss:point>4042103.9709 -13251464.6688</georss:point></item><item><guid isPermaLink="false">3e67d457-7a4e-4885-8ae4-0c3b1408538f</guid><a10:author><a10:name>Simon Hope</a10:name></a10:author><title /><description /><pubDate>Tue, 01 May 2012 21:57:30 +1000</pubDate><a10:link href="http://www.mapbutcher.com/" /><a10:rights type="text">Copyright 2011</a10:rights><a10:content type="text"></a10:content><a10:contributor><a10:name>mapbutcher@mapbutcher.com</a10:name></a10:contributor><georss:point>4098434.8266 -12967702.363</georss:point></item><item><guid isPermaLink="false">b45f8892-15ce-4b28-8a86-524dabcfbb31</guid><a10:author><a10:name>Simon Hope</a10:name></a10:author><title /><description /><pubDate>Tue, 01 May 2012 21:57:30 +1000</pubDate><a10:link href="http://www.mapbutcher.com/" /><a10:rights type="text">Copyright 2011</a10:rights><a10:content type="text"></a10:content><a10:contributor><a10:name>mapbutcher@mapbutcher.com</a10:name></a10:contributor><georss:point>4944411.6773 -13835695.7841</georss:point></item><item><guid isPermaLink="false">44532054-b85d-40a3-ae9f-600d0215ef69</guid><a10:author><a10:name>Simon Hope</a10:name></a10:author><title /><description /><pubDate>Tue, 01 May 2012 21:57:30 +1000</pubDate><a10:link href="http://www.mapbutcher.com/" /><a10:rights type="text">Copyright 2011</a10:rights><a10:content type="text"></a10:content><a10:contributor><a10:name>mapbutcher@mapbutcher.com</a10:name></a10:contributor><georss:point>4779546.8506 -13722812.7407</georss:point></item><item><guid isPermaLink="false">02cad1c5-c5c0-4d80-af8f-f038320c7a98</guid><a10:author><a10:name>Simon Hope</a10:name></a10:author><title /><description /><pubDate>Tue, 01 May 2012 21:57:30 +1000</pubDate><a10:link href="http://www.mapbutcher.com/" /><a10:rights type="text">Copyright 2011</a10:rights><a10:content type="text"></a10:content><a10:contributor><a10:name>mapbutcher@mapbutcher.com</a10:name></a10:contributor><georss:point>4082234.2244 -13323047.0729</georss:point></item><item><guid isPermaLink="false">ca933862-5aff-4599-b012-95687e935235</guid><a10:author><a10:name>Simon Hope</a10:name></a10:author><title /><description /><pubDate>Tue, 01 May 2012 21:57:30 +1000</pubDate><a10:link href="http://www.mapbutcher.com/" /><a10:rights type="text">Copyright 2011</a10:rights><a10:content type="text"></a10:content><a10:contributor><a10:name>mapbutcher@mapbutcher.com</a10:name></a10:contributor><georss:point>5000967.7816 -13850279.9846</georss:point></item><item><guid isPermaLink="false">f6fcdf5a-86da-45b0-bc79-93e19fbe90a9</guid><a10:author><a10:name>Simon Hope</a10:name></a10:author><title /><description /><pubDate>Tue, 01 May 2012 21:57:30 +1000</pubDate><a10:link href="http://www.mapbutcher.com/" /><a10:rights type="text">Copyright 2011</a10:rights><a10:content type="text"></a10:content><a10:contributor><a10:name>mapbutcher@mapbutcher.com</a10:name></a10:contributor><georss:point>4072525.6284 -12962581.0718</georss:point></item><item><guid isPermaLink="false">442bc3f5-9f35-451f-85ed-8cd09086cd8c</guid><a10:author><a10:name>Simon Hope</a10:name></a10:author><title /><description /><pubDate>Tue, 01 May 2012 21:57:30 +1000</pubDate><a10:link href="http://www.mapbutcher.com/" /><a10:rights type="text">Copyright 2011</a10:rights><a10:content type="text"></a10:content><a10:contributor><a10:name>mapbutcher@mapbutcher.com</a10:name></a10:contributor><georss:point>4453326.0355 -13525769.1372</georss:point></item><item><guid isPermaLink="false">33be5b4f-6057-4080-a20c-8251afa48159</guid><a10:author><a10:name>Simon Hope</a10:name></a10:author><title /><description /><pubDate>Tue, 01 May 2012 21:57:30 +1000</pubDate><a10:link href="http://www.mapbutcher.com/" /><a10:rights type="text">Copyright 2011</a10:rights><a10:content type="text"></a10:content><a10:contributor><a10:name>mapbutcher@mapbutcher.com</a10:name></a10:contributor><georss:point>4558951.5164 -13560614.1784</georss:point></item><item><guid isPermaLink="false">34eaa0e4-017b-4151-a01b-d7013178daee</guid><a10:author><a10:name>Simon Hope</a10:name></a10:author><title /><description /><pubDate>Tue, 01 May 2012 21:57:30 +1000</pubDate><a10:link href="http://www.mapbutcher.com/" /><a10:rights type="text">Copyright 2011</a10:rights><a10:content type="text"></a10:content><a10:contributor><a10:name>mapbutcher@mapbutcher.com</a10:name></a10:contributor><georss:point>4542328.7767 -13552152.6008</georss:point></item><item><guid isPermaLink="false">8aec74bf-face-4528-b629-3871e2bb9c0e</guid><a10:author><a10:name>Simon Hope</a10:name></a10:author><title /><description /><pubDate>Tue, 01 May 2012 21:57:30 +1000</pubDate><a10:link href="http://www.mapbutcher.com/" /><a10:rights type="text">Copyright 2011</a10:rights><a10:content type="text"></a10:content><a10:contributor><a10:name>mapbutcher@mapbutcher.com</a10:name></a10:contributor><georss:point>4521658.2527 -13230094.5608</georss:point></item><item><guid isPermaLink="false">98732f18-fff2-40f9-b8f0-497b4872da0a</guid><a10:author><a10:name>Simon Hope</a10:name></a10:author><title /><description /><pubDate>Tue, 01 May 2012 21:57:30 +1000</pubDate><a10:link href="http://www.mapbutcher.com/" /><a10:rights type="text">Copyright 2011</a10:rights><a10:content type="text"></a10:content><a10:contributor><a10:name>mapbutcher@mapbutcher.com</a10:name></a10:contributor><georss:point>4515338.0974 -13229538.2365</georss:point></item><item><guid isPermaLink="false">c0e63c8b-5045-49a0-98d3-97a4d77a44dc</guid><a10:author><a10:name>Simon Hope</a10:name></a10:author><title /><description /><pubDate>Tue, 01 May 2012 21:57:30 +1000</pubDate><a10:link href="http://www.mapbutcher.com/" /><a10:rights type="text">Copyright 2011</a10:rights><a10:content type="text"></a10:content><a10:contributor><a10:name>mapbutcher@mapbutcher.com</a10:name></a10:contributor><georss:point>5029591.4928 -13831912.1159</georss:point></item><item><guid isPermaLink="false">1560005a-9651-410c-943f-fd8c13eadcfa</guid><a10:author><a10:name>Simon Hope</a10:name></a10:author><title /><description /><pubDate>Tue, 01 May 2012 21:57:30 +1000</pubDate><a10:link href="http://www.mapbutcher.com/" /><a10:rights type="text">Copyright 2011</a10:rights><a10:content type="text"></a10:content><a10:contributor><a10:name>mapbutcher@mapbutcher.com</a10:name></a10:contributor><georss:point>3908324.561 -12870628.2007</georss:point></item><item><guid isPermaLink="false">3662b042-d91e-4ffe-820d-72829d356a49</guid><a10:author><a10:name>Simon Hope</a10:name></a10:author><title /><description /><pubDate>Tue, 01 May 2012 21:57:30 +1000</pubDate><a10:link href="http://www.mapbutcher.com/" /><a10:rights type="text">Copyright 2011</a10:rights><a10:content type="text"></a10:content><a10:contributor><a10:name>mapbutcher@mapbutcher.com</a10:name></a10:contributor><georss:point>4412650.5578 -13500386.9402</georss:point></item><item><guid isPermaLink="false">3166b6b1-4a4c-4a0b-80fb-e34e427159bd</guid><a10:author><a10:name>Simon Hope</a10:name></a10:author><title /><description /><pubDate>Tue, 01 May 2012 21:57:30 +1000</pubDate><a10:link href="http://www.mapbutcher.com/" /><a10:rights type="text">Copyright 2011</a10:rights><a10:content type="text"></a10:content><a10:contributor><a10:name>mapbutcher@mapbutcher.com</a10:name></a10:contributor><georss:point>4028669.3631 -12980615.1199</georss:point></item><item><guid isPermaLink="false">24af6dcf-1a4a-4bb3-8081-e7b9aab69310</guid><a10:author><a10:name>Simon Hope</a10:name></a10:author><title /><description /><pubDate>Tue, 01 May 2012 21:57:30 +1000</pubDate><a10:link href="http://www.mapbutcher.com/" /><a10:rights type="text">Copyright 2011</a10:rights><a10:content type="text"></a10:content><a10:contributor><a10:name>mapbutcher@mapbutcher.com</a10:name></a10:contributor><georss:point>4920127.5377 -13853061.4108</georss:point></item><item><guid isPermaLink="false">34618bfb-4a1a-43e8-a587-369f4b023dbe</guid><a10:author><a10:name>Simon Hope</a10:name></a10:author><title /><description /><pubDate>Tue, 01 May 2012 21:57:30 +1000</pubDate><a10:link href="http://www.mapbutcher.com/" /><a10:rights type="text">Copyright 2011</a10:rights><a10:content type="text"></a10:content><a10:contributor><a10:name>mapbutcher@mapbutcher.com</a10:name></a10:contributor><georss:point>4038744.4414 -13146709.3825</georss:point></item><item><guid isPermaLink="false">1ecf3ad3-f442-4aab-a488-9b75828c02d5</guid><a10:author><a10:name>Simon Hope</a10:name></a10:author><title /><description /><pubDate>Tue, 01 May 2012 21:57:30 +1000</pubDate><a10:link href="http://www.mapbutcher.com/" /><a10:rights type="text">Copyright 2011</a10:rights><a10:content type="text"></a10:content><a10:contributor><a10:name>mapbutcher@mapbutcher.com</a10:name></a10:contributor><georss:point>3897036.2372 -12895120.3178</georss:point></item><item><guid isPermaLink="false">680e5d54-e3bc-4564-8a84-5eed1cb64998</guid><a10:author><a10:name>Simon Hope</a10:name></a10:author><title /><description /><pubDate>Tue, 01 May 2012 21:57:30 +1000</pubDate><a10:link href="http://www.mapbutcher.com/" /><a10:rights type="text">Copyright 2011</a10:rights><a10:content type="text"></a10:content><a10:contributor><a10:name>mapbutcher@mapbutcher.com</a10:name></a10:contributor><georss:point>4457235.322 -13575753.8579</georss:point></item><item><guid isPermaLink="false">818c2528-914a-4024-8b6d-7748379e077f</guid><a10:author><a10:name>Simon Hope</a10:name></a10:author><title /><description /><pubDate>Tue, 01 May 2012 21:57:30 +1000</pubDate><a10:link href="http://www.mapbutcher.com/" /><a10:rights type="text">Copyright 2011</a10:rights><a10:content type="text"></a10:content><a10:contributor><a10:name>mapbutcher@mapbutcher.com</a10:name></a10:contributor><georss:point>4974191.7093 -13838256.3972</georss:point></item><item><guid isPermaLink="false">634849f9-8070-4db5-9fb6-986f0b6f9322</guid><a10:author><a10:name>Simon Hope</a10:name></a10:author><title /><description /><pubDate>Tue, 01 May 2012 21:57:30 +1000</pubDate><a10:link href="http://www.mapbutcher.com/" /><a10:rights type="text">Copyright 2011</a10:rights><a10:content type="text"></a10:content><a10:contributor><a10:name>mapbutcher@mapbutcher.com</a10:name></a10:contributor><georss:point>5388361.7131 -14249047.7018</georss:point></item><item><guid isPermaLink="false">afe6c12f-b315-479f-9868-6fea483598b5</guid><a10:author><a10:name>Simon Hope</a10:name></a10:author><title /><description /><pubDate>Tue, 01 May 2012 21:57:30 +1000</pubDate><a10:link href="http://www.mapbutcher.com/" /><a10:rights type="text">Copyright 2011</a10:rights><a10:content type="text"></a10:content><a10:contributor><a10:name>mapbutcher@mapbutcher.com</a10:name></a10:contributor><georss:point>4974191.7093 -13838256.3972</georss:point></item><item><guid isPermaLink="false">f7938ffb-a6fc-43f8-9482-3770dcabcf15</guid><a10:author><a10:name>Simon Hope</a10:name></a10:author><title /><description /><pubDate>Tue, 01 May 2012 21:57:30 +1000</pubDate><a10:link href="http://www.mapbutcher.com/" /><a10:rights type="text">Copyright 2011</a10:rights><a10:content type="text"></a10:content><a10:contributor><a10:name>mapbutcher@mapbutcher.com</a10:name></a10:contributor><georss:point>4899693.1373 -13819107.2298</georss:point></item><item><guid isPermaLink="false">877e5fbe-b1c7-4aad-b0ce-b4af157ff355</guid><a10:author><a10:name>Simon Hope</a10:name></a10:author><title /><description /><pubDate>Tue, 01 May 2012 21:57:30 +1000</pubDate><a10:link href="http://www.mapbutcher.com/" /><a10:rights type="text">Copyright 2011</a10:rights><a10:content type="text"></a10:content><a10:contributor><a10:name>mapbutcher@mapbutcher.com</a10:name></a10:contributor><georss:point>4047617.0649 -13102403.1227</georss:point></item><item><guid isPermaLink="false">94d1f0d6-a7f2-40ff-8613-1fa30753c6c4</guid><a10:author><a10:name>Simon Hope</a10:name></a10:author><title /><description /><pubDate>Tue, 01 May 2012 21:57:30 +1000</pubDate><a10:link href="http://www.mapbutcher.com/" /><a10:rights type="text">Copyright 2011</a10:rights><a10:content type="text"></a10:content><a10:contributor><a10:name>mapbutcher@mapbutcher.com</a10:name></a10:contributor><georss:point>4064037.3394 -13136022.638</georss:point></item><item><guid isPermaLink="false">4c7b24d2-0302-4fda-ad23-dbeb62a01717</guid><a10:author><a10:name>Simon Hope</a10:name></a10:author><title /><description /><pubDate>Tue, 01 May 2012 21:57:30 +1000</pubDate><a10:link href="http://www.mapbutcher.com/" /><a10:rights type="text">Copyright 2011</a10:rights><a10:content type="text"></a10:content><a10:contributor><a10:name>mapbutcher@mapbutcher.com</a10:name></a10:contributor><georss:point>4900130.322 -13842485.0728</georss:point></item><item><guid isPermaLink="false">cc106c00-04f6-4a94-806a-f8ec7ec3efc8</guid><a10:author><a10:name>Simon Hope</a10:name></a10:author><title /><description /><pubDate>Tue, 01 May 2012 21:57:30 +1000</pubDate><a10:link href="http://www.mapbutcher.com/" /><a10:rights type="text">Copyright 2011</a10:rights><a10:content type="text"></a10:content><a10:contributor><a10:name>mapbutcher@mapbutcher.com</a10:name></a10:contributor><georss:point>4023567.8195 -12948554.0408</georss:point></item><item><guid isPermaLink="false">f1f7a4db-9ade-44d9-9da7-a02367baf314</guid><a10:author><a10:name>Simon Hope</a10:name></a10:author><title /><description /><pubDate>Tue, 01 May 2012 21:57:30 +1000</pubDate><a10:link href="http://www.mapbutcher.com/" /><a10:rights type="text">Copyright 2011</a10:rights><a10:content type="text"></a10:content><a10:contributor><a10:name>mapbutcher@mapbutcher.com</a10:name></a10:contributor><georss:point>4757532.2631 -13358452.7297</georss:point></item><item><guid isPermaLink="false">dee94365-a3a6-432e-ba53-b9aed02bf652</guid><a10:author><a10:name>Simon Hope</a10:name></a10:author><title /><description /><pubDate>Tue, 01 May 2012 21:57:30 +1000</pubDate><a10:link href="http://www.mapbutcher.com/" /><a10:rights type="text">Copyright 2011</a10:rights><a10:content type="text"></a10:content><a10:contributor><a10:name>mapbutcher@mapbutcher.com</a10:name></a10:contributor><georss:point>4614791.5473 -13239335.8116</georss:point></item><item><guid isPermaLink="false">339eb0d5-526f-4283-96b8-30e0ec38a43a</guid><a10:author><a10:name>Simon Hope</a10:name></a10:author><title /><description /><pubDate>Tue, 01 May 2012 21:57:30 +1000</pubDate><a10:link href="http://www.mapbutcher.com/" /><a10:rights type="text">Copyright 2011</a10:rights><a10:content type="text"></a10:content><a10:contributor><a10:name>mapbutcher@mapbutcher.com</a10:name></a10:contributor><georss:point>4619044.1891 -13243788.6815</georss:point></item><item><guid isPermaLink="false">db224646-1513-42ef-9d0c-e20b2758cf5e</guid><a10:author><a10:name>Simon Hope</a10:name></a10:author><title /><description /><pubDate>Tue, 01 May 2012 21:57:30 +1000</pubDate><a10:link href="http://www.mapbutcher.com/" /><a10:rights type="text">Copyright 2011</a10:rights><a10:content type="text"></a10:content><a10:contributor><a10:name>mapbutcher@mapbutcher.com</a10:name></a10:contributor><georss:point>4276975.3476 -13505729.8899</georss:point></item><item><guid isPermaLink="false">56a18e87-96d2-4db6-93c3-2ee41de849ae</guid><a10:author><a10:name>Simon Hope</a10:name></a10:author><title /><description /><pubDate>Tue, 01 May 2012 21:57:30 +1000</pubDate><a10:link href="http://www.mapbutcher.com/" /><a10:rights type="text">Copyright 2011</a10:rights><a10:content type="text"></a10:content><a10:contributor><a10:name>mapbutcher@mapbutcher.com</a10:name></a10:contributor><georss:point>4899109.6584 -13836028.6944</georss:point></item><item><guid isPermaLink="false">b385ac0e-ec28-40cd-8191-fc48931d689f</guid><a10:author><a10:name>Simon Hope</a10:name></a10:author><title /><description /><pubDate>Tue, 01 May 2012 21:57:30 +1000</pubDate><a10:link href="http://www.mapbutcher.com/" /><a10:rights type="text">Copyright 2011</a10:rights><a10:content type="text"></a10:content><a10:contributor><a10:name>mapbutcher@mapbutcher.com</a10:name></a10:contributor><georss:point>4107354.8931 -12948666.1379</georss:point></item><item><guid isPermaLink="false">c737f488-53fa-4c9a-9b79-b9cb81421428</guid><a10:author><a10:name>Simon Hope</a10:name></a10:author><title /><description /><pubDate>Tue, 01 May 2012 21:57:30 +1000</pubDate><a10:link href="http://www.mapbutcher.com/" /><a10:rights type="text">Copyright 2011</a10:rights><a10:content type="text"></a10:content><a10:contributor><a10:name>mapbutcher@mapbutcher.com</a10:name></a10:contributor><georss:point>4060939.9887 -13006331.0724</georss:point></item><item><guid isPermaLink="false">8cd2f2f2-93fc-4009-9a96-3a67a0ed714e</guid><a10:author><a10:name>Simon Hope</a10:name></a10:author><title /><description /><pubDate>Tue, 01 May 2012 21:57:30 +1000</pubDate><a10:link href="http://www.mapbutcher.com/" /><a10:rights type="text">Copyright 2011</a10:rights><a10:content type="text"></a10:content><a10:contributor><a10:name>mapbutcher@mapbutcher.com</a10:name></a10:contributor><georss:point>4036056.3385 -12956235.9451</georss:point></item><item><guid isPermaLink="false">cc5a4aca-bbe7-4938-b106-f0d2b459859e</guid><a10:author><a10:name>Simon Hope</a10:name></a10:author><title /><description /><pubDate>Tue, 01 May 2012 21:57:30 +1000</pubDate><a10:link href="http://www.mapbutcher.com/" /><a10:rights type="text">Copyright 2011</a10:rights><a10:content type="text"></a10:content><a10:contributor><a10:name>mapbutcher@mapbutcher.com</a10:name></a10:contributor><georss:point>4074548.1359 -13013345.4656</georss:point></item><item><guid isPermaLink="false">dc1b017d-ec18-4b22-8dc0-19bdbaee1e42</guid><a10:author><a10:name>Simon Hope</a10:name></a10:author><title /><description /><pubDate>Tue, 01 May 2012 21:57:30 +1000</pubDate><a10:link href="http://www.mapbutcher.com/" /><a10:rights type="text">Copyright 2011</a10:rights><a10:content type="text"></a10:content><a10:contributor><a10:name>mapbutcher@mapbutcher.com</a10:name></a10:contributor><georss:point>4764722.2683 -13358452.7297</georss:point></item><item><guid isPermaLink="false">d941b782-adf0-430a-bc0b-b56029e8b7c2</guid><a10:author><a10:name>Simon Hope</a10:name></a10:author><title /><description /><pubDate>Tue, 01 May 2012 21:57:30 +1000</pubDate><a10:link href="http://www.mapbutcher.com/" /><a10:rights type="text">Copyright 2011</a10:rights><a10:content type="text"></a10:content><a10:contributor><a10:name>mapbutcher@mapbutcher.com</a10:name></a10:contributor><georss:point>4721658.4326 -13358451.8845</georss:point></item><item><guid isPermaLink="false">cc5700f3-2c46-4a8f-94e6-d41e099553e3</guid><a10:author><a10:name>Simon Hope</a10:name></a10:author><title /><description /><pubDate>Tue, 01 May 2012 21:57:30 +1000</pubDate><a10:link href="http://www.mapbutcher.com/" /><a10:rights type="text">Copyright 2011</a10:rights><a10:content type="text"></a10:content><a10:contributor><a10:name>mapbutcher@mapbutcher.com</a10:name></a10:contributor><georss:point>5049271.5486 -13358456.1109</georss:point></item><item><guid isPermaLink="false">2e7a6349-2459-4582-a0c9-9c6c495a240c</guid><a10:author><a10:name>Simon Hope</a10:name></a10:author><title /><description /><pubDate>Tue, 01 May 2012 21:57:30 +1000</pubDate><a10:link href="http://www.mapbutcher.com/" /><a10:rights type="text">Copyright 2011</a10:rights><a10:content type="text"></a10:content><a10:contributor><a10:name>mapbutcher@mapbutcher.com</a10:name></a10:contributor><georss:point>5273970.9513 -14037529.4591</georss:point></item><item><guid isPermaLink="false">9906e43e-dc88-46e6-81e1-cdc674a35bd0</guid><a10:author><a10:name>Simon Hope</a10:name></a10:author><title /><description /><pubDate>Tue, 01 May 2012 21:57:30 +1000</pubDate><a10:link href="http://www.mapbutcher.com/" /><a10:rights type="text">Copyright 2011</a10:rights><a10:content type="text"></a10:content><a10:contributor><a10:name>mapbutcher@mapbutcher.com</a10:name></a10:contributor><georss:point>5188257.1109 -13986431.3097</georss:point></item><item><guid isPermaLink="false">18360737-95c0-465f-bec0-46c48e707f1d</guid><a10:author><a10:name>Simon Hope</a10:name></a10:author><title /><description /><pubDate>Tue, 01 May 2012 21:57:30 +1000</pubDate><a10:link href="http://www.mapbutcher.com/" /><a10:rights type="text">Copyright 2011</a10:rights><a10:content type="text"></a10:content><a10:contributor><a10:name>mapbutcher@mapbutcher.com</a10:name></a10:contributor><georss:point>4393201.1772 -13338410.0363</georss:point></item><item><guid isPermaLink="false">8520f159-2830-495f-a9e7-f4e083868530</guid><a10:author><a10:name>Simon Hope</a10:name></a10:author><title /><description /><pubDate>Tue, 01 May 2012 21:57:30 +1000</pubDate><a10:link href="http://www.mapbutcher.com/" /><a10:rights type="text">Copyright 2011</a10:rights><a10:content type="text"></a10:content><a10:contributor><a10:name>mapbutcher@mapbutcher.com</a10:name></a10:contributor><georss:point>4084257.919 -13180329.8081</georss:point></item><item><guid isPermaLink="false">5c58b700-e3b4-47c2-9411-3864d300b1e6</guid><a10:author><a10:name>Simon Hope</a10:name></a10:author><title /><description /><pubDate>Tue, 01 May 2012 21:57:30 +1000</pubDate><a10:link href="http://www.mapbutcher.com/" /><a10:rights type="text">Copyright 2011</a10:rights><a10:content type="text"></a10:content><a10:contributor><a10:name>mapbutcher@mapbutcher.com</a10:name></a10:contributor><georss:point>4397363.3103 -13146934.4871</georss:point></item><item><guid isPermaLink="false">af90dcbb-f311-4e12-a350-d38317c83b55</guid><a10:author><a10:name>Simon Hope</a10:name></a10:author><title /><description /><pubDate>Tue, 01 May 2012 21:57:30 +1000</pubDate><a10:link href="http://www.mapbutcher.com/" /><a10:rights type="text">Copyright 2011</a10:rights><a10:content type="text"></a10:content><a10:contributor><a10:name>mapbutcher@mapbutcher.com</a10:name></a10:contributor><georss:point>3859925.3432 -12857493.7854</georss:point></item><item><guid isPermaLink="false">afaf6dd5-7e3a-40f6-837c-353633c0e794</guid><a10:author><a10:name>Simon Hope</a10:name></a10:author><title /><description /><pubDate>Tue, 01 May 2012 21:57:30 +1000</pubDate><a10:link href="http://www.mapbutcher.com/" /><a10:rights type="text">Copyright 2011</a10:rights><a10:content type="text"></a10:content><a10:contributor><a10:name>mapbutcher@mapbutcher.com</a10:name></a10:contributor><georss:point>4259415.4 -13391844.6696</georss:point></item><item><guid isPermaLink="false">e7cc7182-49ff-4473-912d-256aabbe7753</guid><a10:author><a10:name>Simon Hope</a10:name></a10:author><title /><description /><pubDate>Tue, 01 May 2012 21:57:30 +1000</pubDate><a10:link href="http://www.mapbutcher.com/" /><a10:rights type="text">Copyright 2011</a10:rights><a10:content type="text"></a10:content><a10:contributor><a10:name>mapbutcher@mapbutcher.com</a10:name></a10:contributor><georss:point>4537122.5444 -13592229.4047</georss:point></item><item><guid isPermaLink="false">317f5891-a0f7-4b6a-b03b-28825f126268</guid><a10:author><a10:name>Simon Hope</a10:name></a10:author><title /><description /><pubDate>Tue, 01 May 2012 21:57:30 +1000</pubDate><a10:link href="http://www.mapbutcher.com/" /><a10:rights type="text">Copyright 2011</a10:rights><a10:content type="text"></a10:content><a10:contributor><a10:name>mapbutcher@mapbutcher.com</a10:name></a10:contributor><georss:point>4509021.7563 -13191465.8514</georss:point></item><item><guid isPermaLink="false">152c661e-87ea-4ba8-ba3d-39dfbb5fa7a9</guid><a10:author><a10:name>Simon Hope</a10:name></a10:author><title /><description /><pubDate>Tue, 01 May 2012 21:57:30 +1000</pubDate><a10:link href="http://www.mapbutcher.com/" /><a10:rights type="text">Copyright 2011</a10:rights><a10:content type="text"></a10:content><a10:contributor><a10:name>mapbutcher@mapbutcher.com</a10:name></a10:contributor><georss:point>4636074.7614 -13581097.6528</georss:point></item><item><guid isPermaLink="false">010e5986-23e9-49a5-bf19-62fe42497d6a</guid><a10:author><a10:name>Simon Hope</a10:name></a10:author><title /><description /><pubDate>Tue, 01 May 2012 21:57:30 +1000</pubDate><a10:link href="http://www.mapbutcher.com/" /><a10:rights type="text">Copyright 2011</a10:rights><a10:content type="text"></a10:content><a10:contributor><a10:name>mapbutcher@mapbutcher.com</a10:name></a10:contributor><georss:point>4650288.8015 -13569965.8358</georss:point></item><item><guid isPermaLink="false">2808c9c6-7f3b-4cd2-9e8f-e5b505e90fbe</guid><a10:author><a10:name>Simon Hope</a10:name></a10:author><title /><description /><pubDate>Tue, 01 May 2012 21:57:30 +1000</pubDate><a10:link href="http://www.mapbutcher.com/" /><a10:rights type="text">Copyright 2011</a10:rights><a10:content type="text"></a10:content><a10:contributor><a10:name>mapbutcher@mapbutcher.com</a10:name></a10:contributor><georss:point>4001980.894 -13024476.3723</georss:point></item><item><guid isPermaLink="false">21b858c1-db60-4b15-930e-1054e054dcc2</guid><a10:author><a10:name>Simon Hope</a10:name></a10:author><title /><description /><pubDate>Tue, 01 May 2012 21:57:30 +1000</pubDate><a10:link href="http://www.mapbutcher.com/" /><a10:rights type="text">Copyright 2011</a10:rights><a10:content type="text"></a10:content><a10:contributor><a10:name>mapbutcher@mapbutcher.com</a10:name></a10:contributor><georss:point>3995284.878 -13024475.5271</georss:point></item><item><guid isPermaLink="false">053db3e9-2aac-4718-9937-feb18c802951</guid><a10:author><a10:name>Simon Hope</a10:name></a10:author><title /><description /><pubDate>Tue, 01 May 2012 21:57:30 +1000</pubDate><a10:link href="http://www.mapbutcher.com/" /><a10:rights type="text">Copyright 2011</a10:rights><a10:content type="text"></a10:content><a10:contributor><a10:name>mapbutcher@mapbutcher.com</a10:name></a10:contributor><georss:point>4266271.3298 -13386277.4607</georss:point></item><item><guid isPermaLink="false">abc566bc-4552-4fac-9bcb-bbfa80056046</guid><a10:author><a10:name>Simon Hope</a10:name></a10:author><title /><description /><pubDate>Tue, 01 May 2012 21:57:30 +1000</pubDate><a10:link href="http://www.mapbutcher.com/" /><a10:rights type="text">Copyright 2011</a10:rights><a10:content type="text"></a10:content><a10:contributor><a10:name>mapbutcher@mapbutcher.com</a10:name></a10:contributor><georss:point>4069156.0582 -13336183.1788</georss:point></item><item><guid isPermaLink="false">61798a2d-2545-4fb0-afab-440266375891</guid><a10:author><a10:name>Simon Hope</a10:name></a10:author><title /><description /><pubDate>Tue, 01 May 2012 21:57:30 +1000</pubDate><a10:link href="http://www.mapbutcher.com/" /><a10:rights type="text">Copyright 2011</a10:rights><a10:content type="text"></a10:content><a10:contributor><a10:name>mapbutcher@mapbutcher.com</a10:name></a10:contributor><georss:point>3864292.8498 -12855600.6834</georss:point></item><item><guid isPermaLink="false">911bd7db-e2d5-4a91-9d46-d538c147be2c</guid><a10:author><a10:name>Simon Hope</a10:name></a10:author><title /><description /><pubDate>Tue, 01 May 2012 21:57:30 +1000</pubDate><a10:link href="http://www.mapbutcher.com/" /><a10:rights type="text">Copyright 2011</a10:rights><a10:content type="text"></a10:content><a10:contributor><a10:name>mapbutcher@mapbutcher.com</a10:name></a10:contributor><georss:point>4444118.9166 -13568072.7337</georss:point></item><item><guid isPermaLink="false">ca35c416-98ee-421c-8bdb-941eea4cd8bf</guid><a10:author><a10:name>Simon Hope</a10:name></a10:author><title /><description /><pubDate>Tue, 01 May 2012 21:57:30 +1000</pubDate><a10:link href="http://www.mapbutcher.com/" /><a10:rights type="text">Copyright 2011</a10:rights><a10:content type="text"></a10:content><a10:contributor><a10:name>mapbutcher@mapbutcher.com</a10:name></a10:contributor><georss:point>4055823.9568 -12961690.1466</georss:point></item><item><guid isPermaLink="false">45ae83d2-e865-4e4f-860d-3abc3405e34f</guid><a10:author><a10:name>Simon Hope</a10:name></a10:author><title /><description /><pubDate>Tue, 01 May 2012 21:57:30 +1000</pubDate><a10:link href="http://www.mapbutcher.com/" /><a10:rights type="text">Copyright 2011</a10:rights><a10:content type="text"></a10:content><a10:contributor><a10:name>mapbutcher@mapbutcher.com</a10:name></a10:contributor><georss:point>4057439.4082 -13195580.6744</georss:point></item><item><guid isPermaLink="false">a893cf5c-7adf-4c3f-b6b8-440b65de897e</guid><a10:author><a10:name>Simon Hope</a10:name></a10:author><title /><description /><pubDate>Tue, 01 May 2012 21:57:30 +1000</pubDate><a10:link href="http://www.mapbutcher.com/" /><a10:rights type="text">Copyright 2011</a10:rights><a10:content type="text"></a10:content><a10:contributor><a10:name>mapbutcher@mapbutcher.com</a10:name></a10:contributor><georss:point>4055823.9568 -12961690.1466</georss:point></item><item><guid isPermaLink="false">631f09bf-5b97-4a1a-b99e-b0f04e57b2c2</guid><a10:author><a10:name>Simon Hope</a10:name></a10:author><title /><description /><pubDate>Tue, 01 May 2012 21:57:30 +1000</pubDate><a10:link href="http://www.mapbutcher.com/" /><a10:rights type="text">Copyright 2011</a10:rights><a10:content type="text"></a10:content><a10:contributor><a10:name>mapbutcher@mapbutcher.com</a10:name></a10:contributor><georss:point>4015384.5959 -13113535.7199</georss:point></item><item><guid isPermaLink="false">6971f5bd-a049-49a4-bb9a-8d4b0ed346ca</guid><a10:author><a10:name>Simon Hope</a10:name></a10:author><title /><description /><pubDate>Tue, 01 May 2012 21:57:30 +1000</pubDate><a10:link href="http://www.mapbutcher.com/" /><a10:rights type="text">Copyright 2011</a10:rights><a10:content type="text"></a10:content><a10:contributor><a10:name>mapbutcher@mapbutcher.com</a10:name></a10:contributor><georss:point>4551200.5779 -13636758.2332</georss:point></item><item><guid isPermaLink="false">e89e07ae-edb4-47c8-88ae-542c1846e8eb</guid><a10:author><a10:name>Simon Hope</a10:name></a10:author><title /><description /><pubDate>Tue, 01 May 2012 21:57:30 +1000</pubDate><a10:link href="http://www.mapbutcher.com/" /><a10:rights type="text">Copyright 2011</a10:rights><a10:content type="text"></a10:content><a10:contributor><a10:name>mapbutcher@mapbutcher.com</a10:name></a10:contributor><georss:point>4078592.74 -13096837.6043</georss:point></item><item><guid isPermaLink="false">7f63cd7a-0097-43ab-9cba-3d941c36f3e4</guid><a10:author><a10:name>Simon Hope</a10:name></a10:author><title /><description /><pubDate>Tue, 01 May 2012 21:57:30 +1000</pubDate><a10:link href="http://www.mapbutcher.com/" /><a10:rights type="text">Copyright 2011</a10:rights><a10:content type="text"></a10:content><a10:contributor><a10:name>mapbutcher@mapbutcher.com</a10:name></a10:contributor><georss:point>4055688.9728 -13347314.9958</georss:point></item><item><guid isPermaLink="false">4734b6cb-141e-4cd1-a09b-a24c98cc6c33</guid><a10:author><a10:name>Simon Hope</a10:name></a10:author><title /><description /><pubDate>Tue, 01 May 2012 21:57:30 +1000</pubDate><a10:link href="http://www.mapbutcher.com/" /><a10:rights type="text">Copyright 2011</a10:rights><a10:content type="text"></a10:content><a10:contributor><a10:name>mapbutcher@mapbutcher.com</a10:name></a10:contributor><georss:point>4551200.5779 -13603361.1567</georss:point></item><item><guid isPermaLink="false">15188704-5c95-4642-a4b2-42c61b182844</guid><a10:author><a10:name>Simon Hope</a10:name></a10:author><title /><description /><pubDate>Tue, 01 May 2012 21:57:30 +1000</pubDate><a10:link href="http://www.mapbutcher.com/" /><a10:rights type="text">Copyright 2011</a10:rights><a10:content type="text"></a10:content><a10:contributor><a10:name>mapbutcher@mapbutcher.com</a10:name></a10:contributor><georss:point>4523062.9952 -13625626.4162</georss:point></item><item><guid isPermaLink="false">16e9200d-fcf3-46a8-8309-9e0bf6ec276a</guid><a10:author><a10:name>Simon Hope</a10:name></a10:author><title /><description /><pubDate>Tue, 01 May 2012 21:57:30 +1000</pubDate><a10:link href="http://www.mapbutcher.com/" /><a10:rights type="text">Copyright 2011</a10:rights><a10:content type="text"></a10:content><a10:contributor><a10:name>mapbutcher@mapbutcher.com</a10:name></a10:contributor><georss:point>4042238.3226 -13146931.8862</georss:point></item></channel></rss>
]]></text>
                              </contents>
                            </body>
                          </stream>
                        </streams>
                        <attachments />
                      </testLog>
                    </testStepRun>
                    <testStepRun startTime="2012-05-01T21:57:30.8810304+10:00" endTime="2012-05-01T21:57:33.4647456+10:00">
                      <testStep id="74d5bb08af146bb7" name="ExportGeoRSS_RSSFormat_Layer(&quot;&quot;, &quot;ExportLayers/2&quot;, &quot;ExportLayer&quot;, &quot;{\&quot;filterGeometry\&quot;:null,\&quot;geometryType\&quot;:null,\&quot;where\&quot;:null,\&quot;exportProperties\&quot;:{\&quot;Title\&quot;:\&quot;Californian EarthQuakes\&quot;,\&quot;ID\&quot;:\&quot;Feed Id\&quot;,\&quot;Language\&quot;:\&quot;en-us\&quot;,\&quot;CopyRight\&quot;:\&quot;Copyright 2011\&quot;,\&quot;Generator\&quot;:\&quot;http://www.mapbutcher.com\&quot;,\&quot;Description\&quot;:\&quot;A GeoRSS format of Californian EarthQuakes\&quot;,\&quot;Link\&quot;:{\&quot;BaseUri\&quot;:null,\&quot;Length\&quot;:0,\&quot;MediaType\&quot;:null,\&quot;RelationshipType\&quot;:null,\&quot;Title\&quot;:\&quot;Mapbutcher\&quot;,\&quot;Uri\&quot;:\&quot;http://www.mapbutcher.com\&quot;},\&quot;Author\&quot;:{\&quot;Email\&quot;:\&quot;mapbutcher@mapbutcher.com\&quot;,\&quot;Name\&quot;:\&quot;Simon\&quot;,\&quot;Uri\&quot;:\&quot;http://www.mapbutcher.com\&quot;},\&quot;GeometryFormat\&quot;:\&quot;GML\&quot;,\&quot;GeometryField\&quot;:\&quot;Shape\&quot;,\&quot;FeedFormat\&quot;:\&quot;Rss\&quot;,\&quot;Items\&quot;:[{\&quot;Key\&quot;:\&quot;Author\&quot;,\&quot;Value\&quot;:{\&quot;PostCondition\&quot;:null,\&quot;PreConditon\&quot;:null,\&quot;MappedContent\&quot;:null,\&quot;MappedContentAlias\&quot;:null,\&quot;FixedContent\&quot;:\&quot;Simon Hope\&quot;,\&quot;MappedContentDelimeter\&quot;:null,\&quot;AutoGenerate\&quot;:false}},{\&quot;Key\&quot;:\&quot;Content\&quot;,\&quot;Value\&quot;:{\&quot;PostCondition\&quot;:null,\&quot;PreConditon\&quot;:null,\&quot;MappedContent\&quot;:null,\&quot;MappedContentAlias\&quot;:null,\&quot;FixedContent\&quot;:null,\&quot;MappedContentDelimeter\&quot;:null,\&quot;AutoGenerate\&quot;:false}},{\&quot;Key\&quot;:\&quot;Contributors\&quot;,\&quot;Value\&quot;:{\&quot;PostCondition\&quot;:null,\&quot;PreConditon\&quot;:null,\&quot;MappedContent\&quot;:null,\&quot;MappedContentAlias\&quot;:null,\&quot;FixedContent\&quot;:\&quot;mapbutcher@mapbutcher.com\&quot;,\&quot;MappedContentDelimeter\&quot;:null,\&quot;AutoGenerate\&quot;:false}},{\&quot;Key\&quot;:\&quot;Copyright\&quot;,\&quot;Value\&quot;:{\&quot;PostCondition\&quot;:null,\&quot;PreConditon\&quot;:null,\&quot;MappedContent\&quot;:null,\&quot;MappedContentAlias\&quot;:null,\&quot;FixedContent\&quot;:\&quot;Copyright 2011\&quot;,\&quot;MappedContentDelimeter\&quot;:null,\&quot;AutoGenerate\&quot;:false}},{\&quot;Key\&quot;:\&quot;Id\&quot;,\&quot;Value\&quot;:{\&quot;PostCondition\&quot;:null,\&quot;PreConditon\&quot;:null,\&quot;MappedContent\&quot;:\&quot;UFI\&quot;,\&quot;MappedContentAlias\&quot;:null,\&quot;FixedContent\&quot;:null,\&quot;MappedContentDelimeter\&quot;:null,\&quot;AutoGenerate\&quot;:true}},{\&quot;Key\&quot;:\&quot;LastUpdatedTime\&quot;,\&quot;Value\&quot;:{\&quot;PostCondition\&quot;:null,\&quot;PreConditon\&quot;:null,\&quot;MappedContent\&quot;:null,\&quot;MappedContentAlias\&quot;:null,\&quot;FixedContent\&quot;:null,\&quot;MappedContentDelimeter\&quot;:null,\&quot;AutoGenerate\&quot;:false}},{\&quot;Key\&quot;:\&quot;Links\&quot;,\&quot;Value\&quot;:{\&quot;PostCondition\&quot;:null,\&quot;PreConditon\&quot;:null,\&quot;MappedContent\&quot;:null,\&quot;MappedContentAlias\&quot;:null,\&quot;FixedContent\&quot;:\&quot;http://www.mapbutcher.com\&quot;,\&quot;MappedContentDelimeter\&quot;:null,\&quot;AutoGenerate\&quot;:false}},{\&quot;Key\&quot;:\&quot;PublishDate\&quot;,\&quot;Value\&quot;:{\&quot;PostCondition\&quot;:null,\&quot;PreConditon\&quot;:null,\&quot;MappedContent\&quot;:null,\&quot;MappedContentAlias\&quot;:null,\&quot;FixedContent\&quot;:null,\&quot;MappedContentDelimeter\&quot;:null,\&quot;AutoGenerate\&quot;:true}},{\&quot;Key\&quot;:\&quot;Summary\&quot;,\&quot;Value\&quot;:{\&quot;PostCondition\&quot;:null,\&quot;PreConditon\&quot;:null,\&quot;MappedContent\&quot;:null,\&quot;MappedContentAlias\&quot;:null,\&quot;FixedContent\&quot;:null,\&quot;MappedContentDelimeter\&quot;:null,\&quot;AutoGenerate\&quot;:false}},{\&quot;Key\&quot;:\&quot;Title\&quot;,\&quot;Value\&quot;:{\&quot;PostCondition\&quot;:null,\&quot;PreConditon\&quot;:null,\&quot;MappedContent\&quot;:null,\&quot;MappedContentAlias\&quot;:null,\&quot;FixedContent\&quot;:null,\&quot;MappedContentDelimeter\&quot;:null,\&quot;AutoGenerate\&quot;:false}}]}}&quot;, &quot;georss&quot;, &quot;{}&quot;, 221, &quot;item&quot;)" fullName="GPX.Server.Extension.Tests/MockServerTest/ExportGeoRSS_RSSFormat_Layer/ExportGeoRSS_RSSFormat_Layer(&quot;&quot;, &quot;ExportLayers/2&quot;, &quot;ExportLayer&quot;, &quot;{\&quot;filterGeometry\&quot;:null,\&quot;geometryType\&quot;:null,\&quot;where\&quot;:null,\&quot;exportProperties\&quot;:{\&quot;Title\&quot;:\&quot;Californian EarthQuakes\&quot;,\&quot;ID\&quot;:\&quot;Feed Id\&quot;,\&quot;Language\&quot;:\&quot;en-us\&quot;,\&quot;CopyRight\&quot;:\&quot;Copyright 2011\&quot;,\&quot;Generator\&quot;:\&quot;http://www.mapbutcher.com\&quot;,\&quot;Description\&quot;:\&quot;A GeoRSS format of Californian EarthQuakes\&quot;,\&quot;Link\&quot;:{\&quot;BaseUri\&quot;:null,\&quot;Length\&quot;:0,\&quot;MediaType\&quot;:null,\&quot;RelationshipType\&quot;:null,\&quot;Title\&quot;:\&quot;Mapbutcher\&quot;,\&quot;Uri\&quot;:\&quot;http://www.mapbutcher.com\&quot;},\&quot;Author\&quot;:{\&quot;Email\&quot;:\&quot;mapbutcher@mapbutcher.com\&quot;,\&quot;Name\&quot;:\&quot;Simon\&quot;,\&quot;Uri\&quot;:\&quot;http://www.mapbutcher.com\&quot;},\&quot;GeometryFormat\&quot;:\&quot;GML\&quot;,\&quot;GeometryField\&quot;:\&quot;Shape\&quot;,\&quot;FeedFormat\&quot;:\&quot;Rss\&quot;,\&quot;Items\&quot;:[{\&quot;Key\&quot;:\&quot;Author\&quot;,\&quot;Value\&quot;:{\&quot;PostCondition\&quot;:null,\&quot;PreConditon\&quot;:null,\&quot;MappedContent\&quot;:null,\&quot;MappedContentAlias\&quot;:null,\&quot;FixedContent\&quot;:\&quot;Simon Hope\&quot;,\&quot;MappedContentDelimeter\&quot;:null,\&quot;AutoGenerate\&quot;:false}},{\&quot;Key\&quot;:\&quot;Content\&quot;,\&quot;Value\&quot;:{\&quot;PostCondition\&quot;:null,\&quot;PreConditon\&quot;:null,\&quot;MappedContent\&quot;:null,\&quot;MappedContentAlias\&quot;:null,\&quot;FixedContent\&quot;:null,\&quot;MappedContentDelimeter\&quot;:null,\&quot;AutoGenerate\&quot;:false}},{\&quot;Key\&quot;:\&quot;Contributors\&quot;,\&quot;Value\&quot;:{\&quot;PostCondition\&quot;:null,\&quot;PreConditon\&quot;:null,\&quot;MappedContent\&quot;:null,\&quot;MappedContentAlias\&quot;:null,\&quot;FixedContent\&quot;:\&quot;mapbutcher@mapbutcher.com\&quot;,\&quot;MappedContentDelimeter\&quot;:null,\&quot;AutoGenerate\&quot;:false}},{\&quot;Key\&quot;:\&quot;Copyright\&quot;,\&quot;Value\&quot;:{\&quot;PostCondition\&quot;:null,\&quot;PreConditon\&quot;:null,\&quot;MappedContent\&quot;:null,\&quot;MappedContentAlias\&quot;:null,\&quot;FixedContent\&quot;:\&quot;Copyright 2011\&quot;,\&quot;MappedContentDelimeter\&quot;:null,\&quot;AutoGenerate\&quot;:false}},{\&quot;Key\&quot;:\&quot;Id\&quot;,\&quot;Value\&quot;:{\&quot;PostCondition\&quot;:null,\&quot;PreConditon\&quot;:null,\&quot;MappedContent\&quot;:\&quot;UFI\&quot;,\&quot;MappedContentAlias\&quot;:null,\&quot;FixedContent\&quot;:null,\&quot;MappedContentDelimeter\&quot;:null,\&quot;AutoGenerate\&quot;:true}},{\&quot;Key\&quot;:\&quot;LastUpdatedTime\&quot;,\&quot;Value\&quot;:{\&quot;PostCondition\&quot;:null,\&quot;PreConditon\&quot;:null,\&quot;MappedContent\&quot;:null,\&quot;MappedContentAlias\&quot;:null,\&quot;FixedContent\&quot;:null,\&quot;MappedContentDelimeter\&quot;:null,\&quot;AutoGenerate\&quot;:false}},{\&quot;Key\&quot;:\&quot;Links\&quot;,\&quot;Value\&quot;:{\&quot;PostCondition\&quot;:null,\&quot;PreConditon\&quot;:null,\&quot;MappedContent\&quot;:null,\&quot;MappedContentAlias\&quot;:null,\&quot;FixedContent\&quot;:\&quot;http://www.mapbutcher.com\&quot;,\&quot;MappedContentDelimeter\&quot;:null,\&quot;AutoGenerate\&quot;:false}},{\&quot;Key\&quot;:\&quot;PublishDate\&quot;,\&quot;Value\&quot;:{\&quot;PostCondition\&quot;:null,\&quot;PreConditon\&quot;:null,\&quot;MappedContent\&quot;:null,\&quot;MappedContentAlias\&quot;:null,\&quot;FixedContent\&quot;:null,\&quot;MappedContentDelimeter\&quot;:null,\&quot;AutoGenerate\&quot;:true}},{\&quot;Key\&quot;:\&quot;Summary\&quot;,\&quot;Value\&quot;:{\&quot;PostCondition\&quot;:null,\&quot;PreConditon\&quot;:null,\&quot;MappedContent\&quot;:null,\&quot;MappedContentAlias\&quot;:null,\&quot;FixedContent\&quot;:null,\&quot;MappedContentDelimeter\&quot;:null,\&quot;AutoGenerate\&quot;:false}},{\&quot;Key\&quot;:\&quot;Title\&quot;,\&quot;Value\&quot;:{\&quot;PostCondition\&quot;:null,\&quot;PreConditon\&quot;:null,\&quot;MappedContent\&quot;:null,\&quot;MappedContentAlias\&quot;:null,\&quot;FixedContent\&quot;:null,\&quot;MappedContentDelimeter\&quot;:null,\&quot;AutoGenerate\&quot;:false}}]}}&quot;, &quot;georss&quot;, &quot;{}&quot;, 221, &quot;item&quot;)" testId="3329aded5f51c3be" isPrimary="false" isTestCase="true" isDynamic="false">
                        <codeReference assembly="GPX.Server.Extension.Tests, Version=1.0.0.0, Culture=neutral, PublicKeyToken=null" namespace="GPX.Server.Extension.Tests" type="GPX.Server.Extension.Tests.MockServerTest" member="ExportGeoRSS_RSSFormat_Layer" />
                        <codeLocation path="C:\Git\arcgis-exporter-extension\GPX.Server.Extension.Tests\MockServerTest.cs" line="230" />
                        <metadata>
                          <entry key="TestKind">
                            <value>Test</value>
                          </entry>
                          <entry key="Description">
                            <value>Export Points GML RSS</value>
                          </entry>
                        </metadata>
                      </testStep>
                      <children />
                      <result assertCount="1" duration="2.5774605">
                        <outcome status="passed" />
                      </result>
                      <testLog>
                        <streams>
                          <stream name="Log">
                            <body>
                              <contents>
                                <text><![CDATA[<?xml version="1.0" encoding="utf-8"?><rss xmlns:a10="http://www.w3.org/2005/Atom" version="2.0"><channel xmlns:georss="http://www.georss.org/georss" xmlns:gml="http://www.opengis.net/gml"><title>Californian EarthQuakes</title><description>A GeoRSS format of Californian EarthQuakes</description><language>en-us</language><copyright>Copyright 2011</copyright><managingEditor>mapbutcher@mapbutcher.com</managingEditor><generator>http://www.mapbutcher.com</generator><a10:id>f0462f9a-9686-4462-8928-075c071348b8</a10:id><a10:link title="Mapbutcher" href="http://www.mapbutcher.com/" /><item><guid isPermaLink="false">443e5043-bdf9-4ab3-8119-c85d96c2c701</guid><a10:author><a10:name>Simon Hope</a10:name></a10:author><title /><description /><pubDate>Tue, 01 May 2012 21:57:33 +1000</pubDate><a10:link href="http://www.mapbutcher.com/" /><a10:rights type="text">Copyright 2011</a10:rights><a10:content type="text"></a10:content><a10:contributor><a10:name>mapbutcher@mapbutcher.com</a10:name></a10:contributor><georss:where><gml:point><gml:pos>37.66993316 -122.48108686</gml:pos></gml:point></georss:where></item><item><guid isPermaLink="false">2e2b6f6a-9441-4596-beba-1b6776c42bd5</guid><a10:author><a10:name>Simon Hope</a10:name></a10:author><title /><description /><pubDate>Tue, 01 May 2012 21:57:33 +1000</pubDate><a10:link href="http://www.mapbutcher.com/" /><a10:rights type="text">Copyright 2011</a10:rights><a10:content type="text"></a10:content><a10:contributor><a10:name>mapbutcher@mapbutcher.com</a10:name></a10:contributor><georss:where><gml:point><gml:pos>34.9999697440001 -119.017936513</gml:pos></gml:point></georss:where></item><item><guid isPermaLink="false">10349486-8d67-4c65-8132-626de409ca68</guid><a10:author><a10:name>Simon Hope</a10:name></a10:author><title /><description /><pubDate>Tue, 01 May 2012 21:57:33 +1000</pubDate><a10:link href="http://www.mapbutcher.com/" /><a10:rights type="text">Copyright 2011</a10:rights><a10:content type="text"></a10:content><a10:contributor><a10:name>mapbutcher@mapbutcher.com</a10:name></a10:contributor><georss:where><gml:point><gml:pos>34.0000154850001 -117.500885202</gml:pos></gml:point></georss:where></item><item><guid isPermaLink="false">04cf951b-491b-4641-9e2e-320425c22ff1</guid><a10:author><a10:name>Simon Hope</a10:name></a10:author><title /><description /><pubDate>Tue, 01 May 2012 21:57:33 +1000</pubDate><a10:link href="http://www.mapbutcher.com/" /><a10:rights type="text">Copyright 2011</a10:rights><a10:content type="text"></a10:content><a10:contributor><a10:name>mapbutcher@mapbutcher.com</a10:name></a10:contributor><georss:where><gml:point><gml:pos>37.7999265940001 -122.001068373</gml:pos></gml:point></georss:where></item><item><guid isPermaLink="false">f408ddcc-c9fe-46c0-9f74-2811a1c65144</guid><a10:author><a10:name>Simon Hope</a10:name></a10:author><title /><description /><pubDate>Tue, 01 May 2012 21:57:33 +1000</pubDate><a10:link href="http://www.mapbutcher.com/" /><a10:rights type="text">Copyright 2011</a10:rights><a10:content type="text"></a10:content><a10:contributor><a10:name>mapbutcher@mapbutcher.com</a10:name></a10:contributor><georss:where><gml:point><gml:pos>37.199947147 -121.901069559</gml:pos></gml:point></georss:where></item><item><guid isPermaLink="false">d6121804-05d9-462f-86a8-3801b9b3a9f7</guid><a10:author><a10:name>Simon Hope</a10:name></a10:author><title /><description /><pubDate>Tue, 01 May 2012 21:57:33 +1000</pubDate><a10:link href="http://www.mapbutcher.com/" /><a10:rights type="text">Copyright 2011</a10:rights><a10:content type="text"></a10:content><a10:contributor><a10:name>mapbutcher@mapbutcher.com</a10:name></a10:contributor><georss:where><gml:point><gml:pos>36.899955963 -121.601051506</gml:pos></gml:point></georss:where></item><item><guid isPermaLink="false">e6efade1-b954-47b6-932c-497c95c1660d</guid><a10:author><a10:name>Simon Hope</a10:name></a10:author><title /><description /><pubDate>Tue, 01 May 2012 21:57:33 +1000</pubDate><a10:link href="http://www.mapbutcher.com/" /><a10:rights type="text">Copyright 2011</a10:rights><a10:content type="text"></a10:content><a10:contributor><a10:name>mapbutcher@mapbutcher.com</a10:name></a10:contributor><georss:where><gml:point><gml:pos>38.299915405 -122.401092248</gml:pos></gml:point></georss:where></item><item><guid isPermaLink="false">2586cb48-2bce-49c1-a3ba-6fb7f01777d9</guid><a10:author><a10:name>Simon Hope</a10:name></a10:author><title /><description /><pubDate>Tue, 01 May 2012 21:57:33 +1000</pubDate><a10:link href="http://www.mapbutcher.com/" /><a10:rights type="text">Copyright 2011</a10:rights><a10:content type="text"></a10:content><a10:contributor><a10:name>mapbutcher@mapbutcher.com</a10:name></a10:contributor><georss:where><gml:point><gml:pos>34.2999990760001 -118.6009218</gml:pos></gml:point></georss:where></item><item><guid isPermaLink="false">584f96bb-2f88-48b6-91c5-a6612f3a2d02</guid><a10:author><a10:name>Simon Hope</a10:name></a10:author><title /><description /><pubDate>Tue, 01 May 2012 21:57:33 +1000</pubDate><a10:link href="http://www.mapbutcher.com/" /><a10:rights type="text">Copyright 2011</a10:rights><a10:content type="text"></a10:content><a10:contributor><a10:name>mapbutcher@mapbutcher.com</a10:name></a10:contributor><georss:where><gml:point><gml:pos>36.9999465990001 -121.501052693</gml:pos></gml:point></georss:where></item><item><guid isPermaLink="false">7eddb790-b19b-4de8-b1f5-278add539a5c</guid><a10:author><a10:name>Simon Hope</a10:name></a10:author><title /><description /><pubDate>Tue, 01 May 2012 21:57:33 +1000</pubDate><a10:link href="http://www.mapbutcher.com/" /><a10:rights type="text">Copyright 2011</a10:rights><a10:content type="text"></a10:content><a10:contributor><a10:name>mapbutcher@mapbutcher.com</a10:name></a10:contributor><georss:where><gml:point><gml:pos>38.1999165920001 -122.401092248</gml:pos></gml:point></georss:where></item><item><guid isPermaLink="false">1012a822-beac-41b1-9710-ae868edd2ec7</guid><a10:author><a10:name>Simon Hope</a10:name></a10:author><title /><description /><pubDate>Tue, 01 May 2012 21:57:33 +1000</pubDate><a10:link href="http://www.mapbutcher.com/" /><a10:rights type="text">Copyright 2011</a10:rights><a10:content type="text"></a10:content><a10:contributor><a10:name>mapbutcher@mapbutcher.com</a10:name></a10:contributor><georss:where><gml:point><gml:pos>39.1999018070001 -123.801132296</gml:pos></gml:point></georss:where></item><item><guid isPermaLink="false">fca055e0-4265-4239-a006-6aee8425cc20</guid><a10:author><a10:name>Simon Hope</a10:name></a10:author><title /><description /><pubDate>Tue, 01 May 2012 21:57:33 +1000</pubDate><a10:link href="http://www.mapbutcher.com/" /><a10:rights type="text">Copyright 2011</a10:rights><a10:content type="text"></a10:content><a10:contributor><a10:name>mapbutcher@mapbutcher.com</a10:name></a10:contributor><georss:where><gml:point><gml:pos>34.300003164 -117.500885202</gml:pos></gml:point></georss:where></item><item><guid isPermaLink="false">cb922eba-941f-43e4-afcb-23503c2a7ffc</guid><a10:author><a10:name>Simon Hope</a10:name></a10:author><title /><description /><pubDate>Tue, 01 May 2012 21:57:33 +1000</pubDate><a10:link href="http://www.mapbutcher.com/" /><a10:rights type="text">Copyright 2011</a10:rights><a10:content type="text"></a10:content><a10:contributor><a10:name>mapbutcher@mapbutcher.com</a10:name></a10:contributor><georss:where><gml:point><gml:pos>35.999961968 -120.500991545</gml:pos></gml:point></georss:where></item><item><guid isPermaLink="false">9439ed11-7492-4179-b83b-4ffcc2fe7fa7</guid><a10:author><a10:name>Simon Hope</a10:name></a10:author><title /><description /><pubDate>Tue, 01 May 2012 21:57:33 +1000</pubDate><a10:link href="http://www.mapbutcher.com/" /><a10:rights type="text">Copyright 2011</a10:rights><a10:content type="text"></a10:content><a10:contributor><a10:name>mapbutcher@mapbutcher.com</a10:name></a10:contributor><georss:where><gml:point><gml:pos>34.699985569 -120.300995086</gml:pos></gml:point></georss:where></item><item><guid isPermaLink="false">f16e0bd6-6689-4313-80b9-2bb18ba3fd0f</guid><a10:author><a10:name>Simon Hope</a10:name></a10:author><title /><description /><pubDate>Tue, 01 May 2012 21:57:33 +1000</pubDate><a10:link href="http://www.mapbutcher.com/" /><a10:rights type="text">Copyright 2011</a10:rights><a10:content type="text"></a10:content><a10:contributor><a10:name>mapbutcher@mapbutcher.com</a10:name></a10:contributor><georss:where><gml:point><gml:pos>34.599983251 -120.400993315</gml:pos></gml:point></georss:where></item><item><guid isPermaLink="false">1acf4851-dceb-431a-9105-533f6252b365</guid><a10:author><a10:name>Simon Hope</a10:name></a10:author><title /><description /><pubDate>Tue, 01 May 2012 21:57:33 +1000</pubDate><a10:link href="http://www.mapbutcher.com/" /><a10:rights type="text">Copyright 2011</a10:rights><a10:content type="text"></a10:content><a10:contributor><a10:name>mapbutcher@mapbutcher.com</a10:name></a10:contributor><georss:where><gml:point><gml:pos>32.900051316 -115.500824236</gml:pos></gml:point></georss:where></item><item><guid isPermaLink="false">b8b917be-719c-46dd-a4ca-643e9408c958</guid><a10:author><a10:name>Simon Hope</a10:name></a10:author><title /><description /><pubDate>Tue, 01 May 2012 21:57:33 +1000</pubDate><a10:link href="http://www.mapbutcher.com/" /><a10:rights type="text">Copyright 2011</a10:rights><a10:content type="text"></a10:content><a10:contributor><a10:name>mapbutcher@mapbutcher.com</a10:name></a10:contributor><georss:where><gml:point><gml:pos>40.499854842 -124.201156754</gml:pos></gml:point></georss:where></item><item><guid isPermaLink="false">048ae82e-8319-453b-abe6-38c3b524e394</guid><a10:author><a10:name>Simon Hope</a10:name></a10:author><title /><description /><pubDate>Tue, 01 May 2012 21:57:33 +1000</pubDate><a10:link href="http://www.mapbutcher.com/" /><a10:rights type="text">Copyright 2011</a10:rights><a10:content type="text"></a10:content><a10:contributor><a10:name>mapbutcher@mapbutcher.com</a10:name></a10:contributor><georss:where><gml:point><gml:pos>37.2499430490001 -121.751060241</gml:pos></gml:point></georss:where></item><item><guid isPermaLink="false">e01cc70d-8f37-47a5-a52b-66017c5d2ef5</guid><a10:author><a10:name>Simon Hope</a10:name></a10:author><title /><description /><pubDate>Tue, 01 May 2012 21:57:33 +1000</pubDate><a10:link href="http://www.mapbutcher.com/" /><a10:rights type="text">Copyright 2011</a10:rights><a10:content type="text"></a10:content><a10:contributor><a10:name>mapbutcher@mapbutcher.com</a10:name></a10:contributor><georss:where><gml:point><gml:pos>34.599983251 -120.200981086</gml:pos></gml:point></georss:where></item><item><guid isPermaLink="false">434e8dc7-ce43-4770-b5b9-f26fb6482eef</guid><a10:author><a10:name>Simon Hope</a10:name></a10:author><title /><description /><pubDate>Tue, 01 May 2012 21:57:33 +1000</pubDate><a10:link href="http://www.mapbutcher.com/" /><a10:rights type="text">Copyright 2011</a10:rights><a10:content type="text"></a10:content><a10:contributor><a10:name>mapbutcher@mapbutcher.com</a10:name></a10:contributor><georss:where><gml:point><gml:pos>32.8000525030001 -115.500824236</gml:pos></gml:point></georss:where></item><item><guid isPermaLink="false">b7efe162-4122-4815-9ea4-cd9848485f0d</guid><a10:author><a10:name>Simon Hope</a10:name></a10:author><title /><description /><pubDate>Tue, 01 May 2012 21:57:33 +1000</pubDate><a10:link href="http://www.mapbutcher.com/" /><a10:rights type="text">Copyright 2011</a10:rights><a10:content type="text"></a10:content><a10:contributor><a10:name>mapbutcher@mapbutcher.com</a10:name></a10:contributor><georss:where><gml:point><gml:pos>32.8000525030001 -115.500824236</gml:pos></gml:point></georss:where></item><item><guid isPermaLink="false">e5819a2e-4e9f-4e06-96d3-f812cf9334e2</guid><a10:author><a10:name>Simon Hope</a10:name></a10:author><title /><description /><pubDate>Tue, 01 May 2012 21:57:33 +1000</pubDate><a10:link href="http://www.mapbutcher.com/" /><a10:rights type="text">Copyright 2011</a10:rights><a10:content type="text"></a10:content><a10:contributor><a10:name>mapbutcher@mapbutcher.com</a10:name></a10:contributor><georss:where><gml:point><gml:pos>34.000011397 -118.500915392</gml:pos></gml:point></georss:where></item><item><guid isPermaLink="false">e6f66aad-6ea7-46d9-b7f3-e4d5f3e1faa4</guid><a10:author><a10:name>Simon Hope</a10:name></a10:author><title /><description /><pubDate>Tue, 01 May 2012 21:57:33 +1000</pubDate><a10:link href="http://www.mapbutcher.com/" /><a10:rights type="text">Copyright 2011</a10:rights><a10:content type="text"></a10:content><a10:contributor><a10:name>mapbutcher@mapbutcher.com</a10:name></a10:contributor><georss:where><gml:point><gml:pos>40.4998513370001 -124.501174807</gml:pos></gml:point></georss:where></item><item><guid isPermaLink="false">6d5ec684-b9c2-4dce-b92d-ed6d33557b7d</guid><a10:author><a10:name>Simon Hope</a10:name></a10:author><title /><description /><pubDate>Tue, 01 May 2012 21:57:33 +1000</pubDate><a10:link href="http://www.mapbutcher.com/" /><a10:rights type="text">Copyright 2011</a10:rights><a10:content type="text"></a10:content><a10:contributor><a10:name>mapbutcher@mapbutcher.com</a10:name></a10:contributor><georss:where><gml:point><gml:pos>40.999843653 -124.601188807</gml:pos></gml:point></georss:where></item><item><guid isPermaLink="false">ffedb1bf-e585-4f41-958b-ea5cc0b8c08d</guid><a10:author><a10:name>Simon Hope</a10:name></a10:author><title /><description /><pubDate>Tue, 01 May 2012 21:57:33 +1000</pubDate><a10:link href="http://www.mapbutcher.com/" /><a10:rights type="text">Copyright 2011</a10:rights><a10:content type="text"></a10:content><a10:contributor><a10:name>mapbutcher@mapbutcher.com</a10:name></a10:contributor><georss:where><gml:point><gml:pos>34.6999814800001 -120.801010181</gml:pos></gml:point></georss:where></item><item><guid isPermaLink="false">4a25495d-5563-40b9-882c-f118ba8cfb2c</guid><a10:author><a10:name>Simon Hope</a10:name></a10:author><title /><description /><pubDate>Tue, 01 May 2012 21:57:33 +1000</pubDate><a10:link href="http://www.mapbutcher.com/" /><a10:rights type="text">Copyright 2011</a10:rights><a10:content type="text"></a10:content><a10:contributor><a10:name>mapbutcher@mapbutcher.com</a10:name></a10:contributor><georss:where><gml:point><gml:pos>40.7498472030001 -124.5011824</gml:pos></gml:point></georss:where></item><item><guid isPermaLink="false">46455cb3-a7c3-41ac-96ba-1426271eb343</guid><a10:author><a10:name>Simon Hope</a10:name></a10:author><title /><description /><pubDate>Tue, 01 May 2012 21:57:33 +1000</pubDate><a10:link href="http://www.mapbutcher.com/" /><a10:rights type="text">Copyright 2011</a10:rights><a10:content type="text"></a10:content><a10:contributor><a10:name>mapbutcher@mapbutcher.com</a10:name></a10:contributor><georss:where><gml:point><gml:pos>33.6160204390001 -117.966895841</gml:pos></gml:point></georss:where></item><item><guid isPermaLink="false">5e12f6e3-500b-43c7-91cf-3de189335382</guid><a10:author><a10:name>Simon Hope</a10:name></a10:author><title /><description /><pubDate>Tue, 01 May 2012 21:57:33 +1000</pubDate><a10:link href="http://www.mapbutcher.com/" /><a10:rights type="text">Copyright 2011</a10:rights><a10:content type="text"></a10:content><a10:contributor><a10:name>mapbutcher@mapbutcher.com</a10:name></a10:contributor><georss:where><gml:point><gml:pos>35.799964925 -120.330986203</gml:pos></gml:point></georss:where></item><item><guid isPermaLink="false">62415413-e8b3-4704-87e5-2070bdad1792</guid><a10:author><a10:name>Simon Hope</a10:name></a10:author><title /><description /><pubDate>Tue, 01 May 2012 21:57:33 +1000</pubDate><a10:link href="http://www.mapbutcher.com/" /><a10:rights type="text">Copyright 2011</a10:rights><a10:content type="text"></a10:content><a10:contributor><a10:name>mapbutcher@mapbutcher.com</a10:name></a10:contributor><georss:where><gml:point><gml:pos>34.366996914 -119.583961737</gml:pos></gml:point></georss:where></item><item><guid isPermaLink="false">fc773944-72dd-4e43-9e0d-ff3ff573de98</guid><a10:author><a10:name>Simon Hope</a10:name></a10:author><title /><description /><pubDate>Tue, 01 May 2012 21:57:33 +1000</pubDate><a10:link href="http://www.mapbutcher.com/" /><a10:rights type="text">Copyright 2011</a10:rights><a10:content type="text"></a10:content><a10:contributor><a10:name>mapbutcher@mapbutcher.com</a10:name></a10:contributor><georss:where><gml:point><gml:pos>33.7830200110001 -118.250907845</gml:pos></gml:point></georss:where></item><item><guid isPermaLink="false">c91babcf-e8f9-4c5e-acb1-88a37113e572</guid><a10:author><a10:name>Simon Hope</a10:name></a10:author><title /><description /><pubDate>Tue, 01 May 2012 21:57:33 +1000</pubDate><a10:link href="http://www.mapbutcher.com/" /><a10:rights type="text">Copyright 2011</a10:rights><a10:content type="text"></a10:content><a10:contributor><a10:name>mapbutcher@mapbutcher.com</a10:name></a10:contributor><georss:where><gml:point><gml:pos>33.117042702 -115.567825579</gml:pos></gml:point></georss:where></item><item><guid isPermaLink="false">edb346a2-f87f-4aff-9cef-d11ce7043fef</guid><a10:author><a10:name>Simon Hope</a10:name></a10:author><title /><description /><pubDate>Tue, 01 May 2012 21:57:33 +1000</pubDate><a10:link href="http://www.mapbutcher.com/" /><a10:rights type="text">Copyright 2011</a10:rights><a10:content type="text"></a10:content><a10:contributor><a10:name>mapbutcher@mapbutcher.com</a10:name></a10:contributor><georss:where><gml:point><gml:pos>35.3329583980001 -118.91793069</gml:pos></gml:point></georss:where></item><item><guid isPermaLink="false">09ad3e68-d185-4dce-ab5f-bbd10782cdd8</guid><a10:author><a10:name>Simon Hope</a10:name></a10:author><title /><description /><pubDate>Tue, 01 May 2012 21:57:33 +1000</pubDate><a10:link href="http://www.mapbutcher.com/" /><a10:rights type="text">Copyright 2011</a10:rights><a10:content type="text"></a10:content><a10:contributor><a10:name>mapbutcher@mapbutcher.com</a10:name></a10:contributor><georss:where><gml:point><gml:pos>36.9329493450001 -121.684058898</gml:pos></gml:point></georss:where></item><item><guid isPermaLink="false">8eabdb5a-4421-4dd6-b9cf-42368ba05183</guid><a10:author><a10:name>Simon Hope</a10:name></a10:author><title /><description /><pubDate>Tue, 01 May 2012 21:57:33 +1000</pubDate><a10:link href="http://www.mapbutcher.com/" /><a10:rights type="text">Copyright 2011</a10:rights><a10:content type="text"></a10:content><a10:contributor><a10:name>mapbutcher@mapbutcher.com</a10:name></a10:contributor><georss:where><gml:point><gml:pos>38.466911472 -122.693099975</gml:pos></gml:point></georss:where></item><item><guid isPermaLink="false">9eb7306e-2130-4766-9656-9b7573586fc3</guid><a10:author><a10:name>Simon Hope</a10:name></a10:author><title /><description /><pubDate>Tue, 01 May 2012 21:57:33 +1000</pubDate><a10:link href="http://www.mapbutcher.com/" /><a10:rights type="text">Copyright 2011</a10:rights><a10:content type="text"></a10:content><a10:contributor><a10:name>mapbutcher@mapbutcher.com</a10:name></a10:contributor><georss:where><gml:point><gml:pos>38.454914092 -122.693099975</gml:pos></gml:point></georss:where></item><item><guid isPermaLink="false">d68b0766-94eb-4c34-adfd-d88f95408d99</guid><a10:author><a10:name>Simon Hope</a10:name></a10:author><title /><description /><pubDate>Tue, 01 May 2012 21:57:33 +1000</pubDate><a10:link href="http://www.mapbutcher.com/" /><a10:rights type="text">Copyright 2011</a10:rights><a10:content type="text"></a10:content><a10:contributor><a10:name>mapbutcher@mapbutcher.com</a10:name></a10:contributor><georss:where><gml:point><gml:pos>39.4388885860001 -121.529082991</gml:pos></gml:point></georss:where></item><item><guid isPermaLink="false">4dfb6476-ba45-4e86-a1f0-b86efe130e51</guid><a10:author><a10:name>Simon Hope</a10:name></a10:author><title /><description /><pubDate>Tue, 01 May 2012 21:57:33 +1000</pubDate><a10:link href="http://www.mapbutcher.com/" /><a10:rights type="text">Copyright 2011</a10:rights><a10:content type="text"></a10:content><a10:contributor><a10:name>mapbutcher@mapbutcher.com</a10:name></a10:contributor><georss:where><gml:point><gml:pos>36.2329558980001 -120.309982024</gml:pos></gml:point></georss:where></item><item><guid isPermaLink="false">2d23f5fe-7958-4258-b16f-32210ccf0dd3</guid><a10:author><a10:name>Simon Hope</a10:name></a10:author><title /><description /><pubDate>Tue, 01 May 2012 21:57:33 +1000</pubDate><a10:link href="http://www.mapbutcher.com/" /><a10:rights type="text">Copyright 2011</a10:rights><a10:content type="text"></a10:content><a10:contributor><a10:name>mapbutcher@mapbutcher.com</a10:name></a10:contributor><georss:where><gml:point><gml:pos>37.3199384800001 -121.699058545</gml:pos></gml:point></georss:where></item><item><guid isPermaLink="false">d55d7dd5-9e6a-411a-ada2-ee08e2b706af</guid><a10:author><a10:name>Simon Hope</a10:name></a10:author><title /><description /><pubDate>Tue, 01 May 2012 21:57:33 +1000</pubDate><a10:link href="http://www.mapbutcher.com/" /><a10:rights type="text">Copyright 2011</a10:rights><a10:content type="text"></a10:content><a10:contributor><a10:name>mapbutcher@mapbutcher.com</a10:name></a10:contributor><georss:where><gml:point><gml:pos>34.061012297 -118.078903133</gml:pos></gml:point></georss:where></item><item><guid isPermaLink="false">2a02ed88-7aa9-4488-a311-1d1b9cb5ccde</guid><a10:author><a10:name>Simon Hope</a10:name></a10:author><title /><description /><pubDate>Tue, 01 May 2012 21:57:33 +1000</pubDate><a10:link href="http://www.mapbutcher.com/" /><a10:rights type="text">Copyright 2011</a10:rights><a10:content type="text"></a10:content><a10:contributor><a10:name>mapbutcher@mapbutcher.com</a10:name></a10:contributor><georss:where><gml:point><gml:pos>40.36785503 -124.317161617</gml:pos></gml:point></georss:where></item><item><guid isPermaLink="false">165b07a4-94b5-431f-a8b5-0f5e92521746</guid><a10:author><a10:name>Simon Hope</a10:name></a10:author><title /><description /><pubDate>Tue, 01 May 2012 21:57:33 +1000</pubDate><a10:link href="http://www.mapbutcher.com/" /><a10:rights type="text">Copyright 2011</a10:rights><a10:content type="text"></a10:content><a10:contributor><a10:name>mapbutcher@mapbutcher.com</a10:name></a10:contributor><georss:where><gml:point><gml:pos>34.203006617 -116.827865418</gml:pos></gml:point></georss:where></item><item><guid isPermaLink="false">1ba5cd16-11c2-4c9b-8303-2896abfffa65</guid><a10:author><a10:name>Simon Hope</a10:name></a10:author><title /><description /><pubDate>Tue, 01 May 2012 21:57:33 +1000</pubDate><a10:link href="http://www.mapbutcher.com/" /><a10:rights type="text">Copyright 2011</a10:rights><a10:content type="text"></a10:content><a10:contributor><a10:name>mapbutcher@mapbutcher.com</a10:name></a10:contributor><georss:where><gml:point><gml:pos>36.899955963 -121.601051506</gml:pos></gml:point></georss:where></item><item><guid isPermaLink="false">fbef3ad5-6453-47a6-9bc0-196524c6886a</guid><a10:author><a10:name>Simon Hope</a10:name></a10:author><title /><description /><pubDate>Tue, 01 May 2012 21:57:33 +1000</pubDate><a10:link href="http://www.mapbutcher.com/" /><a10:rights type="text">Copyright 2011</a10:rights><a10:content type="text"></a10:content><a10:contributor><a10:name>mapbutcher@mapbutcher.com</a10:name></a10:contributor><georss:where><gml:point><gml:pos>33.0000419520001 -117.300872972</gml:pos></gml:point></georss:where></item><item><guid isPermaLink="false">8dc23d83-b6a7-498f-b444-558661cbdc47</guid><a10:author><a10:name>Simon Hope</a10:name></a10:author><title /><description /><pubDate>Tue, 01 May 2012 21:57:33 +1000</pubDate><a10:link href="http://www.mapbutcher.com/" /><a10:rights type="text">Copyright 2011</a10:rights><a10:content type="text"></a10:content><a10:contributor><a10:name>mapbutcher@mapbutcher.com</a10:name></a10:contributor><georss:where><gml:point><gml:pos>37.4999430030001 -122.501091062</gml:pos></gml:point></georss:where></item><item><guid isPermaLink="false">efdc9812-cb43-4ec2-81bb-c934c9c0ff5a</guid><a10:author><a10:name>Simon Hope</a10:name></a10:author><title /><description /><pubDate>Tue, 01 May 2012 21:57:33 +1000</pubDate><a10:link href="http://www.mapbutcher.com/" /><a10:rights type="text">Copyright 2011</a10:rights><a10:content type="text"></a10:content><a10:contributor><a10:name>mapbutcher@mapbutcher.com</a10:name></a10:contributor><georss:where><gml:point><gml:pos>35.4999731570001 -120.600997952</gml:pos></gml:point></georss:where></item><item><guid isPermaLink="false">3e9cfa94-b857-4451-99e0-7126484cc1b6</guid><a10:author><a10:name>Simon Hope</a10:name></a10:author><title /><description /><pubDate>Tue, 01 May 2012 21:57:33 +1000</pubDate><a10:link href="http://www.mapbutcher.com/" /><a10:rights type="text">Copyright 2011</a10:rights><a10:content type="text"></a10:content><a10:contributor><a10:name>mapbutcher@mapbutcher.com</a10:name></a10:contributor><georss:where><gml:point><gml:pos>37.499938915 -122.301086425</gml:pos></gml:point></georss:where></item><item><guid isPermaLink="false">0192a794-c919-490b-aa0b-40404c2e22fe</guid><a10:author><a10:name>Simon Hope</a10:name></a10:author><title /><description /><pubDate>Tue, 01 May 2012 21:57:33 +1000</pubDate><a10:link href="http://www.mapbutcher.com/" /><a10:rights type="text">Copyright 2011</a10:rights><a10:content type="text"></a10:content><a10:contributor><a10:name>mapbutcher@mapbutcher.com</a10:name></a10:contributor><georss:where><gml:point><gml:pos>37.499938915 -121.901069559</gml:pos></gml:point></georss:where></item><item><guid isPermaLink="false">d4307545-9bba-407e-b09c-9a2682f1eb2b</guid><a10:author><a10:name>Simon Hope</a10:name></a10:author><title /><description /><pubDate>Tue, 01 May 2012 21:57:33 +1000</pubDate><a10:link href="http://www.mapbutcher.com/" /><a10:rights type="text">Copyright 2011</a10:rights><a10:content type="text"></a10:content><a10:contributor><a10:name>mapbutcher@mapbutcher.com</a10:name></a10:contributor><georss:where><gml:point><gml:pos>40.79984661 -124.201171941</gml:pos></gml:point></georss:where></item><item><guid isPermaLink="false">9594235b-a510-4f31-bb61-0245905d235a</guid><a10:author><a10:name>Simon Hope</a10:name></a10:author><title /><description /><pubDate>Tue, 01 May 2012 21:57:33 +1000</pubDate><a10:link href="http://www.mapbutcher.com/" /><a10:rights type="text">Copyright 2011</a10:rights><a10:content type="text"></a10:content><a10:contributor><a10:name>mapbutcher@mapbutcher.com</a10:name></a10:contributor><georss:where><gml:point><gml:pos>32.700054273 -117.200866565</gml:pos></gml:point></georss:where></item><item><guid isPermaLink="false">8bf5c1a0-caeb-4ece-84a2-6215f2eba0ab</guid><a10:author><a10:name>Simon Hope</a10:name></a10:author><title /><description /><pubDate>Tue, 01 May 2012 21:57:33 +1000</pubDate><a10:link href="http://www.mapbutcher.com/" /><a10:rights type="text">Copyright 2011</a10:rights><a10:content type="text"></a10:content><a10:contributor><a10:name>mapbutcher@mapbutcher.com</a10:name></a10:contributor><georss:where><gml:point><gml:pos>38.399913634 -122.601096884</gml:pos></gml:point></georss:where></item><item><guid isPermaLink="false">bc2cae1b-4183-4395-b87f-d22f49731742</guid><a10:author><a10:name>Simon Hope</a10:name></a10:author><title /><description /><pubDate>Tue, 01 May 2012 21:57:33 +1000</pubDate><a10:link href="http://www.mapbutcher.com/" /><a10:rights type="text">Copyright 2011</a10:rights><a10:content type="text"></a10:content><a10:contributor><a10:name>mapbutcher@mapbutcher.com</a10:name></a10:contributor><georss:where><gml:point><gml:pos>40.799850699 -124.101165535</gml:pos></gml:point></georss:where></item><item><guid isPermaLink="false">269f9153-0417-40aa-9fc7-967b2d0a6cad</guid><a10:author><a10:name>Simon Hope</a10:name></a10:author><title /><description /><pubDate>Tue, 01 May 2012 21:57:33 +1000</pubDate><a10:link href="http://www.mapbutcher.com/" /><a10:rights type="text">Copyright 2011</a10:rights><a10:content type="text"></a10:content><a10:contributor><a10:name>mapbutcher@mapbutcher.com</a10:name></a10:contributor><georss:where><gml:point><gml:pos>37.099944829 -121.601051506</gml:pos></gml:point></georss:where></item><item><guid isPermaLink="false">8016a47e-f762-443b-b503-178109fb6f45</guid><a10:author><a10:name>Simon Hope</a10:name></a10:author><title /><description /><pubDate>Tue, 01 May 2012 21:57:33 +1000</pubDate><a10:link href="http://www.mapbutcher.com/" /><a10:rights type="text">Copyright 2011</a10:rights><a10:content type="text"></a10:content><a10:contributor><a10:name>mapbutcher@mapbutcher.com</a10:name></a10:contributor><georss:where><gml:point><gml:pos>39.099891896 -123.101112564</gml:pos></gml:point></georss:where></item><item><guid isPermaLink="false">04d912b0-b97f-4e21-8901-6d404ed7f01a</guid><a10:author><a10:name>Simon Hope</a10:name></a10:author><title /><description /><pubDate>Tue, 01 May 2012 21:57:33 +1000</pubDate><a10:link href="http://www.mapbutcher.com/" /><a10:rights type="text">Copyright 2011</a10:rights><a10:content type="text"></a10:content><a10:contributor><a10:name>mapbutcher@mapbutcher.com</a10:name></a10:contributor><georss:where><gml:point><gml:pos>37.199947147 -122.101074195</gml:pos></gml:point></georss:where></item><item><guid isPermaLink="false">65585fb2-d109-428c-8257-7bf132f98f03</guid><a10:author><a10:name>Simon Hope</a10:name></a10:author><title /><description /><pubDate>Tue, 01 May 2012 21:57:33 +1000</pubDate><a10:link href="http://www.mapbutcher.com/" /><a10:rights type="text">Copyright 2011</a10:rights><a10:content type="text"></a10:content><a10:contributor><a10:name>mapbutcher@mapbutcher.com</a10:name></a10:contributor><georss:where><gml:point><gml:pos>40.3998601170001 -124.201156754</gml:pos></gml:point></georss:where></item><item><guid isPermaLink="false">9423f69f-8146-42b8-be76-32d3740bf375</guid><a10:author><a10:name>Simon Hope</a10:name></a10:author><title /><description /><pubDate>Tue, 01 May 2012 21:57:33 +1000</pubDate><a10:link href="http://www.mapbutcher.com/" /><a10:rights type="text">Copyright 2011</a10:rights><a10:content type="text"></a10:content><a10:contributor><a10:name>mapbutcher@mapbutcher.com</a10:name></a10:contributor><georss:where><gml:point><gml:pos>40.6998559730001 -124.001167305</gml:pos></gml:point></georss:where></item><item><guid isPermaLink="false">c9af0507-e4c8-47e1-b9dd-e99b575104e8</guid><a10:author><a10:name>Simon Hope</a10:name></a10:author><title /><description /><pubDate>Tue, 01 May 2012 21:57:33 +1000</pubDate><a10:link href="http://www.mapbutcher.com/" /><a10:rights type="text">Copyright 2011</a10:rights><a10:content type="text"></a10:content><a10:contributor><a10:name>mapbutcher@mapbutcher.com</a10:name></a10:contributor><georss:where><gml:point><gml:pos>40.0998648440001 -124.001144525</gml:pos></gml:point></georss:where></item><item><guid isPermaLink="false">4a3bc3b3-6abf-49a3-80ae-d055b6498b9e</guid><a10:author><a10:name>Simon Hope</a10:name></a10:author><title /><description /><pubDate>Tue, 01 May 2012 21:57:33 +1000</pubDate><a10:link href="http://www.mapbutcher.com/" /><a10:rights type="text">Copyright 2011</a10:rights><a10:content type="text"></a10:content><a10:contributor><a10:name>mapbutcher@mapbutcher.com</a10:name></a10:contributor><georss:where><gml:point><gml:pos>35.999961968 -120.500991545</gml:pos></gml:point></georss:where></item><item><guid isPermaLink="false">120b4114-2440-437f-9cf8-152336e6cf01</guid><a10:author><a10:name>Simon Hope</a10:name></a10:author><title /><description /><pubDate>Tue, 01 May 2012 21:57:33 +1000</pubDate><a10:link href="http://www.mapbutcher.com/" /><a10:rights type="text">Copyright 2011</a10:rights><a10:content type="text"></a10:content><a10:contributor><a10:name>mapbutcher@mapbutcher.com</a10:name></a10:contributor><georss:where><gml:point><gml:pos>37.199947147 -122.001068373</gml:pos></gml:point></georss:where></item><item><guid isPermaLink="false">bf56087b-d96c-4433-bef9-988343da183b</guid><a10:author><a10:name>Simon Hope</a10:name></a10:author><title /><description /><pubDate>Tue, 01 May 2012 21:57:33 +1000</pubDate><a10:link href="http://www.mapbutcher.com/" /><a10:rights type="text">Copyright 2011</a10:rights><a10:content type="text"></a10:content><a10:contributor><a10:name>mapbutcher@mapbutcher.com</a10:name></a10:contributor><georss:where><gml:point><gml:pos>36.899955963 -121.601051506</gml:pos></gml:point></georss:where></item><item><guid isPermaLink="false">f9dcacf3-878f-4993-ac40-7602030ea243</guid><a10:author><a10:name>Simon Hope</a10:name></a10:author><title /><description /><pubDate>Tue, 01 May 2012 21:57:33 +1000</pubDate><a10:link href="http://www.mapbutcher.com/" /><a10:rights type="text">Copyright 2011</a10:rights><a10:content type="text"></a10:content><a10:contributor><a10:name>mapbutcher@mapbutcher.com</a10:name></a10:contributor><georss:where><gml:point><gml:pos>40.399898668 -120.601058698</gml:pos></gml:point></georss:where></item><item><guid isPermaLink="false">647a945c-7d14-4bba-9076-4272fe83f990</guid><a10:author><a10:name>Simon Hope</a10:name></a10:author><title /><description /><pubDate>Tue, 01 May 2012 21:57:33 +1000</pubDate><a10:link href="http://www.mapbutcher.com/" /><a10:rights type="text">Copyright 2011</a10:rights><a10:content type="text"></a10:content><a10:contributor><a10:name>mapbutcher@mapbutcher.com</a10:name></a10:contributor><georss:where><gml:point><gml:pos>36.699962424 -121.301048056</gml:pos></gml:point></georss:where></item><item><guid isPermaLink="false">ce0ef963-7fff-4391-ba7e-0426338e458b</guid><a10:author><a10:name>Simon Hope</a10:name></a10:author><title /><description /><pubDate>Tue, 01 May 2012 21:57:33 +1000</pubDate><a10:link href="http://www.mapbutcher.com/" /><a10:rights type="text">Copyright 2011</a10:rights><a10:content type="text"></a10:content><a10:contributor><a10:name>mapbutcher@mapbutcher.com</a10:name></a10:contributor><georss:where><gml:point><gml:pos>36.3999636470001 -121.001022411</gml:pos></gml:point></georss:where></item><item><guid isPermaLink="false">2dd47cc7-4c20-41e4-97e3-3551224e1405</guid><a10:author><a10:name>Simon Hope</a10:name></a10:author><title /><description /><pubDate>Tue, 01 May 2012 21:57:33 +1000</pubDate><a10:link href="http://www.mapbutcher.com/" /><a10:rights type="text">Copyright 2011</a10:rights><a10:content type="text"></a10:content><a10:contributor><a10:name>mapbutcher@mapbutcher.com</a10:name></a10:contributor><georss:where><gml:point><gml:pos>39.299892443 -123.601120065</gml:pos></gml:point></georss:where></item><item><guid isPermaLink="false">0f84c437-f970-4495-a0db-e4008a9e6130</guid><a10:author><a10:name>Simon Hope</a10:name></a10:author><title /><description /><pubDate>Tue, 01 May 2012 21:57:33 +1000</pubDate><a10:link href="http://www.mapbutcher.com/" /><a10:rights type="text">Copyright 2011</a10:rights><a10:content type="text"></a10:content><a10:contributor><a10:name>mapbutcher@mapbutcher.com</a10:name></a10:contributor><georss:where><gml:point><gml:pos>39.699897627 -120.701049919</gml:pos></gml:point></georss:where></item><item><guid isPermaLink="false">75106e9d-7418-46c6-a7f5-2a373394ecd0</guid><a10:author><a10:name>Simon Hope</a10:name></a10:author><title /><description /><pubDate>Tue, 01 May 2012 21:57:33 +1000</pubDate><a10:link href="http://www.mapbutcher.com/" /><a10:rights type="text">Copyright 2011</a10:rights><a10:content type="text"></a10:content><a10:contributor><a10:name>mapbutcher@mapbutcher.com</a10:name></a10:contributor><georss:where><gml:point><gml:pos>37.8999254080001 -122.301086425</gml:pos></gml:point></georss:where></item><item><guid isPermaLink="false">06f3c91d-430a-4405-bd62-566c5514ae7e</guid><a10:author><a10:name>Simon Hope</a10:name></a10:author><title /><description /><pubDate>Tue, 01 May 2012 21:57:33 +1000</pubDate><a10:link href="http://www.mapbutcher.com/" /><a10:rights type="text">Copyright 2011</a10:rights><a10:content type="text"></a10:content><a10:contributor><a10:name>mapbutcher@mapbutcher.com</a10:name></a10:contributor><georss:where><gml:point><gml:pos>37.999920133 -121.901069559</gml:pos></gml:point></georss:where></item><item><guid isPermaLink="false">3604aa65-3136-498f-8ff5-653b8c2cfac8</guid><a10:author><a10:name>Simon Hope</a10:name></a10:author><title /><description /><pubDate>Tue, 01 May 2012 21:57:33 +1000</pubDate><a10:link href="http://www.mapbutcher.com/" /><a10:rights type="text">Copyright 2011</a10:rights><a10:content type="text"></a10:content><a10:contributor><a10:name>mapbutcher@mapbutcher.com</a10:name></a10:contributor><georss:where><gml:point><gml:pos>40.499893392 -120.701065105</gml:pos></gml:point></georss:where></item><item><guid isPermaLink="false">1939dcc2-c3c6-49b6-bf07-e51036cdaec1</guid><a10:author><a10:name>Simon Hope</a10:name></a10:author><title /><description /><pubDate>Tue, 01 May 2012 21:57:33 +1000</pubDate><a10:link href="http://www.mapbutcher.com/" /><a10:rights type="text">Copyright 2011</a10:rights><a10:content type="text"></a10:content><a10:contributor><a10:name>mapbutcher@mapbutcher.com</a10:name></a10:contributor><georss:where><gml:point><gml:pos>37.7999265940001 -122.201072425</gml:pos></gml:point></georss:where></item><item><guid isPermaLink="false">078fae46-75a3-4758-be64-b6aa8cc91c3d</guid><a10:author><a10:name>Simon Hope</a10:name></a10:author><title /><description /><pubDate>Tue, 01 May 2012 21:57:33 +1000</pubDate><a10:link href="http://www.mapbutcher.com/" /><a10:rights type="text">Copyright 2011</a10:rights><a10:content type="text"></a10:content><a10:contributor><a10:name>mapbutcher@mapbutcher.com</a10:name></a10:contributor><georss:where><gml:point><gml:pos>40.499854842 -124.201156754</gml:pos></gml:point></georss:where></item><item><guid isPermaLink="false">f8ea276e-6a3f-4849-a47c-fc4364df5272</guid><a10:author><a10:name>Simon Hope</a10:name></a10:author><title /><description /><pubDate>Tue, 01 May 2012 21:57:33 +1000</pubDate><a10:link href="http://www.mapbutcher.com/" /><a10:rights type="text">Copyright 2011</a10:rights><a10:content type="text"></a10:content><a10:contributor><a10:name>mapbutcher@mapbutcher.com</a10:name></a10:contributor><georss:where><gml:point><gml:pos>38.399913634 -122.601096884</gml:pos></gml:point></georss:where></item><item><guid isPermaLink="false">d253a14f-e00a-4d53-8c38-2f368582fb8a</guid><a10:author><a10:name>Simon Hope</a10:name></a10:author><title /><description /><pubDate>Tue, 01 May 2012 21:57:33 +1000</pubDate><a10:link href="http://www.mapbutcher.com/" /><a10:rights type="text">Copyright 2011</a10:rights><a10:content type="text"></a10:content><a10:contributor><a10:name>mapbutcher@mapbutcher.com</a10:name></a10:contributor><georss:where><gml:point><gml:pos>40.299865976 -123.701141075</gml:pos></gml:point></georss:where></item><item><guid isPermaLink="false">32fbb175-e957-40c4-a837-a68ab4beaa71</guid><a10:author><a10:name>Simon Hope</a10:name></a10:author><title /><description /><pubDate>Tue, 01 May 2012 21:57:33 +1000</pubDate><a10:link href="http://www.mapbutcher.com/" /><a10:rights type="text">Copyright 2011</a10:rights><a10:content type="text"></a10:content><a10:contributor><a10:name>mapbutcher@mapbutcher.com</a10:name></a10:contributor><georss:where><gml:point><gml:pos>36.899955963 -121.701057329</gml:pos></gml:point></georss:where></item><item><guid isPermaLink="false">a4849eac-39c9-4ef4-85c7-562922fe1cb7</guid><a10:author><a10:name>Simon Hope</a10:name></a10:author><title /><description /><pubDate>Tue, 01 May 2012 21:57:33 +1000</pubDate><a10:link href="http://www.mapbutcher.com/" /><a10:rights type="text">Copyright 2011</a10:rights><a10:content type="text"></a10:content><a10:contributor><a10:name>mapbutcher@mapbutcher.com</a10:name></a10:contributor><georss:where><gml:point><gml:pos>37.6999318690001 -122.501083468</gml:pos></gml:point></georss:where></item><item><guid isPermaLink="false">d67a206a-43b2-4462-8551-8b29e794ac5e</guid><a10:author><a10:name>Simon Hope</a10:name></a10:author><title /><description /><pubDate>Tue, 01 May 2012 21:57:33 +1000</pubDate><a10:link href="http://www.mapbutcher.com/" /><a10:rights type="text">Copyright 2011</a10:rights><a10:content type="text"></a10:content><a10:contributor><a10:name>mapbutcher@mapbutcher.com</a10:name></a10:contributor><georss:where><gml:point><gml:pos>37.1999436420001 -121.501052693</gml:pos></gml:point></georss:where></item><item><guid isPermaLink="false">9d2d63a8-339a-424a-9707-cb9d0500cdae</guid><a10:author><a10:name>Simon Hope</a10:name></a10:author><title /><description /><pubDate>Tue, 01 May 2012 21:57:33 +1000</pubDate><a10:link href="http://www.mapbutcher.com/" /><a10:rights type="text">Copyright 2011</a10:rights><a10:content type="text"></a10:content><a10:contributor><a10:name>mapbutcher@mapbutcher.com</a10:name></a10:contributor><georss:where><gml:point><gml:pos>38.399913634 -122.701095698</gml:pos></gml:point></georss:where></item><item><guid isPermaLink="false">69745cdd-a636-4cb0-ab81-aa5719a0fe77</guid><a10:author><a10:name>Simon Hope</a10:name></a10:author><title /><description /><pubDate>Tue, 01 May 2012 21:57:33 +1000</pubDate><a10:link href="http://www.mapbutcher.com/" /><a10:rights type="text">Copyright 2011</a10:rights><a10:content type="text"></a10:content><a10:contributor><a10:name>mapbutcher@mapbutcher.com</a10:name></a10:contributor><georss:where><gml:point><gml:pos>38.2999113160001 -121.901077152</gml:pos></gml:point></georss:where></item><item><guid isPermaLink="false">f6f9db9c-5172-4b1d-ae63-b0a64f67f0d7</guid><a10:author><a10:name>Simon Hope</a10:name></a10:author><title /><description /><pubDate>Tue, 01 May 2012 21:57:33 +1000</pubDate><a10:link href="http://www.mapbutcher.com/" /><a10:rights type="text">Copyright 2011</a10:rights><a10:content type="text"></a10:content><a10:contributor><a10:name>mapbutcher@mapbutcher.com</a10:name></a10:contributor><georss:where><gml:point><gml:pos>34.799980293 -120.400993315</gml:pos></gml:point></georss:where></item><item><guid isPermaLink="false">0a1ba6f4-6893-4519-8429-28f78ba79909</guid><a10:author><a10:name>Simon Hope</a10:name></a10:author><title /><description /><pubDate>Tue, 01 May 2012 21:57:33 +1000</pubDate><a10:link href="http://www.mapbutcher.com/" /><a10:rights type="text">Copyright 2011</a10:rights><a10:content type="text"></a10:content><a10:contributor><a10:name>mapbutcher@mapbutcher.com</a10:name></a10:contributor><georss:where><gml:point><gml:pos>34.799980293 -120.400993315</gml:pos></gml:point></georss:where></item><item><guid isPermaLink="false">a7255ecb-fbe5-4ea6-a6f5-bcba3ea26df0</guid><a10:author><a10:name>Simon Hope</a10:name></a10:author><title /><description /><pubDate>Tue, 01 May 2012 21:57:33 +1000</pubDate><a10:link href="http://www.mapbutcher.com/" /><a10:rights type="text">Copyright 2011</a10:rights><a10:content type="text"></a10:content><a10:contributor><a10:name>mapbutcher@mapbutcher.com</a10:name></a10:contributor><georss:where><gml:point><gml:pos>37.399940685 -121.901069559</gml:pos></gml:point></georss:where></item><item><guid isPermaLink="false">2ba1c69b-bc38-4a04-a3ba-f8106c5a4af2</guid><a10:author><a10:name>Simon Hope</a10:name></a10:author><title /><description /><pubDate>Tue, 01 May 2012 21:57:33 +1000</pubDate><a10:link href="http://www.mapbutcher.com/" /><a10:rights type="text">Copyright 2011</a10:rights><a10:content type="text"></a10:content><a10:contributor><a10:name>mapbutcher@mapbutcher.com</a10:name></a10:contributor><georss:where><gml:point><gml:pos>39.4998853970001 -122.001083559</gml:pos></gml:point></georss:where></item><item><guid isPermaLink="false">269e469e-cf65-46de-95a7-ea7021b295fa</guid><a10:author><a10:name>Simon Hope</a10:name></a10:author><title /><description /><pubDate>Tue, 01 May 2012 21:57:33 +1000</pubDate><a10:link href="http://www.mapbutcher.com/" /><a10:rights type="text">Copyright 2011</a10:rights><a10:content type="text"></a10:content><a10:contributor><a10:name>mapbutcher@mapbutcher.com</a10:name></a10:contributor><georss:where><gml:point><gml:pos>37.299941871 -121.801063737</gml:pos></gml:point></georss:where></item><item><guid isPermaLink="false">53b1668e-4f32-459a-a758-6e0c9466392a</guid><a10:author><a10:name>Simon Hope</a10:name></a10:author><title /><description /><pubDate>Tue, 01 May 2012 21:57:33 +1000</pubDate><a10:link href="http://www.mapbutcher.com/" /><a10:rights type="text">Copyright 2011</a10:rights><a10:content type="text"></a10:content><a10:contributor><a10:name>mapbutcher@mapbutcher.com</a10:name></a10:contributor><georss:where><gml:point><gml:pos>40.999847157 -124.001174898</gml:pos></gml:point></georss:where></item><item><guid isPermaLink="false">e9dd493a-82ef-48f3-9144-7910b837a9df</guid><a10:author><a10:name>Simon Hope</a10:name></a10:author><title /><description /><pubDate>Tue, 01 May 2012 21:57:33 +1000</pubDate><a10:link href="http://www.mapbutcher.com/" /><a10:rights type="text">Copyright 2011</a10:rights><a10:content type="text"></a10:content><a10:contributor><a10:name>mapbutcher@mapbutcher.com</a10:name></a10:contributor><georss:where><gml:point><gml:pos>34.20000844 -117.100868335</gml:pos></gml:point></georss:where></item><item><guid isPermaLink="false">f0b9c090-e5b8-40a2-96ad-c10ceef89d4e</guid><a10:author><a10:name>Simon Hope</a10:name></a10:author><title /><description /><pubDate>Tue, 01 May 2012 21:57:33 +1000</pubDate><a10:link href="http://www.mapbutcher.com/" /><a10:rights type="text">Copyright 2011</a10:rights><a10:content type="text"></a10:content><a10:contributor><a10:name>mapbutcher@mapbutcher.com</a10:name></a10:contributor><georss:where><gml:point><gml:pos>40.299899854 -120.301048239</gml:pos></gml:point></georss:where></item><item><guid isPermaLink="false">75d87ab6-809e-4f74-9699-ff2e4b4593a7</guid><a10:author><a10:name>Simon Hope</a10:name></a10:author><title /><description /><pubDate>Tue, 01 May 2012 21:57:33 +1000</pubDate><a10:link href="http://www.mapbutcher.com/" /><a10:rights type="text">Copyright 2011</a10:rights><a10:content type="text"></a10:content><a10:contributor><a10:name>mapbutcher@mapbutcher.com</a10:name></a10:contributor><georss:where><gml:point><gml:pos>40.799850699 -124.001167305</gml:pos></gml:point></georss:where></item><item><guid isPermaLink="false">0e748b55-6ef7-4429-860b-4d21f0e45540</guid><a10:author><a10:name>Simon Hope</a10:name></a10:author><title /><description /><pubDate>Tue, 01 May 2012 21:57:33 +1000</pubDate><a10:link href="http://www.mapbutcher.com/" /><a10:rights type="text">Copyright 2011</a10:rights><a10:content type="text"></a10:content><a10:contributor><a10:name>mapbutcher@mapbutcher.com</a10:name></a10:contributor><georss:where><gml:point><gml:pos>40.999847157 -124.001174898</gml:pos></gml:point></georss:where></item><item><guid isPermaLink="false">aa78d4d5-cf5d-411f-be24-2991a7fe7aef</guid><a10:author><a10:name>Simon Hope</a10:name></a10:author><title /><description /><pubDate>Tue, 01 May 2012 21:57:33 +1000</pubDate><a10:link href="http://www.mapbutcher.com/" /><a10:rights type="text">Copyright 2011</a10:rights><a10:content type="text"></a10:content><a10:contributor><a10:name>mapbutcher@mapbutcher.com</a10:name></a10:contributor><georss:where><gml:point><gml:pos>39.399898266 -120.801055741</gml:pos></gml:point></georss:where></item><item><guid isPermaLink="false">f373914b-cbb8-4349-bd9b-92fb54d20e8c</guid><a10:author><a10:name>Simon Hope</a10:name></a10:author><title /><description /><pubDate>Tue, 01 May 2012 21:57:33 +1000</pubDate><a10:link href="http://www.mapbutcher.com/" /><a10:rights type="text">Copyright 2011</a10:rights><a10:content type="text"></a10:content><a10:contributor><a10:name>mapbutcher@mapbutcher.com</a10:name></a10:contributor><georss:where><gml:point><gml:pos>33.7000196290001 -117.400878795</gml:pos></gml:point></georss:where></item><item><guid isPermaLink="false">402c6a59-a92a-4c02-99c2-f7da25e08ff3</guid><a10:author><a10:name>Simon Hope</a10:name></a10:author><title /><description /><pubDate>Tue, 01 May 2012 21:57:33 +1000</pubDate><a10:link href="http://www.mapbutcher.com/" /><a10:rights type="text">Copyright 2011</a10:rights><a10:content type="text"></a10:content><a10:contributor><a10:name>mapbutcher@mapbutcher.com</a10:name></a10:contributor><georss:where><gml:point><gml:pos>37.1699449330001 -122.001068373</gml:pos></gml:point></georss:where></item><item><guid isPermaLink="false">64aa9e0c-bd21-4094-b189-58ed53636240</guid><a10:author><a10:name>Simon Hope</a10:name></a10:author><title /><description /><pubDate>Tue, 01 May 2012 21:57:33 +1000</pubDate><a10:link href="http://www.mapbutcher.com/" /><a10:rights type="text">Copyright 2011</a10:rights><a10:content type="text"></a10:content><a10:contributor><a10:name>mapbutcher@mapbutcher.com</a10:name></a10:contributor><georss:where><gml:point><gml:pos>40.5798798270001 -121.831108005</gml:pos></gml:point></georss:where></item><item><guid isPermaLink="false">67cfd14c-5760-47f1-a9bf-4b5a943032d9</guid><a10:author><a10:name>Simon Hope</a10:name></a10:author><title /><description /><pubDate>Tue, 01 May 2012 21:57:33 +1000</pubDate><a10:link href="http://www.mapbutcher.com/" /><a10:rights type="text">Copyright 2011</a10:rights><a10:content type="text"></a10:content><a10:contributor><a10:name>mapbutcher@mapbutcher.com</a10:name></a10:contributor><georss:where><gml:point><gml:pos>36.6699602100001 -121.251037553</gml:pos></gml:point></georss:where></item><item><guid isPermaLink="false">d9b9776c-5d72-422e-a921-708c6bf2d217</guid><a10:author><a10:name>Simon Hope</a10:name></a10:author><title /><description /><pubDate>Tue, 01 May 2012 21:57:33 +1000</pubDate><a10:link href="http://www.mapbutcher.com/" /><a10:rights type="text">Copyright 2011</a10:rights><a10:content type="text"></a10:content><a10:contributor><a10:name>mapbutcher@mapbutcher.com</a10:name></a10:contributor><georss:where><gml:point><gml:pos>34.8999750190001 -118.900932259</gml:pos></gml:point></georss:where></item><item><guid isPermaLink="false">229bca1e-dc7b-40be-8d57-29d26044ac6a</guid><a10:author><a10:name>Simon Hope</a10:name></a10:author><title /><description /><pubDate>Tue, 01 May 2012 21:57:33 +1000</pubDate><a10:link href="http://www.mapbutcher.com/" /><a10:rights type="text">Copyright 2011</a10:rights><a10:content type="text"></a10:content><a10:contributor><a10:name>mapbutcher@mapbutcher.com</a10:name></a10:contributor><georss:where><gml:point><gml:pos>35.1699715820001 -120.75100727</gml:pos></gml:point></georss:where></item><item><guid isPermaLink="false">0d128932-f5ea-43c5-9be6-fa56fc166e65</guid><a10:author><a10:name>Simon Hope</a10:name></a10:author><title /><description /><pubDate>Tue, 01 May 2012 21:57:33 +1000</pubDate><a10:link href="http://www.mapbutcher.com/" /><a10:rights type="text">Copyright 2011</a10:rights><a10:content type="text"></a10:content><a10:contributor><a10:name>mapbutcher@mapbutcher.com</a10:name></a10:contributor><georss:where><gml:point><gml:pos>39.5798987000001 -120.831062044</gml:pos></gml:point></georss:where></item><item><guid isPermaLink="false">51b99e56-06ba-40dc-8b37-4ca71e6a1cec</guid><a10:author><a10:name>Simon Hope</a10:name></a10:author><title /><description /><pubDate>Tue, 01 May 2012 21:57:33 +1000</pubDate><a10:link href="http://www.mapbutcher.com/" /><a10:rights type="text">Copyright 2011</a10:rights><a10:content type="text"></a10:content><a10:contributor><a10:name>mapbutcher@mapbutcher.com</a10:name></a10:contributor><georss:where><gml:point><gml:pos>34.9999697440001 -119.000938665</gml:pos></gml:point></georss:where></item><item><guid isPermaLink="false">af5a68aa-2f57-4dbc-bd8d-533581dc5438</guid><a10:author><a10:name>Simon Hope</a10:name></a10:author><title /><description /><pubDate>Tue, 01 May 2012 21:57:33 +1000</pubDate><a10:link href="http://www.mapbutcher.com/" /><a10:rights type="text">Copyright 2011</a10:rights><a10:content type="text"></a10:content><a10:contributor><a10:name>mapbutcher@mapbutcher.com</a10:name></a10:contributor><georss:where><gml:point><gml:pos>40.829849408 -124.171173232</gml:pos></gml:point></georss:where></item><item><guid isPermaLink="false">3c54288d-1f8a-4a7f-8d96-72c9747faa26</guid><a10:author><a10:name>Simon Hope</a10:name></a10:author><title /><description /><pubDate>Tue, 01 May 2012 21:57:33 +1000</pubDate><a10:link href="http://www.mapbutcher.com/" /><a10:rights type="text">Copyright 2011</a10:rights><a10:content type="text"></a10:content><a10:contributor><a10:name>mapbutcher@mapbutcher.com</a10:name></a10:contributor><georss:where><gml:point><gml:pos>40.4998782060001 -121.831100413</gml:pos></gml:point></georss:where></item><item><guid isPermaLink="false">eed8da7e-d93a-42cb-a18f-17ce4a4d543f</guid><a10:author><a10:name>Simon Hope</a10:name></a10:author><title /><description /><pubDate>Tue, 01 May 2012 21:57:33 +1000</pubDate><a10:link href="http://www.mapbutcher.com/" /><a10:rights type="text">Copyright 2011</a10:rights><a10:content type="text"></a10:content><a10:contributor><a10:name>mapbutcher@mapbutcher.com</a10:name></a10:contributor><georss:where><gml:point><gml:pos>34.0000154850001 -117.250877654</gml:pos></gml:point></georss:where></item><item><guid isPermaLink="false">ffe3e1d8-b8a3-40c8-a126-2a3ff5483bed</guid><a10:author><a10:name>Simon Hope</a10:name></a10:author><title /><description /><pubDate>Tue, 01 May 2012 21:57:33 +1000</pubDate><a10:link href="http://www.mapbutcher.com/" /><a10:rights type="text">Copyright 2011</a10:rights><a10:content type="text"></a10:content><a10:contributor><a10:name>mapbutcher@mapbutcher.com</a10:name></a10:contributor><georss:where><gml:point><gml:pos>34.4999926140001 -119.500953761</gml:pos></gml:point></georss:where></item><item><guid isPermaLink="false">39fcfde2-695d-48f1-80a7-f1c2350c6d1e</guid><a10:author><a10:name>Simon Hope</a10:name></a10:author><title /><description /><pubDate>Tue, 01 May 2012 21:57:33 +1000</pubDate><a10:link href="http://www.mapbutcher.com/" /><a10:rights type="text">Copyright 2011</a10:rights><a10:content type="text"></a10:content><a10:contributor><a10:name>mapbutcher@mapbutcher.com</a10:name></a10:contributor><georss:where><gml:point><gml:pos>36.6169585380001 -122.351081743</gml:pos></gml:point></georss:where></item><item><guid isPermaLink="false">e181d8c9-3a7c-41b7-b2a1-7e9f1d868ec8</guid><a10:author><a10:name>Simon Hope</a10:name></a10:author><title /><description /><pubDate>Tue, 01 May 2012 21:57:33 +1000</pubDate><a10:link href="http://www.mapbutcher.com/" /><a10:rights type="text">Copyright 2011</a10:rights><a10:content type="text"></a10:content><a10:contributor><a10:name>mapbutcher@mapbutcher.com</a10:name></a10:contributor><georss:where><gml:point><gml:pos>36.5499612830001 -122.184074577</gml:pos></gml:point></georss:where></item><item><guid isPermaLink="false">1d34deb2-990d-478c-8c1e-0aa523ff8c10</guid><a10:author><a10:name>Simon Hope</a10:name></a10:author><title /><description /><pubDate>Tue, 01 May 2012 21:57:33 +1000</pubDate><a10:link href="http://www.mapbutcher.com/" /><a10:rights type="text">Copyright 2011</a10:rights><a10:content type="text"></a10:content><a10:contributor><a10:name>mapbutcher@mapbutcher.com</a10:name></a10:contributor><georss:where><gml:point><gml:pos>33.9100152680001 -118.040901107</gml:pos></gml:point></georss:where></item><item><guid isPermaLink="false">16b2cd59-babd-4661-90c2-e3ee934d3046</guid><a10:author><a10:name>Simon Hope</a10:name></a10:author><title /><description /><pubDate>Tue, 01 May 2012 21:57:33 +1000</pubDate><a10:link href="http://www.mapbutcher.com/" /><a10:rights type="text">Copyright 2011</a10:rights><a10:content type="text"></a10:content><a10:contributor><a10:name>mapbutcher@mapbutcher.com</a10:name></a10:contributor><georss:where><gml:point><gml:pos>36.8999325990001 -118.200927713</gml:pos></gml:point></georss:where></item><item><guid isPermaLink="false">4408ed64-9130-4a1b-894a-694e9349ce5b</guid><a10:author><a10:name>Simon Hope</a10:name></a10:author><title /><description /><pubDate>Tue, 01 May 2012 21:57:33 +1000</pubDate><a10:link href="http://www.mapbutcher.com/" /><a10:rights type="text">Copyright 2011</a10:rights><a10:content type="text"></a10:content><a10:contributor><a10:name>mapbutcher@mapbutcher.com</a10:name></a10:contributor><georss:where><gml:point><gml:pos>34.20000844 -116.900863699</gml:pos></gml:point></georss:where></item><item><guid isPermaLink="false">5486ab80-a2d8-4692-b64b-30935559aa6b</guid><a10:author><a10:name>Simon Hope</a10:name></a10:author><title /><description /><pubDate>Tue, 01 May 2012 21:57:33 +1000</pubDate><a10:link href="http://www.mapbutcher.com/" /><a10:rights type="text">Copyright 2011</a10:rights><a10:content type="text"></a10:content><a10:contributor><a10:name>mapbutcher@mapbutcher.com</a10:name></a10:contributor><georss:where><gml:point><gml:pos>34.20000844 -116.900863699</gml:pos></gml:point></georss:where></item><item><guid isPermaLink="false">2ef5b86e-e23d-4c9d-b0f5-a3bfe63f1b83</guid><a10:author><a10:name>Simon Hope</a10:name></a10:author><title /><description /><pubDate>Tue, 01 May 2012 21:57:33 +1000</pubDate><a10:link href="http://www.mapbutcher.com/" /><a10:rights type="text">Copyright 2011</a10:rights><a10:content type="text"></a10:content><a10:contributor><a10:name>mapbutcher@mapbutcher.com</a10:name></a10:contributor><georss:where><gml:point><gml:pos>33.0000419520001 -115.500824236</gml:pos></gml:point></georss:where></item><item><guid isPermaLink="false">8be61931-76f2-44aa-9047-bc38e9b34f28</guid><a10:author><a10:name>Simon Hope</a10:name></a10:author><title /><description /><pubDate>Tue, 01 May 2012 21:57:33 +1000</pubDate><a10:link href="http://www.mapbutcher.com/" /><a10:rights type="text">Copyright 2011</a10:rights><a10:content type="text"></a10:content><a10:contributor><a10:name>mapbutcher@mapbutcher.com</a10:name></a10:contributor><georss:where><gml:point><gml:pos>33.0000419520001 -115.500824236</gml:pos></gml:point></georss:where></item><item><guid isPermaLink="false">8c53f136-6735-44bf-9dc8-b76cc771ba0b</guid><a10:author><a10:name>Simon Hope</a10:name></a10:author><title /><description /><pubDate>Tue, 01 May 2012 21:57:33 +1000</pubDate><a10:link href="http://www.mapbutcher.com/" /><a10:rights type="text">Copyright 2011</a10:rights><a10:content type="text"></a10:content><a10:contributor><a10:name>mapbutcher@mapbutcher.com</a10:name></a10:contributor><georss:where><gml:point><gml:pos>34.030006601 -118.643913193</gml:pos></gml:point></georss:where></item><item><guid isPermaLink="false">f539d018-1afc-4463-a7d5-8621ff3022c3</guid><a10:author><a10:name>Simon Hope</a10:name></a10:author><title /><description /><pubDate>Tue, 01 May 2012 21:57:33 +1000</pubDate><a10:link href="http://www.mapbutcher.com/" /><a10:rights type="text">Copyright 2011</a10:rights><a10:content type="text"></a10:content><a10:contributor><a10:name>mapbutcher@mapbutcher.com</a10:name></a10:contributor><georss:where><gml:point><gml:pos>40.829849408 -124.171173232</gml:pos></gml:point></georss:where></item><item><guid isPermaLink="false">2a82bb8c-e088-43d4-be7c-a84227822c81</guid><a10:author><a10:name>Simon Hope</a10:name></a10:author><title /><description /><pubDate>Tue, 01 May 2012 21:57:33 +1000</pubDate><a10:link href="http://www.mapbutcher.com/" /><a10:rights type="text">Copyright 2011</a10:rights><a10:content type="text"></a10:content><a10:contributor><a10:name>mapbutcher@mapbutcher.com</a10:name></a10:contributor><georss:where><gml:point><gml:pos>37.5999336400001 -122.001075966</gml:pos></gml:point></georss:where></item><item><guid isPermaLink="false">3e047e22-5d8a-43cc-99e2-82679cd172e2</guid><a10:author><a10:name>Simon Hope</a10:name></a10:author><title /><description /><pubDate>Tue, 01 May 2012 21:57:33 +1000</pubDate><a10:link href="http://www.mapbutcher.com/" /><a10:rights type="text">Copyright 2011</a10:rights><a10:content type="text"></a10:content><a10:contributor><a10:name>mapbutcher@mapbutcher.com</a10:name></a10:contributor><georss:where><gml:point><gml:pos>35.799964925 -120.330986203</gml:pos></gml:point></georss:where></item><item><guid isPermaLink="false">5ff69754-285c-495d-b2d5-14b0a80513dd</guid><a10:author><a10:name>Simon Hope</a10:name></a10:author><title /><description /><pubDate>Tue, 01 May 2012 21:57:33 +1000</pubDate><a10:link href="http://www.mapbutcher.com/" /><a10:rights type="text">Copyright 2011</a10:rights><a10:content type="text"></a10:content><a10:contributor><a10:name>mapbutcher@mapbutcher.com</a10:name></a10:contributor><georss:where><gml:point><gml:pos>37.7999265940001 -122.201072425</gml:pos></gml:point></georss:where></item><item><guid isPermaLink="false">264ff613-72ea-4ac6-adef-7467002d9742</guid><a10:author><a10:name>Simon Hope</a10:name></a10:author><title /><description /><pubDate>Tue, 01 May 2012 21:57:33 +1000</pubDate><a10:link href="http://www.mapbutcher.com/" /><a10:rights type="text">Copyright 2011</a10:rights><a10:content type="text"></a10:content><a10:contributor><a10:name>mapbutcher@mapbutcher.com</a10:name></a10:contributor><georss:where><gml:point><gml:pos>36.7999571490001 -121.451049782</gml:pos></gml:point></georss:where></item><item><guid isPermaLink="false">f983ef8b-aa49-4bd2-aa49-dc2acc7af8b3</guid><a10:author><a10:name>Simon Hope</a10:name></a10:author><title /><description /><pubDate>Tue, 01 May 2012 21:57:33 +1000</pubDate><a10:link href="http://www.mapbutcher.com/" /><a10:rights type="text">Copyright 2011</a10:rights><a10:content type="text"></a10:content><a10:contributor><a10:name>mapbutcher@mapbutcher.com</a10:name></a10:contributor><georss:where><gml:point><gml:pos>39.9998818020001 -121.60108188</gml:pos></gml:point></georss:where></item><item><guid isPermaLink="false">6316ae2c-469f-4e88-bbad-4d23e1eecb21</guid><a10:author><a10:name>Simon Hope</a10:name></a10:author><title /><description /><pubDate>Tue, 01 May 2012 21:57:33 +1000</pubDate><a10:link href="http://www.mapbutcher.com/" /><a10:rights type="text">Copyright 2011</a10:rights><a10:content type="text"></a10:content><a10:contributor><a10:name>mapbutcher@mapbutcher.com</a10:name></a10:contributor><georss:where><gml:point><gml:pos>33.8170203780001 -118.217903365</gml:pos></gml:point></georss:where></item><item><guid isPermaLink="false">381482f2-a3a1-4d46-bdde-3f3fd05c448f</guid><a10:author><a10:name>Simon Hope</a10:name></a10:author><title /><description /><pubDate>Tue, 01 May 2012 21:57:33 +1000</pubDate><a10:link href="http://www.mapbutcher.com/" /><a10:rights type="text">Copyright 2011</a10:rights><a10:content type="text"></a10:content><a10:contributor><a10:name>mapbutcher@mapbutcher.com</a10:name></a10:contributor><georss:where><gml:point><gml:pos>35.7249491680001 -118.055908348</gml:pos></gml:point></georss:where></item><item><guid isPermaLink="false">5890ccf2-65b7-4e1d-b905-8b60cad064bf</guid><a10:author><a10:name>Simon Hope</a10:name></a10:author><title /><description /><pubDate>Tue, 01 May 2012 21:57:33 +1000</pubDate><a10:link href="http://www.mapbutcher.com/" /><a10:rights type="text">Copyright 2011</a10:rights><a10:content type="text"></a10:content><a10:contributor><a10:name>mapbutcher@mapbutcher.com</a10:name></a10:contributor><georss:where><gml:point><gml:pos>34.982986499 -116.550864931</gml:pos></gml:point></georss:where></item><item><guid isPermaLink="false">0147536d-1b77-48f8-9f0d-458c7b11d75a</guid><a10:author><a10:name>Simon Hope</a10:name></a10:author><title /><description /><pubDate>Tue, 01 May 2012 21:57:33 +1000</pubDate><a10:link href="http://www.mapbutcher.com/" /><a10:rights type="text">Copyright 2011</a10:rights><a10:content type="text"></a10:content><a10:contributor><a10:name>mapbutcher@mapbutcher.com</a10:name></a10:contributor><georss:where><gml:point><gml:pos>33.9330100540001 -116.383850172</gml:pos></gml:point></georss:where></item><item><guid isPermaLink="false">5303fc7f-d4e9-4313-b73c-c288578b79ac</guid><a10:author><a10:name>Simon Hope</a10:name></a10:author><title /><description /><pubDate>Tue, 01 May 2012 21:57:33 +1000</pubDate><a10:link href="http://www.mapbutcher.com/" /><a10:rights type="text">Copyright 2011</a10:rights><a10:content type="text"></a10:content><a10:contributor><a10:name>mapbutcher@mapbutcher.com</a10:name></a10:contributor><georss:where><gml:point><gml:pos>39.549907584 -120.081039401</gml:pos></gml:point></georss:where></item><item><guid isPermaLink="false">23190001-cb6b-48a8-a91f-a3745564007a</guid><a10:author><a10:name>Simon Hope</a10:name></a10:author><title /><description /><pubDate>Tue, 01 May 2012 21:57:33 +1000</pubDate><a10:link href="http://www.mapbutcher.com/" /><a10:rights type="text">Copyright 2011</a10:rights><a10:content type="text"></a10:content><a10:contributor><a10:name>mapbutcher@mapbutcher.com</a10:name></a10:contributor><georss:where><gml:point><gml:pos>36.899955963 -121.621055708</gml:pos></gml:point></georss:where></item><item><guid isPermaLink="false">78e77b80-937e-49c4-a2f9-15f308217828</guid><a10:author><a10:name>Simon Hope</a10:name></a10:author><title /><description /><pubDate>Tue, 01 May 2012 21:57:33 +1000</pubDate><a10:link href="http://www.mapbutcher.com/" /><a10:rights type="text">Copyright 2011</a10:rights><a10:content type="text"></a10:content><a10:contributor><a10:name>mapbutcher@mapbutcher.com</a10:name></a10:contributor><georss:where><gml:point><gml:pos>37.0199472960001 -121.481048491</gml:pos></gml:point></georss:where></item><item><guid isPermaLink="false">3b6119e7-19b1-4424-9f4f-4b1501006b3a</guid><a10:author><a10:name>Simon Hope</a10:name></a10:author><title /><description /><pubDate>Tue, 01 May 2012 21:57:33 +1000</pubDate><a10:link href="http://www.mapbutcher.com/" /><a10:rights type="text">Copyright 2011</a10:rights><a10:content type="text"></a10:content><a10:contributor><a10:name>mapbutcher@mapbutcher.com</a10:name></a10:contributor><georss:where><gml:point><gml:pos>40.082904963 -120.068039123</gml:pos></gml:point></georss:where></item><item><guid isPermaLink="false">53f95187-ad65-432a-a5cd-d8eef59bc6da</guid><a10:author><a10:name>Simon Hope</a10:name></a10:author><title /><description /><pubDate>Tue, 01 May 2012 21:57:33 +1000</pubDate><a10:link href="http://www.mapbutcher.com/" /><a10:rights type="text">Copyright 2011</a10:rights><a10:content type="text"></a10:content><a10:contributor><a10:name>mapbutcher@mapbutcher.com</a10:name></a10:contributor><georss:where><gml:point><gml:pos>32.983051114 -115.733833352</gml:pos></gml:point></georss:where></item><item><guid isPermaLink="false">d83836d0-e435-469e-add8-2f3df70c6c5d</guid><a10:author><a10:name>Simon Hope</a10:name></a10:author><title /><description /><pubDate>Tue, 01 May 2012 21:57:33 +1000</pubDate><a10:link href="http://www.mapbutcher.com/" /><a10:rights type="text">Copyright 2011</a10:rights><a10:content type="text"></a10:content><a10:contributor><a10:name>mapbutcher@mapbutcher.com</a10:name></a10:contributor><georss:where><gml:point><gml:pos>40.2828599520001 -124.80118585</gml:pos></gml:point></georss:where></item><item><guid isPermaLink="false">38811269-3c68-42d5-81de-aee26ad53a4a</guid><a10:author><a10:name>Simon Hope</a10:name></a10:author><title /><description /><pubDate>Tue, 01 May 2012 21:57:33 +1000</pubDate><a10:link href="http://www.mapbutcher.com/" /><a10:rights type="text">Copyright 2011</a10:rights><a10:content type="text"></a10:content><a10:contributor><a10:name>mapbutcher@mapbutcher.com</a10:name></a10:contributor><georss:where><gml:point><gml:pos>33.100036677 -115.400817829</gml:pos></gml:point></georss:where></item><item><guid isPermaLink="false">9d33ec77-93df-48a4-b9bc-3d603f617cb0</guid><a10:author><a10:name>Simon Hope</a10:name></a10:author><title /><description /><pubDate>Tue, 01 May 2012 21:57:33 +1000</pubDate><a10:link href="http://www.mapbutcher.com/" /><a10:rights type="text">Copyright 2011</a10:rights><a10:content type="text"></a10:content><a10:contributor><a10:name>mapbutcher@mapbutcher.com</a10:name></a10:contributor><georss:where><gml:point><gml:pos>34.9999697440001 -118.833930916</gml:pos></gml:point></georss:where></item><item><guid isPermaLink="false">05a6e855-dce5-44ea-9ceb-fe4be61b8402</guid><a10:author><a10:name>Simon Hope</a10:name></a10:author><title /><description /><pubDate>Tue, 01 May 2012 21:57:33 +1000</pubDate><a10:link href="http://www.mapbutcher.com/" /><a10:rights type="text">Copyright 2011</a10:rights><a10:content type="text"></a10:content><a10:contributor><a10:name>mapbutcher@mapbutcher.com</a10:name></a10:contributor><georss:where><gml:point><gml:pos>35.216961129 -118.817931876</gml:pos></gml:point></georss:where></item><item><guid isPermaLink="false">37e750dc-9daf-4568-80d4-d8130762c80b</guid><a10:author><a10:name>Simon Hope</a10:name></a10:author><title /><description /><pubDate>Tue, 01 May 2012 21:57:33 +1000</pubDate><a10:link href="http://www.mapbutcher.com/" /><a10:rights type="text">Copyright 2011</a10:rights><a10:content type="text"></a10:content><a10:contributor><a10:name>mapbutcher@mapbutcher.com</a10:name></a10:contributor><georss:where><gml:point><gml:pos>35.38295722 -118.850929347</gml:pos></gml:point></georss:where></item><item><guid isPermaLink="false">98a4fd89-1a4f-48ee-96c3-86bd6949a48f</guid><a10:author><a10:name>Simon Hope</a10:name></a10:author><title /><description /><pubDate>Tue, 01 May 2012 21:57:33 +1000</pubDate><a10:link href="http://www.mapbutcher.com/" /><a10:rights type="text">Copyright 2011</a10:rights><a10:content type="text"></a10:content><a10:contributor><a10:name>mapbutcher@mapbutcher.com</a10:name></a10:contributor><georss:where><gml:point><gml:pos>40.1998595690001 -124.418159238</gml:pos></gml:point></georss:where></item><item><guid isPermaLink="false">2882394c-c443-4524-876c-24d0e7fe40e3</guid><a10:author><a10:name>Simon Hope</a10:name></a10:author><title /><description /><pubDate>Tue, 01 May 2012 21:57:33 +1000</pubDate><a10:link href="http://www.mapbutcher.com/" /><a10:rights type="text">Copyright 2011</a10:rights><a10:content type="text"></a10:content><a10:contributor><a10:name>mapbutcher@mapbutcher.com</a10:name></a10:contributor><georss:where><gml:point><gml:pos>35.7679709350001 -121.14602659</gml:pos></gml:point></georss:where></item><item><guid isPermaLink="false">b812a755-8896-4a7f-aa69-172f036cb9d3</guid><a10:author><a10:name>Simon Hope</a10:name></a10:author><title /><description /><pubDate>Tue, 01 May 2012 21:57:33 +1000</pubDate><a10:link href="http://www.mapbutcher.com/" /><a10:rights type="text">Copyright 2011</a10:rights><a10:content type="text"></a10:content><a10:contributor><a10:name>mapbutcher@mapbutcher.com</a10:name></a10:contributor><georss:where><gml:point><gml:pos>32.950050139 -115.717834313</gml:pos></gml:point></georss:where></item><item><guid isPermaLink="false">4455068b-4570-49f5-aec6-fdb1374cbd06</guid><a10:author><a10:name>Simon Hope</a10:name></a10:author><title /><description /><pubDate>Tue, 01 May 2012 21:57:33 +1000</pubDate><a10:link href="http://www.mapbutcher.com/" /><a10:rights type="text">Copyright 2011</a10:rights><a10:content type="text"></a10:content><a10:contributor><a10:name>mapbutcher@mapbutcher.com</a10:name></a10:contributor><georss:where><gml:point><gml:pos>34.9999697440001 -119.017936513</gml:pos></gml:point></georss:where></item><item><guid isPermaLink="false">d531272d-adc9-48c9-b86c-5d19a2dec279</guid><a10:author><a10:name>Simon Hope</a10:name></a10:author><title /><description /><pubDate>Tue, 01 May 2012 21:57:33 +1000</pubDate><a10:link href="http://www.mapbutcher.com/" /><a10:rights type="text">Copyright 2011</a10:rights><a10:content type="text"></a10:content><a10:contributor><a10:name>mapbutcher@mapbutcher.com</a10:name></a10:contributor><georss:where><gml:point><gml:pos>40.7828481780001 -124.168174471</gml:pos></gml:point></georss:where></item><item><guid isPermaLink="false">82f511ec-5743-499e-a712-414580ae3192</guid><a10:author><a10:name>Simon Hope</a10:name></a10:author><title /><description /><pubDate>Tue, 01 May 2012 21:57:33 +1000</pubDate><a10:link href="http://www.mapbutcher.com/" /><a10:rights type="text">Copyright 2011</a10:rights><a10:content type="text"></a10:content><a10:contributor><a10:name>mapbutcher@mapbutcher.com</a10:name></a10:contributor><georss:where><gml:point><gml:pos>37.3669397100001 -121.784057712</gml:pos></gml:point></georss:where></item><item><guid isPermaLink="false">91072904-a54f-4ef8-a1f8-97a73b71a601</guid><a10:author><a10:name>Simon Hope</a10:name></a10:author><title /><description /><pubDate>Tue, 01 May 2012 21:57:33 +1000</pubDate><a10:link href="http://www.mapbutcher.com/" /><a10:rights type="text">Copyright 2011</a10:rights><a10:content type="text"></a10:content><a10:contributor><a10:name>mapbutcher@mapbutcher.com</a10:name></a10:contributor><georss:where><gml:point><gml:pos>37.9669226620001 -122.051078877</gml:pos></gml:point></georss:where></item><item><guid isPermaLink="false">338b5873-8d59-4293-966a-5821bb581f56</guid><a10:author><a10:name>Simon Hope</a10:name></a10:author><title /><description /><pubDate>Tue, 01 May 2012 21:57:33 +1000</pubDate><a10:link href="http://www.mapbutcher.com/" /><a10:rights type="text">Copyright 2011</a10:rights><a10:content type="text"></a10:content><a10:contributor><a10:name>mapbutcher@mapbutcher.com</a10:name></a10:contributor><georss:where><gml:point><gml:pos>33.0000419520001 -115.500824236</gml:pos></gml:point></georss:where></item><item><guid isPermaLink="false">adb2ae4e-df8a-4cce-a51a-6e1d46cb0f58</guid><a10:author><a10:name>Simon Hope</a10:name></a10:author><title /><description /><pubDate>Tue, 01 May 2012 21:57:33 +1000</pubDate><a10:link href="http://www.mapbutcher.com/" /><a10:rights type="text">Copyright 2011</a10:rights><a10:content type="text"></a10:content><a10:contributor><a10:name>mapbutcher@mapbutcher.com</a10:name></a10:contributor><georss:where><gml:point><gml:pos>37.666934983 -122.484085037</gml:pos></gml:point></georss:where></item><item><guid isPermaLink="false">5006ef7a-6594-4eaf-8ec2-77eac85f1dec</guid><a10:author><a10:name>Simon Hope</a10:name></a10:author><title /><description /><pubDate>Tue, 01 May 2012 21:57:33 +1000</pubDate><a10:link href="http://www.mapbutcher.com/" /><a10:rights type="text">Copyright 2011</a10:rights><a10:content type="text"></a10:content><a10:contributor><a10:name>mapbutcher@mapbutcher.com</a10:name></a10:contributor><georss:where><gml:point><gml:pos>33.217040931 -115.808830418</gml:pos></gml:point></georss:where></item><item><guid isPermaLink="false">dba5eb43-cd24-4430-a302-0bd72ac9b422</guid><a10:author><a10:name>Simon Hope</a10:name></a10:author><title /><description /><pubDate>Tue, 01 May 2012 21:57:33 +1000</pubDate><a10:link href="http://www.mapbutcher.com/" /><a10:rights type="text">Copyright 2011</a10:rights><a10:content type="text"></a10:content><a10:contributor><a10:name>mapbutcher@mapbutcher.com</a10:name></a10:contributor><georss:where><gml:point><gml:pos>39.716903652 -120.201034823</gml:pos></gml:point></georss:where></item><item><guid isPermaLink="false">60f95ccc-6998-4047-be56-9999e3ac8ca7</guid><a10:author><a10:name>Simon Hope</a10:name></a10:author><title /><description /><pubDate>Tue, 01 May 2012 21:57:33 +1000</pubDate><a10:link href="http://www.mapbutcher.com/" /><a10:rights type="text">Copyright 2011</a10:rights><a10:content type="text"></a10:content><a10:contributor><a10:name>mapbutcher@mapbutcher.com</a10:name></a10:contributor><georss:where><gml:point><gml:pos>36.682960488 -121.301048056</gml:pos></gml:point></georss:where></item><item><guid isPermaLink="false">755da7ed-1c7e-4e80-be31-bb489459fad6</guid><a10:author><a10:name>Simon Hope</a10:name></a10:author><title /><description /><pubDate>Tue, 01 May 2012 21:57:33 +1000</pubDate><a10:link href="http://www.mapbutcher.com/" /><a10:rights type="text">Copyright 2011</a10:rights><a10:content type="text"></a10:content><a10:contributor><a10:name>mapbutcher@mapbutcher.com</a10:name></a10:contributor><georss:where><gml:point><gml:pos>36.682960488 -121.301048056</gml:pos></gml:point></georss:where></item><item><guid isPermaLink="false">8a1c4be2-7b4e-4c71-8143-460718123a42</guid><a10:author><a10:name>Simon Hope</a10:name></a10:author><title /><description /><pubDate>Tue, 01 May 2012 21:57:33 +1000</pubDate><a10:link href="http://www.mapbutcher.com/" /><a10:rights type="text">Copyright 2011</a10:rights><a10:content type="text"></a10:content><a10:contributor><a10:name>mapbutcher@mapbutcher.com</a10:name></a10:contributor><georss:where><gml:point><gml:pos>39.115894439 -123.098113802</gml:pos></gml:point></georss:where></item><item><guid isPermaLink="false">bb18d0e8-08ce-40f3-82a9-b29acf3e95f8</guid><a10:author><a10:name>Simon Hope</a10:name></a10:author><title /><description /><pubDate>Tue, 01 May 2012 21:57:33 +1000</pubDate><a10:link href="http://www.mapbutcher.com/" /><a10:rights type="text">Copyright 2011</a10:rights><a10:content type="text"></a10:content><a10:contributor><a10:name>mapbutcher@mapbutcher.com</a10:name></a10:contributor><georss:where><gml:point><gml:pos>36.889953862 -121.598052746</gml:pos></gml:point></georss:where></item><item><guid isPermaLink="false">86a00a32-5ef9-4f41-b912-0b72fdcbd6ab</guid><a10:author><a10:name>Simon Hope</a10:name></a10:author><title /><description /><pubDate>Tue, 01 May 2012 21:57:33 +1000</pubDate><a10:link href="http://www.mapbutcher.com/" /><a10:rights type="text">Copyright 2011</a10:rights><a10:content type="text"></a10:content><a10:contributor><a10:name>mapbutcher@mapbutcher.com</a10:name></a10:contributor><georss:where><gml:point><gml:pos>37.054947057 -121.693061606</gml:pos></gml:point></georss:where></item><item><guid isPermaLink="false">d8181ff0-7b90-4b08-b0c7-b520fae43857</guid><a10:author><a10:name>Simon Hope</a10:name></a10:author><title /><description /><pubDate>Tue, 01 May 2012 21:57:33 +1000</pubDate><a10:link href="http://www.mapbutcher.com/" /><a10:rights type="text">Copyright 2011</a10:rights><a10:content type="text"></a10:content><a10:contributor><a10:name>mapbutcher@mapbutcher.com</a10:name></a10:contributor><georss:where><gml:point><gml:pos>34.71299344 -116.503860197</gml:pos></gml:point></georss:where></item><item><guid isPermaLink="false">575b9dca-f740-4f6a-93ba-a2054285d536</guid><a10:author><a10:name>Simon Hope</a10:name></a10:author><title /><description /><pubDate>Tue, 01 May 2012 21:57:33 +1000</pubDate><a10:link href="http://www.mapbutcher.com/" /><a10:rights type="text">Copyright 2011</a10:rights><a10:content type="text"></a10:content><a10:contributor><a10:name>mapbutcher@mapbutcher.com</a10:name></a10:contributor><georss:where><gml:point><gml:pos>35.954963612 -120.498992761</gml:pos></gml:point></georss:where></item><item><guid isPermaLink="false">6490498f-e119-47ce-84cd-b6454e75e84a</guid><a10:author><a10:name>Simon Hope</a10:name></a10:author><title /><description /><pubDate>Tue, 01 May 2012 21:57:33 +1000</pubDate><a10:link href="http://www.mapbutcher.com/" /><a10:rights type="text">Copyright 2011</a10:rights><a10:content type="text"></a10:content><a10:contributor><a10:name>mapbutcher@mapbutcher.com</a10:name></a10:contributor><georss:where><gml:point><gml:pos>39.4379078850001 -120.161041022</gml:pos></gml:point></georss:where></item><item><guid isPermaLink="false">d17f4370-4897-4b8e-a55f-35030646ab54</guid><a10:author><a10:name>Simon Hope</a10:name></a10:author><title /><description /><pubDate>Tue, 01 May 2012 21:57:33 +1000</pubDate><a10:link href="http://www.mapbutcher.com/" /><a10:rights type="text">Copyright 2011</a10:rights><a10:content type="text"></a10:content><a10:contributor><a10:name>mapbutcher@mapbutcher.com</a10:name></a10:contributor><georss:where><gml:point><gml:pos>33.1900403990001 -116.128837485</gml:pos></gml:point></georss:where></item><item><guid isPermaLink="false">be3aba47-de54-486f-927b-be442ff3c7ee</guid><a10:author><a10:name>Simon Hope</a10:name></a10:author><title /><description /><pubDate>Tue, 01 May 2012 21:57:33 +1000</pubDate><a10:link href="http://www.mapbutcher.com/" /><a10:rights type="text">Copyright 2011</a10:rights><a10:content type="text"></a10:content><a10:contributor><a10:name>mapbutcher@mapbutcher.com</a10:name></a10:contributor><georss:where><gml:point><gml:pos>38.476913574 -122.726096861</gml:pos></gml:point></georss:where></item><item><guid isPermaLink="false">56e34d95-0f84-4344-a4bb-1f0212ff674d</guid><a10:author><a10:name>Simon Hope</a10:name></a10:author><title /><description /><pubDate>Tue, 01 May 2012 21:57:33 +1000</pubDate><a10:link href="http://www.mapbutcher.com/" /><a10:rights type="text">Copyright 2011</a10:rights><a10:content type="text"></a10:content><a10:contributor><a10:name>mapbutcher@mapbutcher.com</a10:name></a10:contributor><georss:where><gml:point><gml:pos>40.2898556980001 -124.671173141</gml:pos></gml:point></georss:where></item><item><guid isPermaLink="false">65111c6d-568c-4f35-b585-88d8599f546f</guid><a10:author><a10:name>Simon Hope</a10:name></a10:author><title /><description /><pubDate>Tue, 01 May 2012 21:57:33 +1000</pubDate><a10:link href="http://www.mapbutcher.com/" /><a10:rights type="text">Copyright 2011</a10:rights><a10:content type="text"></a10:content><a10:contributor><a10:name>mapbutcher@mapbutcher.com</a10:name></a10:contributor><georss:where><gml:point><gml:pos>33.3430327070001 -116.347846931</gml:pos></gml:point></georss:where></item><item><guid isPermaLink="false">d1c8ba00-e58d-4c71-b518-3daa066c17d0</guid><a10:author><a10:name>Simon Hope</a10:name></a10:author><title /><description /><pubDate>Tue, 01 May 2012 21:57:33 +1000</pubDate><a10:link href="http://www.mapbutcher.com/" /><a10:rights type="text">Copyright 2011</a10:rights><a10:content type="text"></a10:content><a10:contributor><a10:name>mapbutcher@mapbutcher.com</a10:name></a10:contributor><georss:where><gml:point><gml:pos>34.270004455 -117.540886013</gml:pos></gml:point></georss:where></item><item><guid isPermaLink="false">d1554f04-ea6f-40c8-ab71-507afb9a1ada</guid><a10:author><a10:name>Simon Hope</a10:name></a10:author><title /><description /><pubDate>Tue, 01 May 2012 21:57:33 +1000</pubDate><a10:link href="http://www.mapbutcher.com/" /><a10:rights type="text">Copyright 2011</a10:rights><a10:content type="text"></a10:content><a10:contributor><a10:name>mapbutcher@mapbutcher.com</a10:name></a10:contributor><georss:where><gml:point><gml:pos>34.2850000130001 -118.51591504</gml:pos></gml:point></georss:where></item><item><guid isPermaLink="false">44648d87-7b6c-4b81-8d3d-2debb4d2fcb5</guid><a10:author><a10:name>Simon Hope</a10:name></a10:author><title /><description /><pubDate>Tue, 01 May 2012 21:57:33 +1000</pubDate><a10:link href="http://www.mapbutcher.com/" /><a10:rights type="text">Copyright 2011</a10:rights><a10:content type="text"></a10:content><a10:contributor><a10:name>mapbutcher@mapbutcher.com</a10:name></a10:contributor><georss:where><gml:point><gml:pos>34.0990067290001 -119.03993249</gml:pos></gml:point></georss:where></item><item><guid isPermaLink="false">11e28c45-856a-4003-ae88-6364d2d7839b</guid><a10:author><a10:name>Simon Hope</a10:name></a10:author><title /><description /><pubDate>Tue, 01 May 2012 21:57:33 +1000</pubDate><a10:link href="http://www.mapbutcher.com/" /><a10:rights type="text">Copyright 2011</a10:rights><a10:content type="text"></a10:content><a10:contributor><a10:name>mapbutcher@mapbutcher.com</a10:name></a10:contributor><georss:where><gml:point><gml:pos>34.516994551 -116.490852326</gml:pos></gml:point></georss:where></item><item><guid isPermaLink="false">05976bc2-526e-4c35-be57-b65940b4ccd3</guid><a10:author><a10:name>Simon Hope</a10:name></a10:author><title /><description /><pubDate>Tue, 01 May 2012 21:57:33 +1000</pubDate><a10:link href="http://www.mapbutcher.com/" /><a10:rights type="text">Copyright 2011</a10:rights><a10:content type="text"></a10:content><a10:contributor><a10:name>mapbutcher@mapbutcher.com</a10:name></a10:contributor><georss:where><gml:point><gml:pos>40.537849275 -124.288169893</gml:pos></gml:point></georss:where></item><item><guid isPermaLink="false">35f3a897-aaed-4e9e-b534-04cb0d5e250d</guid><a10:author><a10:name>Simon Hope</a10:name></a10:author><title /><description /><pubDate>Tue, 01 May 2012 21:57:33 +1000</pubDate><a10:link href="http://www.mapbutcher.com/" /><a10:rights type="text">Copyright 2011</a10:rights><a10:content type="text"></a10:content><a10:contributor><a10:name>mapbutcher@mapbutcher.com</a10:name></a10:contributor><georss:where><gml:point><gml:pos>39.4028853450001 -123.274124261</gml:pos></gml:point></georss:where></item><item><guid isPermaLink="false">ef9860a2-ccc1-400d-9dcb-513b4d742198</guid><a10:author><a10:name>Simon Hope</a10:name></a10:author><title /><description /><pubDate>Tue, 01 May 2012 21:57:33 +1000</pubDate><a10:link href="http://www.mapbutcher.com/" /><a10:rights type="text">Copyright 2011</a10:rights><a10:content type="text"></a10:content><a10:contributor><a10:name>mapbutcher@mapbutcher.com</a10:name></a10:contributor><georss:where><gml:point><gml:pos>34.3969956240001 -119.682968166</gml:pos></gml:point></georss:where></item><item><guid isPermaLink="false">5df569aa-5e82-4d69-b261-3dc532856dcc</guid><a10:author><a10:name>Simon Hope</a10:name></a10:author><title /><description /><pubDate>Tue, 01 May 2012 21:57:33 +1000</pubDate><a10:link href="http://www.mapbutcher.com/" /><a10:rights type="text">Copyright 2011</a10:rights><a10:content type="text"></a10:content><a10:contributor><a10:name>mapbutcher@mapbutcher.com</a10:name></a10:contributor><georss:where><gml:point><gml:pos>40.9228437140001 -124.419181995</gml:pos></gml:point></georss:where></item><item><guid isPermaLink="false">d1b424c3-5b29-4be0-ab8c-751851985ca5</guid><a10:author><a10:name>Simon Hope</a10:name></a10:author><title /><description /><pubDate>Tue, 01 May 2012 21:57:33 +1000</pubDate><a10:link href="http://www.mapbutcher.com/" /><a10:rights type="text">Copyright 2011</a10:rights><a10:content type="text"></a10:content><a10:contributor><a10:name>mapbutcher@mapbutcher.com</a10:name></a10:contributor><georss:where><gml:point><gml:pos>34.325000824 -116.444846984</gml:pos></gml:point></georss:where></item><item><guid isPermaLink="false">f852cc53-2810-4979-a4cc-366115bc3dd0</guid><a10:author><a10:name>Simon Hope</a10:name></a10:author><title /><description /><pubDate>Tue, 01 May 2012 21:57:33 +1000</pubDate><a10:link href="http://www.mapbutcher.com/" /><a10:rights type="text">Copyright 2011</a10:rights><a10:content type="text"></a10:content><a10:contributor><a10:name>mapbutcher@mapbutcher.com</a10:name></a10:contributor><georss:where><gml:point><gml:pos>37.1019441970001 -121.504051454</gml:pos></gml:point></georss:where></item><item><guid isPermaLink="false">c482e8f8-3767-4297-8941-07811defe121</guid><a10:author><a10:name>Simon Hope</a10:name></a10:author><title /><description /><pubDate>Tue, 01 May 2012 21:57:33 +1000</pubDate><a10:link href="http://www.mapbutcher.com/" /><a10:rights type="text">Copyright 2011</a10:rights><a10:content type="text"></a10:content><a10:contributor><a10:name>mapbutcher@mapbutcher.com</a10:name></a10:contributor><georss:where><gml:point><gml:pos>37.854922963 -121.817069785</gml:pos></gml:point></georss:where></item><item><guid isPermaLink="false">aa66be4f-a481-4c12-9fed-f88ccb23d770</guid><a10:author><a10:name>Simon Hope</a10:name></a10:author><title /><description /><pubDate>Tue, 01 May 2012 21:57:33 +1000</pubDate><a10:link href="http://www.mapbutcher.com/" /><a10:rights type="text">Copyright 2011</a10:rights><a10:content type="text"></a10:content><a10:contributor><a10:name>mapbutcher@mapbutcher.com</a10:name></a10:contributor><georss:where><gml:point><gml:pos>37.7369269100001 -121.74105814</gml:pos></gml:point></georss:where></item><item><guid isPermaLink="false">c943e171-b9c8-429b-9ff8-e1a825b5c630</guid><a10:author><a10:name>Simon Hope</a10:name></a10:author><title /><description /><pubDate>Tue, 01 May 2012 21:57:33 +1000</pubDate><a10:link href="http://www.mapbutcher.com/" /><a10:rights type="text">Copyright 2011</a10:rights><a10:content type="text"></a10:content><a10:contributor><a10:name>mapbutcher@mapbutcher.com</a10:name></a10:contributor><georss:where><gml:point><gml:pos>37.589935043 -118.847961543</gml:pos></gml:point></georss:where></item><item><guid isPermaLink="false">5a8a8486-aee5-434e-ab95-97eefe6b5624</guid><a10:author><a10:name>Simon Hope</a10:name></a10:author><title /><description /><pubDate>Tue, 01 May 2012 21:57:33 +1000</pubDate><a10:link href="http://www.mapbutcher.com/" /><a10:rights type="text">Copyright 2011</a10:rights><a10:content type="text"></a10:content><a10:contributor><a10:name>mapbutcher@mapbutcher.com</a10:name></a10:contributor><georss:where><gml:point><gml:pos>37.5449331820001 -118.842963997</gml:pos></gml:point></georss:where></item><item><guid isPermaLink="false">cf67ef76-74b8-4fe7-9611-c1449ea0219c</guid><a10:author><a10:name>Simon Hope</a10:name></a10:author><title /><description /><pubDate>Tue, 01 May 2012 21:57:33 +1000</pubDate><a10:link href="http://www.mapbutcher.com/" /><a10:rights type="text">Copyright 2011</a10:rights><a10:content type="text"></a10:content><a10:contributor><a10:name>mapbutcher@mapbutcher.com</a10:name></a10:contributor><georss:where><gml:point><gml:pos>41.1168444030001 -124.254180623</gml:pos></gml:point></georss:where></item><item><guid isPermaLink="false">41cb6798-3cff-464e-9f54-33c04427d612</guid><a10:author><a10:name>Simon Hope</a10:name></a10:author><title /><description /><pubDate>Tue, 01 May 2012 21:57:33 +1000</pubDate><a10:link href="http://www.mapbutcher.com/" /><a10:rights type="text">Copyright 2011</a10:rights><a10:content type="text"></a10:content><a10:contributor><a10:name>mapbutcher@mapbutcher.com</a10:name></a10:contributor><georss:where><gml:point><gml:pos>33.098041396 -115.618820289</gml:pos></gml:point></georss:where></item><item><guid isPermaLink="false">768f90d9-52f6-40f0-b184-505988bfdb6c</guid><a10:author><a10:name>Simon Hope</a10:name></a10:author><title /><description /><pubDate>Tue, 01 May 2012 21:57:33 +1000</pubDate><a10:link href="http://www.mapbutcher.com/" /><a10:rights type="text">Copyright 2011</a10:rights><a10:content type="text"></a10:content><a10:contributor><a10:name>mapbutcher@mapbutcher.com</a10:name></a10:contributor><georss:where><gml:point><gml:pos>36.8099592510001 -121.276039299</gml:pos></gml:point></georss:where></item><item><guid isPermaLink="false">d5ccc2d9-78b3-40d9-ab94-237d2129be6f</guid><a10:author><a10:name>Simon Hope</a10:name></a10:author><title /><description /><pubDate>Tue, 01 May 2012 21:57:33 +1000</pubDate><a10:link href="http://www.mapbutcher.com/" /><a10:rights type="text">Copyright 2011</a10:rights><a10:content type="text"></a10:content><a10:contributor><a10:name>mapbutcher@mapbutcher.com</a10:name></a10:contributor><georss:where><gml:point><gml:pos>33.9990120040001 -116.606849595</gml:pos></gml:point></georss:where></item><item><guid isPermaLink="false">d341a200-301b-4aab-a4b1-46fc8476964f</guid><a10:author><a10:name>Simon Hope</a10:name></a10:author><title /><description /><pubDate>Tue, 01 May 2012 21:57:33 +1000</pubDate><a10:link href="http://www.mapbutcher.com/" /><a10:rights type="text">Copyright 2011</a10:rights><a10:content type="text"></a10:content><a10:contributor><a10:name>mapbutcher@mapbutcher.com</a10:name></a10:contributor><georss:where><gml:point><gml:pos>40.371856688 -124.444167972</gml:pos></gml:point></georss:where></item><item><guid isPermaLink="false">c3738653-1881-425e-925f-e1f59c559c91</guid><a10:author><a10:name>Simon Hope</a10:name></a10:author><title /><description /><pubDate>Tue, 01 May 2012 21:57:33 +1000</pubDate><a10:link href="http://www.mapbutcher.com/" /><a10:rights type="text">Copyright 2011</a10:rights><a10:content type="text"></a10:content><a10:contributor><a10:name>mapbutcher@mapbutcher.com</a10:name></a10:contributor><georss:where><gml:point><gml:pos>34.074012575 -118.098899742</gml:pos></gml:point></georss:where></item><item><guid isPermaLink="false">384c38f5-9bb7-4327-be5c-2e66e934a90c</guid><a10:author><a10:name>Simon Hope</a10:name></a10:author><title /><description /><pubDate>Tue, 01 May 2012 21:57:33 +1000</pubDate><a10:link href="http://www.mapbutcher.com/" /><a10:rights type="text">Copyright 2011</a10:rights><a10:content type="text"></a10:content><a10:contributor><a10:name>mapbutcher@mapbutcher.com</a10:name></a10:contributor><georss:where><gml:point><gml:pos>33.0130498230001 -115.83883672</gml:pos></gml:point></georss:where></item><item><guid isPermaLink="false">c7bcfcbb-4c6f-4f82-b9e5-d339af18a75c</guid><a10:author><a10:name>Simon Hope</a10:name></a10:author><title /><description /><pubDate>Tue, 01 May 2012 21:57:33 +1000</pubDate><a10:link href="http://www.mapbutcher.com/" /><a10:rights type="text">Copyright 2011</a10:rights><a10:content type="text"></a10:content><a10:contributor><a10:name>mapbutcher@mapbutcher.com</a10:name></a10:contributor><georss:where><gml:point><gml:pos>37.129947627 -121.95307184</gml:pos></gml:point></georss:where></item><item><guid isPermaLink="false">94ed17b9-d3e8-4754-9a8f-e3db956f5dc6</guid><a10:author><a10:name>Simon Hope</a10:name></a10:author><title /><description /><pubDate>Tue, 01 May 2012 21:57:33 +1000</pubDate><a10:link href="http://www.mapbutcher.com/" /><a10:rights type="text">Copyright 2011</a10:rights><a10:content type="text"></a10:content><a10:contributor><a10:name>mapbutcher@mapbutcher.com</a10:name></a10:contributor><georss:where><gml:point><gml:pos>40.7408485830001 -124.311172271</gml:pos></gml:point></georss:where></item><item><guid isPermaLink="false">c4c985c9-bfa3-42c5-b370-adb7711604cb</guid><a10:author><a10:name>Simon Hope</a10:name></a10:author><title /><description /><pubDate>Tue, 01 May 2012 21:57:33 +1000</pubDate><a10:link href="http://www.mapbutcher.com/" /><a10:rights type="text">Copyright 2011</a10:rights><a10:content type="text"></a10:content><a10:contributor><a10:name>mapbutcher@mapbutcher.com</a10:name></a10:contributor><georss:where><gml:point><gml:pos>43.4998204170001 -128.001373347</gml:pos></gml:point></georss:where></item><item><guid isPermaLink="false">42e4a614-8f9e-4206-842e-8d7f77502882</guid><a10:author><a10:name>Simon Hope</a10:name></a10:author><title /><description /><pubDate>Tue, 01 May 2012 21:57:33 +1000</pubDate><a10:link href="http://www.mapbutcher.com/" /><a10:rights type="text">Copyright 2011</a10:rights><a10:content type="text"></a10:content><a10:contributor><a10:name>mapbutcher@mapbutcher.com</a10:name></a10:contributor><georss:where><gml:point><gml:pos>40.7408485830001 -124.311172271</gml:pos></gml:point></georss:where></item><item><guid isPermaLink="false">bf3bed06-fe54-4166-a0e7-1bdd3093b261</guid><a10:author><a10:name>Simon Hope</a10:name></a10:author><title /><description /><pubDate>Tue, 01 May 2012 21:57:33 +1000</pubDate><a10:link href="http://www.mapbutcher.com/" /><a10:rights type="text">Copyright 2011</a10:rights><a10:content type="text"></a10:content><a10:contributor><a10:name>mapbutcher@mapbutcher.com</a10:name></a10:contributor><georss:where><gml:point><gml:pos>40.2318611520001 -124.139152374</gml:pos></gml:point></georss:where></item><item><guid isPermaLink="false">17f7251c-8026-4163-8217-c807c18814fe</guid><a10:author><a10:name>Simon Hope</a10:name></a10:author><title /><description /><pubDate>Tue, 01 May 2012 21:57:33 +1000</pubDate><a10:link href="http://www.mapbutcher.com/" /><a10:rights type="text">Copyright 2011</a10:rights><a10:content type="text"></a10:content><a10:contributor><a10:name>mapbutcher@mapbutcher.com</a10:name></a10:contributor><georss:where><gml:point><gml:pos>34.1400069320001 -117.700889838</gml:pos></gml:point></georss:where></item><item><guid isPermaLink="false">b16a0b44-8ea0-418f-add3-7fbe61242e0e</guid><a10:author><a10:name>Simon Hope</a10:name></a10:author><title /><description /><pubDate>Tue, 01 May 2012 21:57:33 +1000</pubDate><a10:link href="http://www.mapbutcher.com/" /><a10:rights type="text">Copyright 2011</a10:rights><a10:content type="text"></a10:content><a10:contributor><a10:name>mapbutcher@mapbutcher.com</a10:name></a10:contributor><georss:where><gml:point><gml:pos>34.2620046430001 -118.002899082</gml:pos></gml:point></georss:where></item><item><guid isPermaLink="false">a7c3af73-ed22-4799-bfcd-63f2c4294fbb</guid><a10:author><a10:name>Simon Hope</a10:name></a10:author><title /><description /><pubDate>Tue, 01 May 2012 21:57:33 +1000</pubDate><a10:link href="http://www.mapbutcher.com/" /><a10:rights type="text">Copyright 2011</a10:rights><a10:content type="text"></a10:content><a10:contributor><a10:name>mapbutcher@mapbutcher.com</a10:name></a10:contributor><georss:where><gml:point><gml:pos>40.2348593290001 -124.349159111</gml:pos></gml:point></georss:where></item><item><guid isPermaLink="false">735a97f5-e895-45eb-9ddc-708ad0c46665</guid><a10:author><a10:name>Simon Hope</a10:name></a10:author><title /><description /><pubDate>Tue, 01 May 2012 21:57:33 +1000</pubDate><a10:link href="http://www.mapbutcher.com/" /><a10:rights type="text">Copyright 2011</a10:rights><a10:content type="text"></a10:content><a10:contributor><a10:name>mapbutcher@mapbutcher.com</a10:name></a10:contributor><georss:where><gml:point><gml:pos>33.961009979 -116.318840021</gml:pos></gml:point></georss:where></item><item><guid isPermaLink="false">7f825d47-e0ba-463a-a607-0383c570f1f6</guid><a10:author><a10:name>Simon Hope</a10:name></a10:author><title /><description /><pubDate>Tue, 01 May 2012 21:57:33 +1000</pubDate><a10:link href="http://www.mapbutcher.com/" /><a10:rights type="text">Copyright 2011</a10:rights><a10:content type="text"></a10:content><a10:contributor><a10:name>mapbutcher@mapbutcher.com</a10:name></a10:contributor><georss:where><gml:point><gml:pos>39.249908222 -120.001022593</gml:pos></gml:point></georss:where></item><item><guid isPermaLink="false">a70fb976-1935-4e64-82fc-dc527eb2b92b</guid><a10:author><a10:name>Simon Hope</a10:name></a10:author><title /><description /><pubDate>Tue, 01 May 2012 21:57:33 +1000</pubDate><a10:link href="http://www.mapbutcher.com/" /><a10:rights type="text">Copyright 2011</a10:rights><a10:content type="text"></a10:content><a10:contributor><a10:name>mapbutcher@mapbutcher.com</a10:name></a10:contributor><georss:where><gml:point><gml:pos>38.2499200870001 -118.930977111</gml:pos></gml:point></georss:where></item><item><guid isPermaLink="false">e81de3ec-902a-4600-98e0-7c00ae7df596</guid><a10:author><a10:name>Simon Hope</a10:name></a10:author><title /><description /><pubDate>Tue, 01 May 2012 21:57:33 +1000</pubDate><a10:link href="http://www.mapbutcher.com/" /><a10:rights type="text">Copyright 2011</a10:rights><a10:content type="text"></a10:content><a10:contributor><a10:name>mapbutcher@mapbutcher.com</a10:name></a10:contributor><georss:where><gml:point><gml:pos>38.279914708 -118.970977922</gml:pos></gml:point></georss:where></item><item><guid isPermaLink="false">98c8bf77-0fba-44f3-8b8a-39aed855a13c</guid><a10:author><a10:name>Simon Hope</a10:name></a10:author><title /><description /><pubDate>Tue, 01 May 2012 21:57:33 +1000</pubDate><a10:link href="http://www.mapbutcher.com/" /><a10:rights type="text">Copyright 2011</a10:rights><a10:content type="text"></a10:content><a10:contributor><a10:name>mapbutcher@mapbutcher.com</a10:name></a10:contributor><georss:where><gml:point><gml:pos>35.8279648500001 -121.324035833</gml:pos></gml:point></georss:where></item><item><guid isPermaLink="false">cbdd2627-5d87-467d-86c4-564414dd278f</guid><a10:author><a10:name>Simon Hope</a10:name></a10:author><title /><description /><pubDate>Tue, 01 May 2012 21:57:33 +1000</pubDate><a10:link href="http://www.mapbutcher.com/" /><a10:rights type="text">Copyright 2011</a10:rights><a10:content type="text"></a10:content><a10:contributor><a10:name>mapbutcher@mapbutcher.com</a10:name></a10:contributor><georss:where><gml:point><gml:pos>40.227859494 -124.291160477</gml:pos></gml:point></georss:where></item><item><guid isPermaLink="false">f754022d-59dd-45b7-9758-322592799600</guid><a10:author><a10:name>Simon Hope</a10:name></a10:author><title /><description /><pubDate>Tue, 01 May 2012 21:57:33 +1000</pubDate><a10:link href="http://www.mapbutcher.com/" /><a10:rights type="text">Copyright 2011</a10:rights><a10:content type="text"></a10:content><a10:contributor><a10:name>mapbutcher@mapbutcher.com</a10:name></a10:contributor><georss:where><gml:point><gml:pos>34.5829924120001 -116.319847006</gml:pos></gml:point></georss:where></item><item><guid isPermaLink="false">6dce5e44-8573-4159-bd67-b1f6c0c165f4</guid><a10:author><a10:name>Simon Hope</a10:name></a10:author><title /><description /><pubDate>Tue, 01 May 2012 21:57:33 +1000</pubDate><a10:link href="http://www.mapbutcher.com/" /><a10:rights type="text">Copyright 2011</a10:rights><a10:content type="text"></a10:content><a10:contributor><a10:name>mapbutcher@mapbutcher.com</a10:name></a10:contributor><georss:where><gml:point><gml:pos>34.2390057690001 -116.837859926</gml:pos></gml:point></georss:where></item><item><guid isPermaLink="false">d0eb6e9a-048f-4e17-8c97-4d6c0acc13ba</guid><a10:author><a10:name>Simon Hope</a10:name></a10:author><title /><description /><pubDate>Tue, 01 May 2012 21:57:33 +1000</pubDate><a10:link href="http://www.mapbutcher.com/" /><a10:rights type="text">Copyright 2011</a10:rights><a10:content type="text"></a10:content><a10:contributor><a10:name>mapbutcher@mapbutcher.com</a10:name></a10:contributor><georss:where><gml:point><gml:pos>34.054008373 -116.387847742</gml:pos></gml:point></georss:where></item><item><guid isPermaLink="false">4422287a-95ac-4419-ad26-7e5150c27678</guid><a10:author><a10:name>Simon Hope</a10:name></a10:author><title /><description /><pubDate>Tue, 01 May 2012 21:57:33 +1000</pubDate><a10:link href="http://www.mapbutcher.com/" /><a10:rights type="text">Copyright 2011</a10:rights><a10:content type="text"></a10:content><a10:contributor><a10:name>mapbutcher@mapbutcher.com</a10:name></a10:contributor><georss:where><gml:point><gml:pos>34.3400039750001 -116.900871293</gml:pos></gml:point></georss:where></item><item><guid isPermaLink="false">e903d0c6-c8ec-4547-b8ca-463c418e225c</guid><a10:author><a10:name>Simon Hope</a10:name></a10:author><title /><description /><pubDate>Tue, 01 May 2012 21:57:33 +1000</pubDate><a10:link href="http://www.mapbutcher.com/" /><a10:rights type="text">Copyright 2011</a10:rights><a10:content type="text"></a10:content><a10:contributor><a10:name>mapbutcher@mapbutcher.com</a10:name></a10:contributor><georss:where><gml:point><gml:pos>39.2999076300001 -120.001022593</gml:pos></gml:point></georss:where></item><item><guid isPermaLink="false">254adce9-5564-4992-933a-424ef879f949</guid><a10:author><a10:name>Simon Hope</a10:name></a10:author><title /><description /><pubDate>Tue, 01 May 2012 21:57:33 +1000</pubDate><a10:link href="http://www.mapbutcher.com/" /><a10:rights type="text">Copyright 2011</a10:rights><a10:content type="text"></a10:content><a10:contributor><a10:name>mapbutcher@mapbutcher.com</a10:name></a10:contributor><georss:where><gml:point><gml:pos>38.9999082680001 -120.001015</gml:pos></gml:point></georss:where></item><item><guid isPermaLink="false">6e923561-33d1-4b12-b5a9-c69944904f18</guid><a10:author><a10:name>Simon Hope</a10:name></a10:author><title /><description /><pubDate>Tue, 01 May 2012 21:57:33 +1000</pubDate><a10:link href="http://www.mapbutcher.com/" /><a10:rights type="text">Copyright 2011</a10:rights><a10:content type="text"></a10:content><a10:contributor><a10:name>mapbutcher@mapbutcher.com</a10:name></a10:contributor><georss:where><gml:point><gml:pos>41.2498967610001 -120.001052967</gml:pos></gml:point></georss:where></item><item><guid isPermaLink="false">48e11983-f4fc-49f6-87b3-68c61f11ab64</guid><a10:author><a10:name>Simon Hope</a10:name></a10:author><title /><description /><pubDate>Tue, 01 May 2012 21:57:33 +1000</pubDate><a10:link href="http://www.mapbutcher.com/" /><a10:rights type="text">Copyright 2011</a10:rights><a10:content type="text"></a10:content><a10:contributor><a10:name>mapbutcher@mapbutcher.com</a10:name></a10:contributor><georss:where><gml:point><gml:pos>42.749832236 -126.101272644</gml:pos></gml:point></georss:where></item><item><guid isPermaLink="false">b2d4927f-3027-4fb7-bf2d-777210590225</guid><a10:author><a10:name>Simon Hope</a10:name></a10:author><title /><description /><pubDate>Tue, 01 May 2012 21:57:33 +1000</pubDate><a10:link href="http://www.mapbutcher.com/" /><a10:rights type="text">Copyright 2011</a10:rights><a10:content type="text"></a10:content><a10:contributor><a10:name>mapbutcher@mapbutcher.com</a10:name></a10:contributor><georss:where><gml:point><gml:pos>42.181839186 -125.642250158</gml:pos></gml:point></georss:where></item><item><guid isPermaLink="false">0c290b56-dfff-46ba-8c70-b1de4a2090c7</guid><a10:author><a10:name>Simon Hope</a10:name></a10:author><title /><description /><pubDate>Tue, 01 May 2012 21:57:33 +1000</pubDate><a10:link href="http://www.mapbutcher.com/" /><a10:rights type="text">Copyright 2011</a10:rights><a10:content type="text"></a10:content><a10:contributor><a10:name>mapbutcher@mapbutcher.com</a10:name></a10:contributor><georss:where><gml:point><gml:pos>36.6699485280001 -119.820976015</gml:pos></gml:point></georss:where></item><item><guid isPermaLink="false">895c0e51-50bf-4c80-afb7-35c54d6ded78</guid><a10:author><a10:name>Simon Hope</a10:name></a10:author><title /><description /><pubDate>Tue, 01 May 2012 21:57:33 +1000</pubDate><a10:link href="http://www.mapbutcher.com/" /><a10:rights type="text">Copyright 2011</a10:rights><a10:content type="text"></a10:content><a10:contributor><a10:name>mapbutcher@mapbutcher.com</a10:name></a10:contributor><georss:where><gml:point><gml:pos>34.4119946860001 -118.400917163</gml:pos></gml:point></georss:where></item><item><guid isPermaLink="false">37b19ed4-8dc6-44f3-9e77-cc2bae822b26</guid><a10:author><a10:name>Simon Hope</a10:name></a10:author><title /><description /><pubDate>Tue, 01 May 2012 21:57:33 +1000</pubDate><a10:link href="http://www.mapbutcher.com/" /><a10:rights type="text">Copyright 2011</a10:rights><a10:content type="text"></a10:content><a10:contributor><a10:name>mapbutcher@mapbutcher.com</a10:name></a10:contributor><georss:where><gml:point><gml:pos>36.6999320510001 -118.100921891</gml:pos></gml:point></georss:where></item><item><guid isPermaLink="false">036c55b5-0f0d-4d6b-a8c3-a90ea4502bab</guid><a10:author><a10:name>Simon Hope</a10:name></a10:author><title /><description /><pubDate>Tue, 01 May 2012 21:57:33 +1000</pubDate><a10:link href="http://www.mapbutcher.com/" /><a10:rights type="text">Copyright 2011</a10:rights><a10:content type="text"></a10:content><a10:contributor><a10:name>mapbutcher@mapbutcher.com</a10:name></a10:contributor><georss:where><gml:point><gml:pos>32.7330587530001 -115.500831829</gml:pos></gml:point></georss:where></item><item><guid isPermaLink="false">7cdf7e14-363e-48ad-a3ed-0ec0f5b6b3d7</guid><a10:author><a10:name>Simon Hope</a10:name></a10:author><title /><description /><pubDate>Tue, 01 May 2012 21:57:33 +1000</pubDate><a10:link href="http://www.mapbutcher.com/" /><a10:rights type="text">Copyright 2011</a10:rights><a10:content type="text"></a10:content><a10:contributor><a10:name>mapbutcher@mapbutcher.com</a10:name></a10:contributor><georss:where><gml:point><gml:pos>35.6999666950001 -120.300987492</gml:pos></gml:point></georss:where></item><item><guid isPermaLink="false">133ba3d4-b5fe-4a11-9dfa-e898c71a1198</guid><a10:author><a10:name>Simon Hope</a10:name></a10:author><title /><description /><pubDate>Tue, 01 May 2012 21:57:33 +1000</pubDate><a10:link href="http://www.mapbutcher.com/" /><a10:rights type="text">Copyright 2011</a10:rights><a10:content type="text"></a10:content><a10:contributor><a10:name>mapbutcher@mapbutcher.com</a10:name></a10:contributor><georss:where><gml:point><gml:pos>37.6999318690001 -122.101074195</gml:pos></gml:point></georss:where></item><item><guid isPermaLink="false">b1b873fc-cadd-4b8b-aedd-f62ada8b5f68</guid><a10:author><a10:name>Simon Hope</a10:name></a10:author><title /><description /><pubDate>Tue, 01 May 2012 21:57:33 +1000</pubDate><a10:link href="http://www.mapbutcher.com/" /><a10:rights type="text">Copyright 2011</a10:rights><a10:content type="text"></a10:content><a10:contributor><a10:name>mapbutcher@mapbutcher.com</a10:name></a10:contributor><georss:where><gml:point><gml:pos>37.4999313220001 -118.500953943</gml:pos></gml:point></georss:where></item><item><guid isPermaLink="false">1ab379d5-e45a-425d-9070-223a02ab8035</guid><a10:author><a10:name>Simon Hope</a10:name></a10:author><title /><description /><pubDate>Tue, 01 May 2012 21:57:33 +1000</pubDate><a10:link href="http://www.mapbutcher.com/" /><a10:rights type="text">Copyright 2011</a10:rights><a10:content type="text"></a10:content><a10:contributor><a10:name>mapbutcher@mapbutcher.com</a10:name></a10:contributor><georss:where><gml:point><gml:pos>38.399910129 -122.001075966</gml:pos></gml:point></georss:where></item><item><guid isPermaLink="false">f10ed0d6-933e-4fcf-864e-8c553046fde7</guid><a10:author><a10:name>Simon Hope</a10:name></a10:author><title /><description /><pubDate>Tue, 01 May 2012 21:57:33 +1000</pubDate><a10:link href="http://www.mapbutcher.com/" /><a10:rights type="text">Copyright 2011</a10:rights><a10:content type="text"></a10:content><a10:contributor><a10:name>mapbutcher@mapbutcher.com</a10:name></a10:contributor><georss:where><gml:point><gml:pos>38.4999083590001 -121.901077152</gml:pos></gml:point></georss:where></item><item><guid isPermaLink="false">ef3b25d7-f02f-4b8a-bfc6-99fabe47f9e2</guid><a10:author><a10:name>Simon Hope</a10:name></a10:author><title /><description /><pubDate>Tue, 01 May 2012 21:57:33 +1000</pubDate><a10:link href="http://www.mapbutcher.com/" /><a10:rights type="text">Copyright 2011</a10:rights><a10:content type="text"></a10:content><a10:contributor><a10:name>mapbutcher@mapbutcher.com</a10:name></a10:contributor><georss:where><gml:point><gml:pos>33.8000184430001 -117.000861929</gml:pos></gml:point></georss:where></item><item><guid isPermaLink="false">9e9d4012-ecb1-411a-88a8-d9ccb5109fba</guid><a10:author><a10:name>Simon Hope</a10:name></a10:author><title /><description /><pubDate>Tue, 01 May 2012 21:57:33 +1000</pubDate><a10:link href="http://www.mapbutcher.com/" /><a10:rights type="text">Copyright 2011</a10:rights><a10:content type="text"></a10:content><a10:contributor><a10:name>mapbutcher@mapbutcher.com</a10:name></a10:contributor><georss:where><gml:point><gml:pos>33.750019035 -117.000854336</gml:pos></gml:point></georss:where></item><item><guid isPermaLink="false">5ccb2fb5-20de-4fa5-9921-40e8baa80687</guid><a10:author><a10:name>Simon Hope</a10:name></a10:author><title /><description /><pubDate>Tue, 01 May 2012 21:57:33 +1000</pubDate><a10:link href="http://www.mapbutcher.com/" /><a10:rights type="text">Copyright 2011</a10:rights><a10:content type="text"></a10:content><a10:contributor><a10:name>mapbutcher@mapbutcher.com</a10:name></a10:contributor><georss:where><gml:point><gml:pos>35.7499655180001 -120.250976404</gml:pos></gml:point></georss:where></item><item><guid isPermaLink="false">96aabd07-3ed0-4de1-a66c-2bbf569a5056</guid><a10:author><a10:name>Simon Hope</a10:name></a10:author><title /><description /><pubDate>Tue, 01 May 2012 21:57:33 +1000</pubDate><a10:link href="http://www.mapbutcher.com/" /><a10:rights type="text">Copyright 2011</a10:rights><a10:content type="text"></a10:content><a10:contributor><a10:name>mapbutcher@mapbutcher.com</a10:name></a10:contributor><georss:where><gml:point><gml:pos>34.2999990760001 -119.800971813</gml:pos></gml:point></georss:where></item><item><guid isPermaLink="false">485eec31-3d55-47d1-ba5f-f0acc85c8a58</guid><a10:author><a10:name>Simon Hope</a10:name></a10:author><title /><description /><pubDate>Tue, 01 May 2012 21:57:33 +1000</pubDate><a10:link href="http://www.mapbutcher.com/" /><a10:rights type="text">Copyright 2011</a10:rights><a10:content type="text"></a10:content><a10:contributor><a10:name>mapbutcher@mapbutcher.com</a10:name></a10:contributor><georss:where><gml:point><gml:pos>32.7660562230001 -115.483825804</gml:pos></gml:point></georss:where></item><item><guid isPermaLink="false">19133c05-88fc-44c5-b0a3-b33328556169</guid><a10:author><a10:name>Simon Hope</a10:name></a10:author><title /><description /><pubDate>Tue, 01 May 2012 21:57:33 +1000</pubDate><a10:link href="http://www.mapbutcher.com/" /><a10:rights type="text">Copyright 2011</a10:rights><a10:content type="text"></a10:content><a10:contributor><a10:name>mapbutcher@mapbutcher.com</a10:name></a10:contributor><georss:where><gml:point><gml:pos>37.0359498400001 -121.884071128</gml:pos></gml:point></georss:where></item><item><guid isPermaLink="false">e5624457-62f0-4372-af8f-13138c5fd0ac</guid><a10:author><a10:name>Simon Hope</a10:name></a10:author><title /><description /><pubDate>Tue, 01 May 2012 21:57:33 +1000</pubDate><a10:link href="http://www.mapbutcher.com/" /><a10:rights type="text">Copyright 2011</a10:rights><a10:content type="text"></a10:content><a10:contributor><a10:name>mapbutcher@mapbutcher.com</a10:name></a10:contributor><georss:where><gml:point><gml:pos>34.2010037430001 -116.436843667</gml:pos></gml:point></georss:where></item><item><guid isPermaLink="false">080ad16b-6653-4226-b276-204ac84eba35</guid><a10:author><a10:name>Simon Hope</a10:name></a10:author><title /><description /><pubDate>Tue, 01 May 2012 21:57:33 +1000</pubDate><a10:link href="http://www.mapbutcher.com/" /><a10:rights type="text">Copyright 2011</a10:rights><a10:content type="text"></a10:content><a10:contributor><a10:name>mapbutcher@mapbutcher.com</a10:name></a10:contributor><georss:where><gml:point><gml:pos>34.213005213 -118.537918026</gml:pos></gml:point></georss:where></item><item><guid isPermaLink="false">342cc1b3-0b05-4c01-806d-433c7d3679b5</guid><a10:author><a10:name>Simon Hope</a10:name></a10:author><title /><description /><pubDate>Tue, 01 May 2012 21:57:33 +1000</pubDate><a10:link href="http://www.mapbutcher.com/" /><a10:rights type="text">Copyright 2011</a10:rights><a10:content type="text"></a10:content><a10:contributor><a10:name>mapbutcher@mapbutcher.com</a10:name></a10:contributor><georss:where><gml:point><gml:pos>34.2010037430001 -116.436843667</gml:pos></gml:point></georss:where></item><item><guid isPermaLink="false">0dba1c52-cd6b-4171-8877-a3b91bb2e26e</guid><a10:author><a10:name>Simon Hope</a10:name></a10:author><title /><description /><pubDate>Tue, 01 May 2012 21:57:33 +1000</pubDate><a10:link href="http://www.mapbutcher.com/" /><a10:rights type="text">Copyright 2011</a10:rights><a10:content type="text"></a10:content><a10:contributor><a10:name>mapbutcher@mapbutcher.com</a10:name></a10:contributor><georss:where><gml:point><gml:pos>33.900016672 -117.80089566</gml:pos></gml:point></georss:where></item><item><guid isPermaLink="false">ca5cafae-6462-4faf-adb6-ecb1cf6f4c43</guid><a10:author><a10:name>Simon Hope</a10:name></a10:author><title /><description /><pubDate>Tue, 01 May 2012 21:57:33 +1000</pubDate><a10:link href="http://www.mapbutcher.com/" /><a10:rights type="text">Copyright 2011</a10:rights><a10:content type="text"></a10:content><a10:contributor><a10:name>mapbutcher@mapbutcher.com</a10:name></a10:contributor><georss:where><gml:point><gml:pos>37.7999265940001 -122.501083468</gml:pos></gml:point></georss:where></item><item><guid isPermaLink="false">8db36db9-f7db-4d27-b2cb-b6df98c58029</guid><a10:author><a10:name>Simon Hope</a10:name></a10:author><title /><description /><pubDate>Tue, 01 May 2012 21:57:33 +1000</pubDate><a10:link href="http://www.mapbutcher.com/" /><a10:rights type="text">Copyright 2011</a10:rights><a10:content type="text"></a10:content><a10:contributor><a10:name>mapbutcher@mapbutcher.com</a10:name></a10:contributor><georss:where><gml:point><gml:pos>34.36999918 -117.650893936</gml:pos></gml:point></georss:where></item><item><guid isPermaLink="false">6d432ebd-f911-47bd-be5b-2524f1050267</guid><a10:author><a10:name>Simon Hope</a10:name></a10:author><title /><description /><pubDate>Tue, 01 May 2012 21:57:33 +1000</pubDate><a10:link href="http://www.mapbutcher.com/" /><a10:rights type="text">Copyright 2011</a10:rights><a10:content type="text"></a10:content><a10:contributor><a10:name>mapbutcher@mapbutcher.com</a10:name></a10:contributor><georss:where><gml:point><gml:pos>34.2000008460001 -119.900970627</gml:pos></gml:point></georss:where></item><item><guid isPermaLink="false">cab214b8-6692-4051-ad98-a2d1e5890545</guid><a10:author><a10:name>Simon Hope</a10:name></a10:author><title /><description /><pubDate>Tue, 01 May 2012 21:57:33 +1000</pubDate><a10:link href="http://www.mapbutcher.com/" /><a10:rights type="text">Copyright 2011</a10:rights><a10:content type="text"></a10:content><a10:contributor><a10:name>mapbutcher@mapbutcher.com</a10:name></a10:contributor><georss:where><gml:point><gml:pos>37.7999265940001 -122.201072425</gml:pos></gml:point></georss:where></item><item><guid isPermaLink="false">f70c2bf9-c84c-4c1f-ac85-f4a5769543c5</guid><a10:author><a10:name>Simon Hope</a10:name></a10:author><title /><description /><pubDate>Tue, 01 May 2012 21:57:33 +1000</pubDate><a10:link href="http://www.mapbutcher.com/" /><a10:rights type="text">Copyright 2011</a10:rights><a10:content type="text"></a10:content><a10:contributor><a10:name>mapbutcher@mapbutcher.com</a10:name></a10:contributor><georss:where><gml:point><gml:pos>37.5999336400001 -122.401084654</gml:pos></gml:point></georss:where></item><item><guid isPermaLink="false">6825db74-1f41-4e3e-9e82-56ebe4257d49</guid><a10:author><a10:name>Simon Hope</a10:name></a10:author><title /><description /><pubDate>Tue, 01 May 2012 21:57:33 +1000</pubDate><a10:link href="http://www.mapbutcher.com/" /><a10:rights type="text">Copyright 2011</a10:rights><a10:content type="text"></a10:content><a10:contributor><a10:name>mapbutcher@mapbutcher.com</a10:name></a10:contributor><georss:where><gml:point><gml:pos>34.100006122 -118.100898527</gml:pos></gml:point></georss:where></item></channel></rss>
]]></text>
                              </contents>
                            </body>
                          </stream>
                        </streams>
                        <attachments />
                      </testLog>
                    </testStepRun>
                  </children>
                  <result assertCount="5" duration="12.3516041">
                    <outcome status="passed" />
                  </result>
                  <testLog>
                    <streams />
                    <attachments />
                  </testLog>
                </testStepRun>
                <testStepRun startTime="2012-05-01T21:57:33.4647456+10:00" endTime="2012-05-01T21:57:40.48484+10:00">
                  <testStep id="1f3e20620360b96f" name="ExportLayerResourceRequest" fullName="GPX.Server.Extension.Tests/MockServerTest/ExportLayerResourceRequest" testId="f502cd2677cbc474" isPrimary="true" isTestCase="false" isDynamic="false">
                    <codeReference assembly="GPX.Server.Extension.Tests, Version=1.0.0.0, Culture=neutral, PublicKeyToken=null" namespace="GPX.Server.Extension.Tests" type="GPX.Server.Extension.Tests.MockServerTest" member="ExportLayerResourceRequest" />
                    <codeLocation path="C:\Git\arcgis-exporter-extension\GPX.Server.Extension.Tests\MockServerTest.cs" line="54" />
                    <metadata>
                      <entry key="TestKind">
                        <value>Test</value>
                      </entry>
                    </metadata>
                  </testStep>
                  <children>
                    <testStepRun startTime="2012-05-01T21:57:33.4647456+10:00" endTime="2012-05-01T21:57:37.9612112+10:00">
                      <testStep id="f3a73dc8a82a928b" name="ExportLayerResourceRequest(&quot;&quot;, &quot;ExportLayers/12&quot;, &quot;&quot;, &quot;&quot;, &quot;json&quot;, &quot;{}&quot;, 0)" fullName="GPX.Server.Extension.Tests/MockServerTest/ExportLayerResourceRequest/ExportLayerResourceRequest(&quot;&quot;, &quot;ExportLayers/12&quot;, &quot;&quot;, &quot;&quot;, &quot;json&quot;, &quot;{}&quot;, 0)" testId="f502cd2677cbc474" isPrimary="false" isTestCase="true" isDynamic="false">
                        <codeReference assembly="GPX.Server.Extension.Tests, Version=1.0.0.0, Culture=neutral, PublicKeyToken=null" namespace="GPX.Server.Extension.Tests" type="GPX.Server.Extension.Tests.MockServerTest" member="ExportLayerResourceRequest" />
                        <codeLocation path="C:\Git\arcgis-exporter-extension\GPX.Server.Extension.Tests\MockServerTest.cs" line="54" />
                        <metadata>
                          <entry key="TestKind">
                            <value>Test</value>
                          </entry>
                          <entry key="Description">
                            <value>Invalid Export Layer Resource</value>
                          </entry>
                        </metadata>
                      </testStep>
                      <children />
                      <result assertCount="1" duration="4.4974042">
                        <outcome status="passed" />
                      </result>
                      <testLog>
                        <streams />
                        <attachments />
                      </testLog>
                    </testStepRun>
                    <testStepRun startTime="2012-05-01T21:57:37.9612112+10:00" endTime="2012-05-01T21:57:40.48484+10:00">
                      <testStep id="7dfff0a425ec4ca3" name="ExportLayerResourceRequest(&quot;&quot;, &quot;ExportLayers/2&quot;, &quot;&quot;, &quot;&quot;, &quot;json&quot;, &quot;{}&quot;, 1)" fullName="GPX.Server.Extension.Tests/MockServerTest/ExportLayerResourceRequest/ExportLayerResourceRequest(&quot;&quot;, &quot;ExportLayers/2&quot;, &quot;&quot;, &quot;&quot;, &quot;json&quot;, &quot;{}&quot;, 1)" testId="f502cd2677cbc474" isPrimary="false" isTestCase="true" isDynamic="false">
                        <codeReference assembly="GPX.Server.Extension.Tests, Version=1.0.0.0, Culture=neutral, PublicKeyToken=null" namespace="GPX.Server.Extension.Tests" type="GPX.Server.Extension.Tests.MockServerTest" member="ExportLayerResourceRequest" />
                        <codeLocation path="C:\Git\arcgis-exporter-extension\GPX.Server.Extension.Tests\MockServerTest.cs" line="54" />
                        <metadata>
                          <entry key="TestKind">
                            <value>Test</value>
                          </entry>
                          <entry key="Description">
                            <value>Valid Export Layer Resource</value>
                          </entry>
                        </metadata>
                      </testStep>
                      <children />
                      <result assertCount="1" duration="2.5098401999999997">
                        <outcome status="passed" />
                      </result>
                      <testLog>
                        <streams />
                        <attachments />
                      </testLog>
                    </testStepRun>
                  </children>
                  <result assertCount="2" duration="7.0096934">
                    <outcome status="passed" />
                  </result>
                  <testLog>
                    <streams />
                    <attachments />
                  </testLog>
                </testStepRun>
              </children>
              <result assertCount="13" duration="33.1333015">
                <outcome status="passed" />
              </result>
              <testLog>
                <streams />
                <attachments />
              </testLog>
            </testStepRun>
          </children>
          <result assertCount="13" duration="33.1569305">
            <outcome status="passed" />
          </result>
          <testLog>
            <streams />
            <attachments />
          </testLog>
        </testStepRun>
      </children>
      <result assertCount="13" duration="38.834589799999996">
        <outcome status="passed" />
      </result>
      <testLog>
        <streams />
        <attachments />
      </testLog>
    </testStepRun>
    <statistics assertCount="13" duration="38.834658" runCount="14" passedCount="14" failedCount="0" inconclusiveCount="0" skippedCount="0" testCount="14" stepCount="21">
      <outcomeSummaries>
        <outcomeSummary count="14">
          <outcome status="passed" />
        </outcomeSummary>
      </outcomeSummaries>
    </statistics>
  </testPackageRun>
  <logEntries>
    <logEntry severity="info" message="Host started at 5/1/2012 9:57:05 PM." />
    <logEntry severity="info" message="Running under CLR v2.0.50727 runtime." />
    <logEntry severity="debug" message="Listening for connections on IPC port: 'IsolatedProcessHost.18c012340c5815f8'" />
    <logEntry severity="debug" message="Disabled plugin 'Gallio40': The plugin enable condition was not satisfied.  Please note that this is the intended behavior for plugins that must be hosted inside third party applications in order to work.  Enable condition: '${minFramework:NET40}'." />
    <logEntry severity="debug" message="Disabled plugin 'Gallio.VisualStudio.Shell100': The plugin enable condition was not satisfied.  Please note that this is the intended behavior for plugins that must be hosted inside third party applications in order to work.  Enable condition: '${process:DEVENV.EXE_V10.0} or ${process:VSTESTHOST.EXE_V10.0} or ${process:QTAGENT.EXE_V10.0} or ${process:QTAGENT32.EXE_V10.0} or ${process:QTDCAGENT.EXE_V10.0} or ${process:QTDCAGENT32.EXE_V10.0} or ${process:MSTEST.EXE_V10.0} or ${framework:NET40}'." />
    <logEntry severity="debug" message="Disabled plugin 'MbUnit40': The plugin depends on another disabled plugin: 'Gallio40'." />
    <logEntry severity="debug" message="Disabled plugin 'Gallio.VisualStudio.Tip100': The plugin depends on another disabled plugin: 'Gallio.VisualStudio.Shell100'." />
    <logEntry severity="info" message="Host stopped at 5/1/2012 9:57:43 PM." />
    <logEntry severity="info" message="Host process exited with code: 0" />
  </logEntries>
</report>